main start at this time 1691463839.6270685
ogbn-arxiv
# Nodes: 169343
# Edges: 2315598
# Train: 90941
# Val: 29799
# Test: 48603
# Classes: 40

in feats:  128
connection checking time:  4.04489541053772
block generation total time  3.568972110748291
pure train time  5.18689751625061
-----------------------------------------after optimizer zero grad
 Nvidia-smi: 11.484375 GB
    Memory Allocated: 0.21408557891845703  GigaBytes
Max Memory Allocated: 7.948561668395996  GigaBytes

----------------------------------------------------------pseudo_mini_loss sum 3.7760403156280518
connection checking time:  4.108830451965332
block generation total time  3.658773422241211
pure train time  4.807358980178833
-----------------------------------------after optimizer zero grad
 Nvidia-smi: 11.54296875 GB
    Memory Allocated: 0.21304702758789062  GigaBytes
Max Memory Allocated: 7.948561668395996  GigaBytes

----------------------------------------------------------pseudo_mini_loss sum 3.190622091293335
connection checking time:  4.118500471115112
block generation total time  3.6998918056488037
pure train time  4.782282590866089
-----------------------------------------after optimizer zero grad
 Nvidia-smi: 11.587890625 GB
    Memory Allocated: 0.21315622329711914  GigaBytes
Max Memory Allocated: 7.985888957977295  GigaBytes

----------------------------------------------------------pseudo_mini_loss sum 3.610630512237549
loading full batch data spends  0.07387328147888184
connection checking time:  4.210839033126831
block generation total time  3.6718711853027344
generate_dataloader_block spend   9.643795490264893
pure train time  4.780378341674805
-----------------------------------------after optimizer zero grad
 Nvidia-smi: 11.587890625 GB
    Memory Allocated: 0.2126021385192871  GigaBytes
Max Memory Allocated: 7.98983097076416  GigaBytes

----------------------------------------------------------pseudo_mini_loss sum 3.082165241241455
loading full batch data spends  0.08246207237243652
connection checking time:  4.14653205871582
block generation total time  3.6502254009246826
generate_dataloader_block spend   9.50720477104187
pure train time  4.790157318115234
-----------------------------------------after optimizer zero grad
 Nvidia-smi: 11.587890625 GB
    Memory Allocated: 0.21371173858642578  GigaBytes
Max Memory Allocated: 7.98983097076416  GigaBytes

----------------------------------------------------------pseudo_mini_loss sum 3.0678043365478516
loading full batch data spends  0.07676291465759277
connection checking time:  4.130264043807983
block generation total time  3.6412055492401123
generate_dataloader_block spend   9.607913494110107
pure train time  4.781341791152954
-----------------------------------------after optimizer zero grad
 Nvidia-smi: 11.587890625 GB
    Memory Allocated: 0.21271038055419922  GigaBytes
Max Memory Allocated: 7.98983097076416  GigaBytes

----------------------------------------------------------pseudo_mini_loss sum 3.0676541328430176
loading full batch data spends  0.07502341270446777
connection checking time:  4.162271499633789
block generation total time  3.6525721549987793
generate_dataloader_block spend   9.638918161392212
pure train time  4.783226728439331
-----------------------------------------after optimizer zero grad
 Nvidia-smi: 11.587890625 GB
    Memory Allocated: 0.21456575393676758  GigaBytes
Max Memory Allocated: 7.98983097076416  GigaBytes

----------------------------------------------------------pseudo_mini_loss sum 3.029402732849121
loading full batch data spends  0.07602715492248535
connection checking time:  4.097065687179565
block generation total time  3.660245418548584
generate_dataloader_block spend   9.45541000366211
pure train time  4.793636322021484
-----------------------------------------after optimizer zero grad
 Nvidia-smi: 11.642578125 GB
    Memory Allocated: 0.21337604522705078  GigaBytes
Max Memory Allocated: 8.01324987411499  GigaBytes

----------------------------------------------------------pseudo_mini_loss sum 2.960763692855835
loading full batch data spends  0.07410812377929688
connection checking time:  4.142069578170776
block generation total time  3.6537981033325195
generate_dataloader_block spend   9.49965786933899
pure train time  4.813644886016846
-----------------------------------------after optimizer zero grad
 Nvidia-smi: 11.642578125 GB
    Memory Allocated: 0.21293306350708008  GigaBytes
Max Memory Allocated: 8.01324987411499  GigaBytes

----------------------------------------------------------pseudo_mini_loss sum 2.8690202236175537
loading full batch data spends  0.08273577690124512
connection checking time:  4.029233694076538
block generation total time  3.627314567565918
generate_dataloader_block spend   9.435329914093018
pure train time  4.773095369338989
-----------------------------------------after optimizer zero grad
 Nvidia-smi: 11.642578125 GB
    Memory Allocated: 0.21354198455810547  GigaBytes
Max Memory Allocated: 8.01324987411499  GigaBytes

----------------------------------------------------------pseudo_mini_loss sum 2.769152879714966
Total (block generation + training)time/epoch 15.533638851983207
pure train time/epoch 4.789183735847473

mean number of num_input_list  1228935.3
