main start at this time 1691464355.2601163
ogbn-arxiv
# Nodes: 169343
# Edges: 2315598
# Train: 90941
# Val: 29799
# Test: 48603
# Classes: 40

in feats:  128
connection checking time:  5.654343843460083
block generation total time  4.762191295623779
pure train time  8.150543451309204
-----------------------------------------after optimizer zero grad
 Nvidia-smi: 5.517578125 GB
    Memory Allocated: 0.1889514923095703  GigaBytes
Max Memory Allocated: 3.168710708618164  GigaBytes

----------------------------------------------------------pseudo_mini_loss sum 3.776110887527466
connection checking time:  5.533623933792114
block generation total time  4.757994890213013
pure train time  7.719564437866211
-----------------------------------------after optimizer zero grad
 Nvidia-smi: 5.517578125 GB
    Memory Allocated: 0.18826723098754883  GigaBytes
Max Memory Allocated: 3.168710708618164  GigaBytes

----------------------------------------------------------pseudo_mini_loss sum 3.1896140575408936
connection checking time:  5.849145412445068
block generation total time  4.836346387863159
pure train time  7.716131687164307
-----------------------------------------after optimizer zero grad
 Nvidia-smi: 5.529296875 GB
    Memory Allocated: 0.18850278854370117  GigaBytes
Max Memory Allocated: 3.2174816131591797  GigaBytes

----------------------------------------------------------pseudo_mini_loss sum 3.602212429046631
loading full batch data spends  0.11794304847717285
connection checking time:  5.767505645751953
block generation total time  4.809236764907837
generate_dataloader_block spend   12.533607244491577
pure train time  7.722592115402222
-----------------------------------------after optimizer zero grad
 Nvidia-smi: 5.529296875 GB
    Memory Allocated: 0.18773889541625977  GigaBytes
Max Memory Allocated: 3.247314929962158  GigaBytes

----------------------------------------------------------pseudo_mini_loss sum 3.0805256366729736
loading full batch data spends  0.12061333656311035
connection checking time:  5.940397500991821
block generation total time  4.914365768432617
generate_dataloader_block spend   12.328929901123047
pure train time  7.739057779312134
-----------------------------------------after optimizer zero grad
 Nvidia-smi: 5.5390625 GB
    Memory Allocated: 0.18836498260498047  GigaBytes
Max Memory Allocated: 3.247314929962158  GigaBytes

----------------------------------------------------------pseudo_mini_loss sum 3.0666093826293945
loading full batch data spends  0.12481880187988281
connection checking time:  5.717068672180176
block generation total time  4.778793811798096
generate_dataloader_block spend   12.159070014953613
pure train time  7.746088027954102
-----------------------------------------after optimizer zero grad
 Nvidia-smi: 5.5390625 GB
    Memory Allocated: 0.18914794921875  GigaBytes
Max Memory Allocated: 3.248508930206299  GigaBytes

----------------------------------------------------------pseudo_mini_loss sum 3.067322254180908
loading full batch data spends  0.11825919151306152
connection checking time:  5.829584121704102
block generation total time  4.813784599304199
generate_dataloader_block spend   12.620792865753174
pure train time  7.691520929336548
-----------------------------------------after optimizer zero grad
 Nvidia-smi: 5.5390625 GB
    Memory Allocated: 0.18909072875976562  GigaBytes
Max Memory Allocated: 3.248508930206299  GigaBytes

----------------------------------------------------------pseudo_mini_loss sum 3.029296636581421
loading full batch data spends  0.11726999282836914
connection checking time:  5.773446083068848
block generation total time  4.805573225021362
generate_dataloader_block spend   12.555137634277344
pure train time  7.718000650405884
-----------------------------------------after optimizer zero grad
 Nvidia-smi: 5.5390625 GB
    Memory Allocated: 0.18811416625976562  GigaBytes
Max Memory Allocated: 3.248508930206299  GigaBytes

----------------------------------------------------------pseudo_mini_loss sum 2.959346294403076
loading full batch data spends  0.1190497875213623
connection checking time:  5.730255126953125
block generation total time  4.791421890258789
generate_dataloader_block spend   12.090892553329468
pure train time  7.734621524810791
-----------------------------------------after optimizer zero grad
 Nvidia-smi: 5.5390625 GB
    Memory Allocated: 0.18872642517089844  GigaBytes
Max Memory Allocated: 3.248508930206299  GigaBytes

----------------------------------------------------------pseudo_mini_loss sum 2.8684396743774414
loading full batch data spends  0.11832189559936523
connection checking time:  4.818992853164673
block generation total time  4.912660598754883
generate_dataloader_block spend   11.736083984375
pure train time  7.740518569946289
-----------------------------------------after optimizer zero grad
 Nvidia-smi: 5.5390625 GB
    Memory Allocated: 0.1884140968322754  GigaBytes
Max Memory Allocated: 3.248508930206299  GigaBytes

----------------------------------------------------------pseudo_mini_loss sum 2.767860174179077
Total (block generation + training)time/epoch 21.822333472115652
pure train time/epoch 7.7283012469609575

mean number of num_input_list  2257976.8
