main start at this time 1691463222.091385
ogbn-arxiv
# Nodes: 169343
# Edges: 2315598
# Train: 90941
# Val: 29799
# Test: 48603
# Classes: 40

in feats:  128
connection checking time:  3.3222153186798096
block generation total time  3.027374029159546
pure train time  4.541169881820679
-----------------------------------------after optimizer zero grad
 Nvidia-smi: 17.626953125 GB
    Memory Allocated: 0.2217273712158203  GigaBytes
Max Memory Allocated: 11.584482192993164  GigaBytes

----------------------------------------------------------pseudo_mini_loss sum 3.7763381004333496
connection checking time:  3.292645215988159
block generation total time  3.047680139541626
pure train time  4.141284227371216
-----------------------------------------after optimizer zero grad
 Nvidia-smi: 17.6328125 GB
    Memory Allocated: 0.22188615798950195  GigaBytes
Max Memory Allocated: 11.584482192993164  GigaBytes

----------------------------------------------------------pseudo_mini_loss sum 3.1926522254943848
connection checking time:  2.8389177322387695
block generation total time  3.1171562671661377
pure train time  4.146207094192505
-----------------------------------------after optimizer zero grad
 Nvidia-smi: 17.6328125 GB
    Memory Allocated: 0.2217564582824707  GigaBytes
Max Memory Allocated: 11.584482192993164  GigaBytes

----------------------------------------------------------pseudo_mini_loss sum 3.6072282791137695
loading full batch data spends  0.06827330589294434
connection checking time:  3.3264949321746826
block generation total time  3.028785467147827
generate_dataloader_block spend   8.208462238311768
pure train time  4.141887664794922
-----------------------------------------after optimizer zero grad
 Nvidia-smi: 17.6328125 GB
    Memory Allocated: 0.2220916748046875  GigaBytes
Max Memory Allocated: 11.596326351165771  GigaBytes

----------------------------------------------------------pseudo_mini_loss sum 3.081836223602295
loading full batch data spends  0.07052731513977051
connection checking time:  3.3567235469818115
block generation total time  3.038257598876953
generate_dataloader_block spend   8.251150608062744
pure train time  4.158434867858887
-----------------------------------------after optimizer zero grad
 Nvidia-smi: 17.6328125 GB
    Memory Allocated: 0.22205352783203125  GigaBytes
Max Memory Allocated: 11.623612880706787  GigaBytes

----------------------------------------------------------pseudo_mini_loss sum 3.0679306983947754
loading full batch data spends  0.06571650505065918
connection checking time:  3.3177285194396973
block generation total time  3.0969913005828857
generate_dataloader_block spend   8.23160457611084
pure train time  4.146942377090454
-----------------------------------------after optimizer zero grad
 Nvidia-smi: 17.6328125 GB
    Memory Allocated: 0.22185373306274414  GigaBytes
Max Memory Allocated: 11.623612880706787  GigaBytes

----------------------------------------------------------pseudo_mini_loss sum 3.0676333904266357
loading full batch data spends  0.06225848197937012
connection checking time:  3.245457649230957
block generation total time  2.973353862762451
generate_dataloader_block spend   8.048399209976196
pure train time  4.167942762374878
-----------------------------------------after optimizer zero grad
 Nvidia-smi: 17.6328125 GB
    Memory Allocated: 0.22211742401123047  GigaBytes
Max Memory Allocated: 11.623612880706787  GigaBytes

----------------------------------------------------------pseudo_mini_loss sum 3.0309650897979736
loading full batch data spends  0.06792426109313965
connection checking time:  1.839850902557373
block generation total time  1.600839614868164
generate_dataloader_block spend   4.695113182067871
pure train time  4.147901773452759
-----------------------------------------after optimizer zero grad
 Nvidia-smi: 17.6328125 GB
    Memory Allocated: 0.22195720672607422  GigaBytes
Max Memory Allocated: 11.623612880706787  GigaBytes

----------------------------------------------------------pseudo_mini_loss sum 2.960024833679199
loading full batch data spends  0.06554150581359863
connection checking time:  1.836733102798462
block generation total time  1.5963284969329834
generate_dataloader_block spend   4.755014419555664
pure train time  4.1432719230651855
-----------------------------------------after optimizer zero grad
 Nvidia-smi: 17.6328125 GB
    Memory Allocated: 0.22160816192626953  GigaBytes
Max Memory Allocated: 11.623612880706787  GigaBytes

----------------------------------------------------------pseudo_mini_loss sum 2.8694257736206055
loading full batch data spends  0.05672931671142578
connection checking time:  3.2765307426452637
block generation total time  3.0693562030792236
generate_dataloader_block spend   8.157501697540283
pure train time  4.158155679702759
-----------------------------------------after optimizer zero grad
 Nvidia-smi: 17.66796875 GB
    Memory Allocated: 0.22180414199829102  GigaBytes
Max Memory Allocated: 11.623612880706787  GigaBytes

----------------------------------------------------------pseudo_mini_loss sum 2.768892288208008
Total (block generation + training)time/epoch 12.374156032289777
pure train time/epoch 4.153774897257487

mean number of num_input_list  891283.9
