main start at this time 1691463361.1761045
ogbn-arxiv
# Nodes: 169343
# Edges: 2315598
# Train: 90941
# Val: 29799
# Test: 48603
# Classes: 40

in feats:  128
connection checking time:  3.5338549613952637
block generation total time  3.242352247238159
pure train time  4.751999855041504
-----------------------------------------after optimizer zero grad
 Nvidia-smi: 15.86328125 GB
    Memory Allocated: 0.22027587890625  GigaBytes
Max Memory Allocated: 10.408271789550781  GigaBytes

----------------------------------------------------------pseudo_mini_loss sum 3.775132894515991
connection checking time:  3.4772307872772217
block generation total time  3.2278828620910645
pure train time  4.331390380859375
-----------------------------------------after optimizer zero grad
 Nvidia-smi: 15.876953125 GB
    Memory Allocated: 0.22013235092163086  GigaBytes
Max Memory Allocated: 10.408271789550781  GigaBytes

----------------------------------------------------------pseudo_mini_loss sum 3.1920111179351807
connection checking time:  3.576958179473877
block generation total time  3.264012098312378
pure train time  4.292114734649658
-----------------------------------------after optimizer zero grad
 Nvidia-smi: 15.876953125 GB
    Memory Allocated: 0.2200641632080078  GigaBytes
Max Memory Allocated: 10.441649913787842  GigaBytes

----------------------------------------------------------pseudo_mini_loss sum 3.607865571975708
loading full batch data spends  0.06940317153930664
connection checking time:  3.548694610595703
block generation total time  3.3493857383728027
generate_dataloader_block spend   8.748450517654419
pure train time  4.309823274612427
-----------------------------------------after optimizer zero grad
 Nvidia-smi: 15.876953125 GB
    Memory Allocated: 0.22058916091918945  GigaBytes
Max Memory Allocated: 10.441649913787842  GigaBytes

----------------------------------------------------------pseudo_mini_loss sum 3.080427646636963
loading full batch data spends  0.048453569412231445
connection checking time:  3.5433483123779297
block generation total time  3.238579034805298
generate_dataloader_block spend   8.619730949401855
pure train time  4.312387466430664
-----------------------------------------after optimizer zero grad
 Nvidia-smi: 15.89453125 GB
    Memory Allocated: 0.22007513046264648  GigaBytes
Max Memory Allocated: 10.441649913787842  GigaBytes

----------------------------------------------------------pseudo_mini_loss sum 3.067126989364624
loading full batch data spends  0.0765841007232666
connection checking time:  3.536008834838867
block generation total time  3.222874879837036
generate_dataloader_block spend   8.612301111221313
pure train time  4.322598695755005
-----------------------------------------after optimizer zero grad
 Nvidia-smi: 15.94140625 GB
    Memory Allocated: 0.2201390266418457  GigaBytes
Max Memory Allocated: 10.441649913787842  GigaBytes

----------------------------------------------------------pseudo_mini_loss sum 3.068920135498047
loading full batch data spends  0.06961584091186523
connection checking time:  3.5764081478118896
block generation total time  3.254077434539795
generate_dataloader_block spend   8.691789865493774
pure train time  4.317564964294434
-----------------------------------------after optimizer zero grad
 Nvidia-smi: 15.94140625 GB
    Memory Allocated: 0.22032690048217773  GigaBytes
Max Memory Allocated: 10.441649913787842  GigaBytes

----------------------------------------------------------pseudo_mini_loss sum 3.0290024280548096
loading full batch data spends  0.059653282165527344
connection checking time:  3.5601611137390137
block generation total time  3.273024082183838
generate_dataloader_block spend   8.67200756072998
pure train time  4.3210179805755615
-----------------------------------------after optimizer zero grad
 Nvidia-smi: 15.94140625 GB
    Memory Allocated: 0.22044801712036133  GigaBytes
Max Memory Allocated: 10.441649913787842  GigaBytes

----------------------------------------------------------pseudo_mini_loss sum 2.9598500728607178
loading full batch data spends  0.06386280059814453
connection checking time:  3.523247003555298
block generation total time  3.234280586242676
generate_dataloader_block spend   8.634462356567383
pure train time  4.334043264389038
-----------------------------------------after optimizer zero grad
 Nvidia-smi: 15.94140625 GB
    Memory Allocated: 0.22008562088012695  GigaBytes
Max Memory Allocated: 10.441649913787842  GigaBytes

----------------------------------------------------------pseudo_mini_loss sum 2.8698174953460693
loading full batch data spends  0.05039334297180176
connection checking time:  3.5054898262023926
block generation total time  3.2362895011901855
generate_dataloader_block spend   8.561931133270264
pure train time  4.337778091430664
-----------------------------------------after optimizer zero grad
 Nvidia-smi: 15.94140625 GB
    Memory Allocated: 0.22009515762329102  GigaBytes
Max Memory Allocated: 10.441649913787842  GigaBytes

----------------------------------------------------------pseudo_mini_loss sum 2.7678747177124023
Total (block generation + training)time/epoch 14.028183664594378
pure train time/epoch 4.324231743812561

mean number of num_input_list  983725.8
