main start at this time 1690330050.4590251
ogbn-arxiv
# Nodes: 169343
# Edges: 2315598
# Train: 90941
# Val: 29799
# Test: 48603
# Classes: 40

in feats:  128
connection checking time:  0
block generation total time  0
step  0
----------------------------------------after batch_pred = model(blocks, batch_inputs)
 Nvidia-smi: 17.365234375 GB
    Memory Allocated: 15.684294700622559  GigaBytes
Max Memory Allocated: 15.782637119293213  GigaBytes

----------------------------------------after loss function
 Nvidia-smi: 17.365234375 GB
    Memory Allocated: 15.697847366333008  GigaBytes
Max Memory Allocated: 15.782637119293213  GigaBytes

pure train time  1.4838788509368896
-----------------------------------------after optimizer zero grad
 Nvidia-smi: 18.251953125 GB
    Memory Allocated: 0.2063894271850586  GigaBytes
Max Memory Allocated: 15.782637119293213  GigaBytes

----------------------------------------------------------pseudo_mini_loss sum 4.103662490844727
connection checking time:  0
block generation total time  0
step  0
----------------------------------------after batch_pred = model(blocks, batch_inputs)
 Nvidia-smi: 18.255859375 GB
    Memory Allocated: 15.671213150024414  GigaBytes
Max Memory Allocated: 15.877948760986328  GigaBytes

----------------------------------------after loss function
 Nvidia-smi: 18.255859375 GB
    Memory Allocated: 15.684765815734863  GigaBytes
Max Memory Allocated: 15.877948760986328  GigaBytes

pure train time  0.7441935539245605
-----------------------------------------after optimizer zero grad
 Nvidia-smi: 18.255859375 GB
    Memory Allocated: 0.20783233642578125  GigaBytes
Max Memory Allocated: 15.877948760986328  GigaBytes

----------------------------------------------------------pseudo_mini_loss sum 3.9115216732025146
connection checking time:  0
block generation total time  0
step  0
----------------------------------------after batch_pred = model(blocks, batch_inputs)
 Nvidia-smi: 18.255859375 GB
    Memory Allocated: 15.67376184463501  GigaBytes
Max Memory Allocated: 15.880760192871094  GigaBytes

----------------------------------------after loss function
 Nvidia-smi: 18.255859375 GB
    Memory Allocated: 15.687314510345459  GigaBytes
Max Memory Allocated: 15.880760192871094  GigaBytes

pure train time  0.763979434967041
-----------------------------------------after optimizer zero grad
 Nvidia-smi: 18.255859375 GB
    Memory Allocated: 0.21001577377319336  GigaBytes
Max Memory Allocated: 15.880760192871094  GigaBytes

----------------------------------------------------------pseudo_mini_loss sum 3.792236089706421
loading full batch data spends  0.15243864059448242
connection checking time:  0
block generation total time  0
generate_dataloader_block spend   0.00013780593872070312
step  0
----------------------------------------after batch_pred = model(blocks, batch_inputs)
 Nvidia-smi: 18.255859375 GB
    Memory Allocated: 15.677137851715088  GigaBytes
Max Memory Allocated: 15.887250900268555  GigaBytes

----------------------------------------after loss function
 Nvidia-smi: 18.255859375 GB
    Memory Allocated: 15.690690517425537  GigaBytes
Max Memory Allocated: 15.887250900268555  GigaBytes

pure train time  0.7487154006958008
-----------------------------------------after optimizer zero grad
 Nvidia-smi: 18.255859375 GB
    Memory Allocated: 0.21098089218139648  GigaBytes
Max Memory Allocated: 15.887250900268555  GigaBytes

----------------------------------------------------------pseudo_mini_loss sum 3.731616973876953
loading full batch data spends  0.12502574920654297
connection checking time:  0
block generation total time  0
generate_dataloader_block spend   0.00010609626770019531
step  0
----------------------------------------after batch_pred = model(blocks, batch_inputs)
 Nvidia-smi: 18.255859375 GB
    Memory Allocated: 15.675132751464844  GigaBytes
Max Memory Allocated: 15.887250900268555  GigaBytes

----------------------------------------after loss function
 Nvidia-smi: 18.255859375 GB
    Memory Allocated: 15.688685417175293  GigaBytes
Max Memory Allocated: 15.887250900268555  GigaBytes

pure train time  0.756859302520752
-----------------------------------------after optimizer zero grad
 Nvidia-smi: 18.255859375 GB
    Memory Allocated: 0.20818138122558594  GigaBytes
Max Memory Allocated: 15.887250900268555  GigaBytes

----------------------------------------------------------pseudo_mini_loss sum 3.6902377605438232
loading full batch data spends  0.0872030258178711
connection checking time:  0
block generation total time  0
generate_dataloader_block spend   0.00010585784912109375
step  0
----------------------------------------after batch_pred = model(blocks, batch_inputs)
 Nvidia-smi: 18.255859375 GB
    Memory Allocated: 15.674224853515625  GigaBytes
Max Memory Allocated: 15.887250900268555  GigaBytes

----------------------------------------after loss function
 Nvidia-smi: 18.255859375 GB
    Memory Allocated: 15.687777519226074  GigaBytes
Max Memory Allocated: 15.887250900268555  GigaBytes

pure train time  0.8255701065063477
-----------------------------------------after optimizer zero grad
 Nvidia-smi: 18.255859375 GB
    Memory Allocated: 0.20813226699829102  GigaBytes
Max Memory Allocated: 15.887250900268555  GigaBytes

----------------------------------------------------------pseudo_mini_loss sum 3.6702921390533447
loading full batch data spends  0.08718156814575195
connection checking time:  0
block generation total time  0
generate_dataloader_block spend   0.00012493133544921875
step  0
----------------------------------------after batch_pred = model(blocks, batch_inputs)
 Nvidia-smi: 18.255859375 GB
    Memory Allocated: 15.672234058380127  GigaBytes
Max Memory Allocated: 15.887250900268555  GigaBytes

----------------------------------------after loss function
 Nvidia-smi: 18.255859375 GB
    Memory Allocated: 15.685786724090576  GigaBytes
Max Memory Allocated: 15.887250900268555  GigaBytes

pure train time  0.7309834957122803
-----------------------------------------after optimizer zero grad
 Nvidia-smi: 18.255859375 GB
    Memory Allocated: 0.21005773544311523  GigaBytes
Max Memory Allocated: 15.887250900268555  GigaBytes

----------------------------------------------------------pseudo_mini_loss sum 3.6550092697143555
loading full batch data spends  0.08716058731079102
connection checking time:  0
block generation total time  0
generate_dataloader_block spend   9.751319885253906e-05
step  0
----------------------------------------after batch_pred = model(blocks, batch_inputs)
 Nvidia-smi: 18.255859375 GB
    Memory Allocated: 15.676568984985352  GigaBytes
Max Memory Allocated: 15.887250900268555  GigaBytes

----------------------------------------after loss function
 Nvidia-smi: 18.255859375 GB
    Memory Allocated: 15.6901216506958  GigaBytes
Max Memory Allocated: 15.887250900268555  GigaBytes

pure train time  0.7200469970703125
-----------------------------------------after optimizer zero grad
 Nvidia-smi: 18.255859375 GB
    Memory Allocated: 0.21065998077392578  GigaBytes
Max Memory Allocated: 15.887250900268555  GigaBytes

----------------------------------------------------------pseudo_mini_loss sum 3.6400084495544434
loading full batch data spends  0.08622479438781738
connection checking time:  0
block generation total time  0
generate_dataloader_block spend   0.00010371208190917969
step  0
----------------------------------------after batch_pred = model(blocks, batch_inputs)
 Nvidia-smi: 18.255859375 GB
    Memory Allocated: 15.671296119689941  GigaBytes
Max Memory Allocated: 15.887250900268555  GigaBytes

----------------------------------------after loss function
 Nvidia-smi: 18.255859375 GB
    Memory Allocated: 15.68484878540039  GigaBytes
Max Memory Allocated: 15.887250900268555  GigaBytes

pure train time  0.7257204055786133
-----------------------------------------after optimizer zero grad
 Nvidia-smi: 18.255859375 GB
    Memory Allocated: 0.2089672088623047  GigaBytes
Max Memory Allocated: 15.887250900268555  GigaBytes

----------------------------------------------------------pseudo_mini_loss sum 3.622392177581787
loading full batch data spends  0.08591032028198242
connection checking time:  0
block generation total time  0
generate_dataloader_block spend   0.00021266937255859375
step  0
----------------------------------------after batch_pred = model(blocks, batch_inputs)
 Nvidia-smi: 18.255859375 GB
    Memory Allocated: 15.670206069946289  GigaBytes
Max Memory Allocated: 15.887250900268555  GigaBytes

----------------------------------------after loss function
 Nvidia-smi: 18.255859375 GB
    Memory Allocated: 15.683758735656738  GigaBytes
Max Memory Allocated: 15.887250900268555  GigaBytes

pure train time  0.7217850685119629
-----------------------------------------after optimizer zero grad
 Nvidia-smi: 18.255859375 GB
    Memory Allocated: 0.21033143997192383  GigaBytes
Max Memory Allocated: 15.887250900268555  GigaBytes

----------------------------------------------------------pseudo_mini_loss sum 3.609449625015259
Total (block generation + training)time/epoch 0.9509366921016148
pure train time/epoch 0.7468275626500448

num_input_list  [167793, 167837, 167868, 167873, 167870, 167869, 167860, 167873, 167828, 167806]
