main start at this time 1700887336.897178
-----------------------------------------before load data 
 Nvidia-smi: 19.3115234375 GB
    Memory Allocated: 0.0  GigaBytes
Max Memory Allocated: 0.0  GigaBytes

ogbn-arxiv
# Nodes: 169343
# Edges: 2315598
# Train: 90941
# Val: 29799
# Test: 48603
# Classes: 40

----------------------------------------start of run function 
 Nvidia-smi: 19.3115234375 GB
    Memory Allocated: 0.0  GigaBytes
Max Memory Allocated: 0.0  GigaBytes

in feats:  128
self.num_batch (get_in_degree_bucketing) 25
---||-----||-----||-----||-----||-----||-----||-----||-----||-----||-----||-----||-----||-----||-----||-----||-----||-----||-----||-----||--
self.num_batch,  25
25
25
[0.14765617268338813, 0.12872081899253363, 0.10201119407088112, 0.08049174739666377, 0.06841798528716421, 0.05352921124685236, 0.04447938773490505, 0.038178599311641616, 0.03272451369569281, 0.028578968781957533, 0.02422449720148228, 0.02129952386712264, 0.01820960842744197, 0.01576846526869069, 0.014174024917254044, 0.012216711934111127, 0.011326024565377553, 0.010424341056289243, 0.009192773336558867, 0.00887388526627154, 0.007884232634345345, 0.006113854037232931, 0.005706996844107718, 0.005772973686236131, 0.10402348775579771]
bkt_dst_nodes_list = self.get_in_degree_bucketing() spend:  0.028560161590576172
self.gen_batches_seeds_list(bkt_dst_nodes_list_local) spend  0.00010919570922851562
num_output  90941
self.output_nids  90941
output nodes length match
global output equals  True
partition total batch output list spend :  0.4010806083679199
self.buckets_partition() spend  sec:  0.028680086135864258
check connections block*********************************

the find indices time spent  0.04496288299560547

in edges time spent  0.12721562385559082
local to global src and eids time spent  0.1980893611907959
time gen tails  0.1274707317352295
res  length 25

block_gen_time in "generate_blocks_for_one_layer_block"  0.37638187408447266

----------------------------------------
check connections block*********************************

the find indices time spent  0.1638021469116211

in edges time spent  0.9582345485687256
local to global src and eids time spent  1.306809425354004
time gen tails  0.15461468696594238
res  length 25

block_gen_time in "generate_blocks_for_one_layer_block"  1.5382521152496338

block collection to dataloader spend  5.245208740234375e-05
redundancy ratio #input/#seeds/degree
4.5709711051534105
3.1962668716897316
2.836585102942762
2.6987704918032787
2.577917068466731
2.6378731854286497
2.6331626346459474
2.620751728110599
2.6412037037037037
2.6608695652173915
2.697478644823175
2.78489072448804
2.843738387216648
2.9392309224945206
2.971088699250065
3.025146264626463
3.0591090805254137
3.063525550867323
3.203160412994208
3.088909541511772
3.2097363352593478
3.4603499018966644
3.534891513780682
3.4212698412698415
0.5195560253699789
layer  0
{1: 13428, 2: 1514, 3: 1424, 4: 1036, 5: 890, 6: 712, 7: 552, 8: 442, 9: 392, 10: 3685}
layer  1
{1: 13428}

layer  0
{1: 1525, 2: 12162, 3: 2064, 4: 1606, 5: 1420, 6: 1110, 7: 954, 8: 766, 9: 639, 10: 5875}
layer  1
{2: 11706}

layer  0
{1: 1582, 2: 2280, 3: 9755, 4: 1987, 5: 1726, 6: 1356, 7: 1163, 8: 966, 9: 828, 10: 7423}
layer  1
{3: 9277}

layer  0
{1: 1251, 2: 1864, 3: 2112, 4: 7759, 5: 1867, 6: 1529, 7: 1277, 8: 1115, 9: 912, 10: 8511}
layer  1
{4: 7320}

layer  0
{1: 1076, 2: 1735, 3: 2034, 4: 2003, 5: 6670, 6: 1576, 7: 1397, 8: 1196, 9: 1033, 10: 9513}
layer  1
{5: 6222}

layer  0
{1: 904, 2: 1401, 3: 1546, 4: 1745, 5: 1668, 6: 5231, 7: 1341, 8: 1178, 9: 993, 10: 9999}
layer  1
{6: 4868}

layer  0
{1: 724, 2: 1210, 3: 1421, 4: 1525, 5: 1541, 6: 1424, 7: 4368, 8: 1150, 9: 1022, 10: 10305}
layer  1
{7: 4045}

layer  0
{1: 615, 2: 990, 3: 1214, 4: 1372, 5: 1431, 6: 1273, 7: 1220, 8: 3789, 9: 1041, 10: 10789}
layer  1
{8: 3472}

layer  0
{1: 519, 2: 890, 3: 1092, 4: 1243, 5: 1253, 6: 1154, 7: 1128, 8: 1065, 9: 3251, 10: 10836}
layer  1
{9: 2976}

layer  0
{1: 457, 2: 779, 3: 940, 4: 1085, 5: 1115, 6: 1112, 7: 1051, 8: 1002, 9: 910, 10: 13099}
layer  1
{10: 2599}

layer  0
{1: 373, 2: 610, 3: 837, 4: 910, 5: 994, 6: 944, 7: 952, 8: 949, 9: 857, 10: 12460}
layer  1
{11: 2203}

layer  0
{1: 345, 2: 621, 3: 789, 4: 892, 5: 968, 6: 980, 7: 898, 8: 920, 9: 813, 10: 12180}
layer  1
{12: 1937}

layer  0
{1: 357, 2: 566, 3: 685, 4: 775, 5: 803, 6: 793, 7: 797, 8: 819, 9: 733, 10: 11507}
layer  1
{13: 1656}

layer  0
{1: 279, 2: 460, 3: 602, 4: 672, 5: 713, 6: 780, 7: 730, 8: 740, 9: 657, 10: 11030}
layer  1
{14: 1434}

layer  0
{1: 280, 2: 457, 3: 563, 4: 621, 5: 651, 6: 667, 7: 663, 8: 707, 9: 659, 10: 10813}
layer  1
{15: 1289}

layer  0
{1: 195, 2: 356, 3: 454, 4: 544, 5: 576, 6: 610, 7: 579, 8: 589, 9: 572, 10: 10217}
layer  1
{16: 1111}

layer  0
{1: 205, 2: 377, 3: 470, 4: 546, 5: 572, 6: 590, 7: 564, 8: 547, 9: 612, 10: 10194}
layer  1
{17: 1030}

layer  0
{1: 204, 2: 315, 3: 373, 4: 487, 5: 485, 6: 570, 7: 536, 8: 542, 9: 542, 10: 9940}
layer  1
{18: 948}

layer  0
{1: 199, 2: 299, 3: 387, 4: 450, 5: 489, 6: 514, 7: 507, 8: 514, 9: 532, 10: 9413}
layer  1
{19: 836}

layer  0
{1: 143, 2: 272, 3: 351, 4: 424, 5: 444, 6: 496, 7: 474, 8: 532, 9: 494, 10: 9707}
layer  1
{20: 807}

layer  0
{1: 203, 2: 288, 3: 371, 4: 397, 5: 448, 6: 453, 7: 433, 8: 441, 9: 491, 10: 9029}
layer  1
{21: 717}

layer  0
{1: 105, 2: 206, 3: 255, 4: 308, 5: 307, 6: 349, 7: 377, 8: 386, 9: 342, 10: 7803}
layer  1
{22: 556}

layer  0
{1: 125, 2: 220, 3: 284, 4: 287, 5: 318, 6: 324, 7: 350, 8: 357, 9: 353, 10: 7787}
layer  1
{23: 519}

layer  0
{1: 115, 2: 197, 3: 259, 4: 313, 5: 337, 6: 338, 7: 332, 8: 333, 9: 373, 10: 7982}
layer  1
{24: 525}

layer  0
{1: 1567, 2: 2514, 3: 3143, 4: 3505, 5: 3653, 6: 3787, 7: 3660, 8: 3569, 9: 3467, 10: 51941}
layer  1
{25: 9460}

data_dict
[[{1: 13428, 2: 1514, 3: 1424, 4: 1036, 5: 890, 6: 712, 7: 552, 8: 442, 9: 392, 10: 3685}, {1: 13428}], [{1: 1525, 2: 12162, 3: 2064, 4: 1606, 5: 1420, 6: 1110, 7: 954, 8: 766, 9: 639, 10: 5875}, {2: 11706}], [{1: 1582, 2: 2280, 3: 9755, 4: 1987, 5: 1726, 6: 1356, 7: 1163, 8: 966, 9: 828, 10: 7423}, {3: 9277}], [{1: 1251, 2: 1864, 3: 2112, 4: 7759, 5: 1867, 6: 1529, 7: 1277, 8: 1115, 9: 912, 10: 8511}, {4: 7320}], [{1: 1076, 2: 1735, 3: 2034, 4: 2003, 5: 6670, 6: 1576, 7: 1397, 8: 1196, 9: 1033, 10: 9513}, {5: 6222}], [{1: 904, 2: 1401, 3: 1546, 4: 1745, 5: 1668, 6: 5231, 7: 1341, 8: 1178, 9: 993, 10: 9999}, {6: 4868}], [{1: 724, 2: 1210, 3: 1421, 4: 1525, 5: 1541, 6: 1424, 7: 4368, 8: 1150, 9: 1022, 10: 10305}, {7: 4045}], [{1: 615, 2: 990, 3: 1214, 4: 1372, 5: 1431, 6: 1273, 7: 1220, 8: 3789, 9: 1041, 10: 10789}, {8: 3472}], [{1: 519, 2: 890, 3: 1092, 4: 1243, 5: 1253, 6: 1154, 7: 1128, 8: 1065, 9: 3251, 10: 10836}, {9: 2976}], [{1: 457, 2: 779, 3: 940, 4: 1085, 5: 1115, 6: 1112, 7: 1051, 8: 1002, 9: 910, 10: 13099}, {10: 2599}], [{1: 373, 2: 610, 3: 837, 4: 910, 5: 994, 6: 944, 7: 952, 8: 949, 9: 857, 10: 12460}, {11: 2203}], [{1: 345, 2: 621, 3: 789, 4: 892, 5: 968, 6: 980, 7: 898, 8: 920, 9: 813, 10: 12180}, {12: 1937}], [{1: 357, 2: 566, 3: 685, 4: 775, 5: 803, 6: 793, 7: 797, 8: 819, 9: 733, 10: 11507}, {13: 1656}], [{1: 279, 2: 460, 3: 602, 4: 672, 5: 713, 6: 780, 7: 730, 8: 740, 9: 657, 10: 11030}, {14: 1434}], [{1: 280, 2: 457, 3: 563, 4: 621, 5: 651, 6: 667, 7: 663, 8: 707, 9: 659, 10: 10813}, {15: 1289}], [{1: 195, 2: 356, 3: 454, 4: 544, 5: 576, 6: 610, 7: 579, 8: 589, 9: 572, 10: 10217}, {16: 1111}], [{1: 205, 2: 377, 3: 470, 4: 546, 5: 572, 6: 590, 7: 564, 8: 547, 9: 612, 10: 10194}, {17: 1030}], [{1: 204, 2: 315, 3: 373, 4: 487, 5: 485, 6: 570, 7: 536, 8: 542, 9: 542, 10: 9940}, {18: 948}], [{1: 199, 2: 299, 3: 387, 4: 450, 5: 489, 6: 514, 7: 507, 8: 514, 9: 532, 10: 9413}, {19: 836}], [{1: 143, 2: 272, 3: 351, 4: 424, 5: 444, 6: 496, 7: 474, 8: 532, 9: 494, 10: 9707}, {20: 807}], [{1: 203, 2: 288, 3: 371, 4: 397, 5: 448, 6: 453, 7: 433, 8: 441, 9: 491, 10: 9029}, {21: 717}], [{1: 105, 2: 206, 3: 255, 4: 308, 5: 307, 6: 349, 7: 377, 8: 386, 9: 342, 10: 7803}, {22: 556}], [{1: 125, 2: 220, 3: 284, 4: 287, 5: 318, 6: 324, 7: 350, 8: 357, 9: 353, 10: 7787}, {23: 519}], [{1: 115, 2: 197, 3: 259, 4: 313, 5: 337, 6: 338, 7: 332, 8: 333, 9: 373, 10: 7982}, {24: 525}], [{1: 1567, 2: 2514, 3: 3143, 4: 3505, 5: 3653, 6: 3787, 7: 3660, 8: 3569, 9: 3467, 10: 51941}, {25: 9460}]]
estimated_mem_dict
{0: 0.8136749267578125, 1: 1.3127288818359375, 2: 1.5921850204467773, 3: 1.7279176712036133, 4: 1.8569469451904297, 5: 1.8195762634277344, 6: 1.8032598495483398, 7: 1.8059206008911133, 8: 1.7557096481323242, 9: 1.7334794998168945, 10: 1.6237449645996094, 11: 1.5814218521118164, 12: 1.465498924255371, 13: 1.384079933166504, 14: 1.341679573059082, 15: 1.2432060241699219, 16: 1.2379789352416992, 17: 1.1945571899414062, 18: 1.130819320678711, 19: 1.148946762084961, 20: 1.0708494186401367, 21: 0.9030246734619141, 22: 0.8959779739379883, 23: 0.9185256958007812, 24: 7.830471038818359}
[0.8136749267578125, 1.3127288818359375, 1.5921850204467773, 1.7279176712036133, 1.8569469451904297, 1.8195762634277344, 1.8032598495483398, 1.8059206008911133, 1.7557096481323242, 1.7334794998168945, 1.6237449645996094, 1.5814218521118164, 1.465498924255371, 1.384079933166504, 1.341679573059082, 1.2432060241699219, 1.2379789352416992, 1.1945571899414062, 1.130819320678711, 1.148946762084961, 1.0708494186401367, 0.9030246734619141, 0.8959779739379883, 0.9185256958007812]

 MM estimated memory/GB degree 0: 0.8136749267578125 * min( 4.5709711051534105*0.226,1
 MM estimated memory/GB degree 1: 1.3127288818359375 * min( 3.1962668716897316*0.226,1
 MM estimated memory/GB degree 2: 1.5921850204467773 * min( 2.836585102942762*0.226,1
 MM estimated memory/GB degree 3: 1.7279176712036133 * min( 2.6987704918032787*0.226,1
 MM estimated memory/GB degree 4: 1.8569469451904297 * min( 2.577917068466731*0.226,1
 MM estimated memory/GB degree 5: 1.8195762634277344 * min( 2.6378731854286497*0.226,1
 MM estimated memory/GB degree 6: 1.8032598495483398 * min( 2.6331626346459474*0.226,1
 MM estimated memory/GB degree 7: 1.8059206008911133 * min( 2.620751728110599*0.226,1
 MM estimated memory/GB degree 8: 1.7557096481323242 * min( 2.6412037037037037*0.226,1
 MM estimated memory/GB degree 9: 1.7334794998168945 * min( 2.6608695652173915*0.226,1
 MM estimated memory/GB degree 10: 1.6237449645996094 * min( 2.697478644823175*0.226,1
 MM estimated memory/GB degree 11: 1.5814218521118164 * min( 2.78489072448804*0.226,1
 MM estimated memory/GB degree 12: 1.465498924255371 * min( 2.843738387216648*0.226,1
 MM estimated memory/GB degree 13: 1.384079933166504 * min( 2.9392309224945206*0.226,1
 MM estimated memory/GB degree 14: 1.341679573059082 * min( 2.971088699250065*0.226,1
 MM estimated memory/GB degree 15: 1.2432060241699219 * min( 3.025146264626463*0.226,1
 MM estimated memory/GB degree 16: 1.2379789352416992 * min( 3.0591090805254137*0.226,1
 MM estimated memory/GB degree 17: 1.1945571899414062 * min( 3.063525550867323*0.226,1
 MM estimated memory/GB degree 18: 1.130819320678711 * min( 3.203160412994208*0.226,1
 MM estimated memory/GB degree 19: 1.148946762084961 * min( 3.088909541511772*0.226,1
 MM estimated memory/GB degree 20: 1.0708494186401367 * min( 3.2097363352593478*0.226,1
 MM estimated memory/GB degree 21: 0.9030246734619141 * min( 3.4603499018966644*0.226,1
 MM estimated memory/GB degree 22: 0.8959779739379883 * min( 3.534891513780682*0.226,1
 MM estimated memory/GB degree 23: 0.9185256958007812 * min( 3.4212698412698415*0.226,1
 MM estimated memory/GB degree 24: 7.830471038818359 * min( 0.5195560253699789*0.226,1

modified_estimated_mem_list 
[0.8136749267578125, 0.9482579950540875, 1.0206992380889157, 1.0538952284680039, 1.0818744809050456, 1.084757384115296, 1.0731104791436792, 1.069628515049197, 1.0480042225122452, 1.0424392025159752, 0.9898839248621336, 0.9953236727234502, 0.9418539936965127, 0.919397501761373, 0.900892277961891, 0.8499588936003988, 0.8558874481191368, 0.8270597629788556, 0.8186162241878332, 0.8020723312370839, 0.7767946092237346, 0.7062005828906696, 0.7157837956733637, 0.7102104830932617, 0.9194512605929225]

modified_mem [1, fanout-1]: 
[0.8136749267578125, 0.9482579950540875, 1.0206992380889157, 1.0538952284680039, 1.0818744809050456, 1.084757384115296, 1.0731104791436792, 1.069628515049197, 1.0480042225122452, 1.0424392025159752, 0.9898839248621336, 0.9953236727234502, 0.9418539936965127, 0.919397501761373, 0.900892277961891, 0.8499588936003988, 0.8558874481191368, 0.8270597629788556, 0.8186162241878332, 0.8020723312370839, 0.7767946092237346, 0.7062005828906696, 0.7157837956733637, 0.7102104830932617]
22.04627717461996
mem size of fanout degree bucket by formula (GB):  7.830471038818359

the modified memory estimation spend (sec) 0.1478264331817627
the time of number of fanout blocks generation (sec) 5.790170431137085
the time dict collection (sec) 0.14678716659545898
the time estimate mem (sec) 0.0005025863647460938
