main start at this time 1698360240.2744343
-----------------------------------------before load data 
 Nvidia-smi: 0.166015625 GB
    Memory Allocated: 0.0  GigaBytes
Max Memory Allocated: 0.0  GigaBytes

karate data
{}
{}
Graph(num_nodes=7, num_edges=14,
      ndata_schemes={'label': Scheme(shape=(), dtype=torch.int64), 'feat': Scheme(shape=(4,), dtype=torch.float32)}
      edata_schemes={})
#nodes: 7
#edges: 14
#classes: 2
success----------------------------------------
4
2
1
# Nodes: 7
# Edges: 14
# Train: 4
# Val: 2
# Test: 1
# Classes: 2

----------------------------------------start of run function 
 Nvidia-smi: 0.166015625 GB
    Memory Allocated: 0.0  GigaBytes
Max Memory Allocated: 0.0  GigaBytes

full batch src global  6
full batch dst global  4
----------------------------------------after load_block_subtensor
 Nvidia-smi: 1.375 GB
    Memory Allocated: 0.03132915496826172  GigaBytes
Max Memory Allocated: 0.03132915496826172  GigaBytes

----------------------------------------after block to device
 Nvidia-smi: 1.462890625 GB
    Memory Allocated: 0.03133106231689453  GigaBytes
Max Memory Allocated: 0.03133106231689453  GigaBytes

----------------------------------------after model
 Nvidia-smi: 1.552734375 GB
    Memory Allocated: 0.031975746154785156  GigaBytes
Max Memory Allocated: 0.03204488754272461  GigaBytes

epoch  0
----------------------------------------------------------pseudo_mini_loss sum 0.6675108671188354
----------------------------------------after loss
 Nvidia-smi: 1.552734375 GB
    Memory Allocated: 0.031977176666259766  GigaBytes
Max Memory Allocated: 0.03204488754272461  GigaBytes

----------------------------------------after loss backward
 Nvidia-smi: 1.623046875 GB
    Memory Allocated: 0.06266450881958008  GigaBytes
Max Memory Allocated: 0.0943307876586914  GigaBytes


----------------------------------------full batch
 Nvidia-smi: 1.701171875 GB
    Memory Allocated: 0.1253209114074707  GigaBytes
Max Memory Allocated: 0.1721959114074707  GigaBytes

full batch src global  6
full batch dst global  4
----------------------------------------after load_block_subtensor
 Nvidia-smi: 1.701171875 GB
    Memory Allocated: 0.1253185272216797  GigaBytes
Max Memory Allocated: 0.1721959114074707  GigaBytes

----------------------------------------after block to device
 Nvidia-smi: 1.701171875 GB
    Memory Allocated: 0.1253204345703125  GigaBytes
Max Memory Allocated: 0.1721959114074707  GigaBytes

----------------------------------------after model
 Nvidia-smi: 1.701171875 GB
    Memory Allocated: 0.12596464157104492  GigaBytes
Max Memory Allocated: 0.1721959114074707  GigaBytes

epoch  1
----------------------------------------------------------pseudo_mini_loss sum 0.6505905389785767
----------------------------------------after loss
 Nvidia-smi: 1.701171875 GB
    Memory Allocated: 0.1259617805480957  GigaBytes
Max Memory Allocated: 0.1721959114074707  GigaBytes

----------------------------------------after loss backward
 Nvidia-smi: 1.716796875 GB
    Memory Allocated: 0.1253209114074707  GigaBytes
Max Memory Allocated: 0.18830013275146484  GigaBytes


----------------------------------------full batch
 Nvidia-smi: 1.716796875 GB
    Memory Allocated: 0.1253209114074707  GigaBytes
Max Memory Allocated: 0.18830013275146484  GigaBytes

full batch src global  6
full batch dst global  4
----------------------------------------after load_block_subtensor
 Nvidia-smi: 1.716796875 GB
    Memory Allocated: 0.1253185272216797  GigaBytes
Max Memory Allocated: 0.18830013275146484  GigaBytes

----------------------------------------after block to device
 Nvidia-smi: 1.716796875 GB
    Memory Allocated: 0.1253204345703125  GigaBytes
Max Memory Allocated: 0.18830013275146484  GigaBytes

----------------------------------------after model
 Nvidia-smi: 1.716796875 GB
    Memory Allocated: 0.12596464157104492  GigaBytes
Max Memory Allocated: 0.18830013275146484  GigaBytes

epoch  2
----------------------------------------------------------pseudo_mini_loss sum 0.5009270310401917
----------------------------------------after loss
 Nvidia-smi: 1.716796875 GB
    Memory Allocated: 0.1259617805480957  GigaBytes
Max Memory Allocated: 0.18830013275146484  GigaBytes

----------------------------------------after loss backward
 Nvidia-smi: 1.716796875 GB
    Memory Allocated: 0.1253209114074707  GigaBytes
Max Memory Allocated: 0.18830013275146484  GigaBytes


----------------------------------------full batch
 Nvidia-smi: 1.716796875 GB
    Memory Allocated: 0.1253209114074707  GigaBytes
Max Memory Allocated: 0.18830013275146484  GigaBytes

full batch src global  6
full batch dst global  4
----------------------------------------after load_block_subtensor
 Nvidia-smi: 1.716796875 GB
    Memory Allocated: 0.1253185272216797  GigaBytes
Max Memory Allocated: 0.18830013275146484  GigaBytes

----------------------------------------after block to device
 Nvidia-smi: 1.716796875 GB
    Memory Allocated: 0.1253204345703125  GigaBytes
Max Memory Allocated: 0.18830013275146484  GigaBytes

----------------------------------------after model
 Nvidia-smi: 1.716796875 GB
    Memory Allocated: 0.12596464157104492  GigaBytes
Max Memory Allocated: 0.18830013275146484  GigaBytes

epoch  3
----------------------------------------------------------pseudo_mini_loss sum 0.9802542924880981
----------------------------------------after loss
 Nvidia-smi: 1.716796875 GB
    Memory Allocated: 0.1259617805480957  GigaBytes
Max Memory Allocated: 0.18830013275146484  GigaBytes

----------------------------------------after loss backward
 Nvidia-smi: 1.716796875 GB
    Memory Allocated: 0.1253209114074707  GigaBytes
Max Memory Allocated: 0.18830013275146484  GigaBytes


----------------------------------------full batch
 Nvidia-smi: 1.716796875 GB
    Memory Allocated: 0.1253209114074707  GigaBytes
Max Memory Allocated: 0.18830013275146484  GigaBytes

full batch src global  6
full batch dst global  4
----------------------------------------after load_block_subtensor
 Nvidia-smi: 1.716796875 GB
    Memory Allocated: 0.1253185272216797  GigaBytes
Max Memory Allocated: 0.18830013275146484  GigaBytes

----------------------------------------after block to device
 Nvidia-smi: 1.716796875 GB
    Memory Allocated: 0.1253204345703125  GigaBytes
Max Memory Allocated: 0.18830013275146484  GigaBytes

----------------------------------------after model
 Nvidia-smi: 1.716796875 GB
    Memory Allocated: 0.12596464157104492  GigaBytes
Max Memory Allocated: 0.18830013275146484  GigaBytes

epoch  4
----------------------------------------------------------pseudo_mini_loss sum 0.3823928236961365
----------------------------------------after loss
 Nvidia-smi: 1.716796875 GB
    Memory Allocated: 0.1259617805480957  GigaBytes
Max Memory Allocated: 0.18830013275146484  GigaBytes

----------------------------------------after loss backward
 Nvidia-smi: 1.716796875 GB
    Memory Allocated: 0.1253209114074707  GigaBytes
Max Memory Allocated: 0.18830013275146484  GigaBytes


----------------------------------------full batch
 Nvidia-smi: 1.716796875 GB
    Memory Allocated: 0.1253209114074707  GigaBytes
Max Memory Allocated: 0.18830013275146484  GigaBytes

end to end time  0.04202675819396973
