main start at this time 1701299600.3408792
ogbn-arxiv
# Nodes: 169343
# Edges: 2315598
# Train: 90941
# Val: 29799
# Test: 48603
# Classes: 40

in feats:  128
range parition 
range partition time  0.04009270668029785

block_gen_time in "generate_blocks_for_one_layer_block"  0.7256290912628174


block_gen_time in "generate_blocks_for_one_layer_block"  3.5230872631073

connection checking time:  3.923004388809204
block generation total time  3.5230872631073
epoch,  0
pure train time  2.307245969772339
-----------------------------------------after optimizer zero grad
 Nvidia-smi: 7.34375 GB
    Memory Allocated: 0.08584785461425781  GigaBytes
Max Memory Allocated: 3.809260845184326  GigaBytes

----------------------------------------------------------pseudo_mini_loss sum 4.018925666809082
range parition 
range partition time  0.037461280822753906

block_gen_time in "generate_blocks_for_one_layer_block"  0.6848618984222412


block_gen_time in "generate_blocks_for_one_layer_block"  3.5083541870117188

connection checking time:  3.942969560623169
block generation total time  3.5083541870117188
epoch,  1
pure train time  1.6846129894256592
-----------------------------------------after optimizer zero grad
 Nvidia-smi: 7.345703125 GB
    Memory Allocated: 0.08635139465332031  GigaBytes
Max Memory Allocated: 3.809260845184326  GigaBytes

----------------------------------------------------------pseudo_mini_loss sum 3.8322107791900635
range parition 
range partition time  0.037247419357299805

block_gen_time in "generate_blocks_for_one_layer_block"  0.689211368560791


block_gen_time in "generate_blocks_for_one_layer_block"  3.5122132301330566

connection checking time:  3.9132802486419678
block generation total time  3.5122132301330566
epoch,  2
pure train time  1.6531555652618408
-----------------------------------------after optimizer zero grad
 Nvidia-smi: 7.345703125 GB
    Memory Allocated: 0.08647823333740234  GigaBytes
Max Memory Allocated: 3.809260845184326  GigaBytes

----------------------------------------------------------pseudo_mini_loss sum 3.680776357650757
loading full batch data spends  0.04408383369445801
range parition 
range partition time  0.03760051727294922

block_gen_time in "generate_blocks_for_one_layer_block"  0.6849331855773926


block_gen_time in "generate_blocks_for_one_layer_block"  3.521393060684204

connection checking time:  3.9534945487976074
block generation total time  3.521393060684204
generate_dataloader_block spend   9.354931831359863
epoch,  3
pure train time  1.662459373474121
-----------------------------------------after optimizer zero grad
 Nvidia-smi: 7.349609375 GB
    Memory Allocated: 0.08659696578979492  GigaBytes
Max Memory Allocated: 3.827104091644287  GigaBytes

----------------------------------------------------------pseudo_mini_loss sum 3.5483860969543457
loading full batch data spends  0.06145501136779785
range parition 
range partition time  0.03803205490112305

block_gen_time in "generate_blocks_for_one_layer_block"  0.6856915950775146


block_gen_time in "generate_blocks_for_one_layer_block"  3.5168159008026123

connection checking time:  3.9139835834503174
block generation total time  3.5168159008026123
generate_dataloader_block spend   9.28272008895874
epoch,  4
pure train time  1.6556367874145508
-----------------------------------------after optimizer zero grad
 Nvidia-smi: 7.349609375 GB
    Memory Allocated: 0.08583354949951172  GigaBytes
Max Memory Allocated: 3.827104091644287  GigaBytes

----------------------------------------------------------pseudo_mini_loss sum 3.4311585426330566
loading full batch data spends  0.042294979095458984
range parition 
range partition time  0.03782033920288086

block_gen_time in "generate_blocks_for_one_layer_block"  0.6864657402038574


block_gen_time in "generate_blocks_for_one_layer_block"  3.51251482963562

connection checking time:  3.9405500888824463
block generation total time  3.51251482963562
generate_dataloader_block spend   9.336947202682495
epoch,  5
pure train time  1.6477110385894775
-----------------------------------------after optimizer zero grad
 Nvidia-smi: 7.349609375 GB
    Memory Allocated: 0.08647727966308594  GigaBytes
Max Memory Allocated: 3.827104091644287  GigaBytes

----------------------------------------------------------pseudo_mini_loss sum 3.337982177734375
loading full batch data spends  0.05698132514953613
range parition 
range partition time  0.024759769439697266

block_gen_time in "generate_blocks_for_one_layer_block"  0.3579423427581787


block_gen_time in "generate_blocks_for_one_layer_block"  3.53255295753479

connection checking time:  3.8407657146453857
block generation total time  3.53255295753479
generate_dataloader_block spend   8.444916486740112
epoch,  6
pure train time  1.7415459156036377
-----------------------------------------after optimizer zero grad
 Nvidia-smi: 7.349609375 GB
    Memory Allocated: 0.08651113510131836  GigaBytes
Max Memory Allocated: 3.827104091644287  GigaBytes

----------------------------------------------------------pseudo_mini_loss sum 3.2682056427001953
loading full batch data spends  0.043486833572387695
range parition 
range partition time  0.039333343505859375

block_gen_time in "generate_blocks_for_one_layer_block"  0.6835565567016602


block_gen_time in "generate_blocks_for_one_layer_block"  3.5039262771606445

connection checking time:  3.9153809547424316
block generation total time  3.5039262771606445
generate_dataloader_block spend   9.257598876953125
epoch,  7
pure train time  1.7383925914764404
-----------------------------------------after optimizer zero grad
 Nvidia-smi: 7.349609375 GB
    Memory Allocated: 0.08634567260742188  GigaBytes
Max Memory Allocated: 3.827104091644287  GigaBytes

----------------------------------------------------------pseudo_mini_loss sum 3.2257206439971924
loading full batch data spends  0.09822750091552734
range parition 
range partition time  0.03788900375366211

block_gen_time in "generate_blocks_for_one_layer_block"  0.6946234703063965


block_gen_time in "generate_blocks_for_one_layer_block"  3.559197187423706

connection checking time:  3.9476919174194336
block generation total time  3.559197187423706
generate_dataloader_block spend   9.405341386795044
epoch,  8
pure train time  1.7368550300598145
-----------------------------------------after optimizer zero grad
 Nvidia-smi: 7.349609375 GB
    Memory Allocated: 0.08655786514282227  GigaBytes
Max Memory Allocated: 3.827104091644287  GigaBytes

----------------------------------------------------------pseudo_mini_loss sum 3.1962203979492188
loading full batch data spends  0.06968855857849121
range parition 
range partition time  0.038338422775268555

block_gen_time in "generate_blocks_for_one_layer_block"  0.6902801990509033


block_gen_time in "generate_blocks_for_one_layer_block"  3.5453877449035645

connection checking time:  3.9663031101226807
block generation total time  3.5453877449035645
generate_dataloader_block spend   9.383227825164795
epoch,  9
pure train time  1.7577323913574219
-----------------------------------------after optimizer zero grad
 Nvidia-smi: 7.349609375 GB
    Memory Allocated: 0.08656930923461914  GigaBytes
Max Memory Allocated: 3.827104091644287  GigaBytes

----------------------------------------------------------pseudo_mini_loss sum 3.1550419330596924
Total (block generation + training)time/epoch 11.269588776997157
pure train time/epoch 1.7244473934173583

num_input_list  [1151467, 1151954, 1151346, 1152247, 1151517, 1151973, 1150986, 1151996, 1151568, 1151973]
avg num_input_list  1151702.7
