main start at this time 1701300003.7416801
ogbn-arxiv
# Nodes: 169343
# Edges: 2315598
# Train: 90941
# Val: 29799
# Test: 48603
# Classes: 40

in feats:  128
range parition 
range partition time  0.04013252258300781

block_gen_time in "generate_blocks_for_one_layer_block"  0.7278351783752441


block_gen_time in "generate_blocks_for_one_layer_block"  4.12546443939209

connection checking time:  4.767181158065796
block generation total time  4.12546443939209
epoch,  0
pure train time  3.2541964054107666
-----------------------------------------after optimizer zero grad
 Nvidia-smi: 5.724609375 GB
    Memory Allocated: 0.07572746276855469  GigaBytes
Max Memory Allocated: 2.728282928466797  GigaBytes

----------------------------------------------------------pseudo_mini_loss sum 4.0163960456848145
range parition 
range partition time  0.038918256759643555

block_gen_time in "generate_blocks_for_one_layer_block"  0.6897680759429932


block_gen_time in "generate_blocks_for_one_layer_block"  4.0303449630737305

connection checking time:  4.795276880264282
block generation total time  4.0303449630737305
epoch,  1
pure train time  2.6799967288970947
-----------------------------------------after optimizer zero grad
 Nvidia-smi: 5.7265625 GB
    Memory Allocated: 0.07587051391601562  GigaBytes
Max Memory Allocated: 2.728282928466797  GigaBytes

----------------------------------------------------------pseudo_mini_loss sum 3.832932949066162
range parition 
range partition time  0.03720593452453613

block_gen_time in "generate_blocks_for_one_layer_block"  0.6905708312988281


block_gen_time in "generate_blocks_for_one_layer_block"  4.012450456619263

connection checking time:  4.749510049819946
block generation total time  4.012450456619263
epoch,  2
pure train time  2.712682008743286
-----------------------------------------after optimizer zero grad
 Nvidia-smi: 5.728515625 GB
    Memory Allocated: 0.0764613151550293  GigaBytes
Max Memory Allocated: 2.728282928466797  GigaBytes

----------------------------------------------------------pseudo_mini_loss sum 3.681077241897583
loading full batch data spends  0.0774834156036377
range parition 
range partition time  0.03761434555053711

block_gen_time in "generate_blocks_for_one_layer_block"  0.38686585426330566


block_gen_time in "generate_blocks_for_one_layer_block"  2.076833486557007

connection checking time:  2.6968085765838623
block generation total time  2.076833486557007
generate_dataloader_block spend   6.041329383850098
epoch,  3
pure train time  2.4612326622009277
-----------------------------------------after optimizer zero grad
 Nvidia-smi: 5.728515625 GB
    Memory Allocated: 0.07674217224121094  GigaBytes
Max Memory Allocated: 2.728282928466797  GigaBytes

----------------------------------------------------------pseudo_mini_loss sum 3.546739101409912
loading full batch data spends  0.08864808082580566
range parition 
range partition time  0.038672447204589844

block_gen_time in "generate_blocks_for_one_layer_block"  0.7080843448638916


block_gen_time in "generate_blocks_for_one_layer_block"  4.034993886947632

connection checking time:  4.827199697494507
block generation total time  4.034993886947632
generate_dataloader_block spend   10.786538124084473
epoch,  4
pure train time  2.7118477821350098
-----------------------------------------after optimizer zero grad
 Nvidia-smi: 5.833984375 GB
    Memory Allocated: 0.07623100280761719  GigaBytes
Max Memory Allocated: 2.728282928466797  GigaBytes

----------------------------------------------------------pseudo_mini_loss sum 3.433588981628418
loading full batch data spends  0.08219718933105469
range parition 
range partition time  0.0380396842956543

block_gen_time in "generate_blocks_for_one_layer_block"  0.6964008808135986


block_gen_time in "generate_blocks_for_one_layer_block"  4.0316550731658936

connection checking time:  4.805575370788574
block generation total time  4.0316550731658936
generate_dataloader_block spend   10.749059677124023
epoch,  5
pure train time  2.6647071838378906
-----------------------------------------after optimizer zero grad
 Nvidia-smi: 5.833984375 GB
    Memory Allocated: 0.07687711715698242  GigaBytes
Max Memory Allocated: 2.728282928466797  GigaBytes

----------------------------------------------------------pseudo_mini_loss sum 3.3351564407348633
loading full batch data spends  0.07557296752929688
range parition 
range partition time  0.03772616386413574

block_gen_time in "generate_blocks_for_one_layer_block"  0.6908974647521973


block_gen_time in "generate_blocks_for_one_layer_block"  4.005096197128296

connection checking time:  4.7880308628082275
block generation total time  4.005096197128296
generate_dataloader_block spend   10.679862022399902
epoch,  6
pure train time  2.685295581817627
-----------------------------------------after optimizer zero grad
 Nvidia-smi: 5.833984375 GB
    Memory Allocated: 0.07697868347167969  GigaBytes
Max Memory Allocated: 2.728282928466797  GigaBytes

----------------------------------------------------------pseudo_mini_loss sum 3.2679836750030518
loading full batch data spends  0.07514762878417969
range parition 
range partition time  0.03901243209838867

block_gen_time in "generate_blocks_for_one_layer_block"  0.6866834163665771


block_gen_time in "generate_blocks_for_one_layer_block"  3.997087001800537

connection checking time:  4.702036619186401
block generation total time  3.997087001800537
generate_dataloader_block spend   10.58164095878601
epoch,  7
pure train time  2.664748191833496
-----------------------------------------after optimizer zero grad
 Nvidia-smi: 5.833984375 GB
    Memory Allocated: 0.07698631286621094  GigaBytes
Max Memory Allocated: 2.728282928466797  GigaBytes

----------------------------------------------------------pseudo_mini_loss sum 3.2232582569122314
loading full batch data spends  0.09235858917236328
range parition 
range partition time  0.03830599784851074

block_gen_time in "generate_blocks_for_one_layer_block"  0.6888477802276611


block_gen_time in "generate_blocks_for_one_layer_block"  3.9680821895599365

connection checking time:  4.723314046859741
block generation total time  3.9680821895599365
generate_dataloader_block spend   10.573115110397339
epoch,  8
pure train time  2.671056032180786
-----------------------------------------after optimizer zero grad
 Nvidia-smi: 5.833984375 GB
    Memory Allocated: 0.07616806030273438  GigaBytes
Max Memory Allocated: 2.728282928466797  GigaBytes

----------------------------------------------------------pseudo_mini_loss sum 3.193739175796509
loading full batch data spends  0.08081364631652832
range parition 
range partition time  0.037468671798706055

block_gen_time in "generate_blocks_for_one_layer_block"  0.6885986328125


block_gen_time in "generate_blocks_for_one_layer_block"  3.9807987213134766

connection checking time:  4.745290040969849
block generation total time  3.9807987213134766
generate_dataloader_block spend   10.597341299057007
epoch,  9
pure train time  2.7083353996276855
-----------------------------------------after optimizer zero grad
 Nvidia-smi: 5.833984375 GB
    Memory Allocated: 0.0761876106262207  GigaBytes
Max Memory Allocated: 2.728282928466797  GigaBytes

----------------------------------------------------------pseudo_mini_loss sum 3.152571201324463
Total (block generation + training)time/epoch 13.100598812103271
pure train time/epoch 2.678828477859497

num_input_list  [1560746, 1559260, 1559124, 1560768, 1559592, 1560189, 1557878, 1560656, 1559640, 1560266]
avg num_input_list  1559811.9
