main start at this time 1701299492.8125832
ogbn-arxiv
# Nodes: 169343
# Edges: 2315598
# Train: 90941
# Val: 29799
# Test: 48603
# Classes: 40

in feats:  128
range parition 
range partition time  0.04032254219055176

block_gen_time in "generate_blocks_for_one_layer_block"  0.6938676834106445


block_gen_time in "generate_blocks_for_one_layer_block"  3.233552932739258

connection checking time:  3.539672374725342
block generation total time  3.233552932739258
epoch,  0
pure train time  1.9543111324310303
-----------------------------------------after optimizer zero grad
 Nvidia-smi: 8.001953125 GB
    Memory Allocated: 0.09147500991821289  GigaBytes
Max Memory Allocated: 4.460809230804443  GigaBytes

----------------------------------------------------------pseudo_mini_loss sum 4.017328262329102
range parition 
range partition time  0.038834571838378906

block_gen_time in "generate_blocks_for_one_layer_block"  0.6885550022125244


block_gen_time in "generate_blocks_for_one_layer_block"  3.228240728378296

connection checking time:  3.537144184112549
block generation total time  3.228240728378296
epoch,  1
pure train time  1.4768202304840088
-----------------------------------------after optimizer zero grad
 Nvidia-smi: 8.00390625 GB
    Memory Allocated: 0.09141921997070312  GigaBytes
Max Memory Allocated: 4.460809230804443  GigaBytes

----------------------------------------------------------pseudo_mini_loss sum 3.8316733837127686
range parition 
range partition time  0.03735518455505371

block_gen_time in "generate_blocks_for_one_layer_block"  0.6946322917938232


block_gen_time in "generate_blocks_for_one_layer_block"  3.1925365924835205

connection checking time:  3.5026886463165283
block generation total time  3.1925365924835205
epoch,  2
pure train time  1.446470022201538
-----------------------------------------after optimizer zero grad
 Nvidia-smi: 8.00390625 GB
    Memory Allocated: 0.09097671508789062  GigaBytes
Max Memory Allocated: 4.460809230804443  GigaBytes

----------------------------------------------------------pseudo_mini_loss sum 3.68137788772583
loading full batch data spends  0.04967451095581055
range parition 
range partition time  0.03754711151123047

block_gen_time in "generate_blocks_for_one_layer_block"  0.7036120891571045


block_gen_time in "generate_blocks_for_one_layer_block"  3.190582752227783

connection checking time:  3.4828460216522217
block generation total time  3.190582752227783
generate_dataloader_block spend   8.510075569152832
epoch,  3
pure train time  1.4107248783111572
-----------------------------------------after optimizer zero grad
 Nvidia-smi: 8.009765625 GB
    Memory Allocated: 0.09151411056518555  GigaBytes
Max Memory Allocated: 4.460809230804443  GigaBytes

----------------------------------------------------------pseudo_mini_loss sum 3.5446856021881104
loading full batch data spends  0.048184871673583984
range parition 
range partition time  0.03746795654296875

block_gen_time in "generate_blocks_for_one_layer_block"  0.6892375946044922


block_gen_time in "generate_blocks_for_one_layer_block"  3.2140495777130127

connection checking time:  3.582085609436035
block generation total time  3.2140495777130127
generate_dataloader_block spend   8.646016359329224
epoch,  4
pure train time  1.4047794342041016
-----------------------------------------after optimizer zero grad
 Nvidia-smi: 8.16796875 GB
    Memory Allocated: 0.0909113883972168  GigaBytes
Max Memory Allocated: 4.460809230804443  GigaBytes

----------------------------------------------------------pseudo_mini_loss sum 3.433298349380493
loading full batch data spends  0.05902862548828125
range parition 
range partition time  0.021653413772583008

block_gen_time in "generate_blocks_for_one_layer_block"  0.7178518772125244


block_gen_time in "generate_blocks_for_one_layer_block"  3.271106004714966

connection checking time:  3.546006202697754
block generation total time  3.271106004714966
generate_dataloader_block spend   8.65860390663147
epoch,  5
pure train time  1.4102468490600586
-----------------------------------------after optimizer zero grad
 Nvidia-smi: 8.16796875 GB
    Memory Allocated: 0.09144353866577148  GigaBytes
Max Memory Allocated: 4.460809230804443  GigaBytes

----------------------------------------------------------pseudo_mini_loss sum 3.337177038192749
loading full batch data spends  0.06287789344787598
range parition 
range partition time  0.03806328773498535

block_gen_time in "generate_blocks_for_one_layer_block"  0.7067182064056396


block_gen_time in "generate_blocks_for_one_layer_block"  3.2125484943389893

connection checking time:  3.5266969203948975
block generation total time  3.2125484943389893
generate_dataloader_block spend   8.609708786010742
epoch,  6
pure train time  1.3582367897033691
-----------------------------------------after optimizer zero grad
 Nvidia-smi: 8.16796875 GB
    Memory Allocated: 0.0917510986328125  GigaBytes
Max Memory Allocated: 4.460809230804443  GigaBytes

----------------------------------------------------------pseudo_mini_loss sum 3.26725697517395
loading full batch data spends  0.060984134674072266
range parition 
range partition time  0.01249551773071289

block_gen_time in "generate_blocks_for_one_layer_block"  0.35669541358947754


block_gen_time in "generate_blocks_for_one_layer_block"  1.6583945751190186

connection checking time:  1.921609878540039
block generation total time  1.6583945751190186
generate_dataloader_block spend   4.514161109924316
epoch,  7
pure train time  1.2440485954284668
-----------------------------------------after optimizer zero grad
 Nvidia-smi: 8.16796875 GB
    Memory Allocated: 0.09163188934326172  GigaBytes
Max Memory Allocated: 4.460809230804443  GigaBytes

----------------------------------------------------------pseudo_mini_loss sum 3.2242586612701416
loading full batch data spends  0.03807854652404785
range parition 
range partition time  0.012515783309936523

block_gen_time in "generate_blocks_for_one_layer_block"  0.35617566108703613


block_gen_time in "generate_blocks_for_one_layer_block"  1.6308395862579346

connection checking time:  1.9042606353759766
block generation total time  1.6308395862579346
generate_dataloader_block spend   4.442917108535767
epoch,  8
pure train time  1.260725498199463
-----------------------------------------after optimizer zero grad
 Nvidia-smi: 8.16796875 GB
    Memory Allocated: 0.09098482131958008  GigaBytes
Max Memory Allocated: 4.460809230804443  GigaBytes

----------------------------------------------------------pseudo_mini_loss sum 3.1944401264190674
loading full batch data spends  0.05877828598022461
range parition 
range partition time  0.011988162994384766

block_gen_time in "generate_blocks_for_one_layer_block"  0.6954143047332764


block_gen_time in "generate_blocks_for_one_layer_block"  3.2042076587677

connection checking time:  3.4923062324523926
block generation total time  3.2042076587677
generate_dataloader_block spend   8.150272607803345
epoch,  9
pure train time  1.3391392230987549
-----------------------------------------after optimizer zero grad
 Nvidia-smi: 8.16796875 GB
    Memory Allocated: 0.09142255783081055  GigaBytes
Max Memory Allocated: 4.460809230804443  GigaBytes

----------------------------------------------------------pseudo_mini_loss sum 3.152998924255371
Total (block generation + training)time/epoch 9.034186669758387
pure train time/epoch 1.3224793910980224

num_input_list  [983386, 982964, 983516, 983516, 983358, 983766, 982654, 984048, 982935, 983935]
avg num_input_list  983407.8
