main start at this time 1693457315.2666001
#nodes: 2449029
#edges: 123718024
#classes: 47
success----------------------------------------
196571
39255
2164782
# Nodes: 2400608
# Edges: 123718024
# Train: 196571
# Val: 39255
# Test: 2164782
# Classes: 47

in feats:  100
random partition time  0.041361093521118164

block_gen_time in "generate_blocks_for_one_layer_block"  6.466674566268921


block_gen_time in "generate_blocks_for_one_layer_block"  41.236132860183716

connection checking time:  52.224979400634766
block generation total time  41.236132860183716
pure train time  5.494480133056641
-----------------------------------------after optimizer zero grad
 Nvidia-smi: 18.548828125 GB
    Memory Allocated: 0.506535530090332  GigaBytes
Max Memory Allocated: 15.282237529754639  GigaBytes

----------------------------------------------------------pseudo_mini_loss sum 5.214505195617676
random partition time  0.04344463348388672

block_gen_time in "generate_blocks_for_one_layer_block"  5.473428964614868


block_gen_time in "generate_blocks_for_one_layer_block"  41.386950969696045

connection checking time:  51.890881061553955
block generation total time  41.386950969696045
pure train time  4.650998830795288
-----------------------------------------after optimizer zero grad
 Nvidia-smi: 19.359375 GB
    Memory Allocated: 0.5110931396484375  GigaBytes
Max Memory Allocated: 15.282237529754639  GigaBytes

----------------------------------------------------------pseudo_mini_loss sum 4.894167900085449
random partition time  0.02267169952392578

block_gen_time in "generate_blocks_for_one_layer_block"  5.4956278800964355


block_gen_time in "generate_blocks_for_one_layer_block"  40.920350551605225

connection checking time:  50.73306584358215
block generation total time  40.920350551605225
pure train time  4.6164937019348145
-----------------------------------------after optimizer zero grad
 Nvidia-smi: 19.359375 GB
    Memory Allocated: 0.5100498199462891  GigaBytes
Max Memory Allocated: 15.282237529754639  GigaBytes

----------------------------------------------------------pseudo_mini_loss sum 4.6000776290893555
loading full batch data spends  0.7456645965576172
random partition time  0.033792972564697266

block_gen_time in "generate_blocks_for_one_layer_block"  5.499142408370972


block_gen_time in "generate_blocks_for_one_layer_block"  41.130258560180664

connection checking time:  51.063891887664795
block generation total time  41.130258560180664
generate_dataloader_block spend   106.75574946403503
pure train time  4.562747001647949
-----------------------------------------after optimizer zero grad
 Nvidia-smi: 19.359375 GB
    Memory Allocated: 0.5138797760009766  GigaBytes
Max Memory Allocated: 15.282237529754639  GigaBytes

----------------------------------------------------------pseudo_mini_loss sum 4.300650596618652
loading full batch data spends  0.829052209854126
random partition time  0.03513646125793457

block_gen_time in "generate_blocks_for_one_layer_block"  5.413583755493164


block_gen_time in "generate_blocks_for_one_layer_block"  40.90753364562988

connection checking time:  50.28731656074524
block generation total time  40.90753364562988
generate_dataloader_block spend   105.60905718803406
pure train time  4.534878969192505
-----------------------------------------after optimizer zero grad
 Nvidia-smi: 19.359375 GB
    Memory Allocated: 0.5089783668518066  GigaBytes
Max Memory Allocated: 15.282237529754639  GigaBytes

----------------------------------------------------------pseudo_mini_loss sum 4.039480209350586
loading full batch data spends  0.7889797687530518
random partition time  0.022280454635620117

block_gen_time in "generate_blocks_for_one_layer_block"  5.4985809326171875


block_gen_time in "generate_blocks_for_one_layer_block"  41.578590869903564

connection checking time:  50.955559968948364
block generation total time  41.578590869903564
generate_dataloader_block spend   106.99325108528137
pure train time  4.5301642417907715
-----------------------------------------after optimizer zero grad
 Nvidia-smi: 19.359375 GB
    Memory Allocated: 0.5119953155517578  GigaBytes
Max Memory Allocated: 15.299646854400635  GigaBytes

----------------------------------------------------------pseudo_mini_loss sum 3.811835289001465
loading full batch data spends  0.7942678928375244
random partition time  0.015811681747436523

block_gen_time in "generate_blocks_for_one_layer_block"  4.9224371910095215


block_gen_time in "generate_blocks_for_one_layer_block"  40.591243505477905

connection checking time:  50.265140533447266
block generation total time  40.591243505477905
generate_dataloader_block spend   104.66413283348083
pure train time  4.560147285461426
-----------------------------------------after optimizer zero grad
 Nvidia-smi: 19.359375 GB
    Memory Allocated: 0.5109572410583496  GigaBytes
Max Memory Allocated: 15.299646854400635  GigaBytes

----------------------------------------------------------pseudo_mini_loss sum 3.6180927753448486
loading full batch data spends  0.8177740573883057
random partition time  0.033579349517822266

block_gen_time in "generate_blocks_for_one_layer_block"  4.93415093421936


block_gen_time in "generate_blocks_for_one_layer_block"  40.93237042427063

connection checking time:  50.15108251571655
block generation total time  40.93237042427063
generate_dataloader_block spend   104.95095300674438
pure train time  4.069486856460571
-----------------------------------------after optimizer zero grad
 Nvidia-smi: 19.359375 GB
    Memory Allocated: 0.5079951286315918  GigaBytes
Max Memory Allocated: 15.299646854400635  GigaBytes

----------------------------------------------------------pseudo_mini_loss sum 3.485090732574463
loading full batch data spends  0.8064560890197754
random partition time  0.03326821327209473

block_gen_time in "generate_blocks_for_one_layer_block"  5.265408039093018


block_gen_time in "generate_blocks_for_one_layer_block"  40.090606451034546

connection checking time:  49.82008481025696
block generation total time  40.090606451034546
generate_dataloader_block spend   104.1208598613739
pure train time  4.559651851654053
-----------------------------------------after optimizer zero grad
 Nvidia-smi: 19.359375 GB
    Memory Allocated: 0.5084915161132812  GigaBytes
Max Memory Allocated: 15.299646854400635  GigaBytes

----------------------------------------------------------pseudo_mini_loss sum 3.3741371631622314
loading full batch data spends  0.8267009258270264
random partition time  0.04775071144104004

block_gen_time in "generate_blocks_for_one_layer_block"  5.713091135025024


block_gen_time in "generate_blocks_for_one_layer_block"  41.267892599105835

connection checking time:  51.40193581581116
block generation total time  41.267892599105835
generate_dataloader_block spend   107.57041358947754
pure train time  4.303075551986694
-----------------------------------------after optimizer zero grad
 Nvidia-smi: 19.359375 GB
    Memory Allocated: 0.5117478370666504  GigaBytes
Max Memory Allocated: 15.299646854400635  GigaBytes

----------------------------------------------------------pseudo_mini_loss sum 3.235347032546997
Total (block generation + training)time/epoch 114.46375819614956
pure train time/epoch 4.426234126091003

num_input_list  [16027256, 16035462, 16034379, 16037704, 16035271, 16039863, 16039016, 16029782, 16036258, 16028994]
