main start at this time 1693464326.238871
#nodes: 2449029
#edges: 123718024
#classes: 47
success----------------------------------------
196571
39255
2164782
# Nodes: 2400608
# Edges: 123718024
# Train: 196571
# Val: 39255
# Test: 2164782
# Classes: 47

in feats:  100
random partition time  0.024974584579467773

block_gen_time in "generate_blocks_for_one_layer_block"  6.426250457763672


block_gen_time in "generate_blocks_for_one_layer_block"  43.863293170928955

connection checking time:  55.84790802001953
block generation total time  43.863293170928955
pure train time  6.384696006774902
-----------------------------------------after optimizer zero grad
 Nvidia-smi: 14.244140625 GB
    Memory Allocated: 0.44307947158813477  GigaBytes
Max Memory Allocated: 12.009051322937012  GigaBytes

----------------------------------------------------------pseudo_mini_loss sum 5.203435897827148
random partition time  0.03571462631225586

block_gen_time in "generate_blocks_for_one_layer_block"  5.584810256958008


block_gen_time in "generate_blocks_for_one_layer_block"  43.43546724319458

connection checking time:  57.72453188896179
block generation total time  43.43546724319458
pure train time  5.001796007156372
-----------------------------------------after optimizer zero grad
 Nvidia-smi: 14.884765625 GB
    Memory Allocated: 0.4433865547180176  GigaBytes
Max Memory Allocated: 12.009051322937012  GigaBytes

----------------------------------------------------------pseudo_mini_loss sum 4.888660907745361
random partition time  0.013545989990234375

block_gen_time in "generate_blocks_for_one_layer_block"  2.8881473541259766


block_gen_time in "generate_blocks_for_one_layer_block"  42.32135200500488

connection checking time:  56.45652890205383
block generation total time  42.32135200500488
pure train time  5.4797892570495605
-----------------------------------------after optimizer zero grad
 Nvidia-smi: 14.884765625 GB
    Memory Allocated: 0.4447517395019531  GigaBytes
Max Memory Allocated: 12.009051322937012  GigaBytes

----------------------------------------------------------pseudo_mini_loss sum 4.588733196258545
loading full batch data spends  0.6988983154296875
random partition time  0.03290605545043945

block_gen_time in "generate_blocks_for_one_layer_block"  5.011035680770874


block_gen_time in "generate_blocks_for_one_layer_block"  43.352994203567505

connection checking time:  56.707085371017456
block generation total time  43.352994203567505
generate_dataloader_block spend   113.27995157241821
pure train time  5.5405731201171875
-----------------------------------------after optimizer zero grad
 Nvidia-smi: 14.896484375 GB
    Memory Allocated: 0.44409990310668945  GigaBytes
Max Memory Allocated: 12.009051322937012  GigaBytes

----------------------------------------------------------pseudo_mini_loss sum 4.312203884124756
loading full batch data spends  0.713029146194458
random partition time  0.0334620475769043

block_gen_time in "generate_blocks_for_one_layer_block"  5.009411096572876


block_gen_time in "generate_blocks_for_one_layer_block"  42.90681290626526

connection checking time:  56.493443965911865
block generation total time  42.90681290626526
generate_dataloader_block spend   112.80185127258301
pure train time  4.9891064167022705
-----------------------------------------after optimizer zero grad
 Nvidia-smi: 14.896484375 GB
    Memory Allocated: 0.4433174133300781  GigaBytes
Max Memory Allocated: 12.009051322937012  GigaBytes

----------------------------------------------------------pseudo_mini_loss sum 4.043140888214111
loading full batch data spends  0.685631275177002
random partition time  0.033885955810546875

block_gen_time in "generate_blocks_for_one_layer_block"  2.905862331390381


block_gen_time in "generate_blocks_for_one_layer_block"  43.486428022384644

connection checking time:  56.38795566558838
block generation total time  43.486428022384644
generate_dataloader_block spend   110.16553831100464
pure train time  5.453496217727661
-----------------------------------------after optimizer zero grad
 Nvidia-smi: 14.896484375 GB
    Memory Allocated: 0.44440174102783203  GigaBytes
Max Memory Allocated: 12.009051322937012  GigaBytes

----------------------------------------------------------pseudo_mini_loss sum 3.8090884685516357
loading full batch data spends  0.7117390632629395
random partition time  0.03138613700866699

block_gen_time in "generate_blocks_for_one_layer_block"  4.997330665588379


block_gen_time in "generate_blocks_for_one_layer_block"  43.41322112083435

connection checking time:  57.01126527786255
block generation total time  43.41322112083435
generate_dataloader_block spend   114.01922607421875
pure train time  5.406088829040527
-----------------------------------------after optimizer zero grad
 Nvidia-smi: 14.896484375 GB
    Memory Allocated: 0.4429593086242676  GigaBytes
Max Memory Allocated: 12.009051322937012  GigaBytes

----------------------------------------------------------pseudo_mini_loss sum 3.6198666095733643
loading full batch data spends  0.7186219692230225
random partition time  0.03472161293029785

block_gen_time in "generate_blocks_for_one_layer_block"  5.369188070297241


block_gen_time in "generate_blocks_for_one_layer_block"  43.16289472579956

connection checking time:  56.33808708190918
block generation total time  43.16289472579956
generate_dataloader_block spend   113.66183996200562
pure train time  5.513412952423096
-----------------------------------------after optimizer zero grad
 Nvidia-smi: 14.8984375 GB
    Memory Allocated: 0.44472789764404297  GigaBytes
Max Memory Allocated: 12.009051322937012  GigaBytes

----------------------------------------------------------pseudo_mini_loss sum 3.4909095764160156
loading full batch data spends  0.7210521697998047
random partition time  0.031012535095214844

block_gen_time in "generate_blocks_for_one_layer_block"  5.016740083694458


block_gen_time in "generate_blocks_for_one_layer_block"  42.40716004371643

connection checking time:  56.430485248565674
block generation total time  42.40716004371643
generate_dataloader_block spend   112.65491056442261
pure train time  5.35735297203064
-----------------------------------------after optimizer zero grad
 Nvidia-smi: 14.8984375 GB
    Memory Allocated: 0.44208574295043945  GigaBytes
Max Memory Allocated: 12.009051322937012  GigaBytes

----------------------------------------------------------pseudo_mini_loss sum 3.3645496368408203
loading full batch data spends  0.7175159454345703
random partition time  0.014296293258666992

block_gen_time in "generate_blocks_for_one_layer_block"  4.995177984237671


block_gen_time in "generate_blocks_for_one_layer_block"  42.82008337974548

connection checking time:  55.716410398483276
block generation total time  42.82008337974548
generate_dataloader_block spend   111.48523902893066
pure train time  5.372066259384155
-----------------------------------------after optimizer zero grad
 Nvidia-smi: 14.8984375 GB
    Memory Allocated: 0.44468259811401367  GigaBytes
Max Memory Allocated: 12.009051322937012  GigaBytes

----------------------------------------------------------pseudo_mini_loss sum 3.2469472885131836
Total (block generation + training)time/epoch 122.30931057248797
pure train time/epoch 5.348587274551392

num_input_list  [18672875, 18676804, 18677631, 18680677, 18675290, 18682648, 18682286, 18669295, 18671220, 18680696]
