main start at this time 1693463153.4014792
#nodes: 2449029
#edges: 123718024
#classes: 47
success----------------------------------------
196571
39255
2164782
# Nodes: 2400608
# Edges: 123718024
# Train: 196571
# Val: 39255
# Test: 2164782
# Classes: 47

in feats:  100
random partition time  0.02530074119567871

block_gen_time in "generate_blocks_for_one_layer_block"  5.635884046554565


block_gen_time in "generate_blocks_for_one_layer_block"  43.28852462768555

connection checking time:  56.747087240219116
block generation total time  43.28852462768555
pure train time  6.189321517944336
-----------------------------------------after optimizer zero grad
 Nvidia-smi: 22.044921875 GB
    Memory Allocated: 0.45137786865234375  GigaBytes
Max Memory Allocated: 12.425142765045166  GigaBytes

----------------------------------------------------------pseudo_mini_loss sum 5.2054972648620605
random partition time  0.02112436294555664

block_gen_time in "generate_blocks_for_one_layer_block"  5.538057565689087


block_gen_time in "generate_blocks_for_one_layer_block"  41.878934383392334

connection checking time:  56.19614362716675
block generation total time  41.878934383392334
pure train time  5.032011270523071
-----------------------------------------after optimizer zero grad
 Nvidia-smi: 22.705078125 GB
    Memory Allocated: 0.4527115821838379  GigaBytes
Max Memory Allocated: 12.449414253234863  GigaBytes

----------------------------------------------------------pseudo_mini_loss sum 4.889433860778809
random partition time  0.0157620906829834

block_gen_time in "generate_blocks_for_one_layer_block"  5.089018821716309


block_gen_time in "generate_blocks_for_one_layer_block"  26.159261226654053

connection checking time:  51.69761371612549
block generation total time  26.159261226654053
pure train time  4.9899702072143555
-----------------------------------------after optimizer zero grad
 Nvidia-smi: 23.36328125 GB
    Memory Allocated: 0.45250749588012695  GigaBytes
Max Memory Allocated: 12.449414253234863  GigaBytes

----------------------------------------------------------pseudo_mini_loss sum 4.591904640197754
loading full batch data spends  0.615729570388794
random partition time  0.03199458122253418

block_gen_time in "generate_blocks_for_one_layer_block"  4.97551965713501


block_gen_time in "generate_blocks_for_one_layer_block"  42.61726999282837

connection checking time:  55.6864070892334
block generation total time  42.61726999282837
generate_dataloader_block spend   111.70473217964172
pure train time  5.016691207885742
-----------------------------------------after optimizer zero grad
 Nvidia-smi: 23.36328125 GB
    Memory Allocated: 0.4517555236816406  GigaBytes
Max Memory Allocated: 12.449414253234863  GigaBytes

----------------------------------------------------------pseudo_mini_loss sum 4.305054664611816
loading full batch data spends  0.719569206237793
random partition time  0.03173232078552246

block_gen_time in "generate_blocks_for_one_layer_block"  2.8811798095703125


block_gen_time in "generate_blocks_for_one_layer_block"  25.740548610687256

connection checking time:  39.00571370124817
block generation total time  25.740548610687256
generate_dataloader_block spend   74.37398886680603
pure train time  4.377176523208618
-----------------------------------------after optimizer zero grad
 Nvidia-smi: 23.36328125 GB
    Memory Allocated: 0.4521942138671875  GigaBytes
Max Memory Allocated: 12.449414253234863  GigaBytes

----------------------------------------------------------pseudo_mini_loss sum 4.036155700683594
loading full batch data spends  0.6716368198394775
random partition time  0.017333269119262695

block_gen_time in "generate_blocks_for_one_layer_block"  2.8776986598968506


block_gen_time in "generate_blocks_for_one_layer_block"  42.496588468551636

connection checking time:  55.61152124404907
block generation total time  42.496588468551636
generate_dataloader_block spend   106.53423690795898
pure train time  5.210978984832764
-----------------------------------------after optimizer zero grad
 Nvidia-smi: 23.36328125 GB
    Memory Allocated: 0.4517531394958496  GigaBytes
Max Memory Allocated: 12.449414253234863  GigaBytes

----------------------------------------------------------pseudo_mini_loss sum 3.8085289001464844
loading full batch data spends  0.6902642250061035
random partition time  0.03505659103393555

block_gen_time in "generate_blocks_for_one_layer_block"  5.501907587051392


block_gen_time in "generate_blocks_for_one_layer_block"  41.57000470161438

connection checking time:  54.73326110839844
block generation total time  41.57000470161438
generate_dataloader_block spend   110.38832831382751
pure train time  5.2623209953308105
-----------------------------------------after optimizer zero grad
 Nvidia-smi: 23.36328125 GB
    Memory Allocated: 0.4506092071533203  GigaBytes
Max Memory Allocated: 12.449414253234863  GigaBytes

----------------------------------------------------------pseudo_mini_loss sum 3.613525629043579
loading full batch data spends  0.5452728271484375
random partition time  0.030609607696533203

block_gen_time in "generate_blocks_for_one_layer_block"  4.985326051712036


block_gen_time in "generate_blocks_for_one_layer_block"  43.24532914161682

connection checking time:  55.5262770652771
block generation total time  43.24532914161682
generate_dataloader_block spend   111.95825958251953
pure train time  5.150949239730835
-----------------------------------------after optimizer zero grad
 Nvidia-smi: 23.376953125 GB
    Memory Allocated: 0.45273256301879883  GigaBytes
Max Memory Allocated: 12.449414253234863  GigaBytes

----------------------------------------------------------pseudo_mini_loss sum 3.4839468002319336
loading full batch data spends  0.703148365020752
random partition time  0.014908790588378906

block_gen_time in "generate_blocks_for_one_layer_block"  3.092557191848755


block_gen_time in "generate_blocks_for_one_layer_block"  42.57638883590698

connection checking time:  56.04304337501526
block generation total time  42.57638883590698
generate_dataloader_block spend   107.13182783126831
pure train time  5.187225818634033
-----------------------------------------after optimizer zero grad
 Nvidia-smi: 23.376953125 GB
    Memory Allocated: 0.450533390045166  GigaBytes
Max Memory Allocated: 12.449414253234863  GigaBytes

----------------------------------------------------------pseudo_mini_loss sum 3.3704073429107666
loading full batch data spends  0.7196545600891113
random partition time  0.03025341033935547

block_gen_time in "generate_blocks_for_one_layer_block"  2.8752567768096924


block_gen_time in "generate_blocks_for_one_layer_block"  42.77295923233032

connection checking time:  53.799482107162476
block generation total time  42.77295923233032
generate_dataloader_block spend   107.01952171325684
pure train time  5.231206893920898
-----------------------------------------after optimizer zero grad
 Nvidia-smi: 23.376953125 GB
    Memory Allocated: 0.4534573554992676  GigaBytes
Max Memory Allocated: 12.449414253234863  GigaBytes

----------------------------------------------------------pseudo_mini_loss sum 3.24407696723938
Total (block generation + training)time/epoch 113.47862110819135
pure train time/epoch 5.069976409276326

num_input_list  [18271281, 18278184, 18277583, 18281926, 18276548, 18285013, 18276605, 18273101, 18272901, 18279835]
