main start at this time 1693459662.4498959
#nodes: 2449029
#edges: 123718024
#classes: 47
success----------------------------------------
196571
39255
2164782
# Nodes: 2400608
# Edges: 123718024
# Train: 196571
# Val: 39255
# Test: 2164782
# Classes: 47

in feats:  100
random partition time  0.031672000885009766

block_gen_time in "generate_blocks_for_one_layer_block"  5.145370721817017


block_gen_time in "generate_blocks_for_one_layer_block"  42.97936272621155

connection checking time:  53.2578821182251
block generation total time  42.97936272621155
pure train time  5.320463418960571
-----------------------------------------after optimizer zero grad
 Nvidia-smi: 16.3671875 GB
    Memory Allocated: 0.4733238220214844  GigaBytes
Max Memory Allocated: 13.951427936553955  GigaBytes

----------------------------------------------------------pseudo_mini_loss sum 5.211260795593262
random partition time  0.019257783889770508

block_gen_time in "generate_blocks_for_one_layer_block"  5.4943835735321045


block_gen_time in "generate_blocks_for_one_layer_block"  41.45612549781799

connection checking time:  53.379695415496826
block generation total time  41.45612549781799
pure train time  4.586578369140625
-----------------------------------------after optimizer zero grad
 Nvidia-smi: 17.8359375 GB
    Memory Allocated: 0.47673654556274414  GigaBytes
Max Memory Allocated: 13.966707229614258  GigaBytes

----------------------------------------------------------pseudo_mini_loss sum 4.894484996795654
random partition time  0.030997753143310547

block_gen_time in "generate_blocks_for_one_layer_block"  5.46371865272522


block_gen_time in "generate_blocks_for_one_layer_block"  41.49214839935303

connection checking time:  47.42393660545349
block generation total time  41.49214839935303
pure train time  4.832392454147339
-----------------------------------------after optimizer zero grad
 Nvidia-smi: 17.8359375 GB
    Memory Allocated: 0.47634267807006836  GigaBytes
Max Memory Allocated: 13.966707229614258  GigaBytes

----------------------------------------------------------pseudo_mini_loss sum 4.59243106842041
loading full batch data spends  0.5981347560882568
random partition time  0.03273606300354004

block_gen_time in "generate_blocks_for_one_layer_block"  3.026350498199463


block_gen_time in "generate_blocks_for_one_layer_block"  25.039350271224976

connection checking time:  36.82071232795715
block generation total time  25.039350271224976
generate_dataloader_block spend   73.52773213386536
pure train time  4.355119943618774
-----------------------------------------after optimizer zero grad
 Nvidia-smi: 17.8359375 GB
    Memory Allocated: 0.4765934944152832  GigaBytes
Max Memory Allocated: 13.982197284698486  GigaBytes

----------------------------------------------------------pseudo_mini_loss sum 4.3026123046875
loading full batch data spends  0.7092490196228027
random partition time  0.017557859420776367

block_gen_time in "generate_blocks_for_one_layer_block"  3.223578929901123


block_gen_time in "generate_blocks_for_one_layer_block"  41.12418007850647

connection checking time:  42.12789702415466
block generation total time  41.12418007850647
generate_dataloader_block spend   92.30236530303955
pure train time  4.8374645709991455
-----------------------------------------after optimizer zero grad
 Nvidia-smi: 17.837890625 GB
    Memory Allocated: 0.47675228118896484  GigaBytes
Max Memory Allocated: 13.995888233184814  GigaBytes

----------------------------------------------------------pseudo_mini_loss sum 4.038832187652588
loading full batch data spends  0.6070923805236816
random partition time  0.03217673301696777

block_gen_time in "generate_blocks_for_one_layer_block"  5.4479897022247314


block_gen_time in "generate_blocks_for_one_layer_block"  40.97788667678833

connection checking time:  52.69895815849304
block generation total time  40.97788667678833
generate_dataloader_block spend   107.80102825164795
pure train time  4.614262580871582
-----------------------------------------after optimizer zero grad
 Nvidia-smi: 17.837890625 GB
    Memory Allocated: 0.4763002395629883  GigaBytes
Max Memory Allocated: 13.995888233184814  GigaBytes

----------------------------------------------------------pseudo_mini_loss sum 3.798837661743164
loading full batch data spends  0.6629602909088135
random partition time  0.01635432243347168

block_gen_time in "generate_blocks_for_one_layer_block"  3.4077470302581787


block_gen_time in "generate_blocks_for_one_layer_block"  41.97176218032837

connection checking time:  52.30814838409424
block generation total time  41.97176218032837
generate_dataloader_block spend   104.48734641075134
pure train time  4.829545736312866
-----------------------------------------after optimizer zero grad
 Nvidia-smi: 17.83984375 GB
    Memory Allocated: 0.47568273544311523  GigaBytes
Max Memory Allocated: 13.995888233184814  GigaBytes

----------------------------------------------------------pseudo_mini_loss sum 3.6163926124572754
loading full batch data spends  0.7080328464508057
random partition time  0.02882099151611328

block_gen_time in "generate_blocks_for_one_layer_block"  5.067924976348877


block_gen_time in "generate_blocks_for_one_layer_block"  41.558486223220825

connection checking time:  52.21074724197388
block generation total time  41.558486223220825
generate_dataloader_block spend   107.28211832046509
pure train time  4.343095064163208
-----------------------------------------after optimizer zero grad
 Nvidia-smi: 17.83984375 GB
    Memory Allocated: 0.47702836990356445  GigaBytes
Max Memory Allocated: 13.995888233184814  GigaBytes

----------------------------------------------------------pseudo_mini_loss sum 3.495987892150879
loading full batch data spends  0.6737203598022461
random partition time  0.0359954833984375

block_gen_time in "generate_blocks_for_one_layer_block"  4.931500434875488


block_gen_time in "generate_blocks_for_one_layer_block"  41.567731618881226

connection checking time:  52.347487926483154
block generation total time  41.567731618881226
generate_dataloader_block spend   105.34360551834106
pure train time  4.836588621139526
-----------------------------------------after optimizer zero grad
 Nvidia-smi: 17.83984375 GB
    Memory Allocated: 0.4733695983886719  GigaBytes
Max Memory Allocated: 13.995888233184814  GigaBytes

----------------------------------------------------------pseudo_mini_loss sum 3.3727166652679443
loading full batch data spends  0.6800379753112793
random partition time  0.03380942344665527

block_gen_time in "generate_blocks_for_one_layer_block"  3.296593427658081


block_gen_time in "generate_blocks_for_one_layer_block"  24.76262593269348

connection checking time:  36.52091121673584
block generation total time  24.76262593269348
generate_dataloader_block spend   70.69247579574585
pure train time  4.767405986785889
-----------------------------------------after optimizer zero grad
 Nvidia-smi: 17.83984375 GB
    Memory Allocated: 0.476931095123291  GigaBytes
Max Memory Allocated: 13.995888233184814  GigaBytes

----------------------------------------------------------pseudo_mini_loss sum 3.2502551078796387
Total (block generation + training)time/epoch 103.23968185697284
pure train time/epoch 4.704727093378703

num_input_list  [16986405, 16984776, 16990017, 16988577, 16985939, 16991961, 16990449, 16977546, 16980453, 16986876]
