main start at this time 1693465582.1818366
#nodes: 2449029
#edges: 123718024
#classes: 47
success----------------------------------------
196571
39255
2164782
# Nodes: 2400608
# Edges: 123718024
# Train: 196571
# Val: 39255
# Test: 2164782
# Classes: 47

in feats:  100
random partition time  0.03150296211242676

block_gen_time in "generate_blocks_for_one_layer_block"  5.405196189880371


block_gen_time in "generate_blocks_for_one_layer_block"  46.37194347381592

connection checking time:  59.48700451850891
block generation total time  46.37194347381592
pure train time  7.334785461425781
-----------------------------------------after optimizer zero grad
 Nvidia-smi: 11.9375 GB
    Memory Allocated: 0.39646100997924805  GigaBytes
Max Memory Allocated: 9.390505313873291  GigaBytes

----------------------------------------------------------pseudo_mini_loss sum 5.209749698638916
random partition time  0.01770186424255371

block_gen_time in "generate_blocks_for_one_layer_block"  6.108734607696533


block_gen_time in "generate_blocks_for_one_layer_block"  27.081610679626465

connection checking time:  49.005128145217896
block generation total time  27.081610679626465
pure train time  6.3671653270721436
-----------------------------------------after optimizer zero grad
 Nvidia-smi: 11.94921875 GB
    Memory Allocated: 0.39640140533447266  GigaBytes
Max Memory Allocated: 9.390505313873291  GigaBytes

----------------------------------------------------------pseudo_mini_loss sum 4.890166759490967
random partition time  0.030887126922607422

block_gen_time in "generate_blocks_for_one_layer_block"  5.6392645835876465


block_gen_time in "generate_blocks_for_one_layer_block"  44.86466646194458

connection checking time:  43.437987089157104
block generation total time  44.86466646194458
pure train time  6.105484962463379
-----------------------------------------after optimizer zero grad
 Nvidia-smi: 12.4375 GB
    Memory Allocated: 0.3978257179260254  GigaBytes
Max Memory Allocated: 9.390505313873291  GigaBytes

----------------------------------------------------------pseudo_mini_loss sum 4.592508316040039
loading full batch data spends  0.6637990474700928
random partition time  0.01635575294494629

block_gen_time in "generate_blocks_for_one_layer_block"  3.534787893295288


block_gen_time in "generate_blocks_for_one_layer_block"  47.72324848175049

connection checking time:  53.7449426651001
block generation total time  47.72324848175049
generate_dataloader_block spend   110.49262762069702
pure train time  6.894266843795776
-----------------------------------------after optimizer zero grad
 Nvidia-smi: 12.4375 GB
    Memory Allocated: 0.3989095687866211  GigaBytes
Max Memory Allocated: 9.390505313873291  GigaBytes

----------------------------------------------------------pseudo_mini_loss sum 4.311176776885986
loading full batch data spends  0.7485001087188721
random partition time  0.03329873085021973

block_gen_time in "generate_blocks_for_one_layer_block"  6.010713815689087


block_gen_time in "generate_blocks_for_one_layer_block"  46.75326108932495

connection checking time:  61.3651065826416
block generation total time  46.75326108932495
generate_dataloader_block spend   122.84298086166382
pure train time  6.433553218841553
-----------------------------------------after optimizer zero grad
 Nvidia-smi: 12.4375 GB
    Memory Allocated: 0.39902639389038086  GigaBytes
Max Memory Allocated: 9.390505313873291  GigaBytes

----------------------------------------------------------pseudo_mini_loss sum 4.037691593170166
loading full batch data spends  0.6785478591918945
random partition time  0.033792734146118164

block_gen_time in "generate_blocks_for_one_layer_block"  5.578364610671997


block_gen_time in "generate_blocks_for_one_layer_block"  45.10307168960571

connection checking time:  59.22818398475647
block generation total time  45.10307168960571
generate_dataloader_block spend   118.7421727180481
pure train time  6.624483823776245
-----------------------------------------after optimizer zero grad
 Nvidia-smi: 12.4375 GB
    Memory Allocated: 0.39783811569213867  GigaBytes
Max Memory Allocated: 9.390505313873291  GigaBytes

----------------------------------------------------------pseudo_mini_loss sum 3.796419858932495
loading full batch data spends  0.7448549270629883
random partition time  0.031911611557006836

block_gen_time in "generate_blocks_for_one_layer_block"  5.11565089225769


block_gen_time in "generate_blocks_for_one_layer_block"  45.524314403533936

connection checking time:  52.58036017417908
block generation total time  45.524314403533936
generate_dataloader_block spend   111.57910490036011
pure train time  6.627644062042236
-----------------------------------------after optimizer zero grad
 Nvidia-smi: 12.4375 GB
    Memory Allocated: 0.3975677490234375  GigaBytes
Max Memory Allocated: 9.390505313873291  GigaBytes

----------------------------------------------------------pseudo_mini_loss sum 3.618597984313965
loading full batch data spends  0.7262804508209229
random partition time  0.03253579139709473

block_gen_time in "generate_blocks_for_one_layer_block"  2.9915196895599365


block_gen_time in "generate_blocks_for_one_layer_block"  45.45330619812012

connection checking time:  59.54805564880371
block generation total time  45.45330619812012
generate_dataloader_block spend   113.74845600128174
pure train time  7.015198230743408
-----------------------------------------after optimizer zero grad
 Nvidia-smi: 12.4375 GB
    Memory Allocated: 0.3981766700744629  GigaBytes
Max Memory Allocated: 9.390505313873291  GigaBytes

----------------------------------------------------------pseudo_mini_loss sum 3.479557752609253
loading full batch data spends  0.724804162979126
random partition time  0.02928328514099121

block_gen_time in "generate_blocks_for_one_layer_block"  5.221869230270386


block_gen_time in "generate_blocks_for_one_layer_block"  45.03835725784302

connection checking time:  60.01443386077881
block generation total time  45.03835725784302
generate_dataloader_block spend   119.05469632148743
pure train time  6.5821075439453125
-----------------------------------------after optimizer zero grad
 Nvidia-smi: 12.4375 GB
    Memory Allocated: 0.3955392837524414  GigaBytes
Max Memory Allocated: 9.390505313873291  GigaBytes

----------------------------------------------------------pseudo_mini_loss sum 3.3751511573791504
loading full batch data spends  0.7277238368988037
random partition time  0.016978740692138672

block_gen_time in "generate_blocks_for_one_layer_block"  5.273336410522461


block_gen_time in "generate_blocks_for_one_layer_block"  44.56967878341675

connection checking time:  58.63246703147888
block generation total time  44.56967878341675
generate_dataloader_block spend   116.41637325286865
pure train time  6.637004852294922
-----------------------------------------after optimizer zero grad
 Nvidia-smi: 12.4375 GB
    Memory Allocated: 0.3980574607849121  GigaBytes
Max Memory Allocated: 9.390505313873291  GigaBytes

----------------------------------------------------------pseudo_mini_loss sum 3.2451157569885254
Total (block generation + training)time/epoch 127.49120347840446
pure train time/epoch 6.653331955273946

num_input_list  [21407841, 21415481, 21422892, 21422814, 21421219, 21431765, 21425114, 21414899, 21416573, 21424509]
