Thread ID: Thread ID: Thread ID: Thread ID: Thread ID: Thread ID: Thread ID: 1
0
Thread ID: 4
9Thread ID: Thread ID: 2
Thread ID: 
8
11Thread ID: 
10
3
5
7
6
Time taken by function: 118184 microseconds
Time taken by function: 174062 microseconds
Time taken by function: 189708 microseconds
Time taken by function: 192828 microseconds
Time taken by function: 193063 microseconds
Time taken by function: 193954 microseconds
Time taken by function: 195111 microseconds
Time taken by function: 195590 microseconds
Time taken by function: 202484 microseconds
Time taken by function: 206320 microseconds
Time taken by function: 206384 microseconds
Time taken by function: 209330 microseconds
Openmp Time taken by function: 210105 microseconds
gen-src C++ Time taken by function: 865147 microseconds
