main start at this time 1689910221.2622032
-----------------------------------------before load data 
 Nvidia-smi: 0.166015625 GB
    Memory Allocated: 0.0  GigaBytes
Max Memory Allocated: 0.0  GigaBytes

#nodes: 2449029
#edges: 123718024
#classes: 47
success----------------------------------------
196571
39255
2164782
# Nodes: 2400608
# Edges: 123718024
# Train: 196571
# Val: 39255
# Test: 2164782
# Classes: 47

----------------------------------------start of run function 
 Nvidia-smi: 0.166015625 GB
    Memory Allocated: 0.0  GigaBytes
Max Memory Allocated: 0.0  GigaBytes

len(bkt)  173
len(bkt)  221
len(bkt)  374
len(bkt)  456
len(bkt)  445
len(bkt)  550
len(bkt)  655
len(bkt)  512
len(bkt)  576
len(bkt)  640
len(bkt)  624
len(bkt)  583
len(bkt)  615
len(bkt)  695
len(bkt)  673
len(bkt)  614
len(bkt)  556
len(bkt)  604
len(bkt)  584
len(bkt)  572
len(bkt)  586
len(bkt)  592
len(bkt)  648
len(bkt)  645
len(bkt)  183378
---||-----||-----||-----||-----||-----||-----||-----||-----||-----||-----||-----||-----||-----||-----||-----||-----||-----||-----||-----||--
type of fanout_dst_nids  <class 'torch.Tensor'>
sum(estimated_mem)
7.232344365911213
24
the grouping_fanout_1 called successfully
capacity  800
sorted_dict  {23: 595, 22: 583, 21: 545, 20: 494, 18: 455, 19: 448, 17: 427, 16: 410, 15: 388, 14: 383, 13: 362, 12: 331, 11: 281, 10: 280, 9: 253, 8: 211, 7: 181, 6: 165, 5: 132, 4: 95, 3: 72, 1: 53, 2: 46, 0: 31}

weights after sort [595, 583, 545, 494, 455, 448, 427, 410, 388, 383, 362, 331, 281, 280, 253, 211, 181, 165, 132, 95, 72, 53, 46, 31]

remove bucket_id:  [8, 13, 18]
original bucket_id :,  [15, 10, 5]
remove weights:  [388 280 132], 		------------sum 800

before remove weights,  [595, 583, 545, 494, 455, 448, 427, 410, 388, 383, 362, 331, 281, 280, 253, 211, 181, 165, 132, 95, 72, 53, 46, 31]
after remove pre pack weights,  [595, 583, 545, 494, 455, 448, 427, 410, 383, 362, 331, 281, 253, 211, 181, 165, 95, 72, 53, 46, 31]

remove bucket_id:  [3, 13, 16]
original bucket_id :,  [20, 8, 4]
remove weights:  [494 211  95], 		------------sum 800

before remove weights,  [595, 583, 545, 494, 455, 448, 427, 410, 383, 362, 331, 281, 253, 211, 181, 165, 95, 72, 53, 46, 31]
after remove pre pack weights,  [595, 583, 545, 455, 448, 427, 410, 383, 362, 331, 281, 253, 181, 165, 72, 53, 46, 31]

remove bucket_id:  [11, 15, 16]
original bucket_id :,  [9, 1, 2]
remove weights:  [253  53  46], 		------------sum 352

before remove weights,  [595, 583, 545, 455, 448, 427, 410, 383, 362, 331, 281, 253, 181, 165, 72, 53, 46, 31]
after remove pre pack weights,  [595, 583, 545, 455, 448, 427, 410, 383, 362, 331, 281, 181, 165, 72, 31]

remove bucket_id:  [2, 11, 13]
original bucket_id :,  [21, 7, 3]
remove weights:  [545 181  72], 		------------sum 798

before remove weights,  [595, 583, 545, 455, 448, 427, 410, 383, 362, 331, 281, 181, 165, 72, 31]
after remove pre pack weights,  [595, 583, 455, 448, 427, 410, 383, 362, 331, 281, 165, 31]

remove bucket_id:  [5, 6]
original bucket_id :,  [16, 14]
remove weights:  [410 383], 		------------sum 793

before remove weights,  [595, 583, 455, 448, 427, 410, 383, 362, 331, 281, 165, 31]
after remove pre pack weights,  [595, 583, 455, 448, 427, 362, 331, 281, 165, 31]

remove bucket_id:  [0, 8, 9]
original bucket_id :,  [23, 6, 0]
remove weights:  [595 165  31], 		------------sum 791

before remove weights,  [595, 583, 455, 448, 427, 362, 331, 281, 165, 31]
after remove pre pack weights,  [583, 455, 448, 427, 362, 331, 281]

remove bucket_id:  [3, 4]
original bucket_id :,  [17, 13]
remove weights:  [427 362], 		------------sum 789

before remove weights,  [583, 455, 448, 427, 362, 331, 281]
after remove pre pack weights,  [583, 455, 448, 331, 281]

remove bucket_id:  [1, 3]
original bucket_id :,  [18, 12]
remove weights:  [455 331], 		------------sum 786

before remove weights,  [583, 455, 448, 331, 281]
after remove pre pack weights,  [583, 448, 281]

remove bucket_id:  [1, 2]
original bucket_id :,  [19, 11]
remove weights:  [448 281], 		------------sum 729

before remove weights,  [583, 448, 281]
after remove pre pack weights,  [583]
the last batch value is  583
G_BUCKET_ID_list [[15, 10, 5], [20, 8, 4], [9, 1, 2], [21, 7, 3], [16, 14], [23, 6, 0], [17, 13], [18, 12], [19, 11], [22]]
[[15, 10, 5], [20, 8, 4], [9, 1, 2], [21, 7, 3], [16, 14], [23, 6, 0], [17, 13], [18, 12], [19, 11], [22]]
G_BUCKET_ID_list length 10
backpack scheduling spend  0.05053353309631348
len(g_bucket_nids_list)  10
len(local_split_batches_nid_list)  12
current group_mem  0.8019796341228467
current group_mem  0.8010797697750498
current group_mem  0.3533575516234331
current group_mem  0.7989636946111522
current group_mem  0.7939272227587294
current group_mem  0.7924511371955659
current group_mem  0.7893589757965587
current group_mem  0.7878507379176494
current group_mem  0.729541067709857
current group_mem  0.5838345744003708
batches output list generation spend  0.0003402233123779297
self.weights_list  [0.08683885211959037, 0.08591806522833989, 0.08402561924190241, 0.08567896586983838, 0.08399509591954052, 0.0852363776955909, 0.08435120134709596, 0.08384247930773105, 0.0836186416104105, 0.08103942087083038, 0.07774290205574576, 0.07771237873338387]
bkt_dst_nodes_list = self.get_in_degree_bucketing() spend:  0.022549152374267578
self.gen_batches_seeds_list(bkt_dst_nodes_list_local) spend  0.051111459732055664
len local_batched_seeds_list  12
partition total batch output list spend :  1.1396148204803467
self.buckets_partition() spend  sec:  0.07367348670959473
layer  0
 the number of batches:  12
check_connections_block*********************************

the find indices time spent  0.392319917678833

in edges time spent  0.7424755096435547
local to global src and eids time spent  2.1991794109344482
time gen tails  0.5331470966339111
res  length 12
layer  1
num of batch  12
check_connections_block*********************************

the find indices time spent  1.289811134338379

in edges time spent  6.713070631027222
local to global src and eids time spent  14.885861158370972
time gen tails  2.718926191329956
res  length 12
step  0
----------------------------------------after loss function
 Nvidia-smi: 22.85546875 GB
    Memory Allocated: 20.87930727005005  GigaBytes
Max Memory Allocated: 21.243483066558838  GigaBytes

step  1
----------------------------------------after loss function
 Nvidia-smi: 22.83203125 GB
    Memory Allocated: 20.86750030517578  GigaBytes
Max Memory Allocated: 21.243483066558838  GigaBytes

step  2
----------------------------------------after loss function
 Nvidia-smi: 22.83203125 GB
    Memory Allocated: 20.459396362304688  GigaBytes
Max Memory Allocated: 21.243483066558838  GigaBytes

step  3
----------------------------------------after loss function
 Nvidia-smi: 22.953125 GB
    Memory Allocated: 20.961812496185303  GigaBytes
Max Memory Allocated: 21.328181743621826  GigaBytes

step  4
----------------------------------------after loss function
 Nvidia-smi: 22.87109375 GB
    Memory Allocated: 20.89730930328369  GigaBytes
Max Memory Allocated: 21.328181743621826  GigaBytes

step  5
----------------------------------------after loss function
 Nvidia-smi: 22.8828125 GB
    Memory Allocated: 20.870521068572998  GigaBytes
Max Memory Allocated: 21.328181743621826  GigaBytes

step  6
----------------------------------------after loss function
 Nvidia-smi: 23.0234375 GB
    Memory Allocated: 20.96028709411621  GigaBytes
Max Memory Allocated: 21.328181743621826  GigaBytes

step  7
----------------------------------------after loss function
 Nvidia-smi: 23.0234375 GB
    Memory Allocated: 20.925491333007812  GigaBytes
Max Memory Allocated: 21.328181743621826  GigaBytes

step  8
----------------------------------------after loss function
 Nvidia-smi: 23.0234375 GB
    Memory Allocated: 20.873311519622803  GigaBytes
Max Memory Allocated: 21.328181743621826  GigaBytes

step  9
----------------------------------------after loss function
 Nvidia-smi: 23.0234375 GB
    Memory Allocated: 20.763845920562744  GigaBytes
Max Memory Allocated: 21.328181743621826  GigaBytes

step  10
----------------------------------------after loss function
 Nvidia-smi: 23.0234375 GB
    Memory Allocated: 20.212109565734863  GigaBytes
Max Memory Allocated: 21.328181743621826  GigaBytes

step  11
----------------------------------------after loss function
 Nvidia-smi: 23.0234375 GB
    Memory Allocated: 20.213406562805176  GigaBytes
Max Memory Allocated: 21.328181743621826  GigaBytes

----------------------------------------after optimizer
 Nvidia-smi: 23.0234375 GB
    Memory Allocated: 0.5699458122253418  GigaBytes
Max Memory Allocated: 21.328181743621826  GigaBytes

----------------------------------------------------------pseudo_mini_loss sum 5.206783771514893
pure train time :  3.2125368118286133
train time :  6.54771614074707
end to end time :  85.28054738044739
connection check time:  33.82779049873352
block generation time  43.671669006347656
len(bkt)  173
len(bkt)  221
len(bkt)  374
len(bkt)  456
len(bkt)  445
len(bkt)  550
len(bkt)  655
len(bkt)  512
len(bkt)  576
len(bkt)  640
len(bkt)  624
len(bkt)  583
len(bkt)  615
len(bkt)  695
len(bkt)  673
len(bkt)  614
len(bkt)  556
len(bkt)  604
len(bkt)  584
len(bkt)  572
len(bkt)  586
len(bkt)  592
len(bkt)  648
len(bkt)  645
len(bkt)  183378
---||-----||-----||-----||-----||-----||-----||-----||-----||-----||-----||-----||-----||-----||-----||-----||-----||-----||-----||-----||--
type of fanout_dst_nids  <class 'torch.Tensor'>
sum(estimated_mem)
7.232344365911213
24
the grouping_fanout_1 called successfully
capacity  800
sorted_dict  {23: 595, 22: 583, 21: 545, 20: 494, 18: 455, 19: 448, 17: 427, 16: 410, 15: 388, 14: 383, 13: 362, 12: 331, 11: 281, 10: 280, 9: 253, 8: 211, 7: 181, 6: 165, 5: 132, 4: 95, 3: 72, 1: 53, 2: 46, 0: 31}

weights after sort [595, 583, 545, 494, 455, 448, 427, 410, 388, 383, 362, 331, 281, 280, 253, 211, 181, 165, 132, 95, 72, 53, 46, 31]

remove bucket_id:  [8, 13, 18]
original bucket_id :,  [15, 10, 5]
remove weights:  [388 280 132], 		------------sum 800

before remove weights,  [595, 583, 545, 494, 455, 448, 427, 410, 388, 383, 362, 331, 281, 280, 253, 211, 181, 165, 132, 95, 72, 53, 46, 31]
after remove pre pack weights,  [595, 583, 545, 494, 455, 448, 427, 410, 383, 362, 331, 281, 253, 211, 181, 165, 95, 72, 53, 46, 31]

remove bucket_id:  [3, 13, 16]
original bucket_id :,  [20, 8, 4]
remove weights:  [494 211  95], 		------------sum 800

before remove weights,  [595, 583, 545, 494, 455, 448, 427, 410, 383, 362, 331, 281, 253, 211, 181, 165, 95, 72, 53, 46, 31]
after remove pre pack weights,  [595, 583, 545, 455, 448, 427, 410, 383, 362, 331, 281, 253, 181, 165, 72, 53, 46, 31]

remove bucket_id:  [11, 15, 16]
original bucket_id :,  [9, 1, 2]
remove weights:  [253  53  46], 		------------sum 352

before remove weights,  [595, 583, 545, 455, 448, 427, 410, 383, 362, 331, 281, 253, 181, 165, 72, 53, 46, 31]
after remove pre pack weights,  [595, 583, 545, 455, 448, 427, 410, 383, 362, 331, 281, 181, 165, 72, 31]

remove bucket_id:  [2, 11, 13]
original bucket_id :,  [21, 7, 3]
remove weights:  [545 181  72], 		------------sum 798

before remove weights,  [595, 583, 545, 455, 448, 427, 410, 383, 362, 331, 281, 181, 165, 72, 31]
after remove pre pack weights,  [595, 583, 455, 448, 427, 410, 383, 362, 331, 281, 165, 31]

remove bucket_id:  [5, 6]
original bucket_id :,  [16, 14]
remove weights:  [410 383], 		------------sum 793

before remove weights,  [595, 583, 455, 448, 427, 410, 383, 362, 331, 281, 165, 31]
after remove pre pack weights,  [595, 583, 455, 448, 427, 362, 331, 281, 165, 31]

remove bucket_id:  [0, 8, 9]
original bucket_id :,  [23, 6, 0]
remove weights:  [595 165  31], 		------------sum 791

before remove weights,  [595, 583, 455, 448, 427, 362, 331, 281, 165, 31]
after remove pre pack weights,  [583, 455, 448, 427, 362, 331, 281]

remove bucket_id:  [3, 4]
original bucket_id :,  [17, 13]
remove weights:  [427 362], 		------------sum 789

before remove weights,  [583, 455, 448, 427, 362, 331, 281]
after remove pre pack weights,  [583, 455, 448, 331, 281]

remove bucket_id:  [1, 3]
original bucket_id :,  [18, 12]
remove weights:  [455 331], 		------------sum 786

before remove weights,  [583, 455, 448, 331, 281]
after remove pre pack weights,  [583, 448, 281]

remove bucket_id:  [1, 2]
original bucket_id :,  [19, 11]
remove weights:  [448 281], 		------------sum 729

before remove weights,  [583, 448, 281]
after remove pre pack weights,  [583]
the last batch value is  583
G_BUCKET_ID_list [[15, 10, 5], [20, 8, 4], [9, 1, 2], [21, 7, 3], [16, 14], [23, 6, 0], [17, 13], [18, 12], [19, 11], [22]]
[[15, 10, 5], [20, 8, 4], [9, 1, 2], [21, 7, 3], [16, 14], [23, 6, 0], [17, 13], [18, 12], [19, 11], [22]]
G_BUCKET_ID_list length 10
backpack scheduling spend  0.1340467929840088
len(g_bucket_nids_list)  10
len(local_split_batches_nid_list)  12
current group_mem  0.8019796341228467
current group_mem  0.8010797697750498
current group_mem  0.3533575516234331
current group_mem  0.7989636946111522
current group_mem  0.7939272227587294
current group_mem  0.7924511371955659
current group_mem  0.7893589757965587
current group_mem  0.7878507379176494
current group_mem  0.729541067709857
current group_mem  0.5838345744003708
batches output list generation spend  0.0004277229309082031
self.weights_list  [0.08683885211959037, 0.08591806522833989, 0.08402561924190241, 0.08567896586983838, 0.08399509591954052, 0.0852363776955909, 0.08435120134709596, 0.08384247930773105, 0.0836186416104105, 0.08103942087083038, 0.07774290205574576, 0.07771237873338387]
bkt_dst_nodes_list = self.get_in_degree_bucketing() spend:  0.024340152740478516
self.gen_batches_seeds_list(bkt_dst_nodes_list_local) spend  0.13466668128967285
len local_batched_seeds_list  12
partition total batch output list spend :  3.240891933441162
self.buckets_partition() spend  sec:  0.1590287685394287
layer  0
 the number of batches:  12
check_connections_block*********************************

the find indices time spent  0.48179030418395996

in edges time spent  0.8677432537078857
local to global src and eids time spent  2.2026424407958984
time gen tails  0.5322287082672119
res  length 12
layer  1
num of batch  12
check_connections_block*********************************

the find indices time spent  1.311906099319458

in edges time spent  6.798415660858154
local to global src and eids time spent  14.935465812683105
time gen tails  2.616034746170044
res  length 12
step  0
----------------------------------------after loss function
 Nvidia-smi: 23.03125 GB
    Memory Allocated: 20.88991355895996  GigaBytes
Max Memory Allocated: 21.328181743621826  GigaBytes

step  1
----------------------------------------after loss function
 Nvidia-smi: 23.04296875 GB
    Memory Allocated: 20.889187335968018  GigaBytes
Max Memory Allocated: 21.328181743621826  GigaBytes

step  2
----------------------------------------after loss function
 Nvidia-smi: 23.04296875 GB
    Memory Allocated: 20.487768173217773  GigaBytes
Max Memory Allocated: 21.328181743621826  GigaBytes

step  3
----------------------------------------after loss function
 Nvidia-smi: 23.064453125 GB
    Memory Allocated: 20.817050457000732  GigaBytes
Max Memory Allocated: 21.328181743621826  GigaBytes

step  4
----------------------------------------after loss function
 Nvidia-smi: 23.064453125 GB
    Memory Allocated: 20.791764736175537  GigaBytes
Max Memory Allocated: 21.328181743621826  GigaBytes

step  5
----------------------------------------after loss function
 Nvidia-smi: 23.064453125 GB
    Memory Allocated: 20.934958457946777  GigaBytes
Max Memory Allocated: 21.328181743621826  GigaBytes

step  6
----------------------------------------after loss function
 Nvidia-smi: 23.064453125 GB
    Memory Allocated: 20.959117889404297  GigaBytes
Max Memory Allocated: 21.328181743621826  GigaBytes

step  7
----------------------------------------after loss function
 Nvidia-smi: 23.064453125 GB
    Memory Allocated: 20.912869453430176  GigaBytes
Max Memory Allocated: 21.328181743621826  GigaBytes

step  8
----------------------------------------after loss function
 Nvidia-smi: 23.064453125 GB
    Memory Allocated: 20.880499362945557  GigaBytes
Max Memory Allocated: 21.328181743621826  GigaBytes

step  9
----------------------------------------after loss function
 Nvidia-smi: 23.064453125 GB
    Memory Allocated: 20.78062629699707  GigaBytes
Max Memory Allocated: 21.328181743621826  GigaBytes

step  10
----------------------------------------after loss function
 Nvidia-smi: 23.064453125 GB
    Memory Allocated: 20.31846570968628  GigaBytes
Max Memory Allocated: 21.328181743621826  GigaBytes

step  11
----------------------------------------after loss function
 Nvidia-smi: 23.064453125 GB
    Memory Allocated: 20.271262645721436  GigaBytes
Max Memory Allocated: 21.328181743621826  GigaBytes

----------------------------------------after optimizer
 Nvidia-smi: 23.064453125 GB
    Memory Allocated: 0.5745038986206055  GigaBytes
Max Memory Allocated: 21.328181743621826  GigaBytes

----------------------------------------------------------pseudo_mini_loss sum 3.4725756645202637
pure train time :  2.3364462852478027
train time :  5.501346826553345
end to end time :  86.70132279396057
connection check time:  33.79438233375549
block generation time  44.03573393821716
end to end time  87.62132692337036
Total (block generation + training)time/epoch 87.62132692337036
