main start at this time 1693466854.3772476
#nodes: 2449029
#edges: 123718024
#classes: 47
success----------------------------------------
196571
39255
2164782
# Nodes: 2400608
# Edges: 123718024
# Train: 196571
# Val: 39255
# Test: 2164782
# Classes: 47

in feats:  100
Convert a graph into a bidirected graph: 1.578 seconds, peak memory: 30.430 GB
Construct multi-constraint weights: 0.000 seconds, peak memory: 30.430 GB
Metis partitioning: 2.707 seconds, peak memory: 30.430 GB
Split the graph: 0.283 seconds
Construct subgraphs: 0.133 seconds
12432
12040
12018
12546
12021
12287
12319
12608
12154
12544
12535
12265
12199
12452
12080
12071
metis partition time  4.732404708862305
The batched output nid list before graph partition

block_gen_time in "generate_blocks_for_one_layer_block"  7.214024066925049


block_gen_time in "generate_blocks_for_one_layer_block"  45.8357892036438

connection checking time:  60.86170721054077
block generation total time  53.04981327056885
pure train time  5.942163467407227
-----------------------------------------after optimizer zero grad
 Nvidia-smi: 19.720703125 GB
    Memory Allocated: 0.5337185859680176  GigaBytes
Max Memory Allocated: 17.145662784576416  GigaBytes

----------------------------------------------------------pseudo_mini_loss sum 5.206271648406982
Convert a graph into a bidirected graph: 0.475 seconds, peak memory: 78.254 GB
Construct multi-constraint weights: 0.000 seconds, peak memory: 78.254 GB
Metis partitioning: 2.841 seconds, peak memory: 78.254 GB
Split the graph: 0.240 seconds
Construct subgraphs: 0.063 seconds
12432
12040
12018
12546
12021
12287
12319
12608
12154
12544
12535
12265
12199
12452
12080
12071
metis partition time  3.6514651775360107
The batched output nid list before graph partition

block_gen_time in "generate_blocks_for_one_layer_block"  6.177643299102783


block_gen_time in "generate_blocks_for_one_layer_block"  46.57340717315674

connection checking time:  60.184329986572266
block generation total time  52.75105047225952
pure train time  5.181554079055786
-----------------------------------------after optimizer zero grad
 Nvidia-smi: 19.724609375 GB
    Memory Allocated: 0.5300636291503906  GigaBytes
Max Memory Allocated: 17.145662784576416  GigaBytes

----------------------------------------------------------pseudo_mini_loss sum 4.884178638458252
Convert a graph into a bidirected graph: 0.506 seconds, peak memory: 78.254 GB
Construct multi-constraint weights: 0.000 seconds, peak memory: 78.254 GB
Metis partitioning: 2.941 seconds, peak memory: 78.254 GB
Split the graph: 0.341 seconds
Construct subgraphs: 0.078 seconds
12432
12040
12018
12546
12021
12287
12319
12608
12154
12544
12535
12265
12199
12452
12080
12071
metis partition time  3.8973915576934814
The batched output nid list before graph partition

block_gen_time in "generate_blocks_for_one_layer_block"  6.217381477355957


block_gen_time in "generate_blocks_for_one_layer_block"  45.45490598678589

connection checking time:  59.25659441947937
block generation total time  51.672287464141846
pure train time  5.187800884246826
-----------------------------------------after optimizer zero grad
 Nvidia-smi: 19.7265625 GB
    Memory Allocated: 0.532681941986084  GigaBytes
Max Memory Allocated: 17.145662784576416  GigaBytes

----------------------------------------------------------pseudo_mini_loss sum 4.603647708892822
loading full batch data spends  0.8934261798858643
Convert a graph into a bidirected graph: 0.452 seconds, peak memory: 78.254 GB
Construct multi-constraint weights: 0.000 seconds, peak memory: 78.254 GB
Metis partitioning: 2.843 seconds, peak memory: 78.254 GB
Split the graph: 0.371 seconds
Construct subgraphs: 0.090 seconds
12523
12289
12207
12121
11985
12388
12014
11967
12621
12583
12437
12412
12002
12001
12475
12546
metis partition time  3.7702834606170654
The batched output nid list before graph partition

block_gen_time in "generate_blocks_for_one_layer_block"  6.154479742050171


block_gen_time in "generate_blocks_for_one_layer_block"  46.04629039764404

connection checking time:  59.60220122337341
block generation total time  52.200770139694214
generate_dataloader_block spend   119.10450792312622
pure train time  4.951100587844849
-----------------------------------------after optimizer zero grad
 Nvidia-smi: 20.630859375 GB
    Memory Allocated: 0.5376672744750977  GigaBytes
Max Memory Allocated: 17.203510761260986  GigaBytes

----------------------------------------------------------pseudo_mini_loss sum 4.306918144226074
loading full batch data spends  0.8218560218811035
Convert a graph into a bidirected graph: 0.451 seconds, peak memory: 78.254 GB
Construct multi-constraint weights: 0.000 seconds, peak memory: 78.254 GB
Metis partitioning: 2.977 seconds, peak memory: 78.254 GB
Split the graph: 0.239 seconds
Construct subgraphs: 0.083 seconds
12432
12040
12018
12546
12021
12287
12319
12608
12154
12544
12535
12265
12199
12452
12080
12071
metis partition time  3.7723989486694336
The batched output nid list before graph partition

block_gen_time in "generate_blocks_for_one_layer_block"  6.375408172607422


block_gen_time in "generate_blocks_for_one_layer_block"  44.71571326255798

connection checking time:  56.87343645095825
block generation total time  51.091121435165405
generate_dataloader_block spend   115.38821220397949
pure train time  4.5327630043029785
-----------------------------------------after optimizer zero grad
 Nvidia-smi: 20.826171875 GB
    Memory Allocated: 0.5375709533691406  GigaBytes
Max Memory Allocated: 17.203510761260986  GigaBytes

----------------------------------------------------------pseudo_mini_loss sum 4.04254150390625
loading full batch data spends  0.8279919624328613
Convert a graph into a bidirected graph: 0.474 seconds, peak memory: 81.297 GB
Construct multi-constraint weights: 0.000 seconds, peak memory: 81.297 GB
Metis partitioning: 2.731 seconds, peak memory: 81.297 GB
Split the graph: 0.304 seconds
Construct subgraphs: 0.053 seconds
12432
12040
12018
12546
12021
12287
12319
12608
12154
12544
12535
12265
12199
12452
12080
12071
metis partition time  3.5744612216949463
The batched output nid list before graph partition

block_gen_time in "generate_blocks_for_one_layer_block"  5.740665435791016


block_gen_time in "generate_blocks_for_one_layer_block"  42.282082319259644

connection checking time:  56.37811517715454
block generation total time  48.02274775505066
generate_dataloader_block spend   111.44413256645203
pure train time  4.2351977825164795
-----------------------------------------after optimizer zero grad
 Nvidia-smi: 20.830078125 GB
    Memory Allocated: 0.5297441482543945  GigaBytes
Max Memory Allocated: 17.203510761260986  GigaBytes

----------------------------------------------------------pseudo_mini_loss sum 3.8054795265197754
loading full batch data spends  0.7479162216186523
Convert a graph into a bidirected graph: 0.439 seconds, peak memory: 81.297 GB
Construct multi-constraint weights: 0.000 seconds, peak memory: 81.297 GB
Metis partitioning: 2.816 seconds, peak memory: 81.297 GB
Split the graph: 0.290 seconds
Construct subgraphs: 0.077 seconds
12432
12040
12018
12546
12021
12287
12319
12608
12154
12544
12535
12265
12199
12452
12080
12071
metis partition time  3.6435015201568604
The batched output nid list before graph partition

block_gen_time in "generate_blocks_for_one_layer_block"  5.193316221237183


block_gen_time in "generate_blocks_for_one_layer_block"  42.853564977645874

connection checking time:  56.717517614364624
block generation total time  48.04688119888306
generate_dataloader_block spend   111.9012942314148
pure train time  4.256160497665405
-----------------------------------------after optimizer zero grad
 Nvidia-smi: 20.830078125 GB
    Memory Allocated: 0.5336737632751465  GigaBytes
Max Memory Allocated: 17.203510761260986  GigaBytes

----------------------------------------------------------pseudo_mini_loss sum 3.619805335998535
loading full batch data spends  0.8030490875244141
Convert a graph into a bidirected graph: 0.399 seconds, peak memory: 81.297 GB
Construct multi-constraint weights: 0.000 seconds, peak memory: 81.297 GB
Metis partitioning: 2.751 seconds, peak memory: 81.297 GB
Split the graph: 0.281 seconds
Construct subgraphs: 0.086 seconds
12432
12040
12018
12546
12021
12287
12319
12608
12154
12544
12535
12265
12199
12452
12080
12071
metis partition time  3.5385146141052246
The batched output nid list before graph partition

block_gen_time in "generate_blocks_for_one_layer_block"  6.0949625968933105


block_gen_time in "generate_blocks_for_one_layer_block"  45.17607235908508

connection checking time:  59.06201362609863
block generation total time  51.271034955978394
generate_dataloader_block spend   117.46053051948547
pure train time  4.7143776416778564
-----------------------------------------after optimizer zero grad
 Nvidia-smi: 20.830078125 GB
    Memory Allocated: 0.5326752662658691  GigaBytes
Max Memory Allocated: 17.203510761260986  GigaBytes

----------------------------------------------------------pseudo_mini_loss sum 3.488661527633667
loading full batch data spends  0.7891244888305664
Convert a graph into a bidirected graph: 0.426 seconds, peak memory: 81.297 GB
Construct multi-constraint weights: 0.000 seconds, peak memory: 81.297 GB
Metis partitioning: 2.840 seconds, peak memory: 81.297 GB
Split the graph: 0.271 seconds
Construct subgraphs: 0.079 seconds
12432
12040
12018
12546
12021
12287
12319
12608
12154
12544
12535
12265
12199
12452
12080
12071
metis partition time  3.636765956878662
The batched output nid list before graph partition

block_gen_time in "generate_blocks_for_one_layer_block"  5.562139987945557


block_gen_time in "generate_blocks_for_one_layer_block"  42.49577593803406

connection checking time:  56.171860456466675
block generation total time  48.057915925979614
generate_dataloader_block spend   111.38590383529663
pure train time  4.405651807785034
-----------------------------------------after optimizer zero grad
 Nvidia-smi: 21.716796875 GB
    Memory Allocated: 0.5373082160949707  GigaBytes
Max Memory Allocated: 17.203510761260986  GigaBytes

----------------------------------------------------------pseudo_mini_loss sum 3.371272325515747
loading full batch data spends  0.8219239711761475
Convert a graph into a bidirected graph: 0.458 seconds, peak memory: 81.297 GB
Construct multi-constraint weights: 0.000 seconds, peak memory: 81.297 GB
Metis partitioning: 2.669 seconds, peak memory: 81.297 GB
Split the graph: 0.273 seconds
Construct subgraphs: 0.077 seconds
12432
12040
12018
12546
12021
12287
12319
12608
12154
12544
12535
12265
12199
12452
12080
12071
metis partition time  3.4993491172790527
The batched output nid list before graph partition

block_gen_time in "generate_blocks_for_one_layer_block"  5.736059665679932


block_gen_time in "generate_blocks_for_one_layer_block"  42.76954197883606

connection checking time:  56.49512195587158
block generation total time  48.50560164451599
generate_dataloader_block spend   112.04676151275635
pure train time  4.403063535690308
-----------------------------------------after optimizer zero grad
 Nvidia-smi: 21.716796875 GB
    Memory Allocated: 0.5333962440490723  GigaBytes
Max Memory Allocated: 17.203510761260986  GigaBytes

----------------------------------------------------------pseudo_mini_loss sum 3.2447571754455566
Total (block generation + training)time/epoch 122.70824670791626
pure train time/epoch 4.424535711606343

num_input_list  [14993174, 15000030, 14993725, 15000452, 15006221, 14999265, 15004269, 14995665, 14995376, 15006401]
