main start at this time 1693478466.9125679
#nodes: 2449029
#edges: 123718024
#classes: 47
success----------------------------------------
196571
39255
2164782
# Nodes: 2400608
# Edges: 123718024
# Train: 196571
# Val: 39255
# Test: 2164782
# Classes: 47

in feats:  100
Convert a graph into a bidirected graph: 1.480 seconds, peak memory: 30.387 GB
Construct multi-constraint weights: 0.000 seconds, peak memory: 30.387 GB
Metis partitioning: 2.568 seconds, peak memory: 30.387 GB
Split the graph: 0.231 seconds
Construct subgraphs: 0.053 seconds
6228
6263
6035
6025
5998
6102
6115
6075
6278
6272
6285
6312
6039
6229
6079
5968
5993
6225
5972
6176
6165
6167
5966
5978
5996
6272
6275
6180
6291
6280
6005
6327
metis partition time  4.361614465713501
The batched output nid list before graph partition

block_gen_time in "generate_blocks_for_one_layer_block"  5.513603925704956


block_gen_time in "generate_blocks_for_one_layer_block"  45.98771810531616

connection checking time:  64.01506280899048
block generation total time  51.50132203102112
pure train time  7.081918716430664
-----------------------------------------after optimizer zero grad
 Nvidia-smi: 17.365234375 GB
    Memory Allocated: 0.4028325080871582  GigaBytes
Max Memory Allocated: 9.595049858093262  GigaBytes

----------------------------------------------------------pseudo_mini_loss sum 5.205680847167969
Convert a graph into a bidirected graph: 0.509 seconds, peak memory: 60.246 GB
Construct multi-constraint weights: 0.000 seconds, peak memory: 60.246 GB
Metis partitioning: 2.658 seconds, peak memory: 60.425 GB
Split the graph: 0.282 seconds
Construct subgraphs: 0.043 seconds
6196
6157
6279
6277
5996
6230
5964
6255
6100
6284
5988
6273
6024
6260
6251
6320
5976
5993
6220
5972
5973
6139
6178
6019
6017
5964
6303
5963
6292
6288
6165
6255
metis partition time  3.5095255374908447
The batched output nid list before graph partition

block_gen_time in "generate_blocks_for_one_layer_block"  5.847510814666748


block_gen_time in "generate_blocks_for_one_layer_block"  44.89575719833374

connection checking time:  65.57692337036133
block generation total time  50.74326801300049
pure train time  6.647019624710083
-----------------------------------------after optimizer zero grad
 Nvidia-smi: 17.365234375 GB
    Memory Allocated: 0.40202808380126953  GigaBytes
Max Memory Allocated: 9.595049858093262  GigaBytes

----------------------------------------------------------pseudo_mini_loss sum 4.889509201049805
Convert a graph into a bidirected graph: 0.451 seconds, peak memory: 73.660 GB
Construct multi-constraint weights: 0.000 seconds, peak memory: 73.660 GB
Metis partitioning: 2.962 seconds, peak memory: 73.784 GB
Split the graph: 0.312 seconds
Construct subgraphs: 0.066 seconds
6168
6324
6322
6146
6327
5963
5969
6327
6148
5963
5978
5963
5964
6146
5963
6190
5969
6146
6294
6172
6327
6262
6148
5973
6327
6293
6327
6275
6055
6202
5975
5965
metis partition time  3.811099052429199
The batched output nid list before graph partition

block_gen_time in "generate_blocks_for_one_layer_block"  5.027034044265747


block_gen_time in "generate_blocks_for_one_layer_block"  45.95400810241699

connection checking time:  65.52698516845703
block generation total time  50.98104214668274
pure train time  6.7519755363464355
-----------------------------------------after optimizer zero grad
 Nvidia-smi: 17.861328125 GB
    Memory Allocated: 0.39508485794067383  GigaBytes
Max Memory Allocated: 9.595049858093262  GigaBytes

----------------------------------------------------------pseudo_mini_loss sum 4.596209526062012
loading full batch data spends  0.856651782989502
Convert a graph into a bidirected graph: 0.434 seconds, peak memory: 74.523 GB
Construct multi-constraint weights: 0.000 seconds, peak memory: 74.523 GB
Metis partitioning: 2.740 seconds, peak memory: 74.523 GB
Split the graph: 0.251 seconds
Construct subgraphs: 0.088 seconds
6228
6263
6035
6025
5998
6102
6115
6075
6278
6272
6285
6312
6039
6229
6079
5968
5993
6225
5972
6176
6165
6167
5966
5978
5996
6272
6275
6180
6291
6280
6005
6327
metis partition time  3.526448965072632
The batched output nid list before graph partition

block_gen_time in "generate_blocks_for_one_layer_block"  5.374730825424194


block_gen_time in "generate_blocks_for_one_layer_block"  45.44344186782837

connection checking time:  66.27234315872192
block generation total time  50.81817269325256
generate_dataloader_block spend   123.8966372013092
pure train time  6.722952127456665
-----------------------------------------after optimizer zero grad
 Nvidia-smi: 17.8671875 GB
    Memory Allocated: 0.40218067169189453  GigaBytes
Max Memory Allocated: 9.595049858093262  GigaBytes

----------------------------------------------------------pseudo_mini_loss sum 4.313680648803711
loading full batch data spends  0.9063491821289062
Convert a graph into a bidirected graph: 0.489 seconds, peak memory: 74.965 GB
Construct multi-constraint weights: 0.000 seconds, peak memory: 74.965 GB
Metis partitioning: 2.838 seconds, peak memory: 74.965 GB
Split the graph: 0.295 seconds
Construct subgraphs: 0.085 seconds
6228
6263
6035
6025
5998
6102
6115
6075
6278
6272
6285
6312
6039
6229
6079
5968
5993
6225
5972
6176
6165
6167
5966
5978
5996
6272
6275
6180
6291
6280
6005
6327
metis partition time  3.7329742908477783
The batched output nid list before graph partition

block_gen_time in "generate_blocks_for_one_layer_block"  5.673537492752075


block_gen_time in "generate_blocks_for_one_layer_block"  45.62438941001892

connection checking time:  66.18723034858704
block generation total time  51.297926902770996
generate_dataloader_block spend   124.68623232841492
pure train time  6.787233352661133
-----------------------------------------after optimizer zero grad
 Nvidia-smi: 22.49609375 GB
    Memory Allocated: 0.4035305976867676  GigaBytes
Max Memory Allocated: 9.633829116821289  GigaBytes

----------------------------------------------------------pseudo_mini_loss sum 4.0432329177856445
loading full batch data spends  0.8469023704528809
Convert a graph into a bidirected graph: 0.452 seconds, peak memory: 79.917 GB
Construct multi-constraint weights: 0.000 seconds, peak memory: 79.917 GB
Metis partitioning: 2.830 seconds, peak memory: 79.917 GB
Split the graph: 0.234 seconds
Construct subgraphs: 0.049 seconds
6242
6204
6299
6297
6024
6144
5975
6307
6296
6026
6202
5985
6291
6003
5973
6325
6242
6260
6139
6258
6286
6247
6142
6049
6000
6256
6049
5995
6005
5963
6011
6076
metis partition time  3.584566116333008
The batched output nid list before graph partition

block_gen_time in "generate_blocks_for_one_layer_block"  5.616397857666016


block_gen_time in "generate_blocks_for_one_layer_block"  45.74117088317871

connection checking time:  66.88521409034729
block generation total time  51.35756874084473
generate_dataloader_block spend   125.35178637504578
pure train time  5.961772680282593
-----------------------------------------after optimizer zero grad
 Nvidia-smi: 22.49609375 GB
    Memory Allocated: 0.3965630531311035  GigaBytes
Max Memory Allocated: 9.633829116821289  GigaBytes

----------------------------------------------------------pseudo_mini_loss sum 3.8073084354400635
loading full batch data spends  0.8941526412963867
Convert a graph into a bidirected graph: 0.501 seconds, peak memory: 79.917 GB
Construct multi-constraint weights: 0.000 seconds, peak memory: 79.917 GB
Metis partitioning: 2.869 seconds, peak memory: 79.917 GB
Split the graph: 0.253 seconds
Construct subgraphs: 0.085 seconds
6242
6204
6299
6297
6024
6144
5975
6307
6296
6026
6202
5985
6291
6003
5973
6325
6242
6260
6139
6258
6286
6247
6142
6049
6000
6256
6049
5995
6005
5963
6011
6076
metis partition time  3.723773956298828
The batched output nid list before graph partition

block_gen_time in "generate_blocks_for_one_layer_block"  5.667580604553223


block_gen_time in "generate_blocks_for_one_layer_block"  45.52702283859253

connection checking time:  60.55253291130066
block generation total time  51.19460344314575
generate_dataloader_block spend   118.66401481628418
pure train time  6.215738534927368
-----------------------------------------after optimizer zero grad
 Nvidia-smi: 22.49609375 GB
    Memory Allocated: 0.3970608711242676  GigaBytes
Max Memory Allocated: 9.633829116821289  GigaBytes

----------------------------------------------------------pseudo_mini_loss sum 3.6152167320251465
loading full batch data spends  0.799248218536377
Convert a graph into a bidirected graph: 0.440 seconds, peak memory: 79.998 GB
Construct multi-constraint weights: 0.000 seconds, peak memory: 79.998 GB
Metis partitioning: 2.833 seconds, peak memory: 79.998 GB
Split the graph: 0.272 seconds
Construct subgraphs: 0.088 seconds
6242
6204
6299
6297
6024
6144
5975
6307
6296
6026
6202
5985
6291
6003
5973
6325
6242
6260
6139
6258
6286
6247
6142
6049
6000
6256
6049
5995
6005
5963
6011
6076
metis partition time  3.6603188514709473
The batched output nid list before graph partition

block_gen_time in "generate_blocks_for_one_layer_block"  5.624960422515869


block_gen_time in "generate_blocks_for_one_layer_block"  45.448904514312744

connection checking time:  66.45885276794434
block generation total time  51.07386493682861
generate_dataloader_block spend   124.52904844284058
pure train time  6.62101674079895
-----------------------------------------after optimizer zero grad
 Nvidia-smi: 22.49609375 GB
    Memory Allocated: 0.3951101303100586  GigaBytes
Max Memory Allocated: 9.633829116821289  GigaBytes

----------------------------------------------------------pseudo_mini_loss sum 3.4831383228302
loading full batch data spends  0.8193759918212891
Convert a graph into a bidirected graph: 0.499 seconds, peak memory: 79.998 GB
Construct multi-constraint weights: 0.000 seconds, peak memory: 79.998 GB
Metis partitioning: 2.860 seconds, peak memory: 79.998 GB
Split the graph: 0.290 seconds
Construct subgraphs: 0.058 seconds
6242
6204
6299
6297
6024
6144
5975
6307
6296
6026
6202
5985
6291
6003
5973
6325
6242
6260
6139
6258
6286
6247
6142
6049
6000
6256
6049
5995
6005
5963
6011
6076
metis partition time  3.7269599437713623
The batched output nid list before graph partition

block_gen_time in "generate_blocks_for_one_layer_block"  5.6280810832977295


block_gen_time in "generate_blocks_for_one_layer_block"  45.15944480895996

connection checking time:  67.02298665046692
block generation total time  50.78752589225769
generate_dataloader_block spend   124.95457553863525
pure train time  6.703417778015137
-----------------------------------------after optimizer zero grad
 Nvidia-smi: 22.49609375 GB
    Memory Allocated: 0.39606189727783203  GigaBytes
Max Memory Allocated: 9.633829116821289  GigaBytes

----------------------------------------------------------pseudo_mini_loss sum 3.366588592529297
loading full batch data spends  0.892784595489502
Convert a graph into a bidirected graph: 0.468 seconds, peak memory: 79.998 GB
Construct multi-constraint weights: 0.000 seconds, peak memory: 79.998 GB
Metis partitioning: 2.894 seconds, peak memory: 79.998 GB
Split the graph: 0.284 seconds
Construct subgraphs: 0.089 seconds
6242
6204
6299
6297
6024
6144
5975
6307
6296
6026
6202
5985
6291
6003
5973
6325
6242
6260
6139
6258
6286
6247
6142
6049
6000
6256
6049
5995
6005
5963
6011
6076
metis partition time  3.7675821781158447
The batched output nid list before graph partition

block_gen_time in "generate_blocks_for_one_layer_block"  5.32341456413269


block_gen_time in "generate_blocks_for_one_layer_block"  46.14416193962097

connection checking time:  67.38814043998718
block generation total time  51.46757650375366
generate_dataloader_block spend   126.12456274032593
pure train time  6.890108346939087
-----------------------------------------after optimizer zero grad
 Nvidia-smi: 22.49609375 GB
    Memory Allocated: 0.396146297454834  GigaBytes
Max Memory Allocated: 9.633829116821289  GigaBytes

----------------------------------------------------------pseudo_mini_loss sum 3.240124464035034
Total (block generation + training)time/epoch 135.50433043071203
pure train time/epoch 6.529881238937378

num_input_list  [21409815, 21422572, 21409742, 21415411, 21429368, 21426233, 21419153, 21421772, 21414903, 21434621]
