main start at this time 1697237104.995841
  NumNodes: 2708
  NumEdges: 10556
  NumFeats: 1433
  NumClasses: 7
  NumTrainingSamples: 140
  NumValidationSamples: 500
  NumTestSamples: 1000
Done loading data from cached files.
success----------------------------------------
140f1
500
2068
# Nodes: 2708
# Edges: 10556
# Train: 140
# Val: 500
# Test: 2068
# Classes: 7

in feats:  1433
self._in_src_feats,  1433
self._in_dst_feats 1433
Epoch 1, Learning Rate: 0.01
step  0
----------------------------------------------------------pseudo_mini_loss sum 1.9527043104171753
Micro F1 Score: 0.12857142857142856
Epoch 2, Learning Rate: 0.01
step  0
----------------------------------------------------------pseudo_mini_loss sum 1.9504196643829346
Micro F1 Score: 0.15
Epoch 3, Learning Rate: 0.01
step  0
----------------------------------------------------------pseudo_mini_loss sum 1.946776270866394
Micro F1 Score: 0.15714285714285714
Epoch 4, Learning Rate: 0.01
step  0
----------------------------------------------------------pseudo_mini_loss sum 1.9464329481124878
Micro F1 Score: 0.14285714285714285
Epoch 5, Learning Rate: 0.01
step  0
----------------------------------------------------------pseudo_mini_loss sum 1.943413257598877
Micro F1 Score: 0.18571428571428572
Epoch 6, Learning Rate: 0.01
step  0
----------------------------------------------------------pseudo_mini_loss sum 1.9441441297531128
Micro F1 Score: 0.16428571428571428
Epoch 7, Learning Rate: 0.01
step  0
----------------------------------------------------------pseudo_mini_loss sum 1.946142554283142
Micro F1 Score: 0.17142857142857143
Epoch 8, Learning Rate: 0.01
step  0
----------------------------------------------------------pseudo_mini_loss sum 1.942327618598938
Micro F1 Score: 0.14285714285714285
Epoch 9, Learning Rate: 0.01
step  0
----------------------------------------------------------pseudo_mini_loss sum 1.9370601177215576
Micro F1 Score: 0.15714285714285714
Epoch 10, Learning Rate: 0.01
step  0
----------------------------------------------------------pseudo_mini_loss sum 1.9407507181167603
Micro F1 Score: 0.17857142857142858
Epoch 11, Learning Rate: 0.01
step  0
----------------------------------------------------------pseudo_mini_loss sum 1.9343388080596924
Micro F1 Score: 0.16428571428571428
Epoch 12, Learning Rate: 0.01
step  0
----------------------------------------------------------pseudo_mini_loss sum 1.9396545886993408
Micro F1 Score: 0.17857142857142858
Epoch 13, Learning Rate: 0.01
step  0
----------------------------------------------------------pseudo_mini_loss sum 1.9343727827072144
Micro F1 Score: 0.20000000000000004
Epoch 14, Learning Rate: 0.01
step  0
----------------------------------------------------------pseudo_mini_loss sum 1.9303390979766846
Micro F1 Score: 0.17142857142857143
Epoch 15, Learning Rate: 0.01
step  0
----------------------------------------------------------pseudo_mini_loss sum 1.9257067441940308
Micro F1 Score: 0.19285714285714287
Epoch 16, Learning Rate: 0.01
step  0
----------------------------------------------------------pseudo_mini_loss sum 1.9333916902542114
Micro F1 Score: 0.17142857142857143
Epoch 17, Learning Rate: 0.01
step  0
----------------------------------------------------------pseudo_mini_loss sum 1.9325650930404663
Micro F1 Score: 0.14285714285714285
Epoch 18, Learning Rate: 0.01
step  0
----------------------------------------------------------pseudo_mini_loss sum 1.921992301940918
Micro F1 Score: 0.17857142857142858
Epoch 19, Learning Rate: 0.01
step  0
----------------------------------------------------------pseudo_mini_loss sum 1.9279588460922241
Micro F1 Score: 0.1357142857142857
Epoch 20, Learning Rate: 0.01
step  0
----------------------------------------------------------pseudo_mini_loss sum 1.9144428968429565
Micro F1 Score: 0.18571428571428572
Epoch 21, Learning Rate: 0.01
step  0
----------------------------------------------------------pseudo_mini_loss sum 1.928741455078125
Micro F1 Score: 0.17142857142857143
Epoch 22, Learning Rate: 0.01
step  0
----------------------------------------------------------pseudo_mini_loss sum 1.9116228818893433
Micro F1 Score: 0.20714285714285716
Epoch 23, Learning Rate: 0.01
step  0
----------------------------------------------------------pseudo_mini_loss sum 1.9088232517242432
Micro F1 Score: 0.19285714285714287
Epoch 24, Learning Rate: 0.01
step  0
----------------------------------------------------------pseudo_mini_loss sum 1.9028193950653076
Micro F1 Score: 0.17857142857142858
Epoch 25, Learning Rate: 0.01
step  0
----------------------------------------------------------pseudo_mini_loss sum 1.907196283340454
Micro F1 Score: 0.17142857142857143
Epoch 26, Learning Rate: 0.01
step  0
----------------------------------------------------------pseudo_mini_loss sum 1.9074757099151611
Micro F1 Score: 0.21428571428571427
Epoch 27, Learning Rate: 0.01
step  0
----------------------------------------------------------pseudo_mini_loss sum 1.9030953645706177
Micro F1 Score: 0.22142857142857142
Epoch 28, Learning Rate: 0.01
step  0
----------------------------------------------------------pseudo_mini_loss sum 1.9013140201568604
Micro F1 Score: 0.16428571428571428
Epoch 29, Learning Rate: 0.01
step  0
----------------------------------------------------------pseudo_mini_loss sum 1.9051653146743774
Micro F1 Score: 0.20714285714285716
Epoch 30, Learning Rate: 0.01
step  0
----------------------------------------------------------pseudo_mini_loss sum 1.9119360446929932
Micro F1 Score: 0.15714285714285714
Epoch 31, Learning Rate: 0.01
step  0
----------------------------------------------------------pseudo_mini_loss sum 1.908260464668274
Micro F1 Score: 0.22142857142857142
Epoch 32, Learning Rate: 0.01
step  0
----------------------------------------------------------pseudo_mini_loss sum 1.9046685695648193
Micro F1 Score: 0.18571428571428572
Epoch 33, Learning Rate: 0.01
step  0
----------------------------------------------------------pseudo_mini_loss sum 1.8949066400527954
Micro F1 Score: 0.20000000000000004
Epoch 34, Learning Rate: 0.01
step  0
----------------------------------------------------------pseudo_mini_loss sum 1.9117439985275269
Micro F1 Score: 0.18571428571428572
Epoch 35, Learning Rate: 0.01
step  0
----------------------------------------------------------pseudo_mini_loss sum 1.8931126594543457
Micro F1 Score: 0.18571428571428572
Epoch 36, Learning Rate: 0.01
step  0
----------------------------------------------------------pseudo_mini_loss sum 1.8880138397216797
Micro F1 Score: 0.20714285714285716
Epoch 37, Learning Rate: 0.01
step  0
----------------------------------------------------------pseudo_mini_loss sum 1.9188711643218994
Micro F1 Score: 0.17857142857142858
Epoch 38, Learning Rate: 0.01
step  0
----------------------------------------------------------pseudo_mini_loss sum 1.8979547023773193
Micro F1 Score: 0.22142857142857142
Epoch 39, Learning Rate: 0.01
step  0
----------------------------------------------------------pseudo_mini_loss sum 1.8942378759384155
Micro F1 Score: 0.19285714285714287
Epoch 40, Learning Rate: 0.01
step  0
----------------------------------------------------------pseudo_mini_loss sum 1.8988773822784424
Micro F1 Score: 0.18571428571428572
Epoch 41, Learning Rate: 0.01
step  0
----------------------------------------------------------pseudo_mini_loss sum 1.896811604499817
Micro F1 Score: 0.18571428571428572
Epoch 42, Learning Rate: 0.01
step  0
----------------------------------------------------------pseudo_mini_loss sum 1.8980094194412231
Micro F1 Score: 0.18571428571428572
Epoch 43, Learning Rate: 0.01
step  0
----------------------------------------------------------pseudo_mini_loss sum 1.9038320779800415
Micro F1 Score: 0.2357142857142857
Epoch 44, Learning Rate: 0.01
step  0
----------------------------------------------------------pseudo_mini_loss sum 1.9207310676574707
Micro F1 Score: 0.20714285714285716
Epoch 45, Learning Rate: 0.01
step  0
----------------------------------------------------------pseudo_mini_loss sum 1.8865528106689453
Micro F1 Score: 0.2357142857142857
Epoch 46, Learning Rate: 0.01
step  0
----------------------------------------------------------pseudo_mini_loss sum 1.8756214380264282
Micro F1 Score: 0.22857142857142856
Epoch 47, Learning Rate: 0.01
step  0
----------------------------------------------------------pseudo_mini_loss sum 1.898977279663086
Micro F1 Score: 0.20000000000000004
Epoch 48, Learning Rate: 0.01
step  0
----------------------------------------------------------pseudo_mini_loss sum 1.8999675512313843
Micro F1 Score: 0.20000000000000004
Epoch 49, Learning Rate: 0.01
step  0
----------------------------------------------------------pseudo_mini_loss sum 1.8894014358520508
Micro F1 Score: 0.2642857142857143
Epoch 50, Learning Rate: 0.01
step  0
----------------------------------------------------------pseudo_mini_loss sum 1.8879423141479492
Micro F1 Score: 0.21428571428571427
Epoch 51, Learning Rate: 0.01
step  0
----------------------------------------------------------pseudo_mini_loss sum 1.8908331394195557
Micro F1 Score: 0.21428571428571427
Epoch 52, Learning Rate: 0.01
step  0
----------------------------------------------------------pseudo_mini_loss sum 1.8960673809051514
Micro F1 Score: 0.20000000000000004
Epoch 53, Learning Rate: 0.01
step  0
----------------------------------------------------------pseudo_mini_loss sum 1.8889801502227783
Micro F1 Score: 0.2571428571428571
Epoch 54, Learning Rate: 0.01
step  0
----------------------------------------------------------pseudo_mini_loss sum 1.877677321434021
Micro F1 Score: 0.25
Epoch 55, Learning Rate: 0.01
step  0
----------------------------------------------------------pseudo_mini_loss sum 1.887022614479065
Micro F1 Score: 0.2357142857142857
Epoch 56, Learning Rate: 0.01
step  0
----------------------------------------------------------pseudo_mini_loss sum 1.8923923969268799
Micro F1 Score: 0.21428571428571427
Epoch 57, Learning Rate: 0.01
step  0
----------------------------------------------------------pseudo_mini_loss sum 1.8820593357086182
Micro F1 Score: 0.20000000000000004
Epoch 58, Learning Rate: 0.01
step  0
----------------------------------------------------------pseudo_mini_loss sum 1.8850557804107666
Micro F1 Score: 0.22142857142857142
Epoch 59, Learning Rate: 0.01
step  0
----------------------------------------------------------pseudo_mini_loss sum 1.8802272081375122
Micro F1 Score: 0.22857142857142856
Epoch 60, Learning Rate: 0.01
step  0
----------------------------------------------------------pseudo_mini_loss sum 1.8796089887619019
Micro F1 Score: 0.2642857142857143
Epoch 61, Learning Rate: 0.01
step  0
----------------------------------------------------------pseudo_mini_loss sum 1.8813800811767578
Micro F1 Score: 0.24285714285714285
Epoch 62, Learning Rate: 0.01
step  0
----------------------------------------------------------pseudo_mini_loss sum 1.8803364038467407
Micro F1 Score: 0.2357142857142857
Epoch 63, Learning Rate: 0.01
step  0
----------------------------------------------------------pseudo_mini_loss sum 1.8722057342529297
Micro F1 Score: 0.2571428571428571
Epoch 64, Learning Rate: 0.01
step  0
----------------------------------------------------------pseudo_mini_loss sum 1.863625407218933
Micro F1 Score: 0.2642857142857143
Epoch 65, Learning Rate: 0.01
step  0
----------------------------------------------------------pseudo_mini_loss sum 1.8766682147979736
Micro F1 Score: 0.2571428571428571
Epoch 66, Learning Rate: 0.01
step  0
----------------------------------------------------------pseudo_mini_loss sum 1.885562539100647
Micro F1 Score: 0.21428571428571427
Epoch 67, Learning Rate: 0.01
step  0
----------------------------------------------------------pseudo_mini_loss sum 1.881406307220459
Micro F1 Score: 0.2571428571428571
Epoch 68, Learning Rate: 0.01
step  0
----------------------------------------------------------pseudo_mini_loss sum 1.8764195442199707
Micro F1 Score: 0.25
Epoch 69, Learning Rate: 0.01
step  0
----------------------------------------------------------pseudo_mini_loss sum 1.8677250146865845
Micro F1 Score: 0.22142857142857142
Epoch 70, Learning Rate: 0.01
step  0
----------------------------------------------------------pseudo_mini_loss sum 1.8699125051498413
Micro F1 Score: 0.22857142857142856
Epoch 71, Learning Rate: 0.01
step  0
----------------------------------------------------------pseudo_mini_loss sum 1.874879240989685
Micro F1 Score: 0.22857142857142856
Epoch 72, Learning Rate: 0.01
step  0
----------------------------------------------------------pseudo_mini_loss sum 1.8750073909759521
Micro F1 Score: 0.24285714285714285
Epoch 73, Learning Rate: 0.01
step  0
----------------------------------------------------------pseudo_mini_loss sum 1.8662109375
Micro F1 Score: 0.2357142857142857
Epoch 74, Learning Rate: 0.01
step  0
----------------------------------------------------------pseudo_mini_loss sum 1.8692744970321655
Micro F1 Score: 0.22142857142857142
Epoch 75, Learning Rate: 0.01
step  0
----------------------------------------------------------pseudo_mini_loss sum 1.8571085929870605
Micro F1 Score: 0.2642857142857143
Epoch 76, Learning Rate: 0.01
step  0
----------------------------------------------------------pseudo_mini_loss sum 1.8749653100967407
Micro F1 Score: 0.2357142857142857
Epoch 77, Learning Rate: 0.01
step  0
----------------------------------------------------------pseudo_mini_loss sum 1.8577970266342163
Micro F1 Score: 0.2571428571428571
Epoch 78, Learning Rate: 0.01
step  0
----------------------------------------------------------pseudo_mini_loss sum 1.8568862676620483
Micro F1 Score: 0.25
Epoch 79, Learning Rate: 0.01
step  0
----------------------------------------------------------pseudo_mini_loss sum 1.8644282817840576
Micro F1 Score: 0.2357142857142857
Epoch 80, Learning Rate: 0.01
step  0
----------------------------------------------------------pseudo_mini_loss sum 1.854180932044983
Micro F1 Score: 0.25
Epoch 81, Learning Rate: 0.01
step  0
----------------------------------------------------------pseudo_mini_loss sum 1.873779296875
Micro F1 Score: 0.22142857142857142
Epoch 82, Learning Rate: 0.01
step  0
----------------------------------------------------------pseudo_mini_loss sum 1.8637510538101196
Micro F1 Score: 0.2357142857142857
Epoch 83, Learning Rate: 0.01
step  0
----------------------------------------------------------pseudo_mini_loss sum 1.8656424283981323
Micro F1 Score: 0.2571428571428571
Epoch 84, Learning Rate: 0.01
step  0
----------------------------------------------------------pseudo_mini_loss sum 1.8548839092254639
Micro F1 Score: 0.2571428571428571
Epoch 85, Learning Rate: 0.01
step  0
----------------------------------------------------------pseudo_mini_loss sum 1.863250970840454
Micro F1 Score: 0.22857142857142856
Epoch 86, Learning Rate: 0.01
step  0
----------------------------------------------------------pseudo_mini_loss sum 1.8419387340545654
Micro F1 Score: 0.2357142857142857
Epoch 87, Learning Rate: 0.01
step  0
----------------------------------------------------------pseudo_mini_loss sum 1.8521355390548706
Micro F1 Score: 0.22857142857142856
Epoch 88, Learning Rate: 0.01
step  0
----------------------------------------------------------pseudo_mini_loss sum 1.8546528816223145
Micro F1 Score: 0.22857142857142856
Epoch 89, Learning Rate: 0.01
step  0
----------------------------------------------------------pseudo_mini_loss sum 1.8788325786590576
Micro F1 Score: 0.21428571428571427
Epoch 90, Learning Rate: 0.01
step  0
----------------------------------------------------------pseudo_mini_loss sum 1.8689343929290771
Micro F1 Score: 0.22857142857142856
Epoch 91, Learning Rate: 0.01
step  0
----------------------------------------------------------pseudo_mini_loss sum 1.854515552520752
Micro F1 Score: 0.22142857142857142
Epoch 92, Learning Rate: 0.01
step  0
----------------------------------------------------------pseudo_mini_loss sum 1.8437976837158203
Micro F1 Score: 0.2642857142857143
Epoch 93, Learning Rate: 0.01
step  0
----------------------------------------------------------pseudo_mini_loss sum 1.8598796129226685
Micro F1 Score: 0.2571428571428571
Epoch 94, Learning Rate: 0.01
step  0
----------------------------------------------------------pseudo_mini_loss sum 1.853516697883606
Micro F1 Score: 0.2357142857142857
Epoch 95, Learning Rate: 0.01
step  0
----------------------------------------------------------pseudo_mini_loss sum 1.8455289602279663
Micro F1 Score: 0.25
Epoch 96, Learning Rate: 0.01
step  0
----------------------------------------------------------pseudo_mini_loss sum 1.8601322174072266
Micro F1 Score: 0.22142857142857142
Epoch 97, Learning Rate: 0.01
step  0
----------------------------------------------------------pseudo_mini_loss sum 1.861788034439087
Micro F1 Score: 0.24285714285714285
Epoch 98, Learning Rate: 0.01
step  0
----------------------------------------------------------pseudo_mini_loss sum 1.8427139520645142
Micro F1 Score: 0.2571428571428571
Epoch 99, Learning Rate: 0.01
step  0
----------------------------------------------------------pseudo_mini_loss sum 1.8201212882995605
Micro F1 Score: 0.2357142857142857
Epoch 100, Learning Rate: 0.01
step  0
----------------------------------------------------------pseudo_mini_loss sum 1.8846291303634644
Micro F1 Score: 0.17142857142857143
Epoch 101, Learning Rate: 0.01
step  0
----------------------------------------------------------pseudo_mini_loss sum 1.8379982709884644
Micro F1 Score: 0.2642857142857143
Epoch 102, Learning Rate: 0.01
step  0
----------------------------------------------------------pseudo_mini_loss sum 1.8292378187179565
Micro F1 Score: 0.2642857142857143
Epoch 103, Learning Rate: 0.01
step  0
----------------------------------------------------------pseudo_mini_loss sum 1.8395429849624634
Micro F1 Score: 0.24285714285714285
Epoch 104, Learning Rate: 0.01
step  0
----------------------------------------------------------pseudo_mini_loss sum 1.8167182207107544
Micro F1 Score: 0.30714285714285716
Epoch 105, Learning Rate: 0.01
step  0
----------------------------------------------------------pseudo_mini_loss sum 1.8062782287597656
Micro F1 Score: 0.3142857142857143
Epoch 106, Learning Rate: 0.01
step  0
----------------------------------------------------------pseudo_mini_loss sum 1.819783329963684
Micro F1 Score: 0.25
Epoch 107, Learning Rate: 0.01
step  0
----------------------------------------------------------pseudo_mini_loss sum 1.8122541904449463
Micro F1 Score: 0.2785714285714286
Epoch 108, Learning Rate: 0.01
step  0
----------------------------------------------------------pseudo_mini_loss sum 1.7999311685562134
Micro F1 Score: 0.32142857142857145
Epoch 109, Learning Rate: 0.01
step  0
----------------------------------------------------------pseudo_mini_loss sum 1.7958530187606812
Micro F1 Score: 0.3
Epoch 110, Learning Rate: 0.01
step  0
----------------------------------------------------------pseudo_mini_loss sum 1.7593791484832764
Micro F1 Score: 0.35
Epoch 111, Learning Rate: 0.005
step  0
----------------------------------------------------------pseudo_mini_loss sum 1.7869573831558228
Micro F1 Score: 0.3
Epoch 112, Learning Rate: 0.005
step  0
----------------------------------------------------------pseudo_mini_loss sum 1.777048110961914
Micro F1 Score: 0.30714285714285716
Epoch 113, Learning Rate: 0.005
step  0
----------------------------------------------------------pseudo_mini_loss sum 1.751939296722412
Micro F1 Score: 0.32857142857142857
Epoch 114, Learning Rate: 0.005
step  0
----------------------------------------------------------pseudo_mini_loss sum 1.772597312927246
Micro F1 Score: 0.30714285714285716
Epoch 115, Learning Rate: 0.005
step  0
----------------------------------------------------------pseudo_mini_loss sum 1.7622345685958862
Micro F1 Score: 0.35714285714285715
Epoch 116, Learning Rate: 0.005
step  0
----------------------------------------------------------pseudo_mini_loss sum 1.7899293899536133
Micro F1 Score: 0.2714285714285714
Epoch 117, Learning Rate: 0.005
step  0
----------------------------------------------------------pseudo_mini_loss sum 1.7665404081344604
Micro F1 Score: 0.3142857142857143
Epoch 118, Learning Rate: 0.005
step  0
----------------------------------------------------------pseudo_mini_loss sum 1.7546606063842773
Micro F1 Score: 0.3
Epoch 119, Learning Rate: 0.005
step  0
----------------------------------------------------------pseudo_mini_loss sum 1.7749966382980347
Micro F1 Score: 0.34285714285714286
Epoch 120, Learning Rate: 0.005
step  0
----------------------------------------------------------pseudo_mini_loss sum 1.774193525314331
Micro F1 Score: 0.32857142857142857
Epoch 121, Learning Rate: 0.005
step  0
----------------------------------------------------------pseudo_mini_loss sum 1.7337844371795654
Micro F1 Score: 0.3142857142857143
Epoch 122, Learning Rate: 0.005
step  0
----------------------------------------------------------pseudo_mini_loss sum 1.775773048400879
Micro F1 Score: 0.3357142857142857
Epoch 123, Learning Rate: 0.005
step  0
----------------------------------------------------------pseudo_mini_loss sum 1.769612431526184
Micro F1 Score: 0.35
Epoch 124, Learning Rate: 0.005
step  0
----------------------------------------------------------pseudo_mini_loss sum 1.7522826194763184
Micro F1 Score: 0.32857142857142857
Epoch 125, Learning Rate: 0.005
step  0
----------------------------------------------------------pseudo_mini_loss sum 1.7686526775360107
Micro F1 Score: 0.2857142857142857
Epoch 126, Learning Rate: 0.005
step  0
----------------------------------------------------------pseudo_mini_loss sum 1.7567520141601562
Micro F1 Score: 0.2857142857142857
Epoch 127, Learning Rate: 0.005
step  0
----------------------------------------------------------pseudo_mini_loss sum 1.7344439029693604
Micro F1 Score: 0.35714285714285715
Epoch 128, Learning Rate: 0.005
step  0
----------------------------------------------------------pseudo_mini_loss sum 1.7567466497421265
Micro F1 Score: 0.30714285714285716
Epoch 129, Learning Rate: 0.005
step  0
----------------------------------------------------------pseudo_mini_loss sum 1.7664116621017456
Micro F1 Score: 0.3142857142857143
Epoch 130, Learning Rate: 0.005
step  0
----------------------------------------------------------pseudo_mini_loss sum 1.7576475143432617
Micro F1 Score: 0.3357142857142857
Epoch 131, Learning Rate: 0.005
step  0
----------------------------------------------------------pseudo_mini_loss sum 1.7511982917785645
Micro F1 Score: 0.3357142857142857
Epoch 132, Learning Rate: 0.005
step  0
----------------------------------------------------------pseudo_mini_loss sum 1.7438135147094727
Micro F1 Score: 0.3357142857142857
Epoch 133, Learning Rate: 0.005
step  0
----------------------------------------------------------pseudo_mini_loss sum 1.7447640895843506
Micro F1 Score: 0.32857142857142857
Epoch 134, Learning Rate: 0.005
step  0
----------------------------------------------------------pseudo_mini_loss sum 1.7464041709899902
Micro F1 Score: 0.32857142857142857
Epoch 135, Learning Rate: 0.005
step  0
----------------------------------------------------------pseudo_mini_loss sum 1.7152942419052124
Micro F1 Score: 0.35714285714285715
Epoch 136, Learning Rate: 0.005
step  0
----------------------------------------------------------pseudo_mini_loss sum 1.737837791442871
Micro F1 Score: 0.35
Epoch 137, Learning Rate: 0.005
step  0
----------------------------------------------------------pseudo_mini_loss sum 1.7461544275283813
Micro F1 Score: 0.35
Epoch 138, Learning Rate: 0.005
step  0
----------------------------------------------------------pseudo_mini_loss sum 1.7239553928375244
Micro F1 Score: 0.34285714285714286
Epoch 139, Learning Rate: 0.005
step  0
----------------------------------------------------------pseudo_mini_loss sum 1.7136999368667603
Micro F1 Score: 0.35
Epoch 140, Learning Rate: 0.005
step  0
----------------------------------------------------------pseudo_mini_loss sum 1.7371816635131836
Micro F1 Score: 0.35
Epoch 141, Learning Rate: 0.005
step  0
----------------------------------------------------------pseudo_mini_loss sum 1.7405039072036743
Micro F1 Score: 0.3357142857142857
Epoch 142, Learning Rate: 0.005
step  0
----------------------------------------------------------pseudo_mini_loss sum 1.7250142097473145
Micro F1 Score: 0.32857142857142857
Epoch 143, Learning Rate: 0.005
step  0
----------------------------------------------------------pseudo_mini_loss sum 1.7521100044250488
Micro F1 Score: 0.2642857142857143
Epoch 144, Learning Rate: 0.005
step  0
----------------------------------------------------------pseudo_mini_loss sum 1.6826255321502686
Micro F1 Score: 0.35714285714285715
Epoch 145, Learning Rate: 0.005
step  0
----------------------------------------------------------pseudo_mini_loss sum 1.7248454093933105
Micro F1 Score: 0.3357142857142857
Epoch 146, Learning Rate: 0.005
step  0
----------------------------------------------------------pseudo_mini_loss sum 1.721805453300476
Micro F1 Score: 0.3357142857142857
Epoch 147, Learning Rate: 0.005
step  0
----------------------------------------------------------pseudo_mini_loss sum 1.696667194366455
Micro F1 Score: 0.36428571428571427
Epoch 148, Learning Rate: 0.005
step  0
----------------------------------------------------------pseudo_mini_loss sum 1.7035937309265137
Micro F1 Score: 0.38571428571428573
Epoch 149, Learning Rate: 0.005
step  0
----------------------------------------------------------pseudo_mini_loss sum 1.6883410215377808
Micro F1 Score: 0.39285714285714285
Epoch 150, Learning Rate: 0.005
step  0
----------------------------------------------------------pseudo_mini_loss sum 1.7230993509292603
Micro F1 Score: 0.35714285714285715
Epoch 151, Learning Rate: 0.005
step  0
----------------------------------------------------------pseudo_mini_loss sum 1.7495533227920532
Micro F1 Score: 0.2857142857142857
Epoch 152, Learning Rate: 0.005
step  0
----------------------------------------------------------pseudo_mini_loss sum 1.6894656419754028
Micro F1 Score: 0.40714285714285714
Epoch 153, Learning Rate: 0.005
step  0
----------------------------------------------------------pseudo_mini_loss sum 1.7132208347320557
Micro F1 Score: 0.30714285714285716
Epoch 154, Learning Rate: 0.005
step  0
----------------------------------------------------------pseudo_mini_loss sum 1.7136868238449097
Micro F1 Score: 0.3357142857142857
Epoch 155, Learning Rate: 0.005
step  0
----------------------------------------------------------pseudo_mini_loss sum 1.724167823791504
Micro F1 Score: 0.32142857142857145
Epoch 156, Learning Rate: 0.005
step  0
----------------------------------------------------------pseudo_mini_loss sum 1.7107998132705688
Micro F1 Score: 0.35714285714285715
Epoch 157, Learning Rate: 0.005
step  0
----------------------------------------------------------pseudo_mini_loss sum 1.7112197875976562
Micro F1 Score: 0.35714285714285715
Epoch 158, Learning Rate: 0.005
step  0
----------------------------------------------------------pseudo_mini_loss sum 1.6602145433425903
Micro F1 Score: 0.39285714285714285
Epoch 159, Learning Rate: 0.005
step  0
----------------------------------------------------------pseudo_mini_loss sum 1.7267292737960815
Micro F1 Score: 0.32142857142857145
Epoch 160, Learning Rate: 0.005
step  0
----------------------------------------------------------pseudo_mini_loss sum 1.7160725593566895
Micro F1 Score: 0.2857142857142857
Epoch 161, Learning Rate: 0.0025
step  0
----------------------------------------------------------pseudo_mini_loss sum 1.7065281867980957
Micro F1 Score: 0.37857142857142856
Epoch 162, Learning Rate: 0.0025
step  0
----------------------------------------------------------pseudo_mini_loss sum 1.6679188013076782
Micro F1 Score: 0.36428571428571427
Epoch 163, Learning Rate: 0.0025
step  0
----------------------------------------------------------pseudo_mini_loss sum 1.6809184551239014
Micro F1 Score: 0.32857142857142857
Epoch 164, Learning Rate: 0.0025
step  0
----------------------------------------------------------pseudo_mini_loss sum 1.6842308044433594
Micro F1 Score: 0.35714285714285715
Epoch 165, Learning Rate: 0.0025
step  0
----------------------------------------------------------pseudo_mini_loss sum 1.6903403997421265
Micro F1 Score: 0.34285714285714286
Epoch 166, Learning Rate: 0.0025
step  0
----------------------------------------------------------pseudo_mini_loss sum 1.6851409673690796
Micro F1 Score: 0.32857142857142857
Epoch 167, Learning Rate: 0.0025
step  0
----------------------------------------------------------pseudo_mini_loss sum 1.7420787811279297
Micro F1 Score: 0.3142857142857143
Epoch 168, Learning Rate: 0.0025
step  0
----------------------------------------------------------pseudo_mini_loss sum 1.724433422088623
Micro F1 Score: 0.35714285714285715
Epoch 169, Learning Rate: 0.0025
step  0
----------------------------------------------------------pseudo_mini_loss sum 1.7077414989471436
Micro F1 Score: 0.32142857142857145
Epoch 170, Learning Rate: 0.0025
step  0
----------------------------------------------------------pseudo_mini_loss sum 1.6842827796936035
Micro F1 Score: 0.35714285714285715
Epoch 171, Learning Rate: 0.0025
step  0
----------------------------------------------------------pseudo_mini_loss sum 1.6825629472732544
Micro F1 Score: 0.32857142857142857
Epoch 172, Learning Rate: 0.0025
step  0
----------------------------------------------------------pseudo_mini_loss sum 1.6539909839630127
Micro F1 Score: 0.35
Epoch 173, Learning Rate: 0.0025
step  0
----------------------------------------------------------pseudo_mini_loss sum 1.6579431295394897
Micro F1 Score: 0.42142857142857143
Epoch 174, Learning Rate: 0.0025
step  0
----------------------------------------------------------pseudo_mini_loss sum 1.6520771980285645
Micro F1 Score: 0.39285714285714285
Epoch 175, Learning Rate: 0.0025
step  0
----------------------------------------------------------pseudo_mini_loss sum 1.6761366128921509
Micro F1 Score: 0.36428571428571427
Epoch 176, Learning Rate: 0.0025
step  0
----------------------------------------------------------pseudo_mini_loss sum 1.6825439929962158
Micro F1 Score: 0.37857142857142856
Epoch 177, Learning Rate: 0.0025
step  0
----------------------------------------------------------pseudo_mini_loss sum 1.6551345586776733
Micro F1 Score: 0.38571428571428573
Epoch 178, Learning Rate: 0.0025
step  0
----------------------------------------------------------pseudo_mini_loss sum 1.6476943492889404
Micro F1 Score: 0.38571428571428573
Epoch 179, Learning Rate: 0.0025
step  0
----------------------------------------------------------pseudo_mini_loss sum 1.6459929943084717
Micro F1 Score: 0.40714285714285714
Epoch 180, Learning Rate: 0.0025
step  0
----------------------------------------------------------pseudo_mini_loss sum 1.7018790245056152
Micro F1 Score: 0.32857142857142857
Epoch 181, Learning Rate: 0.0025
step  0
----------------------------------------------------------pseudo_mini_loss sum 1.6641167402267456
Micro F1 Score: 0.37142857142857144
Epoch 182, Learning Rate: 0.0025
step  0
----------------------------------------------------------pseudo_mini_loss sum 1.6372040510177612
Micro F1 Score: 0.4000000000000001
Epoch 183, Learning Rate: 0.0025
step  0
----------------------------------------------------------pseudo_mini_loss sum 1.6232513189315796
Micro F1 Score: 0.37142857142857144
Epoch 184, Learning Rate: 0.0025
step  0
----------------------------------------------------------pseudo_mini_loss sum 1.6395341157913208
Micro F1 Score: 0.42857142857142855
Epoch 185, Learning Rate: 0.0025
step  0
----------------------------------------------------------pseudo_mini_loss sum 1.6683343648910522
Micro F1 Score: 0.32857142857142857
Epoch 186, Learning Rate: 0.0025
step  0
----------------------------------------------------------pseudo_mini_loss sum 1.6688060760498047
Micro F1 Score: 0.4000000000000001
Epoch 187, Learning Rate: 0.0025
step  0
----------------------------------------------------------pseudo_mini_loss sum 1.6641063690185547
Micro F1 Score: 0.35714285714285715
Epoch 188, Learning Rate: 0.0025
step  0
----------------------------------------------------------pseudo_mini_loss sum 1.686539888381958
Micro F1 Score: 0.35
Epoch 189, Learning Rate: 0.0025
step  0
----------------------------------------------------------pseudo_mini_loss sum 1.6312252283096313
Micro F1 Score: 0.39285714285714285
Epoch 190, Learning Rate: 0.0025
step  0
----------------------------------------------------------pseudo_mini_loss sum 1.6810266971588135
Micro F1 Score: 0.3357142857142857
Epoch 191, Learning Rate: 0.0025
step  0
----------------------------------------------------------pseudo_mini_loss sum 1.6414344310760498
Micro F1 Score: 0.37142857142857144
Epoch 192, Learning Rate: 0.0025
step  0
----------------------------------------------------------pseudo_mini_loss sum 1.6823124885559082
Micro F1 Score: 0.37142857142857144
Epoch 193, Learning Rate: 0.0025
step  0
----------------------------------------------------------pseudo_mini_loss sum 1.6911307573318481
Micro F1 Score: 0.32857142857142857
Epoch 194, Learning Rate: 0.0025
step  0
----------------------------------------------------------pseudo_mini_loss sum 1.6504603624343872
Micro F1 Score: 0.37142857142857144
Epoch 195, Learning Rate: 0.0025
step  0
----------------------------------------------------------pseudo_mini_loss sum 1.6789213418960571
Micro F1 Score: 0.32142857142857145
Epoch 196, Learning Rate: 0.0025
step  0
----------------------------------------------------------pseudo_mini_loss sum 1.690885305404663
Micro F1 Score: 0.32857142857142857
Epoch 197, Learning Rate: 0.0025
step  0
----------------------------------------------------------pseudo_mini_loss sum 1.6425609588623047
Micro F1 Score: 0.42857142857142855
Epoch 198, Learning Rate: 0.0025
step  0
----------------------------------------------------------pseudo_mini_loss sum 1.6583795547485352
Micro F1 Score: 0.35714285714285715
Epoch 199, Learning Rate: 0.0025
step  0
----------------------------------------------------------pseudo_mini_loss sum 1.6403498649597168
Micro F1 Score: 0.36428571428571427
Epoch 200, Learning Rate: 0.0025
step  0
----------------------------------------------------------pseudo_mini_loss sum 1.6474064588546753
Micro F1 Score: 0.39285714285714285
Epoch 201, Learning Rate: 0.0025
step  0
----------------------------------------------------------pseudo_mini_loss sum 1.640094518661499
Micro F1 Score: 0.39285714285714285
Epoch 202, Learning Rate: 0.0025
step  0
----------------------------------------------------------pseudo_mini_loss sum 1.6386795043945312
Micro F1 Score: 0.3357142857142857
Epoch 203, Learning Rate: 0.0025
step  0
----------------------------------------------------------pseudo_mini_loss sum 1.6452969312667847
Micro F1 Score: 0.4000000000000001
Epoch 204, Learning Rate: 0.0025
step  0
----------------------------------------------------------pseudo_mini_loss sum 1.5915801525115967
Micro F1 Score: 0.39285714285714285
Epoch 205, Learning Rate: 0.0025
step  0
----------------------------------------------------------pseudo_mini_loss sum 1.6398351192474365
Micro F1 Score: 0.39285714285714285
Epoch 206, Learning Rate: 0.0025
step  0
----------------------------------------------------------pseudo_mini_loss sum 1.7169009447097778
Micro F1 Score: 0.35
Epoch 207, Learning Rate: 0.0025
step  0
----------------------------------------------------------pseudo_mini_loss sum 1.6507015228271484
Micro F1 Score: 0.35714285714285715
Epoch 208, Learning Rate: 0.0025
step  0
----------------------------------------------------------pseudo_mini_loss sum 1.6000306606292725
Micro F1 Score: 0.4142857142857143
Epoch 209, Learning Rate: 0.0025
step  0
----------------------------------------------------------pseudo_mini_loss sum 1.6382505893707275
Micro F1 Score: 0.39285714285714285
Epoch 210, Learning Rate: 0.0025
step  0
----------------------------------------------------------pseudo_mini_loss sum 1.6352449655532837
Micro F1 Score: 0.37857142857142856
Epoch 211, Learning Rate: 0.00125
step  0
----------------------------------------------------------pseudo_mini_loss sum 1.6218611001968384
Micro F1 Score: 0.37857142857142856
Epoch 212, Learning Rate: 0.00125
step  0
----------------------------------------------------------pseudo_mini_loss sum 1.6699743270874023
Micro F1 Score: 0.38571428571428573
Epoch 213, Learning Rate: 0.00125
step  0
----------------------------------------------------------pseudo_mini_loss sum 1.653783917427063
Micro F1 Score: 0.37142857142857144
Epoch 214, Learning Rate: 0.00125
step  0
----------------------------------------------------------pseudo_mini_loss sum 1.6613185405731201
Micro F1 Score: 0.34285714285714286
Epoch 215, Learning Rate: 0.00125
step  0
----------------------------------------------------------pseudo_mini_loss sum 1.6525988578796387
Micro F1 Score: 0.35714285714285715
Epoch 216, Learning Rate: 0.00125
step  0
----------------------------------------------------------pseudo_mini_loss sum 1.6683059930801392
Micro F1 Score: 0.37142857142857144
Epoch 217, Learning Rate: 0.00125
step  0
----------------------------------------------------------pseudo_mini_loss sum 1.6357938051223755
Micro F1 Score: 0.39285714285714285
Epoch 218, Learning Rate: 0.00125
step  0
----------------------------------------------------------pseudo_mini_loss sum 1.6432958841323853
Micro F1 Score: 0.37142857142857144
Epoch 219, Learning Rate: 0.00125
step  0
----------------------------------------------------------pseudo_mini_loss sum 1.6442979574203491
Micro F1 Score: 0.35714285714285715
Epoch 220, Learning Rate: 0.00125
step  0
----------------------------------------------------------pseudo_mini_loss sum 1.6372407674789429
Micro F1 Score: 0.35714285714285715
Epoch 221, Learning Rate: 0.00125
step  0
----------------------------------------------------------pseudo_mini_loss sum 1.6333293914794922
Micro F1 Score: 0.34285714285714286
Epoch 222, Learning Rate: 0.00125
step  0
----------------------------------------------------------pseudo_mini_loss sum 1.6304134130477905
Micro F1 Score: 0.4000000000000001
Epoch 223, Learning Rate: 0.00125
step  0
----------------------------------------------------------pseudo_mini_loss sum 1.6642987728118896
Micro F1 Score: 0.37142857142857144
Epoch 224, Learning Rate: 0.00125
step  0
----------------------------------------------------------pseudo_mini_loss sum 1.6204665899276733
Micro F1 Score: 0.37142857142857144
Epoch 225, Learning Rate: 0.00125
step  0
----------------------------------------------------------pseudo_mini_loss sum 1.6220024824142456
Micro F1 Score: 0.38571428571428573
Epoch 226, Learning Rate: 0.00125
step  0
----------------------------------------------------------pseudo_mini_loss sum 1.636216163635254
Micro F1 Score: 0.35714285714285715
Epoch 227, Learning Rate: 0.00125
step  0
----------------------------------------------------------pseudo_mini_loss sum 1.6638587713241577
Micro F1 Score: 0.39285714285714285
Epoch 228, Learning Rate: 0.00125
step  0
----------------------------------------------------------pseudo_mini_loss sum 1.6548786163330078
Micro F1 Score: 0.34285714285714286
Epoch 229, Learning Rate: 0.00125
step  0
----------------------------------------------------------pseudo_mini_loss sum 1.6022357940673828
Micro F1 Score: 0.40714285714285714
Epoch 230, Learning Rate: 0.00125
step  0
----------------------------------------------------------pseudo_mini_loss sum 1.5994699001312256
Micro F1 Score: 0.44285714285714284
Epoch 231, Learning Rate: 0.00125
step  0
----------------------------------------------------------pseudo_mini_loss sum 1.6493841409683228
Micro F1 Score: 0.3357142857142857
Epoch 232, Learning Rate: 0.00125
step  0
----------------------------------------------------------pseudo_mini_loss sum 1.6308726072311401
Micro F1 Score: 0.37142857142857144
Epoch 233, Learning Rate: 0.00125
step  0
----------------------------------------------------------pseudo_mini_loss sum 1.6320439577102661
Micro F1 Score: 0.38571428571428573
Epoch 234, Learning Rate: 0.00125
step  0
----------------------------------------------------------pseudo_mini_loss sum 1.6449540853500366
Micro F1 Score: 0.39285714285714285
Epoch 235, Learning Rate: 0.00125
step  0
----------------------------------------------------------pseudo_mini_loss sum 1.6287111043930054
Micro F1 Score: 0.39285714285714285
Epoch 236, Learning Rate: 0.00125
step  0
----------------------------------------------------------pseudo_mini_loss sum 1.6536662578582764
Micro F1 Score: 0.37142857142857144
Epoch 237, Learning Rate: 0.00125
step  0
----------------------------------------------------------pseudo_mini_loss sum 1.6271554231643677
Micro F1 Score: 0.35714285714285715
Epoch 238, Learning Rate: 0.00125
step  0
----------------------------------------------------------pseudo_mini_loss sum 1.6195497512817383
Micro F1 Score: 0.40714285714285714
Epoch 239, Learning Rate: 0.00125
step  0
----------------------------------------------------------pseudo_mini_loss sum 1.5995798110961914
Micro F1 Score: 0.37857142857142856
Epoch 240, Learning Rate: 0.00125
step  0
----------------------------------------------------------pseudo_mini_loss sum 1.6344071626663208
Micro F1 Score: 0.37857142857142856
Epoch 241, Learning Rate: 0.00125
step  0
----------------------------------------------------------pseudo_mini_loss sum 1.6170040369033813
Micro F1 Score: 0.39285714285714285
Epoch 242, Learning Rate: 0.00125
step  0
----------------------------------------------------------pseudo_mini_loss sum 1.668870210647583
Micro F1 Score: 0.3357142857142857
Epoch 243, Learning Rate: 0.00125
step  0
----------------------------------------------------------pseudo_mini_loss sum 1.594362497329712
Micro F1 Score: 0.38571428571428573
Epoch 244, Learning Rate: 0.00125
step  0
----------------------------------------------------------pseudo_mini_loss sum 1.643140196800232
Micro F1 Score: 0.35
Epoch 245, Learning Rate: 0.00125
step  0
----------------------------------------------------------pseudo_mini_loss sum 1.6301254034042358
Micro F1 Score: 0.38571428571428573
Epoch 246, Learning Rate: 0.00125
step  0
----------------------------------------------------------pseudo_mini_loss sum 1.5860012769699097
Micro F1 Score: 0.42857142857142855
Epoch 247, Learning Rate: 0.00125
step  0
----------------------------------------------------------pseudo_mini_loss sum 1.628110647201538
Micro F1 Score: 0.34285714285714286
Epoch 248, Learning Rate: 0.00125
step  0
----------------------------------------------------------pseudo_mini_loss sum 1.6342474222183228
Micro F1 Score: 0.3357142857142857
Epoch 249, Learning Rate: 0.00125
step  0
----------------------------------------------------------pseudo_mini_loss sum 1.6253929138183594
Micro F1 Score: 0.40714285714285714
Epoch 250, Learning Rate: 0.00125
step  0
----------------------------------------------------------pseudo_mini_loss sum 1.5866844654083252
Micro F1 Score: 0.37857142857142856
Epoch 251, Learning Rate: 0.0015
step  0
----------------------------------------------------------pseudo_mini_loss sum 1.6133792400360107
Micro F1 Score: 0.4142857142857143
Epoch 252, Learning Rate: 0.0015
step  0
----------------------------------------------------------pseudo_mini_loss sum 1.6434552669525146
Micro F1 Score: 0.40714285714285714
Epoch 253, Learning Rate: 0.0015
step  0
----------------------------------------------------------pseudo_mini_loss sum 1.6167398691177368
Micro F1 Score: 0.37142857142857144
Epoch 254, Learning Rate: 0.0015
step  0
----------------------------------------------------------pseudo_mini_loss sum 1.5934056043624878
Micro F1 Score: 0.4357142857142857
Epoch 255, Learning Rate: 0.0015
step  0
----------------------------------------------------------pseudo_mini_loss sum 1.609824538230896
Micro F1 Score: 0.37142857142857144
Epoch 256, Learning Rate: 0.0015
step  0
----------------------------------------------------------pseudo_mini_loss sum 1.6390901803970337
Micro F1 Score: 0.4000000000000001
Epoch 257, Learning Rate: 0.0015
step  0
----------------------------------------------------------pseudo_mini_loss sum 1.6144202947616577
Micro F1 Score: 0.4000000000000001
Epoch 258, Learning Rate: 0.0015
step  0
----------------------------------------------------------pseudo_mini_loss sum 1.5971646308898926
Micro F1 Score: 0.4357142857142857
Epoch 259, Learning Rate: 0.0015
step  0
----------------------------------------------------------pseudo_mini_loss sum 1.6230723857879639
Micro F1 Score: 0.35714285714285715
Epoch 260, Learning Rate: 0.0015
step  0
----------------------------------------------------------pseudo_mini_loss sum 1.6132475137710571
Micro F1 Score: 0.42857142857142855
Epoch 261, Learning Rate: 0.0015
step  0
----------------------------------------------------------pseudo_mini_loss sum 1.6370391845703125
Micro F1 Score: 0.38571428571428573
Epoch 262, Learning Rate: 0.0015
step  0
----------------------------------------------------------pseudo_mini_loss sum 1.6130534410476685
Micro F1 Score: 0.4142857142857143
Epoch 263, Learning Rate: 0.0015
step  0
----------------------------------------------------------pseudo_mini_loss sum 1.6440600156784058
Micro F1 Score: 0.4000000000000001
Epoch 264, Learning Rate: 0.0015
step  0
----------------------------------------------------------pseudo_mini_loss sum 1.609403133392334
Micro F1 Score: 0.3357142857142857
Epoch 265, Learning Rate: 0.0015
step  0
----------------------------------------------------------pseudo_mini_loss sum 1.641866683959961
Micro F1 Score: 0.3357142857142857
Epoch 266, Learning Rate: 0.0015
step  0
----------------------------------------------------------pseudo_mini_loss sum 1.6030833721160889
Micro F1 Score: 0.4000000000000001
Epoch 267, Learning Rate: 0.0015
step  0
----------------------------------------------------------pseudo_mini_loss sum 1.6376224756240845
Micro F1 Score: 0.37857142857142856
Epoch 268, Learning Rate: 0.0015
step  0
----------------------------------------------------------pseudo_mini_loss sum 1.6387262344360352
Micro F1 Score: 0.37142857142857144
Epoch 269, Learning Rate: 0.0015
step  0
----------------------------------------------------------pseudo_mini_loss sum 1.6084610223770142
Micro F1 Score: 0.37142857142857144
Epoch 270, Learning Rate: 0.0015
step  0
----------------------------------------------------------pseudo_mini_loss sum 1.6914023160934448
Micro F1 Score: 0.29285714285714287
Epoch 271, Learning Rate: 0.0015
step  0
----------------------------------------------------------pseudo_mini_loss sum 1.6025660037994385
Micro F1 Score: 0.37857142857142856
Epoch 272, Learning Rate: 0.0015
step  0
----------------------------------------------------------pseudo_mini_loss sum 1.6432161331176758
Micro F1 Score: 0.36428571428571427
Epoch 273, Learning Rate: 0.0015
step  0
----------------------------------------------------------pseudo_mini_loss sum 1.615883708000183
Micro F1 Score: 0.37857142857142856
Epoch 274, Learning Rate: 0.0015
step  0
----------------------------------------------------------pseudo_mini_loss sum 1.6458312273025513
Micro F1 Score: 0.35714285714285715
Epoch 275, Learning Rate: 0.0015
step  0
----------------------------------------------------------pseudo_mini_loss sum 1.633012056350708
Micro F1 Score: 0.35714285714285715
Epoch 276, Learning Rate: 0.0015
step  0
----------------------------------------------------------pseudo_mini_loss sum 1.63713800907135
Micro F1 Score: 0.36428571428571427
Epoch 277, Learning Rate: 0.0015
step  0
----------------------------------------------------------pseudo_mini_loss sum 1.6305286884307861
Micro F1 Score: 0.37857142857142856
Epoch 278, Learning Rate: 0.0015
step  0
----------------------------------------------------------pseudo_mini_loss sum 1.6148675680160522
Micro F1 Score: 0.38571428571428573
Epoch 279, Learning Rate: 0.0015
step  0
----------------------------------------------------------pseudo_mini_loss sum 1.6837912797927856
Micro F1 Score: 0.34285714285714286
Epoch 280, Learning Rate: 0.0015
step  0
----------------------------------------------------------pseudo_mini_loss sum 1.6068772077560425
Micro F1 Score: 0.4142857142857143
Epoch 281, Learning Rate: 0.0015
step  0
----------------------------------------------------------pseudo_mini_loss sum 1.5974562168121338
Micro F1 Score: 0.40714285714285714
Epoch 282, Learning Rate: 0.0015
step  0
----------------------------------------------------------pseudo_mini_loss sum 1.6317213773727417
Micro F1 Score: 0.4000000000000001
Epoch 283, Learning Rate: 0.0015
step  0
----------------------------------------------------------pseudo_mini_loss sum 1.624786138534546
Micro F1 Score: 0.38571428571428573
Epoch 284, Learning Rate: 0.0015
step  0
----------------------------------------------------------pseudo_mini_loss sum 1.6263200044631958
Micro F1 Score: 0.38571428571428573
Epoch 285, Learning Rate: 0.0015
step  0
----------------------------------------------------------pseudo_mini_loss sum 1.627616286277771
Micro F1 Score: 0.42142857142857143
Epoch 286, Learning Rate: 0.0015
step  0
----------------------------------------------------------pseudo_mini_loss sum 1.6424932479858398
Micro F1 Score: 0.36428571428571427
Epoch 287, Learning Rate: 0.0015
step  0
----------------------------------------------------------pseudo_mini_loss sum 1.6482996940612793
Micro F1 Score: 0.39285714285714285
Epoch 288, Learning Rate: 0.0015
step  0
----------------------------------------------------------pseudo_mini_loss sum 1.5817689895629883
Micro F1 Score: 0.4142857142857143
Epoch 289, Learning Rate: 0.0015
step  0
----------------------------------------------------------pseudo_mini_loss sum 1.6321499347686768
Micro F1 Score: 0.44285714285714284
Epoch 290, Learning Rate: 0.0015
step  0
----------------------------------------------------------pseudo_mini_loss sum 1.620650291442871
Micro F1 Score: 0.37857142857142856
Epoch 291, Learning Rate: 0.0015
step  0
----------------------------------------------------------pseudo_mini_loss sum 1.6496431827545166
Micro F1 Score: 0.37142857142857144
Epoch 292, Learning Rate: 0.0015
step  0
----------------------------------------------------------pseudo_mini_loss sum 1.6379013061523438
Micro F1 Score: 0.30714285714285716
Epoch 293, Learning Rate: 0.0015
step  0
----------------------------------------------------------pseudo_mini_loss sum 1.6576567888259888
Micro F1 Score: 0.34285714285714286
Epoch 294, Learning Rate: 0.0015
step  0
----------------------------------------------------------pseudo_mini_loss sum 1.6211614608764648
Micro F1 Score: 0.39285714285714285
Epoch 295, Learning Rate: 0.0015
step  0
----------------------------------------------------------pseudo_mini_loss sum 1.6715208292007446
Micro F1 Score: 0.3357142857142857
Epoch 296, Learning Rate: 0.0015
step  0
----------------------------------------------------------pseudo_mini_loss sum 1.6203612089157104
Micro F1 Score: 0.4142857142857143
Epoch 297, Learning Rate: 0.0015
step  0
----------------------------------------------------------pseudo_mini_loss sum 1.6076103448867798
Micro F1 Score: 0.39285714285714285
Epoch 298, Learning Rate: 0.0015
step  0
----------------------------------------------------------pseudo_mini_loss sum 1.7051018476486206
Micro F1 Score: 0.30714285714285716
Epoch 299, Learning Rate: 0.0015
step  0
----------------------------------------------------------pseudo_mini_loss sum 1.6361145973205566
Micro F1 Score: 0.34285714285714286
Epoch 300, Learning Rate: 0.0015
step  0
----------------------------------------------------------pseudo_mini_loss sum 1.6522839069366455
Micro F1 Score: 0.37142857142857144
Epoch 301, Learning Rate: 0.0015
step  0
----------------------------------------------------------pseudo_mini_loss sum 1.5902812480926514
Micro F1 Score: 0.35714285714285715
Epoch 302, Learning Rate: 0.0015
step  0
----------------------------------------------------------pseudo_mini_loss sum 1.678663730621338
Micro F1 Score: 0.3357142857142857
Epoch 303, Learning Rate: 0.0015
step  0
----------------------------------------------------------pseudo_mini_loss sum 1.6735637187957764
Micro F1 Score: 0.36428571428571427
Epoch 304, Learning Rate: 0.0015
step  0
----------------------------------------------------------pseudo_mini_loss sum 1.651968002319336
Micro F1 Score: 0.32857142857142857
Epoch 305, Learning Rate: 0.0015
step  0
----------------------------------------------------------pseudo_mini_loss sum 1.633084774017334
Micro F1 Score: 0.37857142857142856
Epoch 306, Learning Rate: 0.0015
step  0
----------------------------------------------------------pseudo_mini_loss sum 1.6295846700668335
Micro F1 Score: 0.34285714285714286
Epoch 307, Learning Rate: 0.0015
step  0
----------------------------------------------------------pseudo_mini_loss sum 1.6555904150009155
Micro F1 Score: 0.37857142857142856
Epoch 308, Learning Rate: 0.0015
step  0
----------------------------------------------------------pseudo_mini_loss sum 1.6145009994506836
Micro F1 Score: 0.35
Epoch 309, Learning Rate: 0.0015
step  0
----------------------------------------------------------pseudo_mini_loss sum 1.6319280862808228
Micro F1 Score: 0.36428571428571427
Epoch 310, Learning Rate: 0.0015
step  0
----------------------------------------------------------pseudo_mini_loss sum 1.606699824333191
Micro F1 Score: 0.39285714285714285
Epoch 311, Learning Rate: 0.0015
step  0
----------------------------------------------------------pseudo_mini_loss sum 1.6450109481811523
Micro F1 Score: 0.36428571428571427
Epoch 312, Learning Rate: 0.0015
step  0
----------------------------------------------------------pseudo_mini_loss sum 1.6256122589111328
Micro F1 Score: 0.3357142857142857
Epoch 313, Learning Rate: 0.0015
step  0
----------------------------------------------------------pseudo_mini_loss sum 1.6440222263336182
Micro F1 Score: 0.4000000000000001
Epoch 314, Learning Rate: 0.0015
step  0
----------------------------------------------------------pseudo_mini_loss sum 1.6266462802886963
Micro F1 Score: 0.37142857142857144
Epoch 315, Learning Rate: 0.0015
step  0
----------------------------------------------------------pseudo_mini_loss sum 1.6259924173355103
Micro F1 Score: 0.40714285714285714
Epoch 316, Learning Rate: 0.0015
step  0
----------------------------------------------------------pseudo_mini_loss sum 1.5894017219543457
Micro F1 Score: 0.4000000000000001
Epoch 317, Learning Rate: 0.0015
step  0
----------------------------------------------------------pseudo_mini_loss sum 1.6059917211532593
Micro F1 Score: 0.38571428571428573
Epoch 318, Learning Rate: 0.0015
step  0
----------------------------------------------------------pseudo_mini_loss sum 1.6204569339752197
Micro F1 Score: 0.35714285714285715
Epoch 319, Learning Rate: 0.0015
step  0
----------------------------------------------------------pseudo_mini_loss sum 1.642856478691101
Micro F1 Score: 0.35
Epoch 320, Learning Rate: 0.0015
step  0
----------------------------------------------------------pseudo_mini_loss sum 1.7033685445785522
Micro F1 Score: 0.35
Epoch 321, Learning Rate: 0.0015
step  0
----------------------------------------------------------pseudo_mini_loss sum 1.6222747564315796
Micro F1 Score: 0.32857142857142857
Epoch 322, Learning Rate: 0.0015
step  0
----------------------------------------------------------pseudo_mini_loss sum 1.5841238498687744
Micro F1 Score: 0.4000000000000001
Epoch 323, Learning Rate: 0.0015
step  0
----------------------------------------------------------pseudo_mini_loss sum 1.6187386512756348
Micro F1 Score: 0.38571428571428573
Epoch 324, Learning Rate: 0.0015
step  0
----------------------------------------------------------pseudo_mini_loss sum 1.6056886911392212
Micro F1 Score: 0.39285714285714285
Epoch 325, Learning Rate: 0.0015
step  0
----------------------------------------------------------pseudo_mini_loss sum 1.5746878385543823
Micro F1 Score: 0.4142857142857143
Epoch 326, Learning Rate: 0.0015
step  0
----------------------------------------------------------pseudo_mini_loss sum 1.6331275701522827
Micro F1 Score: 0.34285714285714286
Epoch 327, Learning Rate: 0.0015
step  0
----------------------------------------------------------pseudo_mini_loss sum 1.6176469326019287
Micro F1 Score: 0.32142857142857145
Epoch 328, Learning Rate: 0.0015
step  0
----------------------------------------------------------pseudo_mini_loss sum 1.607672095298767
Micro F1 Score: 0.4357142857142857
Epoch 329, Learning Rate: 0.0015
step  0
----------------------------------------------------------pseudo_mini_loss sum 1.6295623779296875
Micro F1 Score: 0.35714285714285715
Epoch 330, Learning Rate: 0.0015
step  0
----------------------------------------------------------pseudo_mini_loss sum 1.573622465133667
Micro F1 Score: 0.42142857142857143
Epoch 331, Learning Rate: 0.0015
step  0
----------------------------------------------------------pseudo_mini_loss sum 1.6081286668777466
Micro F1 Score: 0.38571428571428573
Epoch 332, Learning Rate: 0.0015
step  0
----------------------------------------------------------pseudo_mini_loss sum 1.6183648109436035
Micro F1 Score: 0.39285714285714285
Epoch 333, Learning Rate: 0.0015
step  0
----------------------------------------------------------pseudo_mini_loss sum 1.6346582174301147
Micro F1 Score: 0.36428571428571427
Epoch 334, Learning Rate: 0.0015
step  0
----------------------------------------------------------pseudo_mini_loss sum 1.6295744180679321
Micro F1 Score: 0.34285714285714286
Epoch 335, Learning Rate: 0.0015
step  0
----------------------------------------------------------pseudo_mini_loss sum 1.631404161453247
Micro F1 Score: 0.34285714285714286
Epoch 336, Learning Rate: 0.0015
step  0
----------------------------------------------------------pseudo_mini_loss sum 1.600765347480774
Micro F1 Score: 0.42857142857142855
Epoch 337, Learning Rate: 0.0015
step  0
----------------------------------------------------------pseudo_mini_loss sum 1.5898032188415527
Micro F1 Score: 0.39285714285714285
Epoch 338, Learning Rate: 0.0015
step  0
----------------------------------------------------------pseudo_mini_loss sum 1.6764745712280273
Micro F1 Score: 0.34285714285714286
Epoch 339, Learning Rate: 0.0015
step  0
----------------------------------------------------------pseudo_mini_loss sum 1.5957354307174683
Micro F1 Score: 0.37142857142857144
Epoch 340, Learning Rate: 0.0015
step  0
----------------------------------------------------------pseudo_mini_loss sum 1.6651898622512817
Micro F1 Score: 0.3357142857142857
Epoch 341, Learning Rate: 0.0015
step  0
----------------------------------------------------------pseudo_mini_loss sum 1.5665827989578247
Micro F1 Score: 0.38571428571428573
Epoch 342, Learning Rate: 0.0015
step  0
----------------------------------------------------------pseudo_mini_loss sum 1.6217169761657715
Micro F1 Score: 0.39285714285714285
Epoch 343, Learning Rate: 0.0015
step  0
----------------------------------------------------------pseudo_mini_loss sum 1.6006251573562622
Micro F1 Score: 0.38571428571428573
Epoch 344, Learning Rate: 0.0015
step  0
----------------------------------------------------------pseudo_mini_loss sum 1.578749656677246
Micro F1 Score: 0.36428571428571427
Epoch 345, Learning Rate: 0.0015
step  0
----------------------------------------------------------pseudo_mini_loss sum 1.6092166900634766
Micro F1 Score: 0.35
Epoch 346, Learning Rate: 0.0015
step  0
----------------------------------------------------------pseudo_mini_loss sum 1.606916904449463
Micro F1 Score: 0.4000000000000001
Epoch 347, Learning Rate: 0.0015
step  0
----------------------------------------------------------pseudo_mini_loss sum 1.6346893310546875
Micro F1 Score: 0.35
Epoch 348, Learning Rate: 0.0015
step  0
----------------------------------------------------------pseudo_mini_loss sum 1.596750020980835
Micro F1 Score: 0.39285714285714285
Epoch 349, Learning Rate: 0.0015
step  0
----------------------------------------------------------pseudo_mini_loss sum 1.6562875509262085
Micro F1 Score: 0.39285714285714285
Epoch 350, Learning Rate: 0.0015
step  0
----------------------------------------------------------pseudo_mini_loss sum 1.5643980503082275
Micro F1 Score: 0.45
Epoch 351, Learning Rate: 0.0015
step  0
----------------------------------------------------------pseudo_mini_loss sum 1.591259241104126
Micro F1 Score: 0.4357142857142857
Epoch 352, Learning Rate: 0.0015
step  0
----------------------------------------------------------pseudo_mini_loss sum 1.6161471605300903
Micro F1 Score: 0.42857142857142855
Epoch 353, Learning Rate: 0.0015
step  0
----------------------------------------------------------pseudo_mini_loss sum 1.6106255054473877
Micro F1 Score: 0.35
Epoch 354, Learning Rate: 0.0015
step  0
----------------------------------------------------------pseudo_mini_loss sum 1.6322312355041504
Micro F1 Score: 0.37142857142857144
Epoch 355, Learning Rate: 0.0015
step  0
----------------------------------------------------------pseudo_mini_loss sum 1.6341601610183716
Micro F1 Score: 0.32142857142857145
Epoch 356, Learning Rate: 0.0015
step  0
----------------------------------------------------------pseudo_mini_loss sum 1.604914665222168
Micro F1 Score: 0.37142857142857144
Epoch 357, Learning Rate: 0.0015
step  0
----------------------------------------------------------pseudo_mini_loss sum 1.631861925125122
Micro F1 Score: 0.39285714285714285
Epoch 358, Learning Rate: 0.0015
step  0
----------------------------------------------------------pseudo_mini_loss sum 1.6590684652328491
Micro F1 Score: 0.35
Epoch 359, Learning Rate: 0.0015
step  0
----------------------------------------------------------pseudo_mini_loss sum 1.595340371131897
Micro F1 Score: 0.4142857142857143
Epoch 360, Learning Rate: 0.0015
step  0
----------------------------------------------------------pseudo_mini_loss sum 1.7012453079223633
Micro F1 Score: 0.32142857142857145
Epoch 361, Learning Rate: 0.0015
step  0
----------------------------------------------------------pseudo_mini_loss sum 1.5745755434036255
Micro F1 Score: 0.4000000000000001
Epoch 362, Learning Rate: 0.0015
step  0
----------------------------------------------------------pseudo_mini_loss sum 1.6516883373260498
Micro F1 Score: 0.32857142857142857
Epoch 363, Learning Rate: 0.0015
step  0
----------------------------------------------------------pseudo_mini_loss sum 1.6101024150848389
Micro F1 Score: 0.38571428571428573
Epoch 364, Learning Rate: 0.0015
step  0
----------------------------------------------------------pseudo_mini_loss sum 1.5886090993881226
Micro F1 Score: 0.39285714285714285
Epoch 365, Learning Rate: 0.0015
step  0
----------------------------------------------------------pseudo_mini_loss sum 1.6410876512527466
Micro F1 Score: 0.32142857142857145
Epoch 366, Learning Rate: 0.0015
step  0
----------------------------------------------------------pseudo_mini_loss sum 1.5985307693481445
Micro F1 Score: 0.38571428571428573
Epoch 367, Learning Rate: 0.0015
step  0
----------------------------------------------------------pseudo_mini_loss sum 1.628713846206665
Micro F1 Score: 0.38571428571428573
Epoch 368, Learning Rate: 0.0015
step  0
----------------------------------------------------------pseudo_mini_loss sum 1.6228876113891602
Micro F1 Score: 0.38571428571428573
Epoch 369, Learning Rate: 0.0015
step  0
----------------------------------------------------------pseudo_mini_loss sum 1.598976731300354
Micro F1 Score: 0.37857142857142856
Epoch 370, Learning Rate: 0.0015
step  0
----------------------------------------------------------pseudo_mini_loss sum 1.554573655128479
Micro F1 Score: 0.4142857142857143
Epoch 371, Learning Rate: 0.0015
step  0
----------------------------------------------------------pseudo_mini_loss sum 1.6173683404922485
Micro F1 Score: 0.34285714285714286
Epoch 372, Learning Rate: 0.0015
step  0
----------------------------------------------------------pseudo_mini_loss sum 1.6044789552688599
Micro F1 Score: 0.38571428571428573
Epoch 373, Learning Rate: 0.0015
step  0
----------------------------------------------------------pseudo_mini_loss sum 1.609923243522644
Micro F1 Score: 0.3357142857142857
Epoch 374, Learning Rate: 0.0015
step  0
----------------------------------------------------------pseudo_mini_loss sum 1.6106339693069458
Micro F1 Score: 0.40714285714285714
Epoch 375, Learning Rate: 0.0015
step  0
----------------------------------------------------------pseudo_mini_loss sum 1.599055528640747
Micro F1 Score: 0.35714285714285715
Epoch 376, Learning Rate: 0.0015
step  0
----------------------------------------------------------pseudo_mini_loss sum 1.6307997703552246
Micro F1 Score: 0.36428571428571427
Epoch 377, Learning Rate: 0.0015
step  0
----------------------------------------------------------pseudo_mini_loss sum 1.6436939239501953
Micro F1 Score: 0.35
Epoch 378, Learning Rate: 0.0015
step  0
----------------------------------------------------------pseudo_mini_loss sum 1.6435186862945557
Micro F1 Score: 0.4142857142857143
Epoch 379, Learning Rate: 0.0015
step  0
----------------------------------------------------------pseudo_mini_loss sum 1.5528697967529297
Micro F1 Score: 0.42142857142857143
Epoch 380, Learning Rate: 0.0015
step  0
----------------------------------------------------------pseudo_mini_loss sum 1.57718026638031
Micro F1 Score: 0.37857142857142856
Epoch 381, Learning Rate: 0.0015
step  0
----------------------------------------------------------pseudo_mini_loss sum 1.655399203300476
Micro F1 Score: 0.37857142857142856
Epoch 382, Learning Rate: 0.0015
step  0
----------------------------------------------------------pseudo_mini_loss sum 1.615992784500122
Micro F1 Score: 0.39285714285714285
Epoch 383, Learning Rate: 0.0015
step  0
----------------------------------------------------------pseudo_mini_loss sum 1.5843483209609985
Micro F1 Score: 0.40714285714285714
Epoch 384, Learning Rate: 0.0015
step  0
----------------------------------------------------------pseudo_mini_loss sum 1.5802727937698364
Micro F1 Score: 0.39285714285714285
Epoch 385, Learning Rate: 0.0015
step  0
----------------------------------------------------------pseudo_mini_loss sum 1.629406213760376
Micro F1 Score: 0.35714285714285715
Epoch 386, Learning Rate: 0.0015
step  0
----------------------------------------------------------pseudo_mini_loss sum 1.6167680025100708
Micro F1 Score: 0.37857142857142856
Epoch 387, Learning Rate: 0.0015
step  0
----------------------------------------------------------pseudo_mini_loss sum 1.6493078470230103
Micro F1 Score: 0.40714285714285714
Epoch 388, Learning Rate: 0.0015
step  0
----------------------------------------------------------pseudo_mini_loss sum 1.6470304727554321
Micro F1 Score: 0.3357142857142857
Epoch 389, Learning Rate: 0.0015
step  0
----------------------------------------------------------pseudo_mini_loss sum 1.5648075342178345
Micro F1 Score: 0.37857142857142856
Epoch 390, Learning Rate: 0.0015
step  0
----------------------------------------------------------pseudo_mini_loss sum 1.584643840789795
Micro F1 Score: 0.4142857142857143
Epoch 391, Learning Rate: 0.0015
step  0
----------------------------------------------------------pseudo_mini_loss sum 1.6534886360168457
Micro F1 Score: 0.3142857142857143
Epoch 392, Learning Rate: 0.0015
step  0
----------------------------------------------------------pseudo_mini_loss sum 1.6249761581420898
Micro F1 Score: 0.38571428571428573
Epoch 393, Learning Rate: 0.0015
step  0
----------------------------------------------------------pseudo_mini_loss sum 1.6303914785385132
Micro F1 Score: 0.39285714285714285
Epoch 394, Learning Rate: 0.0015
step  0
----------------------------------------------------------pseudo_mini_loss sum 1.5851571559906006
Micro F1 Score: 0.35
Epoch 395, Learning Rate: 0.0015
step  0
----------------------------------------------------------pseudo_mini_loss sum 1.6605278253555298
Micro F1 Score: 0.32142857142857145
Epoch 396, Learning Rate: 0.0015
step  0
----------------------------------------------------------pseudo_mini_loss sum 1.6187899112701416
Micro F1 Score: 0.35714285714285715
Epoch 397, Learning Rate: 0.0015
step  0
----------------------------------------------------------pseudo_mini_loss sum 1.6422438621520996
Micro F1 Score: 0.34285714285714286
Epoch 398, Learning Rate: 0.0015
step  0
----------------------------------------------------------pseudo_mini_loss sum 1.6139668226242065
Micro F1 Score: 0.32857142857142857
Epoch 399, Learning Rate: 0.0015
step  0
----------------------------------------------------------pseudo_mini_loss sum 1.6266595125198364
Micro F1 Score: 0.4142857142857143
Epoch 400, Learning Rate: 0.0015
step  0
----------------------------------------------------------pseudo_mini_loss sum 1.6172106266021729
Micro F1 Score: 0.37857142857142856
