main start at this time 1700854642.406007
success----------------------------------------
153431
23831
55703
# Nodes: 232965
# Edges: 114615892
# Train: 153431
# Val: 23831
# Test: 55703
# Classes: 41

#nodes: 232965
#edges: 114615892
#classes: 41
in feats:  602
self._in_src_feats,  602
self._in_dst_feats 602
Epoch 1, Learning Rate: 0.001
---||-----||-----||-----||-----||-----||-----||-----||-----||-----||-----||-----||-----||-----||-----||-----||-----||-----||-----||-----||--
self.K  6
G_BUCKET_ID_list [[3, 2], [6, 0], [4, 1], [7], [8], [5]]
Groups_mem_list  [[159, 127], [230, 56], [185, 98], [258], [252], [211], [211]]
G_BUCKET_ID_list length 6
backpack scheduling spend  0.038372039794921875
6
6
current group_mem  0.28672854602336884
current group_mem  0.28616340458393097
current group_mem  0.2842661440372467
current group_mem  0.25802743434906006
current group_mem  0.2524971216917038
current group_mem  0.21192803978919983
batches output list generation spend  0.0010602474212646484
bkt_dst_nodes_list = self.get_in_degree_bucketing() spend:  0.013201236724853516
self.gen_batches_seeds_list(bkt_dst_nodes_list_local) spend  0.03984189033508301
num_output  153431
self.output_nids  153431
output nodes length match
global output equals  True
partition total batch output list spend :  0.37644529342651367
self.buckets_partition() spend  sec:  0.05305647850036621
check connections block*********************************

the find indices time spent  0.06655359268188477

in edges time spent  0.30684995651245117
local to global src and eids time spent  0.6599855422973633
time gen tails  0.1217200756072998
res  length 6

block_gen_time in "generate_blocks_for_one_layer_block"  0.9000921249389648

block collection to dataloader spend  1.0728836059570312e-05
step  0
step  1
step  2
step  3
step  4
step  5
-----------------------------------------after optimizer zero grad
 Nvidia-smi: 22.111328125 GB
    Memory Allocated: 0.5514364242553711  GigaBytes
Max Memory Allocated: 17.730576038360596  GigaBytes

----------------------------------------------------------pseudo_mini_loss sum 6.933402061462402
Epoch 2, Learning Rate: 0.001
---||-----||-----||-----||-----||-----||-----||-----||-----||-----||-----||-----||-----||-----||-----||-----||-----||-----||-----||-----||--
self.K  6
G_BUCKET_ID_list [[3, 2], [6, 0], [4, 1], [7], [8], [5]]
Groups_mem_list  [[159, 127], [230, 56], [185, 98], [258], [252], [211], [211]]
G_BUCKET_ID_list length 6
backpack scheduling spend  0.04561924934387207
6
6
current group_mem  0.28672854602336884
current group_mem  0.28616340458393097
current group_mem  0.2842661440372467
current group_mem  0.25802743434906006
current group_mem  0.2524971216917038
current group_mem  0.21192803978919983
batches output list generation spend  0.0004892349243164062
bkt_dst_nodes_list = self.get_in_degree_bucketing() spend:  0.01262521743774414
self.gen_batches_seeds_list(bkt_dst_nodes_list_local) spend  0.04640364646911621
num_output  153431
self.output_nids  153431
output nodes length match
global output equals  True
partition total batch output list spend :  0.4010756015777588
self.buckets_partition() spend  sec:  0.059041500091552734
check connections block*********************************

the find indices time spent  0.07198619842529297

in edges time spent  0.350970983505249
local to global src and eids time spent  0.6564292907714844
time gen tails  0.12279057502746582
res  length 6

block_gen_time in "generate_blocks_for_one_layer_block"  1.360581874847412

block collection to dataloader spend  9.298324584960938e-06
step  0
step  1
step  2
step  3
step  4
step  5
-----------------------------------------after optimizer zero grad
 Nvidia-smi: 22.111328125 GB
    Memory Allocated: 0.5514364242553711  GigaBytes
Max Memory Allocated: 17.797365188598633  GigaBytes

----------------------------------------------------------pseudo_mini_loss sum 6.869746685028076
Epoch 3, Learning Rate: 0.001
---||-----||-----||-----||-----||-----||-----||-----||-----||-----||-----||-----||-----||-----||-----||-----||-----||-----||-----||-----||--
self.K  6
G_BUCKET_ID_list [[3, 2], [6, 0], [4, 1], [7], [8], [5]]
Groups_mem_list  [[159, 127], [230, 56], [185, 98], [258], [252], [211], [211]]
G_BUCKET_ID_list length 6
backpack scheduling spend  0.043036460876464844
6
6
current group_mem  0.28672854602336884
current group_mem  0.28616340458393097
current group_mem  0.2842661440372467
current group_mem  0.25802743434906006
current group_mem  0.2524971216917038
current group_mem  0.21192803978919983
batches output list generation spend  0.00046443939208984375
bkt_dst_nodes_list = self.get_in_degree_bucketing() spend:  0.012782573699951172
self.gen_batches_seeds_list(bkt_dst_nodes_list_local) spend  0.043831586837768555
num_output  153431
self.output_nids  153431
output nodes length match
global output equals  True
partition total batch output list spend :  0.37811994552612305
self.buckets_partition() spend  sec:  0.05662727355957031
check connections block*********************************

the find indices time spent  0.0708925724029541

in edges time spent  0.33977365493774414
local to global src and eids time spent  0.6706817150115967
time gen tails  0.12052130699157715
res  length 6

block_gen_time in "generate_blocks_for_one_layer_block"  0.925816535949707

block collection to dataloader spend  1.0013580322265625e-05
generate_dataloader_block spend   2.708197832107544
step  0
step  1
step  2
step  3
step  4
step  5
-----------------------------------------after optimizer zero grad
 Nvidia-smi: 22.111328125 GB
    Memory Allocated: 0.5514364242553711  GigaBytes
Max Memory Allocated: 17.799816131591797  GigaBytes

----------------------------------------------------------pseudo_mini_loss sum 6.807019233703613
epoch time:  9.446001052856445
Epoch 4, Learning Rate: 0.001
---||-----||-----||-----||-----||-----||-----||-----||-----||-----||-----||-----||-----||-----||-----||-----||-----||-----||-----||-----||--
self.K  6
G_BUCKET_ID_list [[3, 2], [6, 0], [4, 1], [7], [8], [5]]
Groups_mem_list  [[159, 127], [230, 56], [185, 98], [258], [252], [211], [211]]
G_BUCKET_ID_list length 6
backpack scheduling spend  0.02417898178100586
6
6
current group_mem  0.28672854602336884
current group_mem  0.28616340458393097
current group_mem  0.2842661440372467
current group_mem  0.25802743434906006
current group_mem  0.2524971216917038
current group_mem  0.21192803978919983
batches output list generation spend  0.0004668235778808594
bkt_dst_nodes_list = self.get_in_degree_bucketing() spend:  0.014345169067382812
self.gen_batches_seeds_list(bkt_dst_nodes_list_local) spend  0.024965286254882812
num_output  153431
self.output_nids  153431
output nodes length match
global output equals  True
partition total batch output list spend :  0.288036584854126
self.buckets_partition() spend  sec:  0.039325714111328125
check connections block*********************************

the find indices time spent  0.06883049011230469

in edges time spent  0.30791687965393066
local to global src and eids time spent  0.6589787006378174
time gen tails  0.11868786811828613
res  length 6

block_gen_time in "generate_blocks_for_one_layer_block"  0.7301616668701172

block collection to dataloader spend  9.775161743164062e-06
generate_dataloader_block spend   2.3723175525665283
step  0
step  1
step  2
step  3
step  4
step  5
-----------------------------------------after optimizer zero grad
 Nvidia-smi: 22.111328125 GB
    Memory Allocated: 0.5514349937438965  GigaBytes
Max Memory Allocated: 17.799816131591797  GigaBytes

----------------------------------------------------------pseudo_mini_loss sum 6.724388122558594
epoch time:  9.13407826423645
Epoch 5, Learning Rate: 0.001
---||-----||-----||-----||-----||-----||-----||-----||-----||-----||-----||-----||-----||-----||-----||-----||-----||-----||-----||-----||--
self.K  6
G_BUCKET_ID_list [[3, 2], [6, 0], [4, 1], [7], [8], [5]]
Groups_mem_list  [[159, 127], [230, 56], [185, 98], [258], [252], [211], [211]]
G_BUCKET_ID_list length 6
backpack scheduling spend  0.04342031478881836
6
6
current group_mem  0.28672854602336884
current group_mem  0.28616340458393097
current group_mem  0.2842661440372467
current group_mem  0.25802743434906006
current group_mem  0.2524971216917038
current group_mem  0.21192803978919983
batches output list generation spend  0.0008823871612548828
bkt_dst_nodes_list = self.get_in_degree_bucketing() spend:  0.012592077255249023
self.gen_batches_seeds_list(bkt_dst_nodes_list_local) spend  0.04458975791931152
num_output  153431
self.output_nids  153431
output nodes length match
global output equals  True
partition total batch output list spend :  0.3857767581939697
self.buckets_partition() spend  sec:  0.057196855545043945
check connections block*********************************

the find indices time spent  0.06960511207580566

in edges time spent  0.30348849296569824
local to global src and eids time spent  0.6611435413360596
time gen tails  0.11867856979370117
res  length 6

block_gen_time in "generate_blocks_for_one_layer_block"  0.7207674980163574

block collection to dataloader spend  1.2159347534179688e-05
generate_dataloader_block spend   2.4702420234680176
step  0
step  1
step  2
step  3
step  4
step  5
-----------------------------------------after optimizer zero grad
 Nvidia-smi: 22.111328125 GB
    Memory Allocated: 0.5514364242553711  GigaBytes
Max Memory Allocated: 17.800723552703857  GigaBytes

----------------------------------------------------------pseudo_mini_loss sum 6.595998287200928
epoch time:  9.308268070220947
Epoch 6, Learning Rate: 0.001
---||-----||-----||-----||-----||-----||-----||-----||-----||-----||-----||-----||-----||-----||-----||-----||-----||-----||-----||-----||--
self.K  6
G_BUCKET_ID_list [[3, 2], [6, 0], [4, 1], [7], [8], [5]]
Groups_mem_list  [[159, 127], [230, 56], [185, 98], [258], [252], [211], [211]]
G_BUCKET_ID_list length 6
backpack scheduling spend  0.04822945594787598
6
6
current group_mem  0.28672854602336884
current group_mem  0.28616340458393097
current group_mem  0.2842661440372467
current group_mem  0.25802743434906006
current group_mem  0.2524971216917038
current group_mem  0.21192803978919983
batches output list generation spend  0.0005230903625488281
bkt_dst_nodes_list = self.get_in_degree_bucketing() spend:  0.012671947479248047
self.gen_batches_seeds_list(bkt_dst_nodes_list_local) spend  0.049077510833740234
num_output  153431
self.output_nids  153431
output nodes length match
global output equals  True
partition total batch output list spend :  0.38242006301879883
self.buckets_partition() spend  sec:  0.06176161766052246
check connections block*********************************

the find indices time spent  0.06741189956665039

in edges time spent  0.3244023323059082
local to global src and eids time spent  0.6704404354095459
time gen tails  0.12254977226257324
res  length 6

block_gen_time in "generate_blocks_for_one_layer_block"  0.7520921230316162

block collection to dataloader spend  1.0013580322265625e-05
generate_dataloader_block spend   2.529481887817383
step  0
step  1
step  2
step  3
step  4
step  5
-----------------------------------------after optimizer zero grad
 Nvidia-smi: 22.111328125 GB
    Memory Allocated: 0.5501899719238281  GigaBytes
Max Memory Allocated: 17.801369667053223  GigaBytes

----------------------------------------------------------pseudo_mini_loss sum 6.385146141052246
epoch time:  9.398937225341797
Epoch 7, Learning Rate: 0.001
---||-----||-----||-----||-----||-----||-----||-----||-----||-----||-----||-----||-----||-----||-----||-----||-----||-----||-----||-----||--
self.K  6
G_BUCKET_ID_list [[3, 2], [6, 0], [4, 1], [7], [8], [5]]
Groups_mem_list  [[159, 127], [230, 56], [185, 98], [258], [252], [211], [211]]
G_BUCKET_ID_list length 6
backpack scheduling spend  0.04754757881164551
6
6
current group_mem  0.28672854602336884
current group_mem  0.28616340458393097
current group_mem  0.2842661440372467
current group_mem  0.25802743434906006
current group_mem  0.2524971216917038
current group_mem  0.21192803978919983
batches output list generation spend  0.0004572868347167969
bkt_dst_nodes_list = self.get_in_degree_bucketing() spend:  0.012750387191772461
self.gen_batches_seeds_list(bkt_dst_nodes_list_local) spend  0.048322200775146484
num_output  153431
self.output_nids  153431
output nodes length match
global output equals  True
partition total batch output list spend :  0.3808879852294922
self.buckets_partition() spend  sec:  0.06108713150024414
check connections block*********************************

the find indices time spent  0.06877994537353516

in edges time spent  0.3029787540435791
local to global src and eids time spent  0.6553642749786377
time gen tails  0.11864233016967773
res  length 6

block_gen_time in "generate_blocks_for_one_layer_block"  1.0327720642089844

block collection to dataloader spend  9.775161743164062e-06
generate_dataloader_block spend   2.763415813446045
step  0
step  1
step  2
step  3
step  4
step  5
-----------------------------------------after optimizer zero grad
 Nvidia-smi: 22.111328125 GB
    Memory Allocated: 0.5508713722229004  GigaBytes
Max Memory Allocated: 17.801369667053223  GigaBytes

----------------------------------------------------------pseudo_mini_loss sum 6.1724958419799805
epoch time:  9.624518394470215
Epoch 8, Learning Rate: 0.001
---||-----||-----||-----||-----||-----||-----||-----||-----||-----||-----||-----||-----||-----||-----||-----||-----||-----||-----||-----||--
self.K  6
G_BUCKET_ID_list [[3, 2], [6, 0], [4, 1], [7], [8], [5]]
Groups_mem_list  [[159, 127], [230, 56], [185, 98], [258], [252], [211], [211]]
G_BUCKET_ID_list length 6
backpack scheduling spend  0.04752969741821289
6
6
current group_mem  0.28672854602336884
current group_mem  0.28616340458393097
current group_mem  0.2842661440372467
current group_mem  0.25802743434906006
current group_mem  0.2524971216917038
current group_mem  0.21192803978919983
batches output list generation spend  0.0004899501800537109
bkt_dst_nodes_list = self.get_in_degree_bucketing() spend:  0.02007603645324707
self.gen_batches_seeds_list(bkt_dst_nodes_list_local) spend  0.04831957817077637
num_output  153431
self.output_nids  153431
output nodes length match
global output equals  True
partition total batch output list spend :  0.38723325729370117
self.buckets_partition() spend  sec:  0.06841015815734863
check connections block*********************************

the find indices time spent  0.06893086433410645

in edges time spent  0.31549549102783203
local to global src and eids time spent  0.6659379005432129
time gen tails  0.11929035186767578
res  length 6

block_gen_time in "generate_blocks_for_one_layer_block"  0.9074876308441162

block collection to dataloader spend  9.775161743164062e-06
generate_dataloader_block spend   2.6679258346557617
step  0
step  1
step  2
step  3
step  4
step  5
-----------------------------------------after optimizer zero grad
 Nvidia-smi: 22.111328125 GB
    Memory Allocated: 0.5503463745117188  GigaBytes
Max Memory Allocated: 17.801369667053223  GigaBytes

----------------------------------------------------------pseudo_mini_loss sum 6.017951488494873
epoch time:  9.483548402786255
Epoch 9, Learning Rate: 0.001
---||-----||-----||-----||-----||-----||-----||-----||-----||-----||-----||-----||-----||-----||-----||-----||-----||-----||-----||-----||--
self.K  6
G_BUCKET_ID_list [[3, 2], [6, 0], [4, 1], [7], [8], [5]]
Groups_mem_list  [[159, 127], [230, 56], [185, 98], [258], [252], [211], [211]]
G_BUCKET_ID_list length 6
backpack scheduling spend  0.049948930740356445
6
6
current group_mem  0.28672854602336884
current group_mem  0.28616340458393097
current group_mem  0.2842661440372467
current group_mem  0.25802743434906006
current group_mem  0.2524971216917038
current group_mem  0.21192803978919983
batches output list generation spend  0.00047326087951660156
bkt_dst_nodes_list = self.get_in_degree_bucketing() spend:  0.014809608459472656
self.gen_batches_seeds_list(bkt_dst_nodes_list_local) spend  0.05073881149291992
num_output  153431
self.output_nids  153431
output nodes length match
global output equals  True
partition total batch output list spend :  0.3905220031738281
self.buckets_partition() spend  sec:  0.06556153297424316
check connections block*********************************

the find indices time spent  0.06950831413269043

in edges time spent  0.3163418769836426
local to global src and eids time spent  0.6651861667633057
time gen tails  0.11962890625
res  length 6

block_gen_time in "generate_blocks_for_one_layer_block"  0.7228426933288574

block collection to dataloader spend  1.0013580322265625e-05
generate_dataloader_block spend   2.4883012771606445
step  0
step  1
step  2
step  3
step  4
step  5
-----------------------------------------after optimizer zero grad
 Nvidia-smi: 22.111328125 GB
    Memory Allocated: 0.5514354705810547  GigaBytes
Max Memory Allocated: 17.801369667053223  GigaBytes

----------------------------------------------------------pseudo_mini_loss sum 5.897266387939453
epoch time:  9.306990623474121
Epoch 10, Learning Rate: 0.001
---||-----||-----||-----||-----||-----||-----||-----||-----||-----||-----||-----||-----||-----||-----||-----||-----||-----||-----||-----||--
self.K  6
G_BUCKET_ID_list [[3, 2], [6, 0], [4, 1], [7], [8], [5]]
Groups_mem_list  [[159, 127], [230, 56], [185, 98], [258], [252], [211], [211]]
G_BUCKET_ID_list length 6
backpack scheduling spend  0.0487360954284668
6
6
current group_mem  0.28672854602336884
current group_mem  0.28616340458393097
current group_mem  0.2842661440372467
current group_mem  0.25802743434906006
current group_mem  0.2524971216917038
current group_mem  0.21192803978919983
batches output list generation spend  0.0007321834564208984
bkt_dst_nodes_list = self.get_in_degree_bucketing() spend:  0.013073921203613281
self.gen_batches_seeds_list(bkt_dst_nodes_list_local) spend  0.04981493949890137
num_output  153431
self.output_nids  153431
output nodes length match
global output equals  True
partition total batch output list spend :  0.38364553451538086
self.buckets_partition() spend  sec:  0.06290316581726074
check connections block*********************************

the find indices time spent  0.06862115859985352

in edges time spent  0.3038313388824463
local to global src and eids time spent  0.4769127368927002
time gen tails  0.08411073684692383
res  length 6

block_gen_time in "generate_blocks_for_one_layer_block"  0.6968777179718018

block collection to dataloader spend  1.049041748046875e-05
generate_dataloader_block spend   2.2209019660949707
step  0
step  1
step  2
step  3
step  4
step  5
-----------------------------------------after optimizer zero grad
 Nvidia-smi: 22.111328125 GB
    Memory Allocated: 0.5503940582275391  GigaBytes
Max Memory Allocated: 17.801369667053223  GigaBytes

----------------------------------------------------------pseudo_mini_loss sum 5.805293083190918
epoch time:  9.036685466766357
Total (block generation + training)time/epoch 9.342377632856369
pure train time/epoch 2.3422701756159463

num_input_list  [764733, 764767, 764868, 764261, 764782, 764376, 764874, 764782, 764394, 764435]
