main start at this time 1700856117.1510854
success----------------------------------------
153431
23831
55703
# Nodes: 232965
# Edges: 114615892
# Train: 153431
# Val: 23831
# Test: 55703
# Classes: 41

#nodes: 232965
#edges: 114615892
#classes: 41
in feats:  602
self._in_src_feats,  602
self._in_dst_feats 602
Epoch 1, Learning Rate: 0.001
---||-----||-----||-----||-----||-----||-----||-----||-----||-----||-----||-----||-----||-----||-----||-----||-----||-----||-----||-----||--
self.K  10
G_BUCKET_ID_list [[7], [3, 1], [8], [4, 0], [6], [5], [2]]
Groups_mem_list  [[258], [159, 98], [252], [185, 56], [230], [211], [127], [127]]
G_BUCKET_ID_list length 7
backpack scheduling spend  0.03842639923095703
7
10
current group_mem  0.25802743434906006
current group_mem  0.25778523087501526
current group_mem  0.2524971216917038
current group_mem  0.2418401688337326
current group_mem  0.23001256585121155
current group_mem  0.21192803978919983
current group_mem  0.1275201290845871
batches output list generation spend  0.0010020732879638672
bkt_dst_nodes_list = self.get_in_degree_bucketing() spend:  0.013032913208007812
self.gen_batches_seeds_list(bkt_dst_nodes_list_local) spend  0.03989768028259277
num_output  153431
self.output_nids  153431
output nodes length match
global output equals  True
partition total batch output list spend :  0.5564637184143066
self.buckets_partition() spend  sec:  0.05294179916381836
check connections block*********************************

the find indices time spent  0.06644654273986816

in edges time spent  0.3090479373931885
local to global src and eids time spent  0.7415261268615723
time gen tails  0.14767193794250488
res  length 10

block_gen_time in "generate_blocks_for_one_layer_block"  1.1834969520568848

block collection to dataloader spend  1.239776611328125e-05
step  0
step  1
step  2
step  3
step  4
step  5
step  6
step  7
step  8
step  9
-----------------------------------------after optimizer zero grad
 Nvidia-smi: 14.302734375 GB
    Memory Allocated: 0.4379277229309082  GigaBytes
Max Memory Allocated: 10.978543281555176  GigaBytes

----------------------------------------------------------pseudo_mini_loss sum 6.933589458465576
Epoch 2, Learning Rate: 0.001
---||-----||-----||-----||-----||-----||-----||-----||-----||-----||-----||-----||-----||-----||-----||-----||-----||-----||-----||-----||--
self.K  10
G_BUCKET_ID_list [[7], [3, 1], [8], [4, 0], [6], [5], [2]]
Groups_mem_list  [[258], [159, 98], [252], [185, 56], [230], [211], [127], [127]]
G_BUCKET_ID_list length 7
backpack scheduling spend  0.04544186592102051
7
10
current group_mem  0.25802743434906006
current group_mem  0.25778523087501526
current group_mem  0.2524971216917038
current group_mem  0.2418401688337326
current group_mem  0.23001256585121155
current group_mem  0.21192803978919983
current group_mem  0.1275201290845871
batches output list generation spend  0.0004467964172363281
bkt_dst_nodes_list = self.get_in_degree_bucketing() spend:  0.019727230072021484
self.gen_batches_seeds_list(bkt_dst_nodes_list_local) spend  0.0461888313293457
num_output  153431
self.output_nids  153431
output nodes length match
global output equals  True
partition total batch output list spend :  0.5911519527435303
self.buckets_partition() spend  sec:  0.06593036651611328
check connections block*********************************

the find indices time spent  0.07166624069213867

in edges time spent  0.32303333282470703
local to global src and eids time spent  0.7361245155334473
time gen tails  0.14174342155456543
res  length 10

block_gen_time in "generate_blocks_for_one_layer_block"  1.0463802814483643

block collection to dataloader spend  1.2159347534179688e-05
step  0
step  1
step  2
step  3
step  4
step  5
step  6
step  7
step  8
step  9
-----------------------------------------after optimizer zero grad
 Nvidia-smi: 14.3046875 GB
    Memory Allocated: 0.43792247772216797  GigaBytes
Max Memory Allocated: 11.046880722045898  GigaBytes

----------------------------------------------------------pseudo_mini_loss sum 6.870047569274902
Epoch 3, Learning Rate: 0.001
---||-----||-----||-----||-----||-----||-----||-----||-----||-----||-----||-----||-----||-----||-----||-----||-----||-----||-----||-----||--
self.K  10
G_BUCKET_ID_list [[7], [3, 1], [8], [4, 0], [6], [5], [2]]
Groups_mem_list  [[258], [159, 98], [252], [185, 56], [230], [211], [127], [127]]
G_BUCKET_ID_list length 7
backpack scheduling spend  0.042673349380493164
7
10
current group_mem  0.25802743434906006
current group_mem  0.25778523087501526
current group_mem  0.2524971216917038
current group_mem  0.2418401688337326
current group_mem  0.23001256585121155
current group_mem  0.21192803978919983
current group_mem  0.1275201290845871
batches output list generation spend  0.00039887428283691406
bkt_dst_nodes_list = self.get_in_degree_bucketing() spend:  0.012347221374511719
self.gen_batches_seeds_list(bkt_dst_nodes_list_local) spend  0.043378591537475586
num_output  153431
self.output_nids  153431
output nodes length match
global output equals  True
partition total batch output list spend :  0.5630683898925781
self.buckets_partition() spend  sec:  0.05573892593383789
check connections block*********************************

the find indices time spent  0.07070446014404297

in edges time spent  0.32912492752075195
local to global src and eids time spent  0.7502453327178955
time gen tails  0.14382100105285645
res  length 10

block_gen_time in "generate_blocks_for_one_layer_block"  0.9538779258728027

block collection to dataloader spend  1.3113021850585938e-05
generate_dataloader_block spend   3.026273488998413
step  0
step  1
step  2
step  3
step  4
step  5
step  6
step  7
step  8
step  9
-----------------------------------------after optimizer zero grad
 Nvidia-smi: 14.3046875 GB
    Memory Allocated: 0.4379243850708008  GigaBytes
Max Memory Allocated: 11.046880722045898  GigaBytes

----------------------------------------------------------pseudo_mini_loss sum 6.8065104484558105
epoch time:  9.915222883224487
Epoch 4, Learning Rate: 0.001
---||-----||-----||-----||-----||-----||-----||-----||-----||-----||-----||-----||-----||-----||-----||-----||-----||-----||-----||-----||--
self.K  10
G_BUCKET_ID_list [[7], [3, 1], [8], [4, 0], [6], [5], [2]]
Groups_mem_list  [[258], [159, 98], [252], [185, 56], [230], [211], [127], [127]]
G_BUCKET_ID_list length 7
backpack scheduling spend  0.04888033866882324
7
10
current group_mem  0.25802743434906006
current group_mem  0.25778523087501526
current group_mem  0.2524971216917038
current group_mem  0.2418401688337326
current group_mem  0.23001256585121155
current group_mem  0.21192803978919983
current group_mem  0.1275201290845871
batches output list generation spend  0.0004470348358154297
bkt_dst_nodes_list = self.get_in_degree_bucketing() spend:  0.012703180313110352
self.gen_batches_seeds_list(bkt_dst_nodes_list_local) spend  0.049651145935058594
num_output  153431
self.output_nids  153431
output nodes length match
global output equals  True
partition total batch output list spend :  0.5726258754730225
self.buckets_partition() spend  sec:  0.062366485595703125
check connections block*********************************

the find indices time spent  0.06760239601135254

in edges time spent  0.3282175064086914
local to global src and eids time spent  0.7346179485321045
time gen tails  0.1411454677581787
res  length 10

block_gen_time in "generate_blocks_for_one_layer_block"  0.7561147212982178

block collection to dataloader spend  1.2874603271484375e-05
generate_dataloader_block spend   2.842529058456421
step  0
step  1
step  2
step  3
step  4
step  5
step  6
step  7
step  8
step  9
-----------------------------------------after optimizer zero grad
 Nvidia-smi: 14.3046875 GB
    Memory Allocated: 0.4379239082336426  GigaBytes
Max Memory Allocated: 11.050220489501953  GigaBytes

----------------------------------------------------------pseudo_mini_loss sum 6.723724365234375
epoch time:  9.784619569778442
Epoch 5, Learning Rate: 0.001
---||-----||-----||-----||-----||-----||-----||-----||-----||-----||-----||-----||-----||-----||-----||-----||-----||-----||-----||-----||--
self.K  10
G_BUCKET_ID_list [[7], [3, 1], [8], [4, 0], [6], [5], [2]]
Groups_mem_list  [[258], [159, 98], [252], [185, 56], [230], [211], [127], [127]]
G_BUCKET_ID_list length 7
backpack scheduling spend  0.04787492752075195
7
10
current group_mem  0.25802743434906006
current group_mem  0.25778523087501526
current group_mem  0.2524971216917038
current group_mem  0.2418401688337326
current group_mem  0.23001256585121155
current group_mem  0.21192803978919983
current group_mem  0.1275201290845871
batches output list generation spend  0.0004153251647949219
bkt_dst_nodes_list = self.get_in_degree_bucketing() spend:  0.012658357620239258
self.gen_batches_seeds_list(bkt_dst_nodes_list_local) spend  0.04874587059020996
num_output  153431
self.output_nids  153431
output nodes length match
global output equals  True
partition total batch output list spend :  0.5566644668579102
self.buckets_partition() spend  sec:  0.0614166259765625
check connections block*********************************

the find indices time spent  0.07216000556945801

in edges time spent  0.30915236473083496
local to global src and eids time spent  0.6645932197570801
time gen tails  0.1136016845703125
res  length 10

block_gen_time in "generate_blocks_for_one_layer_block"  1.2241055965423584

block collection to dataloader spend  1.2636184692382812e-05
generate_dataloader_block spend   3.159878969192505
step  0
step  1
step  2
step  3
step  4
step  5
step  6
step  7
step  8
step  9
-----------------------------------------after optimizer zero grad
 Nvidia-smi: 14.3046875 GB
    Memory Allocated: 0.4379258155822754  GigaBytes
Max Memory Allocated: 11.050220489501953  GigaBytes

----------------------------------------------------------pseudo_mini_loss sum 6.5944366455078125
epoch time:  10.019679307937622
Epoch 6, Learning Rate: 0.001
---||-----||-----||-----||-----||-----||-----||-----||-----||-----||-----||-----||-----||-----||-----||-----||-----||-----||-----||-----||--
self.K  10
G_BUCKET_ID_list [[7], [3, 1], [8], [4, 0], [6], [5], [2]]
Groups_mem_list  [[258], [159, 98], [252], [185, 56], [230], [211], [127], [127]]
G_BUCKET_ID_list length 7
backpack scheduling spend  0.02590632438659668
7
10
current group_mem  0.25802743434906006
current group_mem  0.25778523087501526
current group_mem  0.2524971216917038
current group_mem  0.2418401688337326
current group_mem  0.23001256585121155
current group_mem  0.21192803978919983
current group_mem  0.1275201290845871
batches output list generation spend  0.00040602684020996094
bkt_dst_nodes_list = self.get_in_degree_bucketing() spend:  0.022986888885498047
self.gen_batches_seeds_list(bkt_dst_nodes_list_local) spend  0.02660346031188965
num_output  153431
self.output_nids  153431
output nodes length match
global output equals  True
partition total batch output list spend :  0.33966946601867676
self.buckets_partition() spend  sec:  0.04960298538208008
check connections block*********************************

the find indices time spent  0.03990006446838379

in edges time spent  0.3201444149017334
local to global src and eids time spent  0.7326700687408447
time gen tails  0.14124107360839844
res  length 10

block_gen_time in "generate_blocks_for_one_layer_block"  0.7851567268371582

block collection to dataloader spend  1.1920928955078125e-05
generate_dataloader_block spend   2.563235282897949
step  0
step  1
step  2
step  3
step  4
step  5
step  6
step  7
step  8
step  9
-----------------------------------------after optimizer zero grad
 Nvidia-smi: 14.3046875 GB
    Memory Allocated: 0.436861515045166  GigaBytes
Max Memory Allocated: 11.050220489501953  GigaBytes

----------------------------------------------------------pseudo_mini_loss sum 6.383874893188477
epoch time:  9.542284727096558
Epoch 7, Learning Rate: 0.001
---||-----||-----||-----||-----||-----||-----||-----||-----||-----||-----||-----||-----||-----||-----||-----||-----||-----||-----||-----||--
self.K  10
G_BUCKET_ID_list [[7], [3, 1], [8], [4, 0], [6], [5], [2]]
Groups_mem_list  [[258], [159, 98], [252], [185, 56], [230], [211], [127], [127]]
G_BUCKET_ID_list length 7
backpack scheduling spend  0.04801034927368164
7
10
current group_mem  0.25802743434906006
current group_mem  0.25778523087501526
current group_mem  0.2524971216917038
current group_mem  0.2418401688337326
current group_mem  0.23001256585121155
current group_mem  0.21192803978919983
current group_mem  0.1275201290845871
batches output list generation spend  0.0005230903625488281
bkt_dst_nodes_list = self.get_in_degree_bucketing() spend:  0.012707710266113281
self.gen_batches_seeds_list(bkt_dst_nodes_list_local) spend  0.048848628997802734
num_output  153431
self.output_nids  153431
output nodes length match
global output equals  True
partition total batch output list spend :  0.5641341209411621
self.buckets_partition() spend  sec:  0.061568498611450195
check connections block*********************************

the find indices time spent  0.07122516632080078

in edges time spent  0.3110470771789551
local to global src and eids time spent  0.7293386459350586
time gen tails  0.1429290771484375
res  length 10

block_gen_time in "generate_blocks_for_one_layer_block"  1.091125726699829

block collection to dataloader spend  1.239776611328125e-05
generate_dataloader_block spend   3.1331117153167725
step  0
step  1
step  2
step  3
step  4
step  5
step  6
step  7
step  8
step  9
-----------------------------------------after optimizer zero grad
 Nvidia-smi: 14.3046875 GB
    Memory Allocated: 0.4369058609008789  GigaBytes
Max Memory Allocated: 11.050220489501953  GigaBytes

----------------------------------------------------------pseudo_mini_loss sum 6.170912265777588
epoch time:  10.045311689376831
Epoch 8, Learning Rate: 0.001
---||-----||-----||-----||-----||-----||-----||-----||-----||-----||-----||-----||-----||-----||-----||-----||-----||-----||-----||-----||--
self.K  10
G_BUCKET_ID_list [[7], [3, 1], [8], [4, 0], [6], [5], [2]]
Groups_mem_list  [[258], [159, 98], [252], [185, 56], [230], [211], [127], [127]]
G_BUCKET_ID_list length 7
backpack scheduling spend  0.0477757453918457
7
10
current group_mem  0.25802743434906006
current group_mem  0.25778523087501526
current group_mem  0.2524971216917038
current group_mem  0.2418401688337326
current group_mem  0.23001256585121155
current group_mem  0.21192803978919983
current group_mem  0.1275201290845871
batches output list generation spend  0.0004303455352783203
bkt_dst_nodes_list = self.get_in_degree_bucketing() spend:  0.016913175582885742
self.gen_batches_seeds_list(bkt_dst_nodes_list_local) spend  0.048512935638427734
num_output  153431
self.output_nids  153431
output nodes length match
global output equals  True
partition total batch output list spend :  0.5537970066070557
self.buckets_partition() spend  sec:  0.06543850898742676
check connections block*********************************

the find indices time spent  0.06984376907348633

in edges time spent  0.3249678611755371
local to global src and eids time spent  0.734375
time gen tails  0.14361929893493652
res  length 10

block_gen_time in "generate_blocks_for_one_layer_block"  0.8985030651092529

block collection to dataloader spend  1.3113021850585938e-05
generate_dataloader_block spend   2.9472339153289795
step  0
step  1
step  2
step  3
step  4
step  5
step  6
step  7
step  8
step  9
-----------------------------------------after optimizer zero grad
 Nvidia-smi: 14.3046875 GB
    Memory Allocated: 0.4365553855895996  GigaBytes
Max Memory Allocated: 11.050220489501953  GigaBytes

----------------------------------------------------------pseudo_mini_loss sum 6.0162882804870605
epoch time:  9.896758079528809
Epoch 9, Learning Rate: 0.001
---||-----||-----||-----||-----||-----||-----||-----||-----||-----||-----||-----||-----||-----||-----||-----||-----||-----||-----||-----||--
self.K  10
G_BUCKET_ID_list [[7], [3, 1], [8], [4, 0], [6], [5], [2]]
Groups_mem_list  [[258], [159, 98], [252], [185, 56], [230], [211], [127], [127]]
G_BUCKET_ID_list length 7
backpack scheduling spend  0.048561811447143555
7
10
current group_mem  0.25802743434906006
current group_mem  0.25778523087501526
current group_mem  0.2524971216917038
current group_mem  0.2418401688337326
current group_mem  0.23001256585121155
current group_mem  0.21192803978919983
current group_mem  0.1275201290845871
batches output list generation spend  0.0006465911865234375
bkt_dst_nodes_list = self.get_in_degree_bucketing() spend:  0.017967700958251953
self.gen_batches_seeds_list(bkt_dst_nodes_list_local) spend  0.04952359199523926
num_output  153431
self.output_nids  153431
output nodes length match
global output equals  True
partition total batch output list spend :  0.5616087913513184
self.buckets_partition() spend  sec:  0.0675044059753418
check connections block*********************************

the find indices time spent  0.06842684745788574

in edges time spent  0.31415581703186035
local to global src and eids time spent  0.7341222763061523
time gen tails  0.1409451961517334
res  length 10

block_gen_time in "generate_blocks_for_one_layer_block"  0.7137448787689209

block collection to dataloader spend  1.2636184692382812e-05
generate_dataloader_block spend   2.7576003074645996
step  0
step  1
step  2
step  3
step  4
step  5
step  6
step  7
step  8
step  9
-----------------------------------------after optimizer zero grad
 Nvidia-smi: 14.3046875 GB
    Memory Allocated: 0.43686819076538086  GigaBytes
Max Memory Allocated: 11.050220489501953  GigaBytes

----------------------------------------------------------pseudo_mini_loss sum 5.895852565765381
epoch time:  9.646865606307983
Epoch 10, Learning Rate: 0.001
---||-----||-----||-----||-----||-----||-----||-----||-----||-----||-----||-----||-----||-----||-----||-----||-----||-----||-----||-----||--
self.K  10
G_BUCKET_ID_list [[7], [3, 1], [8], [4, 0], [6], [5], [2]]
Groups_mem_list  [[258], [159, 98], [252], [185, 56], [230], [211], [127], [127]]
G_BUCKET_ID_list length 7
backpack scheduling spend  0.047715187072753906
7
10
current group_mem  0.25802743434906006
current group_mem  0.25778523087501526
current group_mem  0.2524971216917038
current group_mem  0.2418401688337326
current group_mem  0.23001256585121155
current group_mem  0.21192803978919983
current group_mem  0.1275201290845871
batches output list generation spend  0.00046515464782714844
bkt_dst_nodes_list = self.get_in_degree_bucketing() spend:  0.012686967849731445
self.gen_batches_seeds_list(bkt_dst_nodes_list_local) spend  0.04852724075317383
num_output  153431
self.output_nids  153431
output nodes length match
global output equals  True
partition total batch output list spend :  0.5618078708648682
self.buckets_partition() spend  sec:  0.06122732162475586
check connections block*********************************

the find indices time spent  0.06915760040283203

in edges time spent  0.3213815689086914
local to global src and eids time spent  0.7328853607177734
time gen tails  0.14313626289367676
res  length 10

block_gen_time in "generate_blocks_for_one_layer_block"  1.042067050933838

block collection to dataloader spend  1.2636184692382812e-05
generate_dataloader_block spend   3.087852716445923
step  0
step  1
step  2
step  3
step  4
step  5
step  6
step  7
step  8
step  9
-----------------------------------------after optimizer zero grad
 Nvidia-smi: 14.3046875 GB
    Memory Allocated: 0.43679237365722656  GigaBytes
Max Memory Allocated: 11.050220489501953  GigaBytes

----------------------------------------------------------pseudo_mini_loss sum 5.804617404937744
epoch time:  10.042378187179565
Total (block generation + training)time/epoch 9.861639320850372
pure train time/epoch 2.404329856236776

num_input_list  [957348, 956233, 956665, 956324, 956850, 956587, 956853, 956381, 956639, 956308]
