0.03173831570355189, 
0.05356346886621881, 
0.04711123806907531, 
0.07226774258244979, 
0.09551787968431964, 
0.1325150206414136, 
0.16567610820741147, 
0.18105303097399883, 
0.2113949286027087, 
0.2532854815945029, 
0.28107834893923545, 
0.2823118815649026, 
0.33190986587898375, 
0.3619426326234686, 
0.3814523874739127, 
0.3890698973198667, 
0.40976734184772345, 
0.4268743659042759, 
0.4544031402175385, 
0.44849912694596744, 
0.49506335349881553, 
0.5441759409753638, 
0.5855775860088747, 
0.5946814550216808

