main start at this time 1691278357.983461
  NumNodes: 2708
  NumEdges: 10556
  NumFeats: 1433
  NumClasses: 7
  NumTrainingSamples: 140
  NumValidationSamples: 500
  NumTestSamples: 1000
Done loading data from cached files.
success----------------------------------------
140
500
2068
# Nodes: 2708
# Edges: 10556
# Train: 140
# Val: 500
# Test: 2068
# Classes: 7

in feats:  1433
connection checking time:  0
block generation total time  0
step  0
----------------------------------------after batch_pred = model(blocks, batch_inputs)
 Nvidia-smi: 3.013671875 GB
    Memory Allocated: 1.4590420722961426  GigaBytes
Max Memory Allocated: 1.4667534828186035  GigaBytes

----------------------------------------after loss function
 Nvidia-smi: 3.013671875 GB
    Memory Allocated: 1.4590468406677246  GigaBytes
Max Memory Allocated: 1.4667534828186035  GigaBytes

pure train time  1.0686700344085693
-----------------------------------------after optimizer zero grad
 Nvidia-smi: 4.240234375 GB
    Memory Allocated: 1.4747204780578613  GigaBytes
Max Memory Allocated: 1.7640562057495117  GigaBytes

----------------------------------------------------------pseudo_mini_loss sum 1.9527077674865723
connection checking time:  0
block generation total time  0
step  0
----------------------------------------after batch_pred = model(blocks, batch_inputs)
 Nvidia-smi: 4.2421875 GB
    Memory Allocated: 2.550292491912842  GigaBytes
Max Memory Allocated: 2.5574069023132324  GigaBytes

----------------------------------------after loss function
 Nvidia-smi: 4.2421875 GB
    Memory Allocated: 2.550297260284424  GigaBytes
Max Memory Allocated: 2.5574069023132324  GigaBytes

pure train time  0.645188570022583
-----------------------------------------after optimizer zero grad
 Nvidia-smi: 4.4296875 GB
    Memory Allocated: 1.4741058349609375  GigaBytes
Max Memory Allocated: 2.7951536178588867  GigaBytes

----------------------------------------------------------pseudo_mini_loss sum 1.9485960006713867
connection checking time:  0
block generation total time  0
step  0
----------------------------------------after batch_pred = model(blocks, batch_inputs)
 Nvidia-smi: 4.43359375 GB
    Memory Allocated: 2.558596134185791  GigaBytes
Max Memory Allocated: 2.7951536178588867  GigaBytes

----------------------------------------after loss function
 Nvidia-smi: 4.43359375 GB
    Memory Allocated: 2.558600902557373  GigaBytes
Max Memory Allocated: 2.7951536178588867  GigaBytes

pure train time  0.6439387798309326
-----------------------------------------after optimizer zero grad
 Nvidia-smi: 4.43359375 GB
    Memory Allocated: 1.4747214317321777  GigaBytes
Max Memory Allocated: 2.8034496307373047  GigaBytes

----------------------------------------------------------pseudo_mini_loss sum 1.9444856643676758
loading full batch data spends  0.0026900768280029297
connection checking time:  0
block generation total time  0
generate_dataloader_block spend   4.7206878662109375e-05
step  0
----------------------------------------after batch_pred = model(blocks, batch_inputs)
 Nvidia-smi: 4.43359375 GB
    Memory Allocated: 2.5551233291625977  GigaBytes
Max Memory Allocated: 2.8034496307373047  GigaBytes

----------------------------------------after loss function
 Nvidia-smi: 4.43359375 GB
    Memory Allocated: 2.5551280975341797  GigaBytes
Max Memory Allocated: 2.8034496307373047  GigaBytes

pure train time  0.6424989700317383
-----------------------------------------after optimizer zero grad
 Nvidia-smi: 4.43359375 GB
    Memory Allocated: 1.4741215705871582  GigaBytes
Max Memory Allocated: 2.8034496307373047  GigaBytes

----------------------------------------------------------pseudo_mini_loss sum 1.9516946077346802
loading full batch data spends  0.003359079360961914
connection checking time:  0
block generation total time  0
generate_dataloader_block spend   6.890296936035156e-05
step  0
----------------------------------------after batch_pred = model(blocks, batch_inputs)
 Nvidia-smi: 4.43359375 GB
    Memory Allocated: 2.552504062652588  GigaBytes
Max Memory Allocated: 2.8034496307373047  GigaBytes

----------------------------------------after loss function
 Nvidia-smi: 4.43359375 GB
    Memory Allocated: 2.55250883102417  GigaBytes
Max Memory Allocated: 2.8034496307373047  GigaBytes

pure train time  0.6432697772979736
-----------------------------------------after optimizer zero grad
 Nvidia-smi: 4.43359375 GB
    Memory Allocated: 1.4747204780578613  GigaBytes
Max Memory Allocated: 2.8034496307373047  GigaBytes

----------------------------------------------------------pseudo_mini_loss sum 1.9476383924484253
loading full batch data spends  0.0029556751251220703
connection checking time:  0
block generation total time  0
generate_dataloader_block spend   3.7670135498046875e-05
step  0
----------------------------------------after batch_pred = model(blocks, batch_inputs)
 Nvidia-smi: 4.43359375 GB
    Memory Allocated: 2.553450584411621  GigaBytes
Max Memory Allocated: 2.8034496307373047  GigaBytes

----------------------------------------after loss function
 Nvidia-smi: 4.43359375 GB
    Memory Allocated: 2.553455352783203  GigaBytes
Max Memory Allocated: 2.8034496307373047  GigaBytes

pure train time  0.6406266689300537
-----------------------------------------after optimizer zero grad
 Nvidia-smi: 4.43359375 GB
    Memory Allocated: 1.474174976348877  GigaBytes
Max Memory Allocated: 2.8034496307373047  GigaBytes

----------------------------------------------------------pseudo_mini_loss sum 1.9513581991195679
loading full batch data spends  0.0025072097778320312
connection checking time:  0
block generation total time  0
generate_dataloader_block spend   3.6716461181640625e-05
step  0
----------------------------------------after batch_pred = model(blocks, batch_inputs)
 Nvidia-smi: 4.43359375 GB
    Memory Allocated: 2.55301570892334  GigaBytes
Max Memory Allocated: 2.8034496307373047  GigaBytes

----------------------------------------after loss function
 Nvidia-smi: 4.43359375 GB
    Memory Allocated: 2.553020477294922  GigaBytes
Max Memory Allocated: 2.8034496307373047  GigaBytes

pure train time  0.6393020153045654
-----------------------------------------after optimizer zero grad
 Nvidia-smi: 4.43359375 GB
    Memory Allocated: 1.4747204780578613  GigaBytes
Max Memory Allocated: 2.8034496307373047  GigaBytes

----------------------------------------------------------pseudo_mini_loss sum 1.944588541984558
loading full batch data spends  0.003325939178466797
connection checking time:  0
block generation total time  0
generate_dataloader_block spend   3.4809112548828125e-05
step  0
----------------------------------------after batch_pred = model(blocks, batch_inputs)
 Nvidia-smi: 4.43359375 GB
    Memory Allocated: 2.551875591278076  GigaBytes
Max Memory Allocated: 2.8034496307373047  GigaBytes

----------------------------------------after loss function
 Nvidia-smi: 4.43359375 GB
    Memory Allocated: 2.551880359649658  GigaBytes
Max Memory Allocated: 2.8034496307373047  GigaBytes

pure train time  0.6396591663360596
-----------------------------------------after optimizer zero grad
 Nvidia-smi: 4.43359375 GB
    Memory Allocated: 1.4741430282592773  GigaBytes
Max Memory Allocated: 2.8034496307373047  GigaBytes

----------------------------------------------------------pseudo_mini_loss sum 1.9386210441589355
loading full batch data spends  0.0025081634521484375
connection checking time:  0
block generation total time  0
generate_dataloader_block spend   4.124641418457031e-05
step  0
----------------------------------------after batch_pred = model(blocks, batch_inputs)
 Nvidia-smi: 4.43359375 GB
    Memory Allocated: 2.5497069358825684  GigaBytes
Max Memory Allocated: 2.8034496307373047  GigaBytes

----------------------------------------after loss function
 Nvidia-smi: 4.43359375 GB
    Memory Allocated: 2.5497117042541504  GigaBytes
Max Memory Allocated: 2.8034496307373047  GigaBytes

pure train time  0.6405825614929199
-----------------------------------------after optimizer zero grad
 Nvidia-smi: 4.43359375 GB
    Memory Allocated: 1.4747204780578613  GigaBytes
Max Memory Allocated: 2.8034496307373047  GigaBytes

----------------------------------------------------------pseudo_mini_loss sum 1.9396843910217285
loading full batch data spends  0.004770994186401367
connection checking time:  0
block generation total time  0
generate_dataloader_block spend   3.528594970703125e-05
step  0
----------------------------------------after batch_pred = model(blocks, batch_inputs)
 Nvidia-smi: 4.43359375 GB
    Memory Allocated: 2.5511903762817383  GigaBytes
Max Memory Allocated: 2.8034496307373047  GigaBytes

----------------------------------------after loss function
 Nvidia-smi: 4.43359375 GB
    Memory Allocated: 2.5511951446533203  GigaBytes
Max Memory Allocated: 2.8034496307373047  GigaBytes

pure train time  0.6404540538787842
-----------------------------------------after optimizer zero grad
 Nvidia-smi: 4.43359375 GB
    Memory Allocated: 1.4741911888122559  GigaBytes
Max Memory Allocated: 2.8034496307373047  GigaBytes

----------------------------------------------------------pseudo_mini_loss sum 1.941868543624878
Total (block generation + training)time/epoch 0.7526649747576032
pure train time/epoch 0.6406490405400594

num_input_list  [2076, 2080, 2101, 2083, 2099, 2093, 2093, 2087, 2094, 2096]
