main start at this time 1689541019.852782
  NumNodes: 2708
  NumEdges: 10556
  NumFeats: 1433
  NumClasses: 7
  NumTrainingSamples: 140
  NumValidationSamples: 500
  NumTestSamples: 1000
Done loading data from cached files.
success----------------------------------------
140
500
2068
# Nodes: 2708
# Edges: 10556
# Train: 140
# Val: 500
# Test: 2068
# Classes: 7

in feats:  1433
loading full batch data spends  0.00206756591796875
connection checking time:  0
block generation total time  0
generate_dataloader_block spend   3.314018249511719e-05
step  0
----------------------------------------after batch_pred = model(blocks, batch_inputs)
 Nvidia-smi: 1.654296875 GB
    Memory Allocated: 0.11404752731323242  GigaBytes
Max Memory Allocated: 0.11856746673583984  GigaBytes

----------------------------------------after loss function
 Nvidia-smi: 1.654296875 GB
    Memory Allocated: 0.11405229568481445  GigaBytes
Max Memory Allocated: 0.11856746673583984  GigaBytes

pure train time  0.45593690872192383
-----------------------------------------after optimizer zero grad
 Nvidia-smi: 1.943359375 GB
    Memory Allocated: 0.25359678268432617  GigaBytes
Max Memory Allocated: 0.34734678268432617  GigaBytes

----------------------------------------------------------pseudo_mini_loss sum 1.9465500116348267
loading full batch data spends  0.002384662628173828
connection checking time:  0
block generation total time  0
generate_dataloader_block spend   4.291534423828125e-05
step  0
----------------------------------------after batch_pred = model(blocks, batch_inputs)
 Nvidia-smi: 1.943359375 GB
    Memory Allocated: 0.3019237518310547  GigaBytes
Max Memory Allocated: 0.34734678268432617  GigaBytes

----------------------------------------after loss function
 Nvidia-smi: 1.943359375 GB
    Memory Allocated: 0.3019285202026367  GigaBytes
Max Memory Allocated: 0.34734678268432617  GigaBytes

pure train time  0.03874683380126953
-----------------------------------------after optimizer zero grad
 Nvidia-smi: 1.974609375 GB
    Memory Allocated: 0.2536182403564453  GigaBytes
Max Memory Allocated: 0.4249863624572754  GigaBytes

----------------------------------------------------------pseudo_mini_loss sum 1.923486351966858
loading full batch data spends  0.0010001659393310547
connection checking time:  0
block generation total time  0
generate_dataloader_block spend   2.0742416381835938e-05
step  0
----------------------------------------after batch_pred = model(blocks, batch_inputs)
 Nvidia-smi: 1.974609375 GB
    Memory Allocated: 0.3019289970397949  GigaBytes
Max Memory Allocated: 0.4249863624572754  GigaBytes

----------------------------------------after loss function
 Nvidia-smi: 1.974609375 GB
    Memory Allocated: 0.30193376541137695  GigaBytes
Max Memory Allocated: 0.4249863624572754  GigaBytes

pure train time  0.035809993743896484
-----------------------------------------after optimizer zero grad
 Nvidia-smi: 1.974609375 GB
    Memory Allocated: 0.25362348556518555  GigaBytes
Max Memory Allocated: 0.4249916076660156  GigaBytes

----------------------------------------------------------pseudo_mini_loss sum 1.9032810926437378
loading full batch data spends  0.0016460418701171875
connection checking time:  0
block generation total time  0
generate_dataloader_block spend   3.24249267578125e-05
step  0
----------------------------------------after batch_pred = model(blocks, batch_inputs)
 Nvidia-smi: 1.974609375 GB
    Memory Allocated: 0.3019399642944336  GigaBytes
Max Memory Allocated: 0.4249916076660156  GigaBytes

----------------------------------------after loss function
 Nvidia-smi: 1.974609375 GB
    Memory Allocated: 0.3019447326660156  GigaBytes
Max Memory Allocated: 0.4249916076660156  GigaBytes

pure train time  0.03593039512634277
-----------------------------------------after optimizer zero grad
 Nvidia-smi: 1.974609375 GB
    Memory Allocated: 0.2536344528198242  GigaBytes
Max Memory Allocated: 0.4250025749206543  GigaBytes

----------------------------------------------------------pseudo_mini_loss sum 1.8792469501495361
loading full batch data spends  0.0009741783142089844
connection checking time:  0
block generation total time  0
generate_dataloader_block spend   2.002716064453125e-05
step  0
----------------------------------------after batch_pred = model(blocks, batch_inputs)
 Nvidia-smi: 1.974609375 GB
    Memory Allocated: 0.30193424224853516  GigaBytes
Max Memory Allocated: 0.4250025749206543  GigaBytes

----------------------------------------after loss function
 Nvidia-smi: 1.974609375 GB
    Memory Allocated: 0.3019390106201172  GigaBytes
Max Memory Allocated: 0.4250025749206543  GigaBytes

pure train time  0.03396344184875488
-----------------------------------------after optimizer zero grad
 Nvidia-smi: 1.974609375 GB
    Memory Allocated: 0.2536287307739258  GigaBytes
Max Memory Allocated: 0.4250025749206543  GigaBytes

----------------------------------------------------------pseudo_mini_loss sum 1.848389983177185
loading full batch data spends  0.0009050369262695312
connection checking time:  0
block generation total time  0
generate_dataloader_block spend   2.1457672119140625e-05
step  0
----------------------------------------after batch_pred = model(blocks, batch_inputs)
 Nvidia-smi: 1.974609375 GB
    Memory Allocated: 0.3019399642944336  GigaBytes
Max Memory Allocated: 0.4250025749206543  GigaBytes

----------------------------------------after loss function
 Nvidia-smi: 1.974609375 GB
    Memory Allocated: 0.3019447326660156  GigaBytes
Max Memory Allocated: 0.4250025749206543  GigaBytes

pure train time  0.03313016891479492
-----------------------------------------after optimizer zero grad
 Nvidia-smi: 1.974609375 GB
    Memory Allocated: 0.2536344528198242  GigaBytes
Max Memory Allocated: 0.4250025749206543  GigaBytes

----------------------------------------------------------pseudo_mini_loss sum 1.8123828172683716
loading full batch data spends  0.0010797977447509766
connection checking time:  0
block generation total time  0
generate_dataloader_block spend   2.2649765014648438e-05
step  0
----------------------------------------after batch_pred = model(blocks, batch_inputs)
 Nvidia-smi: 1.974609375 GB
    Memory Allocated: 0.3019132614135742  GigaBytes
Max Memory Allocated: 0.4250025749206543  GigaBytes

----------------------------------------after loss function
 Nvidia-smi: 1.974609375 GB
    Memory Allocated: 0.30191802978515625  GigaBytes
Max Memory Allocated: 0.4250025749206543  GigaBytes

pure train time  0.035021066665649414
-----------------------------------------after optimizer zero grad
 Nvidia-smi: 1.974609375 GB
    Memory Allocated: 0.25360774993896484  GigaBytes
Max Memory Allocated: 0.4250025749206543  GigaBytes

----------------------------------------------------------pseudo_mini_loss sum 1.768515706062317
loading full batch data spends  0.001676321029663086
connection checking time:  0
block generation total time  0
generate_dataloader_block spend   3.147125244140625e-05
step  0
----------------------------------------after batch_pred = model(blocks, batch_inputs)
 Nvidia-smi: 1.974609375 GB
    Memory Allocated: 0.3019399642944336  GigaBytes
Max Memory Allocated: 0.4250025749206543  GigaBytes

----------------------------------------after loss function
 Nvidia-smi: 1.974609375 GB
    Memory Allocated: 0.3019447326660156  GigaBytes
Max Memory Allocated: 0.4250025749206543  GigaBytes

pure train time  0.03541827201843262
-----------------------------------------after optimizer zero grad
 Nvidia-smi: 1.974609375 GB
    Memory Allocated: 0.2536344528198242  GigaBytes
Max Memory Allocated: 0.4250025749206543  GigaBytes

----------------------------------------------------------pseudo_mini_loss sum 1.717917561531067
loading full batch data spends  0.0013985633850097656
connection checking time:  0
block generation total time  0
generate_dataloader_block spend   2.8371810913085938e-05
step  0
----------------------------------------after batch_pred = model(blocks, batch_inputs)
 Nvidia-smi: 1.974609375 GB
    Memory Allocated: 0.3019237518310547  GigaBytes
Max Memory Allocated: 0.4250025749206543  GigaBytes

----------------------------------------after loss function
 Nvidia-smi: 1.974609375 GB
    Memory Allocated: 0.3019285202026367  GigaBytes
Max Memory Allocated: 0.4250025749206543  GigaBytes

pure train time  0.03709673881530762
-----------------------------------------after optimizer zero grad
 Nvidia-smi: 1.974609375 GB
    Memory Allocated: 0.2536182403564453  GigaBytes
Max Memory Allocated: 0.4250025749206543  GigaBytes

----------------------------------------------------------pseudo_mini_loss sum 1.737820029258728
loading full batch data spends  0.0016090869903564453
connection checking time:  0
block generation total time  0
generate_dataloader_block spend   3.0040740966796875e-05
step  0
----------------------------------------after batch_pred = model(blocks, batch_inputs)
 Nvidia-smi: 1.974609375 GB
    Memory Allocated: 0.3019399642944336  GigaBytes
Max Memory Allocated: 0.4250025749206543  GigaBytes

----------------------------------------after loss function
 Nvidia-smi: 1.974609375 GB
    Memory Allocated: 0.3019447326660156  GigaBytes
Max Memory Allocated: 0.4250025749206543  GigaBytes

pure train time  0.03589749336242676
-----------------------------------------after optimizer zero grad
 Nvidia-smi: 1.974609375 GB
    Memory Allocated: 0.2536344528198242  GigaBytes
Max Memory Allocated: 0.4250025749206543  GigaBytes

----------------------------------------------------------pseudo_mini_loss sum 1.6147111654281616
Total (block generation + training)time/epoch 0.15234622955322266
pure train time/epoch 0.0350878636042277

num_input_list  [582, 586, 587, 589, 588, 589, 584, 587, 586, 587]
