main start at this time 1697825564.0019135
  NumNodes: 2708
  NumEdges: 10556
  NumFeats: 1433
  NumClasses: 7
  NumTrainingSamples: 140
  NumValidationSamples: 500
  NumTestSamples: 1000
Done loading data from cached files.
success----------------------------------------
140
500
2068
# Nodes: 2708
# Edges: 10556
# Train: 140
# Val: 500
# Test: 2068
# Classes: 7

in feats:  1433
REG start----................................
Convert a graph into a bidirected graph: 0.001 seconds, peak memory: 23.818 GB
Construct multi-constraint weights: 0.000 seconds, peak memory: 23.818 GB
Metis partitioning: 0.002 seconds, peak memory: 23.818 GB
Split the graph: 0.001 seconds
Construct subgraphs: 0.002 seconds
REG metis partition end ----................................
REG construction  time spent:  0.010038375854492188
pure dgl.metis_partition the time spent:  0.006120443344116211

block_gen_time in "generate_blocks_for_one_layer_block"  0.0041408538818359375

connection checking time:  0.0035524368286132812
block generation total time  0.0041408538818359375
step  0
----------------------------------------after batch_pred = model(blocks, batch_inputs)
 Nvidia-smi: 1.62890625 GB
    Memory Allocated: 0.08963298797607422  GigaBytes
Max Memory Allocated: 0.09199762344360352  GigaBytes

----------------------------------------after loss function
 Nvidia-smi: 1.62890625 GB
    Memory Allocated: 0.08963584899902344  GigaBytes
Max Memory Allocated: 0.09199762344360352  GigaBytes

step  1
----------------------------------------after batch_pred = model(blocks, batch_inputs)
 Nvidia-smi: 1.76171875 GB
    Memory Allocated: 0.14978933334350586  GigaBytes
Max Memory Allocated: 0.21387100219726562  GigaBytes

----------------------------------------after loss function
 Nvidia-smi: 1.76171875 GB
    Memory Allocated: 0.14979171752929688  GigaBytes
Max Memory Allocated: 0.21387100219726562  GigaBytes

pure train time  0.5136988162994385
-----------------------------------------after optimizer zero grad
 Nvidia-smi: 1.91796875 GB
    Memory Allocated: 0.252042293548584  GigaBytes
Max Memory Allocated: 0.345792293548584  GigaBytes

----------------------------------------------------------pseudo_mini_loss sum 1.946556806564331
Total (block generation + training)time/epoch nan
pure train time/epoch nan

num_input_list  [595]
