main start at this time 1699039861.435222
-----------------------------------------before load data 
 Nvidia-smi: 5.6533203125 GB
    Memory Allocated: 0.0  GigaBytes
Max Memory Allocated: 0.0  GigaBytes

success----------------------------------------
153431
23831
55703
# Nodes: 232965
# Edges: 114615892
# Train: 153431
# Val: 23831
# Test: 55703
# Classes: 41

#nodes: 232965
#edges: 114615892
#classes: 41
----------------------------------------start of run function 
 Nvidia-smi: 5.6533203125 GB
    Memory Allocated: 0.0  GigaBytes
Max Memory Allocated: 0.0  GigaBytes

in feats:  602
---||-----||-----||-----||-----||-----||-----||-----||-----||-----||-----||-----||-----||-----||-----||-----||-----||-----||-----||-----||--
25
25
[0.009065964505217329, 0.007957974594443105, 0.006863019859089754, 0.006426341482490501, 0.005996180693601684, 0.005702889246632037, 0.005305316396295403, 0.005207552580638854, 0.004529723458753446, 0.004497135520201263, 0.004575346572726503, 0.004458029993938644, 0.004503653107911699, 0.004249467187204672, 0.004190808897810742, 0.0039561757402350245, 0.0038975174508410946, 0.0036694018809758132, 0.0039496581525245876, 0.0035064621882148978, 0.0036628842932653768, 0.003623778767002757, 0.003539050126767081, 0.0033956631971374753, 0.8832700041060803]
bkt_dst_nodes_list = self.get_in_degree_bucketing() spend:  0.020730257034301758
self.gen_batches_seeds_list(bkt_dst_nodes_list_local) spend  0.00010156631469726562
num_output  153431
self.output_nids  153431
output nodes length match
global output equals  True
partition total batch output list spend :  0.7762980461120605
self.buckets_partition() spend  sec:  0.020842313766479492
check connections block*********************************

the find indices time spent  0.07040977478027344

in edges time spent  0.6943209171295166
local to global src and eids time spent  0.9306502342224121
time gen tails  0.05916547775268555
res  length 25

block_gen_time in "generate_blocks_for_one_layer_block"  1.9104547500610352

----------------------------------------
check connections block*********************************

the find indices time spent  0.12955212593078613

in edges time spent  0.44135117530822754
local to global src and eids time spent  1.2391018867492676
time gen tails  0.20772671699523926
res  length 25

block_gen_time in "generate_blocks_for_one_layer_block"  1.9636869430541992

block collection to dataloader spend  4.649162292480469e-05
redundancy ratio #input/#seeds/degree
9.813084112149532
8.133087633087634
7.755302310857867
7.069726166328601
6.834999999999999
6.720190476190477
6.425236925236925
6.230287859824781
6.368505195843325
6.017246376811594
6.000259000259001
5.774244639376218
5.71167761326951
5.49079754601227
5.554898911353033
5.446046128500824
5.353728113318906
5.316854154331952
5.028400208441897
5.237360594795539
5.149042535163532
5.007848266841073
4.993674433501481
5.135796545105566
0.06497590779288819
layer  0
{1: 1391, 2: 8, 3: 10, 4: 7, 5: 6, 6: 4, 7: 4, 8: 3, 9: 6, 10: 1276}
layer  1
{1: 1391}

layer  0
{1: 8, 2: 1238, 3: 12, 4: 13, 5: 12, 6: 2, 7: 10, 8: 8, 9: 5, 10: 2055}
layer  1
{2: 1221}

layer  0
{1: 10, 2: 13, 3: 1073, 4: 24, 5: 17, 6: 25, 7: 10, 8: 9, 9: 7, 10: 2659}
layer  1
{3: 1053}

layer  0
{1: 10, 2: 14, 3: 23, 4: 1022, 5: 19, 6: 12, 7: 20, 8: 16, 9: 10, 10: 3153}
layer  1
{4: 986}

layer  0
{1: 5, 2: 12, 3: 19, 4: 24, 5: 954, 6: 22, 7: 20, 8: 16, 9: 20, 10: 3698}
layer  1
{5: 920}

layer  0
{1: 4, 2: 6, 3: 28, 4: 15, 5: 24, 6: 900, 7: 24, 8: 15, 9: 15, 10: 4265}
layer  1
{6: 875}

layer  0
{1: 4, 2: 12, 3: 12, 4: 24, 5: 20, 6: 22, 7: 843, 8: 36, 9: 17, 10: 4534}
layer  1
{7: 814}

layer  0
{1: 2, 2: 7, 3: 12, 4: 22, 5: 21, 6: 23, 7: 44, 8: 833, 9: 35, 10: 5097}
layer  1
{8: 799}

layer  0
{1: 5, 2: 8, 3: 5, 4: 9, 5: 22, 6: 21, 7: 19, 8: 46, 9: 719, 10: 5077}
layer  1
{9: 695}

layer  0
{1: 3, 2: 7, 3: 7, 4: 21, 5: 15, 6: 14, 7: 23, 8: 26, 9: 33, 10: 6144}
layer  1
{10: 690}

layer  0
{1: 4, 2: 6, 3: 9, 4: 17, 5: 19, 6: 15, 7: 19, 8: 20, 9: 18, 10: 6974}
layer  1
{11: 702}

layer  0
{1: 4, 2: 5, 3: 11, 4: 2, 5: 8, 6: 17, 7: 17, 8: 18, 9: 30, 10: 7201}
layer  1
{12: 684}

layer  0
{1: 6, 2: 11, 3: 7, 4: 10, 5: 10, 6: 21, 7: 15, 8: 25, 9: 28, 10: 7957}
layer  1
{13: 691}

layer  0
{1: 5, 2: 9, 3: 2, 4: 10, 5: 11, 6: 10, 7: 27, 8: 19, 9: 17, 10: 7742}
layer  1
{14: 652}

layer  0
{1: 2, 2: 6, 3: 10, 4: 8, 5: 11, 6: 10, 7: 11, 8: 13, 9: 6, 10: 8432}
layer  1
{15: 643}

layer  0
{1: 2, 2: 7, 3: 7, 4: 12, 5: 11, 6: 14, 7: 15, 8: 19, 9: 26, 10: 8315}
layer  1
{16: 607}

layer  0
{1: 7, 2: 3, 3: 4, 4: 14, 5: 21, 6: 9, 7: 12, 8: 22, 9: 12, 10: 8546}
layer  1
{17: 598}

layer  0
{1: 5, 2: 3, 3: 4, 4: 7, 5: 9, 6: 16, 7: 13, 8: 15, 9: 18, 10: 8539}
layer  1
{18: 563}

layer  0
{1: 1, 2: 6, 3: 7, 4: 6, 5: 15, 6: 12, 7: 20, 8: 16, 9: 14, 10: 9450}
layer  1
{19: 606}

layer  0
{1: 6, 2: 2, 3: 4, 4: 4, 5: 9, 6: 11, 7: 15, 8: 27, 9: 18, 10: 9084}
layer  1
{20: 538}

layer  0
{1: 4, 2: 3, 3: 5, 4: 10, 5: 7, 6: 9, 7: 19, 8: 12, 9: 20, 10: 10064}
layer  1
{21: 562}

layer  0
{1: 4, 2: 5, 3: 8, 4: 10, 5: 13, 6: 12, 7: 8, 8: 13, 9: 18, 10: 10186}
layer  1
{22: 556}

layer  0
{1: 3, 2: 1, 3: 10, 4: 8, 5: 6, 6: 15, 7: 12, 8: 15, 9: 16, 10: 10503}
layer  1
{23: 543}

layer  0
{1: 2, 2: 4, 3: 6, 4: 9, 5: 10, 6: 15, 7: 11, 8: 20, 9: 11, 10: 10722}
layer  1
{24: 521}

layer  0
{1: 117, 2: 186, 3: 275, 4: 297, 5: 402, 6: 366, 7: 420, 8: 453, 9: 448, 10: 210104}
layer  1
{25: 135521}

data_dict
[[{1: 1391, 2: 8, 3: 10, 4: 7, 5: 6, 6: 4, 7: 4, 8: 3, 9: 6, 10: 1276}, {1: 1391}], [{1: 8, 2: 1238, 3: 12, 4: 13, 5: 12, 6: 2, 7: 10, 8: 8, 9: 5, 10: 2055}, {2: 1221}], [{1: 10, 2: 13, 3: 1073, 4: 24, 5: 17, 6: 25, 7: 10, 8: 9, 9: 7, 10: 2659}, {3: 1053}], [{1: 10, 2: 14, 3: 23, 4: 1022, 5: 19, 6: 12, 7: 20, 8: 16, 9: 10, 10: 3153}, {4: 986}], [{1: 5, 2: 12, 3: 19, 4: 24, 5: 954, 6: 22, 7: 20, 8: 16, 9: 20, 10: 3698}, {5: 920}], [{1: 4, 2: 6, 3: 28, 4: 15, 5: 24, 6: 900, 7: 24, 8: 15, 9: 15, 10: 4265}, {6: 875}], [{1: 4, 2: 12, 3: 12, 4: 24, 5: 20, 6: 22, 7: 843, 8: 36, 9: 17, 10: 4534}, {7: 814}], [{1: 2, 2: 7, 3: 12, 4: 22, 5: 21, 6: 23, 7: 44, 8: 833, 9: 35, 10: 5097}, {8: 799}], [{1: 5, 2: 8, 3: 5, 4: 9, 5: 22, 6: 21, 7: 19, 8: 46, 9: 719, 10: 5077}, {9: 695}], [{1: 3, 2: 7, 3: 7, 4: 21, 5: 15, 6: 14, 7: 23, 8: 26, 9: 33, 10: 6144}, {10: 690}], [{1: 4, 2: 6, 3: 9, 4: 17, 5: 19, 6: 15, 7: 19, 8: 20, 9: 18, 10: 6974}, {11: 702}], [{1: 4, 2: 5, 3: 11, 4: 2, 5: 8, 6: 17, 7: 17, 8: 18, 9: 30, 10: 7201}, {12: 684}], [{1: 6, 2: 11, 3: 7, 4: 10, 5: 10, 6: 21, 7: 15, 8: 25, 9: 28, 10: 7957}, {13: 691}], [{1: 5, 2: 9, 3: 2, 4: 10, 5: 11, 6: 10, 7: 27, 8: 19, 9: 17, 10: 7742}, {14: 652}], [{1: 2, 2: 6, 3: 10, 4: 8, 5: 11, 6: 10, 7: 11, 8: 13, 9: 6, 10: 8432}, {15: 643}], [{1: 2, 2: 7, 3: 7, 4: 12, 5: 11, 6: 14, 7: 15, 8: 19, 9: 26, 10: 8315}, {16: 607}], [{1: 7, 2: 3, 3: 4, 4: 14, 5: 21, 6: 9, 7: 12, 8: 22, 9: 12, 10: 8546}, {17: 598}], [{1: 5, 2: 3, 3: 4, 4: 7, 5: 9, 6: 16, 7: 13, 8: 15, 9: 18, 10: 8539}, {18: 563}], [{1: 1, 2: 6, 3: 7, 4: 6, 5: 15, 6: 12, 7: 20, 8: 16, 9: 14, 10: 9450}, {19: 606}], [{1: 6, 2: 2, 3: 4, 4: 4, 5: 9, 6: 11, 7: 15, 8: 27, 9: 18, 10: 9084}, {20: 538}], [{1: 4, 2: 3, 3: 5, 4: 10, 5: 7, 6: 9, 7: 19, 8: 12, 9: 20, 10: 10064}, {21: 562}], [{1: 4, 2: 5, 3: 8, 4: 10, 5: 13, 6: 12, 7: 8, 8: 13, 9: 18, 10: 10186}, {22: 556}], [{1: 3, 2: 1, 3: 10, 4: 8, 5: 6, 6: 15, 7: 12, 8: 15, 9: 16, 10: 10503}, {23: 543}], [{1: 2, 2: 4, 3: 6, 4: 9, 5: 10, 6: 15, 7: 11, 8: 20, 9: 11, 10: 10722}, {24: 521}], [{1: 117, 2: 186, 3: 275, 4: 297, 5: 402, 6: 366, 7: 420, 8: 453, 9: 448, 10: 210104}, {25: 135521}]]
idx (key, val)0 1 1391
idx (key, val)1 2 8
idx (key, val)2 3 10
idx (key, val)3 4 7
idx (key, val)4 5 6
idx (key, val)5 6 4
idx (key, val)6 7 4
idx (key, val)7 8 3
idx (key, val)8 9 6
idx (key, val)9 10 1276
idx (key, val)0 1 1391
idx (key, val)0 1 8
idx (key, val)1 2 1238
idx (key, val)2 3 12
idx (key, val)3 4 13
idx (key, val)4 5 12
idx (key, val)5 6 2
idx (key, val)6 7 10
idx (key, val)7 8 8
idx (key, val)8 9 5
idx (key, val)9 10 2055
idx (key, val)0 2 1221
idx (key, val)0 1 10
idx (key, val)1 2 13
idx (key, val)2 3 1073
idx (key, val)3 4 24
idx (key, val)4 5 17
idx (key, val)5 6 25
idx (key, val)6 7 10
idx (key, val)7 8 9
idx (key, val)8 9 7
idx (key, val)9 10 2659
idx (key, val)0 3 1053
idx (key, val)0 1 10
idx (key, val)1 2 14
idx (key, val)2 3 23
idx (key, val)3 4 1022
idx (key, val)4 5 19
idx (key, val)5 6 12
idx (key, val)6 7 20
idx (key, val)7 8 16
idx (key, val)8 9 10
idx (key, val)9 10 3153
idx (key, val)0 4 986
idx (key, val)0 1 5
idx (key, val)1 2 12
idx (key, val)2 3 19
idx (key, val)3 4 24
idx (key, val)4 5 954
idx (key, val)5 6 22
idx (key, val)6 7 20
idx (key, val)7 8 16
idx (key, val)8 9 20
idx (key, val)9 10 3698
idx (key, val)0 5 920
idx (key, val)0 1 4
idx (key, val)1 2 6
idx (key, val)2 3 28
idx (key, val)3 4 15
idx (key, val)4 5 24
idx (key, val)5 6 900
idx (key, val)6 7 24
idx (key, val)7 8 15
idx (key, val)8 9 15
idx (key, val)9 10 4265
idx (key, val)0 6 875
idx (key, val)0 1 4
idx (key, val)1 2 12
idx (key, val)2 3 12
idx (key, val)3 4 24
idx (key, val)4 5 20
idx (key, val)5 6 22
idx (key, val)6 7 843
idx (key, val)7 8 36
idx (key, val)8 9 17
idx (key, val)9 10 4534
idx (key, val)0 7 814
idx (key, val)0 1 2
idx (key, val)1 2 7
idx (key, val)2 3 12
idx (key, val)3 4 22
idx (key, val)4 5 21
idx (key, val)5 6 23
idx (key, val)6 7 44
idx (key, val)7 8 833
idx (key, val)8 9 35
idx (key, val)9 10 5097
idx (key, val)0 8 799
idx (key, val)0 1 5
idx (key, val)1 2 8
idx (key, val)2 3 5
idx (key, val)3 4 9
idx (key, val)4 5 22
idx (key, val)5 6 21
idx (key, val)6 7 19
idx (key, val)7 8 46
idx (key, val)8 9 719
idx (key, val)9 10 5077
idx (key, val)0 9 695
idx (key, val)0 1 3
idx (key, val)1 2 7
idx (key, val)2 3 7
idx (key, val)3 4 21
idx (key, val)4 5 15
idx (key, val)5 6 14
idx (key, val)6 7 23
idx (key, val)7 8 26
idx (key, val)8 9 33
idx (key, val)9 10 6144
idx (key, val)0 10 690
idx (key, val)0 1 4
idx (key, val)1 2 6
idx (key, val)2 3 9
idx (key, val)3 4 17
idx (key, val)4 5 19
idx (key, val)5 6 15
idx (key, val)6 7 19
idx (key, val)7 8 20
idx (key, val)8 9 18
idx (key, val)9 10 6974
idx (key, val)0 11 702
idx (key, val)0 1 4
idx (key, val)1 2 5
idx (key, val)2 3 11
idx (key, val)3 4 2
idx (key, val)4 5 8
idx (key, val)5 6 17
idx (key, val)6 7 17
idx (key, val)7 8 18
idx (key, val)8 9 30
idx (key, val)9 10 7201
idx (key, val)0 12 684
idx (key, val)0 1 6
idx (key, val)1 2 11
idx (key, val)2 3 7
idx (key, val)3 4 10
idx (key, val)4 5 10
idx (key, val)5 6 21
idx (key, val)6 7 15
idx (key, val)7 8 25
idx (key, val)8 9 28
idx (key, val)9 10 7957
idx (key, val)0 13 691
idx (key, val)0 1 5
idx (key, val)1 2 9
idx (key, val)2 3 2
idx (key, val)3 4 10
idx (key, val)4 5 11
idx (key, val)5 6 10
idx (key, val)6 7 27
idx (key, val)7 8 19
idx (key, val)8 9 17
idx (key, val)9 10 7742
idx (key, val)0 14 652
idx (key, val)0 1 2
idx (key, val)1 2 6
idx (key, val)2 3 10
idx (key, val)3 4 8
idx (key, val)4 5 11
idx (key, val)5 6 10
idx (key, val)6 7 11
idx (key, val)7 8 13
idx (key, val)8 9 6
idx (key, val)9 10 8432
idx (key, val)0 15 643
idx (key, val)0 1 2
idx (key, val)1 2 7
idx (key, val)2 3 7
idx (key, val)3 4 12
idx (key, val)4 5 11
idx (key, val)5 6 14
idx (key, val)6 7 15
idx (key, val)7 8 19
idx (key, val)8 9 26
idx (key, val)9 10 8315
idx (key, val)0 16 607
idx (key, val)0 1 7
idx (key, val)1 2 3
idx (key, val)2 3 4
idx (key, val)3 4 14
idx (key, val)4 5 21
idx (key, val)5 6 9
idx (key, val)6 7 12
idx (key, val)7 8 22
idx (key, val)8 9 12
idx (key, val)9 10 8546
idx (key, val)0 17 598
idx (key, val)0 1 5
idx (key, val)1 2 3
idx (key, val)2 3 4
idx (key, val)3 4 7
idx (key, val)4 5 9
idx (key, val)5 6 16
idx (key, val)6 7 13
idx (key, val)7 8 15
idx (key, val)8 9 18
idx (key, val)9 10 8539
idx (key, val)0 18 563
idx (key, val)0 1 1
idx (key, val)1 2 6
idx (key, val)2 3 7
idx (key, val)3 4 6
idx (key, val)4 5 15
idx (key, val)5 6 12
idx (key, val)6 7 20
idx (key, val)7 8 16
idx (key, val)8 9 14
idx (key, val)9 10 9450
idx (key, val)0 19 606
idx (key, val)0 1 6
idx (key, val)1 2 2
idx (key, val)2 3 4
idx (key, val)3 4 4
idx (key, val)4 5 9
idx (key, val)5 6 11
idx (key, val)6 7 15
idx (key, val)7 8 27
idx (key, val)8 9 18
idx (key, val)9 10 9084
idx (key, val)0 20 538
idx (key, val)0 1 4
idx (key, val)1 2 3
idx (key, val)2 3 5
idx (key, val)3 4 10
idx (key, val)4 5 7
idx (key, val)5 6 9
idx (key, val)6 7 19
idx (key, val)7 8 12
idx (key, val)8 9 20
idx (key, val)9 10 10064
idx (key, val)0 21 562
idx (key, val)0 1 4
idx (key, val)1 2 5
idx (key, val)2 3 8
idx (key, val)3 4 10
idx (key, val)4 5 13
idx (key, val)5 6 12
idx (key, val)6 7 8
idx (key, val)7 8 13
idx (key, val)8 9 18
idx (key, val)9 10 10186
idx (key, val)0 22 556
idx (key, val)0 1 3
idx (key, val)1 2 1
idx (key, val)2 3 10
idx (key, val)3 4 8
idx (key, val)4 5 6
idx (key, val)5 6 15
idx (key, val)6 7 12
idx (key, val)7 8 15
idx (key, val)8 9 16
idx (key, val)9 10 10503
idx (key, val)0 23 543
idx (key, val)0 1 2
idx (key, val)1 2 4
idx (key, val)2 3 6
idx (key, val)3 4 9
idx (key, val)4 5 10
idx (key, val)5 6 15
idx (key, val)6 7 11
idx (key, val)7 8 20
idx (key, val)8 9 11
idx (key, val)9 10 10722
idx (key, val)0 24 521
idx (key, val)0 1 117
0.004722967743873596
idx (key, val)1 2 186
0.00498528778553009
idx (key, val)2 3 275
idx (key, val)3 4 297
idx (key, val)4 5 402
idx (key, val)5 6 366
idx (key, val)6 7 420
idx (key, val)7 8 453
idx (key, val)8 9 448
idx (key, val)9 10 210104
idx (key, val)0 25 135521
136.770222812891
estimated_mem_list[-1]
136.770222812891
 MM estimated memory/GB degree 0: 0.11305645108222961 * 9.813084112149532
 MM estimated memory/GB degree 1: 0.10023227334022522 * 8.133087633087634
 MM estimated memory/GB degree 2: 0.12794311344623566 * 7.755302310857867
 MM estimated memory/GB degree 3: 0.15963247418403625 * 7.069726166328601
 MM estimated memory/GB degree 4: 0.18590672314167023 * 6.834999999999999
 MM estimated memory/GB degree 5: 0.21209809184074402 * 6.720190476190477
 MM estimated memory/GB degree 6: 0.23018905520439148 * 6.425236925236925
 MM estimated memory/GB degree 7: 0.258116751909256 * 6.230287859824781
 MM estimated memory/GB degree 8: 0.252710223197937 * 6.368505195843325
 MM estimated memory/GB degree 9: 0.2786642163991928 * 6.017246376811594
 MM estimated memory/GB degree 10: 0.31188592314720154 * 6.000259000259001
 MM estimated memory/GB degree 11: 0.33150333166122437 * 5.774244639376218
 MM estimated memory/GB degree 12: 0.36287619173526764 * 5.71167761326951
 MM estimated memory/GB degree 13: 0.36868639290332794 * 5.49079754601227
 MM estimated memory/GB degree 14: 0.38943032920360565 * 5.554898911353033
 MM estimated memory/GB degree 15: 0.39213600754737854 * 5.446046128500824
 MM estimated memory/GB degree 16: 0.4106629639863968 * 5.353728113318906
 MM estimated memory/GB degree 17: 0.4092894047498703 * 5.316854154331952
 MM estimated memory/GB degree 18: 0.4648358076810837 * 5.028400208441897
 MM estimated memory/GB degree 19: 0.4345991313457489 * 5.237360594795539
 MM estimated memory/GB degree 20: 0.47658106684684753 * 5.149042535163532
 MM estimated memory/GB degree 21: 0.49394112825393677 * 5.007848266841073
 MM estimated memory/GB degree 22: 0.5042703151702881 * 4.993674433501481
 MM estimated memory/GB degree 23: 0.5048381388187408 * 5.135796545105566
 MM estimated memory/GB degree 24: 136.770222812891 * 0.06497590779288819

modified_mem [1, fanout-1]: 
[1.1094324638910382, 0.815197862739645, 0.9922375233679416, 1.128557879734656, 1.2706724526733157, 1.425339576806341, 1.4790192172846572, 1.6081416658376424, 1.6093863694787884, 1.6767912464750847, 1.871396317418083, 1.9141813357801813, 2.0726318207228225, 2.0243823414017084, 2.1632461117409623, 2.1355907857491707, 2.1985778553928417, 2.1761320719683996, 2.337380472234819, 2.276152365042596, 2.4539361846480325, 2.4735822230480013, 2.518161780439602, 2.5927459691828134]
44.32287389305914
mem size of fanout degree bucket by formula (GB):  136.770222812891

the modified memory estimation spend (sec) 0.06547260284423828
the time of number of fanout blocks generation (sec) 9.115554094314575
the time dict collection (sec) 0.0643455982208252
the time estimate mem (sec) 0.0006749629974365234
