main start at this time 1689917866.8732402
#nodes: 2449029
#edges: 123718024
#classes: 47
success----------------------------------------
196571
39255
2164782
# Nodes: 2400608
# Edges: 123718024
# Train: 196571
# Val: 39255
# Test: 2164782
# Classes: 47

in feats:  100
loading full batch data spends  0.842883825302124
REG start----................................
Convert a graph into a bidirected graph: 3.066 seconds, peak memory: 34.201 GB
Construct multi-constraint weights: 0.000 seconds, peak memory: 34.201 GB
Metis partitioning: 14.158 seconds, peak memory: 35.476 GB
Split the graph: 2.262 seconds
Construct subgraphs: 0.020 seconds
REG metis partition end ----................................
REG construction  time spent:  14.32782769203186
pure dgl.metis_partition the time spent:  19.532896995544434
check_connections_block*********************************

the find indices time spent  0.5256831645965576

in edges time spent  0.912421703338623
local to global src and eids time spent  1.8037757873535156
time gen tails  0.2510066032409668
res  length 9
check_connections_block*********************************

the find indices time spent  0.8523087501525879

in edges time spent  3.2187037467956543
local to global src and eids time spent  5.791584730148315
time gen tails  0.9382965564727783
res  length 9
connection checking time:  16.535797834396362
block generation total time  11.24375581741333
generate_dataloader_block spend   66.03125405311584
pure train time  3.4111289978027344
-----------------------------------------after optimizer zero grad
 Nvidia-smi: 17.94921875 GB
    Memory Allocated: 0.32854270935058594  GigaBytes
Max Memory Allocated: 15.913331985473633  GigaBytes

----------------------------------------------------------pseudo_mini_loss sum 5.209176063537598
loading full batch data spends  0.8324413299560547
REG start----................................
Convert a graph into a bidirected graph: 2.999 seconds, peak memory: 73.257 GB
Construct multi-constraint weights: 0.000 seconds, peak memory: 73.257 GB
Metis partitioning: 14.603 seconds, peak memory: 74.495 GB
Split the graph: 2.132 seconds
Construct subgraphs: 0.659 seconds
REG metis partition end ----................................
REG construction  time spent:  13.333691358566284
pure dgl.metis_partition the time spent:  20.420180082321167
check_connections_block*********************************

the find indices time spent  0.5012388229370117

in edges time spent  0.9650826454162598
local to global src and eids time spent  1.8023145198822021
time gen tails  0.25247836112976074
res  length 9
check_connections_block*********************************

the find indices time spent  0.9129869937896729

in edges time spent  3.117453098297119
local to global src and eids time spent  5.805359363555908
time gen tails  0.9155826568603516
res  length 9
connection checking time:  16.34327483177185
block generation total time  10.548461675643921
generate_dataloader_block spend   64.768075466156
pure train time  2.603388786315918
-----------------------------------------after optimizer zero grad
 Nvidia-smi: 18.1875 GB
    Memory Allocated: 0.3692793846130371  GigaBytes
Max Memory Allocated: 16.241480827331543  GigaBytes

----------------------------------------------------------pseudo_mini_loss sum 3.4646997451782227
loading full batch data spends  0.882037878036499
REG start----................................
Convert a graph into a bidirected graph: 3.077 seconds, peak memory: 78.240 GB
Construct multi-constraint weights: 0.000 seconds, peak memory: 78.240 GB
Metis partitioning: 14.560 seconds, peak memory: 79.525 GB
Split the graph: 1.854 seconds
Construct subgraphs: 0.032 seconds
REG metis partition end ----................................
REG construction  time spent:  13.129135847091675
pure dgl.metis_partition the time spent:  19.548285245895386
check_connections_block*********************************

the find indices time spent  0.5046894550323486

in edges time spent  0.8873312473297119
local to global src and eids time spent  1.9057812690734863
time gen tails  0.2696189880371094
res  length 9
check_connections_block*********************************

the find indices time spent  0.9262299537658691

in edges time spent  3.273165464401245
local to global src and eids time spent  5.945729970932007
time gen tails  0.9387404918670654
res  length 9
connection checking time:  16.799801111221313
block generation total time  11.109608173370361
generate_dataloader_block spend   64.77053904533386
pure train time  2.596599578857422
-----------------------------------------after optimizer zero grad
 Nvidia-smi: 23.138671875 GB
    Memory Allocated: 0.3397331237792969  GigaBytes
Max Memory Allocated: 16.379531383514404  GigaBytes

----------------------------------------------------------pseudo_mini_loss sum 2.729304075241089
loading full batch data spends  0.7868499755859375
REG start----................................
Convert a graph into a bidirected graph: 3.131 seconds, peak memory: 82.924 GB
Construct multi-constraint weights: 0.000 seconds, peak memory: 82.924 GB
Metis partitioning: 14.903 seconds, peak memory: 84.210 GB
Split the graph: 1.925 seconds
Construct subgraphs: 0.027 seconds
REG metis partition end ----................................
REG construction  time spent:  13.112298488616943
pure dgl.metis_partition the time spent:  20.011594533920288
check_connections_block*********************************

the find indices time spent  0.515977144241333

in edges time spent  0.6650795936584473
local to global src and eids time spent  0.8424601554870605
time gen tails  0.15201783180236816
res  length 9
check_connections_block*********************************

the find indices time spent  0.6935336589813232

in edges time spent  1.853830099105835
local to global src and eids time spent  2.958807945251465
time gen tails  0.6139407157897949
res  length 9
connection checking time:  9.237209796905518
block generation total time  7.86537766456604
generate_dataloader_block spend   54.21359992027283
pure train time  2.3417863845825195
-----------------------------------------after optimizer zero grad
 Nvidia-smi: 18.435546875 GB
    Memory Allocated: 0.3133516311645508  GigaBytes
Max Memory Allocated: 16.439419269561768  GigaBytes

----------------------------------------------------------pseudo_mini_loss sum 2.2280116081237793
loading full batch data spends  0.8831861019134521
REG start----................................
Convert a graph into a bidirected graph: 3.163 seconds, peak memory: 84.929 GB
Construct multi-constraint weights: 0.000 seconds, peak memory: 84.929 GB
Metis partitioning: 14.914 seconds, peak memory: 84.929 GB
Split the graph: 1.781 seconds
Construct subgraphs: 0.032 seconds
REG metis partition end ----................................
REG construction  time spent:  9.117948770523071
pure dgl.metis_partition the time spent:  19.916122913360596
check_connections_block*********************************

the find indices time spent  0.5432078838348389

in edges time spent  0.9057567119598389
local to global src and eids time spent  1.84368896484375
time gen tails  0.28924107551574707
res  length 9
check_connections_block*********************************

the find indices time spent  0.8965082168579102

in edges time spent  3.340172290802002
local to global src and eids time spent  3.7722177505493164
time gen tails  0.6445660591125488
res  length 9
connection checking time:  13.612897634506226
block generation total time  9.900999307632446
generate_dataloader_block spend   56.82083797454834
pure train time  2.1531221866607666
-----------------------------------------after optimizer zero grad
 Nvidia-smi: 21.908203125 GB
    Memory Allocated: 0.3236260414123535  GigaBytes
Max Memory Allocated: 16.77303409576416  GigaBytes

----------------------------------------------------------pseudo_mini_loss sum 1.7776705026626587
loading full batch data spends  0.8681292533874512
REG start----................................
Convert a graph into a bidirected graph: 2.461 seconds, peak memory: 84.929 GB
Construct multi-constraint weights: 0.000 seconds, peak memory: 84.929 GB
Metis partitioning: 14.797 seconds, peak memory: 84.929 GB
Split the graph: 1.924 seconds
Construct subgraphs: 0.025 seconds
REG metis partition end ----................................
REG construction  time spent:  10.47886347770691
pure dgl.metis_partition the time spent:  19.233906269073486
check_connections_block*********************************

the find indices time spent  0.5026617050170898

in edges time spent  0.8753361701965332
local to global src and eids time spent  1.7778003215789795
time gen tails  0.2615668773651123
res  length 9
check_connections_block*********************************

the find indices time spent  0.896712064743042

in edges time spent  2.881802558898926
local to global src and eids time spent  6.09942889213562
time gen tails  0.9939637184143066
res  length 9
connection checking time:  16.73092484474182
block generation total time  10.810126066207886
generate_dataloader_block spend   61.654425382614136
pure train time  2.5444281101226807
-----------------------------------------after optimizer zero grad
 Nvidia-smi: 19.177734375 GB
    Memory Allocated: 0.31928443908691406  GigaBytes
Max Memory Allocated: 17.210526943206787  GigaBytes

----------------------------------------------------------pseudo_mini_loss sum 1.547976016998291
loading full batch data spends  0.8705456256866455
REG start----................................
Convert a graph into a bidirected graph: 2.502 seconds, peak memory: 85.588 GB
Construct multi-constraint weights: 0.000 seconds, peak memory: 85.588 GB
Metis partitioning: 14.972 seconds, peak memory: 85.588 GB
Split the graph: 1.799 seconds
Construct subgraphs: 0.029 seconds
REG metis partition end ----................................
REG construction  time spent:  12.953906774520874
pure dgl.metis_partition the time spent:  19.329962730407715
check_connections_block*********************************

the find indices time spent  0.5283255577087402

in edges time spent  0.8700408935546875
local to global src and eids time spent  1.8054170608520508
time gen tails  0.277677059173584
res  length 9
check_connections_block*********************************

the find indices time spent  0.9012618064880371

in edges time spent  3.290524959564209
local to global src and eids time spent  6.171163320541382
time gen tails  1.006915807723999
res  length 9
connection checking time:  16.99702286720276
block generation total time  10.759308099746704
generate_dataloader_block spend   64.16229271888733
pure train time  2.3580236434936523
-----------------------------------------after optimizer zero grad
 Nvidia-smi: 19.177734375 GB
    Memory Allocated: 0.37036705017089844  GigaBytes
Max Memory Allocated: 17.210526943206787  GigaBytes

----------------------------------------------------------pseudo_mini_loss sum 1.3897831439971924
loading full batch data spends  0.8561489582061768
REG start----................................
Convert a graph into a bidirected graph: 3.071 seconds, peak memory: 85.588 GB
Construct multi-constraint weights: 0.000 seconds, peak memory: 85.588 GB
Metis partitioning: 15.070 seconds, peak memory: 85.588 GB
Split the graph: 1.899 seconds
Construct subgraphs: 0.032 seconds
REG metis partition end ----................................
REG construction  time spent:  13.049578189849854
pure dgl.metis_partition the time spent:  20.097673177719116
check_connections_block*********************************

the find indices time spent  0.5250871181488037

in edges time spent  0.8711631298065186
local to global src and eids time spent  1.6721725463867188
time gen tails  0.2585585117340088
res  length 9
check_connections_block*********************************

the find indices time spent  0.88619065284729

in edges time spent  2.2423391342163086
local to global src and eids time spent  5.423320055007935
time gen tails  0.9640307426452637
res  length 9
connection checking time:  15.091610670089722
block generation total time  10.796639442443848
generate_dataloader_block spend   63.63530969619751
pure train time  2.3403191566467285
-----------------------------------------after optimizer zero grad
 Nvidia-smi: 19.177734375 GB
    Memory Allocated: 0.3546905517578125  GigaBytes
Max Memory Allocated: 17.210526943206787  GigaBytes

----------------------------------------------------------pseudo_mini_loss sum 1.2767491340637207
loading full batch data spends  0.8705084323883057
REG start----................................
Convert a graph into a bidirected graph: 3.129 seconds, peak memory: 85.588 GB
Construct multi-constraint weights: 0.000 seconds, peak memory: 85.588 GB
Metis partitioning: 14.982 seconds, peak memory: 85.588 GB
Split the graph: 1.762 seconds
Construct subgraphs: 0.012 seconds
REG metis partition end ----................................
REG construction  time spent:  13.59456753730774
pure dgl.metis_partition the time spent:  19.912569761276245
check_connections_block*********************************

the find indices time spent  0.5082838535308838

in edges time spent  0.9016420841217041
local to global src and eids time spent  1.6309597492218018
time gen tails  0.23739099502563477
res  length 9
check_connections_block*********************************

the find indices time spent  0.6945099830627441

in edges time spent  1.971222162246704
local to global src and eids time spent  3.1758065223693848
time gen tails  0.6420207023620605
res  length 9
connection checking time:  11.138171911239624
block generation total time  9.226326704025269
generate_dataloader_block spend   58.31113243103027
pure train time  2.376325845718384
-----------------------------------------after optimizer zero grad
 Nvidia-smi: 19.177734375 GB
    Memory Allocated: 0.32784318923950195  GigaBytes
Max Memory Allocated: 17.210526943206787  GigaBytes

----------------------------------------------------------pseudo_mini_loss sum 1.176135540008545
loading full batch data spends  0.8667831420898438
REG start----................................
Convert a graph into a bidirected graph: 3.140 seconds, peak memory: 85.588 GB
Construct multi-constraint weights: 0.000 seconds, peak memory: 85.588 GB
Metis partitioning: 15.302 seconds, peak memory: 85.588 GB
Split the graph: 1.862 seconds
Construct subgraphs: 0.030 seconds
REG metis partition end ----................................
REG construction  time spent:  13.028573513031006
pure dgl.metis_partition the time spent:  20.36050248146057
check_connections_block*********************************

the find indices time spent  0.4941232204437256

in edges time spent  0.9026923179626465
local to global src and eids time spent  1.766958475112915
time gen tails  0.26587557792663574
res  length 9
check_connections_block*********************************

the find indices time spent  0.8628466129302979

in edges time spent  3.128965377807617
local to global src and eids time spent  5.777991533279419
time gen tails  0.9173171520233154
res  length 9
connection checking time:  16.141515493392944
block generation total time  9.981619119644165
generate_dataloader_block spend   63.6630494594574
pure train time  2.348172187805176
-----------------------------------------after optimizer zero grad
 Nvidia-smi: 19.185546875 GB
    Memory Allocated: 0.3424229621887207  GigaBytes
Max Memory Allocated: 17.210526943206787  GigaBytes

----------------------------------------------------------pseudo_mini_loss sum 1.0779255628585815
Total (block generation + training)time/epoch 66.55124273300171
pure train time/epoch 2.3533985217412314

num_input_list  [4055470, 4103840, 4192373, 4147360, 4255895, 4159325, 4390830, 4159823, 4294352, 4142195]
