main start at this time 1686260710.5091715
-----------------------------------------before load data 
 Nvidia-smi: 0.166015625 GB
    Memory Allocated: 0.0  GigaBytes
Max Memory Allocated: 0.0  GigaBytes

#nodes: 2449029
#edges: 123718024
#classes: 47
success----------------------------------------
196571
39255
2164782
# Nodes: 2400608
# Edges: 123718024
# Train: 196571
# Val: 39255
# Test: 2164782
# Classes: 47

----------------------------------------start of run function 
 Nvidia-smi: 0.166015625 GB
    Memory Allocated: 0.0  GigaBytes
Max Memory Allocated: 0.0  GigaBytes

len(bkt)  173
len(bkt)  221
len(bkt)  374
len(bkt)  456
len(bkt)  445
len(bkt)  550
len(bkt)  655
len(bkt)  512
len(bkt)  576
len(bkt)  640
len(bkt)  624
len(bkt)  583
len(bkt)  615
len(bkt)  695
len(bkt)  673
len(bkt)  614
len(bkt)  556
len(bkt)  604
len(bkt)  584
len(bkt)  572
len(bkt)  586
len(bkt)  592
len(bkt)  648
len(bkt)  645
len(bkt)  183378
---||-----||-----||-----||-----||-----||-----||-----||-----||-----||-----||-----||-----||-----||-----||-----||-----||-----||-----||-----||--

__ 
25
group 1 start =========================

18
length  196571
group1  13193
[0.06711569865341276, 0.054875846386293, 0.054875846386293, 0.054875846386293, 0.054875846386293, 0.054875846386293, 0.054875846386293, 0.054875846386293, 0.054875846386293, 0.054875846386293, 0.054875846386293, 0.054875846386293, 0.054875846386293, 0.054875846386293, 0.054875846386293, 0.054875846386293, 0.054875846386293, 0.05487075916589934]
len local_batched_seeds_list  18
 the number of batches:  18
check_connections_block*********************************
num of batch  18
check_connections_block*********************************
batch 0
src global  484786
seeds global  13193
----------------------------------------after load_block_subtensor
 Nvidia-smi: 1.525390625 GB
    Memory Allocated: 0.18163061141967773  GigaBytes
Max Memory Allocated: 0.18163061141967773  GigaBytes

----------------------------------------after blocks to device
 Nvidia-smi: 1.634765625 GB
    Memory Allocated: 0.19082117080688477  GigaBytes
Max Memory Allocated: 0.19082117080688477  GigaBytes

----------------------------------------after model forward
 Nvidia-smi: 9.38671875 GB
    Memory Allocated: 7.73599910736084  GigaBytes
Max Memory Allocated: 7.829929351806641  GigaBytes

----------------------------------------after loss_fcn calculation
 Nvidia-smi: 9.38671875 GB
    Memory Allocated: 7.73831033706665  GigaBytes
Max Memory Allocated: 7.829929351806641  GigaBytes

----------------------------------------after loss backward
 Nvidia-smi: 9.65234375 GB
    Memory Allocated: 0.20547151565551758  GigaBytes
Max Memory Allocated: 7.829929351806641  GigaBytes

---------------------------------------- batch 0
 Nvidia-smi: 9.65234375 GB
    Memory Allocated: 0.20547151565551758  GigaBytes
Max Memory Allocated: 7.829929351806641  GigaBytes

batch 1
src global  895962
seeds global  10787
----------------------------------------after load_block_subtensor
 Nvidia-smi: 9.65234375 GB
    Memory Allocated: 0.34250783920288086  GigaBytes
Max Memory Allocated: 7.829929351806641  GigaBytes

----------------------------------------after blocks to device
 Nvidia-smi: 9.65234375 GB
    Memory Allocated: 0.3616046905517578  GigaBytes
Max Memory Allocated: 7.829929351806641  GigaBytes

----------------------------------------after model forward
 Nvidia-smi: 21.107421875 GB
    Memory Allocated: 15.163301944732666  GigaBytes
Max Memory Allocated: 15.418817043304443  GigaBytes

----------------------------------------after loss_fcn calculation
 Nvidia-smi: 21.107421875 GB
    Memory Allocated: 15.165612697601318  GigaBytes
Max Memory Allocated: 15.418817043304443  GigaBytes

----------------------------------------after loss backward
 Nvidia-smi: 21.107421875 GB
    Memory Allocated: 0.38416481018066406  GigaBytes
Max Memory Allocated: 15.418817043304443  GigaBytes

---------------------------------------- batch 1
 Nvidia-smi: 21.107421875 GB
    Memory Allocated: 0.38416481018066406  GigaBytes
Max Memory Allocated: 15.418817043304443  GigaBytes

batch 2
src global  894806
seeds global  10787
----------------------------------------after load_block_subtensor
 Nvidia-smi: 21.107421875 GB
    Memory Allocated: 0.35024309158325195  GigaBytes
Max Memory Allocated: 15.418817043304443  GigaBytes

----------------------------------------after blocks to device
 Nvidia-smi: 21.107421875 GB
    Memory Allocated: 0.3685789108276367  GigaBytes
Max Memory Allocated: 15.418817043304443  GigaBytes

----------------------------------------after model forward
 Nvidia-smi: 21.107421875 GB
    Memory Allocated: 15.172884941101074  GigaBytes
Max Memory Allocated: 15.428304672241211  GigaBytes

----------------------------------------after loss_fcn calculation
 Nvidia-smi: 21.107421875 GB
    Memory Allocated: 15.175169944763184  GigaBytes
Max Memory Allocated: 15.428304672241211  GigaBytes

----------------------------------------after loss backward
 Nvidia-smi: 21.107421875 GB
    Memory Allocated: 0.3910794258117676  GigaBytes
Max Memory Allocated: 15.428304672241211  GigaBytes

---------------------------------------- batch 2
 Nvidia-smi: 21.107421875 GB
    Memory Allocated: 0.3910794258117676  GigaBytes
Max Memory Allocated: 15.428304672241211  GigaBytes

batch 3
src global  895257
seeds global  10787
----------------------------------------after load_block_subtensor
 Nvidia-smi: 21.107421875 GB
    Memory Allocated: 0.3573288917541504  GigaBytes
Max Memory Allocated: 15.428304672241211  GigaBytes

----------------------------------------after blocks to device
 Nvidia-smi: 21.107421875 GB
    Memory Allocated: 0.37638139724731445  GigaBytes
Max Memory Allocated: 15.428304672241211  GigaBytes

----------------------------------------after model forward
 Nvidia-smi: 21.107421875 GB
    Memory Allocated: 15.185502052307129  GigaBytes
Max Memory Allocated: 15.440403461456299  GigaBytes

----------------------------------------after loss_fcn calculation
 Nvidia-smi: 21.107421875 GB
    Memory Allocated: 15.187822818756104  GigaBytes
Max Memory Allocated: 15.440403461456299  GigaBytes

----------------------------------------after loss backward
 Nvidia-smi: 21.107421875 GB
    Memory Allocated: 0.39964914321899414  GigaBytes
Max Memory Allocated: 15.440403461456299  GigaBytes

---------------------------------------- batch 3
 Nvidia-smi: 21.107421875 GB
    Memory Allocated: 0.39964914321899414  GigaBytes
Max Memory Allocated: 15.440403461456299  GigaBytes

batch 4
src global  893787
seeds global  10787
----------------------------------------after load_block_subtensor
 Nvidia-smi: 21.107421875 GB
    Memory Allocated: 0.3651700019836426  GigaBytes
Max Memory Allocated: 15.440403461456299  GigaBytes

----------------------------------------after blocks to device
 Nvidia-smi: 21.107421875 GB
    Memory Allocated: 0.3845539093017578  GigaBytes
Max Memory Allocated: 15.440403461456299  GigaBytes

----------------------------------------after model forward
 Nvidia-smi: 21.107421875 GB
    Memory Allocated: 15.185468196868896  GigaBytes
Max Memory Allocated: 15.441073894500732  GigaBytes

----------------------------------------after loss_fcn calculation
 Nvidia-smi: 21.107421875 GB
    Memory Allocated: 15.187509059906006  GigaBytes
Max Memory Allocated: 15.441073894500732  GigaBytes

----------------------------------------after loss backward
 Nvidia-smi: 21.107421875 GB
    Memory Allocated: 0.4080190658569336  GigaBytes
Max Memory Allocated: 15.441073894500732  GigaBytes

---------------------------------------- batch 4
 Nvidia-smi: 21.107421875 GB
    Memory Allocated: 0.4080190658569336  GigaBytes
Max Memory Allocated: 15.441073894500732  GigaBytes

batch 5
src global  899283
seeds global  10787
----------------------------------------after load_block_subtensor
 Nvidia-smi: 21.107421875 GB
    Memory Allocated: 0.37616634368896484  GigaBytes
Max Memory Allocated: 15.441073894500732  GigaBytes

----------------------------------------after blocks to device
 Nvidia-smi: 21.107421875 GB
    Memory Allocated: 0.39519643783569336  GigaBytes
Max Memory Allocated: 15.441073894500732  GigaBytes

----------------------------------------after model forward
 Nvidia-smi: 17.154296875 GB
    Memory Allocated: 15.229976177215576  GigaBytes
Max Memory Allocated: 15.485002517700195  GigaBytes

----------------------------------------after loss_fcn calculation
 Nvidia-smi: 17.154296875 GB
    Memory Allocated: 15.23195219039917  GigaBytes
Max Memory Allocated: 15.485002517700195  GigaBytes

----------------------------------------after loss backward
 Nvidia-smi: 17.154296875 GB
    Memory Allocated: 0.41889381408691406  GigaBytes
Max Memory Allocated: 15.485002517700195  GigaBytes

---------------------------------------- batch 5
 Nvidia-smi: 17.154296875 GB
    Memory Allocated: 0.41889381408691406  GigaBytes
Max Memory Allocated: 15.485002517700195  GigaBytes

batch 6
src global  900971
seeds global  10787
----------------------------------------after load_block_subtensor
 Nvidia-smi: 17.154296875 GB
    Memory Allocated: 0.38573646545410156  GigaBytes
Max Memory Allocated: 15.485002517700195  GigaBytes

----------------------------------------after blocks to device
 Nvidia-smi: 17.154296875 GB
    Memory Allocated: 0.404116153717041  GigaBytes
Max Memory Allocated: 15.485002517700195  GigaBytes

----------------------------------------after model forward
 Nvidia-smi: 17.154296875 GB
    Memory Allocated: 15.233014106750488  GigaBytes
Max Memory Allocated: 15.488682270050049  GigaBytes

----------------------------------------after loss_fcn calculation
 Nvidia-smi: 17.154296875 GB
    Memory Allocated: 15.235853672027588  GigaBytes
Max Memory Allocated: 15.488682270050049  GigaBytes

----------------------------------------after loss backward
 Nvidia-smi: 17.154296875 GB
    Memory Allocated: 0.427126407623291  GigaBytes
Max Memory Allocated: 15.488682270050049  GigaBytes

---------------------------------------- batch 6
 Nvidia-smi: 17.154296875 GB
    Memory Allocated: 0.427126407623291  GigaBytes
Max Memory Allocated: 15.488682270050049  GigaBytes

batch 7
src global  898796
seeds global  10787
----------------------------------------after load_block_subtensor
 Nvidia-smi: 17.154296875 GB
    Memory Allocated: 0.3925337791442871  GigaBytes
Max Memory Allocated: 15.488682270050049  GigaBytes

----------------------------------------after blocks to device
 Nvidia-smi: 17.154296875 GB
    Memory Allocated: 0.41091251373291016  GigaBytes
Max Memory Allocated: 15.488682270050049  GigaBytes

----------------------------------------after model forward
 Nvidia-smi: 17.15625 GB
    Memory Allocated: 15.23997974395752  GigaBytes
Max Memory Allocated: 15.494994640350342  GigaBytes

----------------------------------------after loss_fcn calculation
 Nvidia-smi: 17.15625 GB
    Memory Allocated: 15.24194860458374  GigaBytes
Max Memory Allocated: 15.494994640350342  GigaBytes

----------------------------------------after loss backward
 Nvidia-smi: 17.15625 GB
    Memory Allocated: 0.43466806411743164  GigaBytes
Max Memory Allocated: 15.494994640350342  GigaBytes

---------------------------------------- batch 7
 Nvidia-smi: 17.15625 GB
    Memory Allocated: 0.43466806411743164  GigaBytes
Max Memory Allocated: 15.494994640350342  GigaBytes

batch 8
src global  894031
seeds global  10787
----------------------------------------after load_block_subtensor
 Nvidia-smi: 17.15625 GB
    Memory Allocated: 0.399111270904541  GigaBytes
Max Memory Allocated: 15.494994640350342  GigaBytes

----------------------------------------after blocks to device
 Nvidia-smi: 17.15625 GB
    Memory Allocated: 0.41747283935546875  GigaBytes
Max Memory Allocated: 15.494994640350342  GigaBytes

----------------------------------------after model forward
 Nvidia-smi: 17.15625 GB
    Memory Allocated: 15.221301078796387  GigaBytes
Max Memory Allocated: 15.494994640350342  GigaBytes

----------------------------------------after loss_fcn calculation
 Nvidia-smi: 17.15625 GB
    Memory Allocated: 15.223310947418213  GigaBytes
Max Memory Allocated: 15.494994640350342  GigaBytes

----------------------------------------after loss backward
 Nvidia-smi: 17.15625 GB
    Memory Allocated: 0.44122982025146484  GigaBytes
Max Memory Allocated: 15.494994640350342  GigaBytes

---------------------------------------- batch 8
 Nvidia-smi: 17.15625 GB
    Memory Allocated: 0.44122982025146484  GigaBytes
Max Memory Allocated: 15.494994640350342  GigaBytes

batch 9
src global  897874
seeds global  10787
----------------------------------------after load_block_subtensor
 Nvidia-smi: 17.15625 GB
    Memory Allocated: 0.40889883041381836  GigaBytes
Max Memory Allocated: 15.494994640350342  GigaBytes

----------------------------------------after blocks to device
 Nvidia-smi: 17.15625 GB
    Memory Allocated: 0.4273557662963867  GigaBytes
Max Memory Allocated: 15.494994640350342  GigaBytes

----------------------------------------after model forward
 Nvidia-smi: 17.23828125 GB
    Memory Allocated: 15.247819900512695  GigaBytes
Max Memory Allocated: 15.502988815307617  GigaBytes

----------------------------------------after loss_fcn calculation
 Nvidia-smi: 17.23828125 GB
    Memory Allocated: 15.249975681304932  GigaBytes
Max Memory Allocated: 15.502988815307617  GigaBytes

----------------------------------------after loss backward
 Nvidia-smi: 17.23828125 GB
    Memory Allocated: 0.45085763931274414  GigaBytes
Max Memory Allocated: 15.502988815307617  GigaBytes

---------------------------------------- batch 9
 Nvidia-smi: 17.23828125 GB
    Memory Allocated: 0.45085763931274414  GigaBytes
Max Memory Allocated: 15.502988815307617  GigaBytes

batch 10
src global  897574
seeds global  10787
----------------------------------------after load_block_subtensor
 Nvidia-smi: 17.23828125 GB
    Memory Allocated: 0.4172043800354004  GigaBytes
Max Memory Allocated: 15.502988815307617  GigaBytes

----------------------------------------after blocks to device
 Nvidia-smi: 17.23828125 GB
    Memory Allocated: 0.4355769157409668  GigaBytes
Max Memory Allocated: 15.502988815307617  GigaBytes

----------------------------------------after model forward
 Nvidia-smi: 17.32421875 GB
    Memory Allocated: 15.251283645629883  GigaBytes
Max Memory Allocated: 15.506755828857422  GigaBytes

----------------------------------------after loss_fcn calculation
 Nvidia-smi: 17.32421875 GB
    Memory Allocated: 15.253329277038574  GigaBytes
Max Memory Allocated: 15.506755828857422  GigaBytes

----------------------------------------after loss backward
 Nvidia-smi: 17.32421875 GB
    Memory Allocated: 0.4590425491333008  GigaBytes
Max Memory Allocated: 15.506755828857422  GigaBytes

---------------------------------------- batch 10
 Nvidia-smi: 17.32421875 GB
    Memory Allocated: 0.4590425491333008  GigaBytes
Max Memory Allocated: 15.506755828857422  GigaBytes

batch 11
src global  898039
seeds global  10787
----------------------------------------after load_block_subtensor
 Nvidia-smi: 17.32421875 GB
    Memory Allocated: 0.42567873001098633  GigaBytes
Max Memory Allocated: 15.506755828857422  GigaBytes

----------------------------------------after blocks to device
 Nvidia-smi: 17.32421875 GB
    Memory Allocated: 0.44405126571655273  GigaBytes
Max Memory Allocated: 15.506755828857422  GigaBytes

----------------------------------------after model forward
 Nvidia-smi: 17.326171875 GB
    Memory Allocated: 15.24304723739624  GigaBytes
Max Memory Allocated: 15.506755828857422  GigaBytes

----------------------------------------after loss_fcn calculation
 Nvidia-smi: 17.326171875 GB
    Memory Allocated: 15.245092868804932  GigaBytes
Max Memory Allocated: 15.506755828857422  GigaBytes

----------------------------------------after loss backward
 Nvidia-smi: 17.326171875 GB
    Memory Allocated: 0.46767330169677734  GigaBytes
Max Memory Allocated: 15.506755828857422  GigaBytes

---------------------------------------- batch 11
 Nvidia-smi: 17.326171875 GB
    Memory Allocated: 0.46767330169677734  GigaBytes
Max Memory Allocated: 15.506755828857422  GigaBytes

batch 12
src global  900564
seeds global  10787
----------------------------------------after load_block_subtensor
 Nvidia-smi: 17.326171875 GB
    Memory Allocated: 0.4351024627685547  GigaBytes
Max Memory Allocated: 15.506755828857422  GigaBytes

----------------------------------------after blocks to device
 Nvidia-smi: 17.326171875 GB
    Memory Allocated: 0.4539794921875  GigaBytes
Max Memory Allocated: 15.506755828857422  GigaBytes

----------------------------------------after model forward
 Nvidia-smi: 18.1328125 GB
    Memory Allocated: 15.284314155578613  GigaBytes
Max Memory Allocated: 15.53948163986206  GigaBytes

----------------------------------------after loss_fcn calculation
 Nvidia-smi: 18.1328125 GB
    Memory Allocated: 15.286542892456055  GigaBytes
Max Memory Allocated: 15.53948163986206  GigaBytes

----------------------------------------after loss backward
 Nvidia-smi: 18.1328125 GB
    Memory Allocated: 0.47718095779418945  GigaBytes
Max Memory Allocated: 15.53948163986206  GigaBytes

---------------------------------------- batch 12
 Nvidia-smi: 18.1328125 GB
    Memory Allocated: 0.47718095779418945  GigaBytes
Max Memory Allocated: 15.53948163986206  GigaBytes

batch 13
src global  895648
seeds global  10787
----------------------------------------after load_block_subtensor
 Nvidia-smi: 18.1328125 GB
    Memory Allocated: 0.44178152084350586  GigaBytes
Max Memory Allocated: 15.53948163986206  GigaBytes

----------------------------------------after blocks to device
 Nvidia-smi: 18.1328125 GB
    Memory Allocated: 0.4604778289794922  GigaBytes
Max Memory Allocated: 15.53948163986206  GigaBytes

----------------------------------------after model forward
 Nvidia-smi: 18.1328125 GB
    Memory Allocated: 15.268398761749268  GigaBytes
Max Memory Allocated: 15.53948163986206  GigaBytes

----------------------------------------after loss_fcn calculation
 Nvidia-smi: 18.1328125 GB
    Memory Allocated: 15.270370960235596  GigaBytes
Max Memory Allocated: 15.53948163986206  GigaBytes

----------------------------------------after loss backward
 Nvidia-smi: 18.1328125 GB
    Memory Allocated: 0.48470163345336914  GigaBytes
Max Memory Allocated: 15.53948163986206  GigaBytes

---------------------------------------- batch 13
 Nvidia-smi: 18.1328125 GB
    Memory Allocated: 0.48470163345336914  GigaBytes
Max Memory Allocated: 15.53948163986206  GigaBytes

batch 14
src global  898166
seeds global  10787
----------------------------------------after load_block_subtensor
 Nvidia-smi: 18.1328125 GB
    Memory Allocated: 0.45136213302612305  GigaBytes
Max Memory Allocated: 15.53948163986206  GigaBytes

----------------------------------------after blocks to device
 Nvidia-smi: 18.1328125 GB
    Memory Allocated: 0.46973466873168945  GigaBytes
Max Memory Allocated: 15.53948163986206  GigaBytes

----------------------------------------after model forward
 Nvidia-smi: 18.134765625 GB
    Memory Allocated: 15.264866828918457  GigaBytes
Max Memory Allocated: 15.53948163986206  GigaBytes

----------------------------------------after loss_fcn calculation
 Nvidia-smi: 18.134765625 GB
    Memory Allocated: 15.266825675964355  GigaBytes
Max Memory Allocated: 15.53948163986206  GigaBytes

----------------------------------------after loss backward
 Nvidia-smi: 18.134765625 GB
    Memory Allocated: 0.4926276206970215  GigaBytes
Max Memory Allocated: 15.53948163986206  GigaBytes

---------------------------------------- batch 14
 Nvidia-smi: 18.134765625 GB
    Memory Allocated: 0.4926276206970215  GigaBytes
Max Memory Allocated: 15.53948163986206  GigaBytes

batch 15
src global  898072
seeds global  10787
----------------------------------------after load_block_subtensor
 Nvidia-smi: 18.134765625 GB
    Memory Allocated: 0.45908689498901367  GigaBytes
Max Memory Allocated: 15.53948163986206  GigaBytes

----------------------------------------after blocks to device
 Nvidia-smi: 18.134765625 GB
    Memory Allocated: 0.47826385498046875  GigaBytes
Max Memory Allocated: 15.53948163986206  GigaBytes

----------------------------------------after model forward
 Nvidia-smi: 18.134765625 GB
    Memory Allocated: 15.296382904052734  GigaBytes
Max Memory Allocated: 15.551908016204834  GigaBytes

----------------------------------------after loss_fcn calculation
 Nvidia-smi: 18.134765625 GB
    Memory Allocated: 15.29851484298706  GigaBytes
Max Memory Allocated: 15.551908016204834  GigaBytes

----------------------------------------after loss backward
 Nvidia-smi: 18.134765625 GB
    Memory Allocated: 0.5013790130615234  GigaBytes
Max Memory Allocated: 15.551908016204834  GigaBytes

---------------------------------------- batch 15
 Nvidia-smi: 18.134765625 GB
    Memory Allocated: 0.5013790130615234  GigaBytes
Max Memory Allocated: 15.551908016204834  GigaBytes

batch 16
src global  893012
seeds global  10787
----------------------------------------after load_block_subtensor
 Nvidia-smi: 18.134765625 GB
    Memory Allocated: 0.4659547805786133  GigaBytes
Max Memory Allocated: 15.551908016204834  GigaBytes

----------------------------------------after blocks to device
 Nvidia-smi: 18.134765625 GB
    Memory Allocated: 0.4844493865966797  GigaBytes
Max Memory Allocated: 15.551908016204834  GigaBytes

----------------------------------------after model forward
 Nvidia-smi: 18.134765625 GB
    Memory Allocated: 15.260704040527344  GigaBytes
Max Memory Allocated: 15.551908016204834  GigaBytes

----------------------------------------after loss_fcn calculation
 Nvidia-smi: 18.134765625 GB
    Memory Allocated: 15.263081550598145  GigaBytes
Max Memory Allocated: 15.551908016204834  GigaBytes

----------------------------------------after loss backward
 Nvidia-smi: 18.134765625 GB
    Memory Allocated: 0.5076713562011719  GigaBytes
Max Memory Allocated: 15.551908016204834  GigaBytes

---------------------------------------- batch 16
 Nvidia-smi: 18.134765625 GB
    Memory Allocated: 0.5076713562011719  GigaBytes
Max Memory Allocated: 15.551908016204834  GigaBytes

batch 17
src global  895331
seeds global  10786
----------------------------------------after load_block_subtensor
 Nvidia-smi: 18.134765625 GB
    Memory Allocated: 0.47505712509155273  GigaBytes
Max Memory Allocated: 15.551908016204834  GigaBytes

----------------------------------------after blocks to device
 Nvidia-smi: 18.134765625 GB
    Memory Allocated: 0.49342966079711914  GigaBytes
Max Memory Allocated: 15.551908016204834  GigaBytes

----------------------------------------after model forward
 Nvidia-smi: 18.13671875 GB
    Memory Allocated: 15.272290706634521  GigaBytes
Max Memory Allocated: 15.551908016204834  GigaBytes

----------------------------------------after loss_fcn calculation
 Nvidia-smi: 18.13671875 GB
    Memory Allocated: 15.274384021759033  GigaBytes
Max Memory Allocated: 15.551908016204834  GigaBytes

----------------------------------------after loss backward
 Nvidia-smi: 18.13671875 GB
    Memory Allocated: 0.515627384185791  GigaBytes
Max Memory Allocated: 15.551908016204834  GigaBytes

---------------------------------------- batch 17
 Nvidia-smi: 18.13671875 GB
    Memory Allocated: 0.515627384185791  GigaBytes
Max Memory Allocated: 15.551908016204834  GigaBytes

----------------------------------------after optimizer
 Nvidia-smi: 18.13671875 GB
    Memory Allocated: 0.5174965858459473  GigaBytes
Max Memory Allocated: 15.551908016204834  GigaBytes

----------------------------------------------------------pseudo_mini_loss sum 5.208665370941162
---------------------------------------- batch 17 after optimizer
 Nvidia-smi: 18.13671875 GB
    Memory Allocated: 0.5174965858459473  GigaBytes
Max Memory Allocated: 15.551908016204834  GigaBytes

