main start at this time 1699509369.0537543
success----------------------------------------
153431
23831
55703
# Nodes: 232965
# Edges: 114615892
# Train: 153431
# Val: 23831
# Test: 55703
# Classes: 41

#nodes: 232965
#edges: 114615892
#classes: 41
in feats:  602
self._in_src_feats,  602
self._in_dst_feats 602
Epoch 1, Learning Rate: 0.001
---||-----||-----||-----||-----||-----||-----||-----||-----||-----||-----||-----||-----||-----||-----||-----||-----||-----||-----||-----||--
self.K  180
G_BUCKET_ID_list [[23], [5, 1], [22], [6, 2], [21], [0, 3], [20], [18], [19], [16], [17], [14], [15], [12], [13], [11], [10], [9], [8], [7], [4]]
Groups_mem_list  [[2593], [1427, 1151], [2518], [1482, 996], [2474], [1339, 1133], [2454], [2338], [2277], [2199], [2177], [2164], [2137], [2075], [2026], [1915], [1872], [1678], [1611], [1609], [1273], [1273]]
G_BUCKET_ID_list length 21
backpack scheduling spend  0.4213993549346924
21
180
current group_mem  2.593600036529913
current group_mem  2.578288437755119
current group_mem  2.518576996875674
current group_mem  2.4788913927468563
current group_mem  2.4747481289605364
current group_mem  2.472064271284017
current group_mem  2.454792454762997
current group_mem  2.3384675421966064
current group_mem  2.2770233221822953
current group_mem  2.1997352567082333
current group_mem  2.1771046663129945
current group_mem  2.1645393796554804
current group_mem  2.1370398432040925
current group_mem  2.0752913576516465
current group_mem  2.0264824781498296
current group_mem  1.915525670833232
current group_mem  1.8729928371372757
current group_mem  1.6784923510901304
current group_mem  1.6116104018773965
current group_mem  1.6097993905165318
current group_mem  1.273968707844615
batches output list generation spend  0.001222372055053711
bkt_dst_nodes_list = self.get_in_degree_bucketing() spend:  0.021440744400024414
self.gen_batches_seeds_list(bkt_dst_nodes_list_local) spend  0.4236001968383789
num_output  153431
self.output_nids  153431
output nodes length match
global output equals  True
partition total batch output list spend :  6.174774885177612
self.buckets_partition() spend  sec:  0.44506120681762695
check connections block*********************************

the find indices time spent  0.07600569725036621

in edges time spent  1.1563005447387695
local to global src and eids time spent  2.340695858001709
time gen tails  0.5114595890045166
res  length 180

block_gen_time in "generate_blocks_for_one_layer_block"  2.3561906814575195

----------------------------------------
check connections block*********************************

the find indices time spent  1.0273852348327637

in edges time spent  8.430580615997314
local to global src and eids time spent  18.13923931121826
time gen tails  3.245422124862671
res  length 180

block_gen_time in "generate_blocks_for_one_layer_block"  19.459195613861084

block collection to dataloader spend  0.0004410743713378906
step  0
step  1
step  2
step  3
step  4
step  5
step  6
step  7
step  8
step  9
step  10
step  11
step  12
step  13
step  14
step  15
step  16
step  17
step  18
step  19
step  20
step  21
step  22
step  23
step  24
step  25
step  26
step  27
step  28
step  29
step  30
step  31
step  32
step  33
step  34
step  35
step  36
step  37
step  38
step  39
step  40
step  41
step  42
step  43
step  44
step  45
step  46
step  47
step  48
step  49
step  50
step  51
step  52
step  53
step  54
step  55
step  56
step  57
step  58
step  59
step  60
step  61
step  62
step  63
step  64
step  65
step  66
step  67
step  68
step  69
step  70
step  71
step  72
step  73
step  74
step  75
step  76
step  77
step  78
step  79
step  80
step  81
step  82
step  83
step  84
step  85
step  86
step  87
step  88
step  89
step  90
step  91
step  92
step  93
step  94
step  95
step  96
step  97
step  98
step  99
step  100
step  101
step  102
step  103
step  104
step  105
step  106
step  107
step  108
step  109
step  110
step  111
step  112
step  113
step  114
step  115
step  116
step  117
step  118
step  119
step  120
step  121
step  122
step  123
step  124
step  125
step  126
step  127
step  128
step  129
step  130
step  131
step  132
step  133
step  134
step  135
step  136
step  137
step  138
step  139
step  140
step  141
step  142
step  143
step  144
step  145
step  146
step  147
step  148
step  149
step  150
step  151
step  152
step  153
step  154
step  155
step  156
step  157
step  158
step  159
step  160
step  161
step  162
step  163
step  164
step  165
step  166
step  167
step  168
step  169
step  170
step  171
step  172
step  173
step  174
step  175
step  176
step  177
step  178
step  179
-----------------------------------------after optimizer zero grad
 Nvidia-smi: 23.552734375 GB
    Memory Allocated: 1.2624635696411133  GigaBytes
Max Memory Allocated: 18.78594970703125  GigaBytes

----------------------------------------------------------pseudo_mini_loss sum 3.7339024543762207
Epoch 2, Learning Rate: 0.001
---||-----||-----||-----||-----||-----||-----||-----||-----||-----||-----||-----||-----||-----||-----||-----||-----||-----||-----||-----||--
self.K  180
G_BUCKET_ID_list [[23], [5, 1], [22], [6, 2], [21], [0, 3], [20], [18], [19], [16], [17], [14], [15], [12], [13], [11], [10], [9], [8], [7], [4]]
Groups_mem_list  [[2593], [1427, 1151], [2518], [1482, 996], [2474], [1339, 1133], [2454], [2338], [2277], [2199], [2177], [2164], [2137], [2075], [2026], [1915], [1872], [1678], [1611], [1609], [1273], [1273]]
G_BUCKET_ID_list length 21
backpack scheduling spend  0.48703575134277344
21
180
current group_mem  2.593600036529913
current group_mem  2.578288437755119
current group_mem  2.518576996875674
current group_mem  2.4788913927468563
current group_mem  2.4747481289605364
current group_mem  2.472064271284017
current group_mem  2.454792454762997
current group_mem  2.3384675421966064
current group_mem  2.2770233221822953
current group_mem  2.1997352567082333
current group_mem  2.1771046663129945
current group_mem  2.1645393796554804
current group_mem  2.1370398432040925
current group_mem  2.0752913576516465
current group_mem  2.0264824781498296
current group_mem  1.915525670833232
current group_mem  1.8729928371372757
current group_mem  1.6784923510901304
current group_mem  1.6116104018773965
current group_mem  1.6097993905165318
current group_mem  1.273968707844615
batches output list generation spend  0.0009324550628662109
bkt_dst_nodes_list = self.get_in_degree_bucketing() spend:  0.01955556869506836
self.gen_batches_seeds_list(bkt_dst_nodes_list_local) spend  0.4893062114715576
num_output  153431
self.output_nids  153431
output nodes length match
global output equals  True
partition total batch output list spend :  9.313148736953735
self.buckets_partition() spend  sec:  0.5088891983032227
check connections block*********************************

the find indices time spent  0.07039952278137207

in edges time spent  0.8164079189300537
local to global src and eids time spent  1.2233295440673828
time gen tails  0.27025890350341797
res  length 180

block_gen_time in "generate_blocks_for_one_layer_block"  2.0834288597106934

----------------------------------------
check connections block*********************************

the find indices time spent  0.6687860488891602

in edges time spent  8.814951181411743
local to global src and eids time spent  9.272183418273926
time gen tails  1.9864540100097656
res  length 180

block_gen_time in "generate_blocks_for_one_layer_block"  13.043751001358032

block collection to dataloader spend  0.0003464221954345703
step  0
step  1
step  2
step  3
step  4
step  5
step  6
step  7
step  8
step  9
step  10
step  11
step  12
step  13
step  14
step  15
step  16
step  17
step  18
step  19
step  20
step  21
step  22
step  23
step  24
step  25
step  26
step  27
step  28
step  29
step  30
step  31
step  32
step  33
step  34
step  35
step  36
step  37
step  38
step  39
step  40
step  41
step  42
step  43
step  44
step  45
step  46
step  47
step  48
step  49
step  50
step  51
step  52
step  53
step  54
step  55
step  56
step  57
step  58
step  59
step  60
step  61
step  62
step  63
step  64
step  65
step  66
step  67
step  68
step  69
step  70
step  71
step  72
step  73
