main start at this time 1690354663.55773
-----------------------------------------before load data 
 Nvidia-smi: 0.166015625 GB
    Memory Allocated: 0.0  GigaBytes
Max Memory Allocated: 0.0  GigaBytes

ogbn-arxiv
# Nodes: 169343
# Edges: 2315598
# Train: 90941
# Val: 29799
# Test: 48603
# Classes: 40

----------------------------------------start of run function 
 Nvidia-smi: 0.166015625 GB
    Memory Allocated: 0.0  GigaBytes
Max Memory Allocated: 0.0  GigaBytes

in feats:  128
len(bkt)  13428
len(bkt)  11706
len(bkt)  9277
len(bkt)  7320
len(bkt)  6222
len(bkt)  4868
len(bkt)  4045
len(bkt)  3472
len(bkt)  2976
len(bkt)  2599
len(bkt)  2203
len(bkt)  1937
len(bkt)  1656
len(bkt)  1434
len(bkt)  1289
len(bkt)  1111
len(bkt)  1030
len(bkt)  948
len(bkt)  836
len(bkt)  807
len(bkt)  717
len(bkt)  556
len(bkt)  519
len(bkt)  525
len(bkt)  483
len(bkt)  409
len(bkt)  390
len(bkt)  370
len(bkt)  329
len(bkt)  261
len(bkt)  300
len(bkt)  273
len(bkt)  261
len(bkt)  231
len(bkt)  200
len(bkt)  226
len(bkt)  196
len(bkt)  186
len(bkt)  200
len(bkt)  5145
---||-----||-----||-----||-----||-----||-----||-----||-----||-----||-----||-----||-----||-----||-----||-----||-----||-----||-----||-----||--
40
40
[0.14765617268338813, 0.12872081899253363, 0.10201119407088112, 0.08049174739666377, 0.06841798528716421, 0.05352921124685236, 0.04447938773490505, 0.038178599311641616, 0.03272451369569281, 0.028578968781957533, 0.02422449720148228, 0.02129952386712264, 0.01820960842744197, 0.01576846526869069, 0.014174024917254044, 0.012216711934111127, 0.011326024565377553, 0.010424341056289243, 0.009192773336558867, 0.00887388526627154, 0.007884232634345345, 0.006113854037232931, 0.005706996844107718, 0.005772973686236131, 0.00531113579133724, 0.0044974214050868145, 0.004288494738346841, 0.00406857193125213, 0.0036177301767079755, 0.0028699926325859624, 0.0032988421064206463, 0.0030019463168427882, 0.0028699926325859624, 0.0025401084219438975, 0.0021992280709470977, 0.00248512772017022, 0.0021552435095281556, 0.002045282105980801, 0.0021992280709470977, 0.05657514212511409]
bkt_dst_nodes_list = self.get_in_degree_bucketing() spend:  0.018500089645385742
self.gen_batches_seeds_list(bkt_dst_nodes_list_local) spend  0.00017189979553222656
len local_batched_seeds_list  40
partition total batch output list spend :  1.3921806812286377
self.buckets_partition() spend  sec:  0.01868128776550293
layer  0
 the number of batches:  40
check_connections_block*********************************

the find indices time spent  0.05276346206665039

in edges time spent  0.19813227653503418
local to global src and eids time spent  0.37805867195129395
time gen tails  0.09990572929382324
res  length 40
layer  1
num of batch  40
check_connections_block*********************************

the find indices time spent  0.14525938034057617

in edges time spent  1.8737523555755615
local to global src and eids time spent  3.862640619277954
time gen tails  0.47496724128723145
res  length 40
layer  2
num of batch  40
check_connections_block*********************************

the find indices time spent  0.4926421642303467

in edges time spent  7.751655578613281
local to global src and eids time spent  12.530345916748047
time gen tails  1.1863117218017578
res  length 40
layer  3
num of batch  40
check_connections_block*********************************

the find indices time spent  0.8655359745025635

in edges time spent  7.649593353271484
