main start at this time 1700898252.7677355
-----------------------------------------before load data 
 Nvidia-smi: 0.166015625 GB
    Memory Allocated: 0.0  GigaBytes
Max Memory Allocated: 0.0  GigaBytes

#nodes: 2449029
#edges: 123718024
#classes: 47
success----------------------------------------
196571
39255
2164782
# Nodes: 2400608
# Edges: 123718024
# Train: 196571
# Val: 39255
# Test: 2164782
# Classes: 47

----------------------------------------start of run function 
 Nvidia-smi: 0.166015625 GB
    Memory Allocated: 0.0  GigaBytes
Max Memory Allocated: 0.0  GigaBytes

self.num_batch (get_in_degree_bucketing) 25
---||-----||-----||-----||-----||-----||-----||-----||-----||-----||-----||-----||-----||-----||-----||-----||-----||-----||-----||-----||--
self.num_batch,  25
25
25
[0.0008800891281012967, 0.001124275706996454, 0.0019026204272247686, 0.0023197724995039962, 0.002263813075173856, 0.0027979712165070126, 0.00333212935784017, 0.0026046568415483465, 0.0029302389467418897, 0.003255821051935433, 0.003174425525637047, 0.0029658494894974335, 0.0031286405420942053, 0.003535618173586134, 0.0034236993249258537, 0.0031235533217005562, 0.0028284945388689074, 0.003072681117764065, 0.0029709367098910825, 0.002909890065167293, 0.0029811111506783806, 0.0030116344730402754, 0.003296518815084626, 0.0032812571539036785, 0.9328843013465873]
bkt_dst_nodes_list = self.get_in_degree_bucketing() spend:  0.02361154556274414
self.gen_batches_seeds_list(bkt_dst_nodes_list_local) spend  0.0001442432403564453
num_output  196571
self.output_nids  196571
output nodes length match
global output equals  True
partition total batch output list spend :  6.577703475952148
self.buckets_partition() spend  sec:  0.023766279220581055
check connections block*********************************

the find indices time spent  0.2725551128387451

in edges time spent  0.9271976947784424
local to global src and eids time spent  1.6596968173980713
time gen tails  0.20938444137573242
res  length 25

block_gen_time in "generate_blocks_for_one_layer_block"  3.0414445400238037

----------------------------------------
check connections block*********************************

the find indices time spent  0.7217979431152344

in edges time spent  2.7294750213623047
local to global src and eids time spent  4.4185802936553955
time gen tails  0.6776328086853027
res  length 25

block_gen_time in "generate_blocks_for_one_layer_block"  7.052835464477539

block collection to dataloader spend  3.838539123535156e-05
redundancy ratio #input/#seeds/degree
7.971098265895954
7.287330316742081
5.848484848484849
5.729714912280702
6.153707865168539
5.83939393939394
5.269574700109051
6.5068359375
5.997685185185185
5.83921875
6.02229020979021
5.887650085763293
6.147592245153221
5.4854059609455295
5.589796929172858
5.8645154723127035
6.390287769784173
5.792586460632818
6.059661139149243
5.7763986013986015
5.944742402080286
6.181664619164619
5.807098765432099
5.677260981912145
0.39540751889539644
layer  0
{1: 181, 2: 3, 3: 6, 4: 3, 5: 5, 6: 2, 7: 3, 9: 3, 10: 101}
layer  1
{1: 173}

layer  0
{1: 11, 2: 248, 3: 13, 4: 12, 5: 11, 6: 9, 7: 4, 8: 4, 9: 7, 10: 256}
layer  1
{2: 221}

layer  0
{1: 12, 2: 20, 3: 408, 4: 19, 5: 22, 6: 17, 7: 13, 8: 5, 9: 7, 10: 566}
layer  1
{3: 374}

layer  0
{1: 7, 2: 17, 3: 30, 4: 499, 5: 39, 6: 33, 7: 32, 8: 17, 9: 13, 10: 939}
layer  1
{4: 456}

layer  0
{1: 9, 2: 27, 3: 28, 4: 52, 5: 491, 6: 37, 7: 29, 8: 32, 9: 19, 10: 1302}
layer  1
{5: 445}

layer  0
{1: 9, 2: 26, 3: 35, 4: 32, 5: 61, 6: 616, 7: 44, 8: 28, 9: 34, 10: 1890}
layer  1
{6: 550}

layer  0
{1: 7, 2: 28, 3: 41, 4: 51, 5: 53, 6: 55, 7: 717, 8: 47, 9: 53, 10: 2442}
layer  1
{7: 655}

layer  0
{1: 12, 2: 18, 3: 20, 4: 45, 5: 68, 6: 50, 7: 53, 8: 580, 9: 46, 10: 2785}
layer  1
{8: 512}

layer  0
{1: 9, 2: 16, 3: 28, 4: 37, 5: 43, 6: 50, 7: 54, 8: 56, 9: 628, 10: 3299}
layer  1
{9: 576}

layer  0
{1: 6, 2: 22, 3: 52, 4: 36, 5: 57, 6: 57, 7: 84, 8: 69, 9: 53, 10: 4690}
layer  1
{10: 640}

layer  0
{1: 18, 2: 23, 3: 39, 4: 46, 5: 59, 6: 70, 7: 76, 8: 89, 9: 97, 10: 5246}
layer  1
{11: 624}

layer  0
{1: 21, 2: 35, 3: 38, 4: 49, 5: 59, 6: 61, 7: 74, 8: 83, 9: 72, 10: 5148}
layer  1
{12: 583}

layer  0
{1: 12, 2: 12, 3: 35, 4: 51, 5: 63, 6: 59, 7: 93, 8: 75, 9: 95, 10: 6258}
layer  1
{13: 615}

layer  0
{1: 12, 2: 29, 3: 39, 4: 43, 5: 66, 6: 68, 7: 61, 8: 93, 9: 85, 10: 6974}
layer  1
{14: 695}

layer  0
{1: 13, 2: 22, 3: 28, 4: 46, 5: 87, 6: 84, 7: 83, 8: 88, 9: 96, 10: 7226}
layer  1
{15: 673}

layer  0
{1: 12, 2: 20, 3: 46, 4: 56, 5: 69, 6: 83, 7: 107, 8: 87, 9: 106, 10: 7442}
layer  1
{16: 614}

layer  0
{1: 17, 2: 29, 3: 39, 4: 63, 5: 60, 6: 79, 7: 85, 8: 108, 9: 88, 10: 7835}
layer  1
{17: 556}

layer  0
{1: 11, 2: 33, 3: 43, 4: 65, 5: 73, 6: 72, 7: 79, 8: 104, 9: 96, 10: 8253}
layer  1
{18: 604}

layer  0
{1: 15, 2: 31, 3: 33, 4: 63, 5: 87, 6: 94, 7: 99, 8: 120, 9: 109, 10: 8898}
layer  1
{19: 584}

layer  0
{1: 14, 2: 43, 3: 50, 4: 60, 5: 83, 6: 75, 7: 92, 8: 73, 9: 104, 10: 8689}
layer  1
{20: 572}

layer  0
{1: 13, 2: 31, 3: 40, 4: 51, 5: 83, 6: 78, 7: 100, 8: 107, 9: 111, 10: 9765}
layer  1
{21: 586}

layer  0
{1: 17, 2: 31, 3: 40, 4: 61, 5: 76, 6: 99, 7: 105, 8: 104, 9: 125, 10: 10796}
layer  1
{22: 592}

layer  0
{1: 21, 2: 25, 3: 66, 4: 58, 5: 86, 6: 84, 7: 83, 8: 113, 9: 102, 10: 11629}
layer  1
{23: 648}

layer  0
{1: 15, 2: 39, 3: 54, 4: 66, 5: 94, 6: 116, 7: 110, 8: 133, 9: 111, 10: 11759}
layer  1
{24: 645}

layer  0
{1: 2742, 2: 4233, 3: 5892, 4: 7929, 5: 9458, 6: 10558, 7: 11706, 8: 12116, 9: 12397, 10: 1103205}
layer  1
{25: 183378}

data_dict
[[{1: 181, 2: 3, 3: 6, 4: 3, 5: 5, 6: 2, 7: 3, 9: 3, 10: 101}, {1: 173}], [{1: 11, 2: 248, 3: 13, 4: 12, 5: 11, 6: 9, 7: 4, 8: 4, 9: 7, 10: 256}, {2: 221}], [{1: 12, 2: 20, 3: 408, 4: 19, 5: 22, 6: 17, 7: 13, 8: 5, 9: 7, 10: 566}, {3: 374}], [{1: 7, 2: 17, 3: 30, 4: 499, 5: 39, 6: 33, 7: 32, 8: 17, 9: 13, 10: 939}, {4: 456}], [{1: 9, 2: 27, 3: 28, 4: 52, 5: 491, 6: 37, 7: 29, 8: 32, 9: 19, 10: 1302}, {5: 445}], [{1: 9, 2: 26, 3: 35, 4: 32, 5: 61, 6: 616, 7: 44, 8: 28, 9: 34, 10: 1890}, {6: 550}], [{1: 7, 2: 28, 3: 41, 4: 51, 5: 53, 6: 55, 7: 717, 8: 47, 9: 53, 10: 2442}, {7: 655}], [{1: 12, 2: 18, 3: 20, 4: 45, 5: 68, 6: 50, 7: 53, 8: 580, 9: 46, 10: 2785}, {8: 512}], [{1: 9, 2: 16, 3: 28, 4: 37, 5: 43, 6: 50, 7: 54, 8: 56, 9: 628, 10: 3299}, {9: 576}], [{1: 6, 2: 22, 3: 52, 4: 36, 5: 57, 6: 57, 7: 84, 8: 69, 9: 53, 10: 4690}, {10: 640}], [{1: 18, 2: 23, 3: 39, 4: 46, 5: 59, 6: 70, 7: 76, 8: 89, 9: 97, 10: 5246}, {11: 624}], [{1: 21, 2: 35, 3: 38, 4: 49, 5: 59, 6: 61, 7: 74, 8: 83, 9: 72, 10: 5148}, {12: 583}], [{1: 12, 2: 12, 3: 35, 4: 51, 5: 63, 6: 59, 7: 93, 8: 75, 9: 95, 10: 6258}, {13: 615}], [{1: 12, 2: 29, 3: 39, 4: 43, 5: 66, 6: 68, 7: 61, 8: 93, 9: 85, 10: 6974}, {14: 695}], [{1: 13, 2: 22, 3: 28, 4: 46, 5: 87, 6: 84, 7: 83, 8: 88, 9: 96, 10: 7226}, {15: 673}], [{1: 12, 2: 20, 3: 46, 4: 56, 5: 69, 6: 83, 7: 107, 8: 87, 9: 106, 10: 7442}, {16: 614}], [{1: 17, 2: 29, 3: 39, 4: 63, 5: 60, 6: 79, 7: 85, 8: 108, 9: 88, 10: 7835}, {17: 556}], [{1: 11, 2: 33, 3: 43, 4: 65, 5: 73, 6: 72, 7: 79, 8: 104, 9: 96, 10: 8253}, {18: 604}], [{1: 15, 2: 31, 3: 33, 4: 63, 5: 87, 6: 94, 7: 99, 8: 120, 9: 109, 10: 8898}, {19: 584}], [{1: 14, 2: 43, 3: 50, 4: 60, 5: 83, 6: 75, 7: 92, 8: 73, 9: 104, 10: 8689}, {20: 572}], [{1: 13, 2: 31, 3: 40, 4: 51, 5: 83, 6: 78, 7: 100, 8: 107, 9: 111, 10: 9765}, {21: 586}], [{1: 17, 2: 31, 3: 40, 4: 61, 5: 76, 6: 99, 7: 105, 8: 104, 9: 125, 10: 10796}, {22: 592}], [{1: 21, 2: 25, 3: 66, 4: 58, 5: 86, 6: 84, 7: 83, 8: 113, 9: 102, 10: 11629}, {23: 648}], [{1: 15, 2: 39, 3: 54, 4: 66, 5: 94, 6: 116, 7: 110, 8: 133, 9: 111, 10: 11759}, {24: 645}], [{1: 2742, 2: 4233, 3: 5892, 4: 7929, 5: 9458, 6: 10558, 7: 11706, 8: 12116, 9: 12397, 10: 1103205}, {25: 183378}]]
estimated_mem_dict
{0: 0.009168863296508789, 1: 0.02365332841873169, 2: 0.05214911699295044, 3: 0.08697518706321716, 4: 0.11663585901260376, 5: 0.16823485493659973, 6: 0.2195669710636139, 7: 0.23813804984092712, 8: 0.28106117248535156, 9: 0.34561604261398315, 10: 0.3879378139972687, 11: 0.3796044588088989, 12: 0.4577082395553589, 13: 0.5088593065738678, 14: 0.5290885269641876, 15: 0.5446203947067261, 16: 0.5689209401607513, 17: 0.6002853512763977, 18: 0.6476979553699493, 19: 0.6307871639728546, 20: 0.7069291770458221, 21: 0.7794276773929596, 22: 0.8375015258789062, 23: 0.852014422416687, 24: 86.90863475203514}

 MM estimated memory/GB degree 0: 0.009168863296508789 * 7.971098265895954*0.411
 MM estimated memory/GB degree 1: 0.02365332841873169 * 7.287330316742081*0.411
 MM estimated memory/GB degree 2: 0.05214911699295044 * 5.848484848484849*0.411
 MM estimated memory/GB degree 3: 0.08697518706321716 * 5.729714912280702*0.411
 MM estimated memory/GB degree 4: 0.11663585901260376 * 6.153707865168539*0.411
 MM estimated memory/GB degree 5: 0.16823485493659973 * 5.83939393939394*0.411
 MM estimated memory/GB degree 6: 0.2195669710636139 * 5.269574700109051*0.411
 MM estimated memory/GB degree 7: 0.23813804984092712 * 6.5068359375*0.411
 MM estimated memory/GB degree 8: 0.28106117248535156 * 5.997685185185185*0.411
 MM estimated memory/GB degree 9: 0.34561604261398315 * 5.83921875*0.411
 MM estimated memory/GB degree 10: 0.3879378139972687 * 6.02229020979021*0.411
 MM estimated memory/GB degree 11: 0.3796044588088989 * 5.887650085763293*0.411
 MM estimated memory/GB degree 12: 0.4577082395553589 * 6.147592245153221*0.411
 MM estimated memory/GB degree 13: 0.5088593065738678 * 5.4854059609455295*0.411
 MM estimated memory/GB degree 14: 0.5290885269641876 * 5.589796929172858*0.411
 MM estimated memory/GB degree 15: 0.5446203947067261 * 5.8645154723127035*0.411
 MM estimated memory/GB degree 16: 0.5689209401607513 * 6.390287769784173*0.411
 MM estimated memory/GB degree 17: 0.6002853512763977 * 5.792586460632818*0.411
 MM estimated memory/GB degree 18: 0.6476979553699493 * 6.059661139149243*0.411
 MM estimated memory/GB degree 19: 0.6307871639728546 * 5.7763986013986015*0.411
 MM estimated memory/GB degree 20: 0.7069291770458221 * 5.944742402080286*0.411
 MM estimated memory/GB degree 21: 0.7794276773929596 * 6.181664619164619*0.411
 MM estimated memory/GB degree 22: 0.8375015258789062 * 5.807098765432099*0.411
 MM estimated memory/GB degree 23: 0.852014422416687 * 5.677260981912145*0.411
 MM estimated memory/GB degree 24: 86.90863475203514 * 0.39540751889539644*0.411

modified_estimated_mem_list [:-1]
[0.030038309142768727, 0.07084391270112667, 0.12535225476460024, 0.20481898381526728, 0.29499237421925145, 0.4037621224400672, 0.47553709239121866, 0.6368548657451465, 0.6928294528722763, 0.8294504749726038, 0.9602086547889414, 0.9185760502540227, 1.1564732894776686, 1.147224248034353, 1.2155314409701379, 1.3127071745620997, 1.494218664138062, 1.429131172109469, 1.61310518345536, 1.497551695710478, 1.7272323720153804, 1.980263964077, 1.9988796256383259, 1.988051485165607]
sum [:-1] =  24.203634863461232

modified_estimated_mem_list [-1]
14.12373865917215
modified_mem [1, fanout-1]: 
[0.030038309142768727, 0.07084391270112667, 0.12535225476460024, 0.20481898381526728, 0.29499237421925145, 0.4037621224400672, 0.47553709239121866, 0.6368548657451465, 0.6928294528722763, 0.8294504749726038, 0.9602086547889414, 0.9185760502540227, 1.1564732894776686, 1.147224248034353, 1.2155314409701379, 1.3127071745620997, 1.494218664138062, 1.429131172109469, 1.61310518345536, 1.497551695710478, 1.7272323720153804, 1.980263964077, 1.9988796256383259, 1.988051485165607]

mem size of fanout degree bucket by formula (GB):  86.90863475203514
the modified memory estimation spend (sec) 0.3214111328125
the time of number of fanout blocks generation (sec) 30.269080638885498
the time dict collection (sec) 0.3204774856567383
the time estimate mem (sec) 0.0005164146423339844
