main start at this time 1701299124.1003134
ogbn-arxiv
# Nodes: 169343
# Edges: 2315598
# Train: 90941
# Val: 29799
# Test: 48603
# Classes: 40

in feats:  128
REG start----................................
Convert a graph into a bidirected graph: 1.228 seconds, peak memory: 26.975 GB
Construct multi-constraint weights: 0.000 seconds, peak memory: 26.975 GB
Metis partitioning: 5.879 seconds, peak memory: 28.473 GB
Split the graph: 3.713 seconds
Construct subgraphs: 0.137 seconds
REG metis partition end ----................................
REG construction  time spent:  3.122363328933716
pure dgl.metis_partition the time spent:  10.96256947517395

block_gen_time in "generate_blocks_for_one_layer_block"  0.6441526412963867


block_gen_time in "generate_blocks_for_one_layer_block"  1.147202491760254

connection checking time:  1.946631908416748
block generation total time  1.7913551330566406
epoch,  0
pure train time  1.296095609664917
-----------------------------------------after optimizer zero grad
 Nvidia-smi: 10.822265625 GB
    Memory Allocated: 0.08521270751953125  GigaBytes
Max Memory Allocated: 8.39088773727417  GigaBytes

----------------------------------------------------------pseudo_mini_loss sum 3.836169719696045
REG start----................................
Convert a graph into a bidirected graph: 1.355 seconds, peak memory: 43.220 GB
Construct multi-constraint weights: 0.000 seconds, peak memory: 43.220 GB
Metis partitioning: 6.355 seconds, peak memory: 44.970 GB
