main start at this time 1691284566.1767993
success----------------------------------------
153431
23831
55703
# Nodes: 232965
# Edges: 114615892
# Train: 153431
# Val: 23831
# Test: 55703
# Classes: 41

#nodes: 232965
#edges: 114615892
#classes: 41
in feats:  602
connection checking time:  0
block generation total time  0
pure train time  0.8075764179229736
-----------------------------------------after optimizer zero grad
 Nvidia-smi: 23.501953125 GB
    Memory Allocated: 0.44259071350097656  GigaBytes
Max Memory Allocated: 19.76113796234131  GigaBytes

----------------------------------------------------------pseudo_mini_loss sum 5.166555404663086
connection checking time:  0
block generation total time  0
pure train time  0.16304564476013184
-----------------------------------------after optimizer zero grad
 Nvidia-smi: 23.505859375 GB
    Memory Allocated: 0.44149208068847656  GigaBytes
Max Memory Allocated: 19.787600994110107  GigaBytes

----------------------------------------------------------pseudo_mini_loss sum 4.247234344482422
connection checking time:  0
block generation total time  0
pure train time  0.154768705368042
-----------------------------------------after optimizer zero grad
 Nvidia-smi: 23.505859375 GB
    Memory Allocated: 0.44258928298950195  GigaBytes
Max Memory Allocated: 19.787600994110107  GigaBytes

----------------------------------------------------------pseudo_mini_loss sum 3.7505767345428467
loading full batch data spends  0.06918883323669434
connection checking time:  0
block generation total time  0
generate_dataloader_block spend   3.397641181945801
pure train time  0.16245698928833008
-----------------------------------------after optimizer zero grad
 Nvidia-smi: 23.505859375 GB
    Memory Allocated: 0.44173288345336914  GigaBytes
Max Memory Allocated: 19.790102005004883  GigaBytes

----------------------------------------------------------pseudo_mini_loss sum 3.312314748764038
loading full batch data spends  0.05279111862182617
connection checking time:  0
block generation total time  0
generate_dataloader_block spend   3.728076696395874
pure train time  0.15787100791931152
-----------------------------------------after optimizer zero grad
 Nvidia-smi: 23.505859375 GB
    Memory Allocated: 0.44095420837402344  GigaBytes
Max Memory Allocated: 19.790102005004883  GigaBytes

----------------------------------------------------------pseudo_mini_loss sum 2.9403817653656006
Total (block generation + training)time/epoch 5.9111632108688354
pure train time/epoch 0.15787100791931152

num_input_list  [511092, 510724, 510946, 510971, 510142]
