main start at this time 1691286794.5705373
success----------------------------------------
153431
23831
55703
# Nodes: 232965
# Edges: 114615892
# Train: 153431
# Val: 23831
# Test: 55703
# Classes: 41

#nodes: 232965
#edges: 114615892
#classes: 41
in feats:  602
connection checking time:  0
block generation total time  0
pure train time  0.761934757232666
-----------------------------------------after optimizer zero grad
 Nvidia-smi: 21.484375 GB
    Memory Allocated: 0.3671269416809082  GigaBytes
Max Memory Allocated: 11.947283267974854  GigaBytes

----------------------------------------------------------pseudo_mini_loss sum 5.166554927825928
connection checking time:  0
block generation total time  0
pure train time  0.22443389892578125
-----------------------------------------after optimizer zero grad
 Nvidia-smi: 21.486328125 GB
    Memory Allocated: 0.36572837829589844  GigaBytes
Max Memory Allocated: 11.967856884002686  GigaBytes

----------------------------------------------------------pseudo_mini_loss sum 4.247235298156738
connection checking time:  0
block generation total time  0
pure train time  0.21386218070983887
-----------------------------------------after optimizer zero grad
 Nvidia-smi: 21.486328125 GB
    Memory Allocated: 0.36634397506713867  GigaBytes
Max Memory Allocated: 11.96904706954956  GigaBytes

----------------------------------------------------------pseudo_mini_loss sum 3.750576972961426
loading full batch data spends  0.05269956588745117
connection checking time:  0
block generation total time  0
generate_dataloader_block spend   3.7203500270843506
pure train time  0.2058885097503662
-----------------------------------------after optimizer zero grad
 Nvidia-smi: 21.486328125 GB
    Memory Allocated: 0.3654766082763672  GigaBytes
Max Memory Allocated: 11.975586891174316  GigaBytes

----------------------------------------------------------pseudo_mini_loss sum 3.3123154640197754
loading full batch data spends  0.05760598182678223
connection checking time:  0
block generation total time  0
generate_dataloader_block spend   3.499607563018799
pure train time  0.21143770217895508
-----------------------------------------after optimizer zero grad
 Nvidia-smi: 21.486328125 GB
    Memory Allocated: 0.3674197196960449  GigaBytes
Max Memory Allocated: 11.975586891174316  GigaBytes

----------------------------------------------------------pseudo_mini_loss sum 2.9403815269470215
Total (block generation + training)time/epoch 6.12373411655426
pure train time/epoch 0.21143770217895508

num_input_list  [696642, 696373, 696639, 696260, 696237]
