main start at this time 1689561564.7947075
success----------------------------------------
153431
23831
55703
# Nodes: 232965
# Edges: 114615892
# Train: 153431
# Val: 23831
# Test: 55703
# Classes: 41

#nodes: 232965
#edges: 114615892
#classes: 41
in feats:  602
REG start----................................
Convert a graph into a bidirected graph: 9.988 seconds, peak memory: 49.067 GB
Construct multi-constraint weights: 0.000 seconds, peak memory: 49.067 GB
Metis partitioning: 41.037 seconds, peak memory: 53.127 GB
Split the graph: 8.006 seconds
Construct subgraphs: 0.028 seconds
REG metis partition end ----................................
REG construction  time spent:  19.4581515789032
pure dgl.metis_partition the time spent:  59.13320279121399
connection checking time:  5.670332670211792
block generation total time  7.902568340301514
