main start at this time 1701294118.5908687
ogbn-arxiv
# Nodes: 169343
# Edges: 2315598
# Train: 90941
# Val: 29799
# Test: 48603
# Classes: 40

in feats:  128
Convert a graph into a bidirected graph: 0.029 seconds, peak memory: 23.012 GB
Construct multi-constraint weights: 0.000 seconds, peak memory: 23.012 GB
Metis partitioning: 0.143 seconds, peak memory: 23.012 GB
Split the graph: 0.079 seconds
Construct subgraphs: 0.007 seconds
22735
22736
22737
22733
metis partition time  0.28081321716308594
The batched output nid list before graph partition

block_gen_time in "generate_blocks_for_one_layer_block"  0.6757409572601318


block_gen_time in "generate_blocks_for_one_layer_block"  2.287407636642456

connection checking time:  3.2640268802642822
block generation total time  2.963148593902588
epoch,  0
pure train time  1.213658094406128
-----------------------------------------after optimizer zero grad
 Nvidia-smi: 8.81640625 GB
    Memory Allocated: 0.1052088737487793  GigaBytes
Max Memory Allocated: 6.797362327575684  GigaBytes

----------------------------------------------------------pseudo_mini_loss sum 4.018434524536133
Convert a graph into a bidirected graph: 0.013 seconds, peak memory: 32.240 GB
Construct multi-constraint weights: 0.000 seconds, peak memory: 32.240 GB
Metis partitioning: 0.137 seconds, peak memory: 32.240 GB
Split the graph: 0.067 seconds
Construct subgraphs: 0.007 seconds
22735
22736
22737
22733
metis partition time  0.24635934829711914
The batched output nid list before graph partition

block_gen_time in "generate_blocks_for_one_layer_block"  0.6703970432281494


block_gen_time in "generate_blocks_for_one_layer_block"  2.342247247695923

connection checking time:  3.2328672409057617
block generation total time  3.0126442909240723
epoch,  1
pure train time  0.8428866863250732
-----------------------------------------after optimizer zero grad
 Nvidia-smi: 11.126953125 GB
    Memory Allocated: 0.10537862777709961  GigaBytes
Max Memory Allocated: 6.825957298278809  GigaBytes

----------------------------------------------------------pseudo_mini_loss sum 3.8365535736083984
Convert a graph into a bidirected graph: 0.013 seconds, peak memory: 34.713 GB
Construct multi-constraint weights: 0.000 seconds, peak memory: 34.713 GB
Metis partitioning: 0.133 seconds, peak memory: 34.713 GB
Split the graph: 0.068 seconds
Construct subgraphs: 0.007 seconds
22735
22736
22737
22733
metis partition time  0.24070072174072266
The batched output nid list before graph partition

block_gen_time in "generate_blocks_for_one_layer_block"  0.6651592254638672


block_gen_time in "generate_blocks_for_one_layer_block"  2.2853591442108154

connection checking time:  3.2725648880004883
block generation total time  2.9505183696746826
epoch,  2
pure train time  0.8087925910949707
-----------------------------------------after optimizer zero grad
 Nvidia-smi: 11.126953125 GB
    Memory Allocated: 0.10533285140991211  GigaBytes
Max Memory Allocated: 6.825957298278809  GigaBytes

----------------------------------------------------------pseudo_mini_loss sum 3.6792736053466797
loading full batch data spends  0.051488637924194336
Convert a graph into a bidirected graph: 0.014 seconds, peak memory: 34.771 GB
Construct multi-constraint weights: 0.000 seconds, peak memory: 34.771 GB
Metis partitioning: 0.139 seconds, peak memory: 34.771 GB
Split the graph: 0.066 seconds
Construct subgraphs: 0.006 seconds
22735
22736
22737
22733
metis partition time  0.24783873558044434
The batched output nid list before graph partition

block_gen_time in "generate_blocks_for_one_layer_block"  0.664313793182373


block_gen_time in "generate_blocks_for_one_layer_block"  2.2901813983917236

connection checking time:  3.2220306396484375
block generation total time  2.9544951915740967
generate_dataloader_block spend   6.797947645187378
epoch,  3
pure train time  0.7780122756958008
-----------------------------------------after optimizer zero grad
 Nvidia-smi: 11.126953125 GB
    Memory Allocated: 0.10535240173339844  GigaBytes
Max Memory Allocated: 6.825957298278809  GigaBytes

----------------------------------------------------------pseudo_mini_loss sum 3.545616388320923
loading full batch data spends  0.03430533409118652
Convert a graph into a bidirected graph: 0.012 seconds, peak memory: 34.792 GB
Construct multi-constraint weights: 0.000 seconds, peak memory: 34.792 GB
Metis partitioning: 0.137 seconds, peak memory: 34.792 GB
Split the graph: 0.067 seconds
Construct subgraphs: 0.006 seconds
22735
22736
22737
22733
metis partition time  0.24297666549682617
The batched output nid list before graph partition

block_gen_time in "generate_blocks_for_one_layer_block"  0.6816725730895996


block_gen_time in "generate_blocks_for_one_layer_block"  2.2806713581085205

connection checking time:  3.1576287746429443
block generation total time  2.96234393119812
generate_dataloader_block spend   6.71990442276001
epoch,  4
pure train time  0.7852463722229004
-----------------------------------------after optimizer zero grad
 Nvidia-smi: 11.126953125 GB
    Memory Allocated: 0.10535049438476562  GigaBytes
Max Memory Allocated: 6.825957298278809  GigaBytes

----------------------------------------------------------pseudo_mini_loss sum 3.432225227355957
loading full batch data spends  0.03292989730834961
Convert a graph into a bidirected graph: 0.012 seconds, peak memory: 34.813 GB
Construct multi-constraint weights: 0.000 seconds, peak memory: 34.813 GB
Metis partitioning: 0.134 seconds, peak memory: 34.813 GB
Split the graph: 0.068 seconds
Construct subgraphs: 0.007 seconds
22735
22736
22737
22733
metis partition time  0.23983407020568848
The batched output nid list before graph partition

block_gen_time in "generate_blocks_for_one_layer_block"  0.6631288528442383


block_gen_time in "generate_blocks_for_one_layer_block"  2.2622158527374268

connection checking time:  3.189206123352051
block generation total time  2.925344705581665
generate_dataloader_block spend   6.722651481628418
epoch,  5
pure train time  0.798828125
-----------------------------------------after optimizer zero grad
 Nvidia-smi: 11.34375 GB
    Memory Allocated: 0.10559892654418945  GigaBytes
Max Memory Allocated: 6.825957298278809  GigaBytes

----------------------------------------------------------pseudo_mini_loss sum 3.3371410369873047
loading full batch data spends  0.05942344665527344
Convert a graph into a bidirected graph: 0.015 seconds, peak memory: 35.029 GB
Construct multi-constraint weights: 0.000 seconds, peak memory: 35.029 GB
Metis partitioning: 0.138 seconds, peak memory: 35.029 GB
Split the graph: 0.097 seconds
Construct subgraphs: 0.006 seconds
22735
22736
22737
22733
metis partition time  0.2760303020477295
The batched output nid list before graph partition

block_gen_time in "generate_blocks_for_one_layer_block"  0.6674838066101074


block_gen_time in "generate_blocks_for_one_layer_block"  2.2621023654937744

connection checking time:  3.2111611366271973
block generation total time  2.929586172103882
generate_dataloader_block spend   6.796701908111572
epoch,  6
pure train time  0.7596800327301025
-----------------------------------------after optimizer zero grad
 Nvidia-smi: 11.34375 GB
    Memory Allocated: 0.10543394088745117  GigaBytes
Max Memory Allocated: 6.825957298278809  GigaBytes

----------------------------------------------------------pseudo_mini_loss sum 3.2699804306030273
loading full batch data spends  0.043729305267333984
Convert a graph into a bidirected graph: 0.015 seconds, peak memory: 35.074 GB
Construct multi-constraint weights: 0.000 seconds, peak memory: 35.074 GB
Metis partitioning: 0.139 seconds, peak memory: 35.074 GB
Split the graph: 0.064 seconds
Construct subgraphs: 0.003 seconds
22735
22736
22737
22733
metis partition time  0.2354602813720703
The batched output nid list before graph partition

block_gen_time in "generate_blocks_for_one_layer_block"  0.6657724380493164


block_gen_time in "generate_blocks_for_one_layer_block"  2.2731451988220215

connection checking time:  3.210564613342285
block generation total time  2.938917636871338
generate_dataloader_block spend   6.7607433795928955
epoch,  7
pure train time  0.7787201404571533
-----------------------------------------after optimizer zero grad
 Nvidia-smi: 11.34375 GB
    Memory Allocated: 0.10556650161743164  GigaBytes
Max Memory Allocated: 6.825957298278809  GigaBytes

----------------------------------------------------------pseudo_mini_loss sum 3.224761962890625
loading full batch data spends  0.0336153507232666
Convert a graph into a bidirected graph: 0.013 seconds, peak memory: 35.081 GB
Construct multi-constraint weights: 0.000 seconds, peak memory: 35.081 GB
Metis partitioning: 0.134 seconds, peak memory: 35.081 GB
Split the graph: 0.079 seconds
Construct subgraphs: 0.004 seconds
22735
22736
22737
22733
metis partition time  0.24605727195739746
The batched output nid list before graph partition

block_gen_time in "generate_blocks_for_one_layer_block"  0.6798579692840576


block_gen_time in "generate_blocks_for_one_layer_block"  2.2699201107025146

connection checking time:  3.2194371223449707
block generation total time  2.9497780799865723
generate_dataloader_block spend   6.784796714782715
epoch,  8
pure train time  0.7857370376586914
-----------------------------------------after optimizer zero grad
 Nvidia-smi: 11.34375 GB
    Memory Allocated: 0.10522794723510742  GigaBytes
Max Memory Allocated: 6.825957298278809  GigaBytes

----------------------------------------------------------pseudo_mini_loss sum 3.1947429180145264
loading full batch data spends  0.04568147659301758
Convert a graph into a bidirected graph: 0.013 seconds, peak memory: 35.102 GB
Construct multi-constraint weights: 0.000 seconds, peak memory: 35.102 GB
Metis partitioning: 0.136 seconds, peak memory: 35.102 GB
Split the graph: 0.073 seconds
Construct subgraphs: 0.003 seconds
22735
22736
22737
22733
metis partition time  0.2365884780883789
The batched output nid list before graph partition

block_gen_time in "generate_blocks_for_one_layer_block"  0.6635355949401855


block_gen_time in "generate_blocks_for_one_layer_block"  2.2584643363952637

connection checking time:  3.22312068939209
block generation total time  2.921999931335449
generate_dataloader_block spend   6.754689455032349
epoch,  9
pure train time  0.779670000076294
-----------------------------------------after optimizer zero grad
 Nvidia-smi: 11.34375 GB
    Memory Allocated: 0.10524749755859375  GigaBytes
Max Memory Allocated: 6.825957298278809  GigaBytes

----------------------------------------------------------pseudo_mini_loss sum 3.1536593437194824
Total (block generation + training)time/epoch 7.796733754021781
pure train time/epoch 0.7805270671844482

num_input_list  [571680, 572525, 572264, 572769, 572803, 572904, 572712, 572385, 572399, 572563]
