main start at this time 1693445241.4816523
#nodes: 2449029
#edges: 123718024
#classes: 47
success----------------------------------------
196571
39255
2164782
# Nodes: 2400608
# Edges: 123718024
# Train: 196571
# Val: 39255
# Test: 2164782
# Classes: 47

in feats:  100
range parition 
range partition time  0.07896804809570312
connection checking time:  51.924638748168945
block generation total time  42.280073404312134
pure train time  5.498442649841309
-----------------------------------------after optimizer zero grad
 Nvidia-smi: 20.541015625 GB
    Memory Allocated: 0.5041379928588867  GigaBytes
Max Memory Allocated: 15.267096519470215  GigaBytes

----------------------------------------------------------pseudo_mini_loss sum 5.212186813354492
range parition 
range partition time  0.09480857849121094
connection checking time:  51.39774799346924
block generation total time  41.31764078140259
pure train time  4.595130205154419
-----------------------------------------after optimizer zero grad
 Nvidia-smi: 21.337890625 GB
    Memory Allocated: 0.509803295135498  GigaBytes
Max Memory Allocated: 15.286949634552002  GigaBytes

----------------------------------------------------------pseudo_mini_loss sum 4.895042896270752
range parition 
range partition time  0.09560394287109375
connection checking time:  50.274620056152344
block generation total time  40.814265966415405
pure train time  4.528271436691284
-----------------------------------------after optimizer zero grad
 Nvidia-smi: 21.337890625 GB
    Memory Allocated: 0.507479190826416  GigaBytes
Max Memory Allocated: 15.286949634552002  GigaBytes

----------------------------------------------------------pseudo_mini_loss sum 4.59774923324585
loading full batch data spends  0.6467764377593994
range parition 
range partition time  0.08085751533508301
connection checking time:  50.230469703674316
block generation total time  40.271379232406616
generate_dataloader_block spend   104.54526472091675
pure train time  4.815856695175171
-----------------------------------------after optimizer zero grad
 Nvidia-smi: 19.390625 GB
    Memory Allocated: 0.5126380920410156  GigaBytes
Max Memory Allocated: 15.31084156036377  GigaBytes

----------------------------------------------------------pseudo_mini_loss sum 4.310598373413086
loading full batch data spends  0.7017498016357422
range parition 
range partition time  0.08869147300720215
connection checking time:  50.480568170547485
block generation total time  41.13528227806091
generate_dataloader_block spend   106.06463241577148
pure train time  4.652416706085205
-----------------------------------------after optimizer zero grad
 Nvidia-smi: 19.390625 GB
    Memory Allocated: 0.5135936737060547  GigaBytes
Max Memory Allocated: 15.31084156036377  GigaBytes

----------------------------------------------------------pseudo_mini_loss sum 4.037570953369141
loading full batch data spends  0.6893115043640137
range parition 
range partition time  0.11634349822998047
connection checking time:  50.38951063156128
block generation total time  40.98574495315552
generate_dataloader_block spend   105.78857731819153
pure train time  4.603151798248291
-----------------------------------------after optimizer zero grad
 Nvidia-smi: 19.390625 GB
    Memory Allocated: 0.5128893852233887  GigaBytes
Max Memory Allocated: 15.31084156036377  GigaBytes

----------------------------------------------------------pseudo_mini_loss sum 3.808171510696411
loading full batch data spends  0.6957883834838867
range parition 
range partition time  0.10086321830749512
connection checking time:  50.63735389709473
block generation total time  40.80486249923706
generate_dataloader_block spend   106.1087064743042
pure train time  4.098783254623413
-----------------------------------------after optimizer zero grad
 Nvidia-smi: 19.390625 GB
    Memory Allocated: 0.5111117362976074  GigaBytes
Max Memory Allocated: 15.31084156036377  GigaBytes

----------------------------------------------------------pseudo_mini_loss sum 3.6144137382507324
loading full batch data spends  0.7003931999206543
range parition 
range partition time  0.03659963607788086
connection checking time:  50.52919363975525
block generation total time  40.836793661117554
generate_dataloader_block spend   104.31976199150085
pure train time  4.500070571899414
-----------------------------------------after optimizer zero grad
 Nvidia-smi: 19.390625 GB
    Memory Allocated: 0.5116987228393555  GigaBytes
Max Memory Allocated: 15.31084156036377  GigaBytes

----------------------------------------------------------pseudo_mini_loss sum 3.4797420501708984
loading full batch data spends  0.6977066993713379
range parition 
range partition time  0.10047531127929688
connection checking time:  50.3794629573822
block generation total time  40.66139078140259
generate_dataloader_block spend   99.84944605827332
pure train time  4.564384937286377
-----------------------------------------after optimizer zero grad
 Nvidia-smi: 19.390625 GB
    Memory Allocated: 0.510490894317627  GigaBytes
Max Memory Allocated: 15.31084156036377  GigaBytes

----------------------------------------------------------pseudo_mini_loss sum 3.3734090328216553
loading full batch data spends  0.7043304443359375
range parition 
range partition time  0.07886934280395508
connection checking time:  50.66360521316528
block generation total time  40.450870752334595
generate_dataloader_block spend   105.08577132225037
pure train time  4.562858819961548
-----------------------------------------after optimizer zero grad
 Nvidia-smi: 20.18359375 GB
    Memory Allocated: 0.512143611907959  GigaBytes
Max Memory Allocated: 15.31084156036377  GigaBytes

----------------------------------------------------------pseudo_mini_loss sum 3.2478630542755127
Total (block generation + training)time/epoch 113.06552478245327
pure train time/epoch 4.496944348017375

num_input_list  [16031331, 16035129, 16039276, 16041035, 16043291, 16037552, 16042793, 16036574, 16041727, 16040547]
