main start at this time 1693447599.3679504
#nodes: 2449029
#edges: 123718024
#classes: 47
success----------------------------------------
196571
39255
2164782
# Nodes: 2400608
# Edges: 123718024
# Train: 196571
# Val: 39255
# Test: 2164782
# Classes: 47

in feats:  100
range parition 
range partition time  0.0821371078491211

block_gen_time in "generate_blocks_for_one_layer_block"  5.418162822723389


block_gen_time in "generate_blocks_for_one_layer_block"  43.24450182914734

connection checking time:  53.36403822898865
block generation total time  43.24450182914734
pure train time  5.3084962368011475
-----------------------------------------after optimizer zero grad
 Nvidia-smi: 17.796875 GB
    Memory Allocated: 0.47272157669067383  GigaBytes
Max Memory Allocated: 13.979827404022217  GigaBytes

----------------------------------------------------------pseudo_mini_loss sum 5.209743022918701
range parition 
range partition time  0.07629990577697754

block_gen_time in "generate_blocks_for_one_layer_block"  5.645007133483887


block_gen_time in "generate_blocks_for_one_layer_block"  41.53441667556763

connection checking time:  53.98194670677185
block generation total time  41.53441667556763
pure train time  5.049783945083618
-----------------------------------------after optimizer zero grad
 Nvidia-smi: 15.689453125 GB
    Memory Allocated: 0.47562503814697266  GigaBytes
Max Memory Allocated: 14.025885105133057  GigaBytes

----------------------------------------------------------pseudo_mini_loss sum 4.896595001220703
range parition 
range partition time  0.10003328323364258

block_gen_time in "generate_blocks_for_one_layer_block"  5.484817028045654


block_gen_time in "generate_blocks_for_one_layer_block"  40.93678569793701

connection checking time:  52.37636709213257
block generation total time  40.93678569793701
pure train time  4.772306680679321
-----------------------------------------after optimizer zero grad
 Nvidia-smi: 15.689453125 GB
    Memory Allocated: 0.47734689712524414  GigaBytes
Max Memory Allocated: 14.025885105133057  GigaBytes

----------------------------------------------------------pseudo_mini_loss sum 4.597190856933594
loading full batch data spends  0.6280450820922852
range parition 
range partition time  0.08738088607788086

block_gen_time in "generate_blocks_for_one_layer_block"  4.934851408004761


block_gen_time in "generate_blocks_for_one_layer_block"  42.200648069381714

connection checking time:  50.412755250930786
block generation total time  42.200648069381714
generate_dataloader_block spend   106.38657355308533
pure train time  4.858599901199341
-----------------------------------------after optimizer zero grad
 Nvidia-smi: 15.69140625 GB
    Memory Allocated: 0.4762282371520996  GigaBytes
Max Memory Allocated: 14.025885105133057  GigaBytes

----------------------------------------------------------pseudo_mini_loss sum 4.299592971801758
loading full batch data spends  0.7316741943359375
range parition 
range partition time  0.10110688209533691

block_gen_time in "generate_blocks_for_one_layer_block"  5.160291433334351


block_gen_time in "generate_blocks_for_one_layer_block"  41.47568392753601

connection checking time:  53.06740188598633
block generation total time  41.47568392753601
generate_dataloader_block spend   108.67787528038025
pure train time  4.792340278625488
-----------------------------------------after optimizer zero grad
 Nvidia-smi: 15.69140625 GB
    Memory Allocated: 0.4766225814819336  GigaBytes
Max Memory Allocated: 14.025885105133057  GigaBytes

----------------------------------------------------------pseudo_mini_loss sum 4.036651611328125
loading full batch data spends  0.6822109222412109
range parition 
range partition time  0.07638359069824219

block_gen_time in "generate_blocks_for_one_layer_block"  5.52477240562439


block_gen_time in "generate_blocks_for_one_layer_block"  41.6246657371521

connection checking time:  52.35448098182678
block generation total time  41.6246657371521
generate_dataloader_block spend   107.90646719932556
pure train time  4.785979986190796
-----------------------------------------after optimizer zero grad
 Nvidia-smi: 15.693359375 GB
    Memory Allocated: 0.4749445915222168  GigaBytes
Max Memory Allocated: 14.025885105133057  GigaBytes

----------------------------------------------------------pseudo_mini_loss sum 3.804224729537964
loading full batch data spends  0.6758856773376465
range parition 
range partition time  0.08494019508361816

block_gen_time in "generate_blocks_for_one_layer_block"  4.879009485244751


block_gen_time in "generate_blocks_for_one_layer_block"  41.87401032447815

connection checking time:  52.19546175003052
block generation total time  41.87401032447815
generate_dataloader_block spend   107.72550463676453
pure train time  4.7454798221588135
-----------------------------------------after optimizer zero grad
 Nvidia-smi: 15.693359375 GB
    Memory Allocated: 0.4761061668395996  GigaBytes
Max Memory Allocated: 14.025885105133057  GigaBytes

----------------------------------------------------------pseudo_mini_loss sum 3.621234178543091
loading full batch data spends  0.7243878841400146
range parition 
range partition time  0.08177733421325684

block_gen_time in "generate_blocks_for_one_layer_block"  4.961501836776733


block_gen_time in "generate_blocks_for_one_layer_block"  41.95162272453308

connection checking time:  52.105401277542114
block generation total time  41.95162272453308
generate_dataloader_block spend   107.28938269615173
pure train time  4.849605083465576
-----------------------------------------after optimizer zero grad
 Nvidia-smi: 15.693359375 GB
    Memory Allocated: 0.47630786895751953  GigaBytes
Max Memory Allocated: 14.025885105133057  GigaBytes

----------------------------------------------------------pseudo_mini_loss sum 3.4830524921417236
loading full batch data spends  0.7188289165496826
range parition 
range partition time  0.08402156829833984

block_gen_time in "generate_blocks_for_one_layer_block"  4.950147867202759


block_gen_time in "generate_blocks_for_one_layer_block"  42.187119483947754

connection checking time:  52.599578619003296
block generation total time  42.187119483947754
generate_dataloader_block spend   108.62922883033752
pure train time  4.828381061553955
-----------------------------------------after optimizer zero grad
 Nvidia-smi: 15.693359375 GB
    Memory Allocated: 0.47632789611816406  GigaBytes
Max Memory Allocated: 14.025885105133057  GigaBytes

----------------------------------------------------------pseudo_mini_loss sum 3.3725662231445312
loading full batch data spends  0.6615469455718994
range parition 
range partition time  0.07583022117614746

block_gen_time in "generate_blocks_for_one_layer_block"  4.947462320327759


block_gen_time in "generate_blocks_for_one_layer_block"  42.061177253723145

connection checking time:  51.18380832672119
block generation total time  42.061177253723145
generate_dataloader_block spend   106.61678385734558
pure train time  4.766426086425781
-----------------------------------------after optimizer zero grad
 Nvidia-smi: 15.693359375 GB
    Memory Allocated: 0.4758896827697754  GigaBytes
Max Memory Allocated: 14.025885105133057  GigaBytes

----------------------------------------------------------pseudo_mini_loss sum 3.240678071975708
Total (block generation + training)time/epoch 116.55326792172023
pure train time/epoch 4.794702053070068

num_input_list  [16982899, 16994387, 16986995, 16993427, 16995214, 16995741, 16994409, 16982840, 16987754, 16993678]
