main start at this time 1693452465.8608184
#nodes: 2449029
#edges: 123718024
#classes: 47
success----------------------------------------
196571
39255
2164782
# Nodes: 2400608
# Edges: 123718024
# Train: 196571
# Val: 39255
# Test: 2164782
# Classes: 47

in feats:  100
range parition 
range partition time  0.08217644691467285

block_gen_time in "generate_blocks_for_one_layer_block"  5.442004919052124


block_gen_time in "generate_blocks_for_one_layer_block"  43.64903163909912

connection checking time:  58.49362826347351
block generation total time  43.64903163909912
pure train time  6.193392515182495
-----------------------------------------after optimizer zero grad
 Nvidia-smi: 14.201171875 GB
    Memory Allocated: 0.44222164154052734  GigaBytes
Max Memory Allocated: 11.978740692138672  GigaBytes

----------------------------------------------------------pseudo_mini_loss sum 5.210361957550049
range parition 
range partition time  0.0828242301940918

block_gen_time in "generate_blocks_for_one_layer_block"  5.526540517807007


block_gen_time in "generate_blocks_for_one_layer_block"  25.912294149398804

connection checking time:  39.53306531906128
block generation total time  25.912294149398804
pure train time  4.890087842941284
-----------------------------------------after optimizer zero grad
 Nvidia-smi: 15.462890625 GB
    Memory Allocated: 0.4427680969238281  GigaBytes
Max Memory Allocated: 11.993018627166748  GigaBytes

----------------------------------------------------------pseudo_mini_loss sum 4.882195472717285
range parition 
range partition time  0.08550262451171875

block_gen_time in "generate_blocks_for_one_layer_block"  4.989303112030029


block_gen_time in "generate_blocks_for_one_layer_block"  42.49162268638611

connection checking time:  56.450398206710815
block generation total time  42.49162268638611
pure train time  5.320975065231323
-----------------------------------------after optimizer zero grad
 Nvidia-smi: 16.72265625 GB
    Memory Allocated: 0.44489288330078125  GigaBytes
Max Memory Allocated: 12.03377389907837  GigaBytes

----------------------------------------------------------pseudo_mini_loss sum 4.589267253875732
loading full batch data spends  0.6202490329742432
range parition 
range partition time  0.08584880828857422

block_gen_time in "generate_blocks_for_one_layer_block"  5.407802104949951


block_gen_time in "generate_blocks_for_one_layer_block"  41.743523836135864

connection checking time:  55.784827709198
block generation total time  41.743523836135864
generate_dataloader_block spend   111.26517343521118
pure train time  5.312824010848999
-----------------------------------------after optimizer zero grad
 Nvidia-smi: 16.72265625 GB
    Memory Allocated: 0.44348764419555664  GigaBytes
Max Memory Allocated: 12.03377389907837  GigaBytes

----------------------------------------------------------pseudo_mini_loss sum 4.309659957885742
loading full batch data spends  0.6234204769134521
range parition 
range partition time  0.08385777473449707

block_gen_time in "generate_blocks_for_one_layer_block"  4.954754114151001


block_gen_time in "generate_blocks_for_one_layer_block"  42.33087921142578

connection checking time:  56.39614152908325
block generation total time  42.33087921142578
generate_dataloader_block spend   111.96385526657104
pure train time  5.198711156845093
-----------------------------------------after optimizer zero grad
 Nvidia-smi: 16.728515625 GB
    Memory Allocated: 0.44325876235961914  GigaBytes
Max Memory Allocated: 12.03377389907837  GigaBytes

----------------------------------------------------------pseudo_mini_loss sum 4.033952713012695
loading full batch data spends  0.6233172416687012
range parition 
range partition time  0.07831835746765137

block_gen_time in "generate_blocks_for_one_layer_block"  2.8820548057556152


block_gen_time in "generate_blocks_for_one_layer_block"  43.49284648895264

connection checking time:  56.39266562461853
block generation total time  43.49284648895264
generate_dataloader_block spend   109.67797446250916
pure train time  5.390723705291748
-----------------------------------------after optimizer zero grad
 Nvidia-smi: 16.728515625 GB
    Memory Allocated: 0.44443798065185547  GigaBytes
Max Memory Allocated: 12.03377389907837  GigaBytes

----------------------------------------------------------pseudo_mini_loss sum 3.8000383377075195
loading full batch data spends  0.7096612453460693
range parition 
range partition time  0.07657623291015625

block_gen_time in "generate_blocks_for_one_layer_block"  4.9897072315216064


block_gen_time in "generate_blocks_for_one_layer_block"  43.25051021575928

connection checking time:  57.03228831291199
block generation total time  43.25051021575928
generate_dataloader_block spend   113.279221534729
pure train time  5.353793621063232
-----------------------------------------after optimizer zero grad
 Nvidia-smi: 16.728515625 GB
    Memory Allocated: 0.443267822265625  GigaBytes
Max Memory Allocated: 12.03377389907837  GigaBytes

----------------------------------------------------------pseudo_mini_loss sum 3.615668535232544
loading full batch data spends  0.6995730400085449
range parition 
range partition time  0.10963129997253418

block_gen_time in "generate_blocks_for_one_layer_block"  2.879263162612915


block_gen_time in "generate_blocks_for_one_layer_block"  43.23000645637512

connection checking time:  56.68640327453613
block generation total time  43.23000645637512
generate_dataloader_block spend   110.46076083183289
pure train time  5.22606086730957
-----------------------------------------after optimizer zero grad
 Nvidia-smi: 16.728515625 GB
    Memory Allocated: 0.44362878799438477  GigaBytes
Max Memory Allocated: 12.03377389907837  GigaBytes

----------------------------------------------------------pseudo_mini_loss sum 3.4838500022888184
loading full batch data spends  0.7325112819671631
range parition 
range partition time  0.08831930160522461

block_gen_time in "generate_blocks_for_one_layer_block"  5.018030405044556


block_gen_time in "generate_blocks_for_one_layer_block"  43.273354291915894

connection checking time:  56.55548119544983
block generation total time  43.273354291915894
generate_dataloader_block spend   113.29035091400146
pure train time  5.237521409988403
-----------------------------------------after optimizer zero grad
 Nvidia-smi: 16.728515625 GB
    Memory Allocated: 0.4433574676513672  GigaBytes
Max Memory Allocated: 12.03377389907837  GigaBytes

----------------------------------------------------------pseudo_mini_loss sum 3.3710501194000244
loading full batch data spends  0.6674034595489502
range parition 
range partition time  0.031282663345336914

block_gen_time in "generate_blocks_for_one_layer_block"  4.982295751571655


block_gen_time in "generate_blocks_for_one_layer_block"  43.24195885658264

connection checking time:  56.19481825828552
block generation total time  43.24195885658264
generate_dataloader_block spend   110.02680563926697
pure train time  5.021718978881836
-----------------------------------------after optimizer zero grad
 Nvidia-smi: 16.728515625 GB
    Memory Allocated: 0.44383859634399414  GigaBytes
Max Memory Allocated: 12.03377389907837  GigaBytes

----------------------------------------------------------pseudo_mini_loss sum 3.2398977279663086
Total (block generation + training)time/epoch 120.94575609479632
pure train time/epoch 5.238088289896647

num_input_list  [18671836, 18684563, 18683167, 18681914, 18686418, 18686461, 18688968, 18675118, 18678028, 18683089]
