main start at this time 1693453683.0045524
#nodes: 2449029
#edges: 123718024
#classes: 47
success----------------------------------------
196571
39255
2164782
# Nodes: 2400608
# Edges: 123718024
# Train: 196571
# Val: 39255
# Test: 2164782
# Classes: 47

in feats:  100
range parition 
range partition time  0.08365011215209961

block_gen_time in "generate_blocks_for_one_layer_block"  5.299456357955933


block_gen_time in "generate_blocks_for_one_layer_block"  46.590081453323364

connection checking time:  60.12898874282837
block generation total time  46.590081453323364
pure train time  7.4501800537109375
-----------------------------------------after optimizer zero grad
 Nvidia-smi: 12.4140625 GB
    Memory Allocated: 0.397097110748291  GigaBytes
Max Memory Allocated: 9.347588062286377  GigaBytes

----------------------------------------------------------pseudo_mini_loss sum 5.204489707946777
range parition 
range partition time  0.07920122146606445

block_gen_time in "generate_blocks_for_one_layer_block"  5.683589935302734


block_gen_time in "generate_blocks_for_one_layer_block"  44.8636040687561

connection checking time:  60.08684968948364
block generation total time  44.8636040687561
pure train time  6.786302089691162
-----------------------------------------after optimizer zero grad
 Nvidia-smi: 12.416015625 GB
    Memory Allocated: 0.39643049240112305  GigaBytes
Max Memory Allocated: 9.38716173171997  GigaBytes

----------------------------------------------------------pseudo_mini_loss sum 4.883167266845703
range parition 
range partition time  0.10464859008789062

block_gen_time in "generate_blocks_for_one_layer_block"  5.400012969970703


block_gen_time in "generate_blocks_for_one_layer_block"  45.58508801460266

connection checking time:  59.968570947647095
block generation total time  45.58508801460266
pure train time  6.7404258251190186
-----------------------------------------after optimizer zero grad
 Nvidia-smi: 12.919921875 GB
    Memory Allocated: 0.39926576614379883  GigaBytes
Max Memory Allocated: 9.38716173171997  GigaBytes

----------------------------------------------------------pseudo_mini_loss sum 4.599334716796875
loading full batch data spends  0.7041490077972412
range parition 
range partition time  0.08462953567504883

block_gen_time in "generate_blocks_for_one_layer_block"  5.95699405670166


block_gen_time in "generate_blocks_for_one_layer_block"  45.309032678604126

connection checking time:  58.993130922317505
block generation total time  45.309032678604126
generate_dataloader_block spend   119.29023718833923
pure train time  6.6323158740997314
-----------------------------------------after optimizer zero grad
 Nvidia-smi: 12.919921875 GB
    Memory Allocated: 0.39855527877807617  GigaBytes
Max Memory Allocated: 9.38716173171997  GigaBytes

----------------------------------------------------------pseudo_mini_loss sum 4.308666229248047
loading full batch data spends  0.819523811340332
range parition 
range partition time  0.09094595909118652

block_gen_time in "generate_blocks_for_one_layer_block"  5.177199602127075


block_gen_time in "generate_blocks_for_one_layer_block"  45.010894536972046

connection checking time:  60.09793138504028
block generation total time  45.010894536972046
generate_dataloader_block spend   118.9720470905304
pure train time  6.710984468460083
-----------------------------------------after optimizer zero grad
 Nvidia-smi: 12.919921875 GB
    Memory Allocated: 0.39835405349731445  GigaBytes
Max Memory Allocated: 9.390100002288818  GigaBytes

----------------------------------------------------------pseudo_mini_loss sum 4.032815933227539
loading full batch data spends  0.7518069744110107
range parition 
range partition time  0.07641887664794922

block_gen_time in "generate_blocks_for_one_layer_block"  5.654542684555054


block_gen_time in "generate_blocks_for_one_layer_block"  44.1519718170166

connection checking time:  59.11456346511841
block generation total time  44.1519718170166
generate_dataloader_block spend   117.49646067619324
pure train time  6.676024436950684
-----------------------------------------after optimizer zero grad
 Nvidia-smi: 12.919921875 GB
    Memory Allocated: 0.3990168571472168  GigaBytes
Max Memory Allocated: 9.390100002288818  GigaBytes

----------------------------------------------------------pseudo_mini_loss sum 3.8068418502807617
loading full batch data spends  0.7210798263549805
range parition 
range partition time  0.07518148422241211

block_gen_time in "generate_blocks_for_one_layer_block"  2.995729923248291


block_gen_time in "generate_blocks_for_one_layer_block"  44.495617389678955

connection checking time:  59.029383182525635
block generation total time  44.495617389678955
generate_dataloader_block spend   111.97175669670105
pure train time  6.7656989097595215
-----------------------------------------after optimizer zero grad
 Nvidia-smi: 12.919921875 GB
    Memory Allocated: 0.39807987213134766  GigaBytes
Max Memory Allocated: 9.390100002288818  GigaBytes

----------------------------------------------------------pseudo_mini_loss sum 3.6171867847442627
loading full batch data spends  0.7333240509033203
range parition 
range partition time  0.09687113761901855

block_gen_time in "generate_blocks_for_one_layer_block"  5.683496713638306


block_gen_time in "generate_blocks_for_one_layer_block"  44.842719316482544

connection checking time:  59.46889853477478
block generation total time  44.842719316482544
generate_dataloader_block spend   117.35111045837402
pure train time  6.627739191055298
-----------------------------------------after optimizer zero grad
 Nvidia-smi: 12.919921875 GB
    Memory Allocated: 0.398681640625  GigaBytes
Max Memory Allocated: 9.390100002288818  GigaBytes

----------------------------------------------------------pseudo_mini_loss sum 3.493110179901123
loading full batch data spends  0.7346236705780029
range parition 
range partition time  0.11494660377502441

block_gen_time in "generate_blocks_for_one_layer_block"  5.131411552429199


block_gen_time in "generate_blocks_for_one_layer_block"  45.56624674797058

connection checking time:  60.31941866874695
block generation total time  45.56624674797058
generate_dataloader_block spend   118.98036861419678
pure train time  6.364700555801392
-----------------------------------------after optimizer zero grad
 Nvidia-smi: 12.919921875 GB
    Memory Allocated: 0.3985457420349121  GigaBytes
Max Memory Allocated: 9.390100002288818  GigaBytes

----------------------------------------------------------pseudo_mini_loss sum 3.366633176803589
loading full batch data spends  0.7307991981506348
range parition 
range partition time  0.02983236312866211

block_gen_time in "generate_blocks_for_one_layer_block"  3.0101733207702637


block_gen_time in "generate_blocks_for_one_layer_block"  44.95156145095825

connection checking time:  59.90379881858826
block generation total time  44.95156145095825
generate_dataloader_block spend   113.37633442878723
pure train time  6.585731267929077
-----------------------------------------after optimizer zero grad
 Nvidia-smi: 12.919921875 GB
    Memory Allocated: 0.39940452575683594  GigaBytes
Max Memory Allocated: 9.390100002288818  GigaBytes

----------------------------------------------------------pseudo_mini_loss sum 3.242274284362793
Total (block generation + training)time/epoch 128.08725309371948
pure train time/epoch 6.621813138326009

num_input_list  [21412770, 21431878, 21427992, 21429554, 21432577, 21436018, 21431253, 21417027, 21418344, 21433171]
