main start at this time 1691302466.6357028
#nodes: 2449029
#edges: 123718024
#classes: 47
success----------------------------------------
196571
39255
2164782
# Nodes: 2400608
# Edges: 123718024
# Train: 196571
# Val: 39255
# Test: 2164782
# Classes: 47

in feats:  100
connection checking time:  51.91327261924744
block generation total time  41.76226782798767
pure train time  5.07443380355835
-----------------------------------------after optimizer zero grad
 Nvidia-smi: 19.9296875 GB
    Memory Allocated: 0.5095357894897461  GigaBytes
Max Memory Allocated: 15.266944408416748  GigaBytes

----------------------------------------------------------pseudo_mini_loss sum 5.21180534362793
connection checking time:  52.40279006958008
block generation total time  41.60400938987732
pure train time  4.264750719070435
-----------------------------------------after optimizer zero grad
 Nvidia-smi: 22.142578125 GB
    Memory Allocated: 0.5124702453613281  GigaBytes
Max Memory Allocated: 15.285431385040283  GigaBytes

----------------------------------------------------------pseudo_mini_loss sum 4.895179748535156
connection checking time:  51.06635546684265
block generation total time  41.24689054489136
pure train time  4.582009553909302
-----------------------------------------after optimizer zero grad
 Nvidia-smi: 20.03515625 GB
    Memory Allocated: 0.5097155570983887  GigaBytes
Max Memory Allocated: 15.300765037536621  GigaBytes

----------------------------------------------------------pseudo_mini_loss sum 4.5959930419921875
loading full batch data spends  0.7306158542633057
connection checking time:  50.82314109802246
block generation total time  41.51646876335144
generate_dataloader_block spend   106.36161518096924
pure train time  4.513483762741089
-----------------------------------------after optimizer zero grad
 Nvidia-smi: 20.037109375 GB
    Memory Allocated: 0.5103893280029297  GigaBytes
Max Memory Allocated: 15.300765037536621  GigaBytes

----------------------------------------------------------pseudo_mini_loss sum 4.306060791015625
loading full batch data spends  0.7322380542755127
connection checking time:  51.36536478996277
block generation total time  33.872684955596924
generate_dataloader_block spend   99.93421268463135
pure train time  4.035680532455444
-----------------------------------------after optimizer zero grad
 Nvidia-smi: 20.833984375 GB
    Memory Allocated: 0.5140328407287598  GigaBytes
Max Memory Allocated: 15.302711486816406  GigaBytes

----------------------------------------------------------pseudo_mini_loss sum 4.03611421585083
loading full batch data spends  0.7381269931793213
connection checking time:  50.67124009132385
block generation total time  40.71492552757263
generate_dataloader_block spend   105.84467101097107
pure train time  4.3706042766571045
-----------------------------------------after optimizer zero grad
 Nvidia-smi: 20.833984375 GB
    Memory Allocated: 0.5070195198059082  GigaBytes
Max Memory Allocated: 15.302711486816406  GigaBytes

----------------------------------------------------------pseudo_mini_loss sum 3.8092355728149414
loading full batch data spends  0.7622735500335693
connection checking time:  47.491678953170776
block generation total time  41.6686224937439
generate_dataloader_block spend   98.63006091117859
pure train time  4.464907884597778
-----------------------------------------after optimizer zero grad
 Nvidia-smi: 20.833984375 GB
    Memory Allocated: 0.5090484619140625  GigaBytes
Max Memory Allocated: 15.302711486816406  GigaBytes

----------------------------------------------------------pseudo_mini_loss sum 3.6211678981781006
loading full batch data spends  0.7983880043029785
connection checking time:  50.64899396896362
block generation total time  41.45956349372864
generate_dataloader_block spend   106.85808539390564
pure train time  4.426249742507935
-----------------------------------------after optimizer zero grad
 Nvidia-smi: 20.833984375 GB
    Memory Allocated: 0.5151305198669434  GigaBytes
Max Memory Allocated: 15.302711486816406  GigaBytes

----------------------------------------------------------pseudo_mini_loss sum 3.481078863143921
loading full batch data spends  0.8258144855499268
connection checking time:  50.465988636016846
block generation total time  41.39220094680786
generate_dataloader_block spend   106.48651766777039
pure train time  4.506943702697754
-----------------------------------------after optimizer zero grad
 Nvidia-smi: 20.833984375 GB
    Memory Allocated: 0.5083332061767578  GigaBytes
Max Memory Allocated: 15.302711486816406  GigaBytes

----------------------------------------------------------pseudo_mini_loss sum 3.3701295852661133
loading full batch data spends  0.8263416290283203
connection checking time:  50.35261917114258
block generation total time  41.4293167591095
generate_dataloader_block spend   105.12396740913391
pure train time  4.575837135314941
-----------------------------------------after optimizer zero grad
 Nvidia-smi: 20.833984375 GB
    Memory Allocated: 0.5103058815002441  GigaBytes
Max Memory Allocated: 15.302711486816406  GigaBytes

----------------------------------------------------------pseudo_mini_loss sum 3.2410128116607666
Total (block generation + training)time/epoch 112.72171112469265
pure train time/epoch 4.396703879038493

num_input_list  [16039614, 16038213, 16041590, 16033938, 16039111, 16036306, 16034270, 16040095, 16038305, 16044407]
