main start at this time 1691294618.7987866
#nodes: 2449029
#edges: 123718024
#classes: 47
success----------------------------------------
196571
39255
2164782
# Nodes: 2400608
# Edges: 123718024
# Train: 196571
# Val: 39255
# Test: 2164782
# Classes: 47

in feats:  100
connection checking time:  46.744070053100586
block generation total time  40.806049823760986
pure train time  4.5311408042907715
-----------------------------------------after optimizer zero grad
 Nvidia-smi: 22.4921875 GB
    Memory Allocated: 0.5664992332458496  GigaBytes
Max Memory Allocated: 19.876468658447266  GigaBytes

----------------------------------------------------------pseudo_mini_loss sum 5.199882507324219
connection checking time:  45.60746145248413
block generation total time  40.010212898254395
pure train time  4.0391764640808105
-----------------------------------------after optimizer zero grad
 Nvidia-smi: 22.611328125 GB
    Memory Allocated: 0.5608453750610352  GigaBytes
Max Memory Allocated: 19.953107833862305  GigaBytes

----------------------------------------------------------pseudo_mini_loss sum 4.89100980758667
connection checking time:  45.08835816383362
block generation total time  39.342135190963745
