main start at this time 1691305992.6518645
#nodes: 2449029
#edges: 123718024
#classes: 47
success----------------------------------------
196571
39255
2164782
# Nodes: 2400608
# Edges: 123718024
# Train: 196571
# Val: 39255
# Test: 2164782
# Classes: 47

in feats:  100
connection checking time:  55.03372049331665
block generation total time  43.21206879615784
pure train time  5.503809690475464
-----------------------------------------after optimizer zero grad
 Nvidia-smi: 17.86328125 GB
    Memory Allocated: 0.4645810127258301  GigaBytes
Max Memory Allocated: 13.42198657989502  GigaBytes

----------------------------------------------------------pseudo_mini_loss sum 5.203001022338867
connection checking time:  55.44011068344116
block generation total time  41.9608108997345
pure train time  5.115180253982544
-----------------------------------------after optimizer zero grad
 Nvidia-smi: 17.865234375 GB
    Memory Allocated: 0.46531152725219727  GigaBytes
Max Memory Allocated: 13.479393482208252  GigaBytes

----------------------------------------------------------pseudo_mini_loss sum 4.892724990844727
connection checking time:  48.66301703453064
block generation total time  41.98787021636963
pure train time  4.864717483520508
-----------------------------------------after optimizer zero grad
 Nvidia-smi: 17.869140625 GB
    Memory Allocated: 0.4672055244445801  GigaBytes
Max Memory Allocated: 13.479393482208252  GigaBytes

----------------------------------------------------------pseudo_mini_loss sum 4.600048542022705
loading full batch data spends  0.730391263961792
connection checking time:  53.23234272003174
block generation total time  43.29151177406311
generate_dataloader_block spend   108.56848573684692
pure train time  4.790781497955322
-----------------------------------------after optimizer zero grad
 Nvidia-smi: 17.875 GB
    Memory Allocated: 0.4658050537109375  GigaBytes
Max Memory Allocated: 13.479393482208252  GigaBytes

----------------------------------------------------------pseudo_mini_loss sum 4.311630725860596
loading full batch data spends  0.7533233165740967
connection checking time:  53.34360384941101
block generation total time  42.72349524497986
generate_dataloader_block spend   109.92987322807312
pure train time  5.057351112365723
-----------------------------------------after optimizer zero grad
 Nvidia-smi: 17.875 GB
    Memory Allocated: 0.46657419204711914  GigaBytes
Max Memory Allocated: 13.479393482208252  GigaBytes

----------------------------------------------------------pseudo_mini_loss sum 4.036475658416748
loading full batch data spends  0.7599067687988281
connection checking time:  54.21780967712402
block generation total time  42.31153655052185
generate_dataloader_block spend   110.43024969100952
pure train time  5.134265422821045
-----------------------------------------after optimizer zero grad
 Nvidia-smi: 17.875 GB
    Memory Allocated: 0.46613454818725586  GigaBytes
Max Memory Allocated: 13.479393482208252  GigaBytes

----------------------------------------------------------pseudo_mini_loss sum 3.8053441047668457
loading full batch data spends  0.7655141353607178
connection checking time:  53.50410723686218
block generation total time  42.69519662857056
generate_dataloader_block spend   110.30514287948608
pure train time  5.075116395950317
-----------------------------------------after optimizer zero grad
 Nvidia-smi: 17.875 GB
    Memory Allocated: 0.46607160568237305  GigaBytes
Max Memory Allocated: 13.479393482208252  GigaBytes

----------------------------------------------------------pseudo_mini_loss sum 3.620205879211426
loading full batch data spends  0.7471952438354492
connection checking time:  53.63706707954407
block generation total time  43.544153451919556
generate_dataloader_block spend   106.34527564048767
pure train time  5.174402713775635
-----------------------------------------after optimizer zero grad
 Nvidia-smi: 17.875 GB
    Memory Allocated: 0.4660048484802246  GigaBytes
Max Memory Allocated: 13.479393482208252  GigaBytes

----------------------------------------------------------pseudo_mini_loss sum 3.4866113662719727
loading full batch data spends  0.7738244533538818
connection checking time:  53.64781069755554
block generation total time  42.4797203540802
generate_dataloader_block spend   105.051518201828
pure train time  5.031117677688599
-----------------------------------------after optimizer zero grad
 Nvidia-smi: 17.884765625 GB
    Memory Allocated: 0.4658207893371582  GigaBytes
Max Memory Allocated: 13.479393482208252  GigaBytes

----------------------------------------------------------pseudo_mini_loss sum 3.376195192337036
loading full batch data spends  0.8305513858795166
connection checking time:  53.29270696640015
block generation total time  42.04105043411255
generate_dataloader_block spend   109.1908266544342
pure train time  5.0992066860198975
-----------------------------------------after optimizer zero grad
 Nvidia-smi: 17.884765625 GB
    Memory Allocated: 0.46655893325805664  GigaBytes
Max Memory Allocated: 13.479393482208252  GigaBytes

----------------------------------------------------------pseudo_mini_loss sum 3.2496590614318848
Total (block generation + training)time/epoch 117.83413331849235
pure train time/epoch 5.095243334770203

num_input_list  [17430990, 17439712, 17439729, 17430272, 17434616, 17434359, 17436089, 17437963, 17430187, 17443791]
