main start at this time 1689045275.2966793
-----------------------------------------before load data 
 Nvidia-smi: 0.166015625 GB
    Memory Allocated: 0.0  GigaBytes
Max Memory Allocated: 0.0  GigaBytes

ogbn-arxiv
# Nodes: 169343
# Edges: 2315598
# Train: 90941
# Val: 29799
# Test: 48603
# Classes: 40

----------------------------------------start of run function 
 Nvidia-smi: 0.166015625 GB
    Memory Allocated: 0.0  GigaBytes
Max Memory Allocated: 0.0  GigaBytes

generate_dataloader_bucket_block=======
self.global_to_local() spend sec:  0.0412142276763916
len(bkt)  13428
len(bkt)  11706
len(bkt)  9277
len(bkt)  7320
len(bkt)  6222
len(bkt)  4868
len(bkt)  4045
len(bkt)  3472
len(bkt)  2976
len(bkt)  2599
len(bkt)  2203
len(bkt)  1937
len(bkt)  1656
len(bkt)  1434
len(bkt)  1289
len(bkt)  1111
len(bkt)  1030
len(bkt)  948
len(bkt)  836
len(bkt)  807
len(bkt)  717
len(bkt)  556
len(bkt)  519
len(bkt)  525
len(bkt)  9460
---||-----||-----||-----||-----||-----||-----||-----||-----||-----||-----||-----||-----||-----||-----||-----||-----||-----||-----||-----||--

 the number of batches:  3
the ratio of the output nids to be processed:  0.10402348775579771
K_Hop_neighbor: weights list of these split output nids:  [0.03468182667883573, 0.03468182667883573, 0.034659834398126255]
check_connections_block*********************************
step start 0
output_nid 3154
