main start at this time 1700900637.7349782
#nodes: 2449029
#edges: 123718024
#classes: 47
success----------------------------------------
196571
39255
2164782
# Nodes: 2400608
# Edges: 123718024
# Train: 196571
# Val: 39255
# Test: 2164782
# Classes: 47

in feats:  100
self._in_src_feats,  100
self._in_dst_feats 100
Epoch 1, Learning Rate: 0.001
args.num_batch (main)  14
self.num_batch (get_in_degree_bucketing) 14
---||-----||-----||-----||-----||-----||-----||-----||-----||-----||-----||-----||-----||-----||-----||-----||-----||-----||-----||-----||--
self.num_batch,  14
type of fanout_dst_nids  <class 'torch.Tensor'>
sum(estimated_mem)
24.203634863461232
24
the last batch value is  1147
G_BUCKET_ID_list [[22], [7, 6, 2, 1], [19, 4, 3], [23], [12, 9], [21], [14, 8, 0], [16, 5], [10, 11], [20], [18], [17], [15], [13]]
G_BUCKET_ID_list length 14
backpack scheduling spend  0.29625701904296875
len(g_bucket_nids_list)  14
len(local_split_batches_nid_list)  14
current group_mem  1.9988796256383259
current group_mem  1.308588125602092
current group_mem  1.9973630537449967
current group_mem  1.988051485165607
current group_mem  1.9859237644502725
current group_mem  1.980263964077
current group_mem  1.9383992029851829
current group_mem  1.897980786578129
current group_mem  1.878784705042964
current group_mem  1.7272323720153804
current group_mem  1.61310518345536
current group_mem  1.429131172109469
current group_mem  1.3127071745620997
current group_mem  1.147224248034353
batches output list generation spend  0.001035451889038086
self.weights_list  [0.06663749993640974, 0.06663749993640974, 0.06663749993640974, 0.06663749993640974, 0.06663749993640974, 0.06663749993640974, 0.06663749993640974, 0.06663749993640974, 0.06663749993640974, 0.06663749993640974, 0.06663749993640974, 0.06663749993640974, 0.06663749993640974, 0.06659680217326056]
bkt_dst_nodes_list = self.get_in_degree_bucketing() spend:  0.023556947708129883
self.gen_batches_seeds_list(bkt_dst_nodes_list_local) spend  0.29753541946411133
num_output  183378
self.output_nids  196571
output nodes length not match !!!!
partition total batch output list spend :  3.926729679107666
self.buckets_partition() spend  sec:  0.32111191749572754
check connections block*********************************

the find indices time spent  0.27845001220703125

in edges time spent  0.8583354949951172
local to global src and eids time spent  2.6143290996551514
time gen tails  0.5046000480651855
res  length 14

block_gen_time in "generate_blocks_for_one_layer_block"  3.1963140964508057

----------------------------------------
check connections block*********************************

the find indices time spent  1.7793724536895752

in edges time spent  7.336679935455322
local to global src and eids time spent  15.286596775054932
time gen tails  2.688422203063965
res  length 14

block_gen_time in "generate_blocks_for_one_layer_block"  21.334392309188843

block collection to dataloader spend  2.5033950805664062e-05
step  0
