main start at this time 1700803163.1890795
ogbn-arxiv
# Nodes: 169343
# Edges: 2315598
# Train: 90941
# Val: 29799
# Test: 48603
# Classes: 40

in feats:  128
self._in_src_feats,  128
self._in_dst_feats 128
Epoch 1, Learning Rate: 0.001
---||-----||-----||-----||-----||-----||-----||-----||-----||-----||-----||-----||-----||-----||-----||-----||-----||-----||-----||-----||--
type of fanout_dst_nids  <class 'torch.Tensor'>
self.K  32
G_BUCKET_ID_list [[4], [5], [6], [7], [3], [8], [9], [2], [11], [10], [1], [12], [13], [14], [16], [15], [0], [17], [18], [19], [20], [22], [23], [21]]
Groups_mem_list  [[1237], [1233], [1219], [1211], [1206], [1184], [1176], [1174], [1121], [1116], [1092], [1061], [1035], [1013], [960], [955], [928], [928], [916], [900], [868], [800], [795], [787], [787]]
G_BUCKET_ID_list length 24
len(g_bucket_nids_list)  24
len(local_split_batches_nid_list)  32
current group_mem  1.2375349585000666
current group_mem  1.2332499812783622
current group_mem  1.219712377230607
current group_mem  1.2118137788993009
current group_mem  1.2067483835407944
current group_mem  1.184205675680791
current group_mem  1.17600772351804
current group_mem  1.174592981690282
current group_mem  1.1218068344161014
current group_mem  1.1165122126748235
current group_mem  1.0921419664986132
current group_mem  1.0613692097616039
current group_mem  1.0356467682433141
current group_mem  1.0133642192630459
current group_mem  0.9602214569977391
current group_mem  0.9551042604703931
current group_mem  0.9289283752441406
current group_mem  0.928765299108964
current group_mem  0.91671499803582
current group_mem  0.9005825296175082
current group_mem  0.8687226300373521
current group_mem  0.8009047141131459
current group_mem  0.7953034350585939
current group_mem  0.7873555455142333
batches output list generation spend  0.0014150142669677734
self.weights_list  [0.0716728428321659, 0.05678406879185406, 0.04773424527990675, 0.04143345685664332, 0.08374660494166547, 0.035979371240694516, 0.03183382632695924, 0.10526605161588283, 0.024554381412124345, 0.027479354746483983, 0.13197567653753534, 0.021464465972443673, 0.019023322813692393, 0.017428882462255747, 0.014580882110379258, 0.015471569479112832, 0.15091103022838984, 0.013679198601290948, 0.012447630881560572, 0.012128742811273243, 0.011139090179347048, 0.008961854389109422, 0.009027831231237836, 0.009368711582234636, 0.0032548575450017042, 0.0032548575450017042, 0.0032548575450017042, 0.0032548575450017042, 0.0032548575450017042, 0.0032548575450017042, 0.0032548575450017042, 0.0031229038607448784]
bkt_dst_nodes_list = self.get_in_degree_bucketing() spend:  0.014993906021118164
self.gen_batches_seeds_list(bkt_dst_nodes_list_local) spend  0.5766453742980957
num_output  90941
self.output_nids  90941
output nodes length match
global output equals  True
partition total batch output list spend :  1.727356195449829
self.buckets_partition() spend  sec:  0.5916597843170166
check connections block*********************************

the find indices time spent  0.04456782341003418

in edges time spent  0.17290329933166504
local to global src and eids time spent  0.4375288486480713
time gen tails  0.09547901153564453
res  length 32

block_gen_time in "generate_blocks_for_one_layer_block"  0.36886096000671387

----------------------------------------
check connections block*********************************

the find indices time spent  0.19064712524414062

in edges time spent  1.309316635131836
local to global src and eids time spent  2.09393048286438
time gen tails  0.36013245582580566
res  length 32

block_gen_time in "generate_blocks_for_one_layer_block"  2.0258262157440186

block collection to dataloader spend  4.124641418457031e-05
step  0
step  1
step  2
step  3
step  4
step  5
step  6
step  7
step  8
step  9
step  10
step  11
step  12
step  13
step  14
step  15
step  16
step  17
step  18
step  19
step  20
step  21
step  22
step  23
step  24
step  25
step  26
step  27
step  28
step  29
step  30
step  31
-----------------------------------------after optimizer zero grad
 Nvidia-smi: 19.4765625 GB
    Memory Allocated: 0.28522634506225586  GigaBytes
Max Memory Allocated: 16.037110805511475  GigaBytes

----------------------------------------------------------pseudo_mini_loss sum 3.6988582611083984
Epoch 2, Learning Rate: 0.001
---||-----||-----||-----||-----||-----||-----||-----||-----||-----||-----||-----||-----||-----||-----||-----||-----||-----||-----||-----||--
type of fanout_dst_nids  <class 'torch.Tensor'>
self.K  32
G_BUCKET_ID_list [[4], [5], [6], [7], [3], [8], [9], [2], [11], [10], [1], [12], [13], [14], [16], [15], [0], [17], [18], [19], [20], [22], [23], [21]]
Groups_mem_list  [[1237], [1233], [1219], [1211], [1206], [1184], [1176], [1174], [1121], [1116], [1092], [1061], [1035], [1013], [960], [955], [928], [928], [916], [900], [868], [800], [795], [787], [787]]
G_BUCKET_ID_list length 24
len(g_bucket_nids_list)  24
len(local_split_batches_nid_list)  32
current group_mem  1.2375349585000666
current group_mem  1.2332499812783622
current group_mem  1.219712377230607
current group_mem  1.2118137788993009
current group_mem  1.2067483835407944
current group_mem  1.184205675680791
current group_mem  1.17600772351804
current group_mem  1.174592981690282
current group_mem  1.1218068344161014
current group_mem  1.1165122126748235
current group_mem  1.0921419664986132
current group_mem  1.0613692097616039
current group_mem  1.0356467682433141
current group_mem  1.0133642192630459
current group_mem  0.9602214569977391
current group_mem  0.9551042604703931
current group_mem  0.9289283752441406
current group_mem  0.928765299108964
current group_mem  0.91671499803582
current group_mem  0.9005825296175082
current group_mem  0.8687226300373521
current group_mem  0.8009047141131459
current group_mem  0.7953034350585939
current group_mem  0.7873555455142333
batches output list generation spend  0.0009238719940185547
self.weights_list  [0.0716728428321659, 0.05678406879185406, 0.04773424527990675, 0.04143345685664332, 0.08374660494166547, 0.035979371240694516, 0.03183382632695924, 0.10526605161588283, 0.024554381412124345, 0.027479354746483983, 0.13197567653753534, 0.021464465972443673, 0.019023322813692393, 0.017428882462255747, 0.014580882110379258, 0.015471569479112832, 0.15091103022838984, 0.013679198601290948, 0.012447630881560572, 0.012128742811273243, 0.011139090179347048, 0.008961854389109422, 0.009027831231237836, 0.009368711582234636, 0.0032548575450017042, 0.0032548575450017042, 0.0032548575450017042, 0.0032548575450017042, 0.0032548575450017042, 0.0032548575450017042, 0.0032548575450017042, 0.0031229038607448784]
bkt_dst_nodes_list = self.get_in_degree_bucketing() spend:  0.019039154052734375
self.gen_batches_seeds_list(bkt_dst_nodes_list_local) spend  0.4778621196746826
num_output  90941
self.output_nids  90941
output nodes length match
global output equals  True
partition total batch output list spend :  1.6146605014801025
self.buckets_partition() spend  sec:  0.49692678451538086
check connections block*********************************

the find indices time spent  0.047029733657836914

in edges time spent  0.18166899681091309
local to global src and eids time spent  0.4559953212738037
time gen tails  0.10424232482910156
res  length 32

block_gen_time in "generate_blocks_for_one_layer_block"  0.4200711250305176

----------------------------------------
check connections block*********************************

the find indices time spent  0.21239018440246582

in edges time spent  1.191429853439331
local to global src and eids time spent  1.3908865451812744
time gen tails  0.3278827667236328
res  length 32

block_gen_time in "generate_blocks_for_one_layer_block"  2.0280375480651855

block collection to dataloader spend  3.62396240234375e-05
step  0
step  1
step  2
step  3
step  4
step  5
step  6
step  7
step  8
step  9
step  10
step  11
step  12
step  13
step  14
step  15
step  16
step  17
step  18
step  19
step  20
step  21
step  22
step  23
step  24
step  25
step  26
step  27
step  28
step  29
step  30
step  31
-----------------------------------------after optimizer zero grad
 Nvidia-smi: 20.380859375 GB
    Memory Allocated: 0.2853999137878418  GigaBytes
Max Memory Allocated: 16.059727668762207  GigaBytes

----------------------------------------------------------pseudo_mini_loss sum 3.69111704826355
Epoch 3, Learning Rate: 0.001
---||-----||-----||-----||-----||-----||-----||-----||-----||-----||-----||-----||-----||-----||-----||-----||-----||-----||-----||-----||--
type of fanout_dst_nids  <class 'torch.Tensor'>
self.K  32
G_BUCKET_ID_list [[4], [5], [6], [7], [3], [8], [9], [2], [11], [10], [1], [12], [13], [14], [16], [15], [0], [17], [18], [19], [20], [22], [23], [21]]
Groups_mem_list  [[1237], [1233], [1219], [1211], [1206], [1184], [1176], [1174], [1121], [1116], [1092], [1061], [1035], [1013], [960], [955], [928], [928], [916], [900], [868], [800], [795], [787], [787]]
G_BUCKET_ID_list length 24
len(g_bucket_nids_list)  24
len(local_split_batches_nid_list)  32
current group_mem  1.2375349585000666
current group_mem  1.2332499812783622
current group_mem  1.219712377230607
current group_mem  1.2118137788993009
current group_mem  1.2067483835407944
current group_mem  1.184205675680791
current group_mem  1.17600772351804
current group_mem  1.174592981690282
current group_mem  1.1218068344161014
current group_mem  1.1165122126748235
current group_mem  1.0921419664986132
current group_mem  1.0613692097616039
current group_mem  1.0356467682433141
current group_mem  1.0133642192630459
current group_mem  0.9602214569977391
current group_mem  0.9551042604703931
current group_mem  0.9289283752441406
current group_mem  0.928765299108964
current group_mem  0.91671499803582
current group_mem  0.9005825296175082
current group_mem  0.8687226300373521
current group_mem  0.8009047141131459
current group_mem  0.7953034350585939
current group_mem  0.7873555455142333
batches output list generation spend  0.0008549690246582031
self.weights_list  [0.0716728428321659, 0.05678406879185406, 0.04773424527990675, 0.04143345685664332, 0.08374660494166547, 0.035979371240694516, 0.03183382632695924, 0.10526605161588283, 0.024554381412124345, 0.027479354746483983, 0.13197567653753534, 0.021464465972443673, 0.019023322813692393, 0.017428882462255747, 0.014580882110379258, 0.015471569479112832, 0.15091103022838984, 0.013679198601290948, 0.012447630881560572, 0.012128742811273243, 0.011139090179347048, 0.008961854389109422, 0.009027831231237836, 0.009368711582234636, 0.0032548575450017042, 0.0032548575450017042, 0.0032548575450017042, 0.0032548575450017042, 0.0032548575450017042, 0.0032548575450017042, 0.0032548575450017042, 0.0031229038607448784]
bkt_dst_nodes_list = self.get_in_degree_bucketing() spend:  0.015639781951904297
self.gen_batches_seeds_list(bkt_dst_nodes_list_local) spend  0.5518712997436523
num_output  90941
self.output_nids  90941
output nodes length match
global output equals  True
partition total batch output list spend :  1.6297903060913086
self.buckets_partition() spend  sec:  0.5675337314605713
check connections block*********************************

the find indices time spent  0.038573265075683594

in edges time spent  0.10691618919372559
local to global src and eids time spent  0.16747808456420898
time gen tails  0.050693511962890625
res  length 32

block_gen_time in "generate_blocks_for_one_layer_block"  0.23620104789733887

----------------------------------------
check connections block*********************************

the find indices time spent  0.11821699142456055

in edges time spent  0.7330472469329834
local to global src and eids time spent  0.9002940654754639
time gen tails  0.1855466365814209
res  length 32

block_gen_time in "generate_blocks_for_one_layer_block"  1.3639631271362305

block collection to dataloader spend  2.3365020751953125e-05
generate_dataloader_block spend   5.85163426399231
step  0
step  1
step  2
step  3
step  4
step  5
step  6
step  7
step  8
step  9
step  10
step  11
step  12
step  13
step  14
step  15
step  16
step  17
step  18
step  19
step  20
step  21
step  22
step  23
step  24
step  25
step  26
step  27
step  28
step  29
step  30
step  31
-----------------------------------------after optimizer zero grad
 Nvidia-smi: 20.388671875 GB
    Memory Allocated: 0.2855195999145508  GigaBytes
Max Memory Allocated: 16.06535243988037  GigaBytes

----------------------------------------------------------pseudo_mini_loss sum 3.684133529663086
epoch time:  29.888689279556274
Epoch 4, Learning Rate: 0.001
---||-----||-----||-----||-----||-----||-----||-----||-----||-----||-----||-----||-----||-----||-----||-----||-----||-----||-----||-----||--
type of fanout_dst_nids  <class 'torch.Tensor'>
self.K  32
G_BUCKET_ID_list [[4], [5], [6], [7], [3], [8], [9], [2], [11], [10], [1], [12], [13], [14], [16], [15], [0], [17], [18], [19], [20], [22], [23], [21]]
Groups_mem_list  [[1237], [1233], [1219], [1211], [1206], [1184], [1176], [1174], [1121], [1116], [1092], [1061], [1035], [1013], [960], [955], [928], [928], [916], [900], [868], [800], [795], [787], [787]]
G_BUCKET_ID_list length 24
len(g_bucket_nids_list)  24
len(local_split_batches_nid_list)  32
current group_mem  1.2375349585000666
current group_mem  1.2332499812783622
current group_mem  1.219712377230607
current group_mem  1.2118137788993009
current group_mem  1.2067483835407944
current group_mem  1.184205675680791
current group_mem  1.17600772351804
current group_mem  1.174592981690282
current group_mem  1.1218068344161014
current group_mem  1.1165122126748235
current group_mem  1.0921419664986132
current group_mem  1.0613692097616039
current group_mem  1.0356467682433141
current group_mem  1.0133642192630459
current group_mem  0.9602214569977391
current group_mem  0.9551042604703931
current group_mem  0.9289283752441406
current group_mem  0.928765299108964
current group_mem  0.91671499803582
current group_mem  0.9005825296175082
current group_mem  0.8687226300373521
current group_mem  0.8009047141131459
current group_mem  0.7953034350585939
current group_mem  0.7873555455142333
batches output list generation spend  0.0008513927459716797
self.weights_list  [0.0716728428321659, 0.05678406879185406, 0.04773424527990675, 0.04143345685664332, 0.08374660494166547, 0.035979371240694516, 0.03183382632695924, 0.10526605161588283, 0.024554381412124345, 0.027479354746483983, 0.13197567653753534, 0.021464465972443673, 0.019023322813692393, 0.017428882462255747, 0.014580882110379258, 0.015471569479112832, 0.15091103022838984, 0.013679198601290948, 0.012447630881560572, 0.012128742811273243, 0.011139090179347048, 0.008961854389109422, 0.009027831231237836, 0.009368711582234636, 0.0032548575450017042, 0.0032548575450017042, 0.0032548575450017042, 0.0032548575450017042, 0.0032548575450017042, 0.0032548575450017042, 0.0032548575450017042, 0.0031229038607448784]
bkt_dst_nodes_list = self.get_in_degree_bucketing() spend:  0.015005826950073242
self.gen_batches_seeds_list(bkt_dst_nodes_list_local) spend  0.5457546710968018
num_output  90941
self.output_nids  90941
output nodes length match
global output equals  True
partition total batch output list spend :  1.0838451385498047
self.buckets_partition() spend  sec:  0.5607843399047852
check connections block*********************************

the find indices time spent  0.0315852165222168

in edges time spent  0.11671757698059082
local to global src and eids time spent  0.20849061012268066
time gen tails  0.07073688507080078
res  length 32

block_gen_time in "generate_blocks_for_one_layer_block"  0.37987399101257324

----------------------------------------
check connections block*********************************

the find indices time spent  0.18473196029663086

in edges time spent  1.1526591777801514
local to global src and eids time spent  1.68320631980896
time gen tails  0.3226912021636963
res  length 32

block_gen_time in "generate_blocks_for_one_layer_block"  1.9946508407592773

block collection to dataloader spend  4.38690185546875e-05
generate_dataloader_block spend   7.9045631885528564
step  0
step  1
step  2
step  3
step  4
step  5
step  6
step  7
step  8
step  9
step  10
step  11
step  12
step  13
step  14
step  15
step  16
step  17
step  18
step  19
step  20
step  21
step  22
step  23
step  24
step  25
step  26
step  27
step  28
step  29
step  30
step  31
-----------------------------------------after optimizer zero grad
 Nvidia-smi: 20.388671875 GB
    Memory Allocated: 0.2854585647583008  GigaBytes
Max Memory Allocated: 16.06535243988037  GigaBytes

----------------------------------------------------------pseudo_mini_loss sum 3.676964044570923
epoch time:  31.675222158432007
Epoch 5, Learning Rate: 0.001
---||-----||-----||-----||-----||-----||-----||-----||-----||-----||-----||-----||-----||-----||-----||-----||-----||-----||-----||-----||--
type of fanout_dst_nids  <class 'torch.Tensor'>
self.K  32
G_BUCKET_ID_list [[4], [5], [6], [7], [3], [8], [9], [2], [11], [10], [1], [12], [13], [14], [16], [15], [0], [17], [18], [19], [20], [22], [23], [21]]
Groups_mem_list  [[1237], [1233], [1219], [1211], [1206], [1184], [1176], [1174], [1121], [1116], [1092], [1061], [1035], [1013], [960], [955], [928], [928], [916], [900], [868], [800], [795], [787], [787]]
G_BUCKET_ID_list length 24
len(g_bucket_nids_list)  24
len(local_split_batches_nid_list)  32
current group_mem  1.2375349585000666
current group_mem  1.2332499812783622
current group_mem  1.219712377230607
current group_mem  1.2118137788993009
current group_mem  1.2067483835407944
current group_mem  1.184205675680791
current group_mem  1.17600772351804
current group_mem  1.174592981690282
current group_mem  1.1218068344161014
current group_mem  1.1165122126748235
current group_mem  1.0921419664986132
current group_mem  1.0613692097616039
current group_mem  1.0356467682433141
current group_mem  1.0133642192630459
current group_mem  0.9602214569977391
current group_mem  0.9551042604703931
current group_mem  0.9289283752441406
current group_mem  0.928765299108964
current group_mem  0.91671499803582
current group_mem  0.9005825296175082
current group_mem  0.8687226300373521
current group_mem  0.8009047141131459
current group_mem  0.7953034350585939
current group_mem  0.7873555455142333
batches output list generation spend  0.0008440017700195312
self.weights_list  [0.0716728428321659, 0.05678406879185406, 0.04773424527990675, 0.04143345685664332, 0.08374660494166547, 0.035979371240694516, 0.03183382632695924, 0.10526605161588283, 0.024554381412124345, 0.027479354746483983, 0.13197567653753534, 0.021464465972443673, 0.019023322813692393, 0.017428882462255747, 0.014580882110379258, 0.015471569479112832, 0.15091103022838984, 0.013679198601290948, 0.012447630881560572, 0.012128742811273243, 0.011139090179347048, 0.008961854389109422, 0.009027831231237836, 0.009368711582234636, 0.0032548575450017042, 0.0032548575450017042, 0.0032548575450017042, 0.0032548575450017042, 0.0032548575450017042, 0.0032548575450017042, 0.0032548575450017042, 0.0031229038607448784]
bkt_dst_nodes_list = self.get_in_degree_bucketing() spend:  0.01620197296142578
self.gen_batches_seeds_list(bkt_dst_nodes_list_local) spend  0.5272347927093506
num_output  90941
self.output_nids  90941
output nodes length match
global output equals  True
partition total batch output list spend :  0.9302477836608887
self.buckets_partition() spend  sec:  0.5434608459472656
check connections block*********************************

the find indices time spent  0.030797481536865234

in edges time spent  0.14178681373596191
local to global src and eids time spent  0.44132113456726074
time gen tails  0.09663081169128418
res  length 32

block_gen_time in "generate_blocks_for_one_layer_block"  0.380962610244751

----------------------------------------
check connections block*********************************

the find indices time spent  0.19031047821044922

in edges time spent  1.1772606372833252
local to global src and eids time spent  2.468104362487793
time gen tails  0.3818089962005615
res  length 32

block_gen_time in "generate_blocks_for_one_layer_block"  2.0224008560180664

block collection to dataloader spend  4.744529724121094e-05
generate_dataloader_block spend   8.96751070022583
step  0
step  1
step  2
step  3
step  4
step  5
step  6
step  7
step  8
step  9
step  10
step  11
step  12
step  13
step  14
step  15
step  16
step  17
step  18
step  19
step  20
step  21
step  22
step  23
step  24
step  25
step  26
step  27
step  28
step  29
step  30
step  31
-----------------------------------------after optimizer zero grad
 Nvidia-smi: 22.91015625 GB
    Memory Allocated: 0.2857656478881836  GigaBytes
Max Memory Allocated: 16.08653450012207  GigaBytes

----------------------------------------------------------pseudo_mini_loss sum 3.668699264526367
epoch time:  33.1608567237854
Epoch 6, Learning Rate: 0.001
---||-----||-----||-----||-----||-----||-----||-----||-----||-----||-----||-----||-----||-----||-----||-----||-----||-----||-----||-----||--
type of fanout_dst_nids  <class 'torch.Tensor'>
self.K  32
G_BUCKET_ID_list [[4], [5], [6], [7], [3], [8], [9], [2], [11], [10], [1], [12], [13], [14], [16], [15], [0], [17], [18], [19], [20], [22], [23], [21]]
Groups_mem_list  [[1237], [1233], [1219], [1211], [1206], [1184], [1176], [1174], [1121], [1116], [1092], [1061], [1035], [1013], [960], [955], [928], [928], [916], [900], [868], [800], [795], [787], [787]]
G_BUCKET_ID_list length 24
len(g_bucket_nids_list)  24
len(local_split_batches_nid_list)  32
current group_mem  1.2375349585000666
current group_mem  1.2332499812783622
current group_mem  1.219712377230607
current group_mem  1.2118137788993009
current group_mem  1.2067483835407944
current group_mem  1.184205675680791
current group_mem  1.17600772351804
current group_mem  1.174592981690282
current group_mem  1.1218068344161014
current group_mem  1.1165122126748235
current group_mem  1.0921419664986132
current group_mem  1.0613692097616039
current group_mem  1.0356467682433141
current group_mem  1.0133642192630459
current group_mem  0.9602214569977391
current group_mem  0.9551042604703931
current group_mem  0.9289283752441406
current group_mem  0.928765299108964
current group_mem  0.91671499803582
current group_mem  0.9005825296175082
current group_mem  0.8687226300373521
current group_mem  0.8009047141131459
current group_mem  0.7953034350585939
current group_mem  0.7873555455142333
batches output list generation spend  0.0008196830749511719
self.weights_list  [0.0716728428321659, 0.05678406879185406, 0.04773424527990675, 0.04143345685664332, 0.08374660494166547, 0.035979371240694516, 0.03183382632695924, 0.10526605161588283, 0.024554381412124345, 0.027479354746483983, 0.13197567653753534, 0.021464465972443673, 0.019023322813692393, 0.017428882462255747, 0.014580882110379258, 0.015471569479112832, 0.15091103022838984, 0.013679198601290948, 0.012447630881560572, 0.012128742811273243, 0.011139090179347048, 0.008961854389109422, 0.009027831231237836, 0.009368711582234636, 0.0032548575450017042, 0.0032548575450017042, 0.0032548575450017042, 0.0032548575450017042, 0.0032548575450017042, 0.0032548575450017042, 0.0032548575450017042, 0.0031229038607448784]
bkt_dst_nodes_list = self.get_in_degree_bucketing() spend:  0.019113779067993164
self.gen_batches_seeds_list(bkt_dst_nodes_list_local) spend  0.5507440567016602
num_output  90941
self.output_nids  90941
output nodes length match
global output equals  True
partition total batch output list spend :  1.477992057800293
self.buckets_partition() spend  sec:  0.5698816776275635
check connections block*********************************

the find indices time spent  0.04485487937927246

in edges time spent  0.13782668113708496
local to global src and eids time spent  0.20865678787231445
time gen tails  0.07017993927001953
res  length 32

block_gen_time in "generate_blocks_for_one_layer_block"  0.4121832847595215

----------------------------------------
check connections block*********************************

the find indices time spent  0.19417452812194824

in edges time spent  1.1743052005767822
local to global src and eids time spent  2.420132875442505
time gen tails  0.37169837951660156
res  length 32

block_gen_time in "generate_blocks_for_one_layer_block"  2.0021779537200928

block collection to dataloader spend  5.173683166503906e-05
generate_dataloader_block spend   9.32865858078003
step  0
step  1
step  2
step  3
step  4
step  5
step  6
step  7
step  8
step  9
step  10
step  11
step  12
step  13
step  14
step  15
step  16
step  17
step  18
step  19
step  20
step  21
step  22
step  23
step  24
step  25
step  26
step  27
step  28
step  29
step  30
step  31
-----------------------------------------after optimizer zero grad
 Nvidia-smi: 22.91015625 GB
    Memory Allocated: 0.28519725799560547  GigaBytes
Max Memory Allocated: 16.08653450012207  GigaBytes

----------------------------------------------------------pseudo_mini_loss sum 3.6588706970214844
epoch time:  33.41180729866028
Epoch 7, Learning Rate: 0.001
---||-----||-----||-----||-----||-----||-----||-----||-----||-----||-----||-----||-----||-----||-----||-----||-----||-----||-----||-----||--
type of fanout_dst_nids  <class 'torch.Tensor'>
self.K  32
G_BUCKET_ID_list [[4], [5], [6], [7], [3], [8], [9], [2], [11], [10], [1], [12], [13], [14], [16], [15], [0], [17], [18], [19], [20], [22], [23], [21]]
Groups_mem_list  [[1237], [1233], [1219], [1211], [1206], [1184], [1176], [1174], [1121], [1116], [1092], [1061], [1035], [1013], [960], [955], [928], [928], [916], [900], [868], [800], [795], [787], [787]]
G_BUCKET_ID_list length 24
len(g_bucket_nids_list)  24
len(local_split_batches_nid_list)  32
current group_mem  1.2375349585000666
current group_mem  1.2332499812783622
current group_mem  1.219712377230607
current group_mem  1.2118137788993009
current group_mem  1.2067483835407944
current group_mem  1.184205675680791
current group_mem  1.17600772351804
current group_mem  1.174592981690282
current group_mem  1.1218068344161014
current group_mem  1.1165122126748235
current group_mem  1.0921419664986132
current group_mem  1.0613692097616039
current group_mem  1.0356467682433141
current group_mem  1.0133642192630459
current group_mem  0.9602214569977391
current group_mem  0.9551042604703931
current group_mem  0.9289283752441406
current group_mem  0.928765299108964
current group_mem  0.91671499803582
current group_mem  0.9005825296175082
current group_mem  0.8687226300373521
current group_mem  0.8009047141131459
current group_mem  0.7953034350585939
current group_mem  0.7873555455142333
batches output list generation spend  0.0008535385131835938
self.weights_list  [0.0716728428321659, 0.05678406879185406, 0.04773424527990675, 0.04143345685664332, 0.08374660494166547, 0.035979371240694516, 0.03183382632695924, 0.10526605161588283, 0.024554381412124345, 0.027479354746483983, 0.13197567653753534, 0.021464465972443673, 0.019023322813692393, 0.017428882462255747, 0.014580882110379258, 0.015471569479112832, 0.15091103022838984, 0.013679198601290948, 0.012447630881560572, 0.012128742811273243, 0.011139090179347048, 0.008961854389109422, 0.009027831231237836, 0.009368711582234636, 0.0032548575450017042, 0.0032548575450017042, 0.0032548575450017042, 0.0032548575450017042, 0.0032548575450017042, 0.0032548575450017042, 0.0032548575450017042, 0.0031229038607448784]
bkt_dst_nodes_list = self.get_in_degree_bucketing() spend:  0.017316579818725586
self.gen_batches_seeds_list(bkt_dst_nodes_list_local) spend  0.5253283977508545
num_output  90941
self.output_nids  90941
output nodes length match
global output equals  True
partition total batch output list spend :  0.9034512042999268
self.buckets_partition() spend  sec:  0.5426712036132812
check connections block*********************************

the find indices time spent  0.03138995170593262

in edges time spent  0.12668609619140625
local to global src and eids time spent  0.20900964736938477
time gen tails  0.05273795127868652
res  length 32

block_gen_time in "generate_blocks_for_one_layer_block"  0.24837303161621094

----------------------------------------
check connections block*********************************

the find indices time spent  0.11826229095458984

in edges time spent  0.7152059078216553
local to global src and eids time spent  1.2468271255493164
time gen tails  0.3223090171813965
res  length 32

block_gen_time in "generate_blocks_for_one_layer_block"  2.0043928623199463

block collection to dataloader spend  4.100799560546875e-05
generate_dataloader_block spend   6.572428226470947
step  0
step  1
step  2
step  3
step  4
step  5
step  6
step  7
step  8
step  9
step  10
step  11
step  12
step  13
step  14
step  15
step  16
step  17
step  18
step  19
step  20
step  21
step  22
step  23
step  24
step  25
step  26
step  27
step  28
step  29
step  30
step  31
-----------------------------------------after optimizer zero grad
 Nvidia-smi: 22.91015625 GB
    Memory Allocated: 0.2854952812194824  GigaBytes
Max Memory Allocated: 16.08653450012207  GigaBytes

----------------------------------------------------------pseudo_mini_loss sum 3.646315813064575
epoch time:  30.714787006378174
Epoch 8, Learning Rate: 0.001
---||-----||-----||-----||-----||-----||-----||-----||-----||-----||-----||-----||-----||-----||-----||-----||-----||-----||-----||-----||--
type of fanout_dst_nids  <class 'torch.Tensor'>
self.K  32
G_BUCKET_ID_list [[4], [5], [6], [7], [3], [8], [9], [2], [11], [10], [1], [12], [13], [14], [16], [15], [0], [17], [18], [19], [20], [22], [23], [21]]
Groups_mem_list  [[1237], [1233], [1219], [1211], [1206], [1184], [1176], [1174], [1121], [1116], [1092], [1061], [1035], [1013], [960], [955], [928], [928], [916], [900], [868], [800], [795], [787], [787]]
G_BUCKET_ID_list length 24
len(g_bucket_nids_list)  24
len(local_split_batches_nid_list)  32
current group_mem  1.2375349585000666
current group_mem  1.2332499812783622
current group_mem  1.219712377230607
current group_mem  1.2118137788993009
current group_mem  1.2067483835407944
current group_mem  1.184205675680791
current group_mem  1.17600772351804
current group_mem  1.174592981690282
current group_mem  1.1218068344161014
current group_mem  1.1165122126748235
current group_mem  1.0921419664986132
current group_mem  1.0613692097616039
current group_mem  1.0356467682433141
current group_mem  1.0133642192630459
current group_mem  0.9602214569977391
current group_mem  0.9551042604703931
current group_mem  0.9289283752441406
current group_mem  0.928765299108964
current group_mem  0.91671499803582
current group_mem  0.9005825296175082
current group_mem  0.8687226300373521
current group_mem  0.8009047141131459
current group_mem  0.7953034350585939
current group_mem  0.7873555455142333
batches output list generation spend  0.0006060600280761719
self.weights_list  [0.0716728428321659, 0.05678406879185406, 0.04773424527990675, 0.04143345685664332, 0.08374660494166547, 0.035979371240694516, 0.03183382632695924, 0.10526605161588283, 0.024554381412124345, 0.027479354746483983, 0.13197567653753534, 0.021464465972443673, 0.019023322813692393, 0.017428882462255747, 0.014580882110379258, 0.015471569479112832, 0.15091103022838984, 0.013679198601290948, 0.012447630881560572, 0.012128742811273243, 0.011139090179347048, 0.008961854389109422, 0.009027831231237836, 0.009368711582234636, 0.0032548575450017042, 0.0032548575450017042, 0.0032548575450017042, 0.0032548575450017042, 0.0032548575450017042, 0.0032548575450017042, 0.0032548575450017042, 0.0031229038607448784]
bkt_dst_nodes_list = self.get_in_degree_bucketing() spend:  0.014119148254394531
self.gen_batches_seeds_list(bkt_dst_nodes_list_local) spend  0.22954440116882324
num_output  90941
self.output_nids  90941
output nodes length match
global output equals  True
partition total batch output list spend :  0.5441558361053467
self.buckets_partition() spend  sec:  0.2436821460723877
check connections block*********************************

the find indices time spent  0.031482696533203125

in edges time spent  0.13627219200134277
local to global src and eids time spent  0.44023680686950684
time gen tails  0.09467720985412598
res  length 32

block_gen_time in "generate_blocks_for_one_layer_block"  0.3789553642272949

----------------------------------------
check connections block*********************************

the find indices time spent  0.18774914741516113

in edges time spent  1.117199420928955
local to global src and eids time spent  1.5546860694885254
time gen tails  0.310884952545166
res  length 32

block_gen_time in "generate_blocks_for_one_layer_block"  1.994002103805542

block collection to dataloader spend  3.933906555175781e-05
generate_dataloader_block spend   7.4620397090911865
step  0
step  1
step  2
step  3
step  4
step  5
step  6
step  7
step  8
step  9
step  10
step  11
step  12
step  13
step  14
step  15
step  16
step  17
step  18
step  19
step  20
step  21
step  22
step  23
step  24
step  25
step  26
step  27
step  28
step  29
step  30
step  31
-----------------------------------------after optimizer zero grad
 Nvidia-smi: 22.91015625 GB
    Memory Allocated: 0.2854442596435547  GigaBytes
Max Memory Allocated: 16.08653450012207  GigaBytes

----------------------------------------------------------pseudo_mini_loss sum 3.63150691986084
epoch time:  31.599047899246216
Epoch 9, Learning Rate: 0.001
---||-----||-----||-----||-----||-----||-----||-----||-----||-----||-----||-----||-----||-----||-----||-----||-----||-----||-----||-----||--
type of fanout_dst_nids  <class 'torch.Tensor'>
self.K  32
G_BUCKET_ID_list [[4], [5], [6], [7], [3], [8], [9], [2], [11], [10], [1], [12], [13], [14], [16], [15], [0], [17], [18], [19], [20], [22], [23], [21]]
Groups_mem_list  [[1237], [1233], [1219], [1211], [1206], [1184], [1176], [1174], [1121], [1116], [1092], [1061], [1035], [1013], [960], [955], [928], [928], [916], [900], [868], [800], [795], [787], [787]]
G_BUCKET_ID_list length 24
len(g_bucket_nids_list)  24
len(local_split_batches_nid_list)  32
current group_mem  1.2375349585000666
current group_mem  1.2332499812783622
current group_mem  1.219712377230607
current group_mem  1.2118137788993009
current group_mem  1.2067483835407944
current group_mem  1.184205675680791
current group_mem  1.17600772351804
current group_mem  1.174592981690282
current group_mem  1.1218068344161014
current group_mem  1.1165122126748235
current group_mem  1.0921419664986132
current group_mem  1.0613692097616039
current group_mem  1.0356467682433141
current group_mem  1.0133642192630459
current group_mem  0.9602214569977391
current group_mem  0.9551042604703931
current group_mem  0.9289283752441406
current group_mem  0.928765299108964
current group_mem  0.91671499803582
current group_mem  0.9005825296175082
current group_mem  0.8687226300373521
current group_mem  0.8009047141131459
current group_mem  0.7953034350585939
current group_mem  0.7873555455142333
batches output list generation spend  0.0008709430694580078
self.weights_list  [0.0716728428321659, 0.05678406879185406, 0.04773424527990675, 0.04143345685664332, 0.08374660494166547, 0.035979371240694516, 0.03183382632695924, 0.10526605161588283, 0.024554381412124345, 0.027479354746483983, 0.13197567653753534, 0.021464465972443673, 0.019023322813692393, 0.017428882462255747, 0.014580882110379258, 0.015471569479112832, 0.15091103022838984, 0.013679198601290948, 0.012447630881560572, 0.012128742811273243, 0.011139090179347048, 0.008961854389109422, 0.009027831231237836, 0.009368711582234636, 0.0032548575450017042, 0.0032548575450017042, 0.0032548575450017042, 0.0032548575450017042, 0.0032548575450017042, 0.0032548575450017042, 0.0032548575450017042, 0.0031229038607448784]
bkt_dst_nodes_list = self.get_in_degree_bucketing() spend:  0.016446828842163086
self.gen_batches_seeds_list(bkt_dst_nodes_list_local) spend  0.4023754596710205
num_output  90941
self.output_nids  90941
output nodes length match
global output equals  True
partition total batch output list spend :  0.9594624042510986
self.buckets_partition() spend  sec:  0.41884613037109375
check connections block*********************************

the find indices time spent  0.043314456939697266

in edges time spent  0.1842954158782959
local to global src and eids time spent  0.4393446445465088
time gen tails  0.09531116485595703
res  length 32

block_gen_time in "generate_blocks_for_one_layer_block"  0.4965479373931885

----------------------------------------
check connections block*********************************

the find indices time spent  0.18493413925170898

in edges time spent  1.1627566814422607
local to global src and eids time spent  2.4415342807769775
time gen tails  0.36707019805908203
res  length 32

block_gen_time in "generate_blocks_for_one_layer_block"  2.0507285594940186

block collection to dataloader spend  5.507469177246094e-05
generate_dataloader_block spend   9.264359474182129
step  0
step  1
step  2
step  3
step  4
step  5
step  6
step  7
step  8
step  9
step  10
step  11
step  12
step  13
step  14
step  15
step  16
step  17
step  18
step  19
step  20
step  21
step  22
step  23
step  24
step  25
step  26
step  27
step  28
step  29
step  30
step  31
-----------------------------------------after optimizer zero grad
 Nvidia-smi: 22.91015625 GB
    Memory Allocated: 0.28562068939208984  GigaBytes
Max Memory Allocated: 16.08653450012207  GigaBytes

----------------------------------------------------------pseudo_mini_loss sum 3.6166563034057617
epoch time:  33.37045764923096
Epoch 10, Learning Rate: 0.001
---||-----||-----||-----||-----||-----||-----||-----||-----||-----||-----||-----||-----||-----||-----||-----||-----||-----||-----||-----||--
type of fanout_dst_nids  <class 'torch.Tensor'>
self.K  32
G_BUCKET_ID_list [[4], [5], [6], [7], [3], [8], [9], [2], [11], [10], [1], [12], [13], [14], [16], [15], [0], [17], [18], [19], [20], [22], [23], [21]]
Groups_mem_list  [[1237], [1233], [1219], [1211], [1206], [1184], [1176], [1174], [1121], [1116], [1092], [1061], [1035], [1013], [960], [955], [928], [928], [916], [900], [868], [800], [795], [787], [787]]
G_BUCKET_ID_list length 24
len(g_bucket_nids_list)  24
len(local_split_batches_nid_list)  32
current group_mem  1.2375349585000666
current group_mem  1.2332499812783622
current group_mem  1.219712377230607
current group_mem  1.2118137788993009
current group_mem  1.2067483835407944
current group_mem  1.184205675680791
current group_mem  1.17600772351804
current group_mem  1.174592981690282
current group_mem  1.1218068344161014
current group_mem  1.1165122126748235
current group_mem  1.0921419664986132
current group_mem  1.0613692097616039
current group_mem  1.0356467682433141
current group_mem  1.0133642192630459
current group_mem  0.9602214569977391
current group_mem  0.9551042604703931
current group_mem  0.9289283752441406
current group_mem  0.928765299108964
current group_mem  0.91671499803582
current group_mem  0.9005825296175082
current group_mem  0.8687226300373521
current group_mem  0.8009047141131459
current group_mem  0.7953034350585939
current group_mem  0.7873555455142333
batches output list generation spend  0.0008568763732910156
self.weights_list  [0.0716728428321659, 0.05678406879185406, 0.04773424527990675, 0.04143345685664332, 0.08374660494166547, 0.035979371240694516, 0.03183382632695924, 0.10526605161588283, 0.024554381412124345, 0.027479354746483983, 0.13197567653753534, 0.021464465972443673, 0.019023322813692393, 0.017428882462255747, 0.014580882110379258, 0.015471569479112832, 0.15091103022838984, 0.013679198601290948, 0.012447630881560572, 0.012128742811273243, 0.011139090179347048, 0.008961854389109422, 0.009027831231237836, 0.009368711582234636, 0.0032548575450017042, 0.0032548575450017042, 0.0032548575450017042, 0.0032548575450017042, 0.0032548575450017042, 0.0032548575450017042, 0.0032548575450017042, 0.0031229038607448784]
bkt_dst_nodes_list = self.get_in_degree_bucketing() spend:  0.015666961669921875
self.gen_batches_seeds_list(bkt_dst_nodes_list_local) spend  0.4336233139038086
num_output  90941
self.output_nids  90941
output nodes length match
global output equals  True
partition total batch output list spend :  1.1023776531219482
self.buckets_partition() spend  sec:  0.449312686920166
check connections block*********************************

the find indices time spent  0.0467073917388916

in edges time spent  0.12039709091186523
local to global src and eids time spent  0.2086169719696045
time gen tails  0.06866455078125
res  length 32

block_gen_time in "generate_blocks_for_one_layer_block"  0.378446102142334

----------------------------------------
check connections block*********************************

the find indices time spent  0.1856381893157959

in edges time spent  0.7808868885040283
local to global src and eids time spent  0.7642021179199219
time gen tails  0.18626689910888672
res  length 32

block_gen_time in "generate_blocks_for_one_layer_block"  1.3377161026000977

block collection to dataloader spend  2.1457672119140625e-05
generate_dataloader_block spend   5.7282679080963135
step  0
step  1
step  2
step  3
step  4
step  5
step  6
step  7
step  8
step  9
step  10
step  11
step  12
step  13
step  14
step  15
step  16
step  17
step  18
step  19
step  20
step  21
step  22
step  23
step  24
step  25
step  26
step  27
step  28
step  29
step  30
step  31
-----------------------------------------after optimizer zero grad
 Nvidia-smi: 22.91015625 GB
    Memory Allocated: 0.28521299362182617  GigaBytes
Max Memory Allocated: 16.08653450012207  GigaBytes

----------------------------------------------------------pseudo_mini_loss sum 3.6025898456573486
epoch time:  29.966784238815308
Total (block generation + training)time/epoch 31.723455846309662
pure train time/epoch 9.21909006436666

num_input_list  [2037696, 2037556, 2035833, 2039093, 2039343, 2039970, 2037548, 2037654, 2035224, 2037904]
