main start at this time 1697245729.4180577
  NumNodes: 19717
  NumEdges: 88651
  NumFeats: 500
  NumClasses: 3
  NumTrainingSamples: 60
  NumValidationSamples: 500
  NumTestSamples: 1000
Done loading data from cached files.
success----------------------------------------
60
500
19157
# Nodes: 19717
# Edges: 88648
# Train: 60
# Val: 500
# Test: 19157
# Classes: 3

in feats:  500
self._in_src_feats,  500
self._in_dst_feats 500
Epoch 1, Learning Rate: 0.01
step  0
----------------------------------------------------------pseudo_mini_loss sum 1.0989558696746826
Micro F1 Score: 0.3
Epoch 2, Learning Rate: 0.01
step  0
----------------------------------------------------------pseudo_mini_loss sum 1.0974833965301514
Micro F1 Score: 0.4166666666666667
Epoch 3, Learning Rate: 0.01
step  0
----------------------------------------------------------pseudo_mini_loss sum 1.0964336395263672
Micro F1 Score: 0.36666666666666664
Epoch 4, Learning Rate: 0.01
step  0
----------------------------------------------------------pseudo_mini_loss sum 1.0916926860809326
Micro F1 Score: 0.4666666666666667
Epoch 5, Learning Rate: 0.01
step  0
----------------------------------------------------------pseudo_mini_loss sum 1.09251868724823
Micro F1 Score: 0.43333333333333335
Epoch 6, Learning Rate: 0.01
step  0
----------------------------------------------------------pseudo_mini_loss sum 1.1012908220291138
Micro F1 Score: 0.35
Epoch 7, Learning Rate: 0.01
step  0
----------------------------------------------------------pseudo_mini_loss sum 1.0915553569793701
Micro F1 Score: 0.38333333333333336
Epoch 8, Learning Rate: 0.01
step  0
----------------------------------------------------------pseudo_mini_loss sum 1.091346025466919
Micro F1 Score: 0.43333333333333335
Epoch 9, Learning Rate: 0.01
step  0
----------------------------------------------------------pseudo_mini_loss sum 1.090657353401184
Micro F1 Score: 0.35
Epoch 10, Learning Rate: 0.01
step  0
----------------------------------------------------------pseudo_mini_loss sum 1.0967236757278442
Micro F1 Score: 0.3333333333333333
Epoch 11, Learning Rate: 0.01
step  0
----------------------------------------------------------pseudo_mini_loss sum 1.0925061702728271
Micro F1 Score: 0.4000000000000001
Epoch 12, Learning Rate: 0.01
step  0
----------------------------------------------------------pseudo_mini_loss sum 1.0849117040634155
Micro F1 Score: 0.4666666666666667
Epoch 13, Learning Rate: 0.01
step  0
----------------------------------------------------------pseudo_mini_loss sum 1.093169093132019
Micro F1 Score: 0.45
Epoch 14, Learning Rate: 0.01
step  0
----------------------------------------------------------pseudo_mini_loss sum 1.0839616060256958
Micro F1 Score: 0.4000000000000001
Epoch 15, Learning Rate: 0.01
step  0
----------------------------------------------------------pseudo_mini_loss sum 1.078446865081787
Micro F1 Score: 0.4166666666666667
Epoch 16, Learning Rate: 0.01
step  0
----------------------------------------------------------pseudo_mini_loss sum 1.0945518016815186
Micro F1 Score: 0.4166666666666667
Epoch 17, Learning Rate: 0.01
step  0
----------------------------------------------------------pseudo_mini_loss sum 1.0947861671447754
Micro F1 Score: 0.43333333333333335
Epoch 18, Learning Rate: 0.01
step  0
----------------------------------------------------------pseudo_mini_loss sum 1.0851819515228271
Micro F1 Score: 0.4666666666666667
Epoch 19, Learning Rate: 0.01
step  0
----------------------------------------------------------pseudo_mini_loss sum 1.0998730659484863
Micro F1 Score: 0.31666666666666665
Epoch 20, Learning Rate: 0.01
step  0
----------------------------------------------------------pseudo_mini_loss sum 1.0790520906448364
Micro F1 Score: 0.43333333333333335
Epoch 21, Learning Rate: 0.01
step  0
----------------------------------------------------------pseudo_mini_loss sum 1.090445637702942
Micro F1 Score: 0.4666666666666667
Epoch 22, Learning Rate: 0.01
step  0
----------------------------------------------------------pseudo_mini_loss sum 1.1028835773468018
Micro F1 Score: 0.35
Epoch 23, Learning Rate: 0.01
step  0
----------------------------------------------------------pseudo_mini_loss sum 1.0904735326766968
Micro F1 Score: 0.38333333333333336
Epoch 24, Learning Rate: 0.01
step  0
----------------------------------------------------------pseudo_mini_loss sum 1.10062575340271
Micro F1 Score: 0.3
Epoch 25, Learning Rate: 0.01
step  0
----------------------------------------------------------pseudo_mini_loss sum 1.0785220861434937
Micro F1 Score: 0.4166666666666667
Epoch 26, Learning Rate: 0.01
step  0
----------------------------------------------------------pseudo_mini_loss sum 1.0832270383834839
Micro F1 Score: 0.4166666666666667
Epoch 27, Learning Rate: 0.01
step  0
----------------------------------------------------------pseudo_mini_loss sum 1.0864201784133911
Micro F1 Score: 0.43333333333333335
Epoch 28, Learning Rate: 0.01
step  0
----------------------------------------------------------pseudo_mini_loss sum 1.0973167419433594
Micro F1 Score: 0.35
Epoch 29, Learning Rate: 0.01
step  0
----------------------------------------------------------pseudo_mini_loss sum 1.0767176151275635
Micro F1 Score: 0.45
Epoch 30, Learning Rate: 0.01
step  0
----------------------------------------------------------pseudo_mini_loss sum 1.0809483528137207
Micro F1 Score: 0.4166666666666667
Epoch 31, Learning Rate: 0.01
step  0
----------------------------------------------------------pseudo_mini_loss sum 1.0788614749908447
Micro F1 Score: 0.43333333333333335
Epoch 32, Learning Rate: 0.01
step  0
----------------------------------------------------------pseudo_mini_loss sum 1.082586646080017
Micro F1 Score: 0.36666666666666664
Epoch 33, Learning Rate: 0.01
step  0
----------------------------------------------------------pseudo_mini_loss sum 1.087182879447937
Micro F1 Score: 0.36666666666666664
Epoch 34, Learning Rate: 0.01
step  0
----------------------------------------------------------pseudo_mini_loss sum 1.111873745918274
Micro F1 Score: 0.4000000000000001
Epoch 35, Learning Rate: 0.01
step  0
----------------------------------------------------------pseudo_mini_loss sum 1.1163402795791626
Micro F1 Score: 0.35
Epoch 36, Learning Rate: 0.01
step  0
----------------------------------------------------------pseudo_mini_loss sum 1.0839139223098755
Micro F1 Score: 0.45
Epoch 37, Learning Rate: 0.01
step  0
----------------------------------------------------------pseudo_mini_loss sum 1.0765042304992676
Micro F1 Score: 0.43333333333333335
Epoch 38, Learning Rate: 0.01
step  0
----------------------------------------------------------pseudo_mini_loss sum 1.0875376462936401
Micro F1 Score: 0.35
Epoch 39, Learning Rate: 0.01
step  0
----------------------------------------------------------pseudo_mini_loss sum 1.103809118270874
Micro F1 Score: 0.38333333333333336
Epoch 40, Learning Rate: 0.01
step  0
----------------------------------------------------------pseudo_mini_loss sum 1.0794734954833984
Micro F1 Score: 0.38333333333333336
Epoch 41, Learning Rate: 0.01
step  0
----------------------------------------------------------pseudo_mini_loss sum 1.0766688585281372
Micro F1 Score: 0.4666666666666667
Epoch 42, Learning Rate: 0.01
step  0
----------------------------------------------------------pseudo_mini_loss sum 1.0947421789169312
Micro F1 Score: 0.36666666666666664
Epoch 43, Learning Rate: 0.01
step  0
----------------------------------------------------------pseudo_mini_loss sum 1.0788953304290771
Micro F1 Score: 0.4166666666666667
Epoch 44, Learning Rate: 0.01
step  0
----------------------------------------------------------pseudo_mini_loss sum 1.0767848491668701
Micro F1 Score: 0.4666666666666667
Epoch 45, Learning Rate: 0.01
step  0
----------------------------------------------------------pseudo_mini_loss sum 1.08447265625
Micro F1 Score: 0.4000000000000001
Epoch 46, Learning Rate: 0.01
step  0
----------------------------------------------------------pseudo_mini_loss sum 1.0945359468460083
Micro F1 Score: 0.36666666666666664
Epoch 47, Learning Rate: 0.01
step  0
----------------------------------------------------------pseudo_mini_loss sum 1.0965996980667114
Micro F1 Score: 0.43333333333333335
Epoch 48, Learning Rate: 0.01
step  0
----------------------------------------------------------pseudo_mini_loss sum 1.0821576118469238
Micro F1 Score: 0.4000000000000001
Epoch 49, Learning Rate: 0.01
step  0
----------------------------------------------------------pseudo_mini_loss sum 1.0923494100570679
Micro F1 Score: 0.35
Epoch 50, Learning Rate: 0.01
step  0
----------------------------------------------------------pseudo_mini_loss sum 1.0814001560211182
Micro F1 Score: 0.43333333333333335
Epoch 51, Learning Rate: 0.01
step  0
----------------------------------------------------------pseudo_mini_loss sum 1.0836068391799927
Micro F1 Score: 0.31666666666666665
Epoch 52, Learning Rate: 0.01
step  0
----------------------------------------------------------pseudo_mini_loss sum 1.0777651071548462
Micro F1 Score: 0.43333333333333335
Epoch 53, Learning Rate: 0.01
step  0
----------------------------------------------------------pseudo_mini_loss sum 1.0889854431152344
Micro F1 Score: 0.4166666666666667
Epoch 54, Learning Rate: 0.01
step  0
----------------------------------------------------------pseudo_mini_loss sum 1.0873104333877563
Micro F1 Score: 0.38333333333333336
Epoch 55, Learning Rate: 0.01
step  0
----------------------------------------------------------pseudo_mini_loss sum 1.089656114578247
Micro F1 Score: 0.4000000000000001
Epoch 56, Learning Rate: 0.01
step  0
----------------------------------------------------------pseudo_mini_loss sum 1.0827620029449463
Micro F1 Score: 0.38333333333333336
Epoch 57, Learning Rate: 0.01
step  0
----------------------------------------------------------pseudo_mini_loss sum 1.0856993198394775
Micro F1 Score: 0.3333333333333333
Epoch 58, Learning Rate: 0.01
step  0
----------------------------------------------------------pseudo_mini_loss sum 1.083988904953003
Micro F1 Score: 0.4000000000000001
Epoch 59, Learning Rate: 0.01
step  0
----------------------------------------------------------pseudo_mini_loss sum 1.077759861946106
Micro F1 Score: 0.36666666666666664
Epoch 60, Learning Rate: 0.01
step  0
----------------------------------------------------------pseudo_mini_loss sum 1.076580286026001
Micro F1 Score: 0.36666666666666664
Epoch 61, Learning Rate: 0.01
step  0
----------------------------------------------------------pseudo_mini_loss sum 1.0839289426803589
Micro F1 Score: 0.3333333333333333
Epoch 62, Learning Rate: 0.01
step  0
----------------------------------------------------------pseudo_mini_loss sum 1.0655910968780518
Micro F1 Score: 0.43333333333333335
Epoch 63, Learning Rate: 0.01
step  0
----------------------------------------------------------pseudo_mini_loss sum 1.0859401226043701
Micro F1 Score: 0.43333333333333335
Epoch 64, Learning Rate: 0.01
step  0
----------------------------------------------------------pseudo_mini_loss sum 1.0953470468521118
Micro F1 Score: 0.36666666666666664
Epoch 65, Learning Rate: 0.01
step  0
----------------------------------------------------------pseudo_mini_loss sum 1.082018256187439
Micro F1 Score: 0.38333333333333336
Epoch 66, Learning Rate: 0.01
step  0
----------------------------------------------------------pseudo_mini_loss sum 1.0896137952804565
Micro F1 Score: 0.45
Epoch 67, Learning Rate: 0.01
step  0
----------------------------------------------------------pseudo_mini_loss sum 1.0739697217941284
Micro F1 Score: 0.43333333333333335
Epoch 68, Learning Rate: 0.01
step  0
----------------------------------------------------------pseudo_mini_loss sum 1.0911506414413452
Micro F1 Score: 0.35
Epoch 69, Learning Rate: 0.01
step  0
----------------------------------------------------------pseudo_mini_loss sum 1.0837236642837524
Micro F1 Score: 0.35
Epoch 70, Learning Rate: 0.01
step  0
----------------------------------------------------------pseudo_mini_loss sum 1.0775787830352783
Micro F1 Score: 0.4000000000000001
Epoch 71, Learning Rate: 0.01
step  0
----------------------------------------------------------pseudo_mini_loss sum 1.0756008625030518
Micro F1 Score: 0.4166666666666667
Epoch 72, Learning Rate: 0.01
step  0
----------------------------------------------------------pseudo_mini_loss sum 1.0928164720535278
Micro F1 Score: 0.38333333333333336
Epoch 73, Learning Rate: 0.01
step  0
----------------------------------------------------------pseudo_mini_loss sum 1.0979877710342407
Micro F1 Score: 0.3333333333333333
Epoch 74, Learning Rate: 0.01
step  0
----------------------------------------------------------pseudo_mini_loss sum 1.0723636150360107
Micro F1 Score: 0.3333333333333333
Epoch 75, Learning Rate: 0.01
step  0
----------------------------------------------------------pseudo_mini_loss sum 1.0971412658691406
Micro F1 Score: 0.35
Epoch 76, Learning Rate: 0.01
step  0
----------------------------------------------------------pseudo_mini_loss sum 1.081007719039917
Micro F1 Score: 0.4000000000000001
Epoch 77, Learning Rate: 0.01
step  0
----------------------------------------------------------pseudo_mini_loss sum 1.0708661079406738
Micro F1 Score: 0.43333333333333335
Epoch 78, Learning Rate: 0.01
step  0
----------------------------------------------------------pseudo_mini_loss sum 1.0784765481948853
Micro F1 Score: 0.4000000000000001
Epoch 79, Learning Rate: 0.01
step  0
----------------------------------------------------------pseudo_mini_loss sum 1.080506682395935
Micro F1 Score: 0.38333333333333336
Epoch 80, Learning Rate: 0.01
step  0
----------------------------------------------------------pseudo_mini_loss sum 1.0810295343399048
Micro F1 Score: 0.38333333333333336
Epoch 81, Learning Rate: 0.01
step  0
----------------------------------------------------------pseudo_mini_loss sum 1.0844861268997192
Micro F1 Score: 0.4166666666666667
Epoch 82, Learning Rate: 0.01
step  0
----------------------------------------------------------pseudo_mini_loss sum 1.0740902423858643
Micro F1 Score: 0.4166666666666667
Epoch 83, Learning Rate: 0.01
step  0
----------------------------------------------------------pseudo_mini_loss sum 1.0752558708190918
Micro F1 Score: 0.43333333333333335
Epoch 84, Learning Rate: 0.01
step  0
----------------------------------------------------------pseudo_mini_loss sum 1.0867313146591187
Micro F1 Score: 0.38333333333333336
Epoch 85, Learning Rate: 0.01
step  0
----------------------------------------------------------pseudo_mini_loss sum 1.0805916786193848
Micro F1 Score: 0.4166666666666667
Epoch 86, Learning Rate: 0.01
step  0
----------------------------------------------------------pseudo_mini_loss sum 1.0835920572280884
Micro F1 Score: 0.38333333333333336
Epoch 87, Learning Rate: 0.01
step  0
----------------------------------------------------------pseudo_mini_loss sum 1.0756614208221436
Micro F1 Score: 0.4000000000000001
Epoch 88, Learning Rate: 0.01
step  0
----------------------------------------------------------pseudo_mini_loss sum 1.0807784795761108
Micro F1 Score: 0.4000000000000001
Epoch 89, Learning Rate: 0.01
step  0
----------------------------------------------------------pseudo_mini_loss sum 1.0720808506011963
Micro F1 Score: 0.38333333333333336
Epoch 90, Learning Rate: 0.01
step  0
----------------------------------------------------------pseudo_mini_loss sum 1.077194333076477
Micro F1 Score: 0.36666666666666664
Epoch 91, Learning Rate: 0.01
step  0
----------------------------------------------------------pseudo_mini_loss sum 1.0794016122817993
Micro F1 Score: 0.38333333333333336
Epoch 92, Learning Rate: 0.01
step  0
----------------------------------------------------------pseudo_mini_loss sum 1.0744997262954712
Micro F1 Score: 0.38333333333333336
Epoch 93, Learning Rate: 0.01
step  0
----------------------------------------------------------pseudo_mini_loss sum 1.083829402923584
Micro F1 Score: 0.38333333333333336
Epoch 94, Learning Rate: 0.01
step  0
----------------------------------------------------------pseudo_mini_loss sum 1.066502571105957
Micro F1 Score: 0.43333333333333335
Epoch 95, Learning Rate: 0.01
step  0
----------------------------------------------------------pseudo_mini_loss sum 1.0698635578155518
Micro F1 Score: 0.45
Epoch 96, Learning Rate: 0.01
step  0
----------------------------------------------------------pseudo_mini_loss sum 1.0662825107574463
Micro F1 Score: 0.4166666666666667
Epoch 97, Learning Rate: 0.01
step  0
----------------------------------------------------------pseudo_mini_loss sum 1.0776835680007935
Micro F1 Score: 0.38333333333333336
Epoch 98, Learning Rate: 0.01
step  0
----------------------------------------------------------pseudo_mini_loss sum 1.0783131122589111
Micro F1 Score: 0.4166666666666667
Epoch 99, Learning Rate: 0.01
step  0
----------------------------------------------------------pseudo_mini_loss sum 1.0880502462387085
Micro F1 Score: 0.36666666666666664
Epoch 100, Learning Rate: 0.01
step  0
----------------------------------------------------------pseudo_mini_loss sum 1.0752333402633667
Micro F1 Score: 0.36666666666666664
Epoch 101, Learning Rate: 0.01
step  0
----------------------------------------------------------pseudo_mini_loss sum 1.0715057849884033
Micro F1 Score: 0.35
Epoch 102, Learning Rate: 0.01
step  0
----------------------------------------------------------pseudo_mini_loss sum 1.074683666229248
Micro F1 Score: 0.3333333333333333
Epoch 103, Learning Rate: 0.01
step  0
----------------------------------------------------------pseudo_mini_loss sum 1.0742416381835938
Micro F1 Score: 0.4666666666666667
Epoch 104, Learning Rate: 0.01
step  0
----------------------------------------------------------pseudo_mini_loss sum 1.08736252784729
Micro F1 Score: 0.38333333333333336
Epoch 105, Learning Rate: 0.01
step  0
----------------------------------------------------------pseudo_mini_loss sum 1.0620445013046265
Micro F1 Score: 0.4166666666666667
Epoch 106, Learning Rate: 0.01
step  0
----------------------------------------------------------pseudo_mini_loss sum 1.1037133932113647
Micro F1 Score: 0.36666666666666664
Epoch 107, Learning Rate: 0.01
step  0
----------------------------------------------------------pseudo_mini_loss sum 1.0797473192214966
Micro F1 Score: 0.4000000000000001
Epoch 108, Learning Rate: 0.01
step  0
----------------------------------------------------------pseudo_mini_loss sum 1.0726509094238281
Micro F1 Score: 0.43333333333333335
Epoch 109, Learning Rate: 0.01
step  0
----------------------------------------------------------pseudo_mini_loss sum 1.0642269849777222
Micro F1 Score: 0.4666666666666667
Epoch 110, Learning Rate: 0.01
step  0
----------------------------------------------------------pseudo_mini_loss sum 1.0805429220199585
Micro F1 Score: 0.4000000000000001
Epoch 111, Learning Rate: 0.005
step  0
----------------------------------------------------------pseudo_mini_loss sum 1.0815831422805786
Micro F1 Score: 0.3333333333333333
Epoch 112, Learning Rate: 0.005
step  0
----------------------------------------------------------pseudo_mini_loss sum 1.0583537817001343
Micro F1 Score: 0.31666666666666665
Epoch 113, Learning Rate: 0.005
step  0
----------------------------------------------------------pseudo_mini_loss sum 1.0640735626220703
Micro F1 Score: 0.4000000000000001
Epoch 114, Learning Rate: 0.005
step  0
----------------------------------------------------------pseudo_mini_loss sum 1.0683411359786987
Micro F1 Score: 0.36666666666666664
Epoch 115, Learning Rate: 0.005
step  0
----------------------------------------------------------pseudo_mini_loss sum 1.0724188089370728
Micro F1 Score: 0.4666666666666667
Epoch 116, Learning Rate: 0.005
step  0
----------------------------------------------------------pseudo_mini_loss sum 1.0723774433135986
Micro F1 Score: 0.4166666666666667
Epoch 117, Learning Rate: 0.005
step  0
----------------------------------------------------------pseudo_mini_loss sum 1.0774191617965698
Micro F1 Score: 0.31666666666666665
Epoch 118, Learning Rate: 0.005
step  0
----------------------------------------------------------pseudo_mini_loss sum 1.0783209800720215
Micro F1 Score: 0.4000000000000001
Epoch 119, Learning Rate: 0.005
step  0
----------------------------------------------------------pseudo_mini_loss sum 1.058452844619751
Micro F1 Score: 0.38333333333333336
Epoch 120, Learning Rate: 0.005
step  0
----------------------------------------------------------pseudo_mini_loss sum 1.0672132968902588
Micro F1 Score: 0.38333333333333336
Epoch 121, Learning Rate: 0.005
step  0
----------------------------------------------------------pseudo_mini_loss sum 1.072493314743042
Micro F1 Score: 0.36666666666666664
Epoch 122, Learning Rate: 0.005
step  0
----------------------------------------------------------pseudo_mini_loss sum 1.070642352104187
Micro F1 Score: 0.4000000000000001
Epoch 123, Learning Rate: 0.005
step  0
----------------------------------------------------------pseudo_mini_loss sum 1.0811344385147095
Micro F1 Score: 0.4000000000000001
Epoch 124, Learning Rate: 0.005
step  0
----------------------------------------------------------pseudo_mini_loss sum 1.0715816020965576
Micro F1 Score: 0.55
Epoch 125, Learning Rate: 0.005
step  0
----------------------------------------------------------pseudo_mini_loss sum 1.0735161304473877
Micro F1 Score: 0.4166666666666667
Epoch 126, Learning Rate: 0.005
step  0
----------------------------------------------------------pseudo_mini_loss sum 1.074130654335022
Micro F1 Score: 0.38333333333333336
Epoch 127, Learning Rate: 0.005
step  0
----------------------------------------------------------pseudo_mini_loss sum 1.0749812126159668
Micro F1 Score: 0.36666666666666664
Epoch 128, Learning Rate: 0.005
step  0
----------------------------------------------------------pseudo_mini_loss sum 1.0693778991699219
Micro F1 Score: 0.45
Epoch 129, Learning Rate: 0.005
step  0
----------------------------------------------------------pseudo_mini_loss sum 1.0765044689178467
Micro F1 Score: 0.35
Epoch 130, Learning Rate: 0.005
step  0
----------------------------------------------------------pseudo_mini_loss sum 1.0874179601669312
Micro F1 Score: 0.4166666666666667
Epoch 131, Learning Rate: 0.005
step  0
----------------------------------------------------------pseudo_mini_loss sum 1.0719566345214844
Micro F1 Score: 0.38333333333333336
Epoch 132, Learning Rate: 0.005
step  0
----------------------------------------------------------pseudo_mini_loss sum 1.0700151920318604
Micro F1 Score: 0.4000000000000001
Epoch 133, Learning Rate: 0.005
step  0
----------------------------------------------------------pseudo_mini_loss sum 1.0810226202011108
Micro F1 Score: 0.36666666666666664
Epoch 134, Learning Rate: 0.005
step  0
----------------------------------------------------------pseudo_mini_loss sum 1.0698796510696411
Micro F1 Score: 0.4000000000000001
Epoch 135, Learning Rate: 0.005
step  0
----------------------------------------------------------pseudo_mini_loss sum 1.0736310482025146
Micro F1 Score: 0.45
Epoch 136, Learning Rate: 0.005
step  0
----------------------------------------------------------pseudo_mini_loss sum 1.058290958404541
Micro F1 Score: 0.4000000000000001
Epoch 137, Learning Rate: 0.005
step  0
----------------------------------------------------------pseudo_mini_loss sum 1.0561368465423584
Micro F1 Score: 0.36666666666666664
Epoch 138, Learning Rate: 0.005
step  0
----------------------------------------------------------pseudo_mini_loss sum 1.069047212600708
Micro F1 Score: 0.31666666666666665
Epoch 139, Learning Rate: 0.005
step  0
----------------------------------------------------------pseudo_mini_loss sum 1.0616017580032349
Micro F1 Score: 0.4666666666666667
Epoch 140, Learning Rate: 0.005
step  0
----------------------------------------------------------pseudo_mini_loss sum 1.058834433555603
Micro F1 Score: 0.38333333333333336
Epoch 141, Learning Rate: 0.005
step  0
----------------------------------------------------------pseudo_mini_loss sum 1.0576868057250977
Micro F1 Score: 0.36666666666666664
Epoch 142, Learning Rate: 0.005
step  0
----------------------------------------------------------pseudo_mini_loss sum 1.0681513547897339
Micro F1 Score: 0.4000000000000001
Epoch 143, Learning Rate: 0.005
step  0
----------------------------------------------------------pseudo_mini_loss sum 1.0443634986877441
Micro F1 Score: 0.4666666666666667
Epoch 144, Learning Rate: 0.005
step  0
----------------------------------------------------------pseudo_mini_loss sum 1.077663540840149
Micro F1 Score: 0.38333333333333336
Epoch 145, Learning Rate: 0.005
step  0
----------------------------------------------------------pseudo_mini_loss sum 1.0637753009796143
Micro F1 Score: 0.43333333333333335
Epoch 146, Learning Rate: 0.005
step  0
----------------------------------------------------------pseudo_mini_loss sum 1.0491138696670532
Micro F1 Score: 0.4166666666666667
Epoch 147, Learning Rate: 0.005
step  0
----------------------------------------------------------pseudo_mini_loss sum 1.068986177444458
Micro F1 Score: 0.36666666666666664
Epoch 148, Learning Rate: 0.005
step  0
----------------------------------------------------------pseudo_mini_loss sum 1.0639822483062744
Micro F1 Score: 0.36666666666666664
Epoch 149, Learning Rate: 0.005
step  0
----------------------------------------------------------pseudo_mini_loss sum 1.0690422058105469
Micro F1 Score: 0.38333333333333336
Epoch 150, Learning Rate: 0.005
step  0
----------------------------------------------------------pseudo_mini_loss sum 1.069955587387085
Micro F1 Score: 0.35
Epoch 151, Learning Rate: 0.005
step  0
----------------------------------------------------------pseudo_mini_loss sum 1.048456072807312
Micro F1 Score: 0.43333333333333335
Epoch 152, Learning Rate: 0.005
step  0
----------------------------------------------------------pseudo_mini_loss sum 1.0517239570617676
Micro F1 Score: 0.5
Epoch 153, Learning Rate: 0.005
step  0
----------------------------------------------------------pseudo_mini_loss sum 1.0605015754699707
Micro F1 Score: 0.4000000000000001
Epoch 154, Learning Rate: 0.005
step  0
----------------------------------------------------------pseudo_mini_loss sum 1.0555158853530884
Micro F1 Score: 0.38333333333333336
Epoch 155, Learning Rate: 0.005
step  0
----------------------------------------------------------pseudo_mini_loss sum 1.065414547920227
Micro F1 Score: 0.35
Epoch 156, Learning Rate: 0.005
step  0
----------------------------------------------------------pseudo_mini_loss sum 1.0782582759857178
Micro F1 Score: 0.3
Epoch 157, Learning Rate: 0.005
step  0
----------------------------------------------------------pseudo_mini_loss sum 1.0702130794525146
Micro F1 Score: 0.3333333333333333
Epoch 158, Learning Rate: 0.005
step  0
----------------------------------------------------------pseudo_mini_loss sum 1.0719845294952393
Micro F1 Score: 0.43333333333333335
Epoch 159, Learning Rate: 0.005
step  0
----------------------------------------------------------pseudo_mini_loss sum 1.096054196357727
Micro F1 Score: 0.35
Epoch 160, Learning Rate: 0.005
step  0
----------------------------------------------------------pseudo_mini_loss sum 1.083001971244812
Micro F1 Score: 0.35
Epoch 161, Learning Rate: 0.0025
step  0
----------------------------------------------------------pseudo_mini_loss sum 1.0457797050476074
Micro F1 Score: 0.4166666666666667
Epoch 162, Learning Rate: 0.0025
step  0
----------------------------------------------------------pseudo_mini_loss sum 1.0734764337539673
Micro F1 Score: 0.35
Epoch 163, Learning Rate: 0.0025
step  0
----------------------------------------------------------pseudo_mini_loss sum 1.0690951347351074
Micro F1 Score: 0.36666666666666664
Epoch 164, Learning Rate: 0.0025
step  0
----------------------------------------------------------pseudo_mini_loss sum 1.043729305267334
Micro F1 Score: 0.5
Epoch 165, Learning Rate: 0.0025
step  0
----------------------------------------------------------pseudo_mini_loss sum 1.0625901222229004
Micro F1 Score: 0.36666666666666664
Epoch 166, Learning Rate: 0.0025
step  0
----------------------------------------------------------pseudo_mini_loss sum 1.086118459701538
Micro F1 Score: 0.3333333333333333
Epoch 167, Learning Rate: 0.0025
step  0
----------------------------------------------------------pseudo_mini_loss sum 1.059043288230896
Micro F1 Score: 0.38333333333333336
Epoch 168, Learning Rate: 0.0025
step  0
----------------------------------------------------------pseudo_mini_loss sum 1.0506521463394165
Micro F1 Score: 0.45
Epoch 169, Learning Rate: 0.0025
step  0
----------------------------------------------------------pseudo_mini_loss sum 1.066469669342041
Micro F1 Score: 0.45
Epoch 170, Learning Rate: 0.0025
step  0
----------------------------------------------------------pseudo_mini_loss sum 1.074188470840454
Micro F1 Score: 0.36666666666666664
Epoch 171, Learning Rate: 0.0025
step  0
----------------------------------------------------------pseudo_mini_loss sum 1.0455595254898071
Micro F1 Score: 0.4000000000000001
Epoch 172, Learning Rate: 0.0025
step  0
----------------------------------------------------------pseudo_mini_loss sum 1.0393352508544922
Micro F1 Score: 0.48333333333333334
Epoch 173, Learning Rate: 0.0025
step  0
----------------------------------------------------------pseudo_mini_loss sum 1.0673218965530396
Micro F1 Score: 0.31666666666666665
Epoch 174, Learning Rate: 0.0025
step  0
----------------------------------------------------------pseudo_mini_loss sum 1.0666170120239258
Micro F1 Score: 0.4166666666666667
Epoch 175, Learning Rate: 0.0025
step  0
----------------------------------------------------------pseudo_mini_loss sum 1.087767481803894
Micro F1 Score: 0.36666666666666664
Epoch 176, Learning Rate: 0.0025
step  0
----------------------------------------------------------pseudo_mini_loss sum 1.0435646772384644
Micro F1 Score: 0.4000000000000001
Epoch 177, Learning Rate: 0.0025
step  0
----------------------------------------------------------pseudo_mini_loss sum 1.059542179107666
Micro F1 Score: 0.4000000000000001
Epoch 178, Learning Rate: 0.0025
step  0
----------------------------------------------------------pseudo_mini_loss sum 1.062368392944336
Micro F1 Score: 0.4666666666666667
Epoch 179, Learning Rate: 0.0025
step  0
----------------------------------------------------------pseudo_mini_loss sum 1.0431770086288452
Micro F1 Score: 0.4000000000000001
Epoch 180, Learning Rate: 0.0025
step  0
----------------------------------------------------------pseudo_mini_loss sum 1.0572365522384644
Micro F1 Score: 0.48333333333333334
Epoch 181, Learning Rate: 0.0025
step  0
----------------------------------------------------------pseudo_mini_loss sum 1.0789744853973389
Micro F1 Score: 0.38333333333333336
Epoch 182, Learning Rate: 0.0025
step  0
----------------------------------------------------------pseudo_mini_loss sum 1.0721672773361206
Micro F1 Score: 0.4000000000000001
Epoch 183, Learning Rate: 0.0025
step  0
----------------------------------------------------------pseudo_mini_loss sum 1.0815263986587524
Micro F1 Score: 0.36666666666666664
Epoch 184, Learning Rate: 0.0025
step  0
----------------------------------------------------------pseudo_mini_loss sum 1.0653812885284424
Micro F1 Score: 0.38333333333333336
Epoch 185, Learning Rate: 0.0025
step  0
----------------------------------------------------------pseudo_mini_loss sum 1.0732274055480957
Micro F1 Score: 0.4000000000000001
Epoch 186, Learning Rate: 0.0025
step  0
----------------------------------------------------------pseudo_mini_loss sum 1.059196949005127
Micro F1 Score: 0.4000000000000001
Epoch 187, Learning Rate: 0.0025
step  0
----------------------------------------------------------pseudo_mini_loss sum 1.059776782989502
Micro F1 Score: 0.4000000000000001
Epoch 188, Learning Rate: 0.0025
step  0
----------------------------------------------------------pseudo_mini_loss sum 1.0603693723678589
Micro F1 Score: 0.4166666666666667
Epoch 189, Learning Rate: 0.0025
step  0
----------------------------------------------------------pseudo_mini_loss sum 1.0511349439620972
Micro F1 Score: 0.4166666666666667
Epoch 190, Learning Rate: 0.0025
step  0
----------------------------------------------------------pseudo_mini_loss sum 1.0601122379302979
Micro F1 Score: 0.45
Epoch 191, Learning Rate: 0.0025
step  0
----------------------------------------------------------pseudo_mini_loss sum 1.0499701499938965
Micro F1 Score: 0.43333333333333335
Epoch 192, Learning Rate: 0.0025
step  0
----------------------------------------------------------pseudo_mini_loss sum 1.0451923608779907
Micro F1 Score: 0.4666666666666667
Epoch 193, Learning Rate: 0.0025
step  0
----------------------------------------------------------pseudo_mini_loss sum 1.074916958808899
Micro F1 Score: 0.3333333333333333
Epoch 194, Learning Rate: 0.0025
step  0
----------------------------------------------------------pseudo_mini_loss sum 1.0619571208953857
Micro F1 Score: 0.4166666666666667
Epoch 195, Learning Rate: 0.0025
step  0
----------------------------------------------------------pseudo_mini_loss sum 1.044054388999939
Micro F1 Score: 0.43333333333333335
Epoch 196, Learning Rate: 0.0025
step  0
----------------------------------------------------------pseudo_mini_loss sum 1.0569120645523071
Micro F1 Score: 0.36666666666666664
Epoch 197, Learning Rate: 0.0025
step  0
----------------------------------------------------------pseudo_mini_loss sum 1.0394721031188965
Micro F1 Score: 0.43333333333333335
Epoch 198, Learning Rate: 0.0025
step  0
----------------------------------------------------------pseudo_mini_loss sum 1.074318289756775
Micro F1 Score: 0.38333333333333336
Epoch 199, Learning Rate: 0.0025
step  0
----------------------------------------------------------pseudo_mini_loss sum 1.066908359527588
Micro F1 Score: 0.4166666666666667
Epoch 200, Learning Rate: 0.0025
step  0
----------------------------------------------------------pseudo_mini_loss sum 1.0675421953201294
Micro F1 Score: 0.43333333333333335
