main start at this time 1691264291.025119
ogbn-arxiv
# Nodes: 169343
# Edges: 2315598
# Train: 90941
# Val: 29799
# Test: 48603
# Classes: 40

in feats:  128
connection checking time:  3.3131470680236816
block generation total time  3.1008450984954834
pure train time  4.564114093780518
-----------------------------------------after optimizer zero grad
 Nvidia-smi: 17.748046875 GB
    Memory Allocated: 0.22294998168945312  GigaBytes
Max Memory Allocated: 11.509702682495117  GigaBytes

----------------------------------------------------------pseudo_mini_loss sum 3.776196002960205
connection checking time:  3.2472543716430664
block generation total time  3.068354606628418
pure train time  4.139066934585571
-----------------------------------------after optimizer zero grad
 Nvidia-smi: 17.748046875 GB
    Memory Allocated: 0.22189950942993164  GigaBytes
Max Memory Allocated: 11.572876930236816  GigaBytes

----------------------------------------------------------pseudo_mini_loss sum 3.190453290939331
connection checking time:  3.286465883255005
block generation total time  3.0354669094085693
pure train time  4.12973690032959
-----------------------------------------after optimizer zero grad
 Nvidia-smi: 17.75 GB
    Memory Allocated: 0.22231578826904297  GigaBytes
Max Memory Allocated: 11.58165979385376  GigaBytes

----------------------------------------------------------pseudo_mini_loss sum 3.608131170272827
loading full batch data spends  0.06609773635864258
connection checking time:  3.2409262657165527
block generation total time  3.056142807006836
generate_dataloader_block spend   8.133082389831543
pure train time  4.155013084411621
-----------------------------------------after optimizer zero grad
 Nvidia-smi: 17.75 GB
    Memory Allocated: 0.2217860221862793  GigaBytes
Max Memory Allocated: 11.58165979385376  GigaBytes

----------------------------------------------------------pseudo_mini_loss sum 3.0821001529693604
loading full batch data spends  0.06848263740539551
connection checking time:  3.2911953926086426
block generation total time  3.092085123062134
generate_dataloader_block spend   8.212968826293945
pure train time  4.155113220214844
-----------------------------------------after optimizer zero grad
 Nvidia-smi: 18.9921875 GB
    Memory Allocated: 0.2228107452392578  GigaBytes
Max Memory Allocated: 11.61658239364624  GigaBytes

----------------------------------------------------------pseudo_mini_loss sum 3.067139148712158
loading full batch data spends  0.0644216537475586
connection checking time:  3.2580723762512207
block generation total time  3.059173345565796
generate_dataloader_block spend   8.14258861541748
pure train time  4.162259340286255
-----------------------------------------after optimizer zero grad
 Nvidia-smi: 19.107421875 GB
    Memory Allocated: 0.2223949432373047  GigaBytes
Max Memory Allocated: 11.619578838348389  GigaBytes

----------------------------------------------------------pseudo_mini_loss sum 3.0676422119140625
loading full batch data spends  0.05445718765258789
connection checking time:  3.285909414291382
block generation total time  3.0404462814331055
generate_dataloader_block spend   8.13928484916687
pure train time  4.14102578163147
-----------------------------------------after optimizer zero grad
 Nvidia-smi: 19.107421875 GB
    Memory Allocated: 0.22243595123291016  GigaBytes
Max Memory Allocated: 11.619578838348389  GigaBytes

----------------------------------------------------------pseudo_mini_loss sum 3.0303945541381836
loading full batch data spends  0.06414008140563965
connection checking time:  3.265535831451416
block generation total time  3.063349485397339
generate_dataloader_block spend   8.146522760391235
pure train time  4.152397155761719
-----------------------------------------after optimizer zero grad
 Nvidia-smi: 19.107421875 GB
    Memory Allocated: 0.22225522994995117  GigaBytes
Max Memory Allocated: 11.619578838348389  GigaBytes

----------------------------------------------------------pseudo_mini_loss sum 2.9610090255737305
loading full batch data spends  0.0395047664642334
connection checking time:  3.2138442993164062
block generation total time  3.029350757598877
generate_dataloader_block spend   8.045816659927368
pure train time  4.1546125411987305
-----------------------------------------after optimizer zero grad
 Nvidia-smi: 19.107421875 GB
    Memory Allocated: 0.22259759902954102  GigaBytes
Max Memory Allocated: 11.619578838348389  GigaBytes

----------------------------------------------------------pseudo_mini_loss sum 2.870300769805908
loading full batch data spends  0.05893850326538086
connection checking time:  3.302633285522461
block generation total time  3.0620663166046143
generate_dataloader_block spend   8.212463140487671
pure train time  4.1706767082214355
-----------------------------------------after optimizer zero grad
 Nvidia-smi: 19.107421875 GB
    Memory Allocated: 0.22178220748901367  GigaBytes
Max Memory Allocated: 11.619578838348389  GigaBytes

----------------------------------------------------------pseudo_mini_loss sum 2.769970417022705
Total (block generation + training)time/epoch 13.316800662449428
pure train time/epoch 4.156014124552409

mean number of num_input_list  891064.3
