main start at this time 1691264905.3651984
ogbn-arxiv
# Nodes: 169343
# Edges: 2315598
# Train: 90941
# Val: 29799
# Test: 48603
# Classes: 40

in feats:  128
connection checking time:  4.384618759155273
block generation total time  3.8879880905151367
pure train time  5.183271884918213
-----------------------------------------after optimizer zero grad
 Nvidia-smi: 12.58984375 GB
    Memory Allocated: 0.21245908737182617  GigaBytes
Max Memory Allocated: 7.921271800994873  GigaBytes

----------------------------------------------------------pseudo_mini_loss sum 3.7769012451171875
connection checking time:  2.879847526550293
block generation total time  3.6596333980560303
pure train time  4.754234075546265
-----------------------------------------after optimizer zero grad
 Nvidia-smi: 12.6015625 GB
    Memory Allocated: 0.2121286392211914  GigaBytes
Max Memory Allocated: 7.931323051452637  GigaBytes

----------------------------------------------------------pseudo_mini_loss sum 3.192049980163574
connection checking time:  4.118321895599365
block generation total time  3.75302791595459
pure train time  4.7365195751190186
-----------------------------------------after optimizer zero grad
 Nvidia-smi: 12.6015625 GB
    Memory Allocated: 0.21300458908081055  GigaBytes
Max Memory Allocated: 7.973221302032471  GigaBytes

----------------------------------------------------------pseudo_mini_loss sum 3.607053518295288
loading full batch data spends  0.07262206077575684
connection checking time:  2.7022995948791504
block generation total time  2.0008513927459717
generate_dataloader_block spend   6.655231237411499
pure train time  4.7508344650268555
-----------------------------------------after optimizer zero grad
 Nvidia-smi: 12.6015625 GB
    Memory Allocated: 0.21195650100708008  GigaBytes
Max Memory Allocated: 7.973221302032471  GigaBytes

----------------------------------------------------------pseudo_mini_loss sum 3.083343267440796
loading full batch data spends  0.07843995094299316
connection checking time:  4.107221603393555
block generation total time  3.735325336456299
generate_dataloader_block spend   9.746009349822998
pure train time  4.746075391769409
-----------------------------------------after optimizer zero grad
 Nvidia-smi: 12.6015625 GB
    Memory Allocated: 0.21134519577026367  GigaBytes
Max Memory Allocated: 7.973221302032471  GigaBytes

----------------------------------------------------------pseudo_mini_loss sum 3.0671749114990234
loading full batch data spends  0.07737898826599121
connection checking time:  2.278836250305176
block generation total time  1.9158036708831787
generate_dataloader_block spend   5.483930587768555
pure train time  4.769083261489868
-----------------------------------------after optimizer zero grad
 Nvidia-smi: 12.6015625 GB
    Memory Allocated: 0.21187305450439453  GigaBytes
Max Memory Allocated: 7.973221302032471  GigaBytes

----------------------------------------------------------pseudo_mini_loss sum 3.0670576095581055
loading full batch data spends  0.08274173736572266
connection checking time:  4.17281436920166
block generation total time  3.6786305904388428
generate_dataloader_block spend   9.624694347381592
pure train time  4.762310266494751
-----------------------------------------after optimizer zero grad
 Nvidia-smi: 12.6015625 GB
    Memory Allocated: 0.21168756484985352  GigaBytes
Max Memory Allocated: 7.973221302032471  GigaBytes

----------------------------------------------------------pseudo_mini_loss sum 3.029193878173828
loading full batch data spends  0.07197713851928711
connection checking time:  4.0376365184783936
block generation total time  3.6307926177978516
generate_dataloader_block spend   9.55076265335083
pure train time  4.79099702835083
-----------------------------------------after optimizer zero grad
 Nvidia-smi: 12.6171875 GB
    Memory Allocated: 0.2116985321044922  GigaBytes
Max Memory Allocated: 7.973221302032471  GigaBytes

----------------------------------------------------------pseudo_mini_loss sum 2.9596011638641357
loading full batch data spends  0.07860541343688965
connection checking time:  4.093683958053589
block generation total time  3.633631706237793
generate_dataloader_block spend   9.411243677139282
pure train time  4.758754014968872
-----------------------------------------after optimizer zero grad
 Nvidia-smi: 13.4140625 GB
    Memory Allocated: 0.21242380142211914  GigaBytes
Max Memory Allocated: 7.998323917388916  GigaBytes

----------------------------------------------------------pseudo_mini_loss sum 2.8696324825286865
loading full batch data spends  0.07866144180297852
connection checking time:  4.057953119277954
block generation total time  3.642740488052368
generate_dataloader_block spend   9.587786674499512
pure train time  4.743452310562134
-----------------------------------------after optimizer zero grad
 Nvidia-smi: 13.4140625 GB
    Memory Allocated: 0.2119588851928711  GigaBytes
Max Memory Allocated: 7.998323917388916  GigaBytes

----------------------------------------------------------pseudo_mini_loss sum 2.7690043449401855
Total (block generation + training)time/epoch 14.548682178769793
pure train time/epoch 4.761778712272644

mean number of num_input_list  1228779.9
