main start at this time 1691264154.422459
ogbn-arxiv
# Nodes: 169343
# Edges: 2315598
# Train: 90941
# Val: 29799
# Test: 48603
# Classes: 40

in feats:  128
connection checking time:  3.084772825241089
block generation total time  2.8764219284057617
pure train time  4.388760805130005
-----------------------------------------after optimizer zero grad
 Nvidia-smi: 18.826171875 GB
    Memory Allocated: 0.22501564025878906  GigaBytes
Max Memory Allocated: 13.11436653137207  GigaBytes

----------------------------------------------------------pseudo_mini_loss sum 3.7761335372924805
connection checking time:  3.0086240768432617
block generation total time  2.8381171226501465
pure train time  3.996708393096924
-----------------------------------------after optimizer zero grad
 Nvidia-smi: 18.826171875 GB
    Memory Allocated: 0.22550153732299805  GigaBytes
Max Memory Allocated: 13.11436653137207  GigaBytes

----------------------------------------------------------pseudo_mini_loss sum 3.1916518211364746
connection checking time:  3.0783400535583496
block generation total time  2.886091709136963
pure train time  3.9732165336608887
-----------------------------------------after optimizer zero grad
 Nvidia-smi: 18.826171875 GB
    Memory Allocated: 0.22497224807739258  GigaBytes
Max Memory Allocated: 13.11436653137207  GigaBytes

----------------------------------------------------------pseudo_mini_loss sum 3.608217239379883
loading full batch data spends  0.06341886520385742
connection checking time:  2.9862160682678223
block generation total time  2.860719919204712
generate_dataloader_block spend   7.691112995147705
pure train time  3.9944405555725098
-----------------------------------------after optimizer zero grad
 Nvidia-smi: 18.826171875 GB
    Memory Allocated: 0.2249741554260254  GigaBytes
Max Memory Allocated: 13.11436653137207  GigaBytes

----------------------------------------------------------pseudo_mini_loss sum 3.0819802284240723
loading full batch data spends  0.066864013671875
connection checking time:  3.023503303527832
block generation total time  2.8342032432556152
generate_dataloader_block spend   7.609857559204102
pure train time  3.9945123195648193
-----------------------------------------after optimizer zero grad
 Nvidia-smi: 18.826171875 GB
    Memory Allocated: 0.22466325759887695  GigaBytes
Max Memory Allocated: 13.11436653137207  GigaBytes

----------------------------------------------------------pseudo_mini_loss sum 3.0669498443603516
loading full batch data spends  0.05550360679626465
connection checking time:  2.9165470600128174
block generation total time  2.8634214401245117
generate_dataloader_block spend   7.438369035720825
pure train time  3.9925882816314697
-----------------------------------------after optimizer zero grad
 Nvidia-smi: 18.826171875 GB
    Memory Allocated: 0.22515296936035156  GigaBytes
Max Memory Allocated: 13.11436653137207  GigaBytes

----------------------------------------------------------pseudo_mini_loss sum 3.068251848220825
loading full batch data spends  0.06420493125915527
connection checking time:  3.003396511077881
block generation total time  2.8130595684051514
generate_dataloader_block spend   7.6620378494262695
pure train time  4.0072362422943115
-----------------------------------------after optimizer zero grad
 Nvidia-smi: 18.826171875 GB
    Memory Allocated: 0.22516155242919922  GigaBytes
Max Memory Allocated: 13.11436653137207  GigaBytes

----------------------------------------------------------pseudo_mini_loss sum 3.0296034812927246
loading full batch data spends  0.06275749206542969
connection checking time:  1.6655147075653076
block generation total time  1.4570109844207764
generate_dataloader_block spend   4.2048609256744385
pure train time  3.9860165119171143
-----------------------------------------after optimizer zero grad
 Nvidia-smi: 18.826171875 GB
    Memory Allocated: 0.22516965866088867  GigaBytes
Max Memory Allocated: 13.131274700164795  GigaBytes

----------------------------------------------------------pseudo_mini_loss sum 2.9616007804870605
loading full batch data spends  0.04761362075805664
connection checking time:  3.043429374694824
block generation total time  2.8648853302001953
generate_dataloader_block spend   7.759002923965454
pure train time  3.9934844970703125
-----------------------------------------after optimizer zero grad
 Nvidia-smi: 18.826171875 GB
    Memory Allocated: 0.2249927520751953  GigaBytes
Max Memory Allocated: 13.131274700164795  GigaBytes

----------------------------------------------------------pseudo_mini_loss sum 2.8709607124328613
loading full batch data spends  0.06363391876220703
connection checking time:  3.0186233520507812
block generation total time  2.8908958435058594
generate_dataloader_block spend   7.716709136962891
pure train time  4.008265018463135
-----------------------------------------after optimizer zero grad
 Nvidia-smi: 18.826171875 GB
    Memory Allocated: 0.2245936393737793  GigaBytes
Max Memory Allocated: 13.131274700164795  GigaBytes

----------------------------------------------------------pseudo_mini_loss sum 2.770153522491455
Total (block generation + training)time/epoch 12.1328843661717
pure train time/epoch 3.9970171451568604

mean number of num_input_list  792394.7
