main start at this time 1690943764.335199
-----------------------------------------before load data 
 Nvidia-smi: 0.166015625 GB
    Memory Allocated: 0.0  GigaBytes
Max Memory Allocated: 0.0  GigaBytes

#nodes: 2449029
#edges: 123718024
#classes: 47
success----------------------------------------
196571
39255
2164782
# Nodes: 2400608
# Edges: 123718024
# Train: 196571
# Val: 39255
# Test: 2164782
# Classes: 47

----------------------------------------start of run function 
 Nvidia-smi: 0.166015625 GB
    Memory Allocated: 0.0  GigaBytes
Max Memory Allocated: 0.0  GigaBytes

full batch src global  848892
full batch dst global  196571
----------------------------------------after load_block_subtensor
 Nvidia-smi: 1.6796875 GB
    Memory Allocated: 0.3182086944580078  GigaBytes
Max Memory Allocated: 0.3182086944580078  GigaBytes

----------------------------------------after block to device
 Nvidia-smi: 1.767578125 GB
    Memory Allocated: 0.3327302932739258  GigaBytes
Max Memory Allocated: 0.3327302932739258  GigaBytes

----------------------------------------after model
 Nvidia-smi: 14.59765625 GB
    Memory Allocated: 11.617899417877197  GigaBytes
Max Memory Allocated: 12.997834205627441  GigaBytes

full batch train ------ loss 4.791177749633789
----------------------------------------after loss
 Nvidia-smi: 14.59765625 GB
    Memory Allocated: 11.652318000793457  GigaBytes
Max Memory Allocated: 12.997834205627441  GigaBytes

----------------------------------------after loss backward
 Nvidia-smi: 14.60546875 GB
    Memory Allocated: 0.3827400207519531  GigaBytes
Max Memory Allocated: 12.997834205627441  GigaBytes


----------------------------------------full batch
 Nvidia-smi: 14.60546875 GB
    Memory Allocated: 0.38341522216796875  GigaBytes
Max Memory Allocated: 12.997834205627441  GigaBytes

full batch src global  847656
full batch dst global  196571
----------------------------------------after load_block_subtensor
 Nvidia-smi: 14.60546875 GB
    Memory Allocated: 0.3530101776123047  GigaBytes
Max Memory Allocated: 12.997834205627441  GigaBytes

----------------------------------------after block to device
 Nvidia-smi: 14.60546875 GB
    Memory Allocated: 0.36753177642822266  GigaBytes
Max Memory Allocated: 12.997834205627441  GigaBytes

----------------------------------------after model
 Nvidia-smi: 15.326171875 GB
    Memory Allocated: 11.617237567901611  GigaBytes
Max Memory Allocated: 13.031577587127686  GigaBytes

full batch train ------ loss 4.1686015129089355
----------------------------------------after loss
 Nvidia-smi: 15.326171875 GB
    Memory Allocated: 11.651655673980713  GigaBytes
Max Memory Allocated: 13.031577587127686  GigaBytes

----------------------------------------after loss backward
 Nvidia-smi: 15.326171875 GB
    Memory Allocated: 0.3827857971191406  GigaBytes
Max Memory Allocated: 13.031577587127686  GigaBytes


----------------------------------------full batch
 Nvidia-smi: 15.326171875 GB
    Memory Allocated: 0.3827857971191406  GigaBytes
Max Memory Allocated: 13.031577587127686  GigaBytes

full batch src global  847814
full batch dst global  196571
----------------------------------------after load_block_subtensor
 Nvidia-smi: 15.326171875 GB
    Memory Allocated: 0.3541402816772461  GigaBytes
Max Memory Allocated: 13.031577587127686  GigaBytes

----------------------------------------after block to device
 Nvidia-smi: 15.326171875 GB
    Memory Allocated: 0.36866188049316406  GigaBytes
Max Memory Allocated: 13.031577587127686  GigaBytes

----------------------------------------after model
 Nvidia-smi: 15.326171875 GB
    Memory Allocated: 11.618277072906494  GigaBytes
Max Memory Allocated: 13.032116413116455  GigaBytes

full batch train ------ loss 3.4648756980895996
----------------------------------------after loss
 Nvidia-smi: 15.326171875 GB
    Memory Allocated: 11.652695178985596  GigaBytes
Max Memory Allocated: 13.032116413116455  GigaBytes

----------------------------------------after loss backward
 Nvidia-smi: 15.326171875 GB
    Memory Allocated: 0.38391590118408203  GigaBytes
Max Memory Allocated: 13.032116413116455  GigaBytes


----------------------------------------full batch
 Nvidia-smi: 15.326171875 GB
    Memory Allocated: 0.38391590118408203  GigaBytes
Max Memory Allocated: 13.032116413116455  GigaBytes

full batch src global  848662
full batch dst global  196571
----------------------------------------after load_block_subtensor
 Nvidia-smi: 15.326171875 GB
    Memory Allocated: 0.35338497161865234  GigaBytes
Max Memory Allocated: 13.032116413116455  GigaBytes

----------------------------------------after block to device
 Nvidia-smi: 15.326171875 GB
    Memory Allocated: 0.3679065704345703  GigaBytes
Max Memory Allocated: 13.032116413116455  GigaBytes

----------------------------------------after model
 Nvidia-smi: 15.326171875 GB
    Memory Allocated: 11.617612361907959  GigaBytes
Max Memory Allocated: 13.032116413116455  GigaBytes

full batch train ------ loss 2.5736944675445557
----------------------------------------after loss
 Nvidia-smi: 15.326171875 GB
    Memory Allocated: 11.65203046798706  GigaBytes
Max Memory Allocated: 13.032116413116455  GigaBytes

----------------------------------------after loss backward
 Nvidia-smi: 15.326171875 GB
    Memory Allocated: 0.3831605911254883  GigaBytes
Max Memory Allocated: 13.032116413116455  GigaBytes


----------------------------------------full batch
 Nvidia-smi: 15.326171875 GB
    Memory Allocated: 0.3831605911254883  GigaBytes
Max Memory Allocated: 13.032116413116455  GigaBytes

full batch src global  848145
full batch dst global  196571
----------------------------------------after load_block_subtensor
 Nvidia-smi: 15.326171875 GB
    Memory Allocated: 0.3536396026611328  GigaBytes
Max Memory Allocated: 13.032116413116455  GigaBytes

----------------------------------------after block to device
 Nvidia-smi: 15.326171875 GB
    Memory Allocated: 0.3681612014770508  GigaBytes
Max Memory Allocated: 13.032116413116455  GigaBytes

----------------------------------------after model
 Nvidia-smi: 15.326171875 GB
    Memory Allocated: 11.61786699295044  GigaBytes
Max Memory Allocated: 13.032207012176514  GigaBytes

full batch train ------ loss 2.6083624362945557
----------------------------------------after loss
 Nvidia-smi: 15.326171875 GB
    Memory Allocated: 11.652285099029541  GigaBytes
Max Memory Allocated: 13.032207012176514  GigaBytes

----------------------------------------after loss backward
 Nvidia-smi: 15.326171875 GB
    Memory Allocated: 0.38341522216796875  GigaBytes
Max Memory Allocated: 13.032207012176514  GigaBytes


----------------------------------------full batch
 Nvidia-smi: 15.326171875 GB
    Memory Allocated: 0.38341522216796875  GigaBytes
Max Memory Allocated: 13.032207012176514  GigaBytes

full batch src global  848281
full batch dst global  196571
----------------------------------------after load_block_subtensor
 Nvidia-smi: 15.326171875 GB
    Memory Allocated: 0.3537435531616211  GigaBytes
Max Memory Allocated: 13.032207012176514  GigaBytes

----------------------------------------after block to device
 Nvidia-smi: 15.326171875 GB
    Memory Allocated: 0.36826515197753906  GigaBytes
Max Memory Allocated: 13.032207012176514  GigaBytes

----------------------------------------after model
 Nvidia-smi: 15.326171875 GB
    Memory Allocated: 11.61788034439087  GigaBytes
Max Memory Allocated: 13.032207012176514  GigaBytes

full batch train ------ loss 1.7723709344863892
----------------------------------------after loss
 Nvidia-smi: 15.326171875 GB
    Memory Allocated: 11.65229845046997  GigaBytes
Max Memory Allocated: 13.032207012176514  GigaBytes

----------------------------------------after loss backward
 Nvidia-smi: 15.326171875 GB
    Memory Allocated: 0.38351917266845703  GigaBytes
Max Memory Allocated: 13.032207012176514  GigaBytes


----------------------------------------full batch
 Nvidia-smi: 15.326171875 GB
    Memory Allocated: 0.38351917266845703  GigaBytes
Max Memory Allocated: 13.032207012176514  GigaBytes

full batch src global  848521
full batch dst global  196571
----------------------------------------after load_block_subtensor
 Nvidia-smi: 15.326171875 GB
    Memory Allocated: 0.35333251953125  GigaBytes
Max Memory Allocated: 13.032207012176514  GigaBytes

----------------------------------------after block to device
 Nvidia-smi: 15.326171875 GB
    Memory Allocated: 0.36785411834716797  GigaBytes
Max Memory Allocated: 13.032207012176514  GigaBytes

----------------------------------------after model
 Nvidia-smi: 15.326171875 GB
    Memory Allocated: 11.617559909820557  GigaBytes
Max Memory Allocated: 13.032207012176514  GigaBytes

full batch train ------ loss 1.7147259712219238
----------------------------------------after loss
 Nvidia-smi: 15.326171875 GB
    Memory Allocated: 11.651978015899658  GigaBytes
Max Memory Allocated: 13.032207012176514  GigaBytes

----------------------------------------after loss backward
 Nvidia-smi: 15.326171875 GB
    Memory Allocated: 0.38310813903808594  GigaBytes
Max Memory Allocated: 13.032207012176514  GigaBytes


----------------------------------------full batch
 Nvidia-smi: 15.326171875 GB
    Memory Allocated: 0.38310813903808594  GigaBytes
Max Memory Allocated: 13.032207012176514  GigaBytes

full batch src global  848144
full batch dst global  196571
----------------------------------------after load_block_subtensor
 Nvidia-smi: 15.326171875 GB
    Memory Allocated: 0.3532428741455078  GigaBytes
Max Memory Allocated: 13.032207012176514  GigaBytes

----------------------------------------after block to device
 Nvidia-smi: 15.326171875 GB
    Memory Allocated: 0.3677644729614258  GigaBytes
Max Memory Allocated: 13.032207012176514  GigaBytes

----------------------------------------after model
 Nvidia-smi: 15.326171875 GB
    Memory Allocated: 11.617470264434814  GigaBytes
Max Memory Allocated: 13.032207012176514  GigaBytes

full batch train ------ loss 1.6542432308197021
----------------------------------------after loss
 Nvidia-smi: 15.326171875 GB
    Memory Allocated: 11.651888370513916  GigaBytes
Max Memory Allocated: 13.032207012176514  GigaBytes

----------------------------------------after loss backward
 Nvidia-smi: 15.326171875 GB
    Memory Allocated: 0.38301849365234375  GigaBytes
Max Memory Allocated: 13.032207012176514  GigaBytes


----------------------------------------full batch
 Nvidia-smi: 15.326171875 GB
    Memory Allocated: 0.38301849365234375  GigaBytes
Max Memory Allocated: 13.032207012176514  GigaBytes

full batch src global  848286
full batch dst global  196571
----------------------------------------after load_block_subtensor
 Nvidia-smi: 15.326171875 GB
    Memory Allocated: 0.3541402816772461  GigaBytes
Max Memory Allocated: 13.032207012176514  GigaBytes

----------------------------------------after block to device
 Nvidia-smi: 15.326171875 GB
    Memory Allocated: 0.36866188049316406  GigaBytes
Max Memory Allocated: 13.032207012176514  GigaBytes

----------------------------------------after model
 Nvidia-smi: 15.326171875 GB
    Memory Allocated: 11.618277072906494  GigaBytes
Max Memory Allocated: 13.032207012176514  GigaBytes

full batch train ------ loss 1.4637092351913452
----------------------------------------after loss
 Nvidia-smi: 15.326171875 GB
    Memory Allocated: 11.652695178985596  GigaBytes
Max Memory Allocated: 13.032207012176514  GigaBytes

----------------------------------------after loss backward
 Nvidia-smi: 15.326171875 GB
    Memory Allocated: 0.38391590118408203  GigaBytes
Max Memory Allocated: 13.032207012176514  GigaBytes


----------------------------------------full batch
 Nvidia-smi: 15.326171875 GB
    Memory Allocated: 0.38391590118408203  GigaBytes
Max Memory Allocated: 13.032207012176514  GigaBytes

full batch src global  847766
full batch dst global  196571
----------------------------------------after load_block_subtensor
 Nvidia-smi: 15.326171875 GB
    Memory Allocated: 0.35305118560791016  GigaBytes
Max Memory Allocated: 13.032207012176514  GigaBytes

----------------------------------------after block to device
 Nvidia-smi: 15.326171875 GB
    Memory Allocated: 0.3675727844238281  GigaBytes
Max Memory Allocated: 13.032207012176514  GigaBytes

----------------------------------------after model
 Nvidia-smi: 15.326171875 GB
    Memory Allocated: 11.617278575897217  GigaBytes
Max Memory Allocated: 13.032207012176514  GigaBytes

full batch train ------ loss 1.288139820098877
----------------------------------------after loss
 Nvidia-smi: 15.326171875 GB
    Memory Allocated: 11.651696681976318  GigaBytes
Max Memory Allocated: 13.032207012176514  GigaBytes

----------------------------------------after loss backward
 Nvidia-smi: 15.326171875 GB
    Memory Allocated: 0.3828268051147461  GigaBytes
Max Memory Allocated: 13.032207012176514  GigaBytes


----------------------------------------full batch
 Nvidia-smi: 15.326171875 GB
    Memory Allocated: 0.3828268051147461  GigaBytes
Max Memory Allocated: 13.032207012176514  GigaBytes

end to end time  0.45317864418029785
Total (block generation + training)time/epoch 0.45317864418029785
pure train time per /epoch  []
pure train time average  nan
input num list  []
