main start at this time 1691303634.0514011
#nodes: 2449029
#edges: 123718024
#classes: 47
success----------------------------------------
196571
39255
2164782
# Nodes: 2400608
# Edges: 123718024
# Train: 196571
# Val: 39255
# Test: 2164782
# Classes: 47

in feats:  100
connection checking time:  52.359715938568115
block generation total time  42.85303974151611
pure train time  5.412242889404297
-----------------------------------------after optimizer zero grad
 Nvidia-smi: 16.244140625 GB
    Memory Allocated: 0.4830012321472168  GigaBytes
Max Memory Allocated: 14.564084529876709  GigaBytes

----------------------------------------------------------pseudo_mini_loss sum 5.2009196281433105
connection checking time:  52.880682945251465
block generation total time  41.57028794288635
pure train time  4.752987623214722
-----------------------------------------after optimizer zero grad
 Nvidia-smi: 17.013671875 GB
    Memory Allocated: 0.48360633850097656  GigaBytes
Max Memory Allocated: 14.591737747192383  GigaBytes

----------------------------------------------------------pseudo_mini_loss sum 4.900889873504639
connection checking time:  51.18690800666809
block generation total time  41.782490491867065
pure train time  4.684844970703125
-----------------------------------------after optimizer zero grad
 Nvidia-smi: 17.771484375 GB
    Memory Allocated: 0.4855055809020996  GigaBytes
Max Memory Allocated: 14.61831521987915  GigaBytes

----------------------------------------------------------pseudo_mini_loss sum 4.598921775817871
loading full batch data spends  0.6907896995544434
connection checking time:  50.86499381065369
block generation total time  41.501680850982666
generate_dataloader_block spend   106.1616747379303
pure train time  4.770442724227905
-----------------------------------------after optimizer zero grad
 Nvidia-smi: 17.771484375 GB
    Memory Allocated: 0.4843759536743164  GigaBytes
Max Memory Allocated: 14.61831521987915  GigaBytes

----------------------------------------------------------pseudo_mini_loss sum 4.308670997619629
loading full batch data spends  0.7346317768096924
connection checking time:  51.39118766784668
block generation total time  41.698606729507446
generate_dataloader_block spend   107.63282871246338
pure train time  4.647681713104248
-----------------------------------------after optimizer zero grad
 Nvidia-smi: 18.53125 GB
    Memory Allocated: 0.4847550392150879  GigaBytes
Max Memory Allocated: 14.61831521987915  GigaBytes

----------------------------------------------------------pseudo_mini_loss sum 4.040798664093018
loading full batch data spends  0.7593040466308594
connection checking time:  51.07115602493286
block generation total time  41.12607264518738
generate_dataloader_block spend   106.71424865722656
pure train time  4.628005743026733
-----------------------------------------after optimizer zero grad
 Nvidia-smi: 18.533203125 GB
    Memory Allocated: 0.48433732986450195  GigaBytes
Max Memory Allocated: 14.61831521987915  GigaBytes

----------------------------------------------------------pseudo_mini_loss sum 3.807051420211792
loading full batch data spends  0.7111573219299316
connection checking time:  51.434152364730835
block generation total time  41.02101469039917
generate_dataloader_block spend   106.8880500793457
pure train time  4.840059995651245
-----------------------------------------after optimizer zero grad
 Nvidia-smi: 18.53515625 GB
    Memory Allocated: 0.48394298553466797  GigaBytes
Max Memory Allocated: 14.61831521987915  GigaBytes

----------------------------------------------------------pseudo_mini_loss sum 3.618191957473755
loading full batch data spends  0.7598001956939697
connection checking time:  51.672114610672
block generation total time  42.090707302093506
generate_dataloader_block spend   108.21094012260437
pure train time  4.859107494354248
-----------------------------------------after optimizer zero grad
 Nvidia-smi: 18.53515625 GB
    Memory Allocated: 0.4841275215148926  GigaBytes
Max Memory Allocated: 14.61831521987915  GigaBytes

----------------------------------------------------------pseudo_mini_loss sum 3.4909448623657227
loading full batch data spends  0.8616836071014404
connection checking time:  52.53072547912598
block generation total time  41.23259139060974
generate_dataloader_block spend   108.32505869865417
pure train time  4.711913824081421
-----------------------------------------after optimizer zero grad
 Nvidia-smi: 18.53515625 GB
    Memory Allocated: 0.48382043838500977  GigaBytes
Max Memory Allocated: 14.619806289672852  GigaBytes

----------------------------------------------------------pseudo_mini_loss sum 3.3715715408325195
loading full batch data spends  0.7511060237884521
connection checking time:  51.68712520599365
block generation total time  41.69470763206482
generate_dataloader_block spend   107.78933215141296
pure train time  4.547421216964722
-----------------------------------------after optimizer zero grad
 Nvidia-smi: 18.53515625 GB
    Memory Allocated: 0.48391151428222656  GigaBytes
Max Memory Allocated: 14.619806289672852  GigaBytes

----------------------------------------------------------pseudo_mini_loss sum 3.2460830211639404
Total (block generation + training)time/epoch 116.32250268118722
pure train time/epoch 4.705698331197103

num_input_list  [16521795, 16524158, 16522974, 16521255, 16526611, 16522423, 16520639, 16522264, 16517246, 16526290]
