main start at this time 1691291009.0803177
ogbn-arxiv
# Nodes: 169343
# Edges: 2315598
# Train: 90941
# Val: 29799
# Test: 48603
# Classes: 40

in feats:  128
connection checking time:  3.595794677734375
block generation total time  3.2109994888305664
pure train time  4.724365711212158
-----------------------------------------after optimizer zero grad
 Nvidia-smi: 15.86328125 GB
    Memory Allocated: 0.21932029724121094  GigaBytes
Max Memory Allocated: 10.400454044342041  GigaBytes

----------------------------------------------------------pseudo_mini_loss sum 3.775757074356079
connection checking time:  3.604167938232422
block generation total time  3.2428629398345947
pure train time  4.346378326416016
-----------------------------------------after optimizer zero grad
 Nvidia-smi: 15.876953125 GB
    Memory Allocated: 0.21959972381591797  GigaBytes
Max Memory Allocated: 10.400454044342041  GigaBytes

----------------------------------------------------------pseudo_mini_loss sum 3.1917295455932617
connection checking time:  1.9782001972198486
block generation total time  1.7227668762207031
pure train time  4.293579816818237
-----------------------------------------after optimizer zero grad
 Nvidia-smi: 15.876953125 GB
    Memory Allocated: 0.21951913833618164  GigaBytes
Max Memory Allocated: 10.448883533477783  GigaBytes

----------------------------------------------------------pseudo_mini_loss sum 3.6076135635375977
loading full batch data spends  0.06594729423522949
connection checking time:  3.6610517501831055
block generation total time  3.324404239654541
generate_dataloader_block spend   8.865575790405273
pure train time  4.3316168785095215
-----------------------------------------after optimizer zero grad
 Nvidia-smi: 15.876953125 GB
    Memory Allocated: 0.2194986343383789  GigaBytes
Max Memory Allocated: 10.448883533477783  GigaBytes

----------------------------------------------------------pseudo_mini_loss sum 3.0798351764678955
loading full batch data spends  0.06789994239807129
connection checking time:  3.6412198543548584
block generation total time  3.3889551162719727
generate_dataloader_block spend   8.913150310516357
pure train time  4.3154308795928955
-----------------------------------------after optimizer zero grad
 Nvidia-smi: 15.89453125 GB
    Memory Allocated: 0.2196197509765625  GigaBytes
Max Memory Allocated: 10.448883533477783  GigaBytes

----------------------------------------------------------pseudo_mini_loss sum 3.0671558380126953
Total (block generation + training)time/epoch 14.307004690170288
pure train time/epoch 4.3154308795928955

num_input_list  [983659, 983319, 984745, 983508, 982741]
