main start at this time 1691290862.4782841
ogbn-arxiv
# Nodes: 169343
# Edges: 2315598
# Train: 90941
# Val: 29799
# Test: 48603
# Classes: 40

in feats:  128
connection checking time:  3.1396231651306152
block generation total time  2.851608991622925
pure train time  4.394857406616211
-----------------------------------------after optimizer zero grad
 Nvidia-smi: 18.41796875 GB
    Memory Allocated: 0.22504949569702148  GigaBytes
Max Memory Allocated: 13.148845195770264  GigaBytes

----------------------------------------------------------pseudo_mini_loss sum 3.7759978771209717
connection checking time:  3.060018539428711
block generation total time  2.8267664909362793
pure train time  3.9896390438079834
-----------------------------------------after optimizer zero grad
 Nvidia-smi: 18.41796875 GB
    Memory Allocated: 0.22523927688598633  GigaBytes
Max Memory Allocated: 13.148845195770264  GigaBytes

----------------------------------------------------------pseudo_mini_loss sum 3.191092014312744
connection checking time:  3.054980516433716
block generation total time  2.835937023162842
pure train time  3.993579864501953
-----------------------------------------after optimizer zero grad
 Nvidia-smi: 18.41796875 GB
    Memory Allocated: 0.22607755661010742  GigaBytes
Max Memory Allocated: 13.148845195770264  GigaBytes

----------------------------------------------------------pseudo_mini_loss sum 3.6091761589050293
loading full batch data spends  0.07338714599609375
connection checking time:  3.139455556869507
block generation total time  2.853257179260254
generate_dataloader_block spend   7.85538125038147
pure train time  4.027079343795776
-----------------------------------------after optimizer zero grad
 Nvidia-smi: 18.41796875 GB
    Memory Allocated: 0.22570371627807617  GigaBytes
Max Memory Allocated: 13.20811414718628  GigaBytes

----------------------------------------------------------pseudo_mini_loss sum 3.0831005573272705
loading full batch data spends  0.06655502319335938
connection checking time:  1.6698846817016602
block generation total time  1.4617040157318115
generate_dataloader_block spend   4.446062088012695
pure train time  3.989989757537842
-----------------------------------------after optimizer zero grad
 Nvidia-smi: 18.421875 GB
    Memory Allocated: 0.22540807723999023  GigaBytes
Max Memory Allocated: 13.20811414718628  GigaBytes

----------------------------------------------------------pseudo_mini_loss sum 3.0691630840301514
Total (block generation + training)time/epoch 11.153910636901855
pure train time/epoch 3.989989757537842

num_input_list  [792230, 791873, 792504, 792336, 792492]
