main start at this time 1691291089.7456317
ogbn-arxiv
# Nodes: 169343
# Edges: 2315598
# Train: 90941
# Val: 29799
# Test: 48603
# Classes: 40

in feats:  128
connection checking time:  3.731865882873535
block generation total time  3.3602890968322754
pure train time  4.819668531417847
-----------------------------------------after optimizer zero grad
 Nvidia-smi: 13.462890625 GB
    Memory Allocated: 0.2174692153930664  GigaBytes
Max Memory Allocated: 9.337440967559814  GigaBytes

----------------------------------------------------------pseudo_mini_loss sum 3.7759149074554443
connection checking time:  3.7205419540405273
block generation total time  3.37748646736145
pure train time  4.411375999450684
-----------------------------------------after optimizer zero grad
 Nvidia-smi: 13.5078125 GB
    Memory Allocated: 0.21727943420410156  GigaBytes
Max Memory Allocated: 9.337884902954102  GigaBytes

----------------------------------------------------------pseudo_mini_loss sum 3.1919784545898438
connection checking time:  3.762399196624756
block generation total time  3.3945963382720947
pure train time  4.423130035400391
-----------------------------------------after optimizer zero grad
 Nvidia-smi: 13.513671875 GB
    Memory Allocated: 0.21742820739746094  GigaBytes
Max Memory Allocated: 9.392439842224121  GigaBytes

----------------------------------------------------------pseudo_mini_loss sum 3.60422420501709
loading full batch data spends  0.07219195365905762
connection checking time:  3.8528292179107666
block generation total time  3.4623587131500244
generate_dataloader_block spend   9.285362958908081
pure train time  4.39850640296936
-----------------------------------------after optimizer zero grad
 Nvidia-smi: 13.513671875 GB
    Memory Allocated: 0.2178659439086914  GigaBytes
Max Memory Allocated: 9.396183013916016  GigaBytes

----------------------------------------------------------pseudo_mini_loss sum 3.083850860595703
loading full batch data spends  0.07474827766418457
connection checking time:  3.7686169147491455
block generation total time  3.3977653980255127
generate_dataloader_block spend   9.06666088104248
pure train time  4.4296555519104
-----------------------------------------after optimizer zero grad
 Nvidia-smi: 13.513671875 GB
    Memory Allocated: 0.2173290252685547  GigaBytes
Max Memory Allocated: 9.396183013916016  GigaBytes

----------------------------------------------------------pseudo_mini_loss sum 3.0686471462249756
Total (block generation + training)time/epoch 14.712416291236877
pure train time/epoch 4.4296555519104

num_input_list  [1070104, 1069599, 1070603, 1069615, 1069030]
