main start at this time 1693439882.111065
success----------------------------------------
153431
23831
55703
# Nodes: 232965
# Edges: 114615892
# Train: 153431
# Val: 23831
# Test: 55703
# Classes: 41

#nodes: 232965
#edges: 114615892
#classes: 41
in feats:  602
random partition time  0.026259899139404297
connection checking time:  0
block generation total time  0
pure train time  0.8029212951660156
-----------------------------------------after optimizer zero grad
 Nvidia-smi: 17.298828125 GB
    Memory Allocated: 0.4003939628601074  GigaBytes
Max Memory Allocated: 14.89089298248291  GigaBytes

----------------------------------------------------------pseudo_mini_loss sum 5.1675567626953125
random partition time  0.02591872215270996
connection checking time:  0
block generation total time  0
pure train time  0.19225668907165527
-----------------------------------------after optimizer zero grad
 Nvidia-smi: 17.302734375 GB
    Memory Allocated: 0.4007234573364258  GigaBytes
Max Memory Allocated: 14.914863586425781  GigaBytes

----------------------------------------------------------pseudo_mini_loss sum 4.246783256530762
random partition time  0.04020810127258301
connection checking time:  0
block generation total time  0
pure train time  0.18350458145141602
-----------------------------------------after optimizer zero grad
 Nvidia-smi: 17.302734375 GB
    Memory Allocated: 0.4011039733886719  GigaBytes
Max Memory Allocated: 14.914863586425781  GigaBytes

----------------------------------------------------------pseudo_mini_loss sum 3.7482757568359375
loading full batch data spends  0.040289878845214844
random partition time  0.02599644660949707
connection checking time:  0
block generation total time  0
generate_dataloader_block spend   3.5368123054504395
pure train time  0.1827836036682129
-----------------------------------------after optimizer zero grad
 Nvidia-smi: 18.953125 GB
    Memory Allocated: 0.4005274772644043  GigaBytes
Max Memory Allocated: 14.923330307006836  GigaBytes

----------------------------------------------------------pseudo_mini_loss sum 3.3118369579315186
loading full batch data spends  0.045726776123046875
random partition time  0.025008440017700195
connection checking time:  0
block generation total time  0
generate_dataloader_block spend   3.517005205154419
pure train time  0.1811811923980713
-----------------------------------------after optimizer zero grad
 Nvidia-smi: 18.953125 GB
    Memory Allocated: 0.40098142623901367  GigaBytes
Max Memory Allocated: 14.951094627380371  GigaBytes

----------------------------------------------------------pseudo_mini_loss sum 2.9377284049987793
Total (block generation + training)time/epoch 5.937249779701233
pure train time/epoch 0.1811811923980713

num_input_list  [612705, 612632, 612309, 613081, 612563]
