main start at this time 1693440087.532553
success----------------------------------------
153431
23831
55703
# Nodes: 232965
# Edges: 114615892
# Train: 153431
# Val: 23831
# Test: 55703
# Classes: 41

#nodes: 232965
#edges: 114615892
#classes: 41
in feats:  602
range parition 
range partition time  0.06812453269958496
connection checking time:  0
block generation total time  0
pure train time  0.8403911590576172
-----------------------------------------after optimizer zero grad
 Nvidia-smi: 22.421875 GB
    Memory Allocated: 0.4425926208496094  GigaBytes
Max Memory Allocated: 19.766212940216064  GigaBytes

----------------------------------------------------------pseudo_mini_loss sum 5.167557239532471
range parition 
range partition time  0.06869363784790039
connection checking time:  0
block generation total time  0
pure train time  0.17340326309204102
-----------------------------------------after optimizer zero grad
 Nvidia-smi: 23.53515625 GB
    Memory Allocated: 0.44151782989501953  GigaBytes
Max Memory Allocated: 19.78141212463379  GigaBytes

----------------------------------------------------------pseudo_mini_loss sum 4.246783256530762
range parition 
range partition time  0.06773710250854492
connection checking time:  0
block generation total time  0
pure train time  0.14667630195617676
-----------------------------------------after optimizer zero grad
 Nvidia-smi: 23.537109375 GB
    Memory Allocated: 0.44116735458374023  GigaBytes
Max Memory Allocated: 19.790868759155273  GigaBytes

----------------------------------------------------------pseudo_mini_loss sum 3.7482757568359375
loading full batch data spends  0.03263974189758301
range parition 
range partition time  0.06810164451599121
connection checking time:  0
block generation total time  0
generate_dataloader_block spend   3.3683676719665527
pure train time  0.14729952812194824
-----------------------------------------after optimizer zero grad
 Nvidia-smi: 23.537109375 GB
    Memory Allocated: 0.44258689880371094  GigaBytes
Max Memory Allocated: 19.790868759155273  GigaBytes

----------------------------------------------------------pseudo_mini_loss sum 3.3118364810943604
loading full batch data spends  0.03442049026489258
range parition 
range partition time  0.06894087791442871
connection checking time:  0
block generation total time  0
generate_dataloader_block spend   3.4159955978393555
pure train time  0.14656877517700195
-----------------------------------------after optimizer zero grad
 Nvidia-smi: 23.537109375 GB
    Memory Allocated: 0.44207239151000977  GigaBytes
Max Memory Allocated: 19.790868759155273  GigaBytes

----------------------------------------------------------pseudo_mini_loss sum 2.9377288818359375
Total (block generation + training)time/epoch 5.719836235046387
pure train time/epoch 0.14656877517700195

num_input_list  [510517, 510737, 510331, 511106, 510872]
