main start at this time 1693440237.1073089
success----------------------------------------
153431
23831
55703
# Nodes: 232965
# Edges: 114615892
# Train: 153431
# Val: 23831
# Test: 55703
# Classes: 41

#nodes: 232965
#edges: 114615892
#classes: 41
in feats:  602
range parition 
range partition time  0.054299116134643555
connection checking time:  0
block generation total time  0
pure train time  0.806340217590332
-----------------------------------------after optimizer zero grad
 Nvidia-smi: 12.646484375 GB
    Memory Allocated: 0.3377399444580078  GigaBytes
Max Memory Allocated: 10.00877857208252  GigaBytes

----------------------------------------------------------pseudo_mini_loss sum 5.1675567626953125
range parition 
range partition time  0.06985139846801758
connection checking time:  0
block generation total time  0
pure train time  0.26494908332824707
-----------------------------------------after optimizer zero grad
 Nvidia-smi: 12.650390625 GB
    Memory Allocated: 0.3390069007873535  GigaBytes
Max Memory Allocated: 10.034186840057373  GigaBytes

----------------------------------------------------------pseudo_mini_loss sum 4.246783256530762
range parition 
range partition time  0.07260966300964355
connection checking time:  0
block generation total time  0
pure train time  0.25992822647094727
-----------------------------------------after optimizer zero grad
 Nvidia-smi: 12.650390625 GB
    Memory Allocated: 0.33900880813598633  GigaBytes
Max Memory Allocated: 10.034186840057373  GigaBytes

----------------------------------------------------------pseudo_mini_loss sum 3.748276710510254
loading full batch data spends  0.04438042640686035
range parition 
range partition time  0.07251763343811035
connection checking time:  0
block generation total time  0
generate_dataloader_block spend   4.239438056945801
pure train time  0.25975513458251953
-----------------------------------------after optimizer zero grad
 Nvidia-smi: 12.650390625 GB
    Memory Allocated: 0.3380007743835449  GigaBytes
Max Memory Allocated: 10.034186840057373  GigaBytes

----------------------------------------------------------pseudo_mini_loss sum 3.3118367195129395
loading full batch data spends  0.07530641555786133
range parition 
range partition time  0.06943345069885254
connection checking time:  0
block generation total time  0
generate_dataloader_block spend   3.701510429382324
pure train time  0.2602245807647705
-----------------------------------------after optimizer zero grad
 Nvidia-smi: 12.650390625 GB
    Memory Allocated: 0.33928346633911133  GigaBytes
Max Memory Allocated: 10.034186840057373  GigaBytes

----------------------------------------------------------pseudo_mini_loss sum 2.9377291202545166
Total (block generation + training)time/epoch 6.553288698196411
pure train time/epoch 0.2602245807647705

num_input_list  [766155, 766037, 765853, 765829, 766031]
