main start at this time 1699506694.5186193
success----------------------------------------
153431
23831
55703
# Nodes: 232965
# Edges: 114615892
# Train: 153431
# Val: 23831
# Test: 55703
# Classes: 41

#nodes: 232965
#edges: 114615892
#classes: 41
in feats:  602
self._in_src_feats,  602
self._in_dst_feats 602
Epoch 1, Learning Rate: 0.001
---||-----||-----||-----||-----||-----||-----||-----||-----||-----||-----||-----||-----||-----||-----||-----||-----||-----||-----||-----||--
self.K  160
G_BUCKET_ID_list [[23], [5, 1], [22], [6, 2], [21], [0, 3], [20], [18], [19], [16], [17], [14], [15], [12], [13], [11], [10], [9], [8], [7], [4]]
Groups_mem_list  [[2593], [1427, 1151], [2518], [1482, 996], [2474], [1339, 1133], [2454], [2338], [2277], [2199], [2177], [2164], [2137], [2075], [2026], [1915], [1872], [1678], [1611], [1609], [1273], [1273]]
G_BUCKET_ID_list length 21
backpack scheduling spend  0.11755943298339844
21
160
current group_mem  2.593600036529913
current group_mem  2.578288437755119
current group_mem  2.518576996875674
current group_mem  2.4788913927468563
current group_mem  2.4747481289605364
current group_mem  2.472064271284017
current group_mem  2.454792454762997
current group_mem  2.3384675421966064
current group_mem  2.2770233221822953
current group_mem  2.1997352567082333
current group_mem  2.1771046663129945
current group_mem  2.1645393796554804
current group_mem  2.1370398432040925
current group_mem  2.0752913576516465
current group_mem  2.0264824781498296
current group_mem  1.915525670833232
current group_mem  1.8729928371372757
current group_mem  1.6784923510901304
current group_mem  1.6116104018773965
current group_mem  1.6097993905165318
current group_mem  1.273968707844615
batches output list generation spend  0.0007331371307373047
bkt_dst_nodes_list = self.get_in_degree_bucketing() spend:  0.018819570541381836
self.gen_batches_seeds_list(bkt_dst_nodes_list_local) spend  0.12070202827453613
num_output  135623
self.output_nids  153431
output nodes length not match !!!!
partition total batch output list spend :  3.885956048965454
self.buckets_partition() spend  sec:  0.13953351974487305
check connections block*********************************

the find indices time spent  0.06552696228027344

in edges time spent  0.7960779666900635
local to global src and eids time spent  2.127840518951416
time gen tails  0.44823551177978516
res  length 160

block_gen_time in "generate_blocks_for_one_layer_block"  1.646209478378296

----------------------------------------
check connections block*********************************

the find indices time spent  0.781109094619751

in edges time spent  6.291191339492798
local to global src and eids time spent  14.197453737258911
time gen tails  2.6830999851226807
res  length 160

block_gen_time in "generate_blocks_for_one_layer_block"  14.784294843673706

block collection to dataloader spend  0.00025653839111328125
step  0
step  1
step  2
step  3
step  4
step  5
step  6
step  7
step  8
step  9
step  10
step  11
step  12
step  13
step  14
step  15
step  16
step  17
step  18
step  19
step  20
step  21
step  22
step  23
step  24
step  25
step  26
step  27
step  28
step  29
step  30
step  31
step  32
step  33
step  34
step  35
step  36
step  37
step  38
step  39
step  40
step  41
step  42
step  43
step  44
step  45
step  46
step  47
step  48
step  49
step  50
step  51
step  52
step  53
step  54
step  55
step  56
step  57
step  58
step  59
step  60
step  61
step  62
step  63
step  64
step  65
step  66
step  67
step  68
step  69
step  70
step  71
step  72
step  73
step  74
step  75
step  76
step  77
step  78
step  79
step  80
step  81
step  82
step  83
step  84
step  85
step  86
step  87
step  88
step  89
step  90
step  91
step  92
step  93
step  94
step  95
step  96
step  97
step  98
step  99
step  100
step  101
step  102
step  103
step  104
step  105
step  106
step  107
step  108
step  109
step  110
step  111
step  112
step  113
step  114
step  115
step  116
step  117
step  118
step  119
step  120
step  121
step  122
step  123
step  124
step  125
step  126
step  127
step  128
step  129
step  130
step  131
step  132
step  133
step  134
step  135
step  136
step  137
step  138
step  139
step  140
step  141
step  142
step  143
step  144
step  145
step  146
step  147
step  148
step  149
step  150
step  151
step  152
step  153
step  154
step  155
step  156
step  157
step  158
step  159
-----------------------------------------after optimizer zero grad
 Nvidia-smi: 22.39453125 GB
    Memory Allocated: 1.1365513801574707  GigaBytes
Max Memory Allocated: 14.83088731765747  GigaBytes

----------------------------------------------------------pseudo_mini_loss sum 3.3004250526428223
Epoch 2, Learning Rate: 0.001
---||-----||-----||-----||-----||-----||-----||-----||-----||-----||-----||-----||-----||-----||-----||-----||-----||-----||-----||-----||--
self.K  160
G_BUCKET_ID_list [[23], [5, 1], [22], [6, 2], [21], [0, 3], [20], [18], [19], [16], [17], [14], [15], [12], [13], [11], [10], [9], [8], [7], [4]]
Groups_mem_list  [[2593], [1427, 1151], [2518], [1482, 996], [2474], [1339, 1133], [2454], [2338], [2277], [2199], [2177], [2164], [2137], [2075], [2026], [1915], [1872], [1678], [1611], [1609], [1273], [1273]]
G_BUCKET_ID_list length 21
backpack scheduling spend  0.46402454376220703
21
160
current group_mem  2.593600036529913
current group_mem  2.578288437755119
current group_mem  2.518576996875674
current group_mem  2.4788913927468563
current group_mem  2.4747481289605364
current group_mem  2.472064271284017
current group_mem  2.454792454762997
current group_mem  2.3384675421966064
current group_mem  2.2770233221822953
current group_mem  2.1997352567082333
current group_mem  2.1771046663129945
current group_mem  2.1645393796554804
current group_mem  2.1370398432040925
current group_mem  2.0752913576516465
current group_mem  2.0264824781498296
current group_mem  1.915525670833232
current group_mem  1.8729928371372757
current group_mem  1.6784923510901304
current group_mem  1.6116104018773965
current group_mem  1.6097993905165318
current group_mem  1.273968707844615
batches output list generation spend  0.0004353523254394531
bkt_dst_nodes_list = self.get_in_degree_bucketing() spend:  0.02143383026123047
self.gen_batches_seeds_list(bkt_dst_nodes_list_local) spend  0.465470552444458
num_output  135623
self.output_nids  153431
output nodes length not match !!!!
partition total batch output list spend :  7.012751579284668
self.buckets_partition() spend  sec:  0.48693013191223145
check connections block*********************************

the find indices time spent  0.035904645919799805

in edges time spent  0.4254798889160156
local to global src and eids time spent  0.8694882392883301
time gen tails  0.35516977310180664
res  length 160

block_gen_time in "generate_blocks_for_one_layer_block"  1.6578946113586426

----------------------------------------
check connections block*********************************

the find indices time spent  0.5549254417419434

in edges time spent  4.417813062667847
local to global src and eids time spent  14.418728828430176
time gen tails  1.6043586730957031
res  length 160

block_gen_time in "generate_blocks_for_one_layer_block"  10.879724502563477

block collection to dataloader spend  0.00018072128295898438
step  0
step  1
step  2
step  3
step  4
step  5
step  6
step  7
step  8
step  9
step  10
step  11
step  12
step  13
step  14
step  15
step  16
step  17
step  18
step  19
step  20
step  21
step  22
step  23
step  24
step  25
step  26
step  27
step  28
step  29
step  30
step  31
step  32
step  33
step  34
step  35
step  36
step  37
step  38
step  39
step  40
step  41
step  42
step  43
step  44
step  45
step  46
step  47
step  48
step  49
step  50
step  51
step  52
step  53
step  54
step  55
step  56
step  57
step  58
step  59
step  60
step  61
step  62
step  63
step  64
step  65
step  66
step  67
step  68
step  69
step  70
step  71
step  72
step  73
step  74
step  75
step  76
step  77
step  78
step  79
step  80
step  81
step  82
step  83
step  84
step  85
step  86
step  87
step  88
step  89
step  90
step  91
step  92
step  93
step  94
step  95
step  96
step  97
step  98
step  99
step  100
step  101
step  102
step  103
step  104
step  105
step  106
step  107
step  108
step  109
step  110
step  111
step  112
step  113
step  114
step  115
step  116
step  117
step  118
step  119
step  120
step  121
step  122
step  123
step  124
step  125
step  126
step  127
step  128
step  129
step  130
step  131
step  132
step  133
step  134
step  135
step  136
step  137
step  138
step  139
step  140
step  141
step  142
step  143
step  144
step  145
step  146
step  147
step  148
step  149
step  150
step  151
step  152
step  153
step  154
step  155
step  156
step  157
step  158
step  159
-----------------------------------------after optimizer zero grad
 Nvidia-smi: 18.29296875 GB
    Memory Allocated: 1.1364760398864746  GigaBytes
Max Memory Allocated: 14.888917922973633  GigaBytes

----------------------------------------------------------pseudo_mini_loss sum 3.298008680343628
