main start at this time 1690868903.2893374
#nodes: 2449029
#edges: 123718024
#classes: 47
success----------------------------------------
196571
39255
2164782
# Nodes: 2400608
# Edges: 123718024
# Train: 196571
# Val: 39255
# Test: 2164782
# Classes: 47

in feats:  100
REG start----................................
Convert a graph into a bidirected graph: 3.091 seconds, peak memory: 34.221 GB
Construct multi-constraint weights: 0.000 seconds, peak memory: 34.221 GB
Metis partitioning: 14.591 seconds, peak memory: 35.391 GB
Split the graph: 1.529 seconds
Construct subgraphs: 0.021 seconds
REG metis partition end ----................................
REG construction  time spent:  13.366628408432007
pure dgl.metis_partition the time spent:  19.260881900787354
connection checking time:  22.995442390441895
block generation total time  21.654791116714478
pure train time  3.8222498893737793
-----------------------------------------after optimizer zero grad
 Nvidia-smi: 17.802734375 GB
    Memory Allocated: 0.30312204360961914  GigaBytes
Max Memory Allocated: 10.308645725250244  GigaBytes

----------------------------------------------------------pseudo_mini_loss sum 5.200916767120361
REG start----................................
Convert a graph into a bidirected graph: 3.056 seconds, peak memory: 77.758 GB
Construct multi-constraint weights: 0.000 seconds, peak memory: 77.758 GB
Metis partitioning: 15.206 seconds, peak memory: 78.961 GB
Split the graph: 1.627 seconds
Construct subgraphs: 0.483 seconds
REG metis partition end ----................................
REG construction  time spent:  12.955183744430542
pure dgl.metis_partition the time spent:  20.39696717262268
connection checking time:  22.687509775161743
block generation total time  20.994069814682007
pure train time  3.4194111824035645
-----------------------------------------after optimizer zero grad
 Nvidia-smi: 17.802734375 GB
    Memory Allocated: 0.29345083236694336  GigaBytes
Max Memory Allocated: 10.308645725250244  GigaBytes

----------------------------------------------------------pseudo_mini_loss sum 4.888660907745361
REG start----................................
Convert a graph into a bidirected graph: 3.047 seconds, peak memory: 80.357 GB
Construct multi-constraint weights: 0.000 seconds, peak memory: 80.357 GB
Metis partitioning: 15.087 seconds, peak memory: 80.357 GB
Split the graph: 1.264 seconds
Construct subgraphs: 0.662 seconds
REG metis partition end ----................................
REG construction  time spent:  13.24813961982727
pure dgl.metis_partition the time spent:  20.085904598236084
connection checking time:  22.819686889648438
block generation total time  21.140037775039673
pure train time  3.3589344024658203
-----------------------------------------after optimizer zero grad
 Nvidia-smi: 17.802734375 GB
    Memory Allocated: 0.2873196601867676  GigaBytes
Max Memory Allocated: 10.308645725250244  GigaBytes

----------------------------------------------------------pseudo_mini_loss sum 4.602217197418213
loading full batch data spends  0.8912243843078613
REG start----................................
Convert a graph into a bidirected graph: 3.149 seconds, peak memory: 80.720 GB
Construct multi-constraint weights: 0.000 seconds, peak memory: 80.720 GB
Metis partitioning: 16.174 seconds, peak memory: 80.720 GB
Split the graph: 1.645 seconds
Construct subgraphs: 0.724 seconds
REG metis partition end ----................................
REG construction  time spent:  12.24887490272522
pure dgl.metis_partition the time spent:  21.71970558166504
connection checking time:  23.53021502494812
block generation total time  22.20814037322998
generate_dataloader_block spend   84.06353402137756
pure train time  3.5282034873962402
-----------------------------------------after optimizer zero grad
 Nvidia-smi: 17.802734375 GB
    Memory Allocated: 0.2822403907775879  GigaBytes
Max Memory Allocated: 10.308645725250244  GigaBytes

----------------------------------------------------------pseudo_mini_loss sum 4.304836750030518
loading full batch data spends  0.9123914241790771
REG start----................................
Convert a graph into a bidirected graph: 3.245 seconds, peak memory: 80.761 GB
Construct multi-constraint weights: 0.000 seconds, peak memory: 80.761 GB
Metis partitioning: 17.854 seconds, peak memory: 80.761 GB
Split the graph: 1.372 seconds
Construct subgraphs: 0.733 seconds
REG metis partition end ----................................
REG construction  time spent:  13.326579332351685
pure dgl.metis_partition the time spent:  23.23081111907959
connection checking time:  23.11154794692993
block generation total time  21.364113330841064
generate_dataloader_block spend   85.42224073410034
pure train time  3.3395843505859375
-----------------------------------------after optimizer zero grad
 Nvidia-smi: 17.802734375 GB
    Memory Allocated: 0.30168819427490234  GigaBytes
Max Memory Allocated: 10.308645725250244  GigaBytes

----------------------------------------------------------pseudo_mini_loss sum 4.039804458618164
loading full batch data spends  0.7317245006561279
REG start----................................
Convert a graph into a bidirected graph: 3.103 seconds, peak memory: 80.891 GB
Construct multi-constraint weights: 0.000 seconds, peak memory: 80.891 GB
Metis partitioning: 15.600 seconds, peak memory: 80.891 GB
Split the graph: 1.103 seconds
Construct subgraphs: 0.710 seconds
REG metis partition end ----................................
REG construction  time spent:  13.84192967414856
pure dgl.metis_partition the time spent:  20.543221473693848
connection checking time:  22.98926544189453
block generation total time  21.17636775970459
generate_dataloader_block spend   82.89605832099915
pure train time  3.3549580574035645
-----------------------------------------after optimizer zero grad
 Nvidia-smi: 21.96875 GB
    Memory Allocated: 0.2536506652832031  GigaBytes
Max Memory Allocated: 10.39707612991333  GigaBytes

----------------------------------------------------------pseudo_mini_loss sum 3.7975008487701416
loading full batch data spends  0.7406206130981445
REG start----................................
Convert a graph into a bidirected graph: 3.203 seconds, peak memory: 83.220 GB
Construct multi-constraint weights: 0.000 seconds, peak memory: 83.220 GB
Metis partitioning: 15.731 seconds, peak memory: 84.388 GB
Split the graph: 1.366 seconds
Construct subgraphs: 0.547 seconds
REG metis partition end ----................................
REG construction  time spent:  13.08463430404663
pure dgl.metis_partition the time spent:  20.873517751693726
connection checking time:  23.83211088180542
block generation total time  21.820770025253296
generate_dataloader_block spend   83.90052032470703
pure train time  3.4281539916992188
-----------------------------------------after optimizer zero grad
 Nvidia-smi: 21.96875 GB
    Memory Allocated: 0.282257080078125  GigaBytes
Max Memory Allocated: 10.39707612991333  GigaBytes

----------------------------------------------------------pseudo_mini_loss sum 3.6123664379119873
loading full batch data spends  0.900733470916748
REG start----................................
Convert a graph into a bidirected graph: 3.267 seconds, peak memory: 85.523 GB
Construct multi-constraint weights: 0.000 seconds, peak memory: 85.523 GB
Metis partitioning: 16.291 seconds, peak memory: 85.523 GB
Split the graph: 1.396 seconds
Construct subgraphs: 0.727 seconds
REG metis partition end ----................................
REG construction  time spent:  13.749191045761108
pure dgl.metis_partition the time spent:  21.70815873146057
connection checking time:  22.025099277496338
block generation total time  22.02983570098877
generate_dataloader_block spend   83.71942043304443
pure train time  3.343477487564087
-----------------------------------------after optimizer zero grad
 Nvidia-smi: 21.96875 GB
    Memory Allocated: 0.30168914794921875  GigaBytes
Max Memory Allocated: 10.39707612991333  GigaBytes

----------------------------------------------------------pseudo_mini_loss sum 3.48427414894104
loading full batch data spends  0.7926959991455078
REG start----................................
Convert a graph into a bidirected graph: 3.130 seconds, peak memory: 85.523 GB
Construct multi-constraint weights: 0.000 seconds, peak memory: 85.523 GB
Metis partitioning: 15.634 seconds, peak memory: 85.523 GB
Split the graph: 1.223 seconds
Construct subgraphs: 0.694 seconds
REG metis partition end ----................................
REG construction  time spent:  13.213249444961548
pure dgl.metis_partition the time spent:  20.709396600723267
connection checking time:  16.724626779556274
block generation total time  14.632423639297485
generate_dataloader_block spend   69.58327507972717
pure train time  3.2762644290924072
-----------------------------------------after optimizer zero grad
 Nvidia-smi: 21.96875 GB
    Memory Allocated: 0.2827882766723633  GigaBytes
Max Memory Allocated: 10.39707612991333  GigaBytes

----------------------------------------------------------pseudo_mini_loss sum 3.3712661266326904
loading full batch data spends  0.9214804172515869
REG start----................................
Convert a graph into a bidirected graph: 3.088 seconds, peak memory: 85.681 GB
Construct multi-constraint weights: 0.000 seconds, peak memory: 85.681 GB
Metis partitioning: 15.554 seconds, peak memory: 85.681 GB
Split the graph: 1.395 seconds
Construct subgraphs: 0.488 seconds
REG metis partition end ----................................
REG construction  time spent:  13.03150463104248
pure dgl.metis_partition the time spent:  20.55420231819153
connection checking time:  23.084224700927734
block generation total time  21.355451107025146
generate_dataloader_block spend   82.18678402900696
pure train time  3.188659429550171
-----------------------------------------after optimizer zero grad
 Nvidia-smi: 21.96875 GB
    Memory Allocated: 0.2917780876159668  GigaBytes
Max Memory Allocated: 10.39707612991333  GigaBytes

----------------------------------------------------------pseudo_mini_loss sum 3.241501569747925
Total (block generation + training)time/epoch 87.22343042918614
pure train time/epoch 3.3218496243158975

num_input_list  [4976426, 4982099, 4991837, 5089216, 5003667, 4981647, 5206697, 5044200, 4873890, 4998170]
