main start at this time 1690864442.0384245
#nodes: 2449029
#edges: 123718024
#classes: 47
success----------------------------------------
196571
39255
2164782
# Nodes: 2400608
# Edges: 123718024
# Train: 196571
# Val: 39255
# Test: 2164782
# Classes: 47

in feats:  100
REG start----................................
Convert a graph into a bidirected graph: 3.211 seconds, peak memory: 34.221 GB
Construct multi-constraint weights: 0.000 seconds, peak memory: 34.221 GB
Metis partitioning: 14.314 seconds, peak memory: 35.510 GB
Split the graph: 1.673 seconds
Construct subgraphs: 0.020 seconds
REG metis partition end ----................................
REG construction  time spent:  13.575695037841797
pure dgl.metis_partition the time spent:  19.245485305786133
connection checking time:  22.120543956756592
block generation total time  21.66713857650757
pure train time  3.297246217727661
-----------------------------------------after optimizer zero grad
 Nvidia-smi: 20.419921875 GB
    Memory Allocated: 0.3387913703918457  GigaBytes
Max Memory Allocated: 13.648642539978027  GigaBytes

----------------------------------------------------------pseudo_mini_loss sum 5.209498882293701
REG start----................................
Convert a graph into a bidirected graph: 2.643 seconds, peak memory: 80.294 GB
Construct multi-constraint weights: 0.000 seconds, peak memory: 80.294 GB
Metis partitioning: 14.687 seconds, peak memory: 81.534 GB
Split the graph: 1.658 seconds
Construct subgraphs: 0.715 seconds
REG metis partition end ----................................
REG construction  time spent:  13.498864889144897
pure dgl.metis_partition the time spent:  19.72958755493164
connection checking time:  22.002598524093628
block generation total time  21.185855388641357
pure train time  2.852865695953369
-----------------------------------------after optimizer zero grad
 Nvidia-smi: 16.056640625 GB
    Memory Allocated: 0.3520479202270508  GigaBytes
Max Memory Allocated: 14.19200849533081  GigaBytes

----------------------------------------------------------pseudo_mini_loss sum 4.893953323364258
REG start----................................
Convert a graph into a bidirected graph: 2.500 seconds, peak memory: 82.553 GB
Construct multi-constraint weights: 0.000 seconds, peak memory: 82.553 GB
Metis partitioning: 14.253 seconds, peak memory: 82.553 GB
Split the graph: 1.485 seconds
Construct subgraphs: 0.030 seconds
REG metis partition end ----................................
REG construction  time spent:  13.205542802810669
pure dgl.metis_partition the time spent:  18.295127630233765
connection checking time:  22.56788182258606
block generation total time  21.395758867263794
pure train time  2.637291669845581
-----------------------------------------after optimizer zero grad
 Nvidia-smi: 19.9453125 GB
    Memory Allocated: 0.3068675994873047  GigaBytes
Max Memory Allocated: 14.696858406066895  GigaBytes

----------------------------------------------------------pseudo_mini_loss sum 4.591076850891113
loading full batch data spends  0.8722479343414307
REG start----................................
Convert a graph into a bidirected graph: 2.452 seconds, peak memory: 82.553 GB
Construct multi-constraint weights: 0.000 seconds, peak memory: 82.553 GB
Metis partitioning: 14.821 seconds, peak memory: 82.553 GB
Split the graph: 1.606 seconds
Construct subgraphs: 0.045 seconds
REG metis partition end ----................................
REG construction  time spent:  13.26412558555603
pure dgl.metis_partition the time spent:  18.94985055923462
connection checking time:  22.208672761917114
block generation total time  20.756197690963745
generate_dataloader_block spend   79.6405086517334
pure train time  2.630014419555664
-----------------------------------------after optimizer zero grad
 Nvidia-smi: 19.94921875 GB
    Memory Allocated: 0.33999013900756836  GigaBytes
Max Memory Allocated: 14.696858406066895  GigaBytes

----------------------------------------------------------pseudo_mini_loss sum 4.31244421005249
loading full batch data spends  0.8881220817565918
REG start----................................
Convert a graph into a bidirected graph: 2.968 seconds, peak memory: 82.602 GB
Construct multi-constraint weights: 0.000 seconds, peak memory: 82.602 GB
Metis partitioning: 16.356 seconds, peak memory: 82.602 GB
Split the graph: 1.590 seconds
Construct subgraphs: 0.026 seconds
REG metis partition end ----................................
REG construction  time spent:  13.724199295043945
pure dgl.metis_partition the time spent:  20.966876745224
connection checking time:  22.332470178604126
block generation total time  20.858174562454224
generate_dataloader_block spend   82.2638726234436
pure train time  2.5919642448425293
-----------------------------------------after optimizer zero grad
 Nvidia-smi: 22.138671875 GB
    Memory Allocated: 0.32671165466308594  GigaBytes
Max Memory Allocated: 14.762986660003662  GigaBytes

----------------------------------------------------------pseudo_mini_loss sum 4.031461238861084
loading full batch data spends  0.8870389461517334
REG start----................................
Convert a graph into a bidirected graph: 3.068 seconds, peak memory: 82.704 GB
Construct multi-constraint weights: 0.000 seconds, peak memory: 82.704 GB
Metis partitioning: 14.974 seconds, peak memory: 83.985 GB
Split the graph: 1.417 seconds
Construct subgraphs: 0.065 seconds
REG metis partition end ----................................
REG construction  time spent:  13.019690752029419
pure dgl.metis_partition the time spent:  19.567707777023315
connection checking time:  20.599555492401123
block generation total time  12.020192384719849
generate_dataloader_block spend   69.5514805316925
pure train time  2.5218536853790283
-----------------------------------------after optimizer zero grad
 Nvidia-smi: 22.810546875 GB
    Memory Allocated: 0.32769060134887695  GigaBytes
Max Memory Allocated: 14.762986660003662  GigaBytes

----------------------------------------------------------pseudo_mini_loss sum 3.8053529262542725
loading full batch data spends  0.6982054710388184
REG start----................................
Convert a graph into a bidirected graph: 3.183 seconds, peak memory: 85.058 GB
Construct multi-constraint weights: 0.000 seconds, peak memory: 85.058 GB
Metis partitioning: 15.261 seconds, peak memory: 85.058 GB
Split the graph: 1.427 seconds
Construct subgraphs: 0.025 seconds
REG metis partition end ----................................
REG construction  time spent:  10.7036771774292
pure dgl.metis_partition the time spent:  19.92454695701599
connection checking time:  21.864840507507324
block generation total time  20.939292192459106
generate_dataloader_block spend   77.54688310623169
pure train time  2.5780999660491943
-----------------------------------------after optimizer zero grad
 Nvidia-smi: 22.810546875 GB
    Memory Allocated: 0.2924532890319824  GigaBytes
Max Memory Allocated: 14.762986660003662  GigaBytes

----------------------------------------------------------pseudo_mini_loss sum 3.616353750228882
loading full batch data spends  0.6703758239746094
REG start----................................
Convert a graph into a bidirected graph: 2.566 seconds, peak memory: 85.869 GB
Construct multi-constraint weights: 0.000 seconds, peak memory: 85.869 GB
Metis partitioning: 15.106 seconds, peak memory: 85.869 GB
Split the graph: 1.597 seconds
Construct subgraphs: 0.031 seconds
REG metis partition end ----................................
REG construction  time spent:  12.908310174942017
pure dgl.metis_partition the time spent:  19.326509714126587
connection checking time:  22.357342958450317
block generation total time  20.67110800743103
generate_dataloader_block spend   79.25644040107727
pure train time  2.5922279357910156
-----------------------------------------after optimizer zero grad
 Nvidia-smi: 22.810546875 GB
    Memory Allocated: 0.3178997039794922  GigaBytes
Max Memory Allocated: 14.762986660003662  GigaBytes

----------------------------------------------------------pseudo_mini_loss sum 3.4807426929473877
loading full batch data spends  0.7656409740447998
REG start----................................
Convert a graph into a bidirected graph: 3.144 seconds, peak memory: 85.869 GB
Construct multi-constraint weights: 0.000 seconds, peak memory: 85.869 GB
Metis partitioning: 15.181 seconds, peak memory: 85.869 GB
Split the graph: 1.390 seconds
Construct subgraphs: 0.034 seconds
REG metis partition end ----................................
REG construction  time spent:  13.558063745498657
pure dgl.metis_partition the time spent:  19.778077363967896
connection checking time:  22.29279088973999
block generation total time  21.414110898971558
generate_dataloader_block spend   81.59025239944458
pure train time  2.34708571434021
-----------------------------------------after optimizer zero grad
 Nvidia-smi: 22.810546875 GB
    Memory Allocated: 0.3524594306945801  GigaBytes
Max Memory Allocated: 14.762986660003662  GigaBytes

----------------------------------------------------------pseudo_mini_loss sum 3.373490571975708
loading full batch data spends  0.7151815891265869
REG start----................................
Convert a graph into a bidirected graph: 3.130 seconds, peak memory: 86.212 GB
Construct multi-constraint weights: 0.000 seconds, peak memory: 86.212 GB
Metis partitioning: 15.471 seconds, peak memory: 86.212 GB
Split the graph: 1.515 seconds
Construct subgraphs: 0.031 seconds
REG metis partition end ----................................
REG construction  time spent:  13.107321739196777
pure dgl.metis_partition the time spent:  20.174803495407104
connection checking time:  21.71059250831604
block generation total time  20.59532380104065
generate_dataloader_block spend   79.75655746459961
pure train time  2.585174322128296
-----------------------------------------after optimizer zero grad
 Nvidia-smi: 22.810546875 GB
    Memory Allocated: 0.3603701591491699  GigaBytes
Max Memory Allocated: 14.762986660003662  GigaBytes

----------------------------------------------------------pseudo_mini_loss sum 3.2436509132385254
Total (block generation + training)time/epoch 83.15505460330418
pure train time/epoch 2.5360676447550454

num_input_list  [4383471, 4395677, 4509693, 4449251, 4530714, 4309014, 4362986, 4516424, 4489087, 4489257]
