main start at this time 1690869806.9500775
#nodes: 2449029
#edges: 123718024
#classes: 47
success----------------------------------------
196571
39255
2164782
# Nodes: 2400608
# Edges: 123718024
# Train: 196571
# Val: 39255
# Test: 2164782
# Classes: 47

in feats:  100
REG start----................................
Convert a graph into a bidirected graph: 3.162 seconds, peak memory: 34.221 GB
Construct multi-constraint weights: 0.000 seconds, peak memory: 34.221 GB
Metis partitioning: 15.315 seconds, peak memory: 35.358 GB
Split the graph: 0.758 seconds
Construct subgraphs: 0.033 seconds
REG metis partition end ----................................
REG construction  time spent:  13.596992015838623
pure dgl.metis_partition the time spent:  19.301540851593018
connection checking time:  26.065955877304077
block generation total time  24.262882232666016
pure train time  6.167581796646118
-----------------------------------------after optimizer zero grad
 Nvidia-smi: 15.974609375 GB
    Memory Allocated: 0.25040626525878906  GigaBytes
Max Memory Allocated: 6.206953048706055  GigaBytes

----------------------------------------------------------pseudo_mini_loss sum 5.2123870849609375
REG start----................................
Convert a graph into a bidirected graph: 3.043 seconds, peak memory: 75.920 GB
Construct multi-constraint weights: 0.000 seconds, peak memory: 75.920 GB
Metis partitioning: 16.175 seconds, peak memory: 77.002 GB
Split the graph: 0.917 seconds
Construct subgraphs: 0.752 seconds
REG metis partition end ----................................
REG construction  time spent:  13.369699478149414
pure dgl.metis_partition the time spent:  20.91557240486145
connection checking time:  24.395856380462646
block generation total time  22.367620706558228
pure train time  5.600563287734985
-----------------------------------------after optimizer zero grad
 Nvidia-smi: 16.021484375 GB
    Memory Allocated: 0.21773004531860352  GigaBytes
Max Memory Allocated: 6.206953048706055  GigaBytes

----------------------------------------------------------pseudo_mini_loss sum 4.901854991912842
REG start----................................
Convert a graph into a bidirected graph: 3.232 seconds, peak memory: 77.211 GB
Construct multi-constraint weights: 0.000 seconds, peak memory: 77.211 GB
Metis partitioning: 16.767 seconds, peak memory: 77.916 GB
Split the graph: 1.117 seconds
Construct subgraphs: 0.776 seconds
REG metis partition end ----................................
REG construction  time spent:  13.735440731048584
pure dgl.metis_partition the time spent:  21.930577993392944
connection checking time:  25.639068365097046
block generation total time  23.44450092315674
pure train time  5.726793050765991
-----------------------------------------after optimizer zero grad
 Nvidia-smi: 16.02734375 GB
    Memory Allocated: 0.23808526992797852  GigaBytes
Max Memory Allocated: 6.206953048706055  GigaBytes

----------------------------------------------------------pseudo_mini_loss sum 4.5956315994262695
loading full batch data spends  0.9248921871185303
REG start----................................
Convert a graph into a bidirected graph: 3.064 seconds, peak memory: 78.033 GB
Construct multi-constraint weights: 0.000 seconds, peak memory: 78.033 GB
Metis partitioning: 16.131 seconds, peak memory: 78.033 GB
Split the graph: 1.122 seconds
Construct subgraphs: 0.613 seconds
REG metis partition end ----................................
REG construction  time spent:  13.649229526519775
pure dgl.metis_partition the time spent:  20.955997228622437
connection checking time:  17.74879264831543
block generation total time  15.664610385894775
generate_dataloader_block spend   71.86577200889587
pure train time  5.123218059539795
-----------------------------------------after optimizer zero grad
 Nvidia-smi: 16.02734375 GB
    Memory Allocated: 0.21120357513427734  GigaBytes
Max Memory Allocated: 6.206953048706055  GigaBytes

----------------------------------------------------------pseudo_mini_loss sum 4.312044620513916
loading full batch data spends  0.9451441764831543
REG start----................................
Convert a graph into a bidirected graph: 3.192 seconds, peak memory: 78.033 GB
Construct multi-constraint weights: 0.000 seconds, peak memory: 78.033 GB
Metis partitioning: 15.984 seconds, peak memory: 78.033 GB
Split the graph: 1.084 seconds
Construct subgraphs: 0.573 seconds
REG metis partition end ----................................
REG construction  time spent:  12.181888580322266
pure dgl.metis_partition the time spent:  20.865053176879883
connection checking time:  17.29997444152832
block generation total time  15.231220960617065
generate_dataloader_block spend   69.71163630485535
pure train time  5.108368158340454
-----------------------------------------after optimizer zero grad
 Nvidia-smi: 17.6875 GB
    Memory Allocated: 0.20203256607055664  GigaBytes
Max Memory Allocated: 6.299488544464111  GigaBytes

----------------------------------------------------------pseudo_mini_loss sum 4.046815395355225
loading full batch data spends  0.9393999576568604
REG start----................................
Convert a graph into a bidirected graph: 3.154 seconds, peak memory: 78.445 GB
Construct multi-constraint weights: 0.000 seconds, peak memory: 78.445 GB
Metis partitioning: 16.335 seconds, peak memory: 79.560 GB
Split the graph: 0.927 seconds
Construct subgraphs: 0.732 seconds
REG metis partition end ----................................
REG construction  time spent:  9.337162733078003
pure dgl.metis_partition the time spent:  21.17454981803894
connection checking time:  24.724546432495117
block generation total time  21.54767680168152
generate_dataloader_block spend   80.7307379245758
pure train time  5.689385175704956
-----------------------------------------after optimizer zero grad
 Nvidia-smi: 17.6875 GB
    Memory Allocated: 0.20207595825195312  GigaBytes
Max Memory Allocated: 6.299488544464111  GigaBytes

----------------------------------------------------------pseudo_mini_loss sum 3.808331251144409
loading full batch data spends  0.930293083190918
REG start----................................
Convert a graph into a bidirected graph: 3.243 seconds, peak memory: 79.560 GB
Construct multi-constraint weights: 0.000 seconds, peak memory: 79.560 GB
Metis partitioning: 16.007 seconds, peak memory: 79.639 GB
Split the graph: 1.068 seconds
Construct subgraphs: 0.752 seconds
REG metis partition end ----................................
REG construction  time spent:  13.438339710235596
pure dgl.metis_partition the time spent:  21.09747576713562
connection checking time:  25.194104433059692
block generation total time  23.2556791305542
generate_dataloader_block spend   87.20271372795105
pure train time  5.354296684265137
-----------------------------------------after optimizer zero grad
 Nvidia-smi: 17.6875 GB
    Memory Allocated: 0.2545456886291504  GigaBytes
Max Memory Allocated: 6.299488544464111  GigaBytes

----------------------------------------------------------pseudo_mini_loss sum 3.6203508377075195
loading full batch data spends  0.9317822456359863
REG start----................................
Convert a graph into a bidirected graph: 3.122 seconds, peak memory: 79.639 GB
Construct multi-constraint weights: 0.000 seconds, peak memory: 79.639 GB
Metis partitioning: 15.800 seconds, peak memory: 79.664 GB
Split the graph: 0.802 seconds
Construct subgraphs: 0.514 seconds
REG metis partition end ----................................
REG construction  time spent:  13.315975904464722
pure dgl.metis_partition the time spent:  20.26479482650757
connection checking time:  24.92542028427124
block generation total time  22.873000144958496
generate_dataloader_block spend   85.49950623512268
pure train time  5.622708559036255
-----------------------------------------after optimizer zero grad
 Nvidia-smi: 17.6875 GB
    Memory Allocated: 0.19525671005249023  GigaBytes
Max Memory Allocated: 6.299488544464111  GigaBytes

----------------------------------------------------------pseudo_mini_loss sum 3.483440637588501
loading full batch data spends  0.9188342094421387
REG start----................................
Convert a graph into a bidirected graph: 3.176 seconds, peak memory: 79.675 GB
Construct multi-constraint weights: 0.000 seconds, peak memory: 79.675 GB
Metis partitioning: 16.549 seconds, peak memory: 79.774 GB
Split the graph: 1.206 seconds
Construct subgraphs: 0.782 seconds
REG metis partition end ----................................
REG construction  time spent:  12.443259716033936
pure dgl.metis_partition the time spent:  21.74038529396057
connection checking time:  23.349680423736572
block generation total time  21.697996139526367
generate_dataloader_block spend   82.95963335037231
pure train time  6.015567779541016
-----------------------------------------after optimizer zero grad
 Nvidia-smi: 17.6875 GB
    Memory Allocated: 0.22684383392333984  GigaBytes
Max Memory Allocated: 6.299488544464111  GigaBytes

----------------------------------------------------------pseudo_mini_loss sum 3.357656717300415
loading full batch data spends  0.955172061920166
REG start----................................
Convert a graph into a bidirected graph: 3.058 seconds, peak memory: 79.783 GB
Construct multi-constraint weights: 0.000 seconds, peak memory: 79.783 GB
Metis partitioning: 16.282 seconds, peak memory: 79.957 GB
Split the graph: 1.091 seconds
Construct subgraphs: 0.751 seconds
REG metis partition end ----................................
REG construction  time spent:  13.728801965713501
pure dgl.metis_partition the time spent:  21.209717512130737
connection checking time:  24.451066970825195
block generation total time  22.144757747650146
generate_dataloader_block spend   85.53792190551758
pure train time  5.7864320278167725
-----------------------------------------after optimizer zero grad
 Nvidia-smi: 17.6875 GB
    Memory Allocated: 0.23491382598876953  GigaBytes
Max Memory Allocated: 6.299488544464111  GigaBytes

----------------------------------------------------------pseudo_mini_loss sum 3.2394862174987793
Total (block generation + training)time/epoch 88.53234999520438
pure train time/epoch 5.596126397450765

num_input_list  [6539619, 6375038, 6239352, 6486361, 6336960, 6345230, 6463437, 6255756, 6404888, 6515939]
