main start at this time 1689908379.2523446
#nodes: 2449029
#edges: 123718024
#classes: 47
success----------------------------------------
196571
39255
2164782
# Nodes: 2400608
# Edges: 123718024
# Train: 196571
# Val: 39255
# Test: 2164782
# Classes: 47

in feats:  100
loading full batch data spends  0.8349318504333496
REG start----................................
Convert a graph into a bidirected graph: 3.074 seconds, peak memory: 34.258 GB
Construct multi-constraint weights: 0.000 seconds, peak memory: 34.258 GB
Metis partitioning: 13.954 seconds, peak memory: 35.375 GB
Split the graph: 1.887 seconds
Construct subgraphs: 0.020 seconds
REG metis partition end ----................................
REG construction  time spent:  13.668804407119751
pure dgl.metis_partition the time spent:  18.96156644821167
connection checking time:  20.98800539970398
block generation total time  21.198736429214478
generate_dataloader_block spend   78.93421936035156
pure train time  3.5339789390563965
-----------------------------------------after optimizer zero grad
 Nvidia-smi: 21.947265625 GB
    Memory Allocated: 0.37099170684814453  GigaBytes
Max Memory Allocated: 20.736148357391357  GigaBytes

----------------------------------------------------------pseudo_mini_loss sum 5.207655906677246
loading full batch data spends  0.8693053722381592
REG start----................................
Convert a graph into a bidirected graph: 3.044 seconds, peak memory: 73.130 GB
Construct multi-constraint weights: 0.000 seconds, peak memory: 73.130 GB
Metis partitioning: 14.192 seconds, peak memory: 74.310 GB
Split the graph: 2.560 seconds
Construct subgraphs: 0.022 seconds
REG metis partition end ----................................
REG construction  time spent:  12.977524280548096
pure dgl.metis_partition the time spent:  19.84523320198059
connection checking time:  20.888524055480957
block generation total time  20.990716218948364
generate_dataloader_block spend   79.22005486488342
pure train time  2.475163698196411
-----------------------------------------after optimizer zero grad
 Nvidia-smi: 23.244140625 GB
    Memory Allocated: 0.39522695541381836  GigaBytes
Max Memory Allocated: 21.239912033081055  GigaBytes

----------------------------------------------------------pseudo_mini_loss sum 3.474792718887329
loading full batch data spends  0.81986403465271
REG start----................................
Convert a graph into a bidirected graph: 3.174 seconds, peak memory: 82.562 GB
Construct multi-constraint weights: 0.000 seconds, peak memory: 82.562 GB
Metis partitioning: 14.525 seconds, peak memory: 83.729 GB
Split the graph: 2.131 seconds
Construct subgraphs: 0.020 seconds
REG metis partition end ----................................
REG construction  time spent:  13.233730792999268
pure dgl.metis_partition the time spent:  19.87613296508789
connection checking time:  21.242071390151978
block generation total time  20.670637130737305
generate_dataloader_block spend   79.47909259796143
pure train time  2.134093999862671
-----------------------------------------after optimizer zero grad
 Nvidia-smi: 23.4453125 GB
    Memory Allocated: 0.3722519874572754  GigaBytes
Max Memory Allocated: 21.239912033081055  GigaBytes

----------------------------------------------------------pseudo_mini_loss sum 2.731532335281372
loading full batch data spends  0.7658262252807617
REG start----................................
Convert a graph into a bidirected graph: 3.225 seconds, peak memory: 85.005 GB
Construct multi-constraint weights: 0.000 seconds, peak memory: 85.005 GB
Metis partitioning: 14.579 seconds, peak memory: 85.005 GB
Split the graph: 2.343 seconds
Construct subgraphs: 0.017 seconds
REG metis partition end ----................................
REG construction  time spent:  13.35065484046936
pure dgl.metis_partition the time spent:  20.19003129005432
connection checking time:  21.07369041442871
block generation total time  20.48395562171936
generate_dataloader_block spend   79.59134435653687
pure train time  2.1678099632263184
-----------------------------------------after optimizer zero grad
 Nvidia-smi: 23.52734375 GB
    Memory Allocated: 0.364959716796875  GigaBytes
Max Memory Allocated: 21.239912033081055  GigaBytes

----------------------------------------------------------pseudo_mini_loss sum 2.231635093688965
loading full batch data spends  0.8947346210479736
REG start----................................
Convert a graph into a bidirected graph: 3.176 seconds, peak memory: 85.107 GB
Construct multi-constraint weights: 0.000 seconds, peak memory: 85.107 GB
Metis partitioning: 14.456 seconds, peak memory: 85.107 GB
Split the graph: 1.863 seconds
Construct subgraphs: 0.029 seconds
REG metis partition end ----................................
REG construction  time spent:  13.295587062835693
pure dgl.metis_partition the time spent:  19.55047345161438
connection checking time:  21.873408317565918
block generation total time  21.419981241226196
generate_dataloader_block spend   80.61600661277771
pure train time  2.538072347640991
-----------------------------------------after optimizer zero grad
 Nvidia-smi: 23.423828125 GB
    Memory Allocated: 0.4015998840332031  GigaBytes
Max Memory Allocated: 21.444754123687744  GigaBytes

----------------------------------------------------------pseudo_mini_loss sum 1.7718300819396973
loading full batch data spends  0.8478052616119385
REG start----................................
Convert a graph into a bidirected graph: 3.189 seconds, peak memory: 85.132 GB
Construct multi-constraint weights: 0.000 seconds, peak memory: 85.132 GB
Metis partitioning: 14.536 seconds, peak memory: 85.132 GB
Split the graph: 2.166 seconds
Construct subgraphs: 0.023 seconds
REG metis partition end ----................................
REG construction  time spent:  13.466785669326782
pure dgl.metis_partition the time spent:  19.940709352493286
connection checking time:  20.8309268951416
block generation total time  20.680372714996338
generate_dataloader_block spend   79.29050087928772
pure train time  2.3801259994506836
-----------------------------------------after optimizer zero grad
 Nvidia-smi: 23.087890625 GB
    Memory Allocated: 0.34907007217407227  GigaBytes
Max Memory Allocated: 21.444754123687744  GigaBytes

----------------------------------------------------------pseudo_mini_loss sum 1.5480871200561523
loading full batch data spends  0.8652079105377197
REG start----................................
Convert a graph into a bidirected graph: 3.287 seconds, peak memory: 85.662 GB
Construct multi-constraint weights: 0.000 seconds, peak memory: 85.662 GB
Metis partitioning: 14.755 seconds, peak memory: 85.662 GB
Split the graph: 2.038 seconds
Construct subgraphs: 0.021 seconds
REG metis partition end ----................................
REG construction  time spent:  13.082591533660889
pure dgl.metis_partition the time spent:  20.12690019607544
connection checking time:  21.435832977294922
block generation total time  20.898868322372437
generate_dataloader_block spend   80.07798552513123
pure train time  2.1225781440734863
-----------------------------------------after optimizer zero grad
 Nvidia-smi: 23.375 GB
    Memory Allocated: 0.36905908584594727  GigaBytes
Max Memory Allocated: 21.444754123687744  GigaBytes

----------------------------------------------------------pseudo_mini_loss sum 1.390259027481079
loading full batch data spends  0.789233922958374
REG start----................................
Convert a graph into a bidirected graph: 3.169 seconds, peak memory: 85.662 GB
Construct multi-constraint weights: 0.000 seconds, peak memory: 85.662 GB
Metis partitioning: 14.887 seconds, peak memory: 85.662 GB
Split the graph: 2.269 seconds
Construct subgraphs: 0.023 seconds
REG metis partition end ----................................
REG construction  time spent:  13.154156923294067
pure dgl.metis_partition the time spent:  20.373839855194092
connection checking time:  21.901751279830933
block generation total time  21.525259256362915
generate_dataloader_block spend   81.53577065467834
pure train time  2.463843584060669
-----------------------------------------after optimizer zero grad
 Nvidia-smi: 23.515625 GB
    Memory Allocated: 0.3731412887573242  GigaBytes
Max Memory Allocated: 21.555245876312256  GigaBytes

----------------------------------------------------------pseudo_mini_loss sum 1.2742464542388916
loading full batch data spends  0.8997833728790283
REG start----................................
Convert a graph into a bidirected graph: 3.337 seconds, peak memory: 85.662 GB
Construct multi-constraint weights: 0.000 seconds, peak memory: 85.662 GB
Metis partitioning: 14.817 seconds, peak memory: 85.934 GB
Split the graph: 2.257 seconds
Construct subgraphs: 0.018 seconds
REG metis partition end ----................................
REG construction  time spent:  13.088795185089111
pure dgl.metis_partition the time spent:  20.455284595489502
connection checking time:  21.055298566818237
block generation total time  17.545324563980103
generate_dataloader_block spend   76.54187488555908
pure train time  2.520028591156006
-----------------------------------------after optimizer zero grad
 Nvidia-smi: 22.62890625 GB
    Memory Allocated: 0.38307762145996094  GigaBytes
Max Memory Allocated: 21.555245876312256  GigaBytes

----------------------------------------------------------pseudo_mini_loss sum 1.174403190612793
loading full batch data spends  0.8641610145568848
REG start----................................
Convert a graph into a bidirected graph: 2.489 seconds, peak memory: 87.340 GB
Construct multi-constraint weights: 0.000 seconds, peak memory: 87.340 GB
Metis partitioning: 14.761 seconds, peak memory: 87.340 GB
Split the graph: 1.855 seconds
Construct subgraphs: 0.028 seconds
REG metis partition end ----................................
REG construction  time spent:  12.8990957736969
pure dgl.metis_partition the time spent:  19.15992784500122
connection checking time:  20.74001932144165
block generation total time  20.2886483669281
generate_dataloader_block spend   77.32118248939514
pure train time  2.1048355102539062
-----------------------------------------after optimizer zero grad
 Nvidia-smi: 22.91015625 GB
    Memory Allocated: 0.3686552047729492  GigaBytes
Max Memory Allocated: 21.555245876312256  GigaBytes

----------------------------------------------------------pseudo_mini_loss sum 1.0747970342636108
Total (block generation + training)time/epoch 83.93533279895783
pure train time/epoch 2.3549140294392905

num_input_list  [3767097, 3801791, 3647191, 3794628, 3795716, 3767371, 3719821, 3767021, 3721846, 3782087]
