main start at this time 1689899226.313357
#nodes: 2449029
#edges: 123718024
#classes: 47
success----------------------------------------
196571
39255
2164782
# Nodes: 2400608
# Edges: 123718024
# Train: 196571
# Val: 39255
# Test: 2164782
# Classes: 47

in feats:  100
loading full batch data spends  0.8474268913269043
REG start----................................
Convert a graph into a bidirected graph: 3.147 seconds, peak memory: 34.294 GB
Construct multi-constraint weights: 0.000 seconds, peak memory: 34.294 GB
Metis partitioning: 13.537 seconds, peak memory: 35.569 GB
Split the graph: 1.715 seconds
Construct subgraphs: 0.686 seconds
REG metis partition end ----................................
REG construction  time spent:  13.10332202911377
pure dgl.metis_partition the time spent:  19.111294984817505
connection checking time:  21.19995641708374
block generation total time  21.10214328765869
generate_dataloader_block spend   78.45794892311096
pure train time  3.127424716949463
-----------------------------------------after optimizer zero grad
 Nvidia-smi: 18.56640625 GB
    Memory Allocated: 0.33317089080810547  GigaBytes
Max Memory Allocated: 15.701649188995361  GigaBytes

----------------------------------------------------------pseudo_mini_loss sum 5.209972858428955
loading full batch data spends  0.8693962097167969
REG start----................................
Convert a graph into a bidirected graph: 3.050 seconds, peak memory: 74.302 GB
Construct multi-constraint weights: 0.000 seconds, peak memory: 74.302 GB
Metis partitioning: 14.233 seconds, peak memory: 75.619 GB
Split the graph: 1.786 seconds
Construct subgraphs: 0.694 seconds
REG metis partition end ----................................
REG construction  time spent:  13.134118556976318
pure dgl.metis_partition the time spent:  19.788009643554688
connection checking time:  21.194209337234497
block generation total time  20.408543825149536
generate_dataloader_block spend   78.63492321968079
pure train time  2.796151638031006
-----------------------------------------after optimizer zero grad
 Nvidia-smi: 18.244140625 GB
    Memory Allocated: 0.3545956611633301  GigaBytes
Max Memory Allocated: 16.545593738555908  GigaBytes

----------------------------------------------------------pseudo_mini_loss sum 3.4697070121765137
loading full batch data spends  0.8803730010986328
REG start----................................
Convert a graph into a bidirected graph: 3.296 seconds, peak memory: 77.753 GB
Construct multi-constraint weights: 0.000 seconds, peak memory: 77.753 GB
Metis partitioning: 14.247 seconds, peak memory: 78.958 GB
Split the graph: 1.761 seconds
Construct subgraphs: 0.027 seconds
REG metis partition end ----................................
REG construction  time spent:  13.083271026611328
pure dgl.metis_partition the time spent:  19.356822967529297
connection checking time:  21.80508518218994
block generation total time  21.394376039505005
generate_dataloader_block spend   80.11825323104858
pure train time  2.449587821960449
-----------------------------------------after optimizer zero grad
 Nvidia-smi: 18.44140625 GB
    Memory Allocated: 0.35393714904785156  GigaBytes
Max Memory Allocated: 16.545593738555908  GigaBytes

----------------------------------------------------------pseudo_mini_loss sum 2.719135284423828
loading full batch data spends  0.8848450183868408
REG start----................................
Convert a graph into a bidirected graph: 3.134 seconds, peak memory: 80.042 GB
Construct multi-constraint weights: 0.000 seconds, peak memory: 80.042 GB
Metis partitioning: 14.661 seconds, peak memory: 80.042 GB
Split the graph: 1.804 seconds
Construct subgraphs: 0.022 seconds
REG metis partition end ----................................
REG construction  time spent:  13.26682710647583
pure dgl.metis_partition the time spent:  19.649242877960205
connection checking time:  22.326892614364624
block generation total time  21.36090350151062
generate_dataloader_block spend   81.03947424888611
pure train time  2.401876926422119
-----------------------------------------after optimizer zero grad
 Nvidia-smi: 19.232421875 GB
    Memory Allocated: 0.31345081329345703  GigaBytes
Max Memory Allocated: 16.545593738555908  GigaBytes

----------------------------------------------------------pseudo_mini_loss sum 2.2291653156280518
loading full batch data spends  0.9292583465576172
REG start----................................
Convert a graph into a bidirected graph: 3.065 seconds, peak memory: 80.042 GB
Construct multi-constraint weights: 0.000 seconds, peak memory: 80.042 GB
Metis partitioning: 14.433 seconds, peak memory: 80.042 GB
Split the graph: 1.929 seconds
Construct subgraphs: 0.030 seconds
REG metis partition end ----................................
REG construction  time spent:  13.035237789154053
pure dgl.metis_partition the time spent:  19.483168125152588
connection checking time:  21.044339895248413
block generation total time  20.287498712539673
generate_dataloader_block spend   78.08935904502869
pure train time  2.323118209838867
-----------------------------------------after optimizer zero grad
 Nvidia-smi: 19.232421875 GB
    Memory Allocated: 0.3112497329711914  GigaBytes
Max Memory Allocated: 16.545593738555908  GigaBytes

----------------------------------------------------------pseudo_mini_loss sum 1.7757198810577393
loading full batch data spends  0.8861370086669922
REG start----................................
Convert a graph into a bidirected graph: 2.452 seconds, peak memory: 81.001 GB
Construct multi-constraint weights: 0.000 seconds, peak memory: 81.001 GB
Metis partitioning: 15.208 seconds, peak memory: 81.001 GB
Split the graph: 2.210 seconds
Construct subgraphs: 0.019 seconds
REG metis partition end ----................................
REG construction  time spent:  13.369218349456787
pure dgl.metis_partition the time spent:  19.933136701583862
connection checking time:  17.266265153884888
block generation total time  12.214304208755493
generate_dataloader_block spend   66.42605662345886
pure train time  2.1034138202667236
-----------------------------------------after optimizer zero grad
 Nvidia-smi: 19.25390625 GB
    Memory Allocated: 0.3401646614074707  GigaBytes
Max Memory Allocated: 16.545593738555908  GigaBytes

----------------------------------------------------------pseudo_mini_loss sum 1.545031189918518
loading full batch data spends  0.9135046005249023
REG start----................................
Convert a graph into a bidirected graph: 3.156 seconds, peak memory: 81.001 GB
Construct multi-constraint weights: 0.000 seconds, peak memory: 81.001 GB
Metis partitioning: 14.806 seconds, peak memory: 81.001 GB
Split the graph: 1.829 seconds
Construct subgraphs: 0.034 seconds
REG metis partition end ----................................
REG construction  time spent:  13.18932819366455
pure dgl.metis_partition the time spent:  19.851508617401123
connection checking time:  22.53825569152832
block generation total time  21.563332557678223
generate_dataloader_block spend   81.80910801887512
pure train time  2.338270664215088
-----------------------------------------after optimizer zero grad
 Nvidia-smi: 23.59765625 GB
    Memory Allocated: 0.381497859954834  GigaBytes
Max Memory Allocated: 16.861140727996826  GigaBytes

----------------------------------------------------------pseudo_mini_loss sum 1.3879021406173706
loading full batch data spends  0.8850593566894531
REG start----................................
Convert a graph into a bidirected graph: 3.451 seconds, peak memory: 83.066 GB
Construct multi-constraint weights: 0.000 seconds, peak memory: 83.066 GB
Metis partitioning: 15.218 seconds, peak memory: 84.354 GB
Split the graph: 1.933 seconds
Construct subgraphs: 0.031 seconds
REG metis partition end ----................................
REG construction  time spent:  13.072919368743896
pure dgl.metis_partition the time spent:  20.6597957611084
connection checking time:  21.96777081489563
block generation total time  21.78588032722473
generate_dataloader_block spend   81.82038927078247
pure train time  2.3318285942077637
-----------------------------------------after optimizer zero grad
 Nvidia-smi: 23.59765625 GB
    Memory Allocated: 0.33587169647216797  GigaBytes
Max Memory Allocated: 16.861140727996826  GigaBytes

----------------------------------------------------------pseudo_mini_loss sum 1.272781491279602
loading full batch data spends  0.8753335475921631
REG start----................................
Convert a graph into a bidirected graph: 3.140 seconds, peak memory: 85.358 GB
Construct multi-constraint weights: 0.000 seconds, peak memory: 85.358 GB
Metis partitioning: 16.557 seconds, peak memory: 85.358 GB
Split the graph: 1.899 seconds
Construct subgraphs: 0.033 seconds
REG metis partition end ----................................
REG construction  time spent:  13.581807851791382
pure dgl.metis_partition the time spent:  21.653836250305176
connection checking time:  21.761114358901978
block generation total time  20.75416111946106
generate_dataloader_block spend   81.99163365364075
pure train time  2.3927743434906006
-----------------------------------------after optimizer zero grad
 Nvidia-smi: 23.59765625 GB
    Memory Allocated: 0.3239293098449707  GigaBytes
Max Memory Allocated: 16.861140727996826  GigaBytes

----------------------------------------------------------pseudo_mini_loss sum 1.1715463399887085
loading full batch data spends  0.8773665428161621
REG start----................................
Convert a graph into a bidirected graph: 3.088 seconds, peak memory: 85.380 GB
Construct multi-constraint weights: 0.000 seconds, peak memory: 85.380 GB
Metis partitioning: 16.919 seconds, peak memory: 85.380 GB
Split the graph: 2.019 seconds
Construct subgraphs: 0.029 seconds
REG metis partition end ----................................
REG construction  time spent:  14.048199892044067
pure dgl.metis_partition the time spent:  22.083611726760864
connection checking time:  21.804075241088867
block generation total time  21.7836971282959
generate_dataloader_block spend   84.25188159942627
pure train time  2.3254473209381104
-----------------------------------------after optimizer zero grad
 Nvidia-smi: 23.59765625 GB
    Memory Allocated: 0.3416929244995117  GigaBytes
Max Memory Allocated: 16.861140727996826  GigaBytes

----------------------------------------------------------pseudo_mini_loss sum 1.0742663145065308
Total (block generation + training)time/epoch 83.98696584701538
pure train time/epoch 2.3024754921595254

num_input_list  [4040142, 4112227, 4211295, 4130479, 4164950, 4076228, 4117661, 4266011, 4147176, 4196758]
