main start at this time 1691289574.883098
ogbn-arxiv
# Nodes: 169343
# Edges: 2315598
# Train: 90941
# Val: 29799
# Test: 48603
# Classes: 40

in feats:  128
Convert a graph into a bidirected graph: 0.034 seconds, peak memory: 23.995 GB
Construct multi-constraint weights: 0.000 seconds, peak memory: 23.995 GB
Metis partitioning: 0.143 seconds, peak memory: 24.021 GB
Split the graph: 0.079 seconds
Construct subgraphs: 0.005 seconds
22735
22736
22737
22733
The batched output nid list before graph partition
connection checking time:  3.283815383911133
block generation total time  3.0367119312286377
pure train time  4.071764707565308
-----------------------------------------after optimizer zero grad
 Nvidia-smi: 21.998046875 GB
    Memory Allocated: 0.23325777053833008  GigaBytes
Max Memory Allocated: 18.13802480697632  GigaBytes

----------------------------------------------------------pseudo_mini_loss sum 3.7759313583374023
Convert a graph into a bidirected graph: 0.018 seconds, peak memory: 58.696 GB
Construct multi-constraint weights: 0.000 seconds, peak memory: 58.696 GB
Metis partitioning: 0.144 seconds, peak memory: 58.696 GB
Split the graph: 0.102 seconds
Construct subgraphs: 0.007 seconds
22735
22736
22737
22733
The batched output nid list before graph partition
connection checking time:  3.2358763217926025
block generation total time  2.995131015777588
pure train time  3.777151584625244
-----------------------------------------after optimizer zero grad
 Nvidia-smi: 22.455078125 GB
    Memory Allocated: 0.23319149017333984  GigaBytes
Max Memory Allocated: 18.247695922851562  GigaBytes

----------------------------------------------------------pseudo_mini_loss sum 3.1919894218444824
Convert a graph into a bidirected graph: 0.019 seconds, peak memory: 69.085 GB
Construct multi-constraint weights: 0.000 seconds, peak memory: 69.085 GB
Metis partitioning: 0.142 seconds, peak memory: 69.085 GB
Split the graph: 0.079 seconds
Construct subgraphs: 0.005 seconds
22735
22736
22737
22733
The batched output nid list before graph partition
connection checking time:  3.256829023361206
block generation total time  3.0043234825134277
pure train time  3.644148588180542
-----------------------------------------after optimizer zero grad
 Nvidia-smi: 22.455078125 GB
    Memory Allocated: 0.23295211791992188  GigaBytes
Max Memory Allocated: 18.247695922851562  GigaBytes

----------------------------------------------------------pseudo_mini_loss sum 3.6019091606140137
loading full batch data spends  0.061156272888183594
Convert a graph into a bidirected graph: 0.018 seconds, peak memory: 72.494 GB
Construct multi-constraint weights: 0.000 seconds, peak memory: 72.494 GB
Metis partitioning: 0.142 seconds, peak memory: 72.494 GB
Split the graph: 0.057 seconds
Construct subgraphs: 0.003 seconds
22735
22736
22737
22733
The batched output nid list before graph partition
connection checking time:  3.291971445083618
block generation total time  2.9664931297302246
generate_dataloader_block spend   6.863689661026001
pure train time  3.64117431640625
-----------------------------------------after optimizer zero grad
 Nvidia-smi: 22.455078125 GB
    Memory Allocated: 0.23286104202270508  GigaBytes
Max Memory Allocated: 18.247695922851562  GigaBytes

----------------------------------------------------------pseudo_mini_loss sum 3.0850727558135986
loading full batch data spends  0.055800437927246094
Convert a graph into a bidirected graph: 0.018 seconds, peak memory: 72.496 GB
Construct multi-constraint weights: 0.000 seconds, peak memory: 72.496 GB
Metis partitioning: 0.147 seconds, peak memory: 72.496 GB
Split the graph: 0.077 seconds
Construct subgraphs: 0.005 seconds
22735
22736
22737
22733
The batched output nid list before graph partition
connection checking time:  3.2611536979675293
block generation total time  2.9705140590667725
generate_dataloader_block spend   6.859533309936523
pure train time  3.67822527885437
-----------------------------------------after optimizer zero grad
 Nvidia-smi: 22.455078125 GB
    Memory Allocated: 0.23296070098876953  GigaBytes
Max Memory Allocated: 18.247695922851562  GigaBytes

----------------------------------------------------------pseudo_mini_loss sum 3.0668466091156006
Total (block generation + training)time/epoch 11.400535702705383
pure train time/epoch 3.67822527885437

num_input_list  [571698, 572309, 572261, 572371, 572482]
