main start at this time 1691272639.756535
ogbn-arxiv
# Nodes: 169343
# Edges: 2315598
# Train: 90941
# Val: 29799
# Test: 48603
# Classes: 40

in feats:  128
check_connections_block*********************************

the find indices time spent  0.0552675724029541

in edges time spent  0.15131640434265137
local to global src and eids time spent  0.2871415615081787
time gen tails  0.06837749481201172
res  length 4
check_connections_block*********************************

the find indices time spent  0.08981847763061523

in edges time spent  0.5697658061981201
local to global src and eids time spent  0.8884074687957764
time gen tails  0.1352384090423584
res  length 4
connection checking time:  1.90582275390625
block generation total time  1.0303289890289307
pure train time  1.1544880867004395
-----------------------------------------after optimizer zero grad
 Nvidia-smi: 7.6640625 GB
    Memory Allocated: 0.10347270965576172  GigaBytes
Max Memory Allocated: 5.688638210296631  GigaBytes

----------------------------------------------------------pseudo_mini_loss sum 3.7064719200134277
check_connections_block*********************************

the find indices time spent  0.060500144958496094

in edges time spent  0.14850902557373047
local to global src and eids time spent  0.2865152359008789
time gen tails  0.0696866512298584
res  length 4
check_connections_block*********************************

the find indices time spent  0.09065508842468262

in edges time spent  0.56632399559021
local to global src and eids time spent  0.8845024108886719
time gen tails  0.13584232330322266
res  length 4
connection checking time:  1.8983702659606934
block generation total time  1.0476696491241455
pure train time  0.7698831558227539
-----------------------------------------after optimizer zero grad
 Nvidia-smi: 7.990234375 GB
    Memory Allocated: 0.10384607315063477  GigaBytes
Max Memory Allocated: 5.6965436935424805  GigaBytes

----------------------------------------------------------pseudo_mini_loss sum 3.6623129844665527
check_connections_block*********************************

the find indices time spent  0.060091257095336914

in edges time spent  0.17078566551208496
local to global src and eids time spent  0.3076024055480957
time gen tails  0.07867884635925293
res  length 4
check_connections_block*********************************

the find indices time spent  0.08849191665649414

in edges time spent  0.6239542961120605
local to global src and eids time spent  0.8942434787750244
time gen tails  0.1423947811126709
res  length 4
connection checking time:  2.002499580383301
block generation total time  1.0193507671356201
pure train time  0.7779140472412109
-----------------------------------------after optimizer zero grad
 Nvidia-smi: 7.990234375 GB
    Memory Allocated: 0.10360956192016602  GigaBytes
Max Memory Allocated: 5.698329448699951  GigaBytes

----------------------------------------------------------pseudo_mini_loss sum 3.6394143104553223
loading full batch data spends  0.05997896194458008
check_connections_block*********************************

the find indices time spent  0.05461311340332031

in edges time spent  0.16197419166564941
local to global src and eids time spent  0.2898588180541992
time gen tails  0.06983566284179688
res  length 4
check_connections_block*********************************

the find indices time spent  0.09546756744384766

in edges time spent  0.5494780540466309
local to global src and eids time spent  0.8795852661132812
time gen tails  0.13575005531311035
res  length 4
connection checking time:  1.88425874710083
block generation total time  1.0521409511566162
generate_dataloader_block spend   4.0276336669921875
pure train time  0.7483868598937988
-----------------------------------------after optimizer zero grad
 Nvidia-smi: 7.990234375 GB
    Memory Allocated: 0.10370731353759766  GigaBytes
Max Memory Allocated: 5.702875137329102  GigaBytes

----------------------------------------------------------pseudo_mini_loss sum 3.620349884033203
loading full batch data spends  0.0361785888671875
check_connections_block*********************************

the find indices time spent  0.056682586669921875

in edges time spent  0.15338349342346191
local to global src and eids time spent  0.2872159481048584
time gen tails  0.07028818130493164
res  length 4
check_connections_block*********************************

the find indices time spent  0.09491086006164551

in edges time spent  0.5235738754272461
local to global src and eids time spent  0.8622021675109863
time gen tails  0.13638925552368164
res  length 4
connection checking time:  1.838582992553711
block generation total time  1.0111172199249268
generate_dataloader_block spend   3.932908296585083
pure train time  0.7196044921875
-----------------------------------------after optimizer zero grad
 Nvidia-smi: 7.990234375 GB
    Memory Allocated: 0.10252904891967773  GigaBytes
Max Memory Allocated: 5.702875137329102  GigaBytes

----------------------------------------------------------pseudo_mini_loss sum 3.6036300659179688
Total (block generation + training)time/epoch 4.966285467147827
pure train time/epoch 0.7196044921875

mean number of num_input_list  572233.8
