main start at this time 1691290462.2528868
ogbn-arxiv
# Nodes: 169343
# Edges: 2315598
# Train: 90941
# Val: 29799
# Test: 48603
# Classes: 40

in feats:  128
connection checking time:  4.719071388244629
block generation total time  4.058653354644775
pure train time  5.8559348583221436
-----------------------------------------after optimizer zero grad
 Nvidia-smi: 9.54296875 GB
    Memory Allocated: 0.20395469665527344  GigaBytes
Max Memory Allocated: 5.773812770843506  GigaBytes

----------------------------------------------------------pseudo_mini_loss sum 3.7748990058898926
connection checking time:  4.576296091079712
block generation total time  4.029047012329102
pure train time  5.4023072719573975
-----------------------------------------after optimizer zero grad
 Nvidia-smi: 9.54296875 GB
    Memory Allocated: 0.20399188995361328  GigaBytes
Max Memory Allocated: 5.773812770843506  GigaBytes

----------------------------------------------------------pseudo_mini_loss sum 3.1913461685180664
connection checking time:  4.481080770492554
block generation total time  4.054070711135864
pure train time  5.30608057975769
-----------------------------------------after optimizer zero grad
 Nvidia-smi: 9.54296875 GB
    Memory Allocated: 0.20437955856323242  GigaBytes
Max Memory Allocated: 5.782310485839844  GigaBytes

----------------------------------------------------------pseudo_mini_loss sum 3.612908363342285
loading full batch data spends  0.07759761810302734
connection checking time:  2.6590983867645264
block generation total time  2.1568567752838135
generate_dataloader_block spend   5.881761312484741
pure train time  5.347822427749634
-----------------------------------------after optimizer zero grad
 Nvidia-smi: 9.54296875 GB
    Memory Allocated: 0.20436716079711914  GigaBytes
Max Memory Allocated: 5.782310485839844  GigaBytes

----------------------------------------------------------pseudo_mini_loss sum 3.0794830322265625
loading full batch data spends  0.08124470710754395
connection checking time:  2.7455432415008545
block generation total time  2.1487927436828613
generate_dataloader_block spend   5.835659503936768
pure train time  5.322774171829224
-----------------------------------------after optimizer zero grad
 Nvidia-smi: 9.54296875 GB
    Memory Allocated: 0.20375394821166992  GigaBytes
Max Memory Allocated: 5.833973407745361  GigaBytes

----------------------------------------------------------pseudo_mini_loss sum 3.0672972202301025
Total (block generation + training)time/epoch 12.549017786979675
pure train time/epoch 5.322774171829224

num_input_list  [1559810, 1558856, 1560767, 1559803, 1559393]
