main start at this time 1691272697.730027
ogbn-arxiv
# Nodes: 169343
# Edges: 2315598
# Train: 90941
# Val: 29799
# Test: 48603
# Classes: 40

in feats:  128
REG start----................................
Convert a graph into a bidirected graph: 1.266 seconds, peak memory: 27.361 GB
Construct multi-constraint weights: 0.000 seconds, peak memory: 27.361 GB
Metis partitioning: 5.406 seconds, peak memory: 28.135 GB
Split the graph: 4.039 seconds
Construct subgraphs: 0.130 seconds
REG metis partition end ----................................
REG construction  time spent:  3.532869577407837
pure dgl.metis_partition the time spent:  10.875834703445435
check_connections_block*********************************

the find indices time spent  0.05208635330200195

in edges time spent  0.17843055725097656
local to global src and eids time spent  0.2750413417816162
time gen tails  0.047965049743652344
res  length 4
check_connections_block*********************************

the find indices time spent  0.07178831100463867

in edges time spent  0.30934572219848633
local to global src and eids time spent  0.4395101070404053
time gen tails  0.07072782516479492
res  length 4
connection checking time:  1.6608531475067139
block generation total time  0.8272104263305664
pure train time  1.0787272453308105
-----------------------------------------after optimizer zero grad
 Nvidia-smi: 6.69140625 GB
    Memory Allocated: 0.07161235809326172  GigaBytes
Max Memory Allocated: 4.516141891479492  GigaBytes

----------------------------------------------------------pseudo_mini_loss sum 3.7051546573638916
REG start----................................
Convert a graph into a bidirected graph: 1.366 seconds, peak memory: 44.476 GB
Construct multi-constraint weights: 0.000 seconds, peak memory: 44.476 GB
Metis partitioning: 5.736 seconds, peak memory: 45.280 GB
Split the graph: 4.081 seconds
Construct subgraphs: 0.023 seconds
REG metis partition end ----................................
REG construction  time spent:  3.6716179847717285
pure dgl.metis_partition the time spent:  11.221752405166626
check_connections_block*********************************

the find indices time spent  0.0646820068359375

in edges time spent  0.16815757751464844
local to global src and eids time spent  0.25989770889282227
time gen tails  0.04854083061218262
res  length 4
check_connections_block*********************************

the find indices time spent  0.07650375366210938

in edges time spent  0.3040041923522949
local to global src and eids time spent  0.44890666007995605
time gen tails  0.08570480346679688
res  length 4
connection checking time:  1.6575250625610352
block generation total time  0.8794260025024414
pure train time  0.6442139148712158
-----------------------------------------after optimizer zero grad
 Nvidia-smi: 6.693359375 GB
    Memory Allocated: 0.0731821060180664  GigaBytes
Max Memory Allocated: 4.516141891479492  GigaBytes

----------------------------------------------------------pseudo_mini_loss sum 3.662263870239258
REG start----................................
Convert a graph into a bidirected graph: 1.279 seconds, peak memory: 54.422 GB
Construct multi-constraint weights: 0.000 seconds, peak memory: 54.422 GB
Metis partitioning: 5.629 seconds, peak memory: 55.141 GB
Split the graph: 4.303 seconds
Construct subgraphs: 0.035 seconds
REG metis partition end ----................................
REG construction  time spent:  3.6847798824310303
pure dgl.metis_partition the time spent:  11.262494564056396
check_connections_block*********************************

the find indices time spent  0.05823850631713867

in edges time spent  0.15877056121826172
local to global src and eids time spent  0.2612931728363037
time gen tails  0.04430723190307617
res  length 4
check_connections_block*********************************

the find indices time spent  0.07119989395141602

in edges time spent  0.30945634841918945
local to global src and eids time spent  0.4508695602416992
time gen tails  0.07553887367248535
res  length 4
connection checking time:  1.6256985664367676
block generation total time  0.8918604850769043
pure train time  0.6605002880096436
-----------------------------------------after optimizer zero grad
 Nvidia-smi: 6.693359375 GB
    Memory Allocated: 0.07436275482177734  GigaBytes
Max Memory Allocated: 4.516141891479492  GigaBytes

----------------------------------------------------------pseudo_mini_loss sum 3.6400234699249268
loading full batch data spends  0.06086921691894531
REG start----................................
Convert a graph into a bidirected graph: 1.332 seconds, peak memory: 57.179 GB
Construct multi-constraint weights: 0.000 seconds, peak memory: 57.179 GB
Metis partitioning: 5.767 seconds, peak memory: 58.009 GB
Split the graph: 4.301 seconds
Construct subgraphs: 0.025 seconds
REG metis partition end ----................................
REG construction  time spent:  4.074104070663452
pure dgl.metis_partition the time spent:  11.440644264221191
check_connections_block*********************************

the find indices time spent  0.061342477798461914

in edges time spent  0.160186767578125
local to global src and eids time spent  0.27048444747924805
time gen tails  0.04440903663635254
res  length 4
check_connections_block*********************************

the find indices time spent  0.07159924507141113

in edges time spent  0.28857994079589844
local to global src and eids time spent  0.4369785785675049
time gen tails  0.0745236873626709
res  length 4
connection checking time:  1.6121490001678467
block generation total time  0.8320097923278809
generate_dataloader_block spend   18.630719900131226
pure train time  0.659252405166626
-----------------------------------------after optimizer zero grad
 Nvidia-smi: 6.693359375 GB
    Memory Allocated: 0.07626867294311523  GigaBytes
Max Memory Allocated: 4.516141891479492  GigaBytes

----------------------------------------------------------pseudo_mini_loss sum 3.6186890602111816
loading full batch data spends  0.05695748329162598
REG start----................................
Convert a graph into a bidirected graph: 1.306 seconds, peak memory: 58.820 GB
Construct multi-constraint weights: 0.000 seconds, peak memory: 58.820 GB
Metis partitioning: 5.587 seconds, peak memory: 58.820 GB
Split the graph: 4.427 seconds
Construct subgraphs: 0.141 seconds
REG metis partition end ----................................
REG construction  time spent:  3.743879795074463
pure dgl.metis_partition the time spent:  11.479503870010376
check_connections_block*********************************

the find indices time spent  0.057950735092163086

in edges time spent  0.1602935791015625
local to global src and eids time spent  0.26064252853393555
time gen tails  0.04403877258300781
res  length 4
check_connections_block*********************************

the find indices time spent  0.07726502418518066

in edges time spent  0.2942631244659424
local to global src and eids time spent  0.4364638328552246
time gen tails  0.07442712783813477
res  length 4
connection checking time:  1.5984158515930176
block generation total time  0.8368422985076904
generate_dataloader_block spend   18.30928349494934
pure train time  0.6468031406402588
-----------------------------------------after optimizer zero grad
 Nvidia-smi: 6.697265625 GB
    Memory Allocated: 0.07250738143920898  GigaBytes
Max Memory Allocated: 4.516141891479492  GigaBytes

----------------------------------------------------------pseudo_mini_loss sum 3.6020865440368652
Total (block generation + training)time/epoch 19.34887182712555
pure train time/epoch 0.6468031406402588

num_input_list  [301288, 298913, 301128, 301961, 299462]
