main start at this time 1700806069.9773817
success----------------------------------------
153431
23831
55703
# Nodes: 232965
# Edges: 114615892
# Train: 153431
# Val: 23831
# Test: 55703
# Classes: 41

#nodes: 232965
#edges: 114615892
#classes: 41
in feats:  602
self._in_src_feats,  602
self._in_dst_feats 602
Epoch 1, Learning Rate: 0.001
REG start----................................
Convert a graph into a bidirected graph: 1.361 seconds, peak memory: 36.499 GB
Construct multi-constraint weights: 0.000 seconds, peak memory: 36.499 GB
Metis partitioning: 9.491 seconds, peak memory: 36.499 GB
Split the graph: 0.826 seconds
Construct subgraphs: 0.016 seconds
REG metis partition end ----................................
REG construction  time spent:  4.058168649673462
pure dgl.metis_partition the time spent:  11.696094036102295

block_gen_time in "generate_blocks_for_one_layer_block"  2.3202431201934814

connection checking time:  1.3637974262237549
block generation total time  2.3202431201934814
pure train time  1.2093310356140137
-----------------------------------------after optimizer zero grad
 Nvidia-smi: 20.5703125 GB
    Memory Allocated: 0.33901453018188477  GigaBytes
Max Memory Allocated: 10.706300258636475  GigaBytes

----------------------------------------------------------pseudo_mini_loss sum 6.9328813552856445
Epoch 2, Learning Rate: 0.001
REG start----................................
Convert a graph into a bidirected graph: 1.337 seconds, peak memory: 58.685 GB
Construct multi-constraint weights: 0.000 seconds, peak memory: 58.685 GB
Metis partitioning: 10.778 seconds, peak memory: 62.707 GB
Split the graph: 1.285 seconds
Construct subgraphs: 0.016 seconds
REG metis partition end ----................................
REG construction  time spent:  4.2606470584869385
pure dgl.metis_partition the time spent:  13.418728828430176

block_gen_time in "generate_blocks_for_one_layer_block"  1.9032366275787354

connection checking time:  1.3046627044677734
block generation total time  1.9032366275787354
pure train time  0.580622673034668
-----------------------------------------after optimizer zero grad
 Nvidia-smi: 22.34765625 GB
    Memory Allocated: 0.32416534423828125  GigaBytes
Max Memory Allocated: 10.799071788787842  GigaBytes

----------------------------------------------------------pseudo_mini_loss sum 6.8697190284729
Epoch 3, Learning Rate: 0.001
REG start----................................
Convert a graph into a bidirected graph: 1.308 seconds, peak memory: 65.622 GB
Construct multi-constraint weights: 0.000 seconds, peak memory: 65.622 GB
Metis partitioning: 10.544 seconds, peak memory: 65.622 GB
Split the graph: 0.782 seconds
Construct subgraphs: 0.027 seconds
REG metis partition end ----................................
REG construction  time spent:  4.3222410678863525
pure dgl.metis_partition the time spent:  12.663497924804688

block_gen_time in "generate_blocks_for_one_layer_block"  1.247236728668213

connection checking time:  0.8812336921691895
block generation total time  1.247236728668213
pure train time  0.48497891426086426
-----------------------------------------after optimizer zero grad
 Nvidia-smi: 22.359375 GB
    Memory Allocated: 0.3520975112915039  GigaBytes
Max Memory Allocated: 10.799071788787842  GigaBytes

----------------------------------------------------------pseudo_mini_loss sum 6.8066887855529785
Epoch 4, Learning Rate: 0.001
REG start----................................
Convert a graph into a bidirected graph: 1.351 seconds, peak memory: 67.021 GB
Construct multi-constraint weights: 0.000 seconds, peak memory: 67.021 GB
Metis partitioning: 10.740 seconds, peak memory: 67.021 GB
Split the graph: 0.869 seconds
Construct subgraphs: 0.016 seconds
REG metis partition end ----................................
REG construction  time spent:  3.3003077507019043
pure dgl.metis_partition the time spent:  12.979619979858398

block_gen_time in "generate_blocks_for_one_layer_block"  1.8940904140472412

connection checking time:  1.3192288875579834
block generation total time  1.8940904140472412
generate_dataloader_block spend   20.492405652999878
pure train time  0.588172197341919
-----------------------------------------after optimizer zero grad
 Nvidia-smi: 22.365234375 GB
    Memory Allocated: 0.33553552627563477  GigaBytes
Max Memory Allocated: 10.801148414611816  GigaBytes

----------------------------------------------------------pseudo_mini_loss sum 6.7245402336120605
epoch time :  27.540733814239502
Epoch 5, Learning Rate: 0.001
REG start----................................
Convert a graph into a bidirected graph: 1.387 seconds, peak memory: 68.064 GB
Construct multi-constraint weights: 0.000 seconds, peak memory: 68.064 GB
Metis partitioning: 9.924 seconds, peak memory: 68.064 GB
Split the graph: 0.898 seconds
Construct subgraphs: 0.015 seconds
REG metis partition end ----................................
REG construction  time spent:  4.425905704498291
pure dgl.metis_partition the time spent:  12.226554870605469

block_gen_time in "generate_blocks_for_one_layer_block"  1.87503981590271

connection checking time:  1.355327844619751
block generation total time  1.87503981590271
generate_dataloader_block spend   20.92578649520874
pure train time  0.6299316883087158
-----------------------------------------after optimizer zero grad
 Nvidia-smi: 22.365234375 GB
    Memory Allocated: 0.33980655670166016  GigaBytes
Max Memory Allocated: 10.804686069488525  GigaBytes

----------------------------------------------------------pseudo_mini_loss sum 6.5951104164123535
epoch time :  27.95063352584839
Epoch 6, Learning Rate: 0.001
REG start----................................
Convert a graph into a bidirected graph: 1.390 seconds, peak memory: 68.630 GB
Construct multi-constraint weights: 0.000 seconds, peak memory: 68.630 GB
Metis partitioning: 11.293 seconds, peak memory: 68.630 GB
Split the graph: 0.987 seconds
Construct subgraphs: 0.022 seconds
REG metis partition end ----................................
REG construction  time spent:  4.374620676040649
pure dgl.metis_partition the time spent:  13.694029569625854

block_gen_time in "generate_blocks_for_one_layer_block"  1.8823773860931396

connection checking time:  1.3762168884277344
block generation total time  1.8823773860931396
generate_dataloader_block spend   22.356169939041138
pure train time  0.6040246486663818
-----------------------------------------after optimizer zero grad
 Nvidia-smi: 22.365234375 GB
    Memory Allocated: 0.32721900939941406  GigaBytes
Max Memory Allocated: 10.804686069488525  GigaBytes

----------------------------------------------------------pseudo_mini_loss sum 6.3859758377075195
epoch time :  29.39848232269287
Epoch 7, Learning Rate: 0.001
REG start----................................
Convert a graph into a bidirected graph: 1.384 seconds, peak memory: 69.001 GB
Construct multi-constraint weights: 0.000 seconds, peak memory: 69.001 GB
Metis partitioning: 11.542 seconds, peak memory: 69.001 GB
Split the graph: 0.902 seconds
Construct subgraphs: 0.025 seconds
REG metis partition end ----................................
REG construction  time spent:  4.444684743881226
pure dgl.metis_partition the time spent:  13.855861902236938

block_gen_time in "generate_blocks_for_one_layer_block"  1.8904387950897217

connection checking time:  1.3513922691345215
block generation total time  1.8904387950897217
generate_dataloader_block spend   22.601578950881958
pure train time  0.6033058166503906
-----------------------------------------after optimizer zero grad
 Nvidia-smi: 22.365234375 GB
    Memory Allocated: 0.3119349479675293  GigaBytes
Max Memory Allocated: 10.820468425750732  GigaBytes

----------------------------------------------------------pseudo_mini_loss sum 6.172379970550537
epoch time :  29.653292417526245
Epoch 8, Learning Rate: 0.001
REG start----................................
Convert a graph into a bidirected graph: 1.352 seconds, peak memory: 69.365 GB
Construct multi-constraint weights: 0.000 seconds, peak memory: 69.365 GB
Metis partitioning: 11.555 seconds, peak memory: 69.365 GB
Split the graph: 1.092 seconds
Construct subgraphs: 0.016 seconds
REG metis partition end ----................................
REG construction  time spent:  4.516225337982178
pure dgl.metis_partition the time spent:  14.01765751838684

block_gen_time in "generate_blocks_for_one_layer_block"  1.9058377742767334

connection checking time:  1.3497240543365479
block generation total time  1.9058377742767334
generate_dataloader_block spend   22.828774213790894
pure train time  0.580247163772583
-----------------------------------------after optimizer zero grad
 Nvidia-smi: 22.365234375 GB
    Memory Allocated: 0.33615541458129883  GigaBytes
Max Memory Allocated: 10.820468425750732  GigaBytes

----------------------------------------------------------pseudo_mini_loss sum 6.01809024810791
epoch time :  29.84148144721985
Epoch 9, Learning Rate: 0.001
REG start----................................
Convert a graph into a bidirected graph: 1.438 seconds, peak memory: 69.599 GB
Construct multi-constraint weights: 0.000 seconds, peak memory: 69.599 GB
Metis partitioning: 11.363 seconds, peak memory: 69.599 GB
Split the graph: 0.952 seconds
Construct subgraphs: 0.017 seconds
REG metis partition end ----................................
REG construction  time spent:  4.525538921356201
pure dgl.metis_partition the time spent:  13.7708420753479

block_gen_time in "generate_blocks_for_one_layer_block"  1.9399473667144775

connection checking time:  1.331604242324829
block generation total time  1.9399473667144775
generate_dataloader_block spend   22.604602098464966
pure train time  0.5961112976074219
-----------------------------------------after optimizer zero grad
 Nvidia-smi: 22.365234375 GB
    Memory Allocated: 0.33530616760253906  GigaBytes
Max Memory Allocated: 10.820468425750732  GigaBytes

----------------------------------------------------------pseudo_mini_loss sum 5.897854328155518
epoch time :  29.62885546684265
Epoch 10, Learning Rate: 0.001
REG start----................................
Convert a graph into a bidirected graph: 1.437 seconds, peak memory: 69.771 GB
Construct multi-constraint weights: 0.000 seconds, peak memory: 69.771 GB
Metis partitioning: 11.724 seconds, peak memory: 69.771 GB
Split the graph: 1.150 seconds
Construct subgraphs: 0.015 seconds
REG metis partition end ----................................
REG construction  time spent:  4.406560659408569
pure dgl.metis_partition the time spent:  14.328457832336426

block_gen_time in "generate_blocks_for_one_layer_block"  1.9061074256896973

connection checking time:  1.3345637321472168
block generation total time  1.9061074256896973
generate_dataloader_block spend   23.015648365020752
pure train time  0.6586785316467285
-----------------------------------------after optimizer zero grad
 Nvidia-smi: 22.365234375 GB
    Memory Allocated: 0.31014585494995117  GigaBytes
Max Memory Allocated: 10.820468425750732  GigaBytes

----------------------------------------------------------pseudo_mini_loss sum 5.805649280548096
epoch time :  30.06415367126465
Total (block generation + training)time/epoch 29.153946501868113
pure train time/epoch 0.6120498577753702

num_input_list  [419857, 425579, 409244, 423470, 424776, 439448, 432012, 422530, 418609, 432634]
