main start at this time 1691642526.9196959
-----------------------------------------before load data 
 Nvidia-smi: 0.166015625 GB
    Memory Allocated: 0.0  GigaBytes
Max Memory Allocated: 0.0  GigaBytes

  NumNodes: 2708
  NumEdges: 10556
  NumFeats: 1433
  NumClasses: 7
  NumTrainingSamples: 140
  NumValidationSamples: 500
  NumTestSamples: 1000
Done loading data from cached files.
success----------------------------------------
140
500
2068
# Nodes: 2708
# Edges: 10556
# Train: 140
# Val: 500
# Test: 2068
# Classes: 7

----------------------------------------start of run function 
 Nvidia-smi: 0.166015625 GB
    Memory Allocated: 0.0  GigaBytes
Max Memory Allocated: 0.0  GigaBytes

in feats:  1433
len(bkt)  20
len(bkt)  25
len(bkt)  26
len(bkt)  22
len(bkt)  15
len(bkt)  11
len(bkt)  4
len(bkt)  3
len(bkt)  4
len(bkt)  3
len(bkt)  1
len(bkt)  2
len(bkt)  1
len(bkt)  1
len(bkt)  2
---||-----||-----||-----||-----||-----||-----||-----||-----||-----||-----||-----||-----||-----||-----||-----||-----||-----||-----||-----||--
15
15
[0.14285714285714285, 0.17857142857142858, 0.18571428571428572, 0.15714285714285714, 0.10714285714285714, 0.07857142857142857, 0.02857142857142857, 0.02142857142857143, 0.02857142857142857, 0.02142857142857143, 0.007142857142857143, 0.014285714285714285, 0.007142857142857143, 0.007142857142857143, 0.014285714285714285]
bkt_dst_nodes_list = self.get_in_degree_bucketing() spend:  0.0009474754333496094
self.gen_batches_seeds_list(bkt_dst_nodes_list_local) spend  5.221366882324219e-05
len local_batched_seeds_list  15
partition total batch output list spend :  0.002917051315307617
self.buckets_partition() spend  sec:  0.0010075569152832031
layer  0
 the number of batches:  15
check_connections_block*********************************

the find indices time spent  6.771087646484375e-05

in edges time spent  0.021901845932006836
local to global src and eids time spent  0.0010223388671875
time gen tails  0.0003218650817871094
res  length 15
layer  1
num of batch  15
check_connections_block*********************************

the find indices time spent  0.00033783912658691406

in edges time spent  0.006302356719970703
local to global src and eids time spent  0.002088308334350586
time gen tails  0.0005009174346923828
res  length 15
block collection to dataloader spend  1.8358230590820312e-05
redundancy ratio #input/#seeds/degree
4.95
4.92
3.551282051282051
3.897727272727273
4.093333333333333
3.5606060606060606
4.5
3.7916666666666665
4.0
3.7333333333333334
3.5454545454545454
4.041666666666667
3.4210526315789473
4.190476190476191
3.92
layer  0
{1: 25, 2: 3, 3: 3, 4: 3, 5: 1, 6: 1, 7: 1, 10: 3}
layer  1
{1: 20}

layer  0
{1: 3, 2: 36, 3: 4, 4: 9, 5: 4, 6: 5, 7: 2, 8: 1, 10: 10}
layer  1
{2: 25}

layer  0
{1: 8, 2: 12, 3: 38, 4: 10, 5: 8, 6: 3, 7: 4, 8: 3, 9: 1, 10: 9}
layer  1
{3: 26}

layer  0
{1: 2, 2: 8, 3: 16, 4: 30, 5: 9, 6: 15, 7: 6, 8: 3, 9: 1, 10: 16}
layer  1
{4: 22}

layer  0
{1: 4, 2: 6, 3: 7, 4: 12, 5: 24, 6: 8, 7: 10, 8: 6, 10: 13}
layer  1
{5: 15}

layer  0
{1: 2, 2: 4, 3: 13, 4: 12, 5: 14, 6: 15, 7: 1, 8: 2, 10: 12}
layer  1
{6: 11}

layer  0
{2: 4, 3: 3, 4: 5, 5: 5, 6: 3, 7: 6, 9: 1, 10: 5}
layer  1
{7: 4}

layer  0
{2: 4, 3: 2, 4: 4, 5: 5, 6: 3, 8: 3, 10: 5}
layer  1
{8: 3}

layer  0
{2: 4, 3: 6, 4: 8, 5: 8, 6: 2, 8: 1, 9: 4, 10: 7}
layer  1
{9: 4}

layer  0
{2: 5, 3: 3, 4: 8, 5: 4, 6: 2, 7: 2, 8: 2, 10: 7}
layer  1
{10: 3}

layer  0
{1: 1, 2: 4, 3: 2, 5: 2, 10: 3}
layer  1
{11: 1}

layer  0
{2: 1, 3: 2, 4: 7, 5: 6, 6: 3, 7: 3, 10: 4}
layer  1
{12: 2}

layer  0
{2: 3, 3: 5, 4: 3, 6: 4, 7: 1, 8: 1, 9: 1, 10: 2}
layer  1
{19: 1}

layer  0
{3: 4, 4: 3, 5: 2, 6: 3, 8: 1, 9: 1, 10: 8}
layer  1
{21: 1}

layer  0
{1: 1, 2: 4, 3: 6, 4: 8, 5: 11, 6: 7, 7: 3, 8: 2, 9: 1, 10: 9}
layer  1
{25: 2}

data_dict
[[{1: 25, 2: 3, 3: 3, 4: 3, 5: 1, 6: 1, 7: 1, 10: 3}, {1: 20}], [{1: 3, 2: 36, 3: 4, 4: 9, 5: 4, 6: 5, 7: 2, 8: 1, 10: 10}, {2: 25}], [{1: 8, 2: 12, 3: 38, 4: 10, 5: 8, 6: 3, 7: 4, 8: 3, 9: 1, 10: 9}, {3: 26}], [{1: 2, 2: 8, 3: 16, 4: 30, 5: 9, 6: 15, 7: 6, 8: 3, 9: 1, 10: 16}, {4: 22}], [{1: 4, 2: 6, 3: 7, 4: 12, 5: 24, 6: 8, 7: 10, 8: 6, 10: 13}, {5: 15}], [{1: 2, 2: 4, 3: 13, 4: 12, 5: 14, 6: 15, 7: 1, 8: 2, 10: 12}, {6: 11}], [{2: 4, 3: 3, 4: 5, 5: 5, 6: 3, 7: 6, 9: 1, 10: 5}, {7: 4}], [{2: 4, 3: 2, 4: 4, 5: 5, 6: 3, 8: 3, 10: 5}, {8: 3}], [{2: 4, 3: 6, 4: 8, 5: 8, 6: 2, 8: 1, 9: 4, 10: 7}, {9: 4}], [{2: 5, 3: 3, 4: 8, 5: 4, 6: 2, 7: 2, 8: 2, 10: 7}, {10: 3}], [{1: 1, 2: 4, 3: 2, 5: 2, 10: 3}, {11: 1}], [{2: 1, 3: 2, 4: 7, 5: 6, 6: 3, 7: 3, 10: 4}, {12: 2}], [{2: 3, 3: 5, 4: 3, 6: 4, 7: 1, 8: 1, 9: 1, 10: 2}, {19: 1}], [{3: 4, 4: 3, 5: 2, 6: 3, 8: 1, 9: 1, 10: 8}, {21: 1}], [{1: 1, 2: 4, 3: 6, 4: 8, 5: 11, 6: 7, 7: 3, 8: 2, 9: 1, 10: 9}, {25: 2}]]
estimated_mem_dict
{1: 0.009952336549758911, 2: 0.029204897582530975, 3: 0.039294563233852386, 4: 0.054936736822128296, 5: 0.04942861944437027, 6: 0.03956902027130127, 7: 0.017872966825962067, 8: 0.014537237584590912, 9: 0.02214217185974121, 10: 0.018099479377269745, 11: 0.005473785102367401, 12: 0.014345057308673859, 19: 0.010031260550022125, 21: 0.014677919447422028, 25: 0.028916627168655396}
[0.009952336549758911, 0.029204897582530975, 0.039294563233852386, 0.054936736822128296, 0.04942861944437027, 0.03956902027130127, 0.017872966825962067, 0.014537237584590912, 0.02214217185974121, 0.018099479377269745, 0.005473785102367401, 0.014345057308673859, 0.010031260550022125, 0.014677919447422028]


 MM estimated memory/GB degree 1: 0.009952336549758911 * min(4.95,1)
 MM estimated memory/GB degree 2: 0.029204897582530975 * min(4.92,1)
 MM estimated memory/GB degree 3: 0.039294563233852386 * min(3.551282051282051,1)
 MM estimated memory/GB degree 4: 0.054936736822128296 * min(3.897727272727273,1)
 MM estimated memory/GB degree 5: 0.04942861944437027 * min(4.093333333333333,1)
 MM estimated memory/GB degree 6: 0.03956902027130127 * min(3.5606060606060606,1)
 MM estimated memory/GB degree 7: 0.017872966825962067 * min(4.5,1)
 MM estimated memory/GB degree 8: 0.014537237584590912 * min(3.7916666666666665,1)
 MM estimated memory/GB degree 9: 0.02214217185974121 * min(4.0,1)
 MM estimated memory/GB degree 10: 0.018099479377269745 * min(3.7333333333333334,1)
 MM estimated memory/GB degree 11: 0.005473785102367401 * min(3.5454545454545454,1)
 MM estimated memory/GB degree 12: 0.014345057308673859 * min(4.041666666666667,1)
 MM estimated memory/GB degree 19: 0.010031260550022125 * min(3.4210526315789473,1)
 MM estimated memory/GB degree 21: 0.014677919447422028 * min(4.190476190476191,1)
 MM estimated memory/GB degree 25: 0.028916627168655396 * min(3.92,1)

modified_estimated_mem_list 
[0.009952336549758911, 0.029204897582530975, 0.039294563233852386, 0.054936736822128296, 0.04942861944437027, 0.03956902027130127, 0.017872966825962067, 0.014537237584590912, 0.02214217185974121, 0.018099479377269745, 0.005473785102367401, 0.014345057308673859, 0.010031260550022125, 0.014677919447422028, 0.028916627168655396]

the total length of degree buckets  15
modified_res  [0.009952336549758911, 0.029204897582530975, 0.039294563233852386, 0.054936736822128296, 0.04942861944437027, 0.03956902027130127, 0.017872966825962067, 0.014537237584590912, 0.02214217185974121, 0.018099479377269745, 0.005473785102367401, 0.014345057308673859, 0.010031260550022125, 0.014677919447422028, 0.028916627168655396]
0.36848267912864685
mem size of fanout degree bucket by formula (GB):  [0.009952336549758911, 0.029204897582530975, 0.039294563233852386, 0.054936736822128296, 0.04942861944437027, 0.03956902027130127, 0.017872966825962067, 0.014537237584590912, 0.02214217185974121, 0.018099479377269745, 0.005473785102367401, 0.014345057308673859, 0.010031260550022125, 0.014677919447422028, 0.028916627168655396]

the modified memory estimation spend (sec) 0.006765127182006836
the time of number of fanout blocks generation (sec) 0.08664870262145996
the time dict collection (sec) 0.006250619888305664
the time estimate mem (sec) 0.000263214111328125
