main start at this time 1698467496.7693284
-----------------------------------------before load data 
 Nvidia-smi: 0.166015625 GB
    Memory Allocated: 0.0  GigaBytes
Max Memory Allocated: 0.0  GigaBytes

  NumNodes: 2708
  NumEdges: 10556
  NumFeats: 1433
  NumClasses: 7
  NumTrainingSamples: 140
  NumValidationSamples: 500
  NumTestSamples: 1000
Done loading data from cached files.
success----------------------------------------
140
500
2068
# Nodes: 2708
# Edges: 10556
# Train: 140
# Val: 500
# Test: 2068
# Classes: 7

----------------------------------------start of run function 
 Nvidia-smi: 0.166015625 GB
    Memory Allocated: 0.0  GigaBytes
Max Memory Allocated: 0.0  GigaBytes

generate_dataloader_bucket_block=======
get_in_degree_bucketing src global nid  tensor([  48,  128,  122,   89,  129,   69,   97,  131,   99,  101,   74,  118,
           5,   12,   51,   77,   85,    7,   34,  107,   78,  138,   17,    3,
          30,   11,   45,   98,   10,   68,   66,   25,  102,   80,  137,  106,
          62,   82,  121,  116,   41,  123,    2,  114,   13,    0,   38,  132,
          26,   50,  111,  103,   59,   93,    1,  130,   84,  119,    4,  104,
          61,   44,   64,  135,   90,   20,   27,   96,   37,   72,  120,   14,
          58,   23,  109,   53,    9,  110,   21,   87,   71,   29,   52,   39,
          43,   88,    8,  108,  117,  126,   65,  105,   67,  125,   24,  133,
          40,  112,   49,   15,   47,  124,   42,    6,  115,  139,   16,   32,
         113,   31,   22,  134,   83,   94,   73,   76,   63,   36,   92,   18,
          95,   46,  136,   54,   57,   60,   70,   86,   19,   55,  127,   91,
          33,  100,   79,   56,   28,   81,   75,   35,  598,  714, 1031, 1662,
        1666, 2041, 2205, 2206, 2471,  233,  370,  392, 2270, 2454, 2455,  258,
         884, 1087, 1094, 1157, 1401, 1530, 1585, 1653, 2463,  441,  701,  604,
        1013, 1351, 1914, 1920, 1926, 2189,  661, 1353,  834, 2169, 2604,  281,
        1358, 1589,  544,  586, 1042, 1118, 1416, 1517, 2052, 2155, 2419,  255,
         388,  446,  454,  554,  581,  842, 1029, 1343, 1507, 1538, 1616, 1690,
        1851, 2010, 2030, 2112, 2165, 2166, 1629, 1659, 2546, 1001, 1318, 2661,
        2662,  457,  710, 1392, 2213, 2214, 2215,  659, 1803, 1065, 2487, 2488,
         208,  541,  971, 1113, 1650, 1219, 1329, 1418,  236,  306, 1776,  927,
        1315, 1316, 2140, 2544,  697,  738, 2162, 2343, 1655, 1839,  733, 1986,
        2303, 2667, 2668, 1521,  476, 2545,  391, 2631, 1301, 1344, 2011, 2317,
        1251, 1448, 1561, 1623, 1871, 1878, 2256,  257, 1117, 2049, 2144, 2329,
        2504, 2461,  485, 1138, 1634,  589,  802,  980, 1158, 1910, 2251, 2252,
        1076, 1501,  175,  596,  644,  332, 1454,  610, 2288, 2506, 1701, 1810,
         633, 1862, 2582,  429,  862,  863, 1160,  379,  479,  904, 1022, 1959,
        1441,  758, 1169, 1762, 2492, 2643,  484,  608, 1775, 1790,  580,  609,
         615, 1067, 1287, 1627, 1725, 2651,  550,  950, 1495, 2151,  652,  654,
        1982, 2017,  284, 2223, 2224, 2226,  646, 1537, 1549, 1901, 1016, 1256,
        1761, 2175, 2176,  401,  864, 2210, 1080, 1309, 2312, 1582, 2624, 2701,
        1209, 1737, 2616, 2095,  155,  156,  817, 1072, 2269, 2374, 2375,  606,
        2360, 2578, 2217, 1190, 2427, 1103,  483,  514,  816, 1842, 2405,  158,
        2034, 2075, 2077, 1715, 2159,  318, 1787,  153, 1789, 1337, 1661,  176,
        2094,  426, 1346,  459, 1772, 1779, 1805, 2093,  289, 1769, 1045, 1739,
         723, 2614,  567, 1161, 1262, 1599, 2279, 1043, 2310, 2164,  206, 2691,
         963, 2645, 1139, 1467, 2053, 2172, 2182, 1349, 1522, 1532, 1965, 2357,
         152, 2399, 2400,  841, 1394,  696, 1908, 1741,  162, 1882,  415, 2012,
        1527,  743,  851, 2178, 1713,  815, 2013, 1174, 1288, 1847,  269, 1996,
        1647, 2157, 2209,  259, 2537, 1551, 2045, 2079,  239,  543,  619,  771,
        1156, 1293, 1628, 2021, 2418, 1721, 2476,  282,  540, 2628,  458, 2363,
         201, 1636, 2139, 2141,  399,  452, 1670, 1777, 1784, 2082,  507,  866,
        1364,  487, 2080, 1090, 1093, 1271, 2367,  163, 1579, 1367, 1622, 2478,
        1372,  373, 1602,  973,  660,  910, 1780,  970, 1632, 2444, 2642,  279,
         518, 1850, 1973,  747, 1884, 1594, 1234, 1702, 1703, 2238,  406, 1520,
        2581,  195,  675,  934, 1649, 1966, 2263, 2355, 2490,  449,  558,  797,
         876, 1035, 1136, 1189, 1214, 1723, 1745, 1751, 2018, 1322, 1146, 1505,
        1552, 1640, 1781, 2106, 2107,  898, 1836, 1560, 1786, 2145,  334,  456,
         693,  734,  736,  861, 1303, 1535, 1580, 1838, 2054, 2074, 2181, 2183,
        2197, 2199, 2200, 2201, 1604, 2366,  831,  767, 2184, 1336, 2295, 1939,
         210,  323,  651,  787, 1079, 1983, 2020,  330, 1046, 2001, 2122, 2123,
        2380,  286,  588,  698,  911, 1051, 2040, 2119, 2120, 2121, 2056,  603,
        2097,  412,  447, 1849, 1687,  347,  423,  527, 2180,  583, 2222, 2225,
         895, 1296, 1913])
get_in_degree_bucketing dst global nid  tensor([ 48, 128, 122,  89, 129,  69,  97, 131,  99, 101,  74, 118,   5,  12,
         51,  77,  85,   7,  34, 107,  78, 138,  17,   3,  30,  11,  45,  98,
         10,  68,  66,  25, 102,  80, 137, 106,  62,  82, 121, 116,  41, 123,
          2, 114,  13,   0,  38, 132,  26,  50, 111, 103,  59,  93,   1, 130,
         84, 119,   4, 104,  61,  44,  64, 135,  90,  20,  27,  96,  37,  72,
        120,  14,  58,  23, 109,  53,   9, 110,  21,  87,  71,  29,  52,  39,
         43,  88,   8, 108, 117, 126,  65, 105,  67, 125,  24, 133,  40, 112,
         49,  15,  47, 124,  42,   6, 115, 139,  16,  32, 113,  31,  22, 134,
         83,  94,  73,  76,  63,  36,  92,  18,  95,  46, 136,  54,  57,  60,
         70,  86,  19,  55, 127,  91,  33, 100,  79,  56,  28,  81,  75,  35])
get_in_degree_bucketing corresponding in degs tensor([ 9,  4,  4, 10,  2,  7,  2,  2,  6,  3,  9, 19,  3,  4,  6,  2,  3,  1,
         1,  4,  3,  3,  5,  1,  6,  2,  6,  1,  2,  3,  1,  4,  8,  3,  4,  1,
         1,  2,  7,  2,  4,  4,  5,  3,  2,  3,  4,  5,  5,  1,  6,  6, 10,  4,
         3,  3,  5,  6,  5,  4,  5,  3,  3,  3,  4,  5,  4,  1,  3,  2,  5,  5,
         1,  1, 25,  3,  2,  5,  2,  3,  3,  2,  5,  7,  6, 25,  3,  3,  2,  6,
        10,  4,  3,  2,  7,  9,  3,  4,  2,  4,  2,  5,  2,  4,  1,  8,  4,  4,
         3,  1,  5,  1,  2, 11, 12,  3,  1,  8,  2,  5, 21,  2,  1,  2,  1,  3,
         2,  4,  1, 12,  1,  6,  9,  2,  2,  4,  1,  4,  6,  3])
len(bkt)  20
local bkt nids  tensor([ 17,  18,  23,  27,  30,  35,  36,  49,  67,  72,  73, 104, 109, 111,
        116, 122, 124, 128, 130, 136])
len(bkt)  25
local bkt nids  tensor([  4,   6,   7,  15,  25,  28,  37,  39,  44,  69,  76,  78,  81,  88,
         93,  98, 100, 102, 112, 118, 121, 123, 126, 133, 134])
len(bkt)  26
local bkt nids  tensor([  9,  12,  16,  20,  21,  29,  33,  43,  45,  54,  55,  61,  62,  63,
         68,  75,  79,  80,  86,  87,  92,  96, 108, 115, 125, 139])
len(bkt)  22
local bkt nids  tensor([  1,   2,  13,  19,  31,  34,  40,  41,  46,  53,  59,  64,  66,  91,
         97,  99, 103, 106, 107, 127, 135, 137])
len(bkt)  15
local bkt nids  tensor([ 22,  42,  47,  48,  56,  58,  60,  65,  70,  71,  77,  82, 101, 110,
        119])
len(bkt)  11
local bkt nids  tensor([  8,  14,  24,  26,  50,  51,  57,  84,  89, 131, 138])
len(bkt)  4
local bkt nids  tensor([ 5, 38, 83, 94])
len(bkt)  3
local bkt nids  tensor([ 32, 105, 117])
len(bkt)  4
local bkt nids  tensor([  0,  10,  95, 132])
len(bkt)  3
local bkt nids  tensor([ 3, 52, 90])
len(bkt)  1
local bkt nids  tensor([113])
len(bkt)  2
local bkt nids  tensor([114, 129])
len(bkt)  1
local bkt nids  tensor([11])
len(bkt)  1
local bkt nids  tensor([120])
len(bkt)  2
local bkt nids  tensor([74, 85])
bucket partitioner: bkt_dst_nodes_list_local  [tensor([ 17,  18,  23,  27,  30,  35,  36,  49,  67,  72,  73, 104, 109, 111,
        116, 122, 124, 128, 130, 136]), tensor([  4,   6,   7,  15,  25,  28,  37,  39,  44,  69,  76,  78,  81,  88,
         93,  98, 100, 102, 112, 118, 121, 123, 126, 133, 134]), tensor([  9,  12,  16,  20,  21,  29,  33,  43,  45,  54,  55,  61,  62,  63,
         68,  75,  79,  80,  86,  87,  92,  96, 108, 115, 125, 139]), tensor([  1,   2,  13,  19,  31,  34,  40,  41,  46,  53,  59,  64,  66,  91,
         97,  99, 103, 106, 107, 127, 135, 137]), tensor([ 22,  42,  47,  48,  56,  58,  60,  65,  70,  71,  77,  82, 101, 110,
        119]), tensor([  8,  14,  24,  26,  50,  51,  57,  84,  89, 131, 138]), tensor([ 5, 38, 83, 94]), tensor([ 32, 105, 117]), tensor([  0,  10,  95, 132]), tensor([ 3, 52, 90]), tensor([113]), tensor([114, 129]), tensor([11]), tensor([120]), tensor([74, 85])]
random partition time  0.0003273487091064453
self.weights_list  [0.5, 0.5]
---||-----||-----||-----||-----||-----||-----||-----||-----||-----||-----||-----||-----||-----||-----||-----||-----||-----||-----||-----||--
bkt_dst_nodes_list = self.get_in_degree_bucketing() spend:  0.011048078536987305
self.gen_batches_seeds_list(bkt_dst_nodes_list_local) spend  0.00038886070251464844
local_to_global: src global  tensor([  48,  128,  122,   89,  129,   69,   97,  131,   99,  101,   74,  118,
           5,   12,   51,   77,   85,    7,   34,  107,   78,  138,   17,    3,
          30,   11,   45,   98,   10,   68,   66,   25,  102,   80,  137,  106,
          62,   82,  121,  116,   41,  123,    2,  114,   13,    0,   38,  132,
          26,   50,  111,  103,   59,   93,    1,  130,   84,  119,    4,  104,
          61,   44,   64,  135,   90,   20,   27,   96,   37,   72,  120,   14,
          58,   23,  109,   53,    9,  110,   21,   87,   71,   29,   52,   39,
          43,   88,    8,  108,  117,  126,   65,  105,   67,  125,   24,  133,
          40,  112,   49,   15,   47,  124,   42,    6,  115,  139,   16,   32,
         113,   31,   22,  134,   83,   94,   73,   76,   63,   36,   92,   18,
          95,   46,  136,   54,   57,   60,   70,   86,   19,   55,  127,   91,
          33,  100,   79,   56,   28,   81,   75,   35,  598,  714, 1031, 1662,
        1666, 2041, 2205, 2206, 2471,  233,  370,  392, 2270, 2454, 2455,  258,
         884, 1087, 1094, 1157, 1401, 1530, 1585, 1653, 2463,  441,  701,  604,
        1013, 1351, 1914, 1920, 1926, 2189,  661, 1353,  834, 2169, 2604,  281,
        1358, 1589,  544,  586, 1042, 1118, 1416, 1517, 2052, 2155, 2419,  255,
         388,  446,  454,  554,  581,  842, 1029, 1343, 1507, 1538, 1616, 1690,
        1851, 2010, 2030, 2112, 2165, 2166, 1629, 1659, 2546, 1001, 1318, 2661,
        2662,  457,  710, 1392, 2213, 2214, 2215,  659, 1803, 1065, 2487, 2488,
         208,  541,  971, 1113, 1650, 1219, 1329, 1418,  236,  306, 1776,  927,
        1315, 1316, 2140, 2544,  697,  738, 2162, 2343, 1655, 1839,  733, 1986,
        2303, 2667, 2668, 1521,  476, 2545,  391, 2631, 1301, 1344, 2011, 2317,
        1251, 1448, 1561, 1623, 1871, 1878, 2256,  257, 1117, 2049, 2144, 2329,
        2504, 2461,  485, 1138, 1634,  589,  802,  980, 1158, 1910, 2251, 2252,
        1076, 1501,  175,  596,  644,  332, 1454,  610, 2288, 2506, 1701, 1810,
         633, 1862, 2582,  429,  862,  863, 1160,  379,  479,  904, 1022, 1959,
        1441,  758, 1169, 1762, 2492, 2643,  484,  608, 1775, 1790,  580,  609,
         615, 1067, 1287, 1627, 1725, 2651,  550,  950, 1495, 2151,  652,  654,
        1982, 2017,  284, 2223, 2224, 2226,  646, 1537, 1549, 1901, 1016, 1256,
        1761, 2175, 2176,  401,  864, 2210, 1080, 1309, 2312, 1582, 2624, 2701,
        1209, 1737, 2616, 2095,  155,  156,  817, 1072, 2269, 2374, 2375,  606,
        2360, 2578, 2217, 1190, 2427, 1103,  483,  514,  816, 1842, 2405,  158,
        2034, 2075, 2077, 1715, 2159,  318, 1787,  153, 1789, 1337, 1661,  176,
        2094,  426, 1346,  459, 1772, 1779, 1805, 2093,  289, 1769, 1045, 1739,
         723, 2614,  567, 1161, 1262, 1599, 2279, 1043, 2310, 2164,  206, 2691,
         963, 2645, 1139, 1467, 2053, 2172, 2182, 1349, 1522, 1532, 1965, 2357,
         152, 2399, 2400,  841, 1394,  696, 1908, 1741,  162, 1882,  415, 2012,
        1527,  743,  851, 2178, 1713,  815, 2013, 1174, 1288, 1847,  269, 1996,
        1647, 2157, 2209,  259, 2537, 1551, 2045, 2079,  239,  543,  619,  771,
        1156, 1293, 1628, 2021, 2418, 1721, 2476,  282,  540, 2628,  458, 2363,
         201, 1636, 2139, 2141,  399,  452, 1670, 1777, 1784, 2082,  507,  866,
        1364,  487, 2080, 1090, 1093, 1271, 2367,  163, 1579, 1367, 1622, 2478,
        1372,  373, 1602,  973,  660,  910, 1780,  970, 1632, 2444, 2642,  279,
         518, 1850, 1973,  747, 1884, 1594, 1234, 1702, 1703, 2238,  406, 1520,
        2581,  195,  675,  934, 1649, 1966, 2263, 2355, 2490,  449,  558,  797,
         876, 1035, 1136, 1189, 1214, 1723, 1745, 1751, 2018, 1322, 1146, 1505,
        1552, 1640, 1781, 2106, 2107,  898, 1836, 1560, 1786, 2145,  334,  456,
         693,  734,  736,  861, 1303, 1535, 1580, 1838, 2054, 2074, 2181, 2183,
        2197, 2199, 2200, 2201, 1604, 2366,  831,  767, 2184, 1336, 2295, 1939,
         210,  323,  651,  787, 1079, 1983, 2020,  330, 1046, 2001, 2122, 2123,
        2380,  286,  588,  698,  911, 1051, 2040, 2119, 2120, 2121, 2056,  603,
        2097,  412,  447, 1849, 1687,  347,  423,  527, 2180,  583, 2222, 2225,
         895, 1296, 1913])
local_to_global: local nid  [130, 106, 100, 23, 49, 117, 124, 89, 71, 114, 94, 72, 38, 125, 37, 88, 107, 111, 96, 55, 1, 121, 93, 109, 79, 65, 102, 60, 61, 103, 132, 112, 12, 58, 133, 138, 42, 5, 123, 83, 14, 82, 131, 76, 128, 34, 41, 87, 24, 39, 47, 63, 126, 64, 29, 70, 6, 54, 90, 97, 3, 135, 56, 31, 9, 67, 75, 46, 26, 137]
