main start at this time 1697410803.8586013
  NumNodes: 2708
  NumEdges: 10556
  NumFeats: 1433
  NumClasses: 7
  NumTrainingSamples: 140
  NumValidationSamples: 500
  NumTestSamples: 1000
Done loading data from cached files.
success----------------------------------------
140
500
2068
# Nodes: 2708
# Edges: 10556
# Train: 140
# Val: 500
# Test: 2068
# Classes: 7

in feats:  1433
self._in_src_feats,  1433
self._in_dst_feats 1433
Epoch 1, Learning Rate: 0.01
step  0
----------------------------------------------------------pseudo_mini_loss sum 1.9527043104171753
Epoch 2, Learning Rate: 0.01
step  0
----------------------------------------------------------pseudo_mini_loss sum 1.9504196643829346
Epoch 3, Learning Rate: 0.01
step  0
----------------------------------------------------------pseudo_mini_loss sum 1.946776270866394
Epoch 4, Learning Rate: 0.01
step  0
----------------------------------------------------------pseudo_mini_loss sum 1.9464329481124878
Epoch 5, Learning Rate: 0.01
step  0
----------------------------------------------------------pseudo_mini_loss sum 1.943413257598877
Epoch 6, Learning Rate: 0.01
step  0
----------------------------------------------------------pseudo_mini_loss sum 1.9441441297531128
Epoch 7, Learning Rate: 0.01
step  0
----------------------------------------------------------pseudo_mini_loss sum 1.946142554283142
Epoch 8, Learning Rate: 0.01
step  0
----------------------------------------------------------pseudo_mini_loss sum 1.942327618598938
Epoch 9, Learning Rate: 0.01
step  0
----------------------------------------------------------pseudo_mini_loss sum 1.9370601177215576
Epoch 10, Learning Rate: 0.01
step  0
----------------------------------------------------------pseudo_mini_loss sum 1.9407507181167603
Epoch 11, Learning Rate: 0.01
step  0
----------------------------------------------------------pseudo_mini_loss sum 1.9343388080596924
Epoch 12, Learning Rate: 0.01
step  0
----------------------------------------------------------pseudo_mini_loss sum 1.9396545886993408
Epoch 13, Learning Rate: 0.01
step  0
----------------------------------------------------------pseudo_mini_loss sum 1.9343727827072144
Epoch 14, Learning Rate: 0.01
step  0
----------------------------------------------------------pseudo_mini_loss sum 1.9303390979766846
Epoch 15, Learning Rate: 0.01
step  0
----------------------------------------------------------pseudo_mini_loss sum 1.9257067441940308
Epoch 16, Learning Rate: 0.01
step  0
----------------------------------------------------------pseudo_mini_loss sum 1.9333916902542114
Epoch 17, Learning Rate: 0.01
step  0
----------------------------------------------------------pseudo_mini_loss sum 1.9325650930404663
Epoch 18, Learning Rate: 0.01
step  0
----------------------------------------------------------pseudo_mini_loss sum 1.921992301940918
Epoch 19, Learning Rate: 0.01
step  0
----------------------------------------------------------pseudo_mini_loss sum 1.9279588460922241
Epoch 20, Learning Rate: 0.01
step  0
----------------------------------------------------------pseudo_mini_loss sum 1.9144428968429565
Epoch 21, Learning Rate: 0.01
step  0
----------------------------------------------------------pseudo_mini_loss sum 1.928741455078125
Epoch 22, Learning Rate: 0.01
step  0
----------------------------------------------------------pseudo_mini_loss sum 1.9116228818893433
Epoch 23, Learning Rate: 0.01
step  0
----------------------------------------------------------pseudo_mini_loss sum 1.9088232517242432
Epoch 24, Learning Rate: 0.01
step  0
----------------------------------------------------------pseudo_mini_loss sum 1.9028193950653076
Epoch 25, Learning Rate: 0.01
step  0
----------------------------------------------------------pseudo_mini_loss sum 1.907196283340454
Epoch 26, Learning Rate: 0.01
step  0
----------------------------------------------------------pseudo_mini_loss sum 1.9074757099151611
Epoch 27, Learning Rate: 0.01
step  0
----------------------------------------------------------pseudo_mini_loss sum 1.9030953645706177
Epoch 28, Learning Rate: 0.01
step  0
----------------------------------------------------------pseudo_mini_loss sum 1.9013140201568604
Epoch 29, Learning Rate: 0.01
step  0
----------------------------------------------------------pseudo_mini_loss sum 1.9051653146743774
Epoch 30, Learning Rate: 0.01
step  0
----------------------------------------------------------pseudo_mini_loss sum 1.9119360446929932
Epoch 31, Learning Rate: 0.01
step  0
----------------------------------------------------------pseudo_mini_loss sum 1.908260464668274
Epoch 32, Learning Rate: 0.01
step  0
----------------------------------------------------------pseudo_mini_loss sum 1.9046685695648193
Epoch 33, Learning Rate: 0.01
step  0
----------------------------------------------------------pseudo_mini_loss sum 1.8949066400527954
Epoch 34, Learning Rate: 0.01
step  0
----------------------------------------------------------pseudo_mini_loss sum 1.9117439985275269
Epoch 35, Learning Rate: 0.01
step  0
----------------------------------------------------------pseudo_mini_loss sum 1.8931126594543457
Epoch 36, Learning Rate: 0.01
step  0
----------------------------------------------------------pseudo_mini_loss sum 1.8880138397216797
Epoch 37, Learning Rate: 0.01
step  0
----------------------------------------------------------pseudo_mini_loss sum 1.9188711643218994
Epoch 38, Learning Rate: 0.01
step  0
----------------------------------------------------------pseudo_mini_loss sum 1.8979547023773193
Epoch 39, Learning Rate: 0.01
step  0
----------------------------------------------------------pseudo_mini_loss sum 1.8942378759384155
Epoch 40, Learning Rate: 0.01
step  0
----------------------------------------------------------pseudo_mini_loss sum 1.8988773822784424
Epoch 41, Learning Rate: 0.01
step  0
----------------------------------------------------------pseudo_mini_loss sum 1.896811604499817
Epoch 42, Learning Rate: 0.01
step  0
----------------------------------------------------------pseudo_mini_loss sum 1.8980094194412231
Epoch 43, Learning Rate: 0.01
step  0
----------------------------------------------------------pseudo_mini_loss sum 1.9038320779800415
Epoch 44, Learning Rate: 0.01
step  0
----------------------------------------------------------pseudo_mini_loss sum 1.9207310676574707
Epoch 45, Learning Rate: 0.01
step  0
----------------------------------------------------------pseudo_mini_loss sum 1.8865528106689453
Epoch 46, Learning Rate: 0.01
step  0
----------------------------------------------------------pseudo_mini_loss sum 1.8756214380264282
Epoch 47, Learning Rate: 0.01
step  0
----------------------------------------------------------pseudo_mini_loss sum 1.898977279663086
Epoch 48, Learning Rate: 0.01
step  0
----------------------------------------------------------pseudo_mini_loss sum 1.8999675512313843
Epoch 49, Learning Rate: 0.01
step  0
----------------------------------------------------------pseudo_mini_loss sum 1.8894014358520508
Epoch 50, Learning Rate: 0.01
step  0
----------------------------------------------------------pseudo_mini_loss sum 1.8879423141479492
Epoch 51, Learning Rate: 0.01
step  0
----------------------------------------------------------pseudo_mini_loss sum 1.8908331394195557
Epoch 52, Learning Rate: 0.01
step  0
----------------------------------------------------------pseudo_mini_loss sum 1.8960673809051514
Epoch 53, Learning Rate: 0.01
step  0
----------------------------------------------------------pseudo_mini_loss sum 1.8889801502227783
Epoch 54, Learning Rate: 0.01
step  0
----------------------------------------------------------pseudo_mini_loss sum 1.877677321434021
Epoch 55, Learning Rate: 0.01
step  0
----------------------------------------------------------pseudo_mini_loss sum 1.887022614479065
Epoch 56, Learning Rate: 0.01
step  0
----------------------------------------------------------pseudo_mini_loss sum 1.8923923969268799
Epoch 57, Learning Rate: 0.01
step  0
----------------------------------------------------------pseudo_mini_loss sum 1.8820593357086182
Epoch 58, Learning Rate: 0.01
step  0
----------------------------------------------------------pseudo_mini_loss sum 1.8850557804107666
Epoch 59, Learning Rate: 0.01
step  0
----------------------------------------------------------pseudo_mini_loss sum 1.8802272081375122
Epoch 60, Learning Rate: 0.01
step  0
----------------------------------------------------------pseudo_mini_loss sum 1.8796089887619019
Epoch 61, Learning Rate: 0.01
step  0
----------------------------------------------------------pseudo_mini_loss sum 1.8813800811767578
Epoch 62, Learning Rate: 0.01
step  0
----------------------------------------------------------pseudo_mini_loss sum 1.8803364038467407
Epoch 63, Learning Rate: 0.01
step  0
----------------------------------------------------------pseudo_mini_loss sum 1.8722057342529297
Epoch 64, Learning Rate: 0.01
step  0
----------------------------------------------------------pseudo_mini_loss sum 1.863625407218933
Epoch 65, Learning Rate: 0.01
step  0
----------------------------------------------------------pseudo_mini_loss sum 1.8766682147979736
Epoch 66, Learning Rate: 0.01
step  0
----------------------------------------------------------pseudo_mini_loss sum 1.885562539100647
Epoch 67, Learning Rate: 0.01
step  0
----------------------------------------------------------pseudo_mini_loss sum 1.881406307220459
Epoch 68, Learning Rate: 0.01
step  0
----------------------------------------------------------pseudo_mini_loss sum 1.8764195442199707
Epoch 69, Learning Rate: 0.01
step  0
----------------------------------------------------------pseudo_mini_loss sum 1.8677250146865845
Epoch 70, Learning Rate: 0.01
step  0
----------------------------------------------------------pseudo_mini_loss sum 1.8699125051498413
Epoch 71, Learning Rate: 0.01
step  0
----------------------------------------------------------pseudo_mini_loss sum 1.874879240989685
Epoch 72, Learning Rate: 0.01
step  0
----------------------------------------------------------pseudo_mini_loss sum 1.8750073909759521
Epoch 73, Learning Rate: 0.01
step  0
----------------------------------------------------------pseudo_mini_loss sum 1.8662109375
Epoch 74, Learning Rate: 0.01
step  0
----------------------------------------------------------pseudo_mini_loss sum 1.8692744970321655
Epoch 75, Learning Rate: 0.01
step  0
----------------------------------------------------------pseudo_mini_loss sum 1.8571085929870605
Epoch 76, Learning Rate: 0.01
step  0
----------------------------------------------------------pseudo_mini_loss sum 1.8749653100967407
Epoch 77, Learning Rate: 0.01
step  0
----------------------------------------------------------pseudo_mini_loss sum 1.8577970266342163
Epoch 78, Learning Rate: 0.01
step  0
----------------------------------------------------------pseudo_mini_loss sum 1.8568862676620483
Epoch 79, Learning Rate: 0.01
step  0
----------------------------------------------------------pseudo_mini_loss sum 1.8644282817840576
Epoch 80, Learning Rate: 0.01
step  0
----------------------------------------------------------pseudo_mini_loss sum 1.854180932044983
Epoch 81, Learning Rate: 0.01
step  0
----------------------------------------------------------pseudo_mini_loss sum 1.873779296875
Epoch 82, Learning Rate: 0.01
step  0
----------------------------------------------------------pseudo_mini_loss sum 1.8637510538101196
Epoch 83, Learning Rate: 0.01
step  0
----------------------------------------------------------pseudo_mini_loss sum 1.8656424283981323
Epoch 84, Learning Rate: 0.01
step  0
----------------------------------------------------------pseudo_mini_loss sum 1.8548839092254639
Epoch 85, Learning Rate: 0.01
step  0
----------------------------------------------------------pseudo_mini_loss sum 1.863250970840454
Epoch 86, Learning Rate: 0.01
step  0
----------------------------------------------------------pseudo_mini_loss sum 1.8419387340545654
Epoch 87, Learning Rate: 0.01
step  0
----------------------------------------------------------pseudo_mini_loss sum 1.8521355390548706
Epoch 88, Learning Rate: 0.01
step  0
----------------------------------------------------------pseudo_mini_loss sum 1.8546528816223145
Epoch 89, Learning Rate: 0.01
step  0
----------------------------------------------------------pseudo_mini_loss sum 1.8788325786590576
Epoch 90, Learning Rate: 0.01
step  0
----------------------------------------------------------pseudo_mini_loss sum 1.8689343929290771
Epoch 91, Learning Rate: 0.01
step  0
----------------------------------------------------------pseudo_mini_loss sum 1.854515552520752
Epoch 92, Learning Rate: 0.01
step  0
----------------------------------------------------------pseudo_mini_loss sum 1.8437976837158203
Epoch 93, Learning Rate: 0.01
step  0
----------------------------------------------------------pseudo_mini_loss sum 1.8598796129226685
Epoch 94, Learning Rate: 0.01
step  0
----------------------------------------------------------pseudo_mini_loss sum 1.853516697883606
Epoch 95, Learning Rate: 0.01
step  0
----------------------------------------------------------pseudo_mini_loss sum 1.8455289602279663
Epoch 96, Learning Rate: 0.01
step  0
----------------------------------------------------------pseudo_mini_loss sum 1.8601322174072266
Epoch 97, Learning Rate: 0.01
step  0
----------------------------------------------------------pseudo_mini_loss sum 1.861788034439087
Epoch 98, Learning Rate: 0.01
step  0
----------------------------------------------------------pseudo_mini_loss sum 1.8427139520645142
Epoch 99, Learning Rate: 0.01
step  0
----------------------------------------------------------pseudo_mini_loss sum 1.8201212882995605
Epoch 100, Learning Rate: 0.01
step  0
----------------------------------------------------------pseudo_mini_loss sum 1.8846291303634644
Epoch 101, Learning Rate: 0.01
step  0
----------------------------------------------------------pseudo_mini_loss sum 1.8379982709884644
Epoch 102, Learning Rate: 0.01
step  0
----------------------------------------------------------pseudo_mini_loss sum 1.8292378187179565
Epoch 103, Learning Rate: 0.01
step  0
----------------------------------------------------------pseudo_mini_loss sum 1.8395429849624634
Epoch 104, Learning Rate: 0.01
step  0
----------------------------------------------------------pseudo_mini_loss sum 1.8167182207107544
Epoch 105, Learning Rate: 0.01
step  0
----------------------------------------------------------pseudo_mini_loss sum 1.8062782287597656
Epoch 106, Learning Rate: 0.01
step  0
----------------------------------------------------------pseudo_mini_loss sum 1.819783329963684
Epoch 107, Learning Rate: 0.01
step  0
----------------------------------------------------------pseudo_mini_loss sum 1.8122541904449463
Epoch 108, Learning Rate: 0.01
step  0
----------------------------------------------------------pseudo_mini_loss sum 1.7999311685562134
Epoch 109, Learning Rate: 0.01
step  0
----------------------------------------------------------pseudo_mini_loss sum 1.7958530187606812
Epoch 110, Learning Rate: 0.01
step  0
----------------------------------------------------------pseudo_mini_loss sum 1.7593791484832764
Epoch 111, Learning Rate: 0.005
step  0
----------------------------------------------------------pseudo_mini_loss sum 1.7869573831558228
Epoch 112, Learning Rate: 0.005
step  0
----------------------------------------------------------pseudo_mini_loss sum 1.777048110961914
Epoch 113, Learning Rate: 0.005
step  0
----------------------------------------------------------pseudo_mini_loss sum 1.751939296722412
Epoch 114, Learning Rate: 0.005
step  0
----------------------------------------------------------pseudo_mini_loss sum 1.772597312927246
Epoch 115, Learning Rate: 0.005
step  0
----------------------------------------------------------pseudo_mini_loss sum 1.7622345685958862
Epoch 116, Learning Rate: 0.005
step  0
----------------------------------------------------------pseudo_mini_loss sum 1.7899293899536133
Epoch 117, Learning Rate: 0.005
step  0
----------------------------------------------------------pseudo_mini_loss sum 1.7665404081344604
Epoch 118, Learning Rate: 0.005
step  0
----------------------------------------------------------pseudo_mini_loss sum 1.7546606063842773
Epoch 119, Learning Rate: 0.005
step  0
----------------------------------------------------------pseudo_mini_loss sum 1.7749966382980347
Epoch 120, Learning Rate: 0.005
step  0
----------------------------------------------------------pseudo_mini_loss sum 1.774193525314331
Epoch 121, Learning Rate: 0.005
step  0
----------------------------------------------------------pseudo_mini_loss sum 1.7337844371795654
Epoch 122, Learning Rate: 0.005
step  0
----------------------------------------------------------pseudo_mini_loss sum 1.775773048400879
Epoch 123, Learning Rate: 0.005
step  0
----------------------------------------------------------pseudo_mini_loss sum 1.769612431526184
Epoch 124, Learning Rate: 0.005
step  0
----------------------------------------------------------pseudo_mini_loss sum 1.7522826194763184
Epoch 125, Learning Rate: 0.005
step  0
----------------------------------------------------------pseudo_mini_loss sum 1.7686526775360107
Epoch 126, Learning Rate: 0.005
step  0
----------------------------------------------------------pseudo_mini_loss sum 1.7567520141601562
Epoch 127, Learning Rate: 0.005
step  0
----------------------------------------------------------pseudo_mini_loss sum 1.7344439029693604
Epoch 128, Learning Rate: 0.005
step  0
----------------------------------------------------------pseudo_mini_loss sum 1.7567466497421265
Epoch 129, Learning Rate: 0.005
step  0
----------------------------------------------------------pseudo_mini_loss sum 1.7664116621017456
Epoch 130, Learning Rate: 0.005
step  0
----------------------------------------------------------pseudo_mini_loss sum 1.7576475143432617
Epoch 131, Learning Rate: 0.005
step  0
----------------------------------------------------------pseudo_mini_loss sum 1.7511982917785645
Epoch 132, Learning Rate: 0.005
step  0
----------------------------------------------------------pseudo_mini_loss sum 1.7438135147094727
Epoch 133, Learning Rate: 0.005
step  0
----------------------------------------------------------pseudo_mini_loss sum 1.7447640895843506
Epoch 134, Learning Rate: 0.005
step  0
----------------------------------------------------------pseudo_mini_loss sum 1.7464041709899902
Epoch 135, Learning Rate: 0.005
step  0
----------------------------------------------------------pseudo_mini_loss sum 1.7152942419052124
Epoch 136, Learning Rate: 0.005
step  0
----------------------------------------------------------pseudo_mini_loss sum 1.737837791442871
Epoch 137, Learning Rate: 0.005
step  0
----------------------------------------------------------pseudo_mini_loss sum 1.7461544275283813
Epoch 138, Learning Rate: 0.005
step  0
----------------------------------------------------------pseudo_mini_loss sum 1.7239553928375244
Epoch 139, Learning Rate: 0.005
step  0
----------------------------------------------------------pseudo_mini_loss sum 1.7136999368667603
Epoch 140, Learning Rate: 0.005
step  0
----------------------------------------------------------pseudo_mini_loss sum 1.7371816635131836
Epoch 141, Learning Rate: 0.005
step  0
----------------------------------------------------------pseudo_mini_loss sum 1.7405039072036743
Epoch 142, Learning Rate: 0.005
step  0
----------------------------------------------------------pseudo_mini_loss sum 1.7250142097473145
Epoch 143, Learning Rate: 0.005
step  0
----------------------------------------------------------pseudo_mini_loss sum 1.7521100044250488
Epoch 144, Learning Rate: 0.005
step  0
----------------------------------------------------------pseudo_mini_loss sum 1.6826255321502686
Epoch 145, Learning Rate: 0.005
step  0
----------------------------------------------------------pseudo_mini_loss sum 1.7248454093933105
Epoch 146, Learning Rate: 0.005
step  0
----------------------------------------------------------pseudo_mini_loss sum 1.721805453300476
Epoch 147, Learning Rate: 0.005
step  0
----------------------------------------------------------pseudo_mini_loss sum 1.696667194366455
Epoch 148, Learning Rate: 0.005
step  0
----------------------------------------------------------pseudo_mini_loss sum 1.7035937309265137
Epoch 149, Learning Rate: 0.005
step  0
----------------------------------------------------------pseudo_mini_loss sum 1.6883410215377808
Epoch 150, Learning Rate: 0.005
step  0
----------------------------------------------------------pseudo_mini_loss sum 1.7230993509292603
Epoch 151, Learning Rate: 0.005
step  0
----------------------------------------------------------pseudo_mini_loss sum 1.7495533227920532
Epoch 152, Learning Rate: 0.005
step  0
----------------------------------------------------------pseudo_mini_loss sum 1.6894656419754028
Epoch 153, Learning Rate: 0.005
step  0
----------------------------------------------------------pseudo_mini_loss sum 1.7132208347320557
Epoch 154, Learning Rate: 0.005
step  0
----------------------------------------------------------pseudo_mini_loss sum 1.7136868238449097
Epoch 155, Learning Rate: 0.005
step  0
----------------------------------------------------------pseudo_mini_loss sum 1.724167823791504
Epoch 156, Learning Rate: 0.005
step  0
----------------------------------------------------------pseudo_mini_loss sum 1.7107998132705688
Epoch 157, Learning Rate: 0.005
step  0
----------------------------------------------------------pseudo_mini_loss sum 1.7112197875976562
Epoch 158, Learning Rate: 0.005
step  0
----------------------------------------------------------pseudo_mini_loss sum 1.6602145433425903
Epoch 159, Learning Rate: 0.005
step  0
----------------------------------------------------------pseudo_mini_loss sum 1.7267292737960815
Epoch 160, Learning Rate: 0.005
step  0
----------------------------------------------------------pseudo_mini_loss sum 1.7160725593566895
Epoch 161, Learning Rate: 0.0025
step  0
----------------------------------------------------------pseudo_mini_loss sum 1.7065281867980957
Epoch 162, Learning Rate: 0.0025
step  0
----------------------------------------------------------pseudo_mini_loss sum 1.6679188013076782
Epoch 163, Learning Rate: 0.0025
step  0
----------------------------------------------------------pseudo_mini_loss sum 1.6809184551239014
Epoch 164, Learning Rate: 0.0025
step  0
----------------------------------------------------------pseudo_mini_loss sum 1.6842308044433594
Epoch 165, Learning Rate: 0.0025
step  0
----------------------------------------------------------pseudo_mini_loss sum 1.6903403997421265
Epoch 166, Learning Rate: 0.0025
step  0
----------------------------------------------------------pseudo_mini_loss sum 1.6851409673690796
Epoch 167, Learning Rate: 0.0025
step  0
----------------------------------------------------------pseudo_mini_loss sum 1.7420787811279297
Epoch 168, Learning Rate: 0.0025
step  0
----------------------------------------------------------pseudo_mini_loss sum 1.724433422088623
Epoch 169, Learning Rate: 0.0025
step  0
----------------------------------------------------------pseudo_mini_loss sum 1.7077414989471436
Epoch 170, Learning Rate: 0.0025
step  0
----------------------------------------------------------pseudo_mini_loss sum 1.6842827796936035
Epoch 171, Learning Rate: 0.0025
step  0
----------------------------------------------------------pseudo_mini_loss sum 1.6825629472732544
Epoch 172, Learning Rate: 0.0025
step  0
----------------------------------------------------------pseudo_mini_loss sum 1.6539909839630127
Epoch 173, Learning Rate: 0.0025
step  0
----------------------------------------------------------pseudo_mini_loss sum 1.6579431295394897
Epoch 174, Learning Rate: 0.0025
step  0
----------------------------------------------------------pseudo_mini_loss sum 1.6520771980285645
Epoch 175, Learning Rate: 0.0025
step  0
----------------------------------------------------------pseudo_mini_loss sum 1.6761366128921509
Epoch 176, Learning Rate: 0.0025
step  0
----------------------------------------------------------pseudo_mini_loss sum 1.6825439929962158
Epoch 177, Learning Rate: 0.0025
step  0
----------------------------------------------------------pseudo_mini_loss sum 1.6551345586776733
Epoch 178, Learning Rate: 0.0025
step  0
----------------------------------------------------------pseudo_mini_loss sum 1.6476943492889404
Epoch 179, Learning Rate: 0.0025
step  0
----------------------------------------------------------pseudo_mini_loss sum 1.6459929943084717
Epoch 180, Learning Rate: 0.0025
step  0
----------------------------------------------------------pseudo_mini_loss sum 1.7018790245056152
Epoch 181, Learning Rate: 0.0025
step  0
----------------------------------------------------------pseudo_mini_loss sum 1.6641167402267456
Epoch 182, Learning Rate: 0.0025
step  0
----------------------------------------------------------pseudo_mini_loss sum 1.6372040510177612
Epoch 183, Learning Rate: 0.0025
step  0
----------------------------------------------------------pseudo_mini_loss sum 1.6232513189315796
Epoch 184, Learning Rate: 0.0025
step  0
----------------------------------------------------------pseudo_mini_loss sum 1.6395341157913208
Epoch 185, Learning Rate: 0.0025
step  0
----------------------------------------------------------pseudo_mini_loss sum 1.6683343648910522
Epoch 186, Learning Rate: 0.0025
step  0
----------------------------------------------------------pseudo_mini_loss sum 1.6688060760498047
Epoch 187, Learning Rate: 0.0025
step  0
----------------------------------------------------------pseudo_mini_loss sum 1.6641063690185547
Epoch 188, Learning Rate: 0.0025
step  0
----------------------------------------------------------pseudo_mini_loss sum 1.686539888381958
Epoch 189, Learning Rate: 0.0025
step  0
----------------------------------------------------------pseudo_mini_loss sum 1.6312252283096313
Epoch 190, Learning Rate: 0.0025
step  0
----------------------------------------------------------pseudo_mini_loss sum 1.6810266971588135
Epoch 191, Learning Rate: 0.0025
step  0
----------------------------------------------------------pseudo_mini_loss sum 1.6414344310760498
Epoch 192, Learning Rate: 0.0025
step  0
----------------------------------------------------------pseudo_mini_loss sum 1.6823124885559082
Epoch 193, Learning Rate: 0.0025
step  0
----------------------------------------------------------pseudo_mini_loss sum 1.6911307573318481
Epoch 194, Learning Rate: 0.0025
step  0
----------------------------------------------------------pseudo_mini_loss sum 1.6504603624343872
Epoch 195, Learning Rate: 0.0025
step  0
----------------------------------------------------------pseudo_mini_loss sum 1.6789213418960571
Epoch 196, Learning Rate: 0.0025
step  0
----------------------------------------------------------pseudo_mini_loss sum 1.690885305404663
Epoch 197, Learning Rate: 0.0025
step  0
----------------------------------------------------------pseudo_mini_loss sum 1.6425609588623047
Epoch 198, Learning Rate: 0.0025
step  0
----------------------------------------------------------pseudo_mini_loss sum 1.6583795547485352
Epoch 199, Learning Rate: 0.0025
step  0
----------------------------------------------------------pseudo_mini_loss sum 1.6403498649597168
Epoch 200, Learning Rate: 0.0025
step  0
----------------------------------------------------------pseudo_mini_loss sum 1.6474064588546753
Epoch 201, Learning Rate: 0.0025
step  0
----------------------------------------------------------pseudo_mini_loss sum 1.640094518661499
Epoch 202, Learning Rate: 0.0025
step  0
----------------------------------------------------------pseudo_mini_loss sum 1.6386795043945312
Epoch 203, Learning Rate: 0.0025
step  0
----------------------------------------------------------pseudo_mini_loss sum 1.6452969312667847
Epoch 204, Learning Rate: 0.0025
step  0
----------------------------------------------------------pseudo_mini_loss sum 1.5915801525115967
Epoch 205, Learning Rate: 0.0025
step  0
----------------------------------------------------------pseudo_mini_loss sum 1.6398351192474365
Epoch 206, Learning Rate: 0.0025
step  0
----------------------------------------------------------pseudo_mini_loss sum 1.7169009447097778
Epoch 207, Learning Rate: 0.0025
step  0
----------------------------------------------------------pseudo_mini_loss sum 1.6507015228271484
Epoch 208, Learning Rate: 0.0025
step  0
----------------------------------------------------------pseudo_mini_loss sum 1.6000306606292725
Epoch 209, Learning Rate: 0.0025
step  0
----------------------------------------------------------pseudo_mini_loss sum 1.6382505893707275
Epoch 210, Learning Rate: 0.0025
step  0
----------------------------------------------------------pseudo_mini_loss sum 1.6352449655532837
Epoch 211, Learning Rate: 0.00125
step  0
----------------------------------------------------------pseudo_mini_loss sum 1.6218611001968384
Epoch 212, Learning Rate: 0.00125
step  0
----------------------------------------------------------pseudo_mini_loss sum 1.6699743270874023
Epoch 213, Learning Rate: 0.00125
step  0
----------------------------------------------------------pseudo_mini_loss sum 1.653783917427063
Epoch 214, Learning Rate: 0.00125
step  0
----------------------------------------------------------pseudo_mini_loss sum 1.6613185405731201
Epoch 215, Learning Rate: 0.00125
step  0
----------------------------------------------------------pseudo_mini_loss sum 1.6525988578796387
Epoch 216, Learning Rate: 0.00125
step  0
----------------------------------------------------------pseudo_mini_loss sum 1.6683059930801392
Epoch 217, Learning Rate: 0.00125
step  0
----------------------------------------------------------pseudo_mini_loss sum 1.6357938051223755
Epoch 218, Learning Rate: 0.00125
step  0
----------------------------------------------------------pseudo_mini_loss sum 1.6432958841323853
Epoch 219, Learning Rate: 0.00125
step  0
----------------------------------------------------------pseudo_mini_loss sum 1.6442979574203491
Epoch 220, Learning Rate: 0.00125
step  0
----------------------------------------------------------pseudo_mini_loss sum 1.6372407674789429
Epoch 221, Learning Rate: 0.00125
step  0
----------------------------------------------------------pseudo_mini_loss sum 1.6333293914794922
Epoch 222, Learning Rate: 0.00125
step  0
----------------------------------------------------------pseudo_mini_loss sum 1.6304134130477905
Epoch 223, Learning Rate: 0.00125
step  0
----------------------------------------------------------pseudo_mini_loss sum 1.6642987728118896
Epoch 224, Learning Rate: 0.00125
step  0
----------------------------------------------------------pseudo_mini_loss sum 1.6204665899276733
Epoch 225, Learning Rate: 0.00125
step  0
----------------------------------------------------------pseudo_mini_loss sum 1.6220024824142456
Epoch 226, Learning Rate: 0.00125
step  0
----------------------------------------------------------pseudo_mini_loss sum 1.636216163635254
Epoch 227, Learning Rate: 0.00125
step  0
----------------------------------------------------------pseudo_mini_loss sum 1.6638587713241577
Epoch 228, Learning Rate: 0.00125
step  0
----------------------------------------------------------pseudo_mini_loss sum 1.6548786163330078
Epoch 229, Learning Rate: 0.00125
step  0
----------------------------------------------------------pseudo_mini_loss sum 1.6022357940673828
Epoch 230, Learning Rate: 0.00125
step  0
----------------------------------------------------------pseudo_mini_loss sum 1.5994699001312256
Epoch 231, Learning Rate: 0.00125
step  0
----------------------------------------------------------pseudo_mini_loss sum 1.6493841409683228
Epoch 232, Learning Rate: 0.00125
step  0
----------------------------------------------------------pseudo_mini_loss sum 1.6308726072311401
Epoch 233, Learning Rate: 0.00125
step  0
----------------------------------------------------------pseudo_mini_loss sum 1.6320439577102661
Epoch 234, Learning Rate: 0.00125
step  0
----------------------------------------------------------pseudo_mini_loss sum 1.6449540853500366
Epoch 235, Learning Rate: 0.00125
step  0
----------------------------------------------------------pseudo_mini_loss sum 1.6287111043930054
Epoch 236, Learning Rate: 0.00125
step  0
----------------------------------------------------------pseudo_mini_loss sum 1.6536662578582764
Epoch 237, Learning Rate: 0.00125
step  0
----------------------------------------------------------pseudo_mini_loss sum 1.6271554231643677
Epoch 238, Learning Rate: 0.00125
step  0
----------------------------------------------------------pseudo_mini_loss sum 1.6195497512817383
Epoch 239, Learning Rate: 0.00125
step  0
----------------------------------------------------------pseudo_mini_loss sum 1.5995798110961914
Epoch 240, Learning Rate: 0.00125
step  0
----------------------------------------------------------pseudo_mini_loss sum 1.6344071626663208
Epoch 241, Learning Rate: 0.00125
step  0
----------------------------------------------------------pseudo_mini_loss sum 1.6170040369033813
Epoch 242, Learning Rate: 0.00125
step  0
----------------------------------------------------------pseudo_mini_loss sum 1.668870210647583
Epoch 243, Learning Rate: 0.00125
step  0
----------------------------------------------------------pseudo_mini_loss sum 1.594362497329712
Epoch 244, Learning Rate: 0.00125
step  0
----------------------------------------------------------pseudo_mini_loss sum 1.643140196800232
Epoch 245, Learning Rate: 0.00125
step  0
----------------------------------------------------------pseudo_mini_loss sum 1.6301254034042358
Epoch 246, Learning Rate: 0.00125
step  0
----------------------------------------------------------pseudo_mini_loss sum 1.5860012769699097
Epoch 247, Learning Rate: 0.00125
step  0
----------------------------------------------------------pseudo_mini_loss sum 1.628110647201538
Epoch 248, Learning Rate: 0.00125
step  0
----------------------------------------------------------pseudo_mini_loss sum 1.6342474222183228
Epoch 249, Learning Rate: 0.00125
step  0
----------------------------------------------------------pseudo_mini_loss sum 1.6253929138183594
Epoch 250, Learning Rate: 0.00125
step  0
----------------------------------------------------------pseudo_mini_loss sum 1.5866844654083252
Epoch 251, Learning Rate: 0.00125
step  0
----------------------------------------------------------pseudo_mini_loss sum 1.6133792400360107
Epoch 252, Learning Rate: 0.00125
step  0
----------------------------------------------------------pseudo_mini_loss sum 1.6274205446243286
Epoch 253, Learning Rate: 0.00125
step  0
----------------------------------------------------------pseudo_mini_loss sum 1.611041784286499
Epoch 254, Learning Rate: 0.00125
step  0
----------------------------------------------------------pseudo_mini_loss sum 1.6002321243286133
Epoch 255, Learning Rate: 0.00125
step  0
----------------------------------------------------------pseudo_mini_loss sum 1.5986195802688599
Epoch 256, Learning Rate: 0.00125
step  0
----------------------------------------------------------pseudo_mini_loss sum 1.6314817667007446
Epoch 257, Learning Rate: 0.00125
step  0
----------------------------------------------------------pseudo_mini_loss sum 1.6235512495040894
Epoch 258, Learning Rate: 0.00125
step  0
----------------------------------------------------------pseudo_mini_loss sum 1.6259915828704834
Epoch 259, Learning Rate: 0.00125
step  0
----------------------------------------------------------pseudo_mini_loss sum 1.6197965145111084
Epoch 260, Learning Rate: 0.00125
step  0
----------------------------------------------------------pseudo_mini_loss sum 1.6036983728408813
Epoch 261, Learning Rate: 0.000625
step  0
----------------------------------------------------------pseudo_mini_loss sum 1.6242427825927734
Epoch 262, Learning Rate: 0.000625
step  0
----------------------------------------------------------pseudo_mini_loss sum 1.6008081436157227
Epoch 263, Learning Rate: 0.000625
step  0
----------------------------------------------------------pseudo_mini_loss sum 1.6300158500671387
Epoch 264, Learning Rate: 0.000625
step  0
----------------------------------------------------------pseudo_mini_loss sum 1.6148844957351685
Epoch 265, Learning Rate: 0.000625
step  0
----------------------------------------------------------pseudo_mini_loss sum 1.628067135810852
Epoch 266, Learning Rate: 0.000625
step  0
----------------------------------------------------------pseudo_mini_loss sum 1.5965652465820312
Epoch 267, Learning Rate: 0.000625
step  0
----------------------------------------------------------pseudo_mini_loss sum 1.6275631189346313
Epoch 268, Learning Rate: 0.000625
step  0
----------------------------------------------------------pseudo_mini_loss sum 1.6340022087097168
Epoch 269, Learning Rate: 0.000625
step  0
----------------------------------------------------------pseudo_mini_loss sum 1.6065412759780884
Epoch 270, Learning Rate: 0.000625
step  0
----------------------------------------------------------pseudo_mini_loss sum 1.6543956995010376
Epoch 271, Learning Rate: 0.000625
step  0
----------------------------------------------------------pseudo_mini_loss sum 1.604382038116455
Epoch 272, Learning Rate: 0.000625
step  0
----------------------------------------------------------pseudo_mini_loss sum 1.6204262971878052
Epoch 273, Learning Rate: 0.000625
step  0
----------------------------------------------------------pseudo_mini_loss sum 1.6177984476089478
Epoch 274, Learning Rate: 0.000625
step  0
----------------------------------------------------------pseudo_mini_loss sum 1.6428056955337524
Epoch 275, Learning Rate: 0.000625
step  0
----------------------------------------------------------pseudo_mini_loss sum 1.6160768270492554
Epoch 276, Learning Rate: 0.000625
step  0
----------------------------------------------------------pseudo_mini_loss sum 1.6109135150909424
Epoch 277, Learning Rate: 0.000625
step  0
----------------------------------------------------------pseudo_mini_loss sum 1.6243877410888672
Epoch 278, Learning Rate: 0.000625
step  0
----------------------------------------------------------pseudo_mini_loss sum 1.6174427270889282
Epoch 279, Learning Rate: 0.000625
step  0
----------------------------------------------------------pseudo_mini_loss sum 1.6902740001678467
Epoch 280, Learning Rate: 0.000625
step  0
----------------------------------------------------------pseudo_mini_loss sum 1.5957541465759277
Epoch 281, Learning Rate: 0.000625
step  0
----------------------------------------------------------pseudo_mini_loss sum 1.574005126953125
Epoch 282, Learning Rate: 0.000625
step  0
----------------------------------------------------------pseudo_mini_loss sum 1.621649146080017
Epoch 283, Learning Rate: 0.000625
step  0
----------------------------------------------------------pseudo_mini_loss sum 1.6211682558059692
Epoch 284, Learning Rate: 0.000625
step  0
----------------------------------------------------------pseudo_mini_loss sum 1.604339599609375
Epoch 285, Learning Rate: 0.000625
step  0
----------------------------------------------------------pseudo_mini_loss sum 1.6116117238998413
Epoch 286, Learning Rate: 0.000625
step  0
----------------------------------------------------------pseudo_mini_loss sum 1.6388158798217773
Epoch 287, Learning Rate: 0.000625
step  0
----------------------------------------------------------pseudo_mini_loss sum 1.642153263092041
Epoch 288, Learning Rate: 0.000625
step  0
----------------------------------------------------------pseudo_mini_loss sum 1.5417368412017822
Epoch 289, Learning Rate: 0.000625
step  0
----------------------------------------------------------pseudo_mini_loss sum 1.612007975578308
Epoch 290, Learning Rate: 0.000625
step  0
----------------------------------------------------------pseudo_mini_loss sum 1.6061761379241943
Epoch 291, Learning Rate: 0.000625
step  0
----------------------------------------------------------pseudo_mini_loss sum 1.6315826177597046
Epoch 292, Learning Rate: 0.000625
step  0
----------------------------------------------------------pseudo_mini_loss sum 1.621224045753479
Epoch 293, Learning Rate: 0.000625
step  0
----------------------------------------------------------pseudo_mini_loss sum 1.6313762664794922
Epoch 294, Learning Rate: 0.000625
step  0
----------------------------------------------------------pseudo_mini_loss sum 1.6078141927719116
Epoch 295, Learning Rate: 0.000625
step  0
----------------------------------------------------------pseudo_mini_loss sum 1.649474024772644
Epoch 296, Learning Rate: 0.000625
step  0
----------------------------------------------------------pseudo_mini_loss sum 1.600662350654602
Epoch 297, Learning Rate: 0.000625
step  0
----------------------------------------------------------pseudo_mini_loss sum 1.600822925567627
Epoch 298, Learning Rate: 0.000625
step  0
----------------------------------------------------------pseudo_mini_loss sum 1.6686666011810303
Epoch 299, Learning Rate: 0.000625
step  0
----------------------------------------------------------pseudo_mini_loss sum 1.616210699081421
Epoch 300, Learning Rate: 0.000625
step  0
----------------------------------------------------------pseudo_mini_loss sum 1.6472407579421997
Epoch 301, Learning Rate: 0.000625
step  0
----------------------------------------------------------pseudo_mini_loss sum 1.5831962823867798
Epoch 302, Learning Rate: 0.000625
step  0
----------------------------------------------------------pseudo_mini_loss sum 1.6493040323257446
Epoch 303, Learning Rate: 0.000625
step  0
----------------------------------------------------------pseudo_mini_loss sum 1.6456854343414307
Epoch 304, Learning Rate: 0.000625
step  0
----------------------------------------------------------pseudo_mini_loss sum 1.6249644756317139
Epoch 305, Learning Rate: 0.000625
step  0
----------------------------------------------------------pseudo_mini_loss sum 1.6269745826721191
Epoch 306, Learning Rate: 0.000625
step  0
----------------------------------------------------------pseudo_mini_loss sum 1.6174190044403076
Epoch 307, Learning Rate: 0.000625
step  0
----------------------------------------------------------pseudo_mini_loss sum 1.6175075769424438
Epoch 308, Learning Rate: 0.000625
step  0
----------------------------------------------------------pseudo_mini_loss sum 1.6052157878875732
Epoch 309, Learning Rate: 0.000625
step  0
----------------------------------------------------------pseudo_mini_loss sum 1.5899105072021484
Epoch 310, Learning Rate: 0.000625
step  0
----------------------------------------------------------pseudo_mini_loss sum 1.5962426662445068
Epoch 311, Learning Rate: 0.0003125
step  0
----------------------------------------------------------pseudo_mini_loss sum 1.6027355194091797
Epoch 312, Learning Rate: 0.0003125
step  0
----------------------------------------------------------pseudo_mini_loss sum 1.5977617502212524
Epoch 313, Learning Rate: 0.0003125
step  0
----------------------------------------------------------pseudo_mini_loss sum 1.6088221073150635
Epoch 314, Learning Rate: 0.0003125
step  0
----------------------------------------------------------pseudo_mini_loss sum 1.6059335470199585
Epoch 315, Learning Rate: 0.0003125
step  0
----------------------------------------------------------pseudo_mini_loss sum 1.600563645362854
Epoch 316, Learning Rate: 0.0003125
step  0
----------------------------------------------------------pseudo_mini_loss sum 1.5752230882644653
Epoch 317, Learning Rate: 0.0003125
step  0
----------------------------------------------------------pseudo_mini_loss sum 1.5789421796798706
Epoch 318, Learning Rate: 0.0003125
step  0
----------------------------------------------------------pseudo_mini_loss sum 1.5961923599243164
Epoch 319, Learning Rate: 0.0003125
step  0
----------------------------------------------------------pseudo_mini_loss sum 1.6370065212249756
Epoch 320, Learning Rate: 0.0003125
step  0
----------------------------------------------------------pseudo_mini_loss sum 1.6165050268173218
Epoch 321, Learning Rate: 0.0003125
step  0
----------------------------------------------------------pseudo_mini_loss sum 1.5856648683547974
Epoch 322, Learning Rate: 0.0003125
step  0
----------------------------------------------------------pseudo_mini_loss sum 1.5713857412338257
Epoch 323, Learning Rate: 0.0003125
step  0
----------------------------------------------------------pseudo_mini_loss sum 1.60148286819458
Epoch 324, Learning Rate: 0.0003125
step  0
----------------------------------------------------------pseudo_mini_loss sum 1.5659010410308838
Epoch 325, Learning Rate: 0.0003125
step  0
----------------------------------------------------------pseudo_mini_loss sum 1.5523059368133545
Epoch 326, Learning Rate: 0.0003125
step  0
----------------------------------------------------------pseudo_mini_loss sum 1.6152629852294922
Epoch 327, Learning Rate: 0.0003125
step  0
----------------------------------------------------------pseudo_mini_loss sum 1.5984750986099243
Epoch 328, Learning Rate: 0.0003125
step  0
----------------------------------------------------------pseudo_mini_loss sum 1.557715654373169
Epoch 329, Learning Rate: 0.0003125
step  0
----------------------------------------------------------pseudo_mini_loss sum 1.6173044443130493
Epoch 330, Learning Rate: 0.0003125
step  0
----------------------------------------------------------pseudo_mini_loss sum 1.5538195371627808
Epoch 331, Learning Rate: 0.0003125
step  0
----------------------------------------------------------pseudo_mini_loss sum 1.5845298767089844
Epoch 332, Learning Rate: 0.0003125
step  0
----------------------------------------------------------pseudo_mini_loss sum 1.6195951700210571
Epoch 333, Learning Rate: 0.0003125
step  0
----------------------------------------------------------pseudo_mini_loss sum 1.6134960651397705
Epoch 334, Learning Rate: 0.0003125
step  0
----------------------------------------------------------pseudo_mini_loss sum 1.6014169454574585
Epoch 335, Learning Rate: 0.0003125
step  0
----------------------------------------------------------pseudo_mini_loss sum 1.6153006553649902
Epoch 336, Learning Rate: 0.0003125
step  0
----------------------------------------------------------pseudo_mini_loss sum 1.5720971822738647
Epoch 337, Learning Rate: 0.0003125
step  0
----------------------------------------------------------pseudo_mini_loss sum 1.5787650346755981
Epoch 338, Learning Rate: 0.0003125
step  0
----------------------------------------------------------pseudo_mini_loss sum 1.6462442874908447
Epoch 339, Learning Rate: 0.0003125
step  0
----------------------------------------------------------pseudo_mini_loss sum 1.5824955701828003
Epoch 340, Learning Rate: 0.0003125
step  0
----------------------------------------------------------pseudo_mini_loss sum 1.6080429553985596
Epoch 341, Learning Rate: 0.0003125
step  0
----------------------------------------------------------pseudo_mini_loss sum 1.5585676431655884
Epoch 342, Learning Rate: 0.0003125
step  0
----------------------------------------------------------pseudo_mini_loss sum 1.584089994430542
Epoch 343, Learning Rate: 0.0003125
step  0
----------------------------------------------------------pseudo_mini_loss sum 1.5847684144973755
Epoch 344, Learning Rate: 0.0003125
step  0
----------------------------------------------------------pseudo_mini_loss sum 1.583043098449707
Epoch 345, Learning Rate: 0.0003125
step  0
----------------------------------------------------------pseudo_mini_loss sum 1.5739688873291016
Epoch 346, Learning Rate: 0.0003125
step  0
----------------------------------------------------------pseudo_mini_loss sum 1.5880045890808105
Epoch 347, Learning Rate: 0.0003125
step  0
----------------------------------------------------------pseudo_mini_loss sum 1.620867133140564
Epoch 348, Learning Rate: 0.0003125
step  0
----------------------------------------------------------pseudo_mini_loss sum 1.5878976583480835
Epoch 349, Learning Rate: 0.0003125
step  0
----------------------------------------------------------pseudo_mini_loss sum 1.6433748006820679
Epoch 350, Learning Rate: 0.0003125
step  0
----------------------------------------------------------pseudo_mini_loss sum 1.5430740118026733
Epoch 351, Learning Rate: 0.0003125
step  0
----------------------------------------------------------pseudo_mini_loss sum 1.5670976638793945
Epoch 352, Learning Rate: 0.0003125
step  0
----------------------------------------------------------pseudo_mini_loss sum 1.5913217067718506
Epoch 353, Learning Rate: 0.0003125
step  0
----------------------------------------------------------pseudo_mini_loss sum 1.5928268432617188
Epoch 354, Learning Rate: 0.0003125
step  0
----------------------------------------------------------pseudo_mini_loss sum 1.6195439100265503
Epoch 355, Learning Rate: 0.0003125
step  0
----------------------------------------------------------pseudo_mini_loss sum 1.6088920831680298
Epoch 356, Learning Rate: 0.0003125
step  0
----------------------------------------------------------pseudo_mini_loss sum 1.5843970775604248
Epoch 357, Learning Rate: 0.0003125
step  0
----------------------------------------------------------pseudo_mini_loss sum 1.6105146408081055
Epoch 358, Learning Rate: 0.0003125
step  0
----------------------------------------------------------pseudo_mini_loss sum 1.6384830474853516
Epoch 359, Learning Rate: 0.0003125
step  0
----------------------------------------------------------pseudo_mini_loss sum 1.5983346700668335
Epoch 360, Learning Rate: 0.0003125
step  0
----------------------------------------------------------pseudo_mini_loss sum 1.6262112855911255
Epoch 361, Learning Rate: 0.00015625
step  0
----------------------------------------------------------pseudo_mini_loss sum 1.5792676210403442
Epoch 362, Learning Rate: 0.00015625
step  0
----------------------------------------------------------pseudo_mini_loss sum 1.6262608766555786
Epoch 363, Learning Rate: 0.00015625
step  0
----------------------------------------------------------pseudo_mini_loss sum 1.5885659456253052
Epoch 364, Learning Rate: 0.00015625
step  0
----------------------------------------------------------pseudo_mini_loss sum 1.5632479190826416
Epoch 365, Learning Rate: 0.00015625
step  0
----------------------------------------------------------pseudo_mini_loss sum 1.6396406888961792
Epoch 366, Learning Rate: 0.00015625
step  0
----------------------------------------------------------pseudo_mini_loss sum 1.5789655447006226
Epoch 367, Learning Rate: 0.00015625
step  0
----------------------------------------------------------pseudo_mini_loss sum 1.6022776365280151
Epoch 368, Learning Rate: 0.00015625
step  0
----------------------------------------------------------pseudo_mini_loss sum 1.613439679145813
Epoch 369, Learning Rate: 0.00015625
step  0
----------------------------------------------------------pseudo_mini_loss sum 1.5772058963775635
Epoch 370, Learning Rate: 0.00015625
step  0
----------------------------------------------------------pseudo_mini_loss sum 1.5321177244186401
Epoch 371, Learning Rate: 0.00015625
step  0
----------------------------------------------------------pseudo_mini_loss sum 1.5894525051116943
Epoch 372, Learning Rate: 0.00015625
step  0
----------------------------------------------------------pseudo_mini_loss sum 1.5845909118652344
Epoch 373, Learning Rate: 0.00015625
step  0
----------------------------------------------------------pseudo_mini_loss sum 1.593817114830017
Epoch 374, Learning Rate: 0.00015625
step  0
----------------------------------------------------------pseudo_mini_loss sum 1.5969104766845703
Epoch 375, Learning Rate: 0.00015625
step  0
----------------------------------------------------------pseudo_mini_loss sum 1.5880528688430786
Epoch 376, Learning Rate: 0.00015625
step  0
----------------------------------------------------------pseudo_mini_loss sum 1.5997562408447266
Epoch 377, Learning Rate: 0.00015625
step  0
----------------------------------------------------------pseudo_mini_loss sum 1.6223077774047852
Epoch 378, Learning Rate: 0.00015625
step  0
----------------------------------------------------------pseudo_mini_loss sum 1.6040349006652832
Epoch 379, Learning Rate: 0.00015625
step  0
----------------------------------------------------------pseudo_mini_loss sum 1.5314271450042725
Epoch 380, Learning Rate: 0.00015625
step  0
----------------------------------------------------------pseudo_mini_loss sum 1.5829429626464844
Epoch 381, Learning Rate: 0.00015625
step  0
----------------------------------------------------------pseudo_mini_loss sum 1.6207283735275269
Epoch 382, Learning Rate: 0.00015625
step  0
----------------------------------------------------------pseudo_mini_loss sum 1.5938045978546143
Epoch 383, Learning Rate: 0.00015625
step  0
----------------------------------------------------------pseudo_mini_loss sum 1.5546129941940308
Epoch 384, Learning Rate: 0.00015625
step  0
----------------------------------------------------------pseudo_mini_loss sum 1.5631672143936157
Epoch 385, Learning Rate: 0.00015625
step  0
----------------------------------------------------------pseudo_mini_loss sum 1.5980619192123413
Epoch 386, Learning Rate: 0.00015625
step  0
----------------------------------------------------------pseudo_mini_loss sum 1.5735950469970703
Epoch 387, Learning Rate: 0.00015625
step  0
----------------------------------------------------------pseudo_mini_loss sum 1.6246941089630127
Epoch 388, Learning Rate: 0.00015625
step  0
----------------------------------------------------------pseudo_mini_loss sum 1.6136516332626343
Epoch 389, Learning Rate: 0.00015625
step  0
----------------------------------------------------------pseudo_mini_loss sum 1.547257900238037
Epoch 390, Learning Rate: 0.00015625
step  0
----------------------------------------------------------pseudo_mini_loss sum 1.564996361732483
Epoch 391, Learning Rate: 0.00015625
step  0
----------------------------------------------------------pseudo_mini_loss sum 1.643012285232544
Epoch 392, Learning Rate: 0.00015625
step  0
----------------------------------------------------------pseudo_mini_loss sum 1.5891255140304565
Epoch 393, Learning Rate: 0.00015625
step  0
----------------------------------------------------------pseudo_mini_loss sum 1.6033369302749634
Epoch 394, Learning Rate: 0.00015625
step  0
----------------------------------------------------------pseudo_mini_loss sum 1.551367998123169
Epoch 395, Learning Rate: 0.00015625
step  0
----------------------------------------------------------pseudo_mini_loss sum 1.6221071481704712
Epoch 396, Learning Rate: 0.00015625
step  0
----------------------------------------------------------pseudo_mini_loss sum 1.6133897304534912
Epoch 397, Learning Rate: 0.00015625
step  0
----------------------------------------------------------pseudo_mini_loss sum 1.5973774194717407
Epoch 398, Learning Rate: 0.00015625
step  0
----------------------------------------------------------pseudo_mini_loss sum 1.6060941219329834
Epoch 399, Learning Rate: 0.00015625
step  0
----------------------------------------------------------pseudo_mini_loss sum 1.5939120054244995
Epoch 400, Learning Rate: 0.00015625
step  0
----------------------------------------------------------pseudo_mini_loss sum 1.5917301177978516
