main start at this time 1693076209.6754122
ogbn-arxiv
# Nodes: 169343
# Edges: 2315598
# Train: 90941
# Val: 29799
# Test: 48603
# Classes: 40

in feats:  128
range parition 
range partition time  0.04024338722229004
connection checking time:  5.565737247467041
block generation total time  4.724137544631958
pure train time  8.147061824798584
-----------------------------------------after optimizer zero grad
 Nvidia-smi: 5.58203125 GB
    Memory Allocated: 0.18812227249145508  GigaBytes
Max Memory Allocated: 3.1623764038085938  GigaBytes

----------------------------------------------------------pseudo_mini_loss sum 3.775362491607666
range parition 
range partition time  0.040415287017822266
connection checking time:  5.0263831615448
block generation total time  4.881594657897949
pure train time  7.752225160598755
-----------------------------------------after optimizer zero grad
 Nvidia-smi: 5.58203125 GB
    Memory Allocated: 0.18804597854614258  GigaBytes
Max Memory Allocated: 3.212569236755371  GigaBytes

----------------------------------------------------------pseudo_mini_loss sum 3.189934015274048
range parition 
range partition time  0.041973114013671875
connection checking time:  5.616554260253906
block generation total time  4.821983575820923
pure train time  7.743891477584839
-----------------------------------------after optimizer zero grad
 Nvidia-smi: 5.865234375 GB
    Memory Allocated: 0.18848276138305664  GigaBytes
Max Memory Allocated: 3.2422609329223633  GigaBytes

----------------------------------------------------------pseudo_mini_loss sum 3.6048853397369385
loading full batch data spends  0.11891627311706543
range parition 
range partition time  0.041866302490234375
connection checking time:  5.788328170776367
block generation total time  5.001364231109619
generate_dataloader_block spend   12.815136432647705
pure train time  7.736952781677246
-----------------------------------------after optimizer zero grad
 Nvidia-smi: 5.9296875 GB
    Memory Allocated: 0.18896484375  GigaBytes
Max Memory Allocated: 3.2422609329223633  GigaBytes

----------------------------------------------------------pseudo_mini_loss sum 3.0829639434814453
loading full batch data spends  0.10622787475585938
range parition 
range partition time  0.04253506660461426
connection checking time:  5.801432847976685
block generation total time  4.8479461669921875
generate_dataloader_block spend   12.730688333511353
pure train time  7.781826496124268
-----------------------------------------after optimizer zero grad
 Nvidia-smi: 5.9296875 GB
    Memory Allocated: 0.18821239471435547  GigaBytes
Max Memory Allocated: 3.2422609329223633  GigaBytes

----------------------------------------------------------pseudo_mini_loss sum 3.0680480003356934
loading full batch data spends  0.13319778442382812
range parition 
range partition time  0.04132580757141113
connection checking time:  5.344304800033569
block generation total time  4.9361371994018555
generate_dataloader_block spend   11.920984983444214
pure train time  7.638014078140259
-----------------------------------------after optimizer zero grad
 Nvidia-smi: 5.9296875 GB
    Memory Allocated: 0.18866586685180664  GigaBytes
Max Memory Allocated: 3.2422609329223633  GigaBytes

----------------------------------------------------------pseudo_mini_loss sum 3.0669639110565186
loading full batch data spends  0.10583186149597168
range parition 
range partition time  0.01620197296142578
connection checking time:  5.700942754745483
block generation total time  4.917185544967651
generate_dataloader_block spend   12.128015995025635
pure train time  7.779321193695068
-----------------------------------------after optimizer zero grad
 Nvidia-smi: 5.9296875 GB
    Memory Allocated: 0.18825674057006836  GigaBytes
Max Memory Allocated: 3.2422609329223633  GigaBytes

----------------------------------------------------------pseudo_mini_loss sum 3.029165506362915
loading full batch data spends  0.12761688232421875
range parition 
range partition time  0.04183220863342285
connection checking time:  5.788994312286377
block generation total time  4.855799913406372
generate_dataloader_block spend   12.73154616355896
pure train time  7.7579240798950195
-----------------------------------------after optimizer zero grad
 Nvidia-smi: 5.9296875 GB
    Memory Allocated: 0.18853330612182617  GigaBytes
Max Memory Allocated: 3.2422609329223633  GigaBytes

----------------------------------------------------------pseudo_mini_loss sum 2.95876407623291
loading full batch data spends  0.12537837028503418
range parition 
range partition time  0.04172110557556152
connection checking time:  5.6982421875
block generation total time  4.909376859664917
generate_dataloader_block spend   12.598087310791016
pure train time  7.727152347564697
-----------------------------------------after optimizer zero grad
 Nvidia-smi: 5.9296875 GB
    Memory Allocated: 0.18824338912963867  GigaBytes
Max Memory Allocated: 3.2484350204467773  GigaBytes

----------------------------------------------------------pseudo_mini_loss sum 2.869020938873291
loading full batch data spends  0.10915231704711914
range parition 
range partition time  0.040511131286621094
connection checking time:  5.746519327163696
block generation total time  4.8513031005859375
generate_dataloader_block spend   12.340061664581299
pure train time  7.793747425079346
-----------------------------------------after optimizer zero grad
 Nvidia-smi: 5.9296875 GB
    Memory Allocated: 0.18835163116455078  GigaBytes
Max Memory Allocated: 3.2484350204467773  GigaBytes

----------------------------------------------------------pseudo_mini_loss sum 2.7691736221313477
Total (block generation + training)time/epoch 22.000581332615443
pure train time/epoch 7.746330936749776

mean number of num_input_list  2257784.7
