main start at this time 1693075697.0958166
ogbn-arxiv
# Nodes: 169343
# Edges: 2315598
# Train: 90941
# Val: 29799
# Test: 48603
# Classes: 40

in feats:  128
range parition 
range partition time  0.040091753005981445
connection checking time:  4.078109264373779
block generation total time  3.578219175338745
pure train time  5.177534818649292
-----------------------------------------after optimizer zero grad
 Nvidia-smi: 12.603515625 GB
    Memory Allocated: 0.21186399459838867  GigaBytes
Max Memory Allocated: 7.925690174102783  GigaBytes

----------------------------------------------------------pseudo_mini_loss sum 3.77665376663208
range parition 
range partition time  0.025345802307128906
connection checking time:  2.300750494003296
block generation total time  1.9581565856933594
pure train time  4.678895473480225
-----------------------------------------after optimizer zero grad
 Nvidia-smi: 12.615234375 GB
    Memory Allocated: 0.21167707443237305  GigaBytes
Max Memory Allocated: 7.93196439743042  GigaBytes

----------------------------------------------------------pseudo_mini_loss sum 3.1908364295959473
range parition 
range partition time  0.01666879653930664
connection checking time:  4.103356838226318
block generation total time  3.6591780185699463
pure train time  4.784981966018677
-----------------------------------------after optimizer zero grad
 Nvidia-smi: 12.615234375 GB
    Memory Allocated: 0.2125873565673828  GigaBytes
Max Memory Allocated: 7.968041896820068  GigaBytes

----------------------------------------------------------pseudo_mini_loss sum 3.609096050262451
loading full batch data spends  0.07787394523620605
range parition 
range partition time  0.029233217239379883
connection checking time:  4.217164516448975
block generation total time  3.7771337032318115
generate_dataloader_block spend   9.749286413192749
pure train time  4.768108367919922
-----------------------------------------after optimizer zero grad
 Nvidia-smi: 12.615234375 GB
    Memory Allocated: 0.21193742752075195  GigaBytes
Max Memory Allocated: 7.968041896820068  GigaBytes

----------------------------------------------------------pseudo_mini_loss sum 3.07985258102417
loading full batch data spends  0.07931137084960938
range parition 
range partition time  0.04213857650756836
connection checking time:  3.5753026008605957
block generation total time  3.8653564453125
generate_dataloader_block spend   9.355351209640503
pure train time  4.776039123535156
-----------------------------------------after optimizer zero grad
 Nvidia-smi: 12.615234375 GB
    Memory Allocated: 0.21179437637329102  GigaBytes
Max Memory Allocated: 7.968041896820068  GigaBytes

----------------------------------------------------------pseudo_mini_loss sum 3.067344903945923
loading full batch data spends  0.07954072952270508
range parition 
range partition time  0.04144883155822754
connection checking time:  4.071030616760254
block generation total time  3.6372718811035156
generate_dataloader_block spend   9.740886688232422
pure train time  4.7621917724609375
-----------------------------------------after optimizer zero grad
 Nvidia-smi: 12.615234375 GB
    Memory Allocated: 0.2118687629699707  GigaBytes
Max Memory Allocated: 7.968041896820068  GigaBytes

----------------------------------------------------------pseudo_mini_loss sum 3.066704034805298
loading full batch data spends  0.0762474536895752
range parition 
range partition time  0.04036593437194824
connection checking time:  3.510838270187378
block generation total time  3.7152135372161865
generate_dataloader_block spend   8.3363618850708
pure train time  4.777949333190918
-----------------------------------------after optimizer zero grad
 Nvidia-smi: 12.615234375 GB
    Memory Allocated: 0.21192073822021484  GigaBytes
Max Memory Allocated: 7.968041896820068  GigaBytes

----------------------------------------------------------pseudo_mini_loss sum 3.0297157764434814
loading full batch data spends  0.07158255577087402
range parition 
range partition time  0.03967857360839844
connection checking time:  4.11941123008728
block generation total time  3.684973955154419
generate_dataloader_block spend   9.703665018081665
pure train time  4.755265235900879
-----------------------------------------after optimizer zero grad
 Nvidia-smi: 12.650390625 GB
    Memory Allocated: 0.21170568466186523  GigaBytes
Max Memory Allocated: 7.968041896820068  GigaBytes

----------------------------------------------------------pseudo_mini_loss sum 2.9602367877960205
loading full batch data spends  0.0720827579498291
range parition 
range partition time  0.02571249008178711
connection checking time:  4.054500102996826
block generation total time  3.65108585357666
generate_dataloader_block spend   9.481623411178589
pure train time  4.784616470336914
-----------------------------------------after optimizer zero grad
 Nvidia-smi: 13.447265625 GB
    Memory Allocated: 0.21213769912719727  GigaBytes
Max Memory Allocated: 7.999632835388184  GigaBytes

----------------------------------------------------------pseudo_mini_loss sum 2.868481397628784
loading full batch data spends  0.05474376678466797
range parition 
range partition time  0.02512073516845703
connection checking time:  4.178156852722168
block generation total time  3.6719188690185547
generate_dataloader_block spend   9.559155702590942
pure train time  4.733978986740112
-----------------------------------------after optimizer zero grad
 Nvidia-smi: 13.447265625 GB
    Memory Allocated: 0.21207237243652344  GigaBytes
Max Memory Allocated: 7.999632835388184  GigaBytes

----------------------------------------------------------pseudo_mini_loss sum 2.7676515579223633
Total (block generation + training)time/epoch 15.38092929976327
pure train time/epoch 4.76500682036082

mean number of num_input_list  1228667.2
