main start at this time 1700867776.5042782
  NumNodes: 19717
  NumEdges: 88651
  NumFeats: 500
  NumClasses: 3
  NumTrainingSamples: 60
  NumValidationSamples: 500
  NumTestSamples: 1000
Done loading data from cached files.
success----------------------------------------
60
500
19157
# Nodes: 19717
# Edges: 88648
# Train: 60
# Val: 500
# Test: 19157
# Classes: 3

in feats:  500
self._in_src_feats,  500
self._in_dst_feats 500
Epoch 1, Learning Rate: 0.001
args.num_batch (main)  3
self.num_batch (get_in_degree_bucketing) 3
---||-----||-----||-----||-----||-----||-----||-----||-----||-----||-----||-----||-----||-----||-----||-----||-----||-----||-----||-----||--
self.num_batch,  3
memory_constraint:  18.0
enter 25_backpack_
enter pubmed_
sum(estimated_mem)  0.288652628660202
len(estimated_mem)  15
grouping float:  the grouping_fanout_cora called successfully
 enter split_cora function
G_BUCKET_ID_list [[14, 7, 13], [11, 0, 1, 3, 4], [5, 2, 8, 10, 12, 6, 9]]
Groups_mem_list  [[54, 27, 19], [37, 28, 14, 12, 9], [30, 18, 14, 7, 6, 4, 4]]
G_BUCKET_ID_list length 3
backpack scheduling spend  0.003376483917236328
current group_mem  0.10081002116203308
current group_mem  0.10226136445999146
current group_mem  0.08558124303817749
batches output list generation spend  0.0007214546203613281
self.weights_list  [0.1, 0.65, 0.25]
bkt_dst_nodes_list = self.get_in_degree_bucketing() spend:  0.0010466575622558594
self.gen_batches_seeds_list(bkt_dst_nodes_list_local) spend  0.004157304763793945
num_output  60
self.output_nids  60
output nodes length match
global output equals  True
partition total batch output list spend :  0.006293535232543945
self.buckets_partition() spend  sec:  0.0052165985107421875
check connections block*********************************

the find indices time spent  7.772445678710938e-05

in edges time spent  0.0028350353240966797
local to global src and eids time spent  0.0003132820129394531
time gen tails  6.4849853515625e-05
res  length 3

block_gen_time in "generate_blocks_for_one_layer_block"  0.005415678024291992

----------------------------------------
check connections block*********************************

the find indices time spent  0.00034308433532714844

in edges time spent  0.0016102790832519531
local to global src and eids time spent  0.0013442039489746094
time gen tails  0.00027489662170410156
res  length 3

block_gen_time in "generate_blocks_for_one_layer_block"  0.005527019500732422

block collection to dataloader spend  5.7220458984375e-06
step  0
step  1
step  2
-----------------------------------------after optimizer zero grad
 Nvidia-smi: 4.740234375 GB
    Memory Allocated: 2.0324506759643555  GigaBytes
Max Memory Allocated: 3.0324506759643555  GigaBytes

----------------------------------------------------------pseudo_mini_loss sum 1.1018399000167847
Epoch 2, Learning Rate: 0.001
args.num_batch (main)  3
self.num_batch (get_in_degree_bucketing) 3
---||-----||-----||-----||-----||-----||-----||-----||-----||-----||-----||-----||-----||-----||-----||-----||-----||-----||-----||-----||--
self.num_batch,  3
memory_constraint:  18.0
enter 25_backpack_
enter pubmed_
sum(estimated_mem)  0.288652628660202
len(estimated_mem)  15
grouping float:  the grouping_fanout_cora called successfully
 enter split_cora function
G_BUCKET_ID_list [[14, 7, 13], [11, 0, 1, 3, 4], [5, 2, 8, 10, 12, 6, 9]]
Groups_mem_list  [[54, 27, 19], [37, 28, 14, 12, 9], [30, 18, 14, 7, 6, 4, 4]]
G_BUCKET_ID_list length 3
backpack scheduling spend  0.003337383270263672
current group_mem  0.10081002116203308
current group_mem  0.10226136445999146
current group_mem  0.08558124303817749
batches output list generation spend  6.127357482910156e-05
self.weights_list  [0.1, 0.65, 0.25]
bkt_dst_nodes_list = self.get_in_degree_bucketing() spend:  0.0007851123809814453
self.gen_batches_seeds_list(bkt_dst_nodes_list_local) spend  0.0034465789794921875
num_output  60
self.output_nids  60
output nodes length match
global output equals  True
partition total batch output list spend :  0.00493168830871582
self.buckets_partition() spend  sec:  0.004244327545166016
check connections block*********************************

the find indices time spent  7.462501525878906e-05

in edges time spent  0.0021507740020751953
local to global src and eids time spent  0.0003101825714111328
time gen tails  5.984306335449219e-05
res  length 3

block_gen_time in "generate_blocks_for_one_layer_block"  0.004767894744873047

----------------------------------------
check connections block*********************************

the find indices time spent  0.00035953521728515625

in edges time spent  0.001741647720336914
local to global src and eids time spent  0.0013594627380371094
time gen tails  0.0002808570861816406
res  length 3

block_gen_time in "generate_blocks_for_one_layer_block"  0.005529880523681641

block collection to dataloader spend  5.7220458984375e-06
step  0
step  1
step  2
-----------------------------------------after optimizer zero grad
 Nvidia-smi: 4.99609375 GB
    Memory Allocated: 2.032454490661621  GigaBytes
Max Memory Allocated: 3.210245132446289  GigaBytes

----------------------------------------------------------pseudo_mini_loss sum 1.099980354309082
Epoch 3, Learning Rate: 0.001
args.num_batch (main)  3
self.num_batch (get_in_degree_bucketing) 3
---||-----||-----||-----||-----||-----||-----||-----||-----||-----||-----||-----||-----||-----||-----||-----||-----||-----||-----||-----||--
self.num_batch,  3
memory_constraint:  18.0
enter 25_backpack_
enter pubmed_
sum(estimated_mem)  0.288652628660202
len(estimated_mem)  15
grouping float:  the grouping_fanout_cora called successfully
 enter split_cora function
G_BUCKET_ID_list [[14, 7, 13], [11, 0, 1, 3, 4], [5, 2, 8, 10, 12, 6, 9]]
Groups_mem_list  [[54, 27, 19], [37, 28, 14, 12, 9], [30, 18, 14, 7, 6, 4, 4]]
G_BUCKET_ID_list length 3
backpack scheduling spend  0.0033724308013916016
current group_mem  0.10081002116203308
current group_mem  0.10226136445999146
current group_mem  0.08558124303817749
batches output list generation spend  6.175041198730469e-05
self.weights_list  [0.1, 0.65, 0.25]
bkt_dst_nodes_list = self.get_in_degree_bucketing() spend:  0.0008039474487304688
self.gen_batches_seeds_list(bkt_dst_nodes_list_local) spend  0.003490447998046875
num_output  60
self.output_nids  60
output nodes length match
global output equals  True
partition total batch output list spend :  0.0050182342529296875
self.buckets_partition() spend  sec:  0.0043103694915771484
check connections block*********************************

the find indices time spent  7.462501525878906e-05

in edges time spent  0.0021216869354248047
local to global src and eids time spent  0.000331878662109375
time gen tails  5.9604644775390625e-05
res  length 3

block_gen_time in "generate_blocks_for_one_layer_block"  0.004831075668334961

----------------------------------------
check connections block*********************************

the find indices time spent  0.0003745555877685547

in edges time spent  0.0017514228820800781
local to global src and eids time spent  0.0013463497161865234
time gen tails  0.0002865791320800781
res  length 3

block_gen_time in "generate_blocks_for_one_layer_block"  0.005286455154418945

block collection to dataloader spend  5.7220458984375e-06
generate_dataloader_block spend   0.02305126190185547
step  0
step  1
step  2
-----------------------------------------after optimizer zero grad
 Nvidia-smi: 4.99609375 GB
    Memory Allocated: 2.032474994659424  GigaBytes
Max Memory Allocated: 3.210245132446289  GigaBytes

----------------------------------------------------------pseudo_mini_loss sum 1.094590425491333
epoch time:  1.1539514064788818
Epoch 4, Learning Rate: 0.001
args.num_batch (main)  3
self.num_batch (get_in_degree_bucketing) 3
---||-----||-----||-----||-----||-----||-----||-----||-----||-----||-----||-----||-----||-----||-----||-----||-----||-----||-----||-----||--
self.num_batch,  3
memory_constraint:  18.0
enter 25_backpack_
enter pubmed_
sum(estimated_mem)  0.288652628660202
len(estimated_mem)  15
grouping float:  the grouping_fanout_cora called successfully
 enter split_cora function
G_BUCKET_ID_list [[14, 7, 13], [11, 0, 1, 3, 4], [5, 2, 8, 10, 12, 6, 9]]
Groups_mem_list  [[54, 27, 19], [37, 28, 14, 12, 9], [30, 18, 14, 7, 6, 4, 4]]
G_BUCKET_ID_list length 3
backpack scheduling spend  0.003445148468017578
current group_mem  0.10081002116203308
current group_mem  0.10226136445999146
current group_mem  0.08558124303817749
batches output list generation spend  6.651878356933594e-05
self.weights_list  [0.1, 0.65, 0.25]
bkt_dst_nodes_list = self.get_in_degree_bucketing() spend:  0.0009000301361083984
self.gen_batches_seeds_list(bkt_dst_nodes_list_local) spend  0.0035643577575683594
num_output  60
self.output_nids  60
output nodes length match
global output equals  True
partition total batch output list spend :  0.005204200744628906
self.buckets_partition() spend  sec:  0.004476785659790039
check connections block*********************************

the find indices time spent  7.128715515136719e-05

in edges time spent  0.0024726390838623047
local to global src and eids time spent  0.0003063678741455078
time gen tails  5.412101745605469e-05
res  length 3

block_gen_time in "generate_blocks_for_one_layer_block"  0.004690885543823242

----------------------------------------
check connections block*********************************

the find indices time spent  0.00036716461181640625

in edges time spent  0.0016274452209472656
local to global src and eids time spent  0.0013363361358642578
time gen tails  0.0002884864807128906
res  length 3

block_gen_time in "generate_blocks_for_one_layer_block"  0.005260467529296875

block collection to dataloader spend  5.4836273193359375e-06
generate_dataloader_block spend   0.022949695587158203
step  0
step  1
step  2
-----------------------------------------after optimizer zero grad
 Nvidia-smi: 4.99609375 GB
    Memory Allocated: 2.0324506759643555  GigaBytes
Max Memory Allocated: 3.210245132446289  GigaBytes

----------------------------------------------------------pseudo_mini_loss sum 1.0985605716705322
epoch time:  1.1540179252624512
Epoch 5, Learning Rate: 0.001
args.num_batch (main)  3
self.num_batch (get_in_degree_bucketing) 3
---||-----||-----||-----||-----||-----||-----||-----||-----||-----||-----||-----||-----||-----||-----||-----||-----||-----||-----||-----||--
self.num_batch,  3
memory_constraint:  18.0
enter 25_backpack_
enter pubmed_
sum(estimated_mem)  0.288652628660202
len(estimated_mem)  15
grouping float:  the grouping_fanout_cora called successfully
 enter split_cora function
G_BUCKET_ID_list [[14, 7, 13], [11, 0, 1, 3, 4], [5, 2, 8, 10, 12, 6, 9]]
Groups_mem_list  [[54, 27, 19], [37, 28, 14, 12, 9], [30, 18, 14, 7, 6, 4, 4]]
G_BUCKET_ID_list length 3
backpack scheduling spend  0.0033431053161621094
current group_mem  0.10081002116203308
current group_mem  0.10226136445999146
current group_mem  0.08558124303817749
batches output list generation spend  6.29425048828125e-05
self.weights_list  [0.1, 0.65, 0.25]
bkt_dst_nodes_list = self.get_in_degree_bucketing() spend:  0.0008003711700439453
self.gen_batches_seeds_list(bkt_dst_nodes_list_local) spend  0.003457784652709961
num_output  60
self.output_nids  60
output nodes length match
global output equals  True
partition total batch output list spend :  0.00497746467590332
self.buckets_partition() spend  sec:  0.004271745681762695
check connections block*********************************

the find indices time spent  7.390975952148438e-05

in edges time spent  0.002288818359375
local to global src and eids time spent  0.000301361083984375
time gen tails  5.626678466796875e-05
res  length 3

block_gen_time in "generate_blocks_for_one_layer_block"  0.0046749114990234375

----------------------------------------
check connections block*********************************

the find indices time spent  0.0003554821014404297

in edges time spent  0.0016994476318359375
local to global src and eids time spent  0.0013432502746582031
time gen tails  0.0002777576446533203
res  length 3

block_gen_time in "generate_blocks_for_one_layer_block"  0.0056345462799072266

block collection to dataloader spend  5.245208740234375e-06
generate_dataloader_block spend   0.022890567779541016
step  0
step  1
step  2
-----------------------------------------after optimizer zero grad
 Nvidia-smi: 4.99609375 GB
    Memory Allocated: 2.032471179962158  GigaBytes
Max Memory Allocated: 3.2102603912353516  GigaBytes

----------------------------------------------------------pseudo_mini_loss sum 1.1030722856521606
epoch time:  1.1479783058166504
Epoch 6, Learning Rate: 0.001
args.num_batch (main)  3
self.num_batch (get_in_degree_bucketing) 3
---||-----||-----||-----||-----||-----||-----||-----||-----||-----||-----||-----||-----||-----||-----||-----||-----||-----||-----||-----||--
self.num_batch,  3
memory_constraint:  18.0
enter 25_backpack_
enter pubmed_
sum(estimated_mem)  0.288652628660202
len(estimated_mem)  15
grouping float:  the grouping_fanout_cora called successfully
 enter split_cora function
G_BUCKET_ID_list [[14, 7, 13], [11, 0, 1, 3, 4], [5, 2, 8, 10, 12, 6, 9]]
Groups_mem_list  [[54, 27, 19], [37, 28, 14, 12, 9], [30, 18, 14, 7, 6, 4, 4]]
G_BUCKET_ID_list length 3
backpack scheduling spend  0.0033190250396728516
current group_mem  0.10081002116203308
current group_mem  0.10226136445999146
current group_mem  0.08558124303817749
batches output list generation spend  6.0558319091796875e-05
self.weights_list  [0.1, 0.65, 0.25]
bkt_dst_nodes_list = self.get_in_degree_bucketing() spend:  0.0007698535919189453
self.gen_batches_seeds_list(bkt_dst_nodes_list_local) spend  0.0034286975860595703
num_output  60
self.output_nids  60
output nodes length match
global output equals  True
partition total batch output list spend :  0.004879951477050781
self.buckets_partition() spend  sec:  0.004210472106933594
check connections block*********************************

the find indices time spent  7.104873657226562e-05

in edges time spent  0.002278566360473633
local to global src and eids time spent  0.000301361083984375
time gen tails  5.626678466796875e-05
res  length 3

block_gen_time in "generate_blocks_for_one_layer_block"  0.0046176910400390625

----------------------------------------
check connections block*********************************

the find indices time spent  0.00034928321838378906

in edges time spent  0.0016062259674072266
local to global src and eids time spent  0.0013401508331298828
time gen tails  0.00025963783264160156
res  length 3

block_gen_time in "generate_blocks_for_one_layer_block"  0.005225181579589844

block collection to dataloader spend  5.4836273193359375e-06
generate_dataloader_block spend   0.0221254825592041
step  0
step  1
step  2
-----------------------------------------after optimizer zero grad
 Nvidia-smi: 4.99609375 GB
    Memory Allocated: 2.0324654579162598  GigaBytes
Max Memory Allocated: 3.2102603912353516  GigaBytes

----------------------------------------------------------pseudo_mini_loss sum 1.1083219051361084
epoch time:  1.1449315547943115
Epoch 7, Learning Rate: 0.001
args.num_batch (main)  3
self.num_batch (get_in_degree_bucketing) 3
---||-----||-----||-----||-----||-----||-----||-----||-----||-----||-----||-----||-----||-----||-----||-----||-----||-----||-----||-----||--
self.num_batch,  3
memory_constraint:  18.0
enter 25_backpack_
enter pubmed_
sum(estimated_mem)  0.288652628660202
len(estimated_mem)  15
grouping float:  the grouping_fanout_cora called successfully
 enter split_cora function
G_BUCKET_ID_list [[14, 7, 13], [11, 0, 1, 3, 4], [5, 2, 8, 10, 12, 6, 9]]
Groups_mem_list  [[54, 27, 19], [37, 28, 14, 12, 9], [30, 18, 14, 7, 6, 4, 4]]
G_BUCKET_ID_list length 3
backpack scheduling spend  0.003319978713989258
current group_mem  0.10081002116203308
current group_mem  0.10226136445999146
current group_mem  0.08558124303817749
batches output list generation spend  6.175041198730469e-05
self.weights_list  [0.1, 0.65, 0.25]
bkt_dst_nodes_list = self.get_in_degree_bucketing() spend:  0.0007741451263427734
self.gen_batches_seeds_list(bkt_dst_nodes_list_local) spend  0.003429412841796875
num_output  60
self.output_nids  60
output nodes length match
global output equals  True
partition total batch output list spend :  0.0048923492431640625
self.buckets_partition() spend  sec:  0.004215717315673828
check connections block*********************************

the find indices time spent  7.128715515136719e-05

in edges time spent  0.0021469593048095703
local to global src and eids time spent  0.0003104209899902344
time gen tails  5.7220458984375e-05
res  length 3

block_gen_time in "generate_blocks_for_one_layer_block"  0.004662752151489258

----------------------------------------
check connections block*********************************

the find indices time spent  0.00032711029052734375

in edges time spent  0.0016257762908935547
local to global src and eids time spent  0.0013399124145507812
time gen tails  0.00027370452880859375
res  length 3

block_gen_time in "generate_blocks_for_one_layer_block"  0.005606412887573242

block collection to dataloader spend  5.7220458984375e-06
generate_dataloader_block spend   0.022555828094482422
step  0
step  1
step  2
-----------------------------------------after optimizer zero grad
 Nvidia-smi: 4.99609375 GB
    Memory Allocated: 2.0324411392211914  GigaBytes
Max Memory Allocated: 3.2102603912353516  GigaBytes

----------------------------------------------------------pseudo_mini_loss sum 1.0969940423965454
epoch time:  1.1419954299926758
Epoch 8, Learning Rate: 0.001
args.num_batch (main)  3
self.num_batch (get_in_degree_bucketing) 3
---||-----||-----||-----||-----||-----||-----||-----||-----||-----||-----||-----||-----||-----||-----||-----||-----||-----||-----||-----||--
self.num_batch,  3
memory_constraint:  18.0
enter 25_backpack_
enter pubmed_
sum(estimated_mem)  0.288652628660202
len(estimated_mem)  15
grouping float:  the grouping_fanout_cora called successfully
 enter split_cora function
G_BUCKET_ID_list [[14, 7, 13], [11, 0, 1, 3, 4], [5, 2, 8, 10, 12, 6, 9]]
Groups_mem_list  [[54, 27, 19], [37, 28, 14, 12, 9], [30, 18, 14, 7, 6, 4, 4]]
G_BUCKET_ID_list length 3
backpack scheduling spend  0.003323793411254883
current group_mem  0.10081002116203308
current group_mem  0.10226136445999146
current group_mem  0.08558124303817749
batches output list generation spend  5.91278076171875e-05
self.weights_list  [0.1, 0.65, 0.25]
bkt_dst_nodes_list = self.get_in_degree_bucketing() spend:  0.0007879734039306641
self.gen_batches_seeds_list(bkt_dst_nodes_list_local) spend  0.003432035446166992
num_output  60
self.output_nids  60
output nodes length match
global output equals  True
partition total batch output list spend :  0.004906654357910156
self.buckets_partition() spend  sec:  0.004231929779052734
check connections block*********************************

the find indices time spent  7.104873657226562e-05

in edges time spent  0.0020761489868164062
local to global src and eids time spent  0.00030159950256347656
time gen tails  5.650520324707031e-05
res  length 3

block_gen_time in "generate_blocks_for_one_layer_block"  0.004614353179931641

----------------------------------------
check connections block*********************************

the find indices time spent  0.00032830238342285156

in edges time spent  0.0015964508056640625
local to global src and eids time spent  0.0013430118560791016
time gen tails  0.0002627372741699219
res  length 3

block_gen_time in "generate_blocks_for_one_layer_block"  0.005239248275756836

block collection to dataloader spend  5.7220458984375e-06
generate_dataloader_block spend   0.021937131881713867
step  0
step  1
step  2
-----------------------------------------after optimizer zero grad
 Nvidia-smi: 4.99609375 GB
    Memory Allocated: 2.0324339866638184  GigaBytes
Max Memory Allocated: 3.210263252258301  GigaBytes

----------------------------------------------------------pseudo_mini_loss sum 1.0957396030426025
epoch time:  1.1416881084442139
Epoch 9, Learning Rate: 0.001
args.num_batch (main)  3
self.num_batch (get_in_degree_bucketing) 3
---||-----||-----||-----||-----||-----||-----||-----||-----||-----||-----||-----||-----||-----||-----||-----||-----||-----||-----||-----||--
self.num_batch,  3
memory_constraint:  18.0
enter 25_backpack_
enter pubmed_
sum(estimated_mem)  0.288652628660202
len(estimated_mem)  15
grouping float:  the grouping_fanout_cora called successfully
 enter split_cora function
G_BUCKET_ID_list [[14, 7, 13], [11, 0, 1, 3, 4], [5, 2, 8, 10, 12, 6, 9]]
Groups_mem_list  [[54, 27, 19], [37, 28, 14, 12, 9], [30, 18, 14, 7, 6, 4, 4]]
G_BUCKET_ID_list length 3
backpack scheduling spend  0.0033326148986816406
current group_mem  0.10081002116203308
current group_mem  0.10226136445999146
current group_mem  0.08558124303817749
batches output list generation spend  6.151199340820312e-05
self.weights_list  [0.1, 0.65, 0.25]
bkt_dst_nodes_list = self.get_in_degree_bucketing() spend:  0.0007717609405517578
self.gen_batches_seeds_list(bkt_dst_nodes_list_local) spend  0.0034439563751220703
num_output  60
self.output_nids  60
output nodes length match
global output equals  True
partition total batch output list spend :  0.0049021244049072266
self.buckets_partition() spend  sec:  0.004229307174682617
check connections block*********************************

the find indices time spent  7.891654968261719e-05

in edges time spent  0.0023431777954101562
local to global src and eids time spent  0.00030994415283203125
time gen tails  5.53131103515625e-05
res  length 3

block_gen_time in "generate_blocks_for_one_layer_block"  0.004648923873901367

----------------------------------------
check connections block*********************************

the find indices time spent  0.00031685829162597656

in edges time spent  0.0017285346984863281
local to global src and eids time spent  0.0013380050659179688
time gen tails  0.0002701282501220703
res  length 3

block_gen_time in "generate_blocks_for_one_layer_block"  0.005644559860229492

block collection to dataloader spend  5.4836273193359375e-06
generate_dataloader_block spend   0.022794723510742188
step  0
step  1
step  2
-----------------------------------------after optimizer zero grad
 Nvidia-smi: 4.998046875 GB
    Memory Allocated: 2.0324578285217285  GigaBytes
Max Memory Allocated: 3.210263252258301  GigaBytes

----------------------------------------------------------pseudo_mini_loss sum 1.1003105640411377
epoch time:  1.1419289112091064
Epoch 10, Learning Rate: 0.001
args.num_batch (main)  3
self.num_batch (get_in_degree_bucketing) 3
---||-----||-----||-----||-----||-----||-----||-----||-----||-----||-----||-----||-----||-----||-----||-----||-----||-----||-----||-----||--
self.num_batch,  3
memory_constraint:  18.0
enter 25_backpack_
enter pubmed_
sum(estimated_mem)  0.288652628660202
len(estimated_mem)  15
grouping float:  the grouping_fanout_cora called successfully
 enter split_cora function
G_BUCKET_ID_list [[14, 7, 13], [11, 0, 1, 3, 4], [5, 2, 8, 10, 12, 6, 9]]
Groups_mem_list  [[54, 27, 19], [37, 28, 14, 12, 9], [30, 18, 14, 7, 6, 4, 4]]
G_BUCKET_ID_list length 3
backpack scheduling spend  0.0033118724822998047
current group_mem  0.10081002116203308
current group_mem  0.10226136445999146
current group_mem  0.08558124303817749
batches output list generation spend  6.842613220214844e-05
self.weights_list  [0.1, 0.65, 0.25]
bkt_dst_nodes_list = self.get_in_degree_bucketing() spend:  0.0007812976837158203
self.gen_batches_seeds_list(bkt_dst_nodes_list_local) spend  0.0034275054931640625
num_output  60
self.output_nids  60
output nodes length match
global output equals  True
partition total batch output list spend :  0.0048940181732177734
self.buckets_partition() spend  sec:  0.004221200942993164
check connections block*********************************

the find indices time spent  7.200241088867188e-05

in edges time spent  0.0021054744720458984
local to global src and eids time spent  0.000301361083984375
time gen tails  5.6743621826171875e-05
res  length 3

block_gen_time in "generate_blocks_for_one_layer_block"  0.004556894302368164

----------------------------------------
check connections block*********************************

the find indices time spent  0.0003285408020019531

in edges time spent  0.0015571117401123047
local to global src and eids time spent  0.0013518333435058594
time gen tails  0.00026988983154296875
res  length 3

block_gen_time in "generate_blocks_for_one_layer_block"  0.0052490234375

block collection to dataloader spend  5.9604644775390625e-06
generate_dataloader_block spend   0.021989107131958008
step  0
step  1
step  2
-----------------------------------------after optimizer zero grad
 Nvidia-smi: 4.998046875 GB
    Memory Allocated: 2.0324487686157227  GigaBytes
Max Memory Allocated: 3.2102670669555664  GigaBytes

----------------------------------------------------------pseudo_mini_loss sum 1.0932183265686035
epoch time:  1.1430563926696777
Total (block generation + training)time/epoch 1.1461920738220215
pure train time/epoch 0.3679095109303792

num_input_list  [1663, 1688, 1694, 1670, 1690, 1665, 1673, 1687, 1684, 1698]
