main start at this time 1700868377.0738542
  NumNodes: 19717
  NumEdges: 88651
  NumFeats: 500
  NumClasses: 3
  NumTrainingSamples: 60
  NumValidationSamples: 500
  NumTestSamples: 1000
Done loading data from cached files.
success----------------------------------------
60
500
19157
# Nodes: 19717
# Edges: 88648
# Train: 60
# Val: 500
# Test: 19157
# Classes: 3

in feats:  500
self._in_src_feats,  500
self._in_dst_feats 500
Epoch 1, Learning Rate: 0.001
args.num_batch (main)  6
self.num_batch (get_in_degree_bucketing) 6
---||-----||-----||-----||-----||-----||-----||-----||-----||-----||-----||-----||-----||-----||-----||-----||-----||-----||-----||-----||--
self.num_batch,  6
memory_constraint:  18.0
enter 25_backpack_
enter pubmed_
sum(estimated_mem)  0.288652628660202
len(estimated_mem)  15
grouping float:  the grouping_fanout_cora called successfully
 enter split_cora function
G_BUCKET_ID_list [[0, 7], [11, 2], [5, 13, 12], [1, 3, 10, 6, 9], [14], [8, 4]]
Groups_mem_list  [[28, 27], [37, 18], [30, 19, 6], [14, 12, 7, 4, 4], [54], [14, 9]]
G_BUCKET_ID_list length 6
backpack scheduling spend  0.0035736560821533203
current group_mem  0.055898845195770264
current group_mem  0.055193156003952026
current group_mem  0.056197911500930786
current group_mem  0.043499261140823364
current group_mem  0.05457034707069397
current group_mem  0.023293107748031616
batches output list generation spend  0.0008635520935058594
self.weights_list  [0.48333333333333334, 0.13333333333333333, 0.1, 0.2, 0.03333333333333333, 0.05]
bkt_dst_nodes_list = self.get_in_degree_bucketing() spend:  0.0013201236724853516
self.gen_batches_seeds_list(bkt_dst_nodes_list_local) spend  0.004509925842285156
num_output  60
self.output_nids  60
output nodes length match
global output equals  True
partition total batch output list spend :  0.00751805305480957
self.buckets_partition() spend  sec:  0.005844593048095703
check connections block*********************************

the find indices time spent  8.153915405273438e-05

in edges time spent  0.015156984329223633
local to global src and eids time spent  0.00042366981506347656
time gen tails  6.413459777832031e-05
res  length 6

block_gen_time in "generate_blocks_for_one_layer_block"  0.010363578796386719

----------------------------------------
check connections block*********************************

the find indices time spent  0.0003323554992675781

in edges time spent  0.002701997756958008
local to global src and eids time spent  0.0013651847839355469
time gen tails  0.00028514862060546875
res  length 6

block_gen_time in "generate_blocks_for_one_layer_block"  0.010015249252319336

block collection to dataloader spend  9.059906005859375e-06
step  0
step  1
step  2
step  3
step  4
step  5
-----------------------------------------after optimizer zero grad
 Nvidia-smi: 4.708984375 GB
    Memory Allocated: 2.031675338745117  GigaBytes
Max Memory Allocated: 3.031675338745117  GigaBytes

----------------------------------------------------------pseudo_mini_loss sum 1.101745843887329
Epoch 2, Learning Rate: 0.001
args.num_batch (main)  6
self.num_batch (get_in_degree_bucketing) 6
---||-----||-----||-----||-----||-----||-----||-----||-----||-----||-----||-----||-----||-----||-----||-----||-----||-----||-----||-----||--
self.num_batch,  6
memory_constraint:  18.0
enter 25_backpack_
enter pubmed_
sum(estimated_mem)  0.288652628660202
len(estimated_mem)  15
grouping float:  the grouping_fanout_cora called successfully
 enter split_cora function
G_BUCKET_ID_list [[0, 7], [11, 2], [5, 13, 12], [1, 3, 10, 6, 9], [14], [8, 4]]
Groups_mem_list  [[28, 27], [37, 18], [30, 19, 6], [14, 12, 7, 4, 4], [54], [14, 9]]
G_BUCKET_ID_list length 6
backpack scheduling spend  0.001262664794921875
current group_mem  0.055898845195770264
current group_mem  0.055193156003952026
current group_mem  0.056197911500930786
current group_mem  0.043499261140823364
current group_mem  0.05457034707069397
current group_mem  0.023293107748031616
batches output list generation spend  7.486343383789062e-05
self.weights_list  [0.48333333333333334, 0.13333333333333333, 0.1, 0.2, 0.03333333333333333, 0.05]
bkt_dst_nodes_list = self.get_in_degree_bucketing() spend:  0.000537872314453125
self.gen_batches_seeds_list(bkt_dst_nodes_list_local) spend  0.0013887882232666016
num_output  60
self.output_nids  60
output nodes length match
global output equals  True
partition total batch output list spend :  0.002664327621459961
self.buckets_partition() spend  sec:  0.0019342899322509766
check connections block*********************************

the find indices time spent  5.316734313964844e-05

in edges time spent  0.011584281921386719
local to global src and eids time spent  0.0004608631134033203
time gen tails  0.0001342296600341797
res  length 6

block_gen_time in "generate_blocks_for_one_layer_block"  0.008635520935058594

----------------------------------------
check connections block*********************************

the find indices time spent  0.00036334991455078125

in edges time spent  0.0029985904693603516
local to global src and eids time spent  0.001409292221069336
time gen tails  0.00028586387634277344
res  length 6

block_gen_time in "generate_blocks_for_one_layer_block"  0.009476423263549805

block collection to dataloader spend  8.58306884765625e-06
step  0
step  1
step  2
step  3
step  4
step  5
-----------------------------------------after optimizer zero grad
 Nvidia-smi: 4.9609375 GB
    Memory Allocated: 2.031686782836914  GigaBytes
Max Memory Allocated: 3.1584386825561523  GigaBytes

----------------------------------------------------------pseudo_mini_loss sum 1.1014230251312256
Epoch 3, Learning Rate: 0.001
args.num_batch (main)  6
self.num_batch (get_in_degree_bucketing) 6
---||-----||-----||-----||-----||-----||-----||-----||-----||-----||-----||-----||-----||-----||-----||-----||-----||-----||-----||-----||--
self.num_batch,  6
memory_constraint:  18.0
enter 25_backpack_
enter pubmed_
sum(estimated_mem)  0.288652628660202
len(estimated_mem)  15
grouping float:  the grouping_fanout_cora called successfully
 enter split_cora function
G_BUCKET_ID_list [[0, 7], [11, 2], [5, 13, 12], [1, 3, 10, 6, 9], [14], [8, 4]]
Groups_mem_list  [[28, 27], [37, 18], [30, 19, 6], [14, 12, 7, 4, 4], [54], [14, 9]]
G_BUCKET_ID_list length 6
backpack scheduling spend  0.003347158432006836
current group_mem  0.055898845195770264
current group_mem  0.055193156003952026
current group_mem  0.056197911500930786
current group_mem  0.043499261140823364
current group_mem  0.05457034707069397
current group_mem  0.023293107748031616
batches output list generation spend  0.00010561943054199219
self.weights_list  [0.48333333333333334, 0.13333333333333333, 0.1, 0.2, 0.03333333333333333, 0.05]
bkt_dst_nodes_list = self.get_in_degree_bucketing() spend:  0.0007951259613037109
self.gen_batches_seeds_list(bkt_dst_nodes_list_local) spend  0.003512144088745117
num_output  60
self.output_nids  60
output nodes length match
global output equals  True
partition total batch output list spend :  0.005558013916015625
self.buckets_partition() spend  sec:  0.004319429397583008
check connections block*********************************

the find indices time spent  8.20159912109375e-05

in edges time spent  0.008182287216186523
local to global src and eids time spent  0.0004048347473144531
time gen tails  6.031990051269531e-05
res  length 6

block_gen_time in "generate_blocks_for_one_layer_block"  0.008512020111083984

----------------------------------------
check connections block*********************************

the find indices time spent  0.0003292560577392578

in edges time spent  0.002637624740600586
local to global src and eids time spent  0.0013916492462158203
time gen tails  0.0002925395965576172
res  length 6

block_gen_time in "generate_blocks_for_one_layer_block"  0.009705305099487305

block collection to dataloader spend  8.821487426757812e-06
generate_dataloader_block spend   0.03861403465270996
step  0
step  1
step  2
step  3
step  4
step  5
-----------------------------------------after optimizer zero grad
 Nvidia-smi: 4.9609375 GB
    Memory Allocated: 2.0316829681396484  GigaBytes
Max Memory Allocated: 3.1584959030151367  GigaBytes

----------------------------------------------------------pseudo_mini_loss sum 1.1040005683898926
epoch time:  1.9028410911560059
Epoch 4, Learning Rate: 0.001
args.num_batch (main)  6
self.num_batch (get_in_degree_bucketing) 6
---||-----||-----||-----||-----||-----||-----||-----||-----||-----||-----||-----||-----||-----||-----||-----||-----||-----||-----||-----||--
self.num_batch,  6
memory_constraint:  18.0
enter 25_backpack_
enter pubmed_
sum(estimated_mem)  0.288652628660202
len(estimated_mem)  15
grouping float:  the grouping_fanout_cora called successfully
 enter split_cora function
G_BUCKET_ID_list [[0, 7], [11, 2], [5, 13, 12], [1, 3, 10, 6, 9], [14], [8, 4]]
Groups_mem_list  [[28, 27], [37, 18], [30, 19, 6], [14, 12, 7, 4, 4], [54], [14, 9]]
G_BUCKET_ID_list length 6
backpack scheduling spend  0.0033648014068603516
current group_mem  0.055898845195770264
current group_mem  0.055193156003952026
current group_mem  0.056197911500930786
current group_mem  0.043499261140823364
current group_mem  0.05457034707069397
current group_mem  0.023293107748031616
batches output list generation spend  0.00010919570922851562
self.weights_list  [0.48333333333333334, 0.13333333333333333, 0.1, 0.2, 0.03333333333333333, 0.05]
bkt_dst_nodes_list = self.get_in_degree_bucketing() spend:  0.0007929801940917969
self.gen_batches_seeds_list(bkt_dst_nodes_list_local) spend  0.0035381317138671875
num_output  60
self.output_nids  60
output nodes length match
global output equals  True
partition total batch output list spend :  0.005598545074462891
self.buckets_partition() spend  sec:  0.004343748092651367
check connections block*********************************

the find indices time spent  8.20159912109375e-05

in edges time spent  0.017402172088623047
local to global src and eids time spent  0.00040984153747558594
time gen tails  6.508827209472656e-05
res  length 6

block_gen_time in "generate_blocks_for_one_layer_block"  0.009053945541381836

----------------------------------------
check connections block*********************************

the find indices time spent  0.0003521442413330078

in edges time spent  0.0026445388793945312
local to global src and eids time spent  0.00138092041015625
time gen tails  0.0002765655517578125
res  length 6

block_gen_time in "generate_blocks_for_one_layer_block"  0.009442567825317383

block collection to dataloader spend  8.344650268554688e-06
generate_dataloader_block spend   0.048279762268066406
step  0
step  1
step  2
step  3
step  4
step  5
-----------------------------------------after optimizer zero grad
 Nvidia-smi: 4.9609375 GB
    Memory Allocated: 2.0316829681396484  GigaBytes
Max Memory Allocated: 3.1584959030151367  GigaBytes

----------------------------------------------------------pseudo_mini_loss sum 1.1028892993927002
epoch time:  1.906404972076416
Epoch 5, Learning Rate: 0.001
args.num_batch (main)  6
self.num_batch (get_in_degree_bucketing) 6
---||-----||-----||-----||-----||-----||-----||-----||-----||-----||-----||-----||-----||-----||-----||-----||-----||-----||-----||-----||--
self.num_batch,  6
memory_constraint:  18.0
enter 25_backpack_
enter pubmed_
sum(estimated_mem)  0.288652628660202
len(estimated_mem)  15
grouping float:  the grouping_fanout_cora called successfully
 enter split_cora function
G_BUCKET_ID_list [[0, 7], [11, 2], [5, 13, 12], [1, 3, 10, 6, 9], [14], [8, 4]]
Groups_mem_list  [[28, 27], [37, 18], [30, 19, 6], [14, 12, 7, 4, 4], [54], [14, 9]]
G_BUCKET_ID_list length 6
backpack scheduling spend  0.0033538341522216797
current group_mem  0.055898845195770264
current group_mem  0.055193156003952026
current group_mem  0.056197911500930786
current group_mem  0.043499261140823364
current group_mem  0.05457034707069397
current group_mem  0.023293107748031616
batches output list generation spend  0.00012612342834472656
self.weights_list  [0.48333333333333334, 0.13333333333333333, 0.1, 0.2, 0.03333333333333333, 0.05]
bkt_dst_nodes_list = self.get_in_degree_bucketing() spend:  0.0007774829864501953
self.gen_batches_seeds_list(bkt_dst_nodes_list_local) spend  0.0035402774810791016
num_output  60
self.output_nids  60
output nodes length match
global output equals  True
partition total batch output list spend :  0.0055615901947021484
self.buckets_partition() spend  sec:  0.0043315887451171875
check connections block*********************************

the find indices time spent  0.0001010894775390625

in edges time spent  0.008872747421264648
local to global src and eids time spent  0.00040078163146972656
time gen tails  6.723403930664062e-05
res  length 6

block_gen_time in "generate_blocks_for_one_layer_block"  0.008884668350219727

----------------------------------------
check connections block*********************************

the find indices time spent  0.0003287792205810547

in edges time spent  0.0026750564575195312
local to global src and eids time spent  0.0013620853424072266
time gen tails  0.0002684593200683594
res  length 6

block_gen_time in "generate_blocks_for_one_layer_block"  0.009458065032958984

block collection to dataloader spend  8.821487426757812e-06
generate_dataloader_block spend   0.03946733474731445
step  0
step  1
step  2
step  3
step  4
step  5
-----------------------------------------after optimizer zero grad
 Nvidia-smi: 4.9609375 GB
    Memory Allocated: 2.0316925048828125  GigaBytes
Max Memory Allocated: 3.1584959030151367  GigaBytes

----------------------------------------------------------pseudo_mini_loss sum 1.0898408889770508
epoch time:  1.8946683406829834
Epoch 6, Learning Rate: 0.001
args.num_batch (main)  6
self.num_batch (get_in_degree_bucketing) 6
---||-----||-----||-----||-----||-----||-----||-----||-----||-----||-----||-----||-----||-----||-----||-----||-----||-----||-----||-----||--
self.num_batch,  6
memory_constraint:  18.0
enter 25_backpack_
enter pubmed_
sum(estimated_mem)  0.288652628660202
len(estimated_mem)  15
grouping float:  the grouping_fanout_cora called successfully
 enter split_cora function
G_BUCKET_ID_list [[0, 7], [11, 2], [5, 13, 12], [1, 3, 10, 6, 9], [14], [8, 4]]
Groups_mem_list  [[28, 27], [37, 18], [30, 19, 6], [14, 12, 7, 4, 4], [54], [14, 9]]
G_BUCKET_ID_list length 6
backpack scheduling spend  0.0033228397369384766
current group_mem  0.055898845195770264
current group_mem  0.055193156003952026
current group_mem  0.056197911500930786
current group_mem  0.043499261140823364
current group_mem  0.05457034707069397
current group_mem  0.023293107748031616
batches output list generation spend  0.00010347366333007812
self.weights_list  [0.48333333333333334, 0.13333333333333333, 0.1, 0.2, 0.03333333333333333, 0.05]
bkt_dst_nodes_list = self.get_in_degree_bucketing() spend:  0.0007855892181396484
self.gen_batches_seeds_list(bkt_dst_nodes_list_local) spend  0.0034868717193603516
num_output  60
self.output_nids  60
output nodes length match
global output equals  True
partition total batch output list spend :  0.005530118942260742
self.buckets_partition() spend  sec:  0.004284381866455078
check connections block*********************************

the find indices time spent  8.0108642578125e-05

in edges time spent  0.02834296226501465
local to global src and eids time spent  0.0003943443298339844
time gen tails  6.270408630371094e-05
res  length 6

block_gen_time in "generate_blocks_for_one_layer_block"  0.009082794189453125

----------------------------------------
check connections block*********************************

the find indices time spent  0.0003509521484375

in edges time spent  0.002549886703491211
local to global src and eids time spent  0.0013539791107177734
time gen tails  0.0002841949462890625
res  length 6

block_gen_time in "generate_blocks_for_one_layer_block"  0.00943446159362793

block collection to dataloader spend  8.58306884765625e-06
generate_dataloader_block spend   0.05894923210144043
step  0
step  1
step  2
step  3
step  4
step  5
-----------------------------------------after optimizer zero grad
 Nvidia-smi: 4.9609375 GB
    Memory Allocated: 2.031688690185547  GigaBytes
Max Memory Allocated: 3.1584959030151367  GigaBytes

----------------------------------------------------------pseudo_mini_loss sum 1.1047296524047852
epoch time:  1.9163413047790527
Epoch 7, Learning Rate: 0.001
args.num_batch (main)  6
self.num_batch (get_in_degree_bucketing) 6
---||-----||-----||-----||-----||-----||-----||-----||-----||-----||-----||-----||-----||-----||-----||-----||-----||-----||-----||-----||--
self.num_batch,  6
memory_constraint:  18.0
enter 25_backpack_
enter pubmed_
sum(estimated_mem)  0.288652628660202
len(estimated_mem)  15
grouping float:  the grouping_fanout_cora called successfully
 enter split_cora function
G_BUCKET_ID_list [[0, 7], [11, 2], [5, 13, 12], [1, 3, 10, 6, 9], [14], [8, 4]]
Groups_mem_list  [[28, 27], [37, 18], [30, 19, 6], [14, 12, 7, 4, 4], [54], [14, 9]]
G_BUCKET_ID_list length 6
backpack scheduling spend  0.003331422805786133
current group_mem  0.055898845195770264
current group_mem  0.055193156003952026
current group_mem  0.056197911500930786
current group_mem  0.043499261140823364
current group_mem  0.05457034707069397
current group_mem  0.023293107748031616
batches output list generation spend  0.00010895729064941406
self.weights_list  [0.48333333333333334, 0.13333333333333333, 0.1, 0.2, 0.03333333333333333, 0.05]
bkt_dst_nodes_list = self.get_in_degree_bucketing() spend:  0.00077056884765625
self.gen_batches_seeds_list(bkt_dst_nodes_list_local) spend  0.003500223159790039
num_output  60
self.output_nids  60
output nodes length match
global output equals  True
partition total batch output list spend :  0.005510568618774414
self.buckets_partition() spend  sec:  0.004283428192138672
check connections block*********************************

the find indices time spent  8.082389831542969e-05

in edges time spent  0.008411884307861328
local to global src and eids time spent  0.00039649009704589844
time gen tails  6.175041198730469e-05
res  length 6

block_gen_time in "generate_blocks_for_one_layer_block"  0.00889444351196289

----------------------------------------
check connections block*********************************

the find indices time spent  0.00039315223693847656

in edges time spent  0.002619028091430664
local to global src and eids time spent  0.0013785362243652344
time gen tails  0.0002944469451904297
res  length 6

block_gen_time in "generate_blocks_for_one_layer_block"  0.009421586990356445

block collection to dataloader spend  8.58306884765625e-06
generate_dataloader_block spend   0.038925886154174805
step  0
step  1
step  2
step  3
step  4
step  5
-----------------------------------------after optimizer zero grad
 Nvidia-smi: 4.9609375 GB
    Memory Allocated: 2.0316901206970215  GigaBytes
Max Memory Allocated: 3.1584959030151367  GigaBytes

----------------------------------------------------------pseudo_mini_loss sum 1.093228816986084
epoch time:  1.8202733993530273
Epoch 8, Learning Rate: 0.001
args.num_batch (main)  6
self.num_batch (get_in_degree_bucketing) 6
---||-----||-----||-----||-----||-----||-----||-----||-----||-----||-----||-----||-----||-----||-----||-----||-----||-----||-----||-----||--
self.num_batch,  6
memory_constraint:  18.0
enter 25_backpack_
enter pubmed_
sum(estimated_mem)  0.288652628660202
len(estimated_mem)  15
grouping float:  the grouping_fanout_cora called successfully
 enter split_cora function
G_BUCKET_ID_list [[0, 7], [11, 2], [5, 13, 12], [1, 3, 10, 6, 9], [14], [8, 4]]
Groups_mem_list  [[28, 27], [37, 18], [30, 19, 6], [14, 12, 7, 4, 4], [54], [14, 9]]
G_BUCKET_ID_list length 6
backpack scheduling spend  0.003340005874633789
current group_mem  0.055898845195770264
current group_mem  0.055193156003952026
current group_mem  0.056197911500930786
current group_mem  0.043499261140823364
current group_mem  0.05457034707069397
current group_mem  0.023293107748031616
batches output list generation spend  0.00010609626770019531
self.weights_list  [0.48333333333333334, 0.13333333333333333, 0.1, 0.2, 0.03333333333333333, 0.05]
bkt_dst_nodes_list = self.get_in_degree_bucketing() spend:  0.0007712841033935547
self.gen_batches_seeds_list(bkt_dst_nodes_list_local) spend  0.0035049915313720703
num_output  60
self.output_nids  60
output nodes length match
global output equals  True
partition total batch output list spend :  0.005514860153198242
self.buckets_partition() spend  sec:  0.0042896270751953125
check connections block*********************************

the find indices time spent  9.179115295410156e-05

in edges time spent  0.018240690231323242
local to global src and eids time spent  0.0004062652587890625
time gen tails  6.151199340820312e-05
res  length 6

block_gen_time in "generate_blocks_for_one_layer_block"  0.009087562561035156

----------------------------------------
check connections block*********************************

the find indices time spent  0.00032973289489746094

in edges time spent  0.0025298595428466797
local to global src and eids time spent  0.0013699531555175781
time gen tails  0.0002849102020263672
res  length 6

block_gen_time in "generate_blocks_for_one_layer_block"  0.00944662094116211

block collection to dataloader spend  8.58306884765625e-06
generate_dataloader_block spend   0.04884505271911621
step  0
step  1
step  2
step  3
step  4
step  5
-----------------------------------------after optimizer zero grad
 Nvidia-smi: 4.9609375 GB
    Memory Allocated: 2.031693935394287  GigaBytes
Max Memory Allocated: 3.1584959030151367  GigaBytes

----------------------------------------------------------pseudo_mini_loss sum 1.0956088304519653
epoch time:  1.856384038925171
Epoch 9, Learning Rate: 0.001
args.num_batch (main)  6
self.num_batch (get_in_degree_bucketing) 6
---||-----||-----||-----||-----||-----||-----||-----||-----||-----||-----||-----||-----||-----||-----||-----||-----||-----||-----||-----||--
self.num_batch,  6
memory_constraint:  18.0
enter 25_backpack_
enter pubmed_
sum(estimated_mem)  0.288652628660202
len(estimated_mem)  15
grouping float:  the grouping_fanout_cora called successfully
 enter split_cora function
G_BUCKET_ID_list [[0, 7], [11, 2], [5, 13, 12], [1, 3, 10, 6, 9], [14], [8, 4]]
Groups_mem_list  [[28, 27], [37, 18], [30, 19, 6], [14, 12, 7, 4, 4], [54], [14, 9]]
G_BUCKET_ID_list length 6
backpack scheduling spend  0.003337383270263672
current group_mem  0.055898845195770264
current group_mem  0.055193156003952026
current group_mem  0.056197911500930786
current group_mem  0.043499261140823364
current group_mem  0.05457034707069397
current group_mem  0.023293107748031616
batches output list generation spend  0.00010395050048828125
self.weights_list  [0.48333333333333334, 0.13333333333333333, 0.1, 0.2, 0.03333333333333333, 0.05]
bkt_dst_nodes_list = self.get_in_degree_bucketing() spend:  0.0007736682891845703
self.gen_batches_seeds_list(bkt_dst_nodes_list_local) spend  0.0035011768341064453
num_output  60
self.output_nids  60
output nodes length match
global output equals  True
partition total batch output list spend :  0.005507469177246094
self.buckets_partition() spend  sec:  0.0042879581451416016
check connections block*********************************

the find indices time spent  8.0108642578125e-05

in edges time spent  0.021766185760498047
local to global src and eids time spent  0.00041365623474121094
time gen tails  6.151199340820312e-05
res  length 6

block_gen_time in "generate_blocks_for_one_layer_block"  0.009028911590576172

----------------------------------------
check connections block*********************************

the find indices time spent  0.0003535747528076172

in edges time spent  0.0025649070739746094
local to global src and eids time spent  0.0013680458068847656
time gen tails  0.0002951622009277344
res  length 6

block_gen_time in "generate_blocks_for_one_layer_block"  0.009429216384887695

block collection to dataloader spend  8.821487426757812e-06
generate_dataloader_block spend   0.05231070518493652
step  0
step  1
step  2
step  3
step  4
step  5
-----------------------------------------after optimizer zero grad
 Nvidia-smi: 4.9609375 GB
    Memory Allocated: 2.0316905975341797  GigaBytes
Max Memory Allocated: 3.1584959030151367  GigaBytes

----------------------------------------------------------pseudo_mini_loss sum 1.1021502017974854
epoch time:  1.9044857025146484
Epoch 10, Learning Rate: 0.001
args.num_batch (main)  6
self.num_batch (get_in_degree_bucketing) 6
---||-----||-----||-----||-----||-----||-----||-----||-----||-----||-----||-----||-----||-----||-----||-----||-----||-----||-----||-----||--
self.num_batch,  6
memory_constraint:  18.0
enter 25_backpack_
enter pubmed_
sum(estimated_mem)  0.288652628660202
len(estimated_mem)  15
grouping float:  the grouping_fanout_cora called successfully
 enter split_cora function
G_BUCKET_ID_list [[0, 7], [11, 2], [5, 13, 12], [1, 3, 10, 6, 9], [14], [8, 4]]
Groups_mem_list  [[28, 27], [37, 18], [30, 19, 6], [14, 12, 7, 4, 4], [54], [14, 9]]
G_BUCKET_ID_list length 6
backpack scheduling spend  0.0033380985260009766
current group_mem  0.055898845195770264
current group_mem  0.055193156003952026
current group_mem  0.056197911500930786
current group_mem  0.043499261140823364
current group_mem  0.05457034707069397
current group_mem  0.023293107748031616
batches output list generation spend  0.00010538101196289062
self.weights_list  [0.48333333333333334, 0.13333333333333333, 0.1, 0.2, 0.03333333333333333, 0.05]
bkt_dst_nodes_list = self.get_in_degree_bucketing() spend:  0.0007710456848144531
self.gen_batches_seeds_list(bkt_dst_nodes_list_local) spend  0.003503561019897461
num_output  60
self.output_nids  60
output nodes length match
global output equals  True
partition total batch output list spend :  0.00551605224609375
self.buckets_partition() spend  sec:  0.0042874813079833984
check connections block*********************************

the find indices time spent  7.796287536621094e-05

in edges time spent  0.006894588470458984
local to global src and eids time spent  0.0003933906555175781
time gen tails  6.175041198730469e-05
res  length 6

block_gen_time in "generate_blocks_for_one_layer_block"  0.008835077285766602

----------------------------------------
check connections block*********************************

the find indices time spent  0.0003039836883544922

in edges time spent  0.0026383399963378906
local to global src and eids time spent  0.0013747215270996094
time gen tails  0.0003218650817871094
res  length 6

block_gen_time in "generate_blocks_for_one_layer_block"  0.009416341781616211

block collection to dataloader spend  8.344650268554688e-06
generate_dataloader_block spend   0.037344932556152344
step  0
step  1
step  2
step  3
step  4
step  5
-----------------------------------------after optimizer zero grad
 Nvidia-smi: 4.9609375 GB
    Memory Allocated: 2.031688690185547  GigaBytes
Max Memory Allocated: 3.158628463745117  GigaBytes

----------------------------------------------------------pseudo_mini_loss sum 1.10418701171875
epoch time:  1.8935127258300781
Total (block generation + training)time/epoch 1.886863350868225
pure train time/epoch 0.5849242607752482

num_input_list  [1673, 1703, 1703, 1689, 1695, 1678, 1689, 1696, 1692, 1714]
