main start at this time 1700869138.1492815
  NumNodes: 19717
  NumEdges: 88651
  NumFeats: 500
  NumClasses: 3
  NumTrainingSamples: 60
  NumValidationSamples: 500
  NumTestSamples: 1000
Done loading data from cached files.
success----------------------------------------
60
500
19157
# Nodes: 19717
# Edges: 88648
# Train: 60
# Val: 500
# Test: 19157
# Classes: 3

in feats:  500
self._in_src_feats,  500
self._in_dst_feats 500
Epoch 1, Learning Rate: 0.001
args.num_batch (main)  8
self.num_batch (get_in_degree_bucketing) 8
---||-----||-----||-----||-----||-----||-----||-----||-----||-----||-----||-----||-----||-----||-----||-----||-----||-----||-----||-----||--
self.num_batch,  8
memory_constraint:  18.0
enter 25_backpack_
enter pubmed_
sum(estimated_mem)  0.288652628660202
len(estimated_mem)  15
grouping float:  the grouping_fanout_cora called successfully
 enter split_cora function
!!!! len(Groups_mem_list)  6
!!!!  self.num_batch  8
G_BUCKET_ID_list [[0, 7], [11, 2], [5, 13, 12], [1, 3, 10, 6, 9], [14], [8, 4]]
Groups_mem_list  [[28, 27], [37, 18], [30, 19, 6], [14, 12, 7, 4, 4], [54], [14, 9]]
G_BUCKET_ID_list length 6
backpack scheduling spend  0.0034389495849609375
current group_mem  0.055898845195770264
current group_mem  0.055193156003952026
current group_mem  0.056197911500930786
current group_mem  0.043499261140823364
current group_mem  0.05457034707069397
current group_mem  0.023293107748031616
batches output list generation spend  0.0006954669952392578
self.weights_list  [0.48333333333333334, 0.13333333333333333, 0.1, 0.2, 0.03333333333333333, 0.05]
bkt_dst_nodes_list = self.get_in_degree_bucketing() spend:  0.0011577606201171875
self.gen_batches_seeds_list(bkt_dst_nodes_list_local) spend  0.004215240478515625
num_output  60
self.output_nids  60
output nodes length match
global output equals  True
partition total batch output list spend :  0.007088661193847656
self.buckets_partition() spend  sec:  0.005387544631958008
check connections block*********************************

the find indices time spent  8.0108642578125e-05

in edges time spent  0.013550996780395508
local to global src and eids time spent  0.0005443096160888672
time gen tails  0.00010180473327636719
res  length 6

block_gen_time in "generate_blocks_for_one_layer_block"  0.01049661636352539

----------------------------------------
check connections block*********************************

the find indices time spent  0.00036144256591796875

in edges time spent  0.0028748512268066406
local to global src and eids time spent  0.001386404037475586
time gen tails  0.0002911090850830078
res  length 6

block_gen_time in "generate_blocks_for_one_layer_block"  0.010026693344116211

block collection to dataloader spend  8.821487426757812e-06
step  0
step  1
step  2
step  3
step  4
step  5
-----------------------------------------after optimizer zero grad
 Nvidia-smi: 4.708984375 GB
    Memory Allocated: 2.031675338745117  GigaBytes
Max Memory Allocated: 3.031675338745117  GigaBytes

----------------------------------------------------------pseudo_mini_loss sum 1.101745843887329
Epoch 2, Learning Rate: 0.001
args.num_batch (main)  6
self.num_batch (get_in_degree_bucketing) 6
---||-----||-----||-----||-----||-----||-----||-----||-----||-----||-----||-----||-----||-----||-----||-----||-----||-----||-----||-----||--
self.num_batch,  6
memory_constraint:  18.0
enter 25_backpack_
enter pubmed_
sum(estimated_mem)  0.288652628660202
len(estimated_mem)  15
grouping float:  the grouping_fanout_cora called successfully
 enter split_cora function
G_BUCKET_ID_list [[0, 7], [11, 2], [5, 13, 12], [1, 3, 10, 6, 9], [14], [8, 4]]
Groups_mem_list  [[28, 27], [37, 18], [30, 19, 6], [14, 12, 7, 4, 4], [54], [14, 9]]
G_BUCKET_ID_list length 6
backpack scheduling spend  0.0033380985260009766
current group_mem  0.055898845195770264
current group_mem  0.055193156003952026
current group_mem  0.056197911500930786
current group_mem  0.043499261140823364
current group_mem  0.05457034707069397
current group_mem  0.023293107748031616
batches output list generation spend  0.00011086463928222656
self.weights_list  [0.48333333333333334, 0.13333333333333333, 0.1, 0.2, 0.03333333333333333, 0.05]
bkt_dst_nodes_list = self.get_in_degree_bucketing() spend:  0.0008099079132080078
self.gen_batches_seeds_list(bkt_dst_nodes_list_local) spend  0.0035123825073242188
num_output  60
self.output_nids  60
output nodes length match
global output equals  True
partition total batch output list spend :  0.005589485168457031
self.buckets_partition() spend  sec:  0.004334926605224609
check connections block*********************************

the find indices time spent  8.320808410644531e-05

in edges time spent  0.006719827651977539
local to global src and eids time spent  0.00043773651123046875
time gen tails  0.00010514259338378906
res  length 6

block_gen_time in "generate_blocks_for_one_layer_block"  0.008635282516479492

----------------------------------------
check connections block*********************************

the find indices time spent  0.0003249645233154297

in edges time spent  0.0034608840942382812
local to global src and eids time spent  0.0014214515686035156
time gen tails  0.00029969215393066406
res  length 6

block_gen_time in "generate_blocks_for_one_layer_block"  0.009464740753173828

block collection to dataloader spend  8.821487426757812e-06
step  0
step  1
step  2
step  3
step  4
step  5
-----------------------------------------after optimizer zero grad
 Nvidia-smi: 4.9609375 GB
    Memory Allocated: 2.031686782836914  GigaBytes
Max Memory Allocated: 3.1584386825561523  GigaBytes

----------------------------------------------------------pseudo_mini_loss sum 1.1014230251312256
Epoch 3, Learning Rate: 0.001
args.num_batch (main)  6
self.num_batch (get_in_degree_bucketing) 6
---||-----||-----||-----||-----||-----||-----||-----||-----||-----||-----||-----||-----||-----||-----||-----||-----||-----||-----||-----||--
self.num_batch,  6
memory_constraint:  18.0
enter 25_backpack_
enter pubmed_
sum(estimated_mem)  0.288652628660202
len(estimated_mem)  15
grouping float:  the grouping_fanout_cora called successfully
 enter split_cora function
G_BUCKET_ID_list [[0, 7], [11, 2], [5, 13, 12], [1, 3, 10, 6, 9], [14], [8, 4]]
Groups_mem_list  [[28, 27], [37, 18], [30, 19, 6], [14, 12, 7, 4, 4], [54], [14, 9]]
G_BUCKET_ID_list length 6
backpack scheduling spend  0.0033283233642578125
current group_mem  0.055898845195770264
current group_mem  0.055193156003952026
current group_mem  0.056197911500930786
current group_mem  0.043499261140823364
current group_mem  0.05457034707069397
current group_mem  0.023293107748031616
batches output list generation spend  0.00010585784912109375
self.weights_list  [0.48333333333333334, 0.13333333333333333, 0.1, 0.2, 0.03333333333333333, 0.05]
bkt_dst_nodes_list = self.get_in_degree_bucketing() spend:  0.0007727146148681641
self.gen_batches_seeds_list(bkt_dst_nodes_list_local) spend  0.0034942626953125
num_output  60
self.output_nids  60
output nodes length match
global output equals  True
partition total batch output list spend :  0.005552768707275391
self.buckets_partition() spend  sec:  0.0042798519134521484
check connections block*********************************

the find indices time spent  7.891654968261719e-05

in edges time spent  0.016436338424682617
local to global src and eids time spent  0.00040984153747558594
time gen tails  6.4849853515625e-05
res  length 6

block_gen_time in "generate_blocks_for_one_layer_block"  0.008806705474853516

----------------------------------------
check connections block*********************************

the find indices time spent  0.0003345012664794922

in edges time spent  0.0027065277099609375
local to global src and eids time spent  0.0014078617095947266
time gen tails  0.0003008842468261719
res  length 6

block_gen_time in "generate_blocks_for_one_layer_block"  0.009692668914794922

block collection to dataloader spend  8.821487426757812e-06
generate_dataloader_block spend   0.04729485511779785
step  0
step  1
step  2
step  3
step  4
step  5
-----------------------------------------after optimizer zero grad
 Nvidia-smi: 4.9609375 GB
    Memory Allocated: 2.0316829681396484  GigaBytes
Max Memory Allocated: 3.1584959030151367  GigaBytes

----------------------------------------------------------pseudo_mini_loss sum 1.1040005683898926
epoch time:  1.8988499641418457
Epoch 4, Learning Rate: 0.001
args.num_batch (main)  6
self.num_batch (get_in_degree_bucketing) 6
---||-----||-----||-----||-----||-----||-----||-----||-----||-----||-----||-----||-----||-----||-----||-----||-----||-----||-----||-----||--
self.num_batch,  6
memory_constraint:  18.0
enter 25_backpack_
enter pubmed_
sum(estimated_mem)  0.288652628660202
len(estimated_mem)  15
grouping float:  the grouping_fanout_cora called successfully
 enter split_cora function
G_BUCKET_ID_list [[0, 7], [11, 2], [5, 13, 12], [1, 3, 10, 6, 9], [14], [8, 4]]
Groups_mem_list  [[28, 27], [37, 18], [30, 19, 6], [14, 12, 7, 4, 4], [54], [14, 9]]
G_BUCKET_ID_list length 6
backpack scheduling spend  0.003308534622192383
current group_mem  0.055898845195770264
current group_mem  0.055193156003952026
current group_mem  0.056197911500930786
current group_mem  0.043499261140823364
current group_mem  0.05457034707069397
current group_mem  0.023293107748031616
batches output list generation spend  0.00011038780212402344
self.weights_list  [0.48333333333333334, 0.13333333333333333, 0.1, 0.2, 0.03333333333333333, 0.05]
bkt_dst_nodes_list = self.get_in_degree_bucketing() spend:  0.0007712841033935547
self.gen_batches_seeds_list(bkt_dst_nodes_list_local) spend  0.0034799575805664062
num_output  60
self.output_nids  60
output nodes length match
global output equals  True
partition total batch output list spend :  0.005481243133544922
self.buckets_partition() spend  sec:  0.004263401031494141
check connections block*********************************

the find indices time spent  7.796287536621094e-05

in edges time spent  0.014923095703125
local to global src and eids time spent  0.0004067420959472656
time gen tails  6.127357482910156e-05
res  length 6

block_gen_time in "generate_blocks_for_one_layer_block"  0.008826017379760742

----------------------------------------
check connections block*********************************

the find indices time spent  0.0003104209899902344

in edges time spent  0.0025510787963867188
local to global src and eids time spent  0.0013735294342041016
time gen tails  0.0002703666687011719
res  length 6

block_gen_time in "generate_blocks_for_one_layer_block"  0.009402275085449219

block collection to dataloader spend  8.821487426757812e-06
generate_dataloader_block spend   0.04511666297912598
step  0
step  1
step  2
step  3
step  4
step  5
-----------------------------------------after optimizer zero grad
 Nvidia-smi: 4.9609375 GB
    Memory Allocated: 2.0316829681396484  GigaBytes
Max Memory Allocated: 3.1584959030151367  GigaBytes

----------------------------------------------------------pseudo_mini_loss sum 1.1028892993927002
epoch time:  1.8995718955993652
Epoch 5, Learning Rate: 0.001
args.num_batch (main)  6
self.num_batch (get_in_degree_bucketing) 6
---||-----||-----||-----||-----||-----||-----||-----||-----||-----||-----||-----||-----||-----||-----||-----||-----||-----||-----||-----||--
self.num_batch,  6
memory_constraint:  18.0
enter 25_backpack_
enter pubmed_
sum(estimated_mem)  0.288652628660202
len(estimated_mem)  15
grouping float:  the grouping_fanout_cora called successfully
 enter split_cora function
G_BUCKET_ID_list [[0, 7], [11, 2], [5, 13, 12], [1, 3, 10, 6, 9], [14], [8, 4]]
Groups_mem_list  [[28, 27], [37, 18], [30, 19, 6], [14, 12, 7, 4, 4], [54], [14, 9]]
G_BUCKET_ID_list length 6
backpack scheduling spend  0.0033216476440429688
current group_mem  0.055898845195770264
current group_mem  0.055193156003952026
current group_mem  0.056197911500930786
current group_mem  0.043499261140823364
current group_mem  0.05457034707069397
current group_mem  0.023293107748031616
batches output list generation spend  0.00010633468627929688
self.weights_list  [0.48333333333333334, 0.13333333333333333, 0.1, 0.2, 0.03333333333333333, 0.05]
bkt_dst_nodes_list = self.get_in_degree_bucketing() spend:  0.0007750988006591797
self.gen_batches_seeds_list(bkt_dst_nodes_list_local) spend  0.00348663330078125
num_output  60
self.output_nids  60
output nodes length match
global output equals  True
partition total batch output list spend :  0.0054912567138671875
self.buckets_partition() spend  sec:  0.00427699089050293
check connections block*********************************

the find indices time spent  7.748603820800781e-05

in edges time spent  0.007133960723876953
local to global src and eids time spent  0.00038623809814453125
time gen tails  5.984306335449219e-05
res  length 6

block_gen_time in "generate_blocks_for_one_layer_block"  0.008770465850830078

----------------------------------------
check connections block*********************************

the find indices time spent  0.0002779960632324219

in edges time spent  0.0026092529296875
local to global src and eids time spent  0.0013647079467773438
time gen tails  0.0002777576446533203
res  length 6

block_gen_time in "generate_blocks_for_one_layer_block"  0.009432554244995117

block collection to dataloader spend  8.58306884765625e-06
generate_dataloader_block spend   0.03729367256164551
step  0
step  1
step  2
step  3
step  4
step  5
-----------------------------------------after optimizer zero grad
 Nvidia-smi: 4.9609375 GB
    Memory Allocated: 2.0316925048828125  GigaBytes
Max Memory Allocated: 3.1584959030151367  GigaBytes

----------------------------------------------------------pseudo_mini_loss sum 1.0898408889770508
epoch time:  1.8841240406036377
Epoch 6, Learning Rate: 0.001
args.num_batch (main)  6
self.num_batch (get_in_degree_bucketing) 6
---||-----||-----||-----||-----||-----||-----||-----||-----||-----||-----||-----||-----||-----||-----||-----||-----||-----||-----||-----||--
self.num_batch,  6
memory_constraint:  18.0
enter 25_backpack_
enter pubmed_
sum(estimated_mem)  0.288652628660202
len(estimated_mem)  15
grouping float:  the grouping_fanout_cora called successfully
 enter split_cora function
G_BUCKET_ID_list [[0, 7], [11, 2], [5, 13, 12], [1, 3, 10, 6, 9], [14], [8, 4]]
Groups_mem_list  [[28, 27], [37, 18], [30, 19, 6], [14, 12, 7, 4, 4], [54], [14, 9]]
G_BUCKET_ID_list length 6
backpack scheduling spend  0.003314971923828125
current group_mem  0.055898845195770264
current group_mem  0.055193156003952026
current group_mem  0.056197911500930786
current group_mem  0.043499261140823364
current group_mem  0.05457034707069397
current group_mem  0.023293107748031616
batches output list generation spend  0.00010561943054199219
self.weights_list  [0.48333333333333334, 0.13333333333333333, 0.1, 0.2, 0.03333333333333333, 0.05]
bkt_dst_nodes_list = self.get_in_degree_bucketing() spend:  0.0007665157318115234
self.gen_batches_seeds_list(bkt_dst_nodes_list_local) spend  0.003480195999145508
num_output  60
self.output_nids  60
output nodes length match
global output equals  True
partition total batch output list spend :  0.005472660064697266
self.buckets_partition() spend  sec:  0.0042591094970703125
check connections block*********************************

the find indices time spent  8.726119995117188e-05

in edges time spent  0.00640416145324707
local to global src and eids time spent  0.0003998279571533203
time gen tails  6.079673767089844e-05
res  length 6

block_gen_time in "generate_blocks_for_one_layer_block"  0.008745670318603516

----------------------------------------
check connections block*********************************

the find indices time spent  0.0002779960632324219

in edges time spent  0.0024709701538085938
local to global src and eids time spent  0.0013532638549804688
time gen tails  0.0002989768981933594
res  length 6

block_gen_time in "generate_blocks_for_one_layer_block"  0.009426116943359375

block collection to dataloader spend  8.344650268554688e-06
generate_dataloader_block spend   0.036444664001464844
step  0
step  1
step  2
step  3
step  4
step  5
-----------------------------------------after optimizer zero grad
 Nvidia-smi: 4.9609375 GB
    Memory Allocated: 2.031688690185547  GigaBytes
Max Memory Allocated: 3.1584959030151367  GigaBytes

----------------------------------------------------------pseudo_mini_loss sum 1.1047296524047852
epoch time:  1.8814613819122314
Epoch 7, Learning Rate: 0.001
args.num_batch (main)  6
self.num_batch (get_in_degree_bucketing) 6
---||-----||-----||-----||-----||-----||-----||-----||-----||-----||-----||-----||-----||-----||-----||-----||-----||-----||-----||-----||--
self.num_batch,  6
memory_constraint:  18.0
enter 25_backpack_
enter pubmed_
sum(estimated_mem)  0.288652628660202
len(estimated_mem)  15
grouping float:  the grouping_fanout_cora called successfully
 enter split_cora function
G_BUCKET_ID_list [[0, 7], [11, 2], [5, 13, 12], [1, 3, 10, 6, 9], [14], [8, 4]]
Groups_mem_list  [[28, 27], [37, 18], [30, 19, 6], [14, 12, 7, 4, 4], [54], [14, 9]]
G_BUCKET_ID_list length 6
backpack scheduling spend  0.003297567367553711
current group_mem  0.055898845195770264
current group_mem  0.055193156003952026
current group_mem  0.056197911500930786
current group_mem  0.043499261140823364
current group_mem  0.05457034707069397
current group_mem  0.023293107748031616
batches output list generation spend  0.00010657310485839844
self.weights_list  [0.48333333333333334, 0.13333333333333333, 0.1, 0.2, 0.03333333333333333, 0.05]
bkt_dst_nodes_list = self.get_in_degree_bucketing() spend:  0.0007905960083007812
self.gen_batches_seeds_list(bkt_dst_nodes_list_local) spend  0.003465414047241211
num_output  60
self.output_nids  60
output nodes length match
global output equals  True
partition total batch output list spend :  0.005501270294189453
self.buckets_partition() spend  sec:  0.0042688846588134766
check connections block*********************************

the find indices time spent  8.797645568847656e-05

in edges time spent  0.008714914321899414
local to global src and eids time spent  0.0004067420959472656
time gen tails  6.389617919921875e-05
res  length 6

block_gen_time in "generate_blocks_for_one_layer_block"  0.009096860885620117

----------------------------------------
check connections block*********************************

the find indices time spent  0.0002925395965576172

in edges time spent  0.002651691436767578
local to global src and eids time spent  0.0013706684112548828
time gen tails  0.0002961158752441406
res  length 6

block_gen_time in "generate_blocks_for_one_layer_block"  0.00958704948425293

block collection to dataloader spend  9.298324584960938e-06
generate_dataloader_block spend   0.03962969779968262
step  0
step  1
step  2
step  3
step  4
step  5
-----------------------------------------after optimizer zero grad
 Nvidia-smi: 4.9609375 GB
    Memory Allocated: 2.0316901206970215  GigaBytes
Max Memory Allocated: 3.1584959030151367  GigaBytes

----------------------------------------------------------pseudo_mini_loss sum 1.093228816986084
epoch time:  1.8193573951721191
Epoch 8, Learning Rate: 0.001
args.num_batch (main)  6
self.num_batch (get_in_degree_bucketing) 6
---||-----||-----||-----||-----||-----||-----||-----||-----||-----||-----||-----||-----||-----||-----||-----||-----||-----||-----||-----||--
self.num_batch,  6
memory_constraint:  18.0
enter 25_backpack_
enter pubmed_
sum(estimated_mem)  0.288652628660202
len(estimated_mem)  15
grouping float:  the grouping_fanout_cora called successfully
 enter split_cora function
G_BUCKET_ID_list [[0, 7], [11, 2], [5, 13, 12], [1, 3, 10, 6, 9], [14], [8, 4]]
Groups_mem_list  [[28, 27], [37, 18], [30, 19, 6], [14, 12, 7, 4, 4], [54], [14, 9]]
G_BUCKET_ID_list length 6
backpack scheduling spend  0.003304004669189453
current group_mem  0.055898845195770264
current group_mem  0.055193156003952026
current group_mem  0.056197911500930786
current group_mem  0.043499261140823364
current group_mem  0.05457034707069397
current group_mem  0.023293107748031616
batches output list generation spend  0.00010633468627929688
self.weights_list  [0.48333333333333334, 0.13333333333333333, 0.1, 0.2, 0.03333333333333333, 0.05]
bkt_dst_nodes_list = self.get_in_degree_bucketing() spend:  0.0007719993591308594
self.gen_batches_seeds_list(bkt_dst_nodes_list_local) spend  0.0034704208374023438
num_output  60
self.output_nids  60
output nodes length match
global output equals  True
partition total batch output list spend :  0.0054798126220703125
self.buckets_partition() spend  sec:  0.004256010055541992
check connections block*********************************

the find indices time spent  7.796287536621094e-05

in edges time spent  0.006067752838134766
local to global src and eids time spent  0.0004024505615234375
time gen tails  6.270408630371094e-05
res  length 6

block_gen_time in "generate_blocks_for_one_layer_block"  0.008788108825683594

----------------------------------------
check connections block*********************************

the find indices time spent  0.00038552284240722656

in edges time spent  0.0025892257690429688
local to global src and eids time spent  0.0013759136199951172
time gen tails  0.0002856254577636719
res  length 6

block_gen_time in "generate_blocks_for_one_layer_block"  0.00939488410949707

block collection to dataloader spend  8.58306884765625e-06
generate_dataloader_block spend   0.03637838363647461
step  0
step  1
step  2
step  3
step  4
step  5
-----------------------------------------after optimizer zero grad
 Nvidia-smi: 4.9609375 GB
    Memory Allocated: 2.031693935394287  GigaBytes
Max Memory Allocated: 3.1584959030151367  GigaBytes

----------------------------------------------------------pseudo_mini_loss sum 1.0956088304519653
epoch time:  1.8438866138458252
Epoch 9, Learning Rate: 0.001
args.num_batch (main)  6
self.num_batch (get_in_degree_bucketing) 6
---||-----||-----||-----||-----||-----||-----||-----||-----||-----||-----||-----||-----||-----||-----||-----||-----||-----||-----||-----||--
self.num_batch,  6
memory_constraint:  18.0
enter 25_backpack_
enter pubmed_
sum(estimated_mem)  0.288652628660202
len(estimated_mem)  15
grouping float:  the grouping_fanout_cora called successfully
 enter split_cora function
G_BUCKET_ID_list [[0, 7], [11, 2], [5, 13, 12], [1, 3, 10, 6, 9], [14], [8, 4]]
Groups_mem_list  [[28, 27], [37, 18], [30, 19, 6], [14, 12, 7, 4, 4], [54], [14, 9]]
G_BUCKET_ID_list length 6
backpack scheduling spend  0.0033049583435058594
current group_mem  0.055898845195770264
current group_mem  0.055193156003952026
current group_mem  0.056197911500930786
current group_mem  0.043499261140823364
current group_mem  0.05457034707069397
current group_mem  0.023293107748031616
batches output list generation spend  0.00010704994201660156
self.weights_list  [0.48333333333333334, 0.13333333333333333, 0.1, 0.2, 0.03333333333333333, 0.05]
bkt_dst_nodes_list = self.get_in_degree_bucketing() spend:  0.0007696151733398438
self.gen_batches_seeds_list(bkt_dst_nodes_list_local) spend  0.003470897674560547
num_output  60
self.output_nids  60
output nodes length match
global output equals  True
partition total batch output list spend :  0.0054819583892822266
self.buckets_partition() spend  sec:  0.004253864288330078
check connections block*********************************

the find indices time spent  7.796287536621094e-05

in edges time spent  0.0059664249420166016
local to global src and eids time spent  0.0003955364227294922
time gen tails  6.246566772460938e-05
res  length 6

block_gen_time in "generate_blocks_for_one_layer_block"  0.008798837661743164

----------------------------------------
check connections block*********************************

the find indices time spent  0.0003695487976074219

in edges time spent  0.0025823116302490234
local to global src and eids time spent  0.0013661384582519531
time gen tails  0.000293731689453125
res  length 6

block_gen_time in "generate_blocks_for_one_layer_block"  0.009405851364135742

block collection to dataloader spend  8.821487426757812e-06
generate_dataloader_block spend   0.03624439239501953
step  0
step  1
step  2
step  3
step  4
step  5
-----------------------------------------after optimizer zero grad
 Nvidia-smi: 4.9609375 GB
    Memory Allocated: 2.0316905975341797  GigaBytes
Max Memory Allocated: 3.1584959030151367  GigaBytes

----------------------------------------------------------pseudo_mini_loss sum 1.1021502017974854
epoch time:  1.8882215023040771
Epoch 10, Learning Rate: 0.001
args.num_batch (main)  6
self.num_batch (get_in_degree_bucketing) 6
---||-----||-----||-----||-----||-----||-----||-----||-----||-----||-----||-----||-----||-----||-----||-----||-----||-----||-----||-----||--
self.num_batch,  6
memory_constraint:  18.0
enter 25_backpack_
enter pubmed_
sum(estimated_mem)  0.288652628660202
len(estimated_mem)  15
grouping float:  the grouping_fanout_cora called successfully
 enter split_cora function
G_BUCKET_ID_list [[0, 7], [11, 2], [5, 13, 12], [1, 3, 10, 6, 9], [14], [8, 4]]
Groups_mem_list  [[28, 27], [37, 18], [30, 19, 6], [14, 12, 7, 4, 4], [54], [14, 9]]
G_BUCKET_ID_list length 6
backpack scheduling spend  0.0033111572265625
current group_mem  0.055898845195770264
current group_mem  0.055193156003952026
current group_mem  0.056197911500930786
current group_mem  0.043499261140823364
current group_mem  0.05457034707069397
current group_mem  0.023293107748031616
batches output list generation spend  0.00010704994201660156
self.weights_list  [0.48333333333333334, 0.13333333333333333, 0.1, 0.2, 0.03333333333333333, 0.05]
bkt_dst_nodes_list = self.get_in_degree_bucketing() spend:  0.0007700920104980469
self.gen_batches_seeds_list(bkt_dst_nodes_list_local) spend  0.0034782886505126953
num_output  60
self.output_nids  60
output nodes length match
global output equals  True
partition total batch output list spend :  0.0054891109466552734
self.buckets_partition() spend  sec:  0.004261493682861328
check connections block*********************************

the find indices time spent  7.796287536621094e-05

in edges time spent  0.011734962463378906
local to global src and eids time spent  0.0004062652587890625
time gen tails  6.103515625e-05
res  length 6

block_gen_time in "generate_blocks_for_one_layer_block"  0.008807897567749023

----------------------------------------
check connections block*********************************

the find indices time spent  0.00029158592224121094

in edges time spent  0.002641439437866211
local to global src and eids time spent  0.0013768672943115234
time gen tails  0.0002989768981933594
res  length 6

block_gen_time in "generate_blocks_for_one_layer_block"  0.009595870971679688

block collection to dataloader spend  9.059906005859375e-06
generate_dataloader_block spend   0.042285919189453125
step  0
step  1
step  2
step  3
step  4
step  5
-----------------------------------------after optimizer zero grad
 Nvidia-smi: 4.9609375 GB
    Memory Allocated: 2.031688690185547  GigaBytes
Max Memory Allocated: 3.158628463745117  GigaBytes

----------------------------------------------------------pseudo_mini_loss sum 1.10418701171875
epoch time:  1.9027082920074463
Total (block generation + training)time/epoch 1.8772718608379364
pure train time/epoch 0.5833853483200073

num_input_list  [1673, 1703, 1703, 1689, 1695, 1678, 1689, 1696, 1692, 1714]
