main start at this time 1689568600.8675044
  NumNodes: 19717
  NumEdges: 88651
  NumFeats: 500
  NumClasses: 3
  NumTrainingSamples: 60
  NumValidationSamples: 500
  NumTestSamples: 1000
Done loading data from cached files.
success----------------------------------------
60
500
19157
# Nodes: 19717
# Edges: 88648
# Train: 60
# Val: 500
# Test: 19157
# Classes: 3

in feats:  500
connection checking time:  0
block generation total time  0
step  0
----------------------------------------after batch_pred = model(blocks, batch_inputs)
 Nvidia-smi: 4.119140625 GB
    Memory Allocated: 2.523374557495117  GigaBytes
Max Memory Allocated: 2.5306077003479004  GigaBytes

----------------------------------------after loss function
 Nvidia-smi: 4.119140625 GB
    Memory Allocated: 2.52337646484375  GigaBytes
Max Memory Allocated: 2.5306077003479004  GigaBytes

pure train time  3.2372233867645264
-----------------------------------------after optimizer zero grad
 Nvidia-smi: 8.25390625 GB
    Memory Allocated: 4.606808662414551  GigaBytes
Max Memory Allocated: 5.356808662414551  GigaBytes

----------------------------------------------------------pseudo_mini_loss sum 1.0997560024261475
connection checking time:  0
block generation total time  0
step  0
----------------------------------------after batch_pred = model(blocks, batch_inputs)
 Nvidia-smi: 8.25390625 GB
    Memory Allocated: 5.97232723236084  GigaBytes
Max Memory Allocated: 5.979659557342529  GigaBytes

----------------------------------------after loss function
 Nvidia-smi: 8.25390625 GB
    Memory Allocated: 5.972329139709473  GigaBytes
Max Memory Allocated: 5.979659557342529  GigaBytes

pure train time  2.8357558250427246
-----------------------------------------after optimizer zero grad
 Nvidia-smi: 8.75390625 GB
    Memory Allocated: 4.606054782867432  GigaBytes
Max Memory Allocated: 6.966726779937744  GigaBytes

----------------------------------------------------------pseudo_mini_loss sum 1.1037365198135376
connection checking time:  0
block generation total time  0
step  0
----------------------------------------after batch_pred = model(blocks, batch_inputs)
 Nvidia-smi: 8.75390625 GB
    Memory Allocated: 5.971297264099121  GigaBytes
Max Memory Allocated: 6.966726779937744  GigaBytes

----------------------------------------after loss function
 Nvidia-smi: 8.75390625 GB
    Memory Allocated: 5.971299171447754  GigaBytes
Max Memory Allocated: 6.966726779937744  GigaBytes

pure train time  2.8352842330932617
-----------------------------------------after optimizer zero grad
 Nvidia-smi: 8.75390625 GB
    Memory Allocated: 4.606810569763184  GigaBytes
Max Memory Allocated: 6.966726779937744  GigaBytes

----------------------------------------------------------pseudo_mini_loss sum 1.0979493856430054
loading full batch data spends  0.002813577651977539
connection checking time:  0
block generation total time  0
generate_dataloader_block spend   4.506111145019531e-05
step  0
----------------------------------------after batch_pred = model(blocks, batch_inputs)
 Nvidia-smi: 8.75390625 GB
    Memory Allocated: 5.968684196472168  GigaBytes
Max Memory Allocated: 6.966726779937744  GigaBytes

----------------------------------------after loss function
 Nvidia-smi: 8.75390625 GB
    Memory Allocated: 5.968686103820801  GigaBytes
Max Memory Allocated: 6.966726779937744  GigaBytes

pure train time  2.835186004638672
-----------------------------------------after optimizer zero grad
 Nvidia-smi: 8.75390625 GB
    Memory Allocated: 4.6060309410095215  GigaBytes
Max Memory Allocated: 6.966726779937744  GigaBytes

----------------------------------------------------------pseudo_mini_loss sum 1.0955288410186768
loading full batch data spends  0.0034940242767333984
connection checking time:  0
block generation total time  0
generate_dataloader_block spend   6.151199340820312e-05
step  0
----------------------------------------after batch_pred = model(blocks, batch_inputs)
 Nvidia-smi: 8.75390625 GB
    Memory Allocated: 5.968899726867676  GigaBytes
Max Memory Allocated: 6.966726779937744  GigaBytes

----------------------------------------after loss function
 Nvidia-smi: 8.75390625 GB
    Memory Allocated: 5.968901634216309  GigaBytes
Max Memory Allocated: 6.966726779937744  GigaBytes

pure train time  2.8359062671661377
-----------------------------------------after optimizer zero grad
 Nvidia-smi: 8.75390625 GB
    Memory Allocated: 4.606808662414551  GigaBytes
Max Memory Allocated: 6.966726779937744  GigaBytes

----------------------------------------------------------pseudo_mini_loss sum 1.095270037651062
loading full batch data spends  0.0030503273010253906
connection checking time:  0
block generation total time  0
generate_dataloader_block spend   4.982948303222656e-05
step  0
----------------------------------------after batch_pred = model(blocks, batch_inputs)
 Nvidia-smi: 8.75390625 GB
    Memory Allocated: 5.972521781921387  GigaBytes
Max Memory Allocated: 6.966726779937744  GigaBytes

----------------------------------------after loss function
 Nvidia-smi: 8.75390625 GB
    Memory Allocated: 5.9725236892700195  GigaBytes
Max Memory Allocated: 6.966726779937744  GigaBytes

pure train time  2.8357961177825928
-----------------------------------------after optimizer zero grad
 Nvidia-smi: 8.75390625 GB
    Memory Allocated: 4.605941295623779  GigaBytes
Max Memory Allocated: 6.966921329498291  GigaBytes

----------------------------------------------------------pseudo_mini_loss sum 1.0987297296524048
loading full batch data spends  0.003425121307373047
connection checking time:  0
block generation total time  0
generate_dataloader_block spend   7.462501525878906e-05
step  0
----------------------------------------after batch_pred = model(blocks, batch_inputs)
 Nvidia-smi: 8.763671875 GB
    Memory Allocated: 5.964102745056152  GigaBytes
Max Memory Allocated: 6.966921329498291  GigaBytes

----------------------------------------after loss function
 Nvidia-smi: 8.763671875 GB
    Memory Allocated: 5.964104652404785  GigaBytes
Max Memory Allocated: 6.966921329498291  GigaBytes

pure train time  2.8362221717834473
-----------------------------------------after optimizer zero grad
 Nvidia-smi: 8.763671875 GB
    Memory Allocated: 4.606810569763184  GigaBytes
Max Memory Allocated: 6.966921329498291  GigaBytes

----------------------------------------------------------pseudo_mini_loss sum 1.0945124626159668
loading full batch data spends  0.003136157989501953
connection checking time:  0
block generation total time  0
generate_dataloader_block spend   4.506111145019531e-05
step  0
----------------------------------------after batch_pred = model(blocks, batch_inputs)
 Nvidia-smi: 8.763671875 GB
    Memory Allocated: 5.969510555267334  GigaBytes
Max Memory Allocated: 6.966921329498291  GigaBytes

----------------------------------------after loss function
 Nvidia-smi: 8.763671875 GB
    Memory Allocated: 5.969512462615967  GigaBytes
Max Memory Allocated: 6.966921329498291  GigaBytes

pure train time  2.8352272510528564
-----------------------------------------after optimizer zero grad
 Nvidia-smi: 8.763671875 GB
    Memory Allocated: 4.60613489151001  GigaBytes
Max Memory Allocated: 6.966921329498291  GigaBytes

----------------------------------------------------------pseudo_mini_loss sum 1.0941119194030762
loading full batch data spends  0.002900838851928711
connection checking time:  0
block generation total time  0
generate_dataloader_block spend   4.792213439941406e-05
step  0
----------------------------------------after batch_pred = model(blocks, batch_inputs)
 Nvidia-smi: 8.763671875 GB
    Memory Allocated: 5.9599761962890625  GigaBytes
Max Memory Allocated: 6.966921329498291  GigaBytes

----------------------------------------after loss function
 Nvidia-smi: 8.763671875 GB
    Memory Allocated: 5.959978103637695  GigaBytes
Max Memory Allocated: 6.966921329498291  GigaBytes

pure train time  2.8371691703796387
-----------------------------------------after optimizer zero grad
 Nvidia-smi: 8.763671875 GB
    Memory Allocated: 4.606810569763184  GigaBytes
Max Memory Allocated: 6.966921329498291  GigaBytes

----------------------------------------------------------pseudo_mini_loss sum 1.0903548002243042
loading full batch data spends  0.0029833316802978516
connection checking time:  0
block generation total time  0
generate_dataloader_block spend   4.4345855712890625e-05
step  0
----------------------------------------after batch_pred = model(blocks, batch_inputs)
 Nvidia-smi: 8.763671875 GB
    Memory Allocated: 5.967369079589844  GigaBytes
Max Memory Allocated: 6.966921329498291  GigaBytes

----------------------------------------after loss function
 Nvidia-smi: 8.763671875 GB
    Memory Allocated: 5.967370986938477  GigaBytes
Max Memory Allocated: 6.966921329498291  GigaBytes

pure train time  2.83543062210083
-----------------------------------------after optimizer zero grad
 Nvidia-smi: 8.763671875 GB
    Memory Allocated: 4.6060028076171875  GigaBytes
Max Memory Allocated: 6.966921329498291  GigaBytes

----------------------------------------------------------pseudo_mini_loss sum 1.0901293754577637
Total (block generation + training)time/epoch 3.0140083857945035
pure train time/epoch 2.8359586000442505

num_input_list  [5991, 5984, 5935, 5972, 5954, 5924, 5931, 6027, 5918, 5956]
