main start at this time 1693076998.3449411
ogbn-arxiv
# Nodes: 169343
# Edges: 2315598
# Train: 90941
# Val: 29799
# Test: 48603
# Classes: 40

in feats:  128
Convert a graph into a bidirected graph: 0.037 seconds, peak memory: 23.999 GB
Construct multi-constraint weights: 0.000 seconds, peak memory: 23.999 GB
Metis partitioning: 0.153 seconds, peak memory: 24.031 GB
Split the graph: 0.064 seconds
Construct subgraphs: 0.007 seconds
15163
15158
15154
15157
15150
15159
metis partition spend time  0.2772655487060547
The batched output nid list before graph partition
connection checking time:  3.920081377029419
block generation total time  3.4550745487213135
pure train time  4.38360857963562
-----------------------------------------after optimizer zero grad
 Nvidia-smi: 19.80859375 GB
    Memory Allocated: 0.22526168823242188  GigaBytes
Max Memory Allocated: 13.062394618988037  GigaBytes

----------------------------------------------------------pseudo_mini_loss sum 3.775737762451172
Convert a graph into a bidirected graph: 0.014 seconds, peak memory: 61.841 GB
Construct multi-constraint weights: 0.000 seconds, peak memory: 61.841 GB
Metis partitioning: 0.149 seconds, peak memory: 61.841 GB
Split the graph: 0.076 seconds
Construct subgraphs: 0.007 seconds
15163
15158
15154
15157
15150
15159
metis partition spend time  0.2577033042907715
The batched output nid list before graph partition
connection checking time:  3.916188955307007
block generation total time  3.6030821800231934
pure train time  3.999779224395752
-----------------------------------------after optimizer zero grad
 Nvidia-smi: 19.849609375 GB
    Memory Allocated: 0.22570180892944336  GigaBytes
Max Memory Allocated: 13.16459846496582  GigaBytes

----------------------------------------------------------pseudo_mini_loss sum 3.190325975418091
Convert a graph into a bidirected graph: 0.016 seconds, peak memory: 68.494 GB
Construct multi-constraint weights: 0.000 seconds, peak memory: 68.494 GB
Metis partitioning: 0.162 seconds, peak memory: 68.494 GB
Split the graph: 0.074 seconds
Construct subgraphs: 0.007 seconds
15163
15158
15154
15157
15150
15159
metis partition spend time  0.276796817779541
The batched output nid list before graph partition
connection checking time:  3.9449808597564697
block generation total time  3.6107163429260254
pure train time  3.984809398651123
-----------------------------------------after optimizer zero grad
 Nvidia-smi: 19.849609375 GB
    Memory Allocated: 0.22527694702148438  GigaBytes
Max Memory Allocated: 13.16459846496582  GigaBytes

----------------------------------------------------------pseudo_mini_loss sum 3.6095683574676514
loading full batch data spends  0.07020282745361328
Convert a graph into a bidirected graph: 0.017 seconds, peak memory: 68.538 GB
Construct multi-constraint weights: 0.000 seconds, peak memory: 68.538 GB
Metis partitioning: 0.152 seconds, peak memory: 68.538 GB
Split the graph: 0.075 seconds
Construct subgraphs: 0.004 seconds
15163
15158
15154
15157
15150
15159
metis partition spend time  0.25311851501464844
The batched output nid list before graph partition
connection checking time:  3.5556130409240723
block generation total time  3.6111273765563965
generate_dataloader_block spend   7.713053464889526
pure train time  3.9932284355163574
-----------------------------------------after optimizer zero grad
 Nvidia-smi: 21.291015625 GB
    Memory Allocated: 0.22612333297729492  GigaBytes
Max Memory Allocated: 13.16459846496582  GigaBytes

----------------------------------------------------------pseudo_mini_loss sum 3.081911087036133
loading full batch data spends  0.050638437271118164
Convert a graph into a bidirected graph: 0.015 seconds, peak memory: 70.007 GB
Construct multi-constraint weights: 0.000 seconds, peak memory: 70.007 GB
Metis partitioning: 0.148 seconds, peak memory: 70.007 GB
Split the graph: 0.086 seconds
Construct subgraphs: 0.005 seconds
15163
15158
15154
15157
15150
15159
metis partition spend time  0.262462854385376
The batched output nid list before graph partition
connection checking time:  3.6489500999450684
block generation total time  3.680185079574585
generate_dataloader_block spend   7.884487152099609
pure train time  4.000935792922974
-----------------------------------------after optimizer zero grad
 Nvidia-smi: 21.291015625 GB
    Memory Allocated: 0.22504329681396484  GigaBytes
Max Memory Allocated: 13.16459846496582  GigaBytes

----------------------------------------------------------pseudo_mini_loss sum 3.067575454711914
loading full batch data spends  0.05929970741271973
Convert a graph into a bidirected graph: 0.016 seconds, peak memory: 70.042 GB
Construct multi-constraint weights: 0.000 seconds, peak memory: 70.042 GB
Metis partitioning: 0.153 seconds, peak memory: 70.042 GB
Split the graph: 0.066 seconds
Construct subgraphs: 0.004 seconds
15163
15158
15154
15157
15150
15159
metis partition spend time  0.24776172637939453
The batched output nid list before graph partition
connection checking time:  2.1128053665161133
block generation total time  1.8569042682647705
generate_dataloader_block spend   4.520018577575684
pure train time  3.9924631118774414
-----------------------------------------after optimizer zero grad
 Nvidia-smi: 21.291015625 GB
    Memory Allocated: 0.22598600387573242  GigaBytes
Max Memory Allocated: 13.16459846496582  GigaBytes

----------------------------------------------------------pseudo_mini_loss sum 3.068028450012207
loading full batch data spends  0.05565214157104492
Convert a graph into a bidirected graph: 0.015 seconds, peak memory: 70.055 GB
Construct multi-constraint weights: 0.000 seconds, peak memory: 70.055 GB
Metis partitioning: 0.146 seconds, peak memory: 70.055 GB
Split the graph: 0.084 seconds
Construct subgraphs: 0.005 seconds
15163
15158
15154
15157
15150
15159
metis partition spend time  0.2602658271789551
The batched output nid list before graph partition
connection checking time:  3.870279550552368
block generation total time  3.5508689880371094
generate_dataloader_block spend   8.041324138641357
pure train time  3.992526054382324
-----------------------------------------after optimizer zero grad
 Nvidia-smi: 21.291015625 GB
    Memory Allocated: 0.22559833526611328  GigaBytes
Max Memory Allocated: 13.16459846496582  GigaBytes

----------------------------------------------------------pseudo_mini_loss sum 3.0291037559509277
loading full batch data spends  0.06267666816711426
Convert a graph into a bidirected graph: 0.016 seconds, peak memory: 70.055 GB
Construct multi-constraint weights: 0.000 seconds, peak memory: 70.055 GB
Metis partitioning: 0.158 seconds, peak memory: 70.055 GB
Split the graph: 0.078 seconds
Construct subgraphs: 0.004 seconds
15163
15158
15154
15157
15150
15159
metis partition spend time  0.2636561393737793
The batched output nid list before graph partition
connection checking time:  3.892841100692749
block generation total time  3.536432981491089
generate_dataloader_block spend   8.062424421310425
pure train time  3.996856212615967
-----------------------------------------after optimizer zero grad
 Nvidia-smi: 21.291015625 GB
    Memory Allocated: 0.2260150909423828  GigaBytes
Max Memory Allocated: 13.16459846496582  GigaBytes

----------------------------------------------------------pseudo_mini_loss sum 2.9609906673431396
loading full batch data spends  0.05841875076293945
Convert a graph into a bidirected graph: 0.014 seconds, peak memory: 70.056 GB
Construct multi-constraint weights: 0.000 seconds, peak memory: 70.056 GB
Metis partitioning: 0.149 seconds, peak memory: 70.056 GB
Split the graph: 0.049 seconds
Construct subgraphs: 0.004 seconds
15163
15158
15154
15157
15150
15159
metis partition spend time  0.22605443000793457
The batched output nid list before graph partition
connection checking time:  3.8623266220092773
block generation total time  3.6028006076812744
generate_dataloader_block spend   8.048022508621216
pure train time  3.994718551635742
-----------------------------------------after optimizer zero grad
 Nvidia-smi: 21.291015625 GB
    Memory Allocated: 0.22602605819702148  GigaBytes
Max Memory Allocated: 13.16459846496582  GigaBytes

----------------------------------------------------------pseudo_mini_loss sum 2.870673179626465
loading full batch data spends  0.04162883758544922
Convert a graph into a bidirected graph: 0.018 seconds, peak memory: 70.077 GB
Construct multi-constraint weights: 0.000 seconds, peak memory: 70.077 GB
Metis partitioning: 0.144 seconds, peak memory: 70.077 GB
Split the graph: 0.066 seconds
Construct subgraphs: 0.006 seconds
15163
15158
15154
15157
15150
15159
metis partition spend time  0.24668169021606445
The batched output nid list before graph partition
connection checking time:  3.923631191253662
block generation total time  3.570646047592163
generate_dataloader_block spend   8.113599300384521
pure train time  3.9968881607055664
-----------------------------------------after optimizer zero grad
 Nvidia-smi: 21.291015625 GB
    Memory Allocated: 0.2257862091064453  GigaBytes
Max Memory Allocated: 13.16459846496582  GigaBytes

----------------------------------------------------------pseudo_mini_loss sum 2.7689366340637207
Total (block generation + training)time/epoch 12.447835649762835
pure train time/epoch 3.995731314023336

mean number of num_input_list  792567.0
