main start at this time 1691289310.4669487
ogbn-arxiv
# Nodes: 169343
# Edges: 2315598
# Train: 90941
# Val: 29799
# Test: 48603
# Classes: 40

in feats:  128
Convert a graph into a bidirected graph: 0.037 seconds, peak memory: 24.060 GB
Construct multi-constraint weights: 0.000 seconds, peak memory: 24.060 GB
Metis partitioning: 0.144 seconds, peak memory: 24.088 GB
Split the graph: 0.078 seconds
Construct subgraphs: 0.003 seconds
22735
22736
22737
22733
The batched output nid list before graph partition
connection checking time:  3.2760493755340576
block generation total time  3.1064624786376953
pure train time  4.069084405899048
-----------------------------------------after optimizer zero grad
 Nvidia-smi: 21.998046875 GB
    Memory Allocated: 0.23325777053833008  GigaBytes
Max Memory Allocated: 18.13802480697632  GigaBytes

----------------------------------------------------------pseudo_mini_loss sum 3.7759313583374023
Convert a graph into a bidirected graph: 0.015 seconds, peak memory: 58.631 GB
Construct multi-constraint weights: 0.000 seconds, peak memory: 58.631 GB
Metis partitioning: 0.136 seconds, peak memory: 58.631 GB
Split the graph: 0.103 seconds
Construct subgraphs: 0.006 seconds
22735
22736
22737
22733
The batched output nid list before graph partition
connection checking time:  3.2478787899017334
block generation total time  2.9975550174713135
pure train time  3.7876713275909424
-----------------------------------------after optimizer zero grad
 Nvidia-smi: 22.455078125 GB
    Memory Allocated: 0.23319149017333984  GigaBytes
Max Memory Allocated: 18.247695922851562  GigaBytes

----------------------------------------------------------pseudo_mini_loss sum 3.1919894218444824
Convert a graph into a bidirected graph: 0.017 seconds, peak memory: 69.084 GB
Construct multi-constraint weights: 0.000 seconds, peak memory: 69.084 GB
Metis partitioning: 0.141 seconds, peak memory: 69.084 GB
Split the graph: 0.086 seconds
Construct subgraphs: 0.006 seconds
22735
22736
22737
22733
The batched output nid list before graph partition
connection checking time:  3.249149799346924
block generation total time  2.966892719268799
pure train time  3.6543970108032227
-----------------------------------------after optimizer zero grad
 Nvidia-smi: 22.455078125 GB
    Memory Allocated: 0.23295211791992188  GigaBytes
Max Memory Allocated: 18.247695922851562  GigaBytes

----------------------------------------------------------pseudo_mini_loss sum 3.6019091606140137
loading full batch data spends  0.06545233726501465
Convert a graph into a bidirected graph: 0.017 seconds, peak memory: 72.503 GB
Construct multi-constraint weights: 0.000 seconds, peak memory: 72.503 GB
Metis partitioning: 0.143 seconds, peak memory: 72.503 GB
Split the graph: 0.075 seconds
Construct subgraphs: 0.004 seconds
22735
22736
22737
22733
The batched output nid list before graph partition
connection checking time:  3.201550006866455
block generation total time  2.9415760040283203
generate_dataloader_block spend   6.770044565200806
pure train time  3.6554832458496094
-----------------------------------------after optimizer zero grad
 Nvidia-smi: 22.455078125 GB
    Memory Allocated: 0.23286104202270508  GigaBytes
Max Memory Allocated: 18.247695922851562  GigaBytes

----------------------------------------------------------pseudo_mini_loss sum 3.0850727558135986
loading full batch data spends  0.062241554260253906
Convert a graph into a bidirected graph: 0.020 seconds, peak memory: 72.505 GB
Construct multi-constraint weights: 0.000 seconds, peak memory: 72.505 GB
Metis partitioning: 0.141 seconds, peak memory: 72.505 GB
Split the graph: 0.067 seconds
Construct subgraphs: 0.004 seconds
22735
22736
22737
22733
The batched output nid list before graph partition
connection checking time:  3.165111541748047
block generation total time  2.9538516998291016
generate_dataloader_block spend   6.763124465942383
pure train time  3.6808714866638184
-----------------------------------------after optimizer zero grad
 Nvidia-smi: 22.455078125 GB
    Memory Allocated: 0.23296070098876953  GigaBytes
Max Memory Allocated: 18.247695922851562  GigaBytes

----------------------------------------------------------pseudo_mini_loss sum 3.0668466091156006
Total (block generation + training)time/epoch 11.312919616699219
pure train time/epoch 3.6808714866638184

mean number of num_input_list  572224.2
