main start at this time 1693076862.3864381
ogbn-arxiv
# Nodes: 169343
# Edges: 2315598
# Train: 90941
# Val: 29799
# Test: 48603
# Classes: 40

in feats:  128
Convert a graph into a bidirected graph: 0.039 seconds, peak memory: 23.998 GB
Construct multi-constraint weights: 0.000 seconds, peak memory: 23.998 GB
Metis partitioning: 0.155 seconds, peak memory: 24.021 GB
Split the graph: 0.073 seconds
Construct subgraphs: 0.007 seconds
18192
18189
18193
18155
18212
metis partition spend time  0.2946333885192871
The batched output nid list before graph partition
connection checking time:  3.366384267807007
block generation total time  3.1061346530914307
pure train time  4.298664093017578
-----------------------------------------after optimizer zero grad
 Nvidia-smi: 18.126953125 GB
    Memory Allocated: 0.22881364822387695  GigaBytes
Max Memory Allocated: 15.113426685333252  GigaBytes

----------------------------------------------------------pseudo_mini_loss sum 3.7757999897003174
Convert a graph into a bidirected graph: 0.016 seconds, peak memory: 57.487 GB
Construct multi-constraint weights: 0.000 seconds, peak memory: 57.487 GB
Metis partitioning: 0.143 seconds, peak memory: 57.487 GB
Split the graph: 0.072 seconds
Construct subgraphs: 0.004 seconds
18192
18189
18193
18155
18212
metis partition spend time  0.24927568435668945
The batched output nid list before graph partition
connection checking time:  3.62873911857605
block generation total time  3.4161713123321533
pure train time  3.8138585090637207
-----------------------------------------after optimizer zero grad
 Nvidia-smi: 20.435546875 GB
    Memory Allocated: 0.22916650772094727  GigaBytes
Max Memory Allocated: 15.235970497131348  GigaBytes

----------------------------------------------------------pseudo_mini_loss sum 3.1909704208374023
Convert a graph into a bidirected graph: 0.017 seconds, peak memory: 69.318 GB
Construct multi-constraint weights: 0.000 seconds, peak memory: 69.318 GB
Metis partitioning: 0.147 seconds, peak memory: 69.318 GB
Split the graph: 0.067 seconds
Construct subgraphs: 0.005 seconds
18192
18189
18193
18155
18212
metis partition spend time  0.25145649909973145
The batched output nid list before graph partition
connection checking time:  3.573237895965576
block generation total time  3.4444351196289062
pure train time  3.801844358444214
-----------------------------------------after optimizer zero grad
 Nvidia-smi: 20.435546875 GB
    Memory Allocated: 0.22864913940429688  GigaBytes
Max Memory Allocated: 15.235970497131348  GigaBytes

----------------------------------------------------------pseudo_mini_loss sum 3.608901262283325
loading full batch data spends  0.05863547325134277
Convert a graph into a bidirected graph: 0.018 seconds, peak memory: 69.332 GB
Construct multi-constraint weights: 0.000 seconds, peak memory: 69.332 GB
Metis partitioning: 0.155 seconds, peak memory: 69.332 GB
Split the graph: 0.072 seconds
Construct subgraphs: 0.017 seconds
18192
18189
18193
18155
18212
metis partition spend time  0.272397518157959
The batched output nid list before graph partition
connection checking time:  3.6180260181427
block generation total time  3.4298410415649414
generate_dataloader_block spend   7.696659088134766
pure train time  3.8179099559783936
-----------------------------------------after optimizer zero grad
 Nvidia-smi: 20.435546875 GB
    Memory Allocated: 0.22880792617797852  GigaBytes
Max Memory Allocated: 15.235970497131348  GigaBytes

----------------------------------------------------------pseudo_mini_loss sum 3.0813114643096924
loading full batch data spends  0.06154632568359375
Convert a graph into a bidirected graph: 0.016 seconds, peak memory: 69.335 GB
Construct multi-constraint weights: 0.000 seconds, peak memory: 69.335 GB
Metis partitioning: 0.156 seconds, peak memory: 69.335 GB
Split the graph: 0.067 seconds
Construct subgraphs: 0.005 seconds
18192
18189
18193
18155
18212
metis partition spend time  0.25449109077453613
The batched output nid list before graph partition
connection checking time:  3.6145639419555664
block generation total time  3.47495698928833
generate_dataloader_block spend   7.721423864364624
pure train time  3.8406245708465576
-----------------------------------------after optimizer zero grad
 Nvidia-smi: 20.435546875 GB
    Memory Allocated: 0.22975778579711914  GigaBytes
Max Memory Allocated: 15.235970497131348  GigaBytes

----------------------------------------------------------pseudo_mini_loss sum 3.06648850440979
loading full batch data spends  0.058887481689453125
Convert a graph into a bidirected graph: 0.015 seconds, peak memory: 69.354 GB
Construct multi-constraint weights: 0.000 seconds, peak memory: 69.354 GB
Metis partitioning: 0.148 seconds, peak memory: 69.354 GB
Split the graph: 0.066 seconds
Construct subgraphs: 0.004 seconds
18192
18189
18193
18155
18212
metis partition spend time  0.24694204330444336
The batched output nid list before graph partition
connection checking time:  3.6485178470611572
block generation total time  3.3781862258911133
generate_dataloader_block spend   7.632803201675415
pure train time  3.8358259201049805
-----------------------------------------after optimizer zero grad
 Nvidia-smi: 20.435546875 GB
    Memory Allocated: 0.22959661483764648  GigaBytes
Max Memory Allocated: 15.235970497131348  GigaBytes

----------------------------------------------------------pseudo_mini_loss sum 3.0654215812683105
loading full batch data spends  0.06950712203979492
Convert a graph into a bidirected graph: 0.019 seconds, peak memory: 69.373 GB
Construct multi-constraint weights: 0.000 seconds, peak memory: 69.373 GB
Metis partitioning: 0.154 seconds, peak memory: 69.373 GB
Split the graph: 0.101 seconds
Construct subgraphs: 0.004 seconds
18192
18189
18193
18155
18212
metis partition spend time  0.28589844703674316
The batched output nid list before graph partition
connection checking time:  3.60412859916687
block generation total time  3.3469178676605225
generate_dataloader_block spend   7.604834079742432
pure train time  3.846900701522827
-----------------------------------------after optimizer zero grad
 Nvidia-smi: 20.44921875 GB
    Memory Allocated: 0.23028182983398438  GigaBytes
Max Memory Allocated: 15.235970497131348  GigaBytes

----------------------------------------------------------pseudo_mini_loss sum 3.0290346145629883
loading full batch data spends  0.06366324424743652
Convert a graph into a bidirected graph: 0.018 seconds, peak memory: 69.384 GB
Construct multi-constraint weights: 0.000 seconds, peak memory: 69.384 GB
Metis partitioning: 0.144 seconds, peak memory: 69.384 GB
Split the graph: 0.074 seconds
Construct subgraphs: 0.004 seconds
18192
18189
18193
18155
18212
metis partition spend time  0.24524974822998047
The batched output nid list before graph partition
connection checking time:  2.8827133178710938
block generation total time  3.086874008178711
generate_dataloader_block spend   6.49117112159729
pure train time  3.8424248695373535
-----------------------------------------after optimizer zero grad
 Nvidia-smi: 20.44921875 GB
    Memory Allocated: 0.2292008399963379  GigaBytes
Max Memory Allocated: 15.282702922821045  GigaBytes

----------------------------------------------------------pseudo_mini_loss sum 2.9598941802978516
loading full batch data spends  0.05414724349975586
Convert a graph into a bidirected graph: 0.014 seconds, peak memory: 69.385 GB
Construct multi-constraint weights: 0.000 seconds, peak memory: 69.385 GB
Metis partitioning: 0.140 seconds, peak memory: 69.385 GB
Split the graph: 0.068 seconds
Construct subgraphs: 0.005 seconds
18192
18189
18193
18155
18212
metis partition spend time  0.2418208122253418
The batched output nid list before graph partition
connection checking time:  3.5302278995513916
block generation total time  3.2706680297851562
generate_dataloader_block spend   7.402597427368164
pure train time  3.8515799045562744
-----------------------------------------after optimizer zero grad
 Nvidia-smi: 20.44921875 GB
    Memory Allocated: 0.2296156883239746  GigaBytes
Max Memory Allocated: 15.282702922821045  GigaBytes

----------------------------------------------------------pseudo_mini_loss sum 2.869274616241455
loading full batch data spends  0.061911821365356445
Convert a graph into a bidirected graph: 0.015 seconds, peak memory: 69.387 GB
Construct multi-constraint weights: 0.000 seconds, peak memory: 69.387 GB
Metis partitioning: 0.146 seconds, peak memory: 69.387 GB
Split the graph: 0.084 seconds
Construct subgraphs: 0.005 seconds
18192
18189
18193
18155
18212
metis partition spend time  0.2619166374206543
The batched output nid list before graph partition
connection checking time:  3.544365882873535
block generation total time  3.2959835529327393
generate_dataloader_block spend   7.463355779647827
pure train time  3.850147008895874
-----------------------------------------after optimizer zero grad
 Nvidia-smi: 20.44921875 GB
    Memory Allocated: 0.2294764518737793  GigaBytes
Max Memory Allocated: 15.282702922821045  GigaBytes

----------------------------------------------------------pseudo_mini_loss sum 2.7691409587860107
Total (block generation + training)time/epoch 12.196324927466256
pure train time/epoch 3.844583829243978

mean number of num_input_list  686830.3
