main start at this time 1688153704.826001
-----------------------------------------before load data 
 Nvidia-smi: 0.166015625 GB
    Memory Allocated: 0.0  GigaBytes
Max Memory Allocated: 0.0  GigaBytes

#nodes: 2449029
#edges: 123718024
#classes: 47
success----------------------------------------
196571
39255
2164782
# Nodes: 2400608
# Edges: 123718024
# Train: 196571
# Val: 39255
# Test: 2164782
# Classes: 47

----------------------------------------start of run function 
 Nvidia-smi: 0.166015625 GB
    Memory Allocated: 0.0  GigaBytes
Max Memory Allocated: 0.0  GigaBytes

self.global_to_local() spend sec:  0.322296142578125
len(bkt)  173
len(bkt)  221
len(bkt)  374
len(bkt)  456
len(bkt)  445
len(bkt)  550
len(bkt)  655
len(bkt)  512
len(bkt)  576
len(bkt)  640
len(bkt)  624
len(bkt)  583
len(bkt)  615
len(bkt)  695
len(bkt)  673
len(bkt)  614
len(bkt)  556
len(bkt)  604
len(bkt)  584
len(bkt)  572
len(bkt)  586
len(bkt)  592
len(bkt)  648
len(bkt)  645
len(bkt)  183378
---||-----||-----||-----||-----||-----||-----||-----||-----||-----||-----||-----||-----||-----||-----||-----||-----||-----||-----||-----||--

 the number of batches:  12
the ratio of the output nids to be processed:  0.9328843013465873
weights list of these nids:  [0.07774290205574576, 0.07774290205574576, 0.07774290205574576, 0.07774290205574576, 0.07774290205574576, 0.07774290205574576, 0.07774290205574576, 0.07774290205574576, 0.07774290205574576, 0.07774290205574576, 0.07774290205574576, 0.07771237873338387]
check_connections_block*********************************
dst_nid_list  [142928, 165022, 70663, 82506, 33441, 50729, 71803, 175954, 106779, 146894]
step start 0
local_output_nid  [17265, 167397, 194156, 131428, 119300, 527, 41885, 76166, 110629, 167829]
mini_batch_src_local length 370229
index dict gen time  0.07896780967712402
sorted nids time  0.5525679588317871
remove duplicated time  0.16225290298461914
sort by local index time  0.24910902976989746
get mini_batch_src_local time  0.0035479068756103516
mini_batch_src_local after dict 275830
step start 1
local_output_nid  [95914, 94509, 42601, 36388, 69414, 187728, 186802, 34934, 175749, 122979]
mini_batch_src_local length 370022
index dict gen time  0.0894317626953125
sorted nids time  0.5591080188751221
remove duplicated time  0.1731579303741455
sort by local index time  0.26140809059143066
get mini_batch_src_local time  0.0037376880645751953
mini_batch_src_local after dict 276118
step start 2
local_output_nid  [84105, 78271, 191582, 164343, 187814, 149721, 79890, 146553, 165430, 117690]
mini_batch_src_local length 370156
index dict gen time  0.06656956672668457
sorted nids time  0.559718132019043
remove duplicated time  0.1732938289642334
sort by local index time  0.26308441162109375
get mini_batch_src_local time  0.0038475990295410156
mini_batch_src_local after dict 275501
step start 3
local_output_nid  [72106, 177141, 186022, 2985, 61485, 51755, 49569, 95328, 21234, 22918]
mini_batch_src_local length 370193
index dict gen time  0.07043147087097168
sorted nids time  0.5588047504425049
remove duplicated time  0.1739945411682129
sort by local index time  0.26323819160461426
get mini_batch_src_local time  0.003762483596801758
mini_batch_src_local after dict 275470
step start 4
local_output_nid  [118219, 75805, 173093, 163370, 149625, 26257, 192918, 126993, 89396, 9244]
mini_batch_src_local length 370290
index dict gen time  0.06557679176330566
sorted nids time  0.5566802024841309
remove duplicated time  0.17421770095825195
sort by local index time  0.263258695602417
get mini_batch_src_local time  0.0037539005279541016
mini_batch_src_local after dict 276239
step start 5
local_output_nid  [92392, 181394, 191659, 93909, 163584, 43374, 83542, 188821, 85122, 66376]
mini_batch_src_local length 369870
index dict gen time  0.07446455955505371
sorted nids time  0.5630338191986084
remove duplicated time  0.17624258995056152
sort by local index time  0.2660226821899414
get mini_batch_src_local time  0.0038840770721435547
mini_batch_src_local after dict 276001
step start 6
local_output_nid  [139394, 85403, 27404, 49036, 65087, 65481, 177937, 190456, 186284, 89718]
mini_batch_src_local length 370818
index dict gen time  0.06897974014282227
sorted nids time  0.5704500675201416
remove duplicated time  0.17607879638671875
sort by local index time  0.2692539691925049
get mini_batch_src_local time  0.00420379638671875
mini_batch_src_local after dict 276952
step start 7
local_output_nid  [67429, 84152, 125386, 43985, 143021, 151788, 58411, 128668, 30921, 7678]
mini_batch_src_local length 370255
index dict gen time  0.06949400901794434
sorted nids time  0.5712099075317383
remove duplicated time  0.17752766609191895
sort by local index time  0.26996660232543945
get mini_batch_src_local time  0.004228830337524414
mini_batch_src_local after dict 275686
step start 8
local_output_nid  [86383, 138908, 22681, 194255, 15258, 86082, 72867, 175386, 195424, 57988]
mini_batch_src_local length 369841
index dict gen time  0.07364130020141602
sorted nids time  0.5808577537536621
remove duplicated time  0.17561101913452148
sort by local index time  0.2728078365325928
get mini_batch_src_local time  0.00454258918762207
mini_batch_src_local after dict 275767
step start 9
local_output_nid  [9460, 36229, 74771, 187060, 120409, 43159, 177845, 108066, 51786, 96701]
mini_batch_src_local length 370497
index dict gen time  0.07104325294494629
sorted nids time  0.5790472030639648
remove duplicated time  0.1757357120513916
sort by local index time  0.2720601558685303
get mini_batch_src_local time  0.004603385925292969
mini_batch_src_local after dict 275013
step start 10
local_output_nid  [89984, 136853, 194719, 110907, 90807, 129763, 78131, 14010, 45460, 62239]
mini_batch_src_local length 370803
index dict gen time  0.07093548774719238
sorted nids time  0.579575777053833
remove duplicated time  0.17614412307739258
sort by local index time  0.27292323112487793
get mini_batch_src_local time  0.0046346187591552734
mini_batch_src_local after dict 276214
step start 11
local_output_nid  [185102, 2271, 140725, 125770, 106384, 152393, 173951, 164540, 122128, 32013]
mini_batch_src_local length 370872
index dict gen time  0.0728309154510498
sorted nids time  0.585120439529419
remove duplicated time  0.17571043968200684
sort by local index time  0.2748422622680664
get mini_batch_src_local time  0.00471949577331543
mini_batch_src_local after dict 276654
