main start at this time 1691461563.3406172
ogbn-arxiv
# Nodes: 169343
# Edges: 2315598
# Train: 90941
# Val: 29799
# Test: 48603
# Classes: 40

in feats:  128
REG start----................................
Convert a graph into a bidirected graph: 1.377 seconds, peak memory: 27.381 GB
Construct multi-constraint weights: 0.000 seconds, peak memory: 27.381 GB
Metis partitioning: 6.208 seconds, peak memory: 28.104 GB
Split the graph: 1.415 seconds
Construct subgraphs: 0.120 seconds
REG metis partition end ----................................
REG construction  time spent:  3.648592948913574
pure dgl.metis_partition the time spent:  9.136482954025269
connection checking time:  2.388176202774048
block generation total time  2.3927247524261475
epoch,  0
pure train time  5.633650541305542
-----------------------------------------after optimizer zero grad
 Nvidia-smi: 10.21484375 GB
    Memory Allocated: 0.1797041893005371  GigaBytes
Max Memory Allocated: 6.502181529998779  GigaBytes

----------------------------------------------------------pseudo_mini_loss sum 3.7764556407928467
REG start----................................
Convert a graph into a bidirected graph: 1.381 seconds, peak memory: 53.025 GB
Construct multi-constraint weights: 0.000 seconds, peak memory: 53.025 GB
Metis partitioning: 6.694 seconds, peak memory: 53.758 GB
Split the graph: 1.556 seconds
Construct subgraphs: 0.160 seconds
REG metis partition end ----................................
REG construction  time spent:  3.9092490673065186
pure dgl.metis_partition the time spent:  9.806962966918945
connection checking time:  2.4853909015655518
block generation total time  2.423936128616333
epoch,  1
pure train time  5.220279693603516
-----------------------------------------after optimizer zero grad
 Nvidia-smi: 11.1484375 GB
    Memory Allocated: 0.17926597595214844  GigaBytes
Max Memory Allocated: 7.331606864929199  GigaBytes

----------------------------------------------------------pseudo_mini_loss sum 3.1919286251068115
REG start----................................
Convert a graph into a bidirected graph: 1.327 seconds, peak memory: 61.604 GB
Construct multi-constraint weights: 0.000 seconds, peak memory: 61.604 GB
Metis partitioning: 6.581 seconds, peak memory: 62.273 GB
Split the graph: 1.743 seconds
Construct subgraphs: 0.121 seconds
REG metis partition end ----................................
REG construction  time spent:  3.8854997158050537
pure dgl.metis_partition the time spent:  9.788079023361206
connection checking time:  2.7058889865875244
block generation total time  2.4183807373046875
epoch,  2
pure train time  5.213512182235718
-----------------------------------------after optimizer zero grad
 Nvidia-smi: 11.177734375 GB
    Memory Allocated: 0.18550491333007812  GigaBytes
Max Memory Allocated: 7.331606864929199  GigaBytes

----------------------------------------------------------pseudo_mini_loss sum 3.604402542114258
loading full batch data spends  0.0942990779876709
REG start----................................
Convert a graph into a bidirected graph: 1.310 seconds, peak memory: 62.451 GB
Construct multi-constraint weights: 0.000 seconds, peak memory: 62.451 GB
Metis partitioning: 6.561 seconds, peak memory: 62.451 GB
Split the graph: 1.402 seconds
Construct subgraphs: 0.123 seconds
REG metis partition end ----................................
REG construction  time spent:  3.8729851245880127
pure dgl.metis_partition the time spent:  9.41306734085083
connection checking time:  2.7259814739227295
block generation total time  2.3774383068084717
generate_dataloader_block spend   19.061408758163452
epoch,  3
pure train time  5.304518938064575
-----------------------------------------after optimizer zero grad
 Nvidia-smi: 11.177734375 GB
    Memory Allocated: 0.17866134643554688  GigaBytes
Max Memory Allocated: 7.331606864929199  GigaBytes

----------------------------------------------------------pseudo_mini_loss sum 3.0820915699005127
loading full batch data spends  0.08569002151489258
REG start----................................
Convert a graph into a bidirected graph: 1.347 seconds, peak memory: 62.574 GB
Construct multi-constraint weights: 0.000 seconds, peak memory: 62.574 GB
Metis partitioning: 6.895 seconds, peak memory: 62.574 GB
Split the graph: 1.612 seconds
Construct subgraphs: 0.119 seconds
REG metis partition end ----................................
REG construction  time spent:  4.031416416168213
pure dgl.metis_partition the time spent:  9.991201400756836
connection checking time:  2.002882242202759
block generation total time  2.4719693660736084
generate_dataloader_block spend   19.162198543548584
epoch,  4
pure train time  5.1713831424713135
-----------------------------------------after optimizer zero grad
 Nvidia-smi: 11.177734375 GB
    Memory Allocated: 0.1790623664855957  GigaBytes
Max Memory Allocated: 7.331606864929199  GigaBytes

----------------------------------------------------------pseudo_mini_loss sum 3.06838059425354
loading full batch data spends  0.12087488174438477
REG start----................................
Convert a graph into a bidirected graph: 1.507 seconds, peak memory: 62.623 GB
Construct multi-constraint weights: 0.000 seconds, peak memory: 62.623 GB
Metis partitioning: 6.490 seconds, peak memory: 62.623 GB
Split the graph: 1.272 seconds
Construct subgraphs: 0.126 seconds
REG metis partition end ----................................
REG construction  time spent:  3.808009386062622
pure dgl.metis_partition the time spent:  9.41344141960144
connection checking time:  2.561119556427002
block generation total time  2.4464478492736816
generate_dataloader_block spend   18.85141921043396
epoch,  5
pure train time  5.230312347412109
-----------------------------------------after optimizer zero grad
 Nvidia-smi: 11.177734375 GB
    Memory Allocated: 0.1829071044921875  GigaBytes
Max Memory Allocated: 7.331606864929199  GigaBytes

----------------------------------------------------------pseudo_mini_loss sum 3.067729949951172
loading full batch data spends  0.07384181022644043
REG start----................................
Convert a graph into a bidirected graph: 1.371 seconds, peak memory: 62.623 GB
Construct multi-constraint weights: 0.000 seconds, peak memory: 62.623 GB
Metis partitioning: 6.657 seconds, peak memory: 62.623 GB
Split the graph: 1.191 seconds
Construct subgraphs: 0.135 seconds
REG metis partition end ----................................
REG construction  time spent:  3.873424530029297
pure dgl.metis_partition the time spent:  9.37000560760498
connection checking time:  2.904899835586548
block generation total time  2.490952253341675
generate_dataloader_block spend   19.28759527206421
epoch,  6
pure train time  5.188152074813843
-----------------------------------------after optimizer zero grad
 Nvidia-smi: 11.177734375 GB
    Memory Allocated: 0.18625497817993164  GigaBytes
Max Memory Allocated: 7.331606864929199  GigaBytes

----------------------------------------------------------pseudo_mini_loss sum 3.030730724334717
loading full batch data spends  0.07540655136108398
REG start----................................
Convert a graph into a bidirected graph: 1.381 seconds, peak memory: 62.623 GB
Construct multi-constraint weights: 0.000 seconds, peak memory: 62.623 GB
Metis partitioning: 7.052 seconds, peak memory: 62.623 GB
Split the graph: 1.332 seconds
Construct subgraphs: 0.148 seconds
REG metis partition end ----................................
REG construction  time spent:  3.6467928886413574
pure dgl.metis_partition the time spent:  9.944768190383911
connection checking time:  2.8386857509613037
block generation total time  2.464331865310669
generate_dataloader_block spend   19.482671976089478
epoch,  7
pure train time  5.296839237213135
-----------------------------------------after optimizer zero grad
 Nvidia-smi: 11.177734375 GB
    Memory Allocated: 0.1829838752746582  GigaBytes
Max Memory Allocated: 7.334339618682861  GigaBytes

----------------------------------------------------------pseudo_mini_loss sum 2.9587018489837646
loading full batch data spends  0.0844569206237793
REG start----................................
Convert a graph into a bidirected graph: 1.338 seconds, peak memory: 62.623 GB
Construct multi-constraint weights: 0.000 seconds, peak memory: 62.623 GB
Metis partitioning: 6.855 seconds, peak memory: 62.623 GB
Split the graph: 1.371 seconds
Construct subgraphs: 0.134 seconds
REG metis partition end ----................................
REG construction  time spent:  3.87789249420166
pure dgl.metis_partition the time spent:  9.713813066482544
connection checking time:  2.530432939529419
block generation total time  2.4606428146362305
generate_dataloader_block spend   19.170055389404297
epoch,  8
pure train time  5.247062921524048
-----------------------------------------after optimizer zero grad
 Nvidia-smi: 11.177734375 GB
    Memory Allocated: 0.16910076141357422  GigaBytes
Max Memory Allocated: 7.3422064781188965  GigaBytes

----------------------------------------------------------pseudo_mini_loss sum 2.8698689937591553
loading full batch data spends  0.0743560791015625
REG start----................................
Convert a graph into a bidirected graph: 1.367 seconds, peak memory: 62.702 GB
Construct multi-constraint weights: 0.000 seconds, peak memory: 62.702 GB
Metis partitioning: 7.003 seconds, peak memory: 62.702 GB
Split the graph: 1.008 seconds
Construct subgraphs: 0.136 seconds
REG metis partition end ----................................
REG construction  time spent:  3.8608977794647217
pure dgl.metis_partition the time spent:  9.532043933868408
connection checking time:  2.7889223098754883
block generation total time  2.4530348777770996
generate_dataloader_block spend   19.336215019226074
epoch,  9
pure train time  5.215906381607056
-----------------------------------------after optimizer zero grad
 Nvidia-smi: 11.177734375 GB
    Memory Allocated: 0.1778264045715332  GigaBytes
Max Memory Allocated: 7.3422064781188965  GigaBytes

----------------------------------------------------------pseudo_mini_loss sum 2.7677202224731445
loading full batch data spends  0.07759928703308105
REG start----................................
Convert a graph into a bidirected graph: 1.352 seconds, peak memory: 62.702 GB
Construct multi-constraint weights: 0.000 seconds, peak memory: 62.702 GB
Metis partitioning: 7.029 seconds, peak memory: 62.702 GB
Split the graph: 1.499 seconds
Construct subgraphs: 0.144 seconds
REG metis partition end ----................................
REG construction  time spent:  3.271925210952759
pure dgl.metis_partition the time spent:  10.04097843170166
connection checking time:  2.4762258529663086
block generation total time  2.471322536468506
generate_dataloader_block spend   18.869157075881958
epoch,  10
pure train time  5.284746170043945
-----------------------------------------after optimizer zero grad
 Nvidia-smi: 11.177734375 GB
    Memory Allocated: 0.18250751495361328  GigaBytes
Max Memory Allocated: 7.3422064781188965  GigaBytes

----------------------------------------------------------pseudo_mini_loss sum 2.6732754707336426
loading full batch data spends  0.0779263973236084
REG start----................................
Convert a graph into a bidirected graph: 1.345 seconds, peak memory: 62.702 GB
Construct multi-constraint weights: 0.000 seconds, peak memory: 62.702 GB
Metis partitioning: 7.229 seconds, peak memory: 62.702 GB
Split the graph: 1.614 seconds
Construct subgraphs: 0.128 seconds
REG metis partition end ----................................
REG construction  time spent:  4.010619878768921
pure dgl.metis_partition the time spent:  10.333720922470093
connection checking time:  2.9285101890563965
block generation total time  2.478329658508301
generate_dataloader_block spend   20.459308624267578
epoch,  11
pure train time  5.2968831062316895
-----------------------------------------after optimizer zero grad
 Nvidia-smi: 11.177734375 GB
    Memory Allocated: 0.18271303176879883  GigaBytes
Max Memory Allocated: 7.3422064781188965  GigaBytes

----------------------------------------------------------pseudo_mini_loss sum 2.6070399284362793
loading full batch data spends  0.08114290237426758
REG start----................................
Convert a graph into a bidirected graph: 1.303 seconds, peak memory: 62.702 GB
Construct multi-constraint weights: 0.000 seconds, peak memory: 62.702 GB
Metis partitioning: 7.027 seconds, peak memory: 62.702 GB
Split the graph: 1.701 seconds
Construct subgraphs: 0.144 seconds
REG metis partition end ----................................
REG construction  time spent:  4.178941965103149
pure dgl.metis_partition the time spent:  10.191800594329834
connection checking time:  2.7100353240966797
block generation total time  2.415323257446289
generate_dataloader_block spend   20.21289849281311
epoch,  12
pure train time  5.310457468032837
-----------------------------------------after optimizer zero grad
 Nvidia-smi: 11.177734375 GB
    Memory Allocated: 0.1824169158935547  GigaBytes
Max Memory Allocated: 7.3422064781188965  GigaBytes

----------------------------------------------------------pseudo_mini_loss sum 2.559264659881592
loading full batch data spends  0.08318924903869629
REG start----................................
Convert a graph into a bidirected graph: 1.382 seconds, peak memory: 62.702 GB
Construct multi-constraint weights: 0.000 seconds, peak memory: 62.702 GB
Metis partitioning: 6.951 seconds, peak memory: 62.702 GB
Split the graph: 1.406 seconds
Construct subgraphs: 0.134 seconds
REG metis partition end ----................................
REG construction  time spent:  4.121417999267578
pure dgl.metis_partition the time spent:  9.889729499816895
connection checking time:  2.8222296237945557
block generation total time  2.4229519367218018
generate_dataloader_block spend   19.930142879486084
epoch,  13
pure train time  5.299015760421753
-----------------------------------------after optimizer zero grad
 Nvidia-smi: 11.177734375 GB
    Memory Allocated: 0.1737055778503418  GigaBytes
Max Memory Allocated: 7.3422064781188965  GigaBytes

----------------------------------------------------------pseudo_mini_loss sum 2.4745616912841797
loading full batch data spends  0.10697579383850098
REG start----................................
Convert a graph into a bidirected graph: 1.335 seconds, peak memory: 62.702 GB
Construct multi-constraint weights: 0.000 seconds, peak memory: 62.702 GB
Metis partitioning: 7.212 seconds, peak memory: 62.702 GB
Split the graph: 1.647 seconds
Construct subgraphs: 0.132 seconds
REG metis partition end ----................................
REG construction  time spent:  3.8272030353546143
pure dgl.metis_partition the time spent:  10.341942548751831
connection checking time:  2.487222909927368
block generation total time  2.4008636474609375
generate_dataloader_block spend   19.681362867355347
epoch,  14
pure train time  5.2312912940979
-----------------------------------------after optimizer zero grad
 Nvidia-smi: 12.126953125 GB
    Memory Allocated: 0.1793689727783203  GigaBytes
Max Memory Allocated: 7.5911335945129395  GigaBytes

----------------------------------------------------------pseudo_mini_loss sum 2.399505615234375
loading full batch data spends  0.07608938217163086
REG start----................................
Convert a graph into a bidirected graph: 1.321 seconds, peak memory: 62.782 GB
Construct multi-constraint weights: 0.000 seconds, peak memory: 62.782 GB
Metis partitioning: 6.982 seconds, peak memory: 63.517 GB
Split the graph: 1.197 seconds
Construct subgraphs: 0.131 seconds
REG metis partition end ----................................
REG construction  time spent:  3.3330109119415283
pure dgl.metis_partition the time spent:  9.647016525268555
connection checking time:  2.6590349674224854
block generation total time  2.487637996673584
generate_dataloader_block spend   18.691640377044678
epoch,  15
pure train time  5.2900145053863525
-----------------------------------------after optimizer zero grad
 Nvidia-smi: 12.126953125 GB
    Memory Allocated: 0.1873760223388672  GigaBytes
Max Memory Allocated: 7.5911335945129395  GigaBytes

----------------------------------------------------------pseudo_mini_loss sum 2.3212056159973145
loading full batch data spends  0.07428383827209473
REG start----................................
Convert a graph into a bidirected graph: 1.331 seconds, peak memory: 63.610 GB
Construct multi-constraint weights: 0.000 seconds, peak memory: 63.610 GB
Metis partitioning: 7.168 seconds, peak memory: 63.610 GB
Split the graph: 1.264 seconds
Construct subgraphs: 0.162 seconds
REG metis partition end ----................................
REG construction  time spent:  3.870342493057251
pure dgl.metis_partition the time spent:  9.941863536834717
connection checking time:  2.427182674407959
block generation total time  2.1409060955047607
generate_dataloader_block spend   18.969980239868164
epoch,  16
pure train time  5.218823432922363
-----------------------------------------after optimizer zero grad
 Nvidia-smi: 12.13671875 GB
    Memory Allocated: 0.18209457397460938  GigaBytes
Max Memory Allocated: 7.5911335945129395  GigaBytes

----------------------------------------------------------pseudo_mini_loss sum 2.249559164047241
loading full batch data spends  0.09401631355285645
REG start----................................
Convert a graph into a bidirected graph: 1.322 seconds, peak memory: 63.610 GB
Construct multi-constraint weights: 0.000 seconds, peak memory: 63.610 GB
Metis partitioning: 7.104 seconds, peak memory: 63.610 GB
Split the graph: 0.963 seconds
Construct subgraphs: 0.144 seconds
REG metis partition end ----................................
REG construction  time spent:  4.021263122558594
pure dgl.metis_partition the time spent:  9.553563594818115
connection checking time:  2.812441825866699
block generation total time  2.460357427597046
generate_dataloader_block spend   19.562302350997925
epoch,  17
pure train time  5.294753074645996
-----------------------------------------after optimizer zero grad
 Nvidia-smi: 12.13671875 GB
    Memory Allocated: 0.16286659240722656  GigaBytes
Max Memory Allocated: 7.5911335945129395  GigaBytes

----------------------------------------------------------pseudo_mini_loss sum 2.1962857246398926
loading full batch data spends  0.07143425941467285
REG start----................................
Convert a graph into a bidirected graph: 1.320 seconds, peak memory: 63.610 GB
Construct multi-constraint weights: 0.000 seconds, peak memory: 63.610 GB
Metis partitioning: 7.238 seconds, peak memory: 63.610 GB
Split the graph: 1.553 seconds
Construct subgraphs: 0.141 seconds
REG metis partition end ----................................
REG construction  time spent:  4.0007734298706055
pure dgl.metis_partition the time spent:  10.270082473754883
connection checking time:  2.6642210483551025
block generation total time  2.3324508666992188
generate_dataloader_block spend   19.9422025680542
epoch,  18
pure train time  5.207204103469849
-----------------------------------------after optimizer zero grad
 Nvidia-smi: 12.13671875 GB
    Memory Allocated: 0.18054676055908203  GigaBytes
Max Memory Allocated: 7.5911335945129395  GigaBytes

----------------------------------------------------------pseudo_mini_loss sum 2.147522211074829
loading full batch data spends  0.0952005386352539
REG start----................................
Convert a graph into a bidirected graph: 1.297 seconds, peak memory: 63.610 GB
Construct multi-constraint weights: 0.000 seconds, peak memory: 63.610 GB
Metis partitioning: 6.910 seconds, peak memory: 63.610 GB
Split the graph: 1.384 seconds
Construct subgraphs: 0.141 seconds
REG metis partition end ----................................
REG construction  time spent:  3.9036149978637695
pure dgl.metis_partition the time spent:  9.747597694396973
connection checking time:  2.8337905406951904
block generation total time  2.4707210063934326
generate_dataloader_block spend   19.581197023391724
epoch,  19
pure train time  5.293488264083862
-----------------------------------------after optimizer zero grad
 Nvidia-smi: 12.13671875 GB
    Memory Allocated: 0.1593308448791504  GigaBytes
Max Memory Allocated: 7.5911335945129395  GigaBytes

----------------------------------------------------------pseudo_mini_loss sum 2.086412191390991
Total (block generation + training)time/epoch 25.823064411387723
pure train time/epoch 5.260330009460449

num_input_list  [586320, 578952, 586691, 588891, 578832, 596549, 624627, 599330, 602447, 589171, 598574, 593356, 584418, 594518, 571632, 608744, 602862, 598971, 577407, 601061]
