main start at this time 1700859873.5970197
  NumNodes: 2708
  NumEdges: 10556
  NumFeats: 1433
  NumClasses: 7
  NumTrainingSamples: 140
  NumValidationSamples: 500
  NumTestSamples: 1000
Done loading data from cached files.
success----------------------------------------
140
500
2068
# Nodes: 2708
# Edges: 10556
# Train: 140
# Val: 500
# Test: 2068
# Classes: 7

in feats:  1433
self._in_src_feats,  1433
self._in_dst_feats 1433
Epoch 1, Learning Rate: 0.001
----------------------------------------------------------loss  0
-----------------------------------------after optimizer zero grad
 Nvidia-smi: 1.853515625 GB
    Memory Allocated: 0.15444564819335938  GigaBytes
Max Memory Allocated: 0.2891225814819336  GigaBytes

Epoch 2, Learning Rate: 0.001
----------------------------------------------------------loss  0
-----------------------------------------after optimizer zero grad
 Nvidia-smi: 1.958984375 GB
    Memory Allocated: 0.1544933319091797  GigaBytes
Max Memory Allocated: 0.40190553665161133  GigaBytes

Epoch 3, Learning Rate: 0.001
----------------------------------------------------------loss  0
-----------------------------------------after optimizer zero grad
 Nvidia-smi: 1.9765625 GB
    Memory Allocated: 0.1545734405517578  GigaBytes
Max Memory Allocated: 0.40474939346313477  GigaBytes

Epoch 4, Learning Rate: 0.001
----------------------------------------------------------loss  0
-----------------------------------------after optimizer zero grad
 Nvidia-smi: 1.9765625 GB
    Memory Allocated: 0.1545548439025879  GigaBytes
Max Memory Allocated: 0.4048728942871094  GigaBytes

epoch time :  0.13434600830078125
Epoch 5, Learning Rate: 0.001
----------------------------------------------------------loss  0
-----------------------------------------after optimizer zero grad
 Nvidia-smi: 1.9765625 GB
    Memory Allocated: 0.15457630157470703  GigaBytes
Max Memory Allocated: 0.4048728942871094  GigaBytes

epoch time :  0.13834762573242188
Epoch 6, Learning Rate: 0.001
----------------------------------------------------------loss  0
-----------------------------------------after optimizer zero grad
 Nvidia-smi: 1.9765625 GB
    Memory Allocated: 0.15453624725341797  GigaBytes
Max Memory Allocated: 0.4048728942871094  GigaBytes

epoch time :  0.12996244430541992
Epoch 7, Learning Rate: 0.001
----------------------------------------------------------loss  0
-----------------------------------------after optimizer zero grad
 Nvidia-smi: 1.9765625 GB
    Memory Allocated: 0.1545734405517578  GigaBytes
Max Memory Allocated: 0.4048728942871094  GigaBytes

epoch time :  0.13479304313659668
Epoch 8, Learning Rate: 0.001
----------------------------------------------------------loss  0
-----------------------------------------after optimizer zero grad
 Nvidia-smi: 1.9765625 GB
    Memory Allocated: 0.15454673767089844  GigaBytes
Max Memory Allocated: 0.4048728942871094  GigaBytes

epoch time :  0.13184213638305664
Epoch 9, Learning Rate: 0.001
----------------------------------------------------------loss  0
-----------------------------------------after optimizer zero grad
 Nvidia-smi: 1.9765625 GB
    Memory Allocated: 0.1545734405517578  GigaBytes
Max Memory Allocated: 0.4048728942871094  GigaBytes

epoch time :  0.13191652297973633
Epoch 10, Learning Rate: 0.001
----------------------------------------------------------loss  0
-----------------------------------------after optimizer zero grad
 Nvidia-smi: 1.9765625 GB
    Memory Allocated: 0.15444564819335938  GigaBytes
Max Memory Allocated: 0.4048728942871094  GigaBytes

epoch time :  0.13518881797790527
Total (block generation + training)time/epoch 0.13376893315996444
pure train time/epoch nan

num_input_list  []
