main start at this time 1693513994.3466887
#nodes: 2449029
#edges: 123718024
#classes: 47
success----------------------------------------
196571
39255
2164782
# Nodes: 2400608
# Edges: 123718024
# Train: 196571
# Val: 39255
# Test: 2164782
# Classes: 47

in feats:  100
REG start----................................
Convert a graph into a bidirected graph: 3.226 seconds, peak memory: 34.209 GB
Construct multi-constraint weights: 0.000 seconds, peak memory: 34.209 GB
Metis partitioning: 13.847 seconds, peak memory: 35.338 GB
Split the graph: 1.190 seconds
Construct subgraphs: 0.035 seconds
REG metis partition end ----................................
REG construction  time spent:  14.222546100616455
pure dgl.metis_partition the time spent:  18.32525658607483

block_gen_time in "generate_blocks_for_one_layer_block"  5.120819807052612


block_gen_time in "generate_blocks_for_one_layer_block"  17.54541826248169

connection checking time:  23.681445121765137
block generation total time  22.6662380695343
pure train time  4.138095378875732
-----------------------------------------after optimizer zero grad
 Nvidia-smi: 22.701171875 GB
    Memory Allocated: 0.2848811149597168  GigaBytes
Max Memory Allocated: 9.357125282287598  GigaBytes

----------------------------------------------------------pseudo_mini_loss sum 5.202029228210449
REG start----................................
Convert a graph into a bidirected graph: 3.167 seconds, peak memory: 83.864 GB
Construct multi-constraint weights: 0.000 seconds, peak memory: 83.864 GB
Metis partitioning: 14.608 seconds, peak memory: 84.988 GB
Split the graph: 1.251 seconds
Construct subgraphs: 0.746 seconds
REG metis partition end ----................................
REG construction  time spent:  13.35010051727295
pure dgl.metis_partition the time spent:  19.79686188697815

block_gen_time in "generate_blocks_for_one_layer_block"  5.046529054641724


block_gen_time in "generate_blocks_for_one_layer_block"  16.903101682662964

connection checking time:  23.398536682128906
block generation total time  21.949630737304688
pure train time  3.81234073638916
-----------------------------------------after optimizer zero grad
 Nvidia-smi: 22.701171875 GB
    Memory Allocated: 0.2753925323486328  GigaBytes
Max Memory Allocated: 9.357125282287598  GigaBytes

----------------------------------------------------------pseudo_mini_loss sum 4.9036173820495605
REG start----................................
Convert a graph into a bidirected graph: 2.662 seconds, peak memory: 86.250 GB
Construct multi-constraint weights: 0.000 seconds, peak memory: 86.250 GB
Metis partitioning: 14.799 seconds, peak memory: 86.250 GB
Split the graph: 1.129 seconds
Construct subgraphs: 0.519 seconds
REG metis partition end ----................................
REG construction  time spent:  13.0259428024292
pure dgl.metis_partition the time spent:  19.1345272064209

block_gen_time in "generate_blocks_for_one_layer_block"  4.933236360549927


block_gen_time in "generate_blocks_for_one_layer_block"  16.83509922027588

connection checking time:  23.72021746635437
block generation total time  21.768335580825806
pure train time  3.792551040649414
-----------------------------------------after optimizer zero grad
 Nvidia-smi: 23.564453125 GB
    Memory Allocated: 0.2855095863342285  GigaBytes
Max Memory Allocated: 9.357125282287598  GigaBytes

----------------------------------------------------------pseudo_mini_loss sum 4.595203399658203
loading full batch data spends  0.8974874019622803
REG start----................................
Convert a graph into a bidirected graph: 3.070 seconds, peak memory: 86.816 GB
Construct multi-constraint weights: 0.000 seconds, peak memory: 86.816 GB
Metis partitioning: 14.921 seconds, peak memory: 86.816 GB
Split the graph: 1.088 seconds
Construct subgraphs: 0.701 seconds
REG metis partition end ----................................
REG construction  time spent:  13.128443717956543
pure dgl.metis_partition the time spent:  19.80730366706848

block_gen_time in "generate_blocks_for_one_layer_block"  4.987833738327026


block_gen_time in "generate_blocks_for_one_layer_block"  16.57381558418274

connection checking time:  23.494611263275146
block generation total time  21.561649322509766
generate_dataloader_block spend   82.25005912780762
pure train time  3.8042562007904053
-----------------------------------------after optimizer zero grad
 Nvidia-smi: 23.564453125 GB
    Memory Allocated: 0.2643742561340332  GigaBytes
Max Memory Allocated: 9.357125282287598  GigaBytes

----------------------------------------------------------pseudo_mini_loss sum 4.303618431091309
loading full batch data spends  0.9417815208435059
REG start----................................
Convert a graph into a bidirected graph: 3.298 seconds, peak memory: 87.789 GB
Construct multi-constraint weights: 0.000 seconds, peak memory: 87.789 GB
Metis partitioning: 15.398 seconds, peak memory: 87.789 GB
Split the graph: 0.855 seconds
Construct subgraphs: 0.567 seconds
REG metis partition end ----................................
REG construction  time spent:  13.2267005443573
pure dgl.metis_partition the time spent:  20.145469427108765

block_gen_time in "generate_blocks_for_one_layer_block"  4.971818923950195


block_gen_time in "generate_blocks_for_one_layer_block"  16.709628582000732

connection checking time:  23.59959101676941
block generation total time  21.681447505950928
generate_dataloader_block spend   83.08214092254639
pure train time  3.8110241889953613
-----------------------------------------after optimizer zero grad
 Nvidia-smi: 23.576171875 GB
    Memory Allocated: 0.2671785354614258  GigaBytes
Max Memory Allocated: 9.357125282287598  GigaBytes

----------------------------------------------------------pseudo_mini_loss sum 4.037830829620361
loading full batch data spends  0.9300937652587891
REG start----................................
Convert a graph into a bidirected graph: 3.140 seconds, peak memory: 87.935 GB
Construct multi-constraint weights: 0.000 seconds, peak memory: 87.935 GB
Metis partitioning: 15.175 seconds, peak memory: 87.935 GB
Split the graph: 1.050 seconds
Construct subgraphs: 0.723 seconds
REG metis partition end ----................................
REG construction  time spent:  13.548890590667725
pure dgl.metis_partition the time spent:  20.114723443984985

block_gen_time in "generate_blocks_for_one_layer_block"  4.925309419631958


block_gen_time in "generate_blocks_for_one_layer_block"  16.62017321586609

connection checking time:  23.155025005340576
block generation total time  21.545482635498047
generate_dataloader_block spend   82.61902856826782
pure train time  3.805210828781128
-----------------------------------------after optimizer zero grad
 Nvidia-smi: 23.576171875 GB
    Memory Allocated: 0.26210641860961914  GigaBytes
Max Memory Allocated: 9.357125282287598  GigaBytes

----------------------------------------------------------pseudo_mini_loss sum 3.802819013595581
loading full batch data spends  0.9437108039855957
REG start----................................
Convert a graph into a bidirected graph: 3.126 seconds, peak memory: 88.216 GB
Construct multi-constraint weights: 0.000 seconds, peak memory: 88.216 GB
Metis partitioning: 15.750 seconds, peak memory: 88.216 GB
Split the graph: 1.194 seconds
Construct subgraphs: 0.724 seconds
REG metis partition end ----................................
REG construction  time spent:  13.424465417861938
pure dgl.metis_partition the time spent:  20.82044243812561

block_gen_time in "generate_blocks_for_one_layer_block"  4.992312669754028


block_gen_time in "generate_blocks_for_one_layer_block"  16.893678426742554

connection checking time:  23.76742911338806
block generation total time  21.885991096496582
generate_dataloader_block spend   84.25595688819885
pure train time  4.217700242996216
-----------------------------------------after optimizer zero grad
 Nvidia-smi: 11.26953125 GB
    Memory Allocated: 0.27025318145751953  GigaBytes
Max Memory Allocated: 9.546488761901855  GigaBytes

----------------------------------------------------------pseudo_mini_loss sum 3.6190106868743896
loading full batch data spends  0.8734035491943359
REG start----................................
Convert a graph into a bidirected graph: 3.077 seconds, peak memory: 88.216 GB
Construct multi-constraint weights: 0.000 seconds, peak memory: 88.216 GB
Metis partitioning: 15.704 seconds, peak memory: 88.216 GB
Split the graph: 1.060 seconds
Construct subgraphs: 0.474 seconds
REG metis partition end ----................................
REG construction  time spent:  13.244234323501587
pure dgl.metis_partition the time spent:  20.339277744293213

block_gen_time in "generate_blocks_for_one_layer_block"  4.93165135383606


block_gen_time in "generate_blocks_for_one_layer_block"  9.705315113067627

connection checking time:  20.652050495147705
block generation total time  14.636966466903687
generate_dataloader_block spend   73.12547564506531
pure train time  3.7912847995758057
-----------------------------------------after optimizer zero grad
 Nvidia-smi: 11.412109375 GB
    Memory Allocated: 0.2715926170349121  GigaBytes
Max Memory Allocated: 9.546488761901855  GigaBytes

----------------------------------------------------------pseudo_mini_loss sum 3.485203266143799
loading full batch data spends  0.9274868965148926
REG start----................................
Convert a graph into a bidirected graph: 3.163 seconds, peak memory: 88.216 GB
Construct multi-constraint weights: 0.000 seconds, peak memory: 88.216 GB
Metis partitioning: 15.686 seconds, peak memory: 88.216 GB
Split the graph: 0.971 seconds
Construct subgraphs: 0.723 seconds
REG metis partition end ----................................
REG construction  time spent:  13.543208360671997
pure dgl.metis_partition the time spent:  20.569099187850952

block_gen_time in "generate_blocks_for_one_layer_block"  4.991015911102295


block_gen_time in "generate_blocks_for_one_layer_block"  17.717679500579834

connection checking time:  24.15499711036682
block generation total time  22.70869541168213
generate_dataloader_block spend   85.3854968547821
pure train time  3.869245767593384
-----------------------------------------after optimizer zero grad
 Nvidia-smi: 11.892578125 GB
    Memory Allocated: 0.2794632911682129  GigaBytes
Max Memory Allocated: 9.546488761901855  GigaBytes

----------------------------------------------------------pseudo_mini_loss sum 3.367652177810669
loading full batch data spends  0.9199635982513428
REG start----................................
Convert a graph into a bidirected graph: 3.104 seconds, peak memory: 88.216 GB
Construct multi-constraint weights: 0.000 seconds, peak memory: 88.216 GB
Metis partitioning: 15.604 seconds, peak memory: 88.216 GB
Split the graph: 1.017 seconds
Construct subgraphs: 0.731 seconds
REG metis partition end ----................................
REG construction  time spent:  13.44936227798462
pure dgl.metis_partition the time spent:  20.484012603759766

block_gen_time in "generate_blocks_for_one_layer_block"  4.98352575302124


block_gen_time in "generate_blocks_for_one_layer_block"  17.003533124923706

connection checking time:  23.781978368759155
block generation total time  21.987058877944946
generate_dataloader_block spend   84.04028177261353
pure train time  3.8118813037872314
-----------------------------------------after optimizer zero grad
 Nvidia-smi: 11.904296875 GB
    Memory Allocated: 0.27780818939208984  GigaBytes
Max Memory Allocated: 9.546488761901855  GigaBytes

----------------------------------------------------------pseudo_mini_loss sum 3.2466328144073486
Total (block generation + training)time/epoch 88.26678442955017
pure train time/epoch 3.884391188621521

num_input_list  [5281756, 5295711, 5317027, 5181320, 5253031, 5198392, 5295105, 5171805, 5360032, 5367314]
