main start at this time 1693514910.4177392
#nodes: 2449029
#edges: 123718024
#classes: 47
success----------------------------------------
196571
39255
2164782
# Nodes: 2400608
# Edges: 123718024
# Train: 196571
# Val: 39255
# Test: 2164782
# Classes: 47

in feats:  100
REG start----................................
Convert a graph into a bidirected graph: 3.170 seconds, peak memory: 34.210 GB
Construct multi-constraint weights: 0.000 seconds, peak memory: 34.210 GB
Metis partitioning: 14.856 seconds, peak memory: 35.338 GB
Split the graph: 1.329 seconds
Construct subgraphs: 0.022 seconds
REG metis partition end ----................................
REG construction  time spent:  11.79129672050476
pure dgl.metis_partition the time spent:  19.408846378326416

block_gen_time in "generate_blocks_for_one_layer_block"  5.738946914672852


block_gen_time in "generate_blocks_for_one_layer_block"  16.79831051826477

connection checking time:  23.165517330169678
block generation total time  22.537257432937622
pure train time  4.406357288360596
-----------------------------------------after optimizer zero grad
 Nvidia-smi: 18.578125 GB
    Memory Allocated: 0.2681550979614258  GigaBytes
Max Memory Allocated: 8.721862316131592  GigaBytes

----------------------------------------------------------pseudo_mini_loss sum 5.213018894195557
REG start----................................
Convert a graph into a bidirected graph: 2.549 seconds, peak memory: 78.366 GB
Construct multi-constraint weights: 0.000 seconds, peak memory: 78.366 GB
Metis partitioning: 15.007 seconds, peak memory: 79.497 GB
Split the graph: 1.123 seconds
Construct subgraphs: 0.471 seconds
REG metis partition end ----................................
REG construction  time spent:  12.991495132446289
pure dgl.metis_partition the time spent:  19.174731969833374

block_gen_time in "generate_blocks_for_one_layer_block"  4.997512102127075


block_gen_time in "generate_blocks_for_one_layer_block"  16.929091453552246

connection checking time:  23.72098135948181
block generation total time  21.92660355567932
pure train time  4.089223384857178
-----------------------------------------after optimizer zero grad
 Nvidia-smi: 18.578125 GB
    Memory Allocated: 0.22069168090820312  GigaBytes
Max Memory Allocated: 8.721862316131592  GigaBytes

----------------------------------------------------------pseudo_mini_loss sum 4.891008377075195
REG start----................................
Convert a graph into a bidirected graph: 3.062 seconds, peak memory: 80.730 GB
Construct multi-constraint weights: 0.000 seconds, peak memory: 80.730 GB
Metis partitioning: 14.906 seconds, peak memory: 80.730 GB
Split the graph: 0.874 seconds
Construct subgraphs: 0.555 seconds
REG metis partition end ----................................
REG construction  time spent:  13.211037158966064
pure dgl.metis_partition the time spent:  19.42243003845215

block_gen_time in "generate_blocks_for_one_layer_block"  4.925237655639648


block_gen_time in "generate_blocks_for_one_layer_block"  17.1445369720459

connection checking time:  23.642298936843872
block generation total time  22.069774627685547
pure train time  4.045370578765869
-----------------------------------------after optimizer zero grad
 Nvidia-smi: 18.578125 GB
    Memory Allocated: 0.21679306030273438  GigaBytes
Max Memory Allocated: 8.721862316131592  GigaBytes

----------------------------------------------------------pseudo_mini_loss sum 4.598292350769043
loading full batch data spends  0.7952063083648682
REG start----................................
Convert a graph into a bidirected graph: 3.021 seconds, peak memory: 81.662 GB
Construct multi-constraint weights: 0.000 seconds, peak memory: 81.662 GB
Metis partitioning: 14.911 seconds, peak memory: 81.662 GB
Split the graph: 0.925 seconds
Construct subgraphs: 0.561 seconds
REG metis partition end ----................................
REG construction  time spent:  13.693645000457764
pure dgl.metis_partition the time spent:  19.444143295288086

block_gen_time in "generate_blocks_for_one_layer_block"  4.9350996017456055


block_gen_time in "generate_blocks_for_one_layer_block"  11.924753189086914

connection checking time:  23.550174236297607
block generation total time  16.85985279083252
generate_dataloader_block spend   77.64961814880371
pure train time  3.9280965328216553
-----------------------------------------after optimizer zero grad
 Nvidia-smi: 18.578125 GB
    Memory Allocated: 0.2557682991027832  GigaBytes
Max Memory Allocated: 8.721862316131592  GigaBytes

----------------------------------------------------------pseudo_mini_loss sum 4.314507007598877
loading full batch data spends  0.8298690319061279
REG start----................................
Convert a graph into a bidirected graph: 3.032 seconds, peak memory: 81.662 GB
Construct multi-constraint weights: 0.000 seconds, peak memory: 81.662 GB
Metis partitioning: 15.154 seconds, peak memory: 81.662 GB
Split the graph: 0.986 seconds
Construct subgraphs: 0.749 seconds
REG metis partition end ----................................
REG construction  time spent:  13.309768915176392
pure dgl.metis_partition the time spent:  19.947376251220703

block_gen_time in "generate_blocks_for_one_layer_block"  5.526236295700073


block_gen_time in "generate_blocks_for_one_layer_block"  17.528101682662964

connection checking time:  24.439024448394775
block generation total time  23.054337978363037
generate_dataloader_block spend   85.19802832603455
pure train time  4.103836297988892
-----------------------------------------after optimizer zero grad
 Nvidia-smi: 18.583984375 GB
    Memory Allocated: 0.25214052200317383  GigaBytes
Max Memory Allocated: 8.721862316131592  GigaBytes

----------------------------------------------------------pseudo_mini_loss sum 4.038427829742432
loading full batch data spends  0.8944351673126221
REG start----................................
Convert a graph into a bidirected graph: 3.011 seconds, peak memory: 81.662 GB
Construct multi-constraint weights: 0.000 seconds, peak memory: 81.662 GB
Metis partitioning: 15.461 seconds, peak memory: 81.662 GB
Split the graph: 0.892 seconds
Construct subgraphs: 0.511 seconds
REG metis partition end ----................................
REG construction  time spent:  13.482077360153198
pure dgl.metis_partition the time spent:  19.899253606796265

block_gen_time in "generate_blocks_for_one_layer_block"  4.997451066970825


block_gen_time in "generate_blocks_for_one_layer_block"  16.51693820953369

connection checking time:  23.398937463760376
block generation total time  21.514389276504517
generate_dataloader_block spend   82.45762586593628
pure train time  4.049121141433716
-----------------------------------------after optimizer zero grad
 Nvidia-smi: 18.583984375 GB
    Memory Allocated: 0.21850347518920898  GigaBytes
Max Memory Allocated: 8.721862316131592  GigaBytes

----------------------------------------------------------pseudo_mini_loss sum 3.794415235519409
loading full batch data spends  0.8159449100494385
REG start----................................
Convert a graph into a bidirected graph: 3.094 seconds, peak memory: 81.662 GB
Construct multi-constraint weights: 0.000 seconds, peak memory: 81.662 GB
Metis partitioning: 15.424 seconds, peak memory: 81.662 GB
Split the graph: 0.875 seconds
Construct subgraphs: 0.797 seconds
REG metis partition end ----................................
REG construction  time spent:  13.314818620681763
pure dgl.metis_partition the time spent:  20.217332124710083

block_gen_time in "generate_blocks_for_one_layer_block"  4.99970006942749


block_gen_time in "generate_blocks_for_one_layer_block"  17.902448177337646

connection checking time:  24.36833930015564
block generation total time  22.902148246765137
generate_dataloader_block spend   85.19559264183044
pure train time  4.146569490432739
-----------------------------------------after optimizer zero grad
 Nvidia-smi: 18.59765625 GB
    Memory Allocated: 0.2622551918029785  GigaBytes
Max Memory Allocated: 8.721862316131592  GigaBytes

----------------------------------------------------------pseudo_mini_loss sum 3.617607593536377
loading full batch data spends  0.94754958152771
REG start----................................
Convert a graph into a bidirected graph: 3.135 seconds, peak memory: 81.874 GB
Construct multi-constraint weights: 0.000 seconds, peak memory: 81.874 GB
Metis partitioning: 15.640 seconds, peak memory: 81.874 GB
Split the graph: 0.881 seconds
Construct subgraphs: 0.566 seconds
REG metis partition end ----................................
REG construction  time spent:  13.249797105789185
pure dgl.metis_partition the time spent:  20.24752402305603

block_gen_time in "generate_blocks_for_one_layer_block"  4.973295211791992


block_gen_time in "generate_blocks_for_one_layer_block"  17.153815507888794

connection checking time:  23.841873168945312
block generation total time  22.127110719680786
generate_dataloader_block spend   83.83922076225281
pure train time  4.024551630020142
-----------------------------------------after optimizer zero grad
 Nvidia-smi: 18.59765625 GB
    Memory Allocated: 0.24263620376586914  GigaBytes
Max Memory Allocated: 8.721862316131592  GigaBytes

----------------------------------------------------------pseudo_mini_loss sum 3.482851266860962
loading full batch data spends  0.7443108558654785
REG start----................................
Convert a graph into a bidirected graph: 3.040 seconds, peak memory: 81.874 GB
Construct multi-constraint weights: 0.000 seconds, peak memory: 81.874 GB
Metis partitioning: 15.630 seconds, peak memory: 81.874 GB
Split the graph: 0.930 seconds
Construct subgraphs: 0.732 seconds
REG metis partition end ----................................
REG construction  time spent:  13.058872938156128
pure dgl.metis_partition the time spent:  20.358802795410156

block_gen_time in "generate_blocks_for_one_layer_block"  4.9806365966796875


block_gen_time in "generate_blocks_for_one_layer_block"  17.811140537261963

connection checking time:  25.25622272491455
block generation total time  22.79177713394165
generate_dataloader_block spend   85.95710468292236
pure train time  3.998483657836914
-----------------------------------------after optimizer zero grad
 Nvidia-smi: 18.599609375 GB
    Memory Allocated: 0.26241636276245117  GigaBytes
Max Memory Allocated: 8.721862316131592  GigaBytes

----------------------------------------------------------pseudo_mini_loss sum 3.3707237243652344
loading full batch data spends  0.7588489055633545
REG start----................................
Convert a graph into a bidirected graph: 3.135 seconds, peak memory: 81.972 GB
Construct multi-constraint weights: 0.000 seconds, peak memory: 81.972 GB
Metis partitioning: 15.867 seconds, peak memory: 81.972 GB
Split the graph: 1.033 seconds
Construct subgraphs: 0.564 seconds
REG metis partition end ----................................
REG construction  time spent:  10.704366445541382
pure dgl.metis_partition the time spent:  20.625266790390015

block_gen_time in "generate_blocks_for_one_layer_block"  4.971827268600464


block_gen_time in "generate_blocks_for_one_layer_block"  17.108991384506226

connection checking time:  23.99743890762329
block generation total time  22.08081865310669
generate_dataloader_block spend   81.73122382164001
pure train time  4.0157880783081055
-----------------------------------------after optimizer zero grad
 Nvidia-smi: 18.615234375 GB
    Memory Allocated: 0.28370189666748047  GigaBytes
Max Memory Allocated: 8.721862316131592  GigaBytes

----------------------------------------------------------pseudo_mini_loss sum 3.238853693008423
Total (block generation + training)time/epoch 89.43824900899615
pure train time/epoch 4.056391716003418

num_input_list  [5265850, 5478745, 5512554, 5444162, 5556931, 5390989, 5477281, 5436645, 5593227, 5458184]
