main start at this time 1693516770.099776
#nodes: 2449029
#edges: 123718024
#classes: 47
success----------------------------------------
196571
39255
2164782
# Nodes: 2400608
# Edges: 123718024
# Train: 196571
# Val: 39255
# Test: 2164782
# Classes: 47

in feats:  100
REG start----................................
Convert a graph into a bidirected graph: 3.063 seconds, peak memory: 34.195 GB
Construct multi-constraint weights: 0.000 seconds, peak memory: 34.195 GB
Metis partitioning: 14.807 seconds, peak memory: 35.284 GB
Split the graph: 0.974 seconds
Construct subgraphs: 0.025 seconds
REG metis partition end ----................................
REG construction  time spent:  13.346291542053223
pure dgl.metis_partition the time spent:  18.91316246986389

block_gen_time in "generate_blocks_for_one_layer_block"  5.854768991470337


block_gen_time in "generate_blocks_for_one_layer_block"  10.175179719924927

connection checking time:  17.014258861541748
block generation total time  16.029948711395264
pure train time  5.426130056381226
-----------------------------------------after optimizer zero grad
 Nvidia-smi: 12.837890625 GB
    Memory Allocated: 0.20628738403320312  GigaBytes
Max Memory Allocated: 5.745242118835449  GigaBytes

----------------------------------------------------------pseudo_mini_loss sum 5.201910972595215
REG start----................................
Convert a graph into a bidirected graph: 3.086 seconds, peak memory: 73.290 GB
Construct multi-constraint weights: 0.000 seconds, peak memory: 73.290 GB
Metis partitioning: 14.534 seconds, peak memory: 74.378 GB
Split the graph: 0.879 seconds
Construct subgraphs: 0.198 seconds
REG metis partition end ----................................
REG construction  time spent:  9.009827852249146
pure dgl.metis_partition the time spent:  18.723088264465332

block_gen_time in "generate_blocks_for_one_layer_block"  5.025634765625


block_gen_time in "generate_blocks_for_one_layer_block"  18.1958224773407

connection checking time:  18.032374382019043
block generation total time  23.2214572429657
pure train time  5.783946990966797
-----------------------------------------after optimizer zero grad
 Nvidia-smi: 13.1171875 GB
    Memory Allocated: 0.20782184600830078  GigaBytes
Max Memory Allocated: 5.786991119384766  GigaBytes

----------------------------------------------------------pseudo_mini_loss sum 4.89687442779541
REG start----................................
Convert a graph into a bidirected graph: 3.132 seconds, peak memory: 74.542 GB
Construct multi-constraint weights: 0.000 seconds, peak memory: 74.542 GB
Metis partitioning: 15.440 seconds, peak memory: 75.430 GB
Split the graph: 0.867 seconds
Construct subgraphs: 0.497 seconds
REG metis partition end ----................................
REG construction  time spent:  13.082068681716919
pure dgl.metis_partition the time spent:  19.96239709854126

block_gen_time in "generate_blocks_for_one_layer_block"  4.970682621002197


block_gen_time in "generate_blocks_for_one_layer_block"  10.382010698318481

connection checking time:  17.333008766174316
block generation total time  15.352693319320679
pure train time  5.616074085235596
-----------------------------------------after optimizer zero grad
 Nvidia-smi: 13.150390625 GB
    Memory Allocated: 0.22192907333374023  GigaBytes
Max Memory Allocated: 5.786991119384766  GigaBytes

----------------------------------------------------------pseudo_mini_loss sum 4.59688138961792
loading full batch data spends  0.8923475742340088
REG start----................................
Convert a graph into a bidirected graph: 3.135 seconds, peak memory: 75.430 GB
Construct multi-constraint weights: 0.000 seconds, peak memory: 75.430 GB
Metis partitioning: 15.256 seconds, peak memory: 75.430 GB
Split the graph: 0.944 seconds
Construct subgraphs: 0.735 seconds
REG metis partition end ----................................
REG construction  time spent:  13.2667977809906
pure dgl.metis_partition the time spent:  20.095540285110474

block_gen_time in "generate_blocks_for_one_layer_block"  5.034702777862549


block_gen_time in "generate_blocks_for_one_layer_block"  18.10615372657776

connection checking time:  25.347439765930176
block generation total time  23.140856504440308
generate_dataloader_block spend   85.90216660499573
pure train time  5.621245861053467
-----------------------------------------after optimizer zero grad
 Nvidia-smi: 13.150390625 GB
    Memory Allocated: 0.20685195922851562  GigaBytes
Max Memory Allocated: 5.786991119384766  GigaBytes

----------------------------------------------------------pseudo_mini_loss sum 4.31464958190918
loading full batch data spends  0.9414420127868652
REG start----................................
Convert a graph into a bidirected graph: 3.124 seconds, peak memory: 75.430 GB
Construct multi-constraint weights: 0.000 seconds, peak memory: 75.430 GB
Metis partitioning: 15.840 seconds, peak memory: 75.510 GB
Split the graph: 1.050 seconds
Construct subgraphs: 0.692 seconds
REG metis partition end ----................................
REG construction  time spent:  13.813133478164673
pure dgl.metis_partition the time spent:  20.732126235961914

block_gen_time in "generate_blocks_for_one_layer_block"  2.9690873622894287


block_gen_time in "generate_blocks_for_one_layer_block"  18.23798680305481

connection checking time:  23.536699056625366
block generation total time  21.20707416534424
generate_dataloader_block spend   83.4327118396759
pure train time  5.621699333190918
-----------------------------------------after optimizer zero grad
 Nvidia-smi: 15.662109375 GB
    Memory Allocated: 0.23601770401000977  GigaBytes
Max Memory Allocated: 6.0406341552734375  GigaBytes

----------------------------------------------------------pseudo_mini_loss sum 4.045820713043213
loading full batch data spends  0.8995785713195801
REG start----................................
Convert a graph into a bidirected graph: 3.147 seconds, peak memory: 77.012 GB
Construct multi-constraint weights: 0.000 seconds, peak memory: 77.012 GB
Metis partitioning: 15.902 seconds, peak memory: 78.135 GB
Split the graph: 1.187 seconds
Construct subgraphs: 0.799 seconds
REG metis partition end ----................................
REG construction  time spent:  13.557893753051758
pure dgl.metis_partition the time spent:  21.06104040145874

block_gen_time in "generate_blocks_for_one_layer_block"  4.991252422332764


block_gen_time in "generate_blocks_for_one_layer_block"  18.71726131439209

connection checking time:  25.590158700942993
block generation total time  23.708513736724854
generate_dataloader_block spend   88.16807508468628
pure train time  4.530622720718384
-----------------------------------------after optimizer zero grad
 Nvidia-smi: 15.662109375 GB
    Memory Allocated: 0.20266056060791016  GigaBytes
Max Memory Allocated: 6.0406341552734375  GigaBytes

----------------------------------------------------------pseudo_mini_loss sum 3.8040106296539307
loading full batch data spends  0.9647021293640137
REG start----................................
Convert a graph into a bidirected graph: 3.259 seconds, peak memory: 78.135 GB
Construct multi-constraint weights: 0.000 seconds, peak memory: 78.135 GB
Metis partitioning: 15.885 seconds, peak memory: 78.294 GB
Split the graph: 1.116 seconds
Construct subgraphs: 0.781 seconds
REG metis partition end ----................................
REG construction  time spent:  10.630669355392456
pure dgl.metis_partition the time spent:  21.06796431541443

block_gen_time in "generate_blocks_for_one_layer_block"  5.192887783050537


block_gen_time in "generate_blocks_for_one_layer_block"  17.765608549118042

connection checking time:  25.0647189617157
block generation total time  22.95849633216858
generate_dataloader_block spend   83.75604605674744
pure train time  5.606976509094238
-----------------------------------------after optimizer zero grad
 Nvidia-smi: 17.53125 GB
    Memory Allocated: 0.22011852264404297  GigaBytes
Max Memory Allocated: 6.205347537994385  GigaBytes

----------------------------------------------------------pseudo_mini_loss sum 3.622579336166382
loading full batch data spends  0.9254608154296875
REG start----................................
Convert a graph into a bidirected graph: 3.095 seconds, peak memory: 79.090 GB
Construct multi-constraint weights: 0.000 seconds, peak memory: 79.090 GB
Metis partitioning: 16.060 seconds, peak memory: 80.185 GB
Split the graph: 1.250 seconds
Construct subgraphs: 0.658 seconds
REG metis partition end ----................................
REG construction  time spent:  13.1020188331604
pure dgl.metis_partition the time spent:  21.08883571624756

block_gen_time in "generate_blocks_for_one_layer_block"  5.046956539154053


block_gen_time in "generate_blocks_for_one_layer_block"  18.288049936294556

connection checking time:  25.615997314453125
block generation total time  23.33500647544861
generate_dataloader_block spend   87.27847385406494
pure train time  5.615299463272095
-----------------------------------------after optimizer zero grad
 Nvidia-smi: 18.140625 GB
    Memory Allocated: 0.1870112419128418  GigaBytes
Max Memory Allocated: 6.267699718475342  GigaBytes

----------------------------------------------------------pseudo_mini_loss sum 3.4885003566741943
loading full batch data spends  0.7650320529937744
REG start----................................
Convert a graph into a bidirected graph: 3.117 seconds, peak memory: 80.185 GB
Construct multi-constraint weights: 0.000 seconds, peak memory: 80.185 GB
Metis partitioning: 16.401 seconds, peak memory: 80.855 GB
Split the graph: 1.008 seconds
Construct subgraphs: 0.520 seconds
REG metis partition end ----................................
REG construction  time spent:  13.32488465309143
pure dgl.metis_partition the time spent:  21.07174062728882

block_gen_time in "generate_blocks_for_one_layer_block"  4.965392351150513


block_gen_time in "generate_blocks_for_one_layer_block"  18.03627610206604

connection checking time:  25.107913732528687
block generation total time  23.001668453216553
generate_dataloader_block spend   86.5812578201294
pure train time  5.629741430282593
-----------------------------------------after optimizer zero grad
 Nvidia-smi: 18.14453125 GB
    Memory Allocated: 0.22574520111083984  GigaBytes
Max Memory Allocated: 6.267699718475342  GigaBytes

----------------------------------------------------------pseudo_mini_loss sum 3.371525287628174
loading full batch data spends  0.8930566310882568
REG start----................................
Convert a graph into a bidirected graph: 3.102 seconds, peak memory: 80.855 GB
Construct multi-constraint weights: 0.000 seconds, peak memory: 80.855 GB
Metis partitioning: 16.287 seconds, peak memory: 80.855 GB
Split the graph: 0.974 seconds
Construct subgraphs: 0.759 seconds
REG metis partition end ----................................
REG construction  time spent:  13.555340051651001
pure dgl.metis_partition the time spent:  21.154629468917847

block_gen_time in "generate_blocks_for_one_layer_block"  5.378891468048096


block_gen_time in "generate_blocks_for_one_layer_block"  18.435170650482178

connection checking time:  25.465110063552856
block generation total time  23.814062118530273
generate_dataloader_block spend   88.2217788696289
pure train time  5.125678062438965
-----------------------------------------after optimizer zero grad
 Nvidia-smi: 18.14453125 GB
    Memory Allocated: 0.2139439582824707  GigaBytes
Max Memory Allocated: 6.267699718475342  GigaBytes

----------------------------------------------------------pseudo_mini_loss sum 3.242699146270752
Total (block generation + training)time/epoch 94.05130239895412
pure train time/epoch 5.355002919832866

num_input_list  [6318328, 6437094, 6262501, 6326856, 6371264, 6349553, 6281053, 6369801, 6274920, 6411462]
