main start at this time 1700866824.2414117
  NumNodes: 19717
  NumEdges: 88651
  NumFeats: 500
  NumClasses: 3
  NumTrainingSamples: 60
  NumValidationSamples: 500
  NumTestSamples: 1000
Done loading data from cached files.
success----------------------------------------
60
500
19157
# Nodes: 19717
# Edges: 88648
# Train: 60
# Val: 500
# Test: 19157
# Classes: 3

in feats:  500
self._in_src_feats,  500
self._in_dst_feats 500
Epoch 1, Learning Rate: 0.001
REG start----................................
Convert a graph into a bidirected graph: 0.000 seconds, peak memory: 24.262 GB
Construct multi-constraint weights: 0.000 seconds, peak memory: 24.262 GB
Metis partitioning: 0.000 seconds, peak memory: 24.262 GB
Split the graph: 0.001 seconds
Construct subgraphs: 0.002 seconds
REG metis partition end ----................................
REG construction  time spent:  0.005857706069946289
pure dgl.metis_partition the time spent:  0.0045206546783447266

block_gen_time in "generate_blocks_for_one_layer_block"  0.00828862190246582


block_gen_time in "generate_blocks_for_one_layer_block"  0.00922536849975586

connection checking time:  0.02897930145263672
block generation total time  0.01751399040222168
generate_dataloader_block spend   0.07114768028259277
pure train time  0.8832423686981201
-----------------------------------------after optimizer zero grad
 Nvidia-smi: 4.673828125 GB
    Memory Allocated: 2.0322699546813965  GigaBytes
Max Memory Allocated: 3.0322699546813965  GigaBytes

----------------------------------------------------------pseudo_mini_loss sum 1.1027207374572754
epoch time :  2.4928669929504395
Total (block generation + training)time/epoch 2.492866277694702
pure train time/epoch nan

num_input_list  [1662]
