main start at this time 1700866668.8980627
  NumNodes: 19717
  NumEdges: 88651
  NumFeats: 500
  NumClasses: 3
  NumTrainingSamples: 60
  NumValidationSamples: 500
  NumTestSamples: 1000
Done loading data from cached files.
success----------------------------------------
60
500
19157
# Nodes: 19717
# Edges: 88648
# Train: 60
# Val: 500
# Test: 19157
# Classes: 3

in feats:  500
self._in_src_feats,  500
self._in_dst_feats 500
Epoch 1, Learning Rate: 0.001
REG start----................................
Convert a graph into a bidirected graph: 0.000 seconds, peak memory: 24.170 GB
Construct multi-constraint weights: 0.000 seconds, peak memory: 24.170 GB
Metis partitioning: 0.000 seconds, peak memory: 24.170 GB
Split the graph: 0.001 seconds
Construct subgraphs: 0.002 seconds
REG metis partition end ----................................
REG construction  time spent:  0.005639314651489258
pure dgl.metis_partition the time spent:  0.0039014816284179688

block_gen_time in "generate_blocks_for_one_layer_block"  0.007916927337646484


block_gen_time in "generate_blocks_for_one_layer_block"  0.008043050765991211

connection checking time:  0.010003328323364258
block generation total time  0.015959978103637695
generate_dataloader_block spend   0.0461268424987793
pure train time  0.8385224342346191
-----------------------------------------after optimizer zero grad
 Nvidia-smi: 4.728515625 GB
    Memory Allocated: 2.032297134399414  GigaBytes
Max Memory Allocated: 3.032297134399414  GigaBytes

----------------------------------------------------------pseudo_mini_loss sum 1.1024922132492065
epoch time :  2.269505023956299
Total (block generation + training)time/epoch 2.2695045471191406
pure train time/epoch nan

num_input_list  [1662]
