main start at this time 1700866059.9720454
  NumNodes: 19717
  NumEdges: 88651
  NumFeats: 500
  NumClasses: 3
  NumTrainingSamples: 60
  NumValidationSamples: 500
  NumTestSamples: 1000
Done loading data from cached files.
success----------------------------------------
60
500
19157
# Nodes: 19717
# Edges: 88648
# Train: 60
# Val: 500
# Test: 19157
# Classes: 3

in feats:  500
self._in_src_feats,  500
self._in_dst_feats 500
Epoch 1, Learning Rate: 0.001
REG start----................................
Convert a graph into a bidirected graph: 0.000 seconds, peak memory: 24.137 GB
Construct multi-constraint weights: 0.000 seconds, peak memory: 24.137 GB
Metis partitioning: 0.000 seconds, peak memory: 24.137 GB
Split the graph: 0.001 seconds
Construct subgraphs: 0.003 seconds
REG metis partition end ----................................
REG construction  time spent:  0.0055048465728759766
pure dgl.metis_partition the time spent:  0.005340099334716797

block_gen_time in "generate_blocks_for_one_layer_block"  0.013450860977172852


block_gen_time in "generate_blocks_for_one_layer_block"  0.013777494430541992

connection checking time:  0.022069454193115234
block generation total time  0.027228355407714844
generate_dataloader_block spend   0.09002518653869629
pure train time  1.056182861328125
-----------------------------------------after optimizer zero grad
 Nvidia-smi: 4.689453125 GB
    Memory Allocated: 2.0318241119384766  GigaBytes
Max Memory Allocated: 3.0318241119384766  GigaBytes

----------------------------------------------------------pseudo_mini_loss sum 1.1024420261383057
epoch time :  3.065117835998535
Epoch 2, Learning Rate: 0.001
REG start----................................
Convert a graph into a bidirected graph: 0.000 seconds, peak memory: 26.992 GB
Construct multi-constraint weights: 0.000 seconds, peak memory: 26.992 GB
Metis partitioning: 0.000 seconds, peak memory: 26.992 GB
Split the graph: 0.001 seconds
Construct subgraphs: 0.002 seconds
REG metis partition end ----................................
REG construction  time spent:  0.004299640655517578
pure dgl.metis_partition the time spent:  0.004412174224853516

block_gen_time in "generate_blocks_for_one_layer_block"  0.011888742446899414


block_gen_time in "generate_blocks_for_one_layer_block"  0.013267993927001953

connection checking time:  0.03870511054992676
block generation total time  0.025156736373901367
generate_dataloader_block spend   0.10871767997741699
pure train time  0.7916266918182373
-----------------------------------------after optimizer zero grad
 Nvidia-smi: 4.943359375 GB
    Memory Allocated: 2.031984329223633  GigaBytes
Max Memory Allocated: 3.124030590057373  GigaBytes

----------------------------------------------------------pseudo_mini_loss sum 1.1005264520645142
epoch time :  2.4789977073669434
Total (block generation + training)time/epoch 2.7720571756362915
pure train time/epoch nan

num_input_list  [1673, 1694]
