main start at this time 1701244823.5225537
ogbn-arxiv
# Nodes: 169343
# Edges: 2315598
# Train: 90941
# Val: 29799
# Test: 48603
# Classes: 40

in feats:  128
REG start----................................
Convert a graph into a bidirected graph: 1.205 seconds, peak memory: 26.960 GB
Construct multi-constraint weights: 0.000 seconds, peak memory: 26.960 GB
Metis partitioning: 5.475 seconds, peak memory: 28.475 GB
Split the graph: 4.927 seconds
Construct subgraphs: 0.009 seconds
REG metis partition end ----................................
REG construction  time spent:  3.0882885456085205
pure dgl.metis_partition the time spent:  11.61855435371399

block_gen_time in "generate_blocks_for_one_layer_block"  0.6602976322174072


block_gen_time in "generate_blocks_for_one_layer_block"  0.9107344150543213

connection checking time:  1.662982702255249
block generation total time  1.5710320472717285
epoch,  0
pure train time  0.8250749111175537
-----------------------------------------after optimizer zero grad
 Nvidia-smi: 11.140625 GB
    Memory Allocated: 0.1041727066040039  GigaBytes
Max Memory Allocated: 8.946109294891357  GigaBytes

----------------------------------------------------------pseudo_mini_loss sum 4.017720699310303
REG start----................................
Convert a graph into a bidirected graph: 1.268 seconds, peak memory: 43.056 GB
Construct multi-constraint weights: 0.000 seconds, peak memory: 43.056 GB
Metis partitioning: 5.736 seconds, peak memory: 43.056 GB
Split the graph: 4.831 seconds
Construct subgraphs: 0.007 seconds
REG metis partition end ----................................
REG construction  time spent:  3.78769850730896
pure dgl.metis_partition the time spent:  11.843981266021729

block_gen_time in "generate_blocks_for_one_layer_block"  0.6574549674987793


block_gen_time in "generate_blocks_for_one_layer_block"  0.9805221557617188

connection checking time:  1.7773234844207764
block generation total time  1.637977123260498
epoch,  1
pure train time  0.40013813972473145
-----------------------------------------after optimizer zero grad
 Nvidia-smi: 11.181640625 GB
    Memory Allocated: 0.1000514030456543  GigaBytes
Max Memory Allocated: 8.946109294891357  GigaBytes

----------------------------------------------------------pseudo_mini_loss sum 3.8337037563323975
REG start----................................
Convert a graph into a bidirected graph: 1.209 seconds, peak memory: 43.058 GB
Construct multi-constraint weights: 0.000 seconds, peak memory: 43.058 GB
Metis partitioning: 5.796 seconds, peak memory: 43.058 GB
Split the graph: 4.615 seconds
Construct subgraphs: 0.005 seconds
REG metis partition end ----................................
REG construction  time spent:  3.644713878631592
pure dgl.metis_partition the time spent:  11.626389741897583

block_gen_time in "generate_blocks_for_one_layer_block"  0.6471691131591797


block_gen_time in "generate_blocks_for_one_layer_block"  0.9715516567230225

connection checking time:  1.7158358097076416
block generation total time  1.6187207698822021
epoch,  2
pure train time  0.39501333236694336
-----------------------------------------after optimizer zero grad
 Nvidia-smi: 11.208984375 GB
    Memory Allocated: 0.10288190841674805  GigaBytes
Max Memory Allocated: 8.946109294891357  GigaBytes

----------------------------------------------------------pseudo_mini_loss sum 3.6808371543884277
loading full batch data spends  0.060523033142089844
REG start----................................
Convert a graph into a bidirected graph: 1.143 seconds, peak memory: 44.826 GB
Construct multi-constraint weights: 0.000 seconds, peak memory: 44.826 GB
Metis partitioning: 5.927 seconds, peak memory: 44.826 GB
Split the graph: 4.978 seconds
Construct subgraphs: 0.019 seconds
REG metis partition end ----................................
REG construction  time spent:  3.4922542572021484
pure dgl.metis_partition the time spent:  12.069806098937988

block_gen_time in "generate_blocks_for_one_layer_block"  0.6488630771636963


block_gen_time in "generate_blocks_for_one_layer_block"  0.9991204738616943

connection checking time:  1.718841552734375
block generation total time  1.6479835510253906
generate_dataloader_block spend   19.433172941207886
epoch,  3
pure train time  0.4043147563934326
-----------------------------------------after optimizer zero grad
 Nvidia-smi: 11.208984375 GB
    Memory Allocated: 0.10271692276000977  GigaBytes
Max Memory Allocated: 8.946109294891357  GigaBytes

----------------------------------------------------------pseudo_mini_loss sum 3.5454649925231934
loading full batch data spends  0.05370807647705078
REG start----................................
Convert a graph into a bidirected graph: 1.082 seconds, peak memory: 44.826 GB
Construct multi-constraint weights: 0.000 seconds, peak memory: 44.826 GB
Metis partitioning: 5.933 seconds, peak memory: 44.826 GB
Split the graph: 4.451 seconds
Construct subgraphs: 0.004 seconds
REG metis partition end ----................................
REG construction  time spent:  3.370476007461548
pure dgl.metis_partition the time spent:  11.471550226211548

block_gen_time in "generate_blocks_for_one_layer_block"  0.6422553062438965


block_gen_time in "generate_blocks_for_one_layer_block"  1.0086941719055176

connection checking time:  1.7221744060516357
block generation total time  1.650949478149414
generate_dataloader_block spend   18.72393798828125
epoch,  4
pure train time  0.4002540111541748
-----------------------------------------after optimizer zero grad
 Nvidia-smi: 11.208984375 GB
    Memory Allocated: 0.10362052917480469  GigaBytes
Max Memory Allocated: 8.946109294891357  GigaBytes

----------------------------------------------------------pseudo_mini_loss sum 3.432591438293457
loading full batch data spends  0.055033206939697266
REG start----................................
Convert a graph into a bidirected graph: 1.153 seconds, peak memory: 44.826 GB
Construct multi-constraint weights: 0.000 seconds, peak memory: 44.826 GB
Metis partitioning: 5.901 seconds, peak memory: 44.826 GB
Split the graph: 6.330 seconds
Construct subgraphs: 0.023 seconds
REG metis partition end ----................................
REG construction  time spent:  3.5944604873657227
pure dgl.metis_partition the time spent:  13.409266710281372

block_gen_time in "generate_blocks_for_one_layer_block"  0.6473994255065918


block_gen_time in "generate_blocks_for_one_layer_block"  0.929722785949707

connection checking time:  1.6733694076538086
block generation total time  1.5771222114562988
generate_dataloader_block spend   20.77411961555481
epoch,  5
pure train time  0.39667797088623047
-----------------------------------------after optimizer zero grad
 Nvidia-smi: 11.4140625 GB
    Memory Allocated: 0.10428524017333984  GigaBytes
Max Memory Allocated: 8.950358390808105  GigaBytes

----------------------------------------------------------pseudo_mini_loss sum 3.3369152545928955
loading full batch data spends  0.05639815330505371
REG start----................................
Convert a graph into a bidirected graph: 1.230 seconds, peak memory: 45.045 GB
Construct multi-constraint weights: 0.000 seconds, peak memory: 45.045 GB
Metis partitioning: 5.756 seconds, peak memory: 45.045 GB
Split the graph: 5.032 seconds
Construct subgraphs: 0.019 seconds
REG metis partition end ----................................
REG construction  time spent:  3.47969126701355
pure dgl.metis_partition the time spent:  12.039393424987793

block_gen_time in "generate_blocks_for_one_layer_block"  0.6426918506622314


block_gen_time in "generate_blocks_for_one_layer_block"  0.9325582981109619

connection checking time:  1.6957180500030518
block generation total time  1.5752501487731934
generate_dataloader_block spend   19.29738426208496
epoch,  6
pure train time  0.4295799732208252
-----------------------------------------after optimizer zero grad
 Nvidia-smi: 11.44140625 GB
    Memory Allocated: 0.1015934944152832  GigaBytes
Max Memory Allocated: 8.950358390808105  GigaBytes

----------------------------------------------------------pseudo_mini_loss sum 3.266267776489258
loading full batch data spends  0.058518171310424805
REG start----................................
Convert a graph into a bidirected graph: 1.205 seconds, peak memory: 45.048 GB
Construct multi-constraint weights: 0.000 seconds, peak memory: 45.048 GB
Metis partitioning: 5.843 seconds, peak memory: 45.048 GB
Split the graph: 4.558 seconds
Construct subgraphs: 0.021 seconds
REG metis partition end ----................................
REG construction  time spent:  3.511965274810791
pure dgl.metis_partition the time spent:  11.629354238510132

block_gen_time in "generate_blocks_for_one_layer_block"  0.6440532207489014


block_gen_time in "generate_blocks_for_one_layer_block"  0.9865660667419434

connection checking time:  1.710648775100708
block generation total time  1.6306192874908447
generate_dataloader_block spend   19.000753164291382
epoch,  7
pure train time  0.39667701721191406
-----------------------------------------after optimizer zero grad
 Nvidia-smi: 11.44140625 GB
    Memory Allocated: 0.10288524627685547  GigaBytes
Max Memory Allocated: 8.950358390808105  GigaBytes

----------------------------------------------------------pseudo_mini_loss sum 3.2238407135009766
loading full batch data spends  0.04931020736694336
REG start----................................
Convert a graph into a bidirected graph: 1.145 seconds, peak memory: 45.050 GB
Construct multi-constraint weights: 0.000 seconds, peak memory: 45.050 GB
Metis partitioning: 6.065 seconds, peak memory: 45.050 GB
Split the graph: 4.642 seconds
Construct subgraphs: 0.018 seconds
REG metis partition end ----................................
REG construction  time spent:  3.828873634338379
pure dgl.metis_partition the time spent:  11.872301578521729

block_gen_time in "generate_blocks_for_one_layer_block"  0.6501858234405518


block_gen_time in "generate_blocks_for_one_layer_block"  0.94693922996521

connection checking time:  1.695221185684204
block generation total time  1.5971250534057617
generate_dataloader_block spend   19.510793447494507
epoch,  8
pure train time  0.3746223449707031
-----------------------------------------after optimizer zero grad
 Nvidia-smi: 11.44140625 GB
    Memory Allocated: 0.10182952880859375  GigaBytes
Max Memory Allocated: 8.950358390808105  GigaBytes

----------------------------------------------------------pseudo_mini_loss sum 3.1955971717834473
loading full batch data spends  0.045381784439086914
REG start----................................
Convert a graph into a bidirected graph: 1.093 seconds, peak memory: 45.050 GB
Construct multi-constraint weights: 0.000 seconds, peak memory: 45.050 GB
Metis partitioning: 5.769 seconds, peak memory: 45.050 GB
Split the graph: 4.476 seconds
Construct subgraphs: 0.018 seconds
REG metis partition end ----................................
REG construction  time spent:  3.475919723510742
pure dgl.metis_partition the time spent:  11.358985424041748

block_gen_time in "generate_blocks_for_one_layer_block"  0.6421785354614258


block_gen_time in "generate_blocks_for_one_layer_block"  0.9390377998352051

connection checking time:  1.7084400653839111
block generation total time  1.5812163352966309
generate_dataloader_block spend   18.64461374282837
epoch,  9
pure train time  0.3996236324310303
-----------------------------------------after optimizer zero grad
 Nvidia-smi: 11.44140625 GB
    Memory Allocated: 0.08148813247680664  GigaBytes
Max Memory Allocated: 8.950358390808105  GigaBytes

----------------------------------------------------------pseudo_mini_loss sum 3.1559646129608154
loading full batch data spends  0.04428887367248535
REG start----................................
Convert a graph into a bidirected graph: 1.144 seconds, peak memory: 45.050 GB
Construct multi-constraint weights: 0.000 seconds, peak memory: 45.050 GB
Metis partitioning: 5.605 seconds, peak memory: 45.050 GB
Split the graph: 4.601 seconds
Construct subgraphs: 0.009 seconds
REG metis partition end ----................................
REG construction  time spent:  3.476426839828491
pure dgl.metis_partition the time spent:  11.36145806312561

block_gen_time in "generate_blocks_for_one_layer_block"  0.6394133567810059


block_gen_time in "generate_blocks_for_one_layer_block"  0.9346859455108643

connection checking time:  1.6550171375274658
block generation total time  1.5740993022918701
generate_dataloader_block spend   18.581132173538208
epoch,  10
pure train time  0.3899261951446533
-----------------------------------------after optimizer zero grad
 Nvidia-smi: 11.44140625 GB
    Memory Allocated: 0.10411787033081055  GigaBytes
Max Memory Allocated: 8.950358390808105  GigaBytes

----------------------------------------------------------pseudo_mini_loss sum 3.1123850345611572
loading full batch data spends  0.044487953186035156
REG start----................................
Convert a graph into a bidirected graph: 1.133 seconds, peak memory: 45.050 GB
Construct multi-constraint weights: 0.000 seconds, peak memory: 45.050 GB
Metis partitioning: 5.843 seconds, peak memory: 45.050 GB
Split the graph: 4.702 seconds
Construct subgraphs: 0.008 seconds
REG metis partition end ----................................
REG construction  time spent:  3.545368194580078
pure dgl.metis_partition the time spent:  11.68882942199707

block_gen_time in "generate_blocks_for_one_layer_block"  0.6409094333648682


block_gen_time in "generate_blocks_for_one_layer_block"  0.9124679565429688

connection checking time:  1.6566407680511475
block generation total time  1.553377389907837
generate_dataloader_block spend   18.947808027267456
epoch,  11
pure train time  0.3921315670013428
-----------------------------------------after optimizer zero grad
 Nvidia-smi: 11.44140625 GB
    Memory Allocated: 0.10298395156860352  GigaBytes
Max Memory Allocated: 8.950358390808105  GigaBytes

----------------------------------------------------------pseudo_mini_loss sum 3.074042558670044
loading full batch data spends  0.053972482681274414
REG start----................................
Convert a graph into a bidirected graph: 1.097 seconds, peak memory: 45.050 GB
Construct multi-constraint weights: 0.000 seconds, peak memory: 45.050 GB
Metis partitioning: 5.844 seconds, peak memory: 45.050 GB
Split the graph: 5.000 seconds
Construct subgraphs: 0.026 seconds
REG metis partition end ----................................
REG construction  time spent:  3.4673359394073486
pure dgl.metis_partition the time spent:  11.968562602996826

block_gen_time in "generate_blocks_for_one_layer_block"  0.64021897315979


block_gen_time in "generate_blocks_for_one_layer_block"  0.9256167411804199

connection checking time:  1.6816771030426025
block generation total time  1.56583571434021
generate_dataloader_block spend   19.19168710708618
epoch,  12
pure train time  0.3931722640991211
-----------------------------------------after optimizer zero grad
 Nvidia-smi: 11.44140625 GB
    Memory Allocated: 0.10258913040161133  GigaBytes
Max Memory Allocated: 8.950358390808105  GigaBytes

----------------------------------------------------------pseudo_mini_loss sum 3.03204345703125
loading full batch data spends  0.042798757553100586
REG start----................................
Convert a graph into a bidirected graph: 1.191 seconds, peak memory: 45.050 GB
Construct multi-constraint weights: 0.000 seconds, peak memory: 45.050 GB
Metis partitioning: 5.694 seconds, peak memory: 45.050 GB
Split the graph: 4.435 seconds
Construct subgraphs: 0.017 seconds
REG metis partition end ----................................
REG construction  time spent:  3.4669041633605957
pure dgl.metis_partition the time spent:  11.33907437324524

block_gen_time in "generate_blocks_for_one_layer_block"  0.6469030380249023


block_gen_time in "generate_blocks_for_one_layer_block"  0.9671752452850342

connection checking time:  1.7277631759643555
block generation total time  1.6140782833099365
generate_dataloader_block spend   18.675678968429565
epoch,  13
pure train time  0.3845984935760498
-----------------------------------------after optimizer zero grad
 Nvidia-smi: 11.44140625 GB
    Memory Allocated: 0.10464048385620117  GigaBytes
Max Memory Allocated: 8.950358390808105  GigaBytes

----------------------------------------------------------pseudo_mini_loss sum 2.997659683227539
loading full batch data spends  0.056533098220825195
REG start----................................
Convert a graph into a bidirected graph: 1.122 seconds, peak memory: 45.050 GB
Construct multi-constraint weights: 0.000 seconds, peak memory: 45.050 GB
Metis partitioning: 5.746 seconds, peak memory: 45.050 GB
Split the graph: 4.729 seconds
Construct subgraphs: 0.020 seconds
REG metis partition end ----................................
REG construction  time spent:  3.5034945011138916
pure dgl.metis_partition the time spent:  11.61874270439148

block_gen_time in "generate_blocks_for_one_layer_block"  0.6431999206542969


block_gen_time in "generate_blocks_for_one_layer_block"  0.9225485324859619

connection checking time:  1.7039477825164795
block generation total time  1.5657484531402588
generate_dataloader_block spend   18.91569757461548
epoch,  14
pure train time  0.3926253318786621
-----------------------------------------after optimizer zero grad
 Nvidia-smi: 11.44140625 GB
    Memory Allocated: 0.10260438919067383  GigaBytes
Max Memory Allocated: 8.950358390808105  GigaBytes

----------------------------------------------------------pseudo_mini_loss sum 2.963228225708008
Total (block generation + training)time/epoch 19.737774054209392
pure train time/epoch 0.3949634790420532

num_input_list  [210400, 211393, 216864, 217814, 216489, 210477, 213178, 217229, 211678, 216845, 211128, 210485, 215397, 216555, 211107]
