main start at this time 1701244804.774627
ogbn-arxiv
# Nodes: 169343
# Edges: 2315598
# Train: 90941
# Val: 29799
# Test: 48603
# Classes: 40

in feats:  128
connection checking time:  0
block generation total time  0
epoch,  0
pure train time  0.7125411033630371
-----------------------------------------after optimizer zero grad
 Nvidia-smi: 16.478515625 GB
    Memory Allocated: 0.1307682991027832  GigaBytes
Max Memory Allocated: 13.686391353607178  GigaBytes

----------------------------------------------------------pseudo_mini_loss sum 4.0191874504089355
connection checking time:  0
block generation total time  0
epoch,  1
pure train time  0.24263834953308105
-----------------------------------------after optimizer zero grad
 Nvidia-smi: 16.482421875 GB
    Memory Allocated: 0.13227462768554688  GigaBytes
Max Memory Allocated: 13.73606014251709  GigaBytes

----------------------------------------------------------pseudo_mini_loss sum 3.8353145122528076
connection checking time:  0
block generation total time  0
epoch,  2
pure train time  0.24163031578063965
-----------------------------------------after optimizer zero grad
 Nvidia-smi: 16.482421875 GB
    Memory Allocated: 0.13247346878051758  GigaBytes
Max Memory Allocated: 13.73847246170044  GigaBytes

----------------------------------------------------------pseudo_mini_loss sum 3.6813161373138428
loading full batch data spends  0.02659440040588379
connection checking time:  0
block generation total time  0
generate_dataloader_block spend   5.173683166503906e-05
epoch,  3
pure train time  0.24560046195983887
-----------------------------------------after optimizer zero grad
 Nvidia-smi: 16.482421875 GB
    Memory Allocated: 0.1324934959411621  GigaBytes
Max Memory Allocated: 13.73847246170044  GigaBytes

----------------------------------------------------------pseudo_mini_loss sum 3.550323247909546
loading full batch data spends  0.027083158493041992
connection checking time:  0
block generation total time  0
generate_dataloader_block spend   5.5789947509765625e-05
epoch,  4
pure train time  0.24323487281799316
-----------------------------------------after optimizer zero grad
 Nvidia-smi: 16.482421875 GB
    Memory Allocated: 0.13222122192382812  GigaBytes
Max Memory Allocated: 13.73847246170044  GigaBytes

----------------------------------------------------------pseudo_mini_loss sum 3.4328088760375977
loading full batch data spends  0.027115583419799805
connection checking time:  0
block generation total time  0
generate_dataloader_block spend   5.412101745605469e-05
epoch,  5
pure train time  0.24192261695861816
-----------------------------------------after optimizer zero grad
 Nvidia-smi: 16.482421875 GB
    Memory Allocated: 0.13298892974853516  GigaBytes
Max Memory Allocated: 13.73847246170044  GigaBytes

----------------------------------------------------------pseudo_mini_loss sum 3.3373196125030518
loading full batch data spends  0.027143478393554688
connection checking time:  0
block generation total time  0
generate_dataloader_block spend   4.982948303222656e-05
epoch,  6
pure train time  0.24190592765808105
-----------------------------------------after optimizer zero grad
 Nvidia-smi: 16.482421875 GB
    Memory Allocated: 0.13257122039794922  GigaBytes
Max Memory Allocated: 13.73847246170044  GigaBytes

----------------------------------------------------------pseudo_mini_loss sum 3.26728892326355
loading full batch data spends  0.026027679443359375
connection checking time:  0
block generation total time  0
generate_dataloader_block spend   5.269050598144531e-05
epoch,  7
pure train time  0.24224305152893066
-----------------------------------------after optimizer zero grad
 Nvidia-smi: 16.482421875 GB
    Memory Allocated: 0.13216543197631836  GigaBytes
Max Memory Allocated: 13.73847246170044  GigaBytes

----------------------------------------------------------pseudo_mini_loss sum 3.227832794189453
loading full batch data spends  0.026189804077148438
connection checking time:  0
block generation total time  0
generate_dataloader_block spend   5.269050598144531e-05
epoch,  8
pure train time  0.24190616607666016
-----------------------------------------after optimizer zero grad
 Nvidia-smi: 16.482421875 GB
    Memory Allocated: 0.1331033706665039  GigaBytes
Max Memory Allocated: 13.73847246170044  GigaBytes

----------------------------------------------------------pseudo_mini_loss sum 3.1910946369171143
loading full batch data spends  0.025962114334106445
connection checking time:  0
block generation total time  0
generate_dataloader_block spend   4.982948303222656e-05
epoch,  9
pure train time  0.24215912818908691
-----------------------------------------after optimizer zero grad
 Nvidia-smi: 16.482421875 GB
    Memory Allocated: 0.13315343856811523  GigaBytes
Max Memory Allocated: 13.73847246170044  GigaBytes

----------------------------------------------------------pseudo_mini_loss sum 3.1548733711242676
loading full batch data spends  0.026247739791870117
connection checking time:  0
block generation total time  0
generate_dataloader_block spend   5.125999450683594e-05
epoch,  10
pure train time  0.2419896125793457
-----------------------------------------after optimizer zero grad
 Nvidia-smi: 16.482421875 GB
    Memory Allocated: 0.13228893280029297  GigaBytes
Max Memory Allocated: 13.73847246170044  GigaBytes

----------------------------------------------------------pseudo_mini_loss sum 3.1166653633117676
loading full batch data spends  0.02618861198425293
connection checking time:  0
block generation total time  0
generate_dataloader_block spend   5.1975250244140625e-05
epoch,  11
pure train time  0.2453763484954834
-----------------------------------------after optimizer zero grad
 Nvidia-smi: 16.482421875 GB
    Memory Allocated: 0.13308095932006836  GigaBytes
Max Memory Allocated: 13.73847246170044  GigaBytes

----------------------------------------------------------pseudo_mini_loss sum 3.076700210571289
loading full batch data spends  0.026103973388671875
connection checking time:  0
block generation total time  0
generate_dataloader_block spend   5.030632019042969e-05
epoch,  12
pure train time  0.2416520118713379
-----------------------------------------after optimizer zero grad
 Nvidia-smi: 16.482421875 GB
    Memory Allocated: 0.13324403762817383  GigaBytes
Max Memory Allocated: 13.739859580993652  GigaBytes

----------------------------------------------------------pseudo_mini_loss sum 3.036010265350342
loading full batch data spends  0.025835275650024414
connection checking time:  0
block generation total time  0
generate_dataloader_block spend   5.340576171875e-05
epoch,  13
pure train time  0.2416841983795166
-----------------------------------------after optimizer zero grad
 Nvidia-smi: 16.482421875 GB
    Memory Allocated: 0.13219356536865234  GigaBytes
Max Memory Allocated: 13.739859580993652  GigaBytes

----------------------------------------------------------pseudo_mini_loss sum 2.996541738510132
loading full batch data spends  0.026152372360229492
connection checking time:  0
block generation total time  0
generate_dataloader_block spend   5.269050598144531e-05
epoch,  14
pure train time  0.24153566360473633
-----------------------------------------after optimizer zero grad
 Nvidia-smi: 16.482421875 GB
    Memory Allocated: 0.13318681716918945  GigaBytes
Max Memory Allocated: 13.739859580993652  GigaBytes

----------------------------------------------------------pseudo_mini_loss sum 2.9640309810638428
Total (block generation + training)time/epoch 0.3760594328244527
pure train time/epoch 0.24223747253417968

num_input_list  [164268, 164169, 164226, 164257, 164228, 164235, 164158, 164235, 164164, 164198, 164249, 164261, 164221, 164148, 164198]
