main start at this time 1701246101.6671956
ogbn-arxiv
# Nodes: 169343
# Edges: 2315598
# Train: 90941
# Val: 29799
# Test: 48603
# Classes: 40

in feats:  128
REG start----................................
Convert a graph into a bidirected graph: 1.202 seconds, peak memory: 26.973 GB
Construct multi-constraint weights: 0.000 seconds, peak memory: 26.973 GB
Metis partitioning: 6.777 seconds, peak memory: 30.221 GB
Split the graph: 1.499 seconds
Construct subgraphs: 0.083 seconds
REG metis partition end ----................................
REG construction  time spent:  3.090782403945923
pure dgl.metis_partition the time spent:  9.56420111656189

block_gen_time in "generate_blocks_for_one_layer_block"  0.317981481552124


block_gen_time in "generate_blocks_for_one_layer_block"  0.7954213619232178

connection checking time:  1.272273302078247
block generation total time  1.1134028434753418
epoch,  0
pure train time  2.228865623474121
-----------------------------------------after optimizer zero grad
 Nvidia-smi: 6.474609375 GB
    Memory Allocated: 0.043416500091552734  GigaBytes
Max Memory Allocated: 2.8799562454223633  GigaBytes

----------------------------------------------------------pseudo_mini_loss sum 4.01877498626709
REG start----................................
Convert a graph into a bidirected graph: 1.359 seconds, peak memory: 38.969 GB
Construct multi-constraint weights: 0.000 seconds, peak memory: 38.969 GB
Metis partitioning: 7.156 seconds, peak memory: 38.969 GB
Split the graph: 1.613 seconds
Construct subgraphs: 0.121 seconds
REG metis partition end ----................................
REG construction  time spent:  2.7641189098358154
pure dgl.metis_partition the time spent:  10.25184965133667

block_gen_time in "generate_blocks_for_one_layer_block"  0.6438233852386475


block_gen_time in "generate_blocks_for_one_layer_block"  1.6096999645233154

connection checking time:  2.3573358058929443
block generation total time  2.253523349761963
epoch,  1
pure train time  2.2017807960510254
-----------------------------------------after optimizer zero grad
 Nvidia-smi: 7.498046875 GB
    Memory Allocated: 0.053826332092285156  GigaBytes
Max Memory Allocated: 2.9977622032165527  GigaBytes

----------------------------------------------------------pseudo_mini_loss sum 3.833033800125122
REG start----................................
Convert a graph into a bidirected graph: 1.298 seconds, peak memory: 41.574 GB
Construct multi-constraint weights: 0.000 seconds, peak memory: 41.574 GB
Metis partitioning: 6.848 seconds, peak memory: 41.574 GB
Split the graph: 1.575 seconds
Construct subgraphs: 0.014 seconds
REG metis partition end ----................................
REG construction  time spent:  3.5128862857818604
pure dgl.metis_partition the time spent:  9.736736059188843

block_gen_time in "generate_blocks_for_one_layer_block"  0.6354024410247803


block_gen_time in "generate_blocks_for_one_layer_block"  1.5554823875427246

connection checking time:  2.483656167984009
block generation total time  2.190884828567505
epoch,  2
pure train time  2.191868782043457
-----------------------------------------after optimizer zero grad
 Nvidia-smi: 7.517578125 GB
    Memory Allocated: 0.043936729431152344  GigaBytes
Max Memory Allocated: 2.9977622032165527  GigaBytes

----------------------------------------------------------pseudo_mini_loss sum 3.6824076175689697
loading full batch data spends  0.08315253257751465
REG start----................................
Convert a graph into a bidirected graph: 1.129 seconds, peak memory: 42.393 GB
Construct multi-constraint weights: 0.000 seconds, peak memory: 42.393 GB
Metis partitioning: 6.854 seconds, peak memory: 42.393 GB
Split the graph: 1.613 seconds
Construct subgraphs: 0.034 seconds
REG metis partition end ----................................
REG construction  time spent:  3.5351574420928955
pure dgl.metis_partition the time spent:  9.631927013397217

block_gen_time in "generate_blocks_for_one_layer_block"  0.6372015476226807


block_gen_time in "generate_blocks_for_one_layer_block"  1.6091065406799316

connection checking time:  2.272761821746826
block generation total time  2.2463080883026123
generate_dataloader_block spend   18.146639108657837
epoch,  3
pure train time  2.088928461074829
-----------------------------------------after optimizer zero grad
 Nvidia-smi: 7.6328125 GB
    Memory Allocated: 0.05547809600830078  GigaBytes
Max Memory Allocated: 2.9977622032165527  GigaBytes

----------------------------------------------------------pseudo_mini_loss sum 3.5463643074035645
loading full batch data spends  0.08855104446411133
REG start----................................
Convert a graph into a bidirected graph: 1.245 seconds, peak memory: 43.983 GB
Construct multi-constraint weights: 0.000 seconds, peak memory: 43.983 GB
Metis partitioning: 7.326 seconds, peak memory: 43.983 GB
Split the graph: 1.607 seconds
Construct subgraphs: 0.015 seconds
REG metis partition end ----................................
REG construction  time spent:  3.6287789344787598
pure dgl.metis_partition the time spent:  10.195005178451538

block_gen_time in "generate_blocks_for_one_layer_block"  0.6302151679992676


block_gen_time in "generate_blocks_for_one_layer_block"  1.5799119472503662

connection checking time:  2.552692413330078
block generation total time  2.210127115249634
generate_dataloader_block spend   19.130168437957764
epoch,  4
pure train time  2.025148868560791
-----------------------------------------after optimizer zero grad
 Nvidia-smi: 7.6328125 GB
    Memory Allocated: 0.03856229782104492  GigaBytes
Max Memory Allocated: 2.9977622032165527  GigaBytes

----------------------------------------------------------pseudo_mini_loss sum 3.4337451457977295
loading full batch data spends  0.08587646484375
REG start----................................
Convert a graph into a bidirected graph: 1.174 seconds, peak memory: 44.454 GB
Construct multi-constraint weights: 0.000 seconds, peak memory: 44.454 GB
Metis partitioning: 7.217 seconds, peak memory: 44.454 GB
Split the graph: 1.832 seconds
Construct subgraphs: 0.049 seconds
REG metis partition end ----................................
REG construction  time spent:  3.48098087310791
pure dgl.metis_partition the time spent:  10.273564577102661

block_gen_time in "generate_blocks_for_one_layer_block"  0.6383340358734131


block_gen_time in "generate_blocks_for_one_layer_block"  1.6143431663513184

connection checking time:  2.3249945640563965
block generation total time  2.2526772022247314
generate_dataloader_block spend   18.790045261383057
epoch,  5
pure train time  2.1016910076141357
-----------------------------------------after optimizer zero grad
 Nvidia-smi: 7.642578125 GB
    Memory Allocated: 0.06406164169311523  GigaBytes
Max Memory Allocated: 2.9977622032165527  GigaBytes

----------------------------------------------------------pseudo_mini_loss sum 3.3382139205932617
loading full batch data spends  0.07806849479675293
REG start----................................
Convert a graph into a bidirected graph: 1.263 seconds, peak memory: 45.692 GB
Construct multi-constraint weights: 0.000 seconds, peak memory: 45.692 GB
Metis partitioning: 7.304 seconds, peak memory: 45.692 GB
Split the graph: 1.481 seconds
Construct subgraphs: 0.024 seconds
REG metis partition end ----................................
REG construction  time spent:  3.7455482482910156
pure dgl.metis_partition the time spent:  10.073884963989258

block_gen_time in "generate_blocks_for_one_layer_block"  0.6364724636077881


block_gen_time in "generate_blocks_for_one_layer_block"  1.5951781272888184

connection checking time:  2.5665929317474365
block generation total time  2.2316505908966064
generate_dataloader_block spend   19.145291566848755
epoch,  6
pure train time  1.987572431564331
-----------------------------------------after optimizer zero grad
 Nvidia-smi: 7.642578125 GB
    Memory Allocated: 0.0558924674987793  GigaBytes
Max Memory Allocated: 3.0011706352233887  GigaBytes

----------------------------------------------------------pseudo_mini_loss sum 3.2666430473327637
loading full batch data spends  0.0782766342163086
REG start----................................
Convert a graph into a bidirected graph: 1.276 seconds, peak memory: 47.317 GB
Construct multi-constraint weights: 0.000 seconds, peak memory: 47.317 GB
Metis partitioning: 7.371 seconds, peak memory: 47.317 GB
Split the graph: 1.482 seconds
Construct subgraphs: 0.018 seconds
REG metis partition end ----................................
REG construction  time spent:  3.6932947635650635
pure dgl.metis_partition the time spent:  10.149951219558716

block_gen_time in "generate_blocks_for_one_layer_block"  0.6434464454650879


block_gen_time in "generate_blocks_for_one_layer_block"  1.6433486938476562

connection checking time:  2.5924220085144043
block generation total time  2.286795139312744
generate_dataloader_block spend   19.26800537109375
epoch,  7
pure train time  1.9271507263183594
-----------------------------------------after optimizer zero grad
 Nvidia-smi: 8.404296875 GB
    Memory Allocated: 0.05517148971557617  GigaBytes
Max Memory Allocated: 3.111055850982666  GigaBytes

----------------------------------------------------------pseudo_mini_loss sum 3.2241971492767334
loading full batch data spends  0.07290005683898926
REG start----................................
Convert a graph into a bidirected graph: 1.270 seconds, peak memory: 48.864 GB
Construct multi-constraint weights: 0.000 seconds, peak memory: 48.864 GB
Metis partitioning: 7.462 seconds, peak memory: 48.864 GB
Split the graph: 1.602 seconds
Construct subgraphs: 0.018 seconds
REG metis partition end ----................................
REG construction  time spent:  3.100771188735962
pure dgl.metis_partition the time spent:  10.354738473892212

block_gen_time in "generate_blocks_for_one_layer_block"  0.649832010269165


block_gen_time in "generate_blocks_for_one_layer_block"  1.5885698795318604

connection checking time:  2.581293821334839
block generation total time  2.2384018898010254
generate_dataloader_block spend   18.787248373031616
epoch,  8
pure train time  2.0776963233947754
-----------------------------------------after optimizer zero grad
 Nvidia-smi: 8.404296875 GB
    Memory Allocated: 0.06316757202148438  GigaBytes
Max Memory Allocated: 3.111055850982666  GigaBytes

----------------------------------------------------------pseudo_mini_loss sum 3.1928200721740723
loading full batch data spends  0.08300590515136719
REG start----................................
Convert a graph into a bidirected graph: 1.151 seconds, peak memory: 49.554 GB
Construct multi-constraint weights: 0.000 seconds, peak memory: 49.554 GB
Metis partitioning: 7.839 seconds, peak memory: 49.554 GB
Split the graph: 1.996 seconds
Construct subgraphs: 0.038 seconds
REG metis partition end ----................................
REG construction  time spent:  3.614574670791626
pure dgl.metis_partition the time spent:  11.026191234588623

block_gen_time in "generate_blocks_for_one_layer_block"  0.32043910026550293


block_gen_time in "generate_blocks_for_one_layer_block"  1.5749695301055908

connection checking time:  2.0086798667907715
block generation total time  1.8954086303710938
generate_dataloader_block spend   19.01110053062439
epoch,  9
pure train time  1.9519572257995605
-----------------------------------------after optimizer zero grad
 Nvidia-smi: 8.404296875 GB
    Memory Allocated: 0.05669450759887695  GigaBytes
Max Memory Allocated: 3.111055850982666  GigaBytes

----------------------------------------------------------pseudo_mini_loss sum 3.1523561477661133
loading full batch data spends  0.05444455146789551
REG start----................................
Convert a graph into a bidirected graph: 1.279 seconds, peak memory: 49.871 GB
Construct multi-constraint weights: 0.000 seconds, peak memory: 49.871 GB
Metis partitioning: 7.422 seconds, peak memory: 49.871 GB
Split the graph: 1.873 seconds
Construct subgraphs: 0.018 seconds
REG metis partition end ----................................
REG construction  time spent:  3.4849839210510254
pure dgl.metis_partition the time spent:  10.594655990600586

block_gen_time in "generate_blocks_for_one_layer_block"  0.6686325073242188


block_gen_time in "generate_blocks_for_one_layer_block"  1.5968892574310303

connection checking time:  2.3368918895721436
block generation total time  2.265521764755249
generate_dataloader_block spend   19.145448446273804
epoch,  10
pure train time  2.0623865127563477
-----------------------------------------after optimizer zero grad
 Nvidia-smi: 8.404296875 GB
    Memory Allocated: 0.037480831146240234  GigaBytes
Max Memory Allocated: 3.111055850982666  GigaBytes

----------------------------------------------------------pseudo_mini_loss sum 3.112074613571167
loading full batch data spends  0.0799407958984375
REG start----................................
Convert a graph into a bidirected graph: 1.264 seconds, peak memory: 51.160 GB
Construct multi-constraint weights: 0.000 seconds, peak memory: 51.160 GB
Metis partitioning: 7.746 seconds, peak memory: 51.160 GB
Split the graph: 1.878 seconds
Construct subgraphs: 0.018 seconds
REG metis partition end ----................................
REG construction  time spent:  3.5849273204803467
pure dgl.metis_partition the time spent:  10.9086012840271

block_gen_time in "generate_blocks_for_one_layer_block"  0.6609878540039062


block_gen_time in "generate_blocks_for_one_layer_block"  1.601865291595459

connection checking time:  2.2374422550201416
block generation total time  2.2628531455993652
generate_dataloader_block spend   19.463589191436768
epoch,  11
pure train time  2.078381061553955
-----------------------------------------after optimizer zero grad
 Nvidia-smi: 8.404296875 GB
    Memory Allocated: 0.038164615631103516  GigaBytes
Max Memory Allocated: 3.111055850982666  GigaBytes

----------------------------------------------------------pseudo_mini_loss sum 3.0741913318634033
loading full batch data spends  0.06460118293762207
REG start----................................
Convert a graph into a bidirected graph: 1.235 seconds, peak memory: 52.235 GB
Construct multi-constraint weights: 0.000 seconds, peak memory: 52.235 GB
Metis partitioning: 7.898 seconds, peak memory: 52.235 GB
Split the graph: 1.674 seconds
Construct subgraphs: 0.040 seconds
REG metis partition end ----................................
REG construction  time spent:  3.5037646293640137
pure dgl.metis_partition the time spent:  10.848055124282837

block_gen_time in "generate_blocks_for_one_layer_block"  0.6521437168121338


block_gen_time in "generate_blocks_for_one_layer_block"  1.5782215595245361

connection checking time:  2.5270020961761475
block generation total time  2.23036527633667
generate_dataloader_block spend   19.654026985168457
epoch,  12
pure train time  1.9869742393493652
-----------------------------------------after optimizer zero grad
 Nvidia-smi: 8.404296875 GB
    Memory Allocated: 0.037090301513671875  GigaBytes
Max Memory Allocated: 3.111055850982666  GigaBytes

----------------------------------------------------------pseudo_mini_loss sum 3.0313665866851807
loading full batch data spends  0.07258343696594238
REG start----................................
Convert a graph into a bidirected graph: 1.265 seconds, peak memory: 52.910 GB
Construct multi-constraint weights: 0.000 seconds, peak memory: 52.910 GB
Metis partitioning: 7.669 seconds, peak memory: 52.910 GB
Split the graph: 1.687 seconds
Construct subgraphs: 0.014 seconds
REG metis partition end ----................................
REG construction  time spent:  3.4322454929351807
pure dgl.metis_partition the time spent:  10.636974811553955

block_gen_time in "generate_blocks_for_one_layer_block"  0.6338362693786621


block_gen_time in "generate_blocks_for_one_layer_block"  1.6151313781738281

connection checking time:  2.484437942504883
block generation total time  2.2489676475524902
generate_dataloader_block spend   19.23638653755188
epoch,  13
pure train time  2.005396604537964
-----------------------------------------after optimizer zero grad
 Nvidia-smi: 8.404296875 GB
    Memory Allocated: 0.04278707504272461  GigaBytes
Max Memory Allocated: 3.111055850982666  GigaBytes

----------------------------------------------------------pseudo_mini_loss sum 2.998762607574463
loading full batch data spends  0.07870030403137207
REG start----................................
Convert a graph into a bidirected graph: 1.259 seconds, peak memory: 53.402 GB
Construct multi-constraint weights: 0.000 seconds, peak memory: 53.402 GB
Metis partitioning: 7.871 seconds, peak memory: 53.402 GB
Split the graph: 1.394 seconds
Construct subgraphs: 0.024 seconds
REG metis partition end ----................................
REG construction  time spent:  3.6395692825317383
pure dgl.metis_partition the time spent:  10.550045728683472

block_gen_time in "generate_blocks_for_one_layer_block"  0.6406207084655762


block_gen_time in "generate_blocks_for_one_layer_block"  1.5863337516784668

connection checking time:  2.5579919815063477
block generation total time  2.226954460144043
generate_dataloader_block spend   19.510392665863037
epoch,  14
pure train time  2.059465169906616
-----------------------------------------after optimizer zero grad
 Nvidia-smi: 8.404296875 GB
    Memory Allocated: 0.06366109848022461  GigaBytes
Max Memory Allocated: 3.111055850982666  GigaBytes

----------------------------------------------------------pseudo_mini_loss sum 2.965691566467285
Total (block generation + training)time/epoch 21.40419151385625
pure train time/epoch 2.023867130279541

num_input_list  [520607, 531688, 507339, 526729, 520073, 527531, 518982, 530481, 515749, 522535, 513058, 519711, 521523, 530141, 509187]
