main start at this time 1701246780.9051285
ogbn-arxiv
# Nodes: 169343
# Edges: 2315598
# Train: 90941
# Val: 29799
# Test: 48603
# Classes: 40

in feats:  128
REG start----................................
Convert a graph into a bidirected graph: 1.243 seconds, peak memory: 26.975 GB
Construct multi-constraint weights: 0.000 seconds, peak memory: 26.975 GB
Metis partitioning: 7.140 seconds, peak memory: 30.223 GB
Split the graph: 0.958 seconds
Construct subgraphs: 0.121 seconds
REG metis partition end ----................................
REG construction  time spent:  3.152981996536255
pure dgl.metis_partition the time spent:  9.46540117263794

block_gen_time in "generate_blocks_for_one_layer_block"  0.3595156669616699


block_gen_time in "generate_blocks_for_one_layer_block"  1.9825444221496582

connection checking time:  2.958958625793457
block generation total time  2.342060089111328
epoch,  0
pure train time  5.9007017612457275
-----------------------------------------after optimizer zero grad
 Nvidia-smi: 4.08203125 GB
    Memory Allocated: 0.040227413177490234  GigaBytes
Max Memory Allocated: 1.6911706924438477  GigaBytes

----------------------------------------------------------pseudo_mini_loss sum 4.015570163726807
REG start----................................
Convert a graph into a bidirected graph: 1.315 seconds, peak memory: 34.953 GB
Construct multi-constraint weights: 0.000 seconds, peak memory: 34.953 GB
Metis partitioning: 6.903 seconds, peak memory: 34.953 GB
Split the graph: 0.788 seconds
Construct subgraphs: 0.136 seconds
REG metis partition end ----................................
REG construction  time spent:  3.544684648513794
pure dgl.metis_partition the time spent:  9.1437087059021

block_gen_time in "generate_blocks_for_one_layer_block"  0.6744229793548584


block_gen_time in "generate_blocks_for_one_layer_block"  1.992450475692749

connection checking time:  2.859066963195801
block generation total time  2.6668734550476074
epoch,  1
pure train time  5.411576509475708
-----------------------------------------after optimizer zero grad
 Nvidia-smi: 4.08984375 GB
    Memory Allocated: 0.028807640075683594  GigaBytes
Max Memory Allocated: 1.6911706924438477  GigaBytes

----------------------------------------------------------pseudo_mini_loss sum 3.83418869972229
REG start----................................
Convert a graph into a bidirected graph: 1.374 seconds, peak memory: 35.987 GB
Construct multi-constraint weights: 0.000 seconds, peak memory: 35.987 GB
Metis partitioning: 6.972 seconds, peak memory: 35.987 GB
Split the graph: 1.012 seconds
Construct subgraphs: 0.123 seconds
REG metis partition end ----................................
REG construction  time spent:  3.4122719764709473
pure dgl.metis_partition the time spent:  9.481836795806885

block_gen_time in "generate_blocks_for_one_layer_block"  0.6651391983032227


block_gen_time in "generate_blocks_for_one_layer_block"  1.0510034561157227

connection checking time:  3.1450910568237305
block generation total time  1.7161426544189453
epoch,  2
pure train time  4.803220272064209
-----------------------------------------after optimizer zero grad
 Nvidia-smi: 4.08984375 GB
    Memory Allocated: 0.045041561126708984  GigaBytes
Max Memory Allocated: 1.6911706924438477  GigaBytes

----------------------------------------------------------pseudo_mini_loss sum 3.681657552719116
loading full batch data spends  0.10460424423217773
REG start----................................
Convert a graph into a bidirected graph: 1.239 seconds, peak memory: 36.254 GB
Construct multi-constraint weights: 0.000 seconds, peak memory: 36.254 GB
Metis partitioning: 7.157 seconds, peak memory: 36.254 GB
Split the graph: 1.142 seconds
Construct subgraphs: 0.185 seconds
REG metis partition end ----................................
REG construction  time spent:  3.57163405418396
pure dgl.metis_partition the time spent:  9.725542783737183

block_gen_time in "generate_blocks_for_one_layer_block"  0.35607361793518066


block_gen_time in "generate_blocks_for_one_layer_block"  2.0361199378967285

connection checking time:  2.2683839797973633
block generation total time  2.392193555831909
generate_dataloader_block spend   18.361169576644897
epoch,  3
pure train time  5.094293832778931
-----------------------------------------after optimizer zero grad
 Nvidia-smi: 4.08984375 GB
    Memory Allocated: 0.028695106506347656  GigaBytes
Max Memory Allocated: 1.6911706924438477  GigaBytes

----------------------------------------------------------pseudo_mini_loss sum 3.5442349910736084
loading full batch data spends  0.11576294898986816
REG start----................................
Convert a graph into a bidirected graph: 1.259 seconds, peak memory: 37.194 GB
Construct multi-constraint weights: 0.000 seconds, peak memory: 37.194 GB
Metis partitioning: 7.521 seconds, peak memory: 37.194 GB
Split the graph: 1.099 seconds
Construct subgraphs: 0.160 seconds
REG metis partition end ----................................
REG construction  time spent:  3.5916028022766113
pure dgl.metis_partition the time spent:  10.04025673866272

block_gen_time in "generate_blocks_for_one_layer_block"  0.6624801158905029


block_gen_time in "generate_blocks_for_one_layer_block"  2.0083792209625244

connection checking time:  3.1332645416259766
block generation total time  2.6708593368530273
generate_dataloader_block spend   19.92661714553833
epoch,  4
pure train time  5.1747167110443115
-----------------------------------------after optimizer zero grad
 Nvidia-smi: 4.103515625 GB
    Memory Allocated: 0.03211402893066406  GigaBytes
Max Memory Allocated: 1.6911706924438477  GigaBytes

----------------------------------------------------------pseudo_mini_loss sum 3.432068347930908
loading full batch data spends  0.1450667381286621
REG start----................................
Convert a graph into a bidirected graph: 1.295 seconds, peak memory: 37.675 GB
Construct multi-constraint weights: 0.000 seconds, peak memory: 37.675 GB
Metis partitioning: 7.211 seconds, peak memory: 37.675 GB
Split the graph: 1.163 seconds
Construct subgraphs: 0.149 seconds
REG metis partition end ----................................
REG construction  time spent:  3.5003185272216797
pure dgl.metis_partition the time spent:  9.81934404373169

block_gen_time in "generate_blocks_for_one_layer_block"  0.6606917381286621


block_gen_time in "generate_blocks_for_one_layer_block"  2.148721694946289

connection checking time:  3.181913137435913
block generation total time  2.809413433074951
generate_dataloader_block spend   19.834643363952637
epoch,  5
pure train time  5.182542324066162
-----------------------------------------after optimizer zero grad
 Nvidia-smi: 4.103515625 GB
    Memory Allocated: 0.029307842254638672  GigaBytes
Max Memory Allocated: 1.6911706924438477  GigaBytes

----------------------------------------------------------pseudo_mini_loss sum 3.3358232975006104
loading full batch data spends  0.10143184661865234
REG start----................................
Convert a graph into a bidirected graph: 1.385 seconds, peak memory: 38.550 GB
Construct multi-constraint weights: 0.000 seconds, peak memory: 38.550 GB
Metis partitioning: 7.012 seconds, peak memory: 38.550 GB
Split the graph: 1.052 seconds
Construct subgraphs: 0.143 seconds
REG metis partition end ----................................
REG construction  time spent:  3.554450511932373
pure dgl.metis_partition the time spent:  9.594249486923218

block_gen_time in "generate_blocks_for_one_layer_block"  0.6865870952606201


block_gen_time in "generate_blocks_for_one_layer_block"  2.0625863075256348

connection checking time:  3.2324306964874268
block generation total time  2.749173402786255
generate_dataloader_block spend   19.63444185256958
epoch,  6
pure train time  5.09842586517334
-----------------------------------------after optimizer zero grad
 Nvidia-smi: 4.103515625 GB
    Memory Allocated: 0.047322750091552734  GigaBytes
Max Memory Allocated: 1.6911706924438477  GigaBytes

----------------------------------------------------------pseudo_mini_loss sum 3.270575523376465
loading full batch data spends  0.09580564498901367
REG start----................................
Convert a graph into a bidirected graph: 1.390 seconds, peak memory: 38.893 GB
Construct multi-constraint weights: 0.000 seconds, peak memory: 38.893 GB
Metis partitioning: 7.419 seconds, peak memory: 38.893 GB
Split the graph: 1.290 seconds
Construct subgraphs: 0.141 seconds
REG metis partition end ----................................
REG construction  time spent:  3.873985767364502
pure dgl.metis_partition the time spent:  10.242177486419678

block_gen_time in "generate_blocks_for_one_layer_block"  0.6686623096466064


block_gen_time in "generate_blocks_for_one_layer_block"  1.0087854862213135

connection checking time:  2.457878351211548
block generation total time  1.67744779586792
generate_dataloader_block spend   18.74044132232666
epoch,  7
pure train time  4.830603361129761
-----------------------------------------after optimizer zero grad
 Nvidia-smi: 4.103515625 GB
    Memory Allocated: 0.04490518569946289  GigaBytes
Max Memory Allocated: 1.6911706924438477  GigaBytes

----------------------------------------------------------pseudo_mini_loss sum 3.2208962440490723
loading full batch data spends  0.1112668514251709
REG start----................................
Convert a graph into a bidirected graph: 1.424 seconds, peak memory: 39.059 GB
Construct multi-constraint weights: 0.000 seconds, peak memory: 39.059 GB
Metis partitioning: 7.361 seconds, peak memory: 39.059 GB
Split the graph: 0.853 seconds
Construct subgraphs: 0.136 seconds
REG metis partition end ----................................
REG construction  time spent:  3.714428186416626
pure dgl.metis_partition the time spent:  9.77644968032837

block_gen_time in "generate_blocks_for_one_layer_block"  0.6953413486480713


block_gen_time in "generate_blocks_for_one_layer_block"  1.9772531986236572

connection checking time:  3.1308705806732178
block generation total time  2.6725945472717285
generate_dataloader_block spend   19.807728052139282
epoch,  8
pure train time  4.871038913726807
-----------------------------------------after optimizer zero grad
 Nvidia-smi: 4.103515625 GB
    Memory Allocated: 0.04697608947753906  GigaBytes
Max Memory Allocated: 1.6911706924438477  GigaBytes

----------------------------------------------------------pseudo_mini_loss sum 3.193199634552002
loading full batch data spends  0.11105179786682129
REG start----................................
Convert a graph into a bidirected graph: 1.217 seconds, peak memory: 39.395 GB
Construct multi-constraint weights: 0.000 seconds, peak memory: 39.395 GB
Metis partitioning: 7.482 seconds, peak memory: 39.395 GB
Split the graph: 0.958 seconds
Construct subgraphs: 0.097 seconds
REG metis partition end ----................................
REG construction  time spent:  3.561896800994873
pure dgl.metis_partition the time spent:  9.756251811981201

block_gen_time in "generate_blocks_for_one_layer_block"  0.35489749908447266


block_gen_time in "generate_blocks_for_one_layer_block"  0.9938921928405762

connection checking time:  1.516707181930542
block generation total time  1.3487896919250488
generate_dataloader_block spend   16.544985055923462
epoch,  9
pure train time  4.357969284057617
-----------------------------------------after optimizer zero grad
 Nvidia-smi: 4.103515625 GB
    Memory Allocated: 0.03467273712158203  GigaBytes
Max Memory Allocated: 1.6911706924438477  GigaBytes

----------------------------------------------------------pseudo_mini_loss sum 3.155458927154541
loading full batch data spends  0.09877729415893555
REG start----................................
Convert a graph into a bidirected graph: 1.548 seconds, peak memory: 39.848 GB
Construct multi-constraint weights: 0.000 seconds, peak memory: 39.848 GB
Metis partitioning: 7.035 seconds, peak memory: 39.848 GB
Split the graph: 1.075 seconds
Construct subgraphs: 0.124 seconds
REG metis partition end ----................................
REG construction  time spent:  2.860643148422241
pure dgl.metis_partition the time spent:  9.785006523132324

block_gen_time in "generate_blocks_for_one_layer_block"  0.68379807472229


block_gen_time in "generate_blocks_for_one_layer_block"  2.061911106109619

connection checking time:  3.1799943447113037
block generation total time  2.745709180831909
generate_dataloader_block spend   19.051151514053345
epoch,  10
pure train time  4.932229280471802
-----------------------------------------after optimizer zero grad
 Nvidia-smi: 4.103515625 GB
    Memory Allocated: 0.04256153106689453  GigaBytes
Max Memory Allocated: 1.6911706924438477  GigaBytes

----------------------------------------------------------pseudo_mini_loss sum 3.1117966175079346
loading full batch data spends  0.09807229042053223
REG start----................................
Convert a graph into a bidirected graph: 1.147 seconds, peak memory: 40.075 GB
Construct multi-constraint weights: 0.000 seconds, peak memory: 40.075 GB
Metis partitioning: 7.618 seconds, peak memory: 40.075 GB
Split the graph: 0.846 seconds
Construct subgraphs: 0.145 seconds
REG metis partition end ----................................
REG construction  time spent:  2.871774435043335
pure dgl.metis_partition the time spent:  9.758503913879395

block_gen_time in "generate_blocks_for_one_layer_block"  0.6798605918884277


block_gen_time in "generate_blocks_for_one_layer_block"  1.0213003158569336

connection checking time:  1.8496167659759521
block generation total time  1.7011609077453613
generate_dataloader_block spend   16.657495975494385
epoch,  11
pure train time  4.2612481117248535
-----------------------------------------after optimizer zero grad
 Nvidia-smi: 4.103515625 GB
    Memory Allocated: 0.047168731689453125  GigaBytes
Max Memory Allocated: 1.6911706924438477  GigaBytes

----------------------------------------------------------pseudo_mini_loss sum 3.0719118118286133
loading full batch data spends  0.0981748104095459
REG start----................................
Convert a graph into a bidirected graph: 1.289 seconds, peak memory: 40.270 GB
Construct multi-constraint weights: 0.000 seconds, peak memory: 40.270 GB
Metis partitioning: 7.269 seconds, peak memory: 40.270 GB
Split the graph: 1.435 seconds
Construct subgraphs: 0.159 seconds
REG metis partition end ----................................
REG construction  time spent:  3.024441957473755
pure dgl.metis_partition the time spent:  10.153891801834106

block_gen_time in "generate_blocks_for_one_layer_block"  0.6600313186645508


block_gen_time in "generate_blocks_for_one_layer_block"  2.021684169769287

connection checking time:  3.14314603805542
block generation total time  2.681715488433838
generate_dataloader_block spend   19.475141286849976
epoch,  12
pure train time  4.6387341022491455
-----------------------------------------after optimizer zero grad
 Nvidia-smi: 4.109375 GB
    Memory Allocated: 0.031717777252197266  GigaBytes
Max Memory Allocated: 1.6911706924438477  GigaBytes

----------------------------------------------------------pseudo_mini_loss sum 3.0346460342407227
loading full batch data spends  0.09294629096984863
REG start----................................
Convert a graph into a bidirected graph: 1.199 seconds, peak memory: 40.411 GB
Construct multi-constraint weights: 0.000 seconds, peak memory: 40.411 GB
Metis partitioning: 7.460 seconds, peak memory: 40.411 GB
Split the graph: 0.839 seconds
Construct subgraphs: 0.144 seconds
REG metis partition end ----................................
REG construction  time spent:  3.2643721103668213
pure dgl.metis_partition the time spent:  9.643724203109741

block_gen_time in "generate_blocks_for_one_layer_block"  0.6650357246398926


block_gen_time in "generate_blocks_for_one_layer_block"  2.024765729904175

connection checking time:  3.1721184253692627
block generation total time  2.6898014545440674
generate_dataloader_block spend   19.265421390533447
epoch,  13
pure train time  5.1187357902526855
-----------------------------------------after optimizer zero grad
 Nvidia-smi: 4.109375 GB
    Memory Allocated: 0.04579782485961914  GigaBytes
Max Memory Allocated: 1.6911706924438477  GigaBytes

----------------------------------------------------------pseudo_mini_loss sum 2.993844747543335
loading full batch data spends  0.11706781387329102
REG start----................................
Convert a graph into a bidirected graph: 1.280 seconds, peak memory: 40.762 GB
Construct multi-constraint weights: 0.000 seconds, peak memory: 40.762 GB
Metis partitioning: 7.221 seconds, peak memory: 40.762 GB
Split the graph: 1.089 seconds
Construct subgraphs: 0.131 seconds
REG metis partition end ----................................
REG construction  time spent:  3.542788028717041
pure dgl.metis_partition the time spent:  9.722748517990112

block_gen_time in "generate_blocks_for_one_layer_block"  0.6658468246459961


block_gen_time in "generate_blocks_for_one_layer_block"  1.986457109451294

connection checking time:  3.1154677867889404
block generation total time  2.65230393409729
generate_dataloader_block spend   19.543615341186523
epoch,  14
pure train time  5.002317190170288
-----------------------------------------after optimizer zero grad
 Nvidia-smi: 4.109375 GB
    Memory Allocated: 0.04697847366333008  GigaBytes
Max Memory Allocated: 1.6911706924438477  GigaBytes

----------------------------------------------------------pseudo_mini_loss sum 2.9635305404663086
Total (block generation + training)time/epoch 24.13775297005971
pure train time/epoch 4.829384422302246

num_input_list  [791516, 794227, 787519, 820737, 799124, 817292, 818205, 805179, 783425, 775981, 800325, 803324, 807700, 813591, 787994]
