main start at this time 1689562314.3688428
success----------------------------------------
153431
23831
55703
# Nodes: 232965
# Edges: 114615892
# Train: 153431
# Val: 23831
# Test: 55703
# Classes: 41

#nodes: 232965
#edges: 114615892
#classes: 41
in feats:  602
REG start----................................
Convert a graph into a bidirected graph: 1.469 seconds, peak memory: 34.721 GB
Construct multi-constraint weights: 0.000 seconds, peak memory: 34.721 GB
Metis partitioning: 9.241 seconds, peak memory: 35.539 GB
Split the graph: 2.428 seconds
Construct subgraphs: 0.014 seconds
REG metis partition end ----................................
REG construction  time spent:  4.7255494594573975
pure dgl.metis_partition the time spent:  13.166929721832275
connection checking time:  1.221846342086792
block generation total time  1.8524606227874756
pure train time  0.8427374362945557
-----------------------------------------after optimizer zero grad
 Nvidia-smi: 22.5390625 GB
    Memory Allocated: 0.29569292068481445  GigaBytes
Max Memory Allocated: 19.82990550994873  GigaBytes

----------------------------------------------------------pseudo_mini_loss sum 5.167738914489746
REG start----................................
Convert a graph into a bidirected graph: 1.441 seconds, peak memory: 61.922 GB
Construct multi-constraint weights: 0.000 seconds, peak memory: 61.922 GB
Metis partitioning: 9.958 seconds, peak memory: 62.696 GB
Split the graph: 2.471 seconds
Construct subgraphs: 0.009 seconds
REG metis partition end ----................................
REG construction  time spent:  4.517687559127808
pure dgl.metis_partition the time spent:  13.902273178100586
connection checking time:  1.202993392944336
block generation total time  1.926224708557129
pure train time  0.5748212337493896
-----------------------------------------after optimizer zero grad
 Nvidia-smi: 21.525390625 GB
    Memory Allocated: 0.29738521575927734  GigaBytes
Max Memory Allocated: 19.947994709014893  GigaBytes

----------------------------------------------------------pseudo_mini_loss sum 5.04471492767334
REG start----................................
Convert a graph into a bidirected graph: 1.409 seconds, peak memory: 64.378 GB
Construct multi-constraint weights: 0.000 seconds, peak memory: 64.378 GB
Metis partitioning: 9.622 seconds, peak memory: 65.119 GB
Split the graph: 2.368 seconds
Construct subgraphs: 0.018 seconds
REG metis partition end ----................................
REG construction  time spent:  3.6414506435394287
pure dgl.metis_partition the time spent:  13.432720184326172
connection checking time:  1.2742960453033447
block generation total time  1.9067704677581787
pure train time  0.6093778610229492
-----------------------------------------after optimizer zero grad
 Nvidia-smi: 22.04296875 GB
    Memory Allocated: 0.3073549270629883  GigaBytes
Max Memory Allocated: 19.947994709014893  GigaBytes

----------------------------------------------------------pseudo_mini_loss sum 4.923971176147461
loading full batch data spends  0.10207724571228027
REG start----................................
Convert a graph into a bidirected graph: 1.508 seconds, peak memory: 69.526 GB
Construct multi-constraint weights: 0.000 seconds, peak memory: 69.526 GB
Metis partitioning: 9.843 seconds, peak memory: 70.252 GB
Split the graph: 2.600 seconds
Construct subgraphs: 0.012 seconds
REG metis partition end ----................................
REG construction  time spent:  4.521144866943359
pure dgl.metis_partition the time spent:  13.980631589889526
connection checking time:  1.2852778434753418
block generation total time  1.9222815036773682
generate_dataloader_block spend   22.878018617630005
pure train time  0.18869590759277344
-----------------------------------------after optimizer zero grad
 Nvidia-smi: 22.154296875 GB
    Memory Allocated: 0.2994856834411621  GigaBytes
Max Memory Allocated: 19.947994709014893  GigaBytes

----------------------------------------------------------pseudo_mini_loss sum 4.806657791137695
loading full batch data spends  0.09693264961242676
REG start----................................
Convert a graph into a bidirected graph: 1.448 seconds, peak memory: 73.799 GB
Construct multi-constraint weights: 0.000 seconds, peak memory: 73.799 GB
Metis partitioning: 9.556 seconds, peak memory: 74.537 GB
Split the graph: 2.477 seconds
Construct subgraphs: 0.006 seconds
REG metis partition end ----................................
REG construction  time spent:  4.501063585281372
pure dgl.metis_partition the time spent:  13.503199100494385
connection checking time:  1.234464168548584
block generation total time  1.90861177444458
generate_dataloader_block spend   22.32527208328247
pure train time  0.17647266387939453
-----------------------------------------after optimizer zero grad
 Nvidia-smi: 22.154296875 GB
    Memory Allocated: 0.3003115653991699  GigaBytes
Max Memory Allocated: 19.947994709014893  GigaBytes

----------------------------------------------------------pseudo_mini_loss sum 4.696863651275635
loading full batch data spends  0.11056208610534668
REG start----................................
Convert a graph into a bidirected graph: 1.429 seconds, peak memory: 78.238 GB
Construct multi-constraint weights: 0.000 seconds, peak memory: 78.238 GB
Metis partitioning: 9.599 seconds, peak memory: 78.970 GB
Split the graph: 2.587 seconds
Construct subgraphs: 0.008 seconds
REG metis partition end ----................................
REG construction  time spent:  4.503218412399292
pure dgl.metis_partition the time spent:  13.638476371765137
connection checking time:  1.2469866275787354
block generation total time  1.8946547508239746
generate_dataloader_block spend   22.49533438682556
pure train time  0.6106686592102051
-----------------------------------------after optimizer zero grad
 Nvidia-smi: 22.34375 GB
    Memory Allocated: 0.31932592391967773  GigaBytes
Max Memory Allocated: 20.256364822387695  GigaBytes

----------------------------------------------------------pseudo_mini_loss sum 4.594526290893555
loading full batch data spends  0.0974433422088623
REG start----................................
Convert a graph into a bidirected graph: 1.433 seconds, peak memory: 79.610 GB
Construct multi-constraint weights: 0.000 seconds, peak memory: 79.610 GB
Metis partitioning: 8.816 seconds, peak memory: 80.335 GB
Split the graph: 2.424 seconds
Construct subgraphs: 0.010 seconds
REG metis partition end ----................................
REG construction  time spent:  5.241668701171875
pure dgl.metis_partition the time spent:  12.698183059692383
connection checking time:  1.2753582000732422
block generation total time  1.917440414428711
generate_dataloader_block spend   22.33187246322632
pure train time  0.17482590675354004
-----------------------------------------after optimizer zero grad
 Nvidia-smi: 22.353515625 GB
    Memory Allocated: 0.3003568649291992  GigaBytes
Max Memory Allocated: 20.256364822387695  GigaBytes

----------------------------------------------------------pseudo_mini_loss sum 4.502730369567871
loading full batch data spends  0.09410214424133301
REG start----................................
Convert a graph into a bidirected graph: 1.486 seconds, peak memory: 80.820 GB
Construct multi-constraint weights: 0.000 seconds, peak memory: 80.820 GB
Metis partitioning: 9.762 seconds, peak memory: 80.820 GB
Split the graph: 2.181 seconds
Construct subgraphs: 0.010 seconds
REG metis partition end ----................................
REG construction  time spent:  5.146551132202148
pure dgl.metis_partition the time spent:  13.454685926437378
connection checking time:  1.1991915702819824
block generation total time  1.8622894287109375
generate_dataloader_block spend   22.83677625656128
pure train time  0.5852792263031006
-----------------------------------------after optimizer zero grad
 Nvidia-smi: 22.62890625 GB
    Memory Allocated: 0.3054618835449219  GigaBytes
Max Memory Allocated: 20.297272205352783  GigaBytes

----------------------------------------------------------pseudo_mini_loss sum 4.422176361083984
loading full batch data spends  0.10082316398620605
REG start----................................
Convert a graph into a bidirected graph: 1.389 seconds, peak memory: 80.820 GB
Construct multi-constraint weights: 0.000 seconds, peak memory: 80.820 GB
Metis partitioning: 8.852 seconds, peak memory: 80.820 GB
Split the graph: 2.323 seconds
Construct subgraphs: 0.005 seconds
REG metis partition end ----................................
REG construction  time spent:  4.858125686645508
pure dgl.metis_partition the time spent:  12.584954023361206
connection checking time:  1.258091926574707
block generation total time  1.9097166061401367
generate_dataloader_block spend   21.824897289276123
pure train time  0.16942048072814941
-----------------------------------------after optimizer zero grad
 Nvidia-smi: 22.62890625 GB
    Memory Allocated: 0.30354738235473633  GigaBytes
Max Memory Allocated: 20.297272205352783  GigaBytes

----------------------------------------------------------pseudo_mini_loss sum 4.352946758270264
loading full batch data spends  0.10576248168945312
REG start----................................
Convert a graph into a bidirected graph: 1.421 seconds, peak memory: 80.827 GB
Construct multi-constraint weights: 0.000 seconds, peak memory: 80.827 GB
Metis partitioning: 9.559 seconds, peak memory: 80.827 GB
Split the graph: 2.421 seconds
Construct subgraphs: 0.024 seconds
REG metis partition end ----................................
REG construction  time spent:  5.233513832092285
pure dgl.metis_partition the time spent:  13.440444707870483
connection checking time:  1.334984302520752
block generation total time  1.8795146942138672
generate_dataloader_block spend   23.152546405792236
pure train time  0.18256044387817383
-----------------------------------------after optimizer zero grad
 Nvidia-smi: 22.650390625 GB
    Memory Allocated: 0.30686140060424805  GigaBytes
Max Memory Allocated: 20.297272205352783  GigaBytes

----------------------------------------------------------pseudo_mini_loss sum 4.286384582519531
Total (block generation + training)time/epoch 24.927546977996826
pure train time/epoch 0.31653789679209393

num_input_list  [303620, 304267, 311521, 303663, 300650, 316353, 303773, 308672, 307615, 312583]
