main start at this time 1690929637.8659723
success----------------------------------------
153431
23831
55703
# Nodes: 232965
# Edges: 114615892
# Train: 153431
# Val: 23831
# Test: 55703
# Classes: 41

#nodes: 232965
#edges: 114615892
#classes: 41
in feats:  602
REG start----................................
Convert a graph into a bidirected graph: 1.422 seconds, peak memory: 34.751 GB
Construct multi-constraint weights: 0.000 seconds, peak memory: 34.751 GB
Metis partitioning: 9.136 seconds, peak memory: 35.381 GB
Split the graph: 1.281 seconds
Construct subgraphs: 0.012 seconds
REG metis partition end ----................................
REG construction  time spent:  4.537486791610718
pure dgl.metis_partition the time spent:  11.867438554763794
connection checking time:  1.3003766536712646
block generation total time  1.8579018115997314
pure train time  0.7925624847412109
-----------------------------------------after optimizer zero grad
 Nvidia-smi: 10.744140625 GB
    Memory Allocated: 0.18070030212402344  GigaBytes
Max Memory Allocated: 8.742005825042725  GigaBytes

----------------------------------------------------------pseudo_mini_loss sum 5.166555404663086
REG start----................................
Convert a graph into a bidirected graph: 1.403 seconds, peak memory: 58.968 GB
Construct multi-constraint weights: 0.000 seconds, peak memory: 58.968 GB
Metis partitioning: 9.863 seconds, peak memory: 59.605 GB
Split the graph: 1.250 seconds
Construct subgraphs: 0.012 seconds
REG metis partition end ----................................
REG construction  time spent:  4.588293075561523
pure dgl.metis_partition the time spent:  12.543931722640991
connection checking time:  1.263472557067871
block generation total time  1.984626293182373
pure train time  0.31780123710632324
-----------------------------------------after optimizer zero grad
 Nvidia-smi: 11.72265625 GB
    Memory Allocated: 0.1723027229309082  GigaBytes
Max Memory Allocated: 8.781798839569092  GigaBytes

----------------------------------------------------------pseudo_mini_loss sum 5.0424981117248535
REG start----................................
Convert a graph into a bidirected graph: 1.442 seconds, peak memory: 69.440 GB
Construct multi-constraint weights: 0.000 seconds, peak memory: 69.440 GB
Metis partitioning: 10.022 seconds, peak memory: 70.084 GB
Split the graph: 1.276 seconds
Construct subgraphs: 0.224 seconds
REG metis partition end ----................................
REG construction  time spent:  4.11268162727356
pure dgl.metis_partition the time spent:  12.97971510887146
connection checking time:  1.2756574153900146
block generation total time  1.8813343048095703
pure train time  0.29396653175354004
-----------------------------------------after optimizer zero grad
 Nvidia-smi: 11.724609375 GB
    Memory Allocated: 0.18080377578735352  GigaBytes
Max Memory Allocated: 8.801384449005127  GigaBytes

----------------------------------------------------------pseudo_mini_loss sum 4.923587799072266
loading full batch data spends  0.27509188652038574
REG start----................................
Convert a graph into a bidirected graph: 1.423 seconds, peak memory: 70.543 GB
Construct multi-constraint weights: 0.000 seconds, peak memory: 70.543 GB
Metis partitioning: 9.306 seconds, peak memory: 70.543 GB
Split the graph: 1.244 seconds
Construct subgraphs: 0.023 seconds
REG metis partition end ----................................
REG construction  time spent:  5.365336656570435
pure dgl.metis_partition the time spent:  12.010497093200684
connection checking time:  1.272956132888794
block generation total time  1.86356520652771
generate_dataloader_block spend   21.69876718521118
pure train time  0.3449985980987549
-----------------------------------------after optimizer zero grad
 Nvidia-smi: 11.724609375 GB
    Memory Allocated: 0.19020795822143555  GigaBytes
Max Memory Allocated: 8.801384449005127  GigaBytes

----------------------------------------------------------pseudo_mini_loss sum 4.806082725524902
loading full batch data spends  0.2683987617492676
REG start----................................
Convert a graph into a bidirected graph: 1.439 seconds, peak memory: 70.833 GB
Construct multi-constraint weights: 0.000 seconds, peak memory: 70.833 GB
Metis partitioning: 10.441 seconds, peak memory: 70.833 GB
Split the graph: 1.293 seconds
Construct subgraphs: 0.021 seconds
REG metis partition end ----................................
REG construction  time spent:  5.701174736022949
pure dgl.metis_partition the time spent:  13.209519386291504
connection checking time:  1.2744603157043457
block generation total time  1.8915483951568604
generate_dataloader_block spend   23.310153245925903
pure train time  0.32950663566589355
-----------------------------------------after optimizer zero grad
 Nvidia-smi: 16.66015625 GB
    Memory Allocated: 0.17180871963500977  GigaBytes
Max Memory Allocated: 8.80463457107544  GigaBytes

----------------------------------------------------------pseudo_mini_loss sum 4.6955461502075195
loading full batch data spends  0.26941919326782227
REG start----................................
Convert a graph into a bidirected graph: 1.452 seconds, peak memory: 75.287 GB
Construct multi-constraint weights: 0.000 seconds, peak memory: 75.287 GB
Metis partitioning: 10.188 seconds, peak memory: 75.921 GB
Split the graph: 1.306 seconds
Construct subgraphs: 0.009 seconds
REG metis partition end ----................................
REG construction  time spent:  5.002261638641357
pure dgl.metis_partition the time spent:  12.970816373825073
connection checking time:  0.729522705078125
block generation total time  1.276458740234375
generate_dataloader_block spend   21.100048542022705
pure train time  0.3420674800872803
-----------------------------------------after optimizer zero grad
 Nvidia-smi: 16.66796875 GB
    Memory Allocated: 0.19514179229736328  GigaBytes
Max Memory Allocated: 8.80463457107544  GigaBytes

----------------------------------------------------------pseudo_mini_loss sum 4.593874931335449
loading full batch data spends  0.26206207275390625
REG start----................................
Convert a graph into a bidirected graph: 1.449 seconds, peak memory: 76.103 GB
Construct multi-constraint weights: 0.000 seconds, peak memory: 76.103 GB
Metis partitioning: 10.364 seconds, peak memory: 76.103 GB
Split the graph: 1.427 seconds
Construct subgraphs: 0.032 seconds
REG metis partition end ----................................
REG construction  time spent:  4.219461679458618
pure dgl.metis_partition the time spent:  13.28834319114685
connection checking time:  1.2521471977233887
block generation total time  1.8918027877807617
generate_dataloader_block spend   21.91699504852295
pure train time  0.35013389587402344
-----------------------------------------after optimizer zero grad
 Nvidia-smi: 16.66796875 GB
    Memory Allocated: 0.19153690338134766  GigaBytes
Max Memory Allocated: 8.80463457107544  GigaBytes

----------------------------------------------------------pseudo_mini_loss sum 4.5051727294921875
loading full batch data spends  0.22752928733825684
REG start----................................
Convert a graph into a bidirected graph: 1.389 seconds, peak memory: 76.273 GB
Construct multi-constraint weights: 0.000 seconds, peak memory: 76.273 GB
Metis partitioning: 9.307 seconds, peak memory: 76.273 GB
Split the graph: 1.284 seconds
Construct subgraphs: 0.020 seconds
REG metis partition end ----................................
REG construction  time spent:  4.962102174758911
pure dgl.metis_partition the time spent:  12.016021013259888
connection checking time:  1.271122932434082
block generation total time  1.9300460815429688
generate_dataloader_block spend   21.468823194503784
pure train time  0.3257606029510498
-----------------------------------------after optimizer zero grad
 Nvidia-smi: 16.66796875 GB
    Memory Allocated: 0.1961212158203125  GigaBytes
Max Memory Allocated: 8.80463457107544  GigaBytes

----------------------------------------------------------pseudo_mini_loss sum 4.424724578857422
loading full batch data spends  0.27919983863830566
REG start----................................
Convert a graph into a bidirected graph: 1.455 seconds, peak memory: 76.341 GB
Construct multi-constraint weights: 0.000 seconds, peak memory: 76.341 GB
Metis partitioning: 10.135 seconds, peak memory: 76.341 GB
Split the graph: 1.354 seconds
Construct subgraphs: 0.022 seconds
REG metis partition end ----................................
REG construction  time spent:  4.325016021728516
pure dgl.metis_partition the time spent:  12.982317686080933
connection checking time:  1.3988282680511475
block generation total time  1.9006521701812744
generate_dataloader_block spend   21.885965585708618
pure train time  0.3766288757324219
-----------------------------------------after optimizer zero grad
 Nvidia-smi: 16.66796875 GB
    Memory Allocated: 0.17213678359985352  GigaBytes
Max Memory Allocated: 8.80463457107544  GigaBytes

----------------------------------------------------------pseudo_mini_loss sum 4.351598739624023
loading full batch data spends  0.21866202354431152
REG start----................................
Convert a graph into a bidirected graph: 1.585 seconds, peak memory: 76.341 GB
Construct multi-constraint weights: 0.000 seconds, peak memory: 76.341 GB
Metis partitioning: 10.752 seconds, peak memory: 76.341 GB
Split the graph: 1.056 seconds
Construct subgraphs: 0.022 seconds
REG metis partition end ----................................
REG construction  time spent:  5.031565427780151
pure dgl.metis_partition the time spent:  13.430971384048462
connection checking time:  1.2695913314819336
block generation total time  1.847893476486206
generate_dataloader_block spend   22.79189705848694
pure train time  0.3232290744781494
-----------------------------------------after optimizer zero grad
 Nvidia-smi: 16.66796875 GB
    Memory Allocated: 0.19618511199951172  GigaBytes
Max Memory Allocated: 8.80463457107544  GigaBytes

----------------------------------------------------------pseudo_mini_loss sum 4.287236213684082
Total (block generation + training)time/epoch 24.597509963171824
pure train time/epoch 0.3412210941314697

num_input_list  [375307, 378759, 377448, 365502, 379182, 388824, 374039, 381605, 372014, 383483]
