main start at this time 1691638561.1311448
-----------------------------------------before load data 
 Nvidia-smi: 0.166015625 GB
    Memory Allocated: 0.0  GigaBytes
Max Memory Allocated: 0.0  GigaBytes

ogbn-arxiv
# Nodes: 169343
# Edges: 2315598
# Train: 90941
# Val: 29799
# Test: 48603
# Classes: 40

----------------------------------------start of run function 
 Nvidia-smi: 0.166015625 GB
    Memory Allocated: 0.0  GigaBytes
Max Memory Allocated: 0.0  GigaBytes

generate_dataloader_bucket_block=======
len(bkt)  13428
len(bkt)  11706
len(bkt)  9277
len(bkt)  7320
len(bkt)  6222
len(bkt)  4868
len(bkt)  4045
len(bkt)  3472
len(bkt)  2976
len(bkt)  2599
len(bkt)  2203
len(bkt)  1937
len(bkt)  1656
len(bkt)  1434
len(bkt)  1289
len(bkt)  1111
len(bkt)  1030
len(bkt)  948
len(bkt)  836
len(bkt)  807
len(bkt)  717
len(bkt)  556
len(bkt)  519
len(bkt)  525
len(bkt)  9460
---||-----||-----||-----||-----||-----||-----||-----||-----||-----||-----||-----||-----||-----||-----||-----||-----||-----||-----||-----||--
type of fanout_dst_nids  <class 'torch.Tensor'>
self.K  8
the grouping_fanout_arxiv called successfully
capacity  3200
 
sorted_dict  {4: 1237, 5: 1233, 6: 1219, 7: 1211, 3: 1206, 8: 1184, 9: 1176, 2: 1174, 11: 1121, 10: 1116, 1: 1092, 12: 1061, 13: 1035, 14: 1013, 16: 960, 15: 955, 0: 928, 17: 928, 18: 916, 19: 900, 20: 868, 22: 800, 23: 795, 21: 787}

weights after sort [1237, 1233, 1219, 1211, 1206, 1184, 1176, 1174, 1121, 1116, 1092, 1061, 1035, 1013, 960, 955, 928, 928, 916, 900, 868, 800, 795, 787]
res_tmp  [1184 1061  955]

remove bucket_id:  [5, 11, 15]
original bucket_id :,  [8, 12, 15]
remove weights:  [1184 1061  955], 		------------sum 3200

before remove weights,  [1237, 1233, 1219, 1211, 1206, 1184, 1176, 1174, 1121, 1116, 1092, 1061, 1035, 1013, 960, 955, 928, 928, 916, 900, 868, 800, 795, 787]
after remove pre pack weights,  [1237, 1233, 1219, 1211, 1206, 1176, 1174, 1121, 1116, 1092, 1035, 1013, 960, 928, 928, 916, 900, 868, 800, 795, 787]
res_tmp  [1237 1035  928]

remove bucket_id:  [0, 10, 13]
original bucket_id :,  [4, 13, 0]
remove weights:  [1237 1035  928], 		------------sum 3200

before remove weights,  [1237, 1233, 1219, 1211, 1206, 1176, 1174, 1121, 1116, 1092, 1035, 1013, 960, 928, 928, 916, 900, 868, 800, 795, 787]
after remove pre pack weights,  [1233, 1219, 1211, 1206, 1176, 1174, 1121, 1116, 1092, 1013, 960, 928, 916, 900, 868, 800, 795, 787]
res_tmp  [1211 1121  868]

remove bucket_id:  [2, 6, 14]
original bucket_id :,  [7, 11, 20]
remove weights:  [1211 1121  868], 		------------sum 3200

before remove weights,  [1233, 1219, 1211, 1206, 1176, 1174, 1121, 1116, 1092, 1013, 960, 928, 916, 900, 868, 800, 795, 787]
after remove pre pack weights,  [1233, 1219, 1206, 1176, 1174, 1116, 1092, 1013, 960, 928, 916, 900, 800, 795, 787]
res_tmp  [1206 1092  900]

remove bucket_id:  [2, 6, 11]
original bucket_id :,  [3, 1, 19]
remove weights:  [1206 1092  900], 		------------sum 3198

before remove weights,  [1233, 1219, 1206, 1176, 1174, 1116, 1092, 1013, 960, 928, 916, 900, 800, 795, 787]
after remove pre pack weights,  [1233, 1219, 1176, 1174, 1116, 1013, 960, 928, 916, 800, 795, 787]
res_tmp  [1233 1176  787]

remove bucket_id:  [0, 2, 11]
original bucket_id :,  [5, 9, 21]
remove weights:  [1233 1176  787], 		------------sum 3196

before remove weights,  [1233, 1219, 1176, 1174, 1116, 1013, 960, 928, 916, 800, 795, 787]
after remove pre pack weights,  [1219, 1174, 1116, 1013, 960, 928, 916, 800, 795]
res_tmp  [1219 1174  800]

remove bucket_id:  [0, 1, 7]
original bucket_id :,  [6, 2, 22]
remove weights:  [1219 1174  800], 		------------sum 3193

before remove weights,  [1219, 1174, 1116, 1013, 960, 928, 916, 800, 795]
after remove pre pack weights,  [1116, 1013, 960, 928, 916, 795]
res_tmp  [1116 1013  960]

remove bucket_id:  [0, 1, 2]
original bucket_id :,  [10, 14, 16]
remove weights:  [1116 1013  960], 		------------sum 3089

before remove weights,  [1116, 1013, 960, 928, 916, 795]
after remove pre pack weights,  [928, 916, 795]
G_BUCKET_ID_list [[8, 12, 15], [4, 13, 0], [7, 11, 20], [3, 1, 19], [5, 9, 21], [6, 2, 22], [10, 14, 16], [0, 18, 23]]
Groups_mem_list  [[1184, 1061, 955], [1237, 1035, 928], [1211, 1121, 868], [1206, 1092, 900], [1233, 1176, 787], [1219, 1174, 800], [1116, 1013, 960], [928, 916, 795]]
G_BUCKET_ID_list length 8
len(g_bucket_nids_list)  8
len(local_split_batches_nid_list)  8
current group_mem  3.200679145912788
current group_mem  3.2021101019875213
current group_mem  3.2023432433527543
current group_mem  3.1994728796569154
current group_mem  3.196613250310635
current group_mem  3.195210073034035
current group_mem  3.0900978889356083
current group_mem  2.6409468083385548
batches output list generation spend  0.000896453857421875
self.weights_list  [0.07615926809689799, 0.2448510572788951, 0.08037078985276168, 0.23109488569512102, 0.1012304681056949, 0.16520601268954596, 0.06273298072376596, 0.17558636918441628]
bkt_dst_nodes_list = self.get_in_degree_bucketing() spend:  0.014674186706542969
self.gen_batches_seeds_list(bkt_dst_nodes_list_local) spend  0.6862566471099854
len local_batched_seeds_list  8
partition total batch output list spend :  0.9787905216217041
self.buckets_partition() spend  sec:  0.7009575366973877
layer  0
 the number of batches:  8
check_connections_block*********************************

the find indices time spent  0.04713129997253418

in edges time spent  0.15495824813842773
local to global src and eids time spent  0.31862974166870117
time gen tails  0.07909464836120605
res  length 8
layer  1
num of batch  8
check_connections_block*********************************

the find indices time spent  0.158186674118042

in edges time spent  0.8084468841552734
local to global src and eids time spent  1.2498745918273926
time gen tails  0.20416665077209473
res  length 8
block collection to dataloader spend  1.5020370483398438e-05
step  0
----------------------------------------before batch_pred = model(blocks, batch_inputs)
 Nvidia-smi: 1.5078125 GB
    Memory Allocated: 0.06169271469116211  GigaBytes
Max Memory Allocated: 0.06169271469116211  GigaBytes

----------------------------------------after batch_pred = model(blocks, batch_inputs)
 Nvidia-smi: 6.751953125 GB
    Memory Allocated: 5.105428218841553  GigaBytes
Max Memory Allocated: 5.217133045196533  GigaBytes

----------------------------------------after loss function
 Nvidia-smi: 6.751953125 GB
    Memory Allocated: 5.106521129608154  GigaBytes
Max Memory Allocated: 5.217133045196533  GigaBytes

step  1
----------------------------------------before batch_pred = model(blocks, batch_inputs)
 Nvidia-smi: 6.947265625 GB
    Memory Allocated: 0.07781696319580078  GigaBytes
Max Memory Allocated: 5.217133045196533  GigaBytes

----------------------------------------after batch_pred = model(blocks, batch_inputs)
 Nvidia-smi: 7.431640625 GB
    Memory Allocated: 5.267114639282227  GigaBytes
Max Memory Allocated: 5.395898818969727  GigaBytes

----------------------------------------after loss function
 Nvidia-smi: 7.431640625 GB
    Memory Allocated: 5.27043342590332  GigaBytes
Max Memory Allocated: 5.395898818969727  GigaBytes

step  2
----------------------------------------before batch_pred = model(blocks, batch_inputs)
 Nvidia-smi: 7.5234375 GB
    Memory Allocated: 0.07300043106079102  GigaBytes
Max Memory Allocated: 5.395898818969727  GigaBytes

----------------------------------------after batch_pred = model(blocks, batch_inputs)
 Nvidia-smi: 7.5703125 GB
    Memory Allocated: 5.122409343719482  GigaBytes
Max Memory Allocated: 5.395898818969727  GigaBytes

----------------------------------------after loss function
 Nvidia-smi: 7.5703125 GB
    Memory Allocated: 5.124427795410156  GigaBytes
Max Memory Allocated: 5.395898818969727  GigaBytes

step  3
----------------------------------------before batch_pred = model(blocks, batch_inputs)
 Nvidia-smi: 7.572265625 GB
    Memory Allocated: 0.08275794982910156  GigaBytes
Max Memory Allocated: 5.395898818969727  GigaBytes

----------------------------------------after batch_pred = model(blocks, batch_inputs)
 Nvidia-smi: 7.80078125 GB
    Memory Allocated: 5.348887920379639  GigaBytes
Max Memory Allocated: 5.477895259857178  GigaBytes

----------------------------------------after loss function
 Nvidia-smi: 7.80078125 GB
    Memory Allocated: 5.352413177490234  GigaBytes
Max Memory Allocated: 5.477895259857178  GigaBytes

step  4
----------------------------------------before batch_pred = model(blocks, batch_inputs)
 Nvidia-smi: 7.896484375 GB
    Memory Allocated: 0.08040237426757812  GigaBytes
Max Memory Allocated: 5.477895259857178  GigaBytes

----------------------------------------after batch_pred = model(blocks, batch_inputs)
 Nvidia-smi: 7.896484375 GB
    Memory Allocated: 5.2748122215271  GigaBytes
Max Memory Allocated: 5.477895259857178  GigaBytes

----------------------------------------after loss function
 Nvidia-smi: 7.896484375 GB
    Memory Allocated: 5.276184558868408  GigaBytes
Max Memory Allocated: 5.477895259857178  GigaBytes

step  5
----------------------------------------before batch_pred = model(blocks, batch_inputs)
 Nvidia-smi: 7.896484375 GB
    Memory Allocated: 0.0849461555480957  GigaBytes
Max Memory Allocated: 5.477895259857178  GigaBytes

----------------------------------------after batch_pred = model(blocks, batch_inputs)
 Nvidia-smi: 8.126953125 GB
    Memory Allocated: 5.340023517608643  GigaBytes
Max Memory Allocated: 5.477895259857178  GigaBytes

----------------------------------------after loss function
 Nvidia-smi: 8.126953125 GB
    Memory Allocated: 5.3422627449035645  GigaBytes
Max Memory Allocated: 5.477895259857178  GigaBytes

step  6
----------------------------------------before batch_pred = model(blocks, batch_inputs)
 Nvidia-smi: 8.126953125 GB
    Memory Allocated: 0.07956695556640625  GigaBytes
Max Memory Allocated: 5.477895259857178  GigaBytes

----------------------------------------after batch_pred = model(blocks, batch_inputs)
 Nvidia-smi: 9.353515625 GB
    Memory Allocated: 4.8852763175964355  GigaBytes
Max Memory Allocated: 5.477895259857178  GigaBytes

----------------------------------------after loss function
 Nvidia-smi: 9.353515625 GB
    Memory Allocated: 4.88612699508667  GigaBytes
Max Memory Allocated: 5.477895259857178  GigaBytes

step  7
----------------------------------------before batch_pred = model(blocks, batch_inputs)
 Nvidia-smi: 9.353515625 GB
    Memory Allocated: 0.08475399017333984  GigaBytes
Max Memory Allocated: 5.477895259857178  GigaBytes

----------------------------------------after batch_pred = model(blocks, batch_inputs)
 Nvidia-smi: 9.44140625 GB
    Memory Allocated: 4.255849361419678  GigaBytes
Max Memory Allocated: 5.477895259857178  GigaBytes

----------------------------------------after loss function
 Nvidia-smi: 9.44140625 GB
    Memory Allocated: 4.2582292556762695  GigaBytes
Max Memory Allocated: 5.477895259857178  GigaBytes

----------------------------------------after optimizer
 Nvidia-smi: 9.443359375 GB
    Memory Allocated: 0.09725809097290039  GigaBytes
Max Memory Allocated: 5.477895259857178  GigaBytes

----------------------------------------------------------pseudo_mini_loss sum 4.355510234832764
pure train time :  1.181356430053711
train time :  2.023282527923584
end to end time :  8.287529468536377
connection check time:  3.4768457412719727
block generation time  1.7870705127716064
Total (block generation + training)time/epoch nan
pure train time per /epoch  [1.181356430053711]
pure train time average  nan
input num  average  976826.0
