main start at this time 1691630101.0034602
-----------------------------------------before load data 
 Nvidia-smi: 0.166015625 GB
    Memory Allocated: 0.0  GigaBytes
Max Memory Allocated: 0.0  GigaBytes

#nodes: 2449029
#edges: 123718024
#classes: 47
success----------------------------------------
196571
39255
2164782
# Nodes: 2400608
# Edges: 123718024
# Train: 196571
# Val: 39255
# Test: 2164782
# Classes: 47

----------------------------------------start of run function 
 Nvidia-smi: 0.166015625 GB
    Memory Allocated: 0.0  GigaBytes
Max Memory Allocated: 0.0  GigaBytes

len(bkt)  173
len(bkt)  221
len(bkt)  374
len(bkt)  456
len(bkt)  445
len(bkt)  550
len(bkt)  655
len(bkt)  512
len(bkt)  576
len(bkt)  640
len(bkt)  624
len(bkt)  583
len(bkt)  615
len(bkt)  695
len(bkt)  673
len(bkt)  614
len(bkt)  556
len(bkt)  604
len(bkt)  584
len(bkt)  572
len(bkt)  586
len(bkt)  592
len(bkt)  648
len(bkt)  645
len(bkt)  183378
---||-----||-----||-----||-----||-----||-----||-----||-----||-----||-----||-----||-----||-----||-----||-----||-----||-----||-----||-----||--
25
25
[0.0008800891281012967, 0.001124275706996454, 0.0019026204272247686, 0.0023197724995039962, 0.002263813075173856, 0.0027979712165070126, 0.00333212935784017, 0.0026046568415483465, 0.0029302389467418897, 0.003255821051935433, 0.003174425525637047, 0.0029658494894974335, 0.0031286405420942053, 0.003535618173586134, 0.0034236993249258537, 0.0031235533217005562, 0.0028284945388689074, 0.003072681117764065, 0.0029709367098910825, 0.002909890065167293, 0.0029811111506783806, 0.0030116344730402754, 0.003296518815084626, 0.0032812571539036785, 0.9328843013465873]
bkt_dst_nodes_list = self.get_in_degree_bucketing() spend:  0.023282527923583984
self.gen_batches_seeds_list(bkt_dst_nodes_list_local) spend  0.00013875961303710938
len local_batched_seeds_list  25
partition total batch output list spend :  6.563859701156616
self.buckets_partition() spend  sec:  0.023431062698364258
layer  0
 the number of batches:  25
check_connections_block*********************************

the find indices time spent  0.2987697124481201

in edges time spent  0.973273754119873
local to global src and eids time spent  1.9501128196716309
time gen tails  0.21628522872924805
res  length 25
layer  1
num of batch  25
check_connections_block*********************************

the find indices time spent  0.7584896087646484

in edges time spent  2.8161752223968506
local to global src and eids time spent  5.361413240432739
time gen tails  0.8346836566925049
res  length 25
block collection to dataloader spend  3.886222839355469e-05
redundancy ratio #input/#seeds/degree
7.959537572254336
7.255656108597285
5.86541889483066
5.727521929824562
6.133033707865168
5.857575757575758
5.271973827699019
6.4794921875
6.000964506172839
5.8403125000000005
6.003933566433566
5.893653516295026
6.136960600375234
5.508530318602261
5.598117880138683
5.86135993485342
6.395366060093102
5.813189845474614
6.064617880317232
5.778321678321678
5.936941329432797
6.18865171990172
5.800254965110037
5.68921188630491
0.39533531830426766
layer  0
{1: 181, 2: 3, 3: 6, 4: 3, 5: 5, 6: 2, 7: 3, 9: 3, 10: 101}
layer  1
{1: 173}

layer  0
{1: 11, 2: 248, 3: 13, 4: 12, 5: 11, 6: 9, 7: 4, 8: 4, 9: 7, 10: 256}
layer  1
{2: 221}

layer  0
{1: 12, 2: 20, 3: 408, 4: 19, 5: 22, 6: 17, 7: 13, 8: 5, 9: 7, 10: 566}
layer  1
{3: 374}

layer  0
{1: 7, 2: 17, 3: 30, 4: 499, 5: 39, 6: 33, 7: 32, 8: 17, 9: 13, 10: 939}
layer  1
{4: 456}

layer  0
{1: 9, 2: 27, 3: 28, 4: 52, 5: 491, 6: 37, 7: 29, 8: 32, 9: 19, 10: 1302}
layer  1
{5: 445}

layer  0
{1: 9, 2: 26, 3: 35, 4: 32, 5: 61, 6: 616, 7: 44, 8: 28, 9: 34, 10: 1890}
layer  1
{6: 550}

layer  0
{1: 7, 2: 28, 3: 41, 4: 51, 5: 53, 6: 55, 7: 717, 8: 47, 9: 53, 10: 2442}
layer  1
{7: 655}

layer  0
{1: 12, 2: 18, 3: 20, 4: 45, 5: 68, 6: 50, 7: 53, 8: 580, 9: 46, 10: 2785}
layer  1
{8: 512}

layer  0
{1: 9, 2: 16, 3: 28, 4: 37, 5: 43, 6: 50, 7: 54, 8: 56, 9: 628, 10: 3299}
layer  1
{9: 576}

layer  0
{1: 6, 2: 22, 3: 52, 4: 36, 5: 57, 6: 57, 7: 84, 8: 69, 9: 53, 10: 4690}
layer  1
{10: 640}

layer  0
{1: 18, 2: 23, 3: 39, 4: 46, 5: 59, 6: 70, 7: 76, 8: 89, 9: 97, 10: 5246}
layer  1
{11: 624}

layer  0
{1: 21, 2: 35, 3: 38, 4: 49, 5: 59, 6: 61, 7: 74, 8: 83, 9: 72, 10: 5148}
layer  1
{12: 583}

layer  0
{1: 12, 2: 12, 3: 35, 4: 51, 5: 63, 6: 59, 7: 93, 8: 75, 9: 95, 10: 6258}
layer  1
{13: 615}

layer  0
{1: 12, 2: 29, 3: 39, 4: 43, 5: 66, 6: 68, 7: 61, 8: 93, 9: 85, 10: 6974}
layer  1
{14: 695}

layer  0
{1: 13, 2: 22, 3: 28, 4: 46, 5: 87, 6: 84, 7: 83, 8: 88, 9: 96, 10: 7226}
layer  1
{15: 673}

layer  0
{1: 12, 2: 20, 3: 46, 4: 56, 5: 69, 6: 83, 7: 107, 8: 87, 9: 106, 10: 7442}
layer  1
{16: 614}

layer  0
{1: 17, 2: 29, 3: 39, 4: 63, 5: 60, 6: 79, 7: 85, 8: 108, 9: 88, 10: 7835}
layer  1
{17: 556}

layer  0
{1: 11, 2: 33, 3: 43, 4: 65, 5: 73, 6: 72, 7: 79, 8: 104, 9: 96, 10: 8253}
layer  1
{18: 604}

layer  0
{1: 15, 2: 31, 3: 33, 4: 63, 5: 87, 6: 94, 7: 99, 8: 120, 9: 109, 10: 8898}
layer  1
{19: 584}

layer  0
{1: 14, 2: 43, 3: 50, 4: 60, 5: 83, 6: 75, 7: 92, 8: 73, 9: 104, 10: 8689}
layer  1
{20: 572}

layer  0
{1: 13, 2: 31, 3: 40, 4: 51, 5: 83, 6: 78, 7: 100, 8: 107, 9: 111, 10: 9765}
layer  1
{21: 586}

layer  0
{1: 17, 2: 31, 3: 40, 4: 61, 5: 76, 6: 99, 7: 105, 8: 104, 9: 125, 10: 10796}
layer  1
{22: 592}

layer  0
{1: 21, 2: 25, 3: 66, 4: 58, 5: 86, 6: 84, 7: 83, 8: 113, 9: 102, 10: 11629}
layer  1
{23: 648}

layer  0
{1: 15, 2: 39, 3: 54, 4: 66, 5: 94, 6: 116, 7: 110, 8: 133, 9: 111, 10: 11759}
layer  1
{24: 645}

layer  0
{1: 2724, 2: 4372, 3: 5926, 4: 7826, 5: 9367, 6: 10724, 7: 11683, 8: 12201, 9: 12510, 10: 1103232}
layer  1
{25: 183378}

data_dict
[[{1: 181, 2: 3, 3: 6, 4: 3, 5: 5, 6: 2, 7: 3, 9: 3, 10: 101}, {1: 173}], [{1: 11, 2: 248, 3: 13, 4: 12, 5: 11, 6: 9, 7: 4, 8: 4, 9: 7, 10: 256}, {2: 221}], [{1: 12, 2: 20, 3: 408, 4: 19, 5: 22, 6: 17, 7: 13, 8: 5, 9: 7, 10: 566}, {3: 374}], [{1: 7, 2: 17, 3: 30, 4: 499, 5: 39, 6: 33, 7: 32, 8: 17, 9: 13, 10: 939}, {4: 456}], [{1: 9, 2: 27, 3: 28, 4: 52, 5: 491, 6: 37, 7: 29, 8: 32, 9: 19, 10: 1302}, {5: 445}], [{1: 9, 2: 26, 3: 35, 4: 32, 5: 61, 6: 616, 7: 44, 8: 28, 9: 34, 10: 1890}, {6: 550}], [{1: 7, 2: 28, 3: 41, 4: 51, 5: 53, 6: 55, 7: 717, 8: 47, 9: 53, 10: 2442}, {7: 655}], [{1: 12, 2: 18, 3: 20, 4: 45, 5: 68, 6: 50, 7: 53, 8: 580, 9: 46, 10: 2785}, {8: 512}], [{1: 9, 2: 16, 3: 28, 4: 37, 5: 43, 6: 50, 7: 54, 8: 56, 9: 628, 10: 3299}, {9: 576}], [{1: 6, 2: 22, 3: 52, 4: 36, 5: 57, 6: 57, 7: 84, 8: 69, 9: 53, 10: 4690}, {10: 640}], [{1: 18, 2: 23, 3: 39, 4: 46, 5: 59, 6: 70, 7: 76, 8: 89, 9: 97, 10: 5246}, {11: 624}], [{1: 21, 2: 35, 3: 38, 4: 49, 5: 59, 6: 61, 7: 74, 8: 83, 9: 72, 10: 5148}, {12: 583}], [{1: 12, 2: 12, 3: 35, 4: 51, 5: 63, 6: 59, 7: 93, 8: 75, 9: 95, 10: 6258}, {13: 615}], [{1: 12, 2: 29, 3: 39, 4: 43, 5: 66, 6: 68, 7: 61, 8: 93, 9: 85, 10: 6974}, {14: 695}], [{1: 13, 2: 22, 3: 28, 4: 46, 5: 87, 6: 84, 7: 83, 8: 88, 9: 96, 10: 7226}, {15: 673}], [{1: 12, 2: 20, 3: 46, 4: 56, 5: 69, 6: 83, 7: 107, 8: 87, 9: 106, 10: 7442}, {16: 614}], [{1: 17, 2: 29, 3: 39, 4: 63, 5: 60, 6: 79, 7: 85, 8: 108, 9: 88, 10: 7835}, {17: 556}], [{1: 11, 2: 33, 3: 43, 4: 65, 5: 73, 6: 72, 7: 79, 8: 104, 9: 96, 10: 8253}, {18: 604}], [{1: 15, 2: 31, 3: 33, 4: 63, 5: 87, 6: 94, 7: 99, 8: 120, 9: 109, 10: 8898}, {19: 584}], [{1: 14, 2: 43, 3: 50, 4: 60, 5: 83, 6: 75, 7: 92, 8: 73, 9: 104, 10: 8689}, {20: 572}], [{1: 13, 2: 31, 3: 40, 4: 51, 5: 83, 6: 78, 7: 100, 8: 107, 9: 111, 10: 9765}, {21: 586}], [{1: 17, 2: 31, 3: 40, 4: 61, 5: 76, 6: 99, 7: 105, 8: 104, 9: 125, 10: 10796}, {22: 592}], [{1: 21, 2: 25, 3: 66, 4: 58, 5: 86, 6: 84, 7: 83, 8: 113, 9: 102, 10: 11629}, {23: 648}], [{1: 15, 2: 39, 3: 54, 4: 66, 5: 94, 6: 116, 7: 110, 8: 133, 9: 111, 10: 11759}, {24: 645}], [{1: 2724, 2: 4372, 3: 5926, 4: 7826, 5: 9367, 6: 10724, 7: 11683, 8: 12201, 9: 12510, 10: 1103232}, {25: 183378}]]
estimated_mem_dict
{0: 0.011767387390136719, 1: 0.0302923321723938, 2: 0.06900197267532349, 3: 0.11437234282493591, 4: 0.15005618333816528, 5: 0.21780207753181458, 6: 0.2884353697299957, 7: 0.2996614873409271, 8: 0.35892677307128906, 9: 0.44174641370773315, 10: 0.49103763699531555, 11: 0.4846869707107544, 12: 0.5777961015701294, 13: 0.6550075113773346, 14: 0.6807191669940948, 15: 0.6921805143356323, 16: 0.7108934819698334, 17: 0.7635868191719055, 18: 0.8143639862537384, 19: 0.8026202023029327, 20: 0.8917698562145233, 21: 0.9750529825687408, 22: 1.0613651275634766, 23: 1.0845297574996948, 24: 155.78417479991913}

 MM estimated memory/GB degree 0: 0.011767387390136719 * 7.959537572254336*0.411
 MM estimated memory/GB degree 1: 0.0302923321723938 * 7.255656108597285*0.411
 MM estimated memory/GB degree 2: 0.06900197267532349 * 5.86541889483066*0.411
 MM estimated memory/GB degree 3: 0.11437234282493591 * 5.727521929824562*0.411
 MM estimated memory/GB degree 4: 0.15005618333816528 * 6.133033707865168*0.411
 MM estimated memory/GB degree 5: 0.21780207753181458 * 5.857575757575758*0.411
 MM estimated memory/GB degree 6: 0.2884353697299957 * 5.271973827699019*0.411
 MM estimated memory/GB degree 7: 0.2996614873409271 * 6.4794921875*0.411
 MM estimated memory/GB degree 8: 0.35892677307128906 * 6.000964506172839*0.411
 MM estimated memory/GB degree 9: 0.44174641370773315 * 5.8403125000000005*0.411
 MM estimated memory/GB degree 10: 0.49103763699531555 * 6.003933566433566*0.411
 MM estimated memory/GB degree 11: 0.4846869707107544 * 5.893653516295026*0.411
 MM estimated memory/GB degree 12: 0.5777961015701294 * 6.136960600375234*0.411
 MM estimated memory/GB degree 13: 0.6550075113773346 * 5.508530318602261*0.411
 MM estimated memory/GB degree 14: 0.6807191669940948 * 5.598117880138683*0.411
 MM estimated memory/GB degree 15: 0.6921805143356323 * 5.86135993485342*0.411
 MM estimated memory/GB degree 16: 0.7108934819698334 * 6.395366060093102*0.411
 MM estimated memory/GB degree 17: 0.7635868191719055 * 5.813189845474614*0.411
 MM estimated memory/GB degree 18: 0.8143639862537384 * 6.064617880317232*0.411
 MM estimated memory/GB degree 19: 0.8026202023029327 * 5.778321678321678*0.411
 MM estimated memory/GB degree 20: 0.8917698562145233 * 5.936941329432797*0.411
 MM estimated memory/GB degree 21: 0.9750529825687408 * 6.18865171990172*0.411
 MM estimated memory/GB degree 22: 1.0613651275634766 * 5.800254965110037*0.411
 MM estimated memory/GB degree 23: 1.0845297574996948 * 5.68921188630491*0.411
 MM estimated memory/GB degree 24: 155.78417479991913 * 0.39533531830426766*0.411

modified_estimated_mem_list [:-1]
[0.038495477406275756, 0.090333996182788, 0.16634216994158726, 0.2692338117967409, 0.3782431481299775, 0.524350581582297, 0.6249763490018824, 0.7980199033753888, 0.885255705287059, 1.06035414884286, 1.2116926713178804, 1.1740531754542787, 1.4573697951687656, 1.4829409102223823, 1.5662166635822312, 1.6674759642437875, 1.8685802832887561, 1.8243776839161847, 2.0298494271616647, 1.9061348606290724, 2.175992364753664, 2.4800822235209985, 2.5301934122382725, 2.535919150429063]
sum [:-1] =  30.74648387747386

modified_estimated_mem_list [-1]
25.31225138216171
modified_mem [1, fanout-1]: 
[0.038495477406275756, 0.090333996182788, 0.16634216994158726, 0.2692338117967409, 0.3782431481299775, 0.524350581582297, 0.6249763490018824, 0.7980199033753888, 0.885255705287059, 1.06035414884286, 1.2116926713178804, 1.1740531754542787, 1.4573697951687656, 1.4829409102223823, 1.5662166635822312, 1.6674759642437875, 1.8685802832887561, 1.8243776839161847, 2.0298494271616647, 1.9061348606290724, 2.175992364753664, 2.4800822235209985, 2.5301934122382725, 2.535919150429063]

mem size of fanout degree bucket by formula (GB):  155.78417479991913
the modified memory estimation spend (sec) 0.30993151664733887
the time of number of fanout blocks generation (sec) 33.4319281578064
the time dict collection (sec) 0.30890440940856934
the time estimate mem (sec) 0.0005495548248291016
