main start at this time 1700861107.504057
-----------------------------------------before load data 
 Nvidia-smi: 0.166015625 GB
    Memory Allocated: 0.0  GigaBytes
Max Memory Allocated: 0.0  GigaBytes

  NumNodes: 2708
  NumEdges: 10556
  NumFeats: 1433
  NumClasses: 7
  NumTrainingSamples: 140
  NumValidationSamples: 500
  NumTestSamples: 1000
Done loading data from cached files.
success----------------------------------------
140
500
2068
# Nodes: 2708
# Edges: 10556
# Train: 140
# Val: 500
# Test: 2068
# Classes: 7

----------------------------------------start of run function 
 Nvidia-smi: 0.166015625 GB
    Memory Allocated: 0.0  GigaBytes
Max Memory Allocated: 0.0  GigaBytes

in feats:  1433
---||-----||-----||-----||-----||-----||-----||-----||-----||-----||-----||-----||-----||-----||-----||-----||-----||-----||-----||-----||--
15
15
[0.14285714285714285, 0.17857142857142858, 0.18571428571428572, 0.15714285714285714, 0.10714285714285714, 0.07857142857142857, 0.02857142857142857, 0.02142857142857143, 0.02857142857142857, 0.02142857142857143, 0.007142857142857143, 0.014285714285714285, 0.007142857142857143, 0.007142857142857143, 0.014285714285714285]
bkt_dst_nodes_list = self.get_in_degree_bucketing() spend:  0.0010597705841064453
self.gen_batches_seeds_list(bkt_dst_nodes_list_local) spend  9.298324584960938e-05
num_output  140
self.output_nids  140
output nodes length match
global output equals  True
partition total batch output list spend :  0.005509376525878906
self.buckets_partition() spend  sec:  0.0011630058288574219
check connections block*********************************

the find indices time spent  0.00016617774963378906

in edges time spent  0.022699594497680664
local to global src and eids time spent  0.002411365509033203
time gen tails  0.0003323554992675781
res  length 15

block_gen_time in "generate_blocks_for_one_layer_block"  0.030768394470214844

----------------------------------------
check connections block*********************************

the find indices time spent  0.0003552436828613281

in edges time spent  0.006056070327758789
local to global src and eids time spent  0.0011739730834960938
time gen tails  0.00028634071350097656
res  length 15

block_gen_time in "generate_blocks_for_one_layer_block"  0.02031230926513672

block collection to dataloader spend  1.811981201171875e-05
redundancy ratio #input/#seeds/degree
4.95
4.96
3.58974358974359
3.875
4.026666666666666
3.515151515151515
4.464285714285714
3.7083333333333335
3.9444444444444446
3.7333333333333334
3.727272727272727
4.083333333333333
3.4210526315789473
4.142857142857143
3.72
layer  0
{1: 25, 2: 3, 3: 3, 4: 3, 5: 1, 6: 1, 7: 1, 10: 3}
layer  1
{1: 20}

layer  0
{1: 3, 2: 36, 3: 4, 4: 9, 5: 4, 6: 5, 7: 2, 8: 1, 10: 10}
layer  1
{2: 25}

layer  0
{1: 8, 2: 12, 3: 38, 4: 10, 5: 8, 6: 3, 7: 4, 8: 3, 9: 1, 10: 9}
layer  1
{3: 26}

layer  0
{1: 2, 2: 8, 3: 16, 4: 30, 5: 9, 6: 15, 7: 6, 8: 3, 9: 1, 10: 16}
layer  1
{4: 22}

layer  0
{1: 4, 2: 6, 3: 7, 4: 12, 5: 24, 6: 8, 7: 10, 8: 6, 10: 13}
layer  1
{5: 15}

layer  0
{1: 2, 2: 4, 3: 13, 4: 12, 5: 14, 6: 15, 7: 1, 8: 2, 10: 12}
layer  1
{6: 11}

layer  0
{2: 4, 3: 3, 4: 5, 5: 5, 6: 3, 7: 6, 9: 1, 10: 5}
layer  1
{7: 4}

layer  0
{2: 4, 3: 2, 4: 4, 5: 5, 6: 3, 8: 3, 10: 5}
layer  1
{8: 3}

layer  0
{2: 4, 3: 6, 4: 8, 5: 8, 6: 2, 8: 1, 9: 4, 10: 7}
layer  1
{9: 4}

layer  0
{2: 5, 3: 3, 4: 8, 5: 4, 6: 2, 7: 2, 8: 2, 10: 7}
layer  1
{10: 3}

layer  0
{1: 1, 2: 4, 3: 2, 5: 2, 10: 3}
layer  1
{11: 1}

layer  0
{2: 1, 3: 2, 4: 7, 5: 6, 6: 3, 7: 3, 10: 4}
layer  1
{12: 2}

layer  0
{2: 3, 3: 5, 4: 3, 6: 4, 7: 1, 8: 1, 9: 1, 10: 2}
layer  1
{19: 1}

layer  0
{3: 4, 4: 3, 5: 2, 6: 3, 8: 1, 9: 1, 10: 8}
layer  1
{21: 1}

layer  0
{2: 4, 3: 8, 4: 11, 5: 8, 6: 7, 7: 3, 8: 4, 9: 1, 10: 6}
layer  1
{25: 2}

data_dict
[[{1: 25, 2: 3, 3: 3, 4: 3, 5: 1, 6: 1, 7: 1, 10: 3}, {1: 20}], [{1: 3, 2: 36, 3: 4, 4: 9, 5: 4, 6: 5, 7: 2, 8: 1, 10: 10}, {2: 25}], [{1: 8, 2: 12, 3: 38, 4: 10, 5: 8, 6: 3, 7: 4, 8: 3, 9: 1, 10: 9}, {3: 26}], [{1: 2, 2: 8, 3: 16, 4: 30, 5: 9, 6: 15, 7: 6, 8: 3, 9: 1, 10: 16}, {4: 22}], [{1: 4, 2: 6, 3: 7, 4: 12, 5: 24, 6: 8, 7: 10, 8: 6, 10: 13}, {5: 15}], [{1: 2, 2: 4, 3: 13, 4: 12, 5: 14, 6: 15, 7: 1, 8: 2, 10: 12}, {6: 11}], [{2: 4, 3: 3, 4: 5, 5: 5, 6: 3, 7: 6, 9: 1, 10: 5}, {7: 4}], [{2: 4, 3: 2, 4: 4, 5: 5, 6: 3, 8: 3, 10: 5}, {8: 3}], [{2: 4, 3: 6, 4: 8, 5: 8, 6: 2, 8: 1, 9: 4, 10: 7}, {9: 4}], [{2: 5, 3: 3, 4: 8, 5: 4, 6: 2, 7: 2, 8: 2, 10: 7}, {10: 3}], [{1: 1, 2: 4, 3: 2, 5: 2, 10: 3}, {11: 1}], [{2: 1, 3: 2, 4: 7, 5: 6, 6: 3, 7: 3, 10: 4}, {12: 2}], [{2: 3, 3: 5, 4: 3, 6: 4, 7: 1, 8: 1, 9: 1, 10: 2}, {19: 1}], [{3: 4, 4: 3, 5: 2, 6: 3, 8: 1, 9: 1, 10: 8}, {21: 1}], [{2: 4, 3: 8, 4: 11, 5: 8, 6: 7, 7: 3, 8: 4, 9: 1, 10: 6}, {25: 2}]]
estimated_mem_dict
{1: 0.010982304811477661, 2: 0.03177981823682785, 3: 0.04331143945455551, 4: 0.059468597173690796, 5: 0.05329100042581558, 6: 0.042967915534973145, 7: 0.019314922392368317, 8: 0.015773199498653412, 9: 0.02399611473083496, 10: 0.01964443176984787, 11: 0.006040267646312714, 12: 0.015581019222736359, 19: 0.011009730398654938, 21: 0.015759386122226715, 25: 0.03033846616744995}
[0.010982304811477661, 0.03177981823682785, 0.04331143945455551, 0.059468597173690796, 0.05329100042581558, 0.042967915534973145, 0.019314922392368317, 0.015773199498653412, 0.02399611473083496, 0.01964443176984787, 0.006040267646312714, 0.015581019222736359, 0.011009730398654938, 0.015759386122226715]


 MM estimated memory/GB degree 1: 0.010982304811477661 * min(4.95,1)
 MM estimated memory/GB degree 2: 0.03177981823682785 * min(4.96,1)
 MM estimated memory/GB degree 3: 0.04331143945455551 * min(3.58974358974359,1)
 MM estimated memory/GB degree 4: 0.059468597173690796 * min(3.875,1)
 MM estimated memory/GB degree 5: 0.05329100042581558 * min(4.026666666666666,1)
 MM estimated memory/GB degree 6: 0.042967915534973145 * min(3.515151515151515,1)
 MM estimated memory/GB degree 7: 0.019314922392368317 * min(4.464285714285714,1)
 MM estimated memory/GB degree 8: 0.015773199498653412 * min(3.7083333333333335,1)
 MM estimated memory/GB degree 9: 0.02399611473083496 * min(3.9444444444444446,1)
 MM estimated memory/GB degree 10: 0.01964443176984787 * min(3.7333333333333334,1)
 MM estimated memory/GB degree 11: 0.006040267646312714 * min(3.727272727272727,1)
 MM estimated memory/GB degree 12: 0.015581019222736359 * min(4.083333333333333,1)
 MM estimated memory/GB degree 19: 0.011009730398654938 * min(3.4210526315789473,1)
 MM estimated memory/GB degree 21: 0.015759386122226715 * min(4.142857142857143,1)
 MM estimated memory/GB degree 25: 0.03033846616744995 * min(3.72,1)

modified_estimated_mem_list 
[0.010982304811477661, 0.03177981823682785, 0.04331143945455551, 0.059468597173690796, 0.05329100042581558, 0.042967915534973145, 0.019314922392368317, 0.015773199498653412, 0.02399611473083496, 0.01964443176984787, 0.006040267646312714, 0.015581019222736359, 0.011009730398654938, 0.015759386122226715, 0.03033846616744995]

the total length of degree buckets  15
modified_res  [0.010982304811477661, 0.03177981823682785, 0.04331143945455551, 0.059468597173690796, 0.05329100042581558, 0.042967915534973145, 0.019314922392368317, 0.015773199498653412, 0.02399611473083496, 0.01964443176984787, 0.006040267646312714, 0.015581019222736359, 0.011009730398654938, 0.015759386122226715, 0.03033846616744995]
0.3992586135864258
mem size of fanout degree bucket by formula (GB):  [0.010982304811477661, 0.03177981823682785, 0.04331143945455551, 0.059468597173690796, 0.05329100042581558, 0.042967915534973145, 0.019314922392368317, 0.015773199498653412, 0.02399611473083496, 0.01964443176984787, 0.006040267646312714, 0.015581019222736359, 0.011009730398654938, 0.015759386122226715, 0.03033846616744995]

the modified memory estimation spend (sec) 0.0051517486572265625
the time of number of fanout blocks generation (sec) 0.09202814102172852
the time dict collection (sec) 0.004781484603881836
the time estimate mem (sec) 0.00015473365783691406
