main start at this time 1689566011.6531172
-----------------------------------------before load data 
 Nvidia-smi: 0.166015625 GB
    Memory Allocated: 0.0  GigaBytes
Max Memory Allocated: 0.0  GigaBytes

success----------------------------------------
153431
23831
55703
# Nodes: 232965
# Edges: 114615892
# Train: 153431
# Val: 23831
# Test: 55703
# Classes: 41

#nodes: 232965
#edges: 114615892
#classes: 41
----------------------------------------start of run function 
 Nvidia-smi: 0.166015625 GB
    Memory Allocated: 0.0  GigaBytes
Max Memory Allocated: 0.0  GigaBytes

in feats:  602
self.global_to_local() spend sec:  0.07277035713195801
len(bkt)  1391
len(bkt)  1221
len(bkt)  1053
len(bkt)  986
len(bkt)  920
len(bkt)  875
len(bkt)  814
len(bkt)  799
len(bkt)  695
len(bkt)  144677
---||-----||-----||-----||-----||-----||-----||-----||-----||-----||-----||-----||-----||-----||-----||-----||-----||-----||-----||-----||--

10
10
[0.009065964505217329, 0.007957974594443105, 0.006863019859089754, 0.006426341482490501, 0.005996180693601684, 0.005702889246632037, 0.005305316396295403, 0.005207552580638854, 0.004529723458753446, 0.9429450371828378]
bkt_dst_nodes_list = self.get_in_degree_bucketing() spend:  0.013074159622192383
self.gen_batches_seeds_list(bkt_dst_nodes_list) spend  6.747245788574219e-05
len local_batched_seeds_list  10
partition total batch output list spend :  0.5578382015228271
self.buckets_partition() spend  sec:  0.013174295425415039
layer  0
 the number of batches:  10
check_connections_block*********************************
res  length 10
redundancy ratio #input/#seeds/degree
1.9518332135154566
1.3771498771498771
1.2177904400126622
1.0900101419878296
1.0413043478260868
1.0087619047619047
0.9694629694629695
0.9536921151439299
0.9482014388489208
0.14476039729881046
layer  0
{1: 1391}

layer  0
{2: 1221}

layer  0
{3: 1053}

layer  0
{4: 986}

layer  0
{5: 920}

layer  0
{6: 875}

layer  0
{7: 814}

layer  0
{8: 799}

layer  0
{9: 695}

layer  0
{10: 144677}

data_dict
[[{1: 1391}], [{2: 1221}], [{3: 1053}], [{4: 986}], [{5: 920}], [{6: 875}], [{7: 814}], [{8: 799}], [{9: 695}], [{10: 144677}]]
estimated_mem_list[-1]
58.402120023965836
 MM estimated memory/GB degree 0: 0.05615083873271942
 MM estimated memory/GB degree 1: 0.09857681393623352
 MM estimated memory/GB degree 2: 0.1275201290845871
 MM estimated memory/GB degree 3: 0.15920841693878174
 MM estimated memory/GB degree 4: 0.18568933010101318
 MM estimated memory/GB degree 5: 0.21192803978919983
 MM estimated memory/GB degree 6: 0.23001256585121155
 MM estimated memory/GB degree 7: 0.25802743434906006
 MM estimated memory/GB degree 8: 0.2524971216917038
 MM estimated memory/GB degree 9: 58.402120023965836

modified_mem [1, fanout-1]: 
[0.05615083873271942, 0.09857681393623352, 0.1275201290845871, 0.15920841693878174, 0.18568933010101318, 0.21192803978919983, 0.23001256585121155, 0.25802743434906006, 0.2524971216917038]
1.5796106904745102
mem size of fanout degree bucket by formula (GB):  58.402120023965836

the modified memory estimation spend (sec) 0.030092239379882812
the time of number of fanout blocks generation (sec) 2.991663694381714
the time dict collection (sec) 0.029843807220458984
the time estimate mem (sec) 7.987022399902344e-05
