main start at this time 1691262612.980935
ogbn-arxiv
# Nodes: 169343
# Edges: 2315598
# Train: 90941
# Val: 29799
# Test: 48603
# Classes: 40

in feats:  128
Convert a graph into a bidirected graph: 0.037 seconds, peak memory: 24.002 GB
Construct multi-constraint weights: 0.000 seconds, peak memory: 24.002 GB
Metis partitioning: 0.151 seconds, peak memory: 24.021 GB
Split the graph: 0.052 seconds
Construct subgraphs: 0.018 seconds
11369
11367
11369
11364
11368
11367
11369
11368
The batched output nid list before graph partition
connection checking time:  4.385246753692627
block generation total time  3.8721864223480225
pure train time  4.731136798858643
-----------------------------------------after optimizer zero grad
 Nvidia-smi: 13.63671875 GB
    Memory Allocated: 0.21968364715576172  GigaBytes
Max Memory Allocated: 10.25349235534668  GigaBytes

----------------------------------------------------------pseudo_mini_loss sum 3.7755889892578125
Convert a graph into a bidirected graph: 0.020 seconds, peak memory: 61.139 GB
Construct multi-constraint weights: 0.000 seconds, peak memory: 61.139 GB
Metis partitioning: 0.148 seconds, peak memory: 61.139 GB
Split the graph: 0.053 seconds
Construct subgraphs: 0.004 seconds
11369
11367
11369
11364
11368
11367
11369
11368
The batched output nid list before graph partition
connection checking time:  4.3905932903289795
block generation total time  3.932239294052124
pure train time  4.330309629440308
-----------------------------------------after optimizer zero grad
 Nvidia-smi: 15.798828125 GB
    Memory Allocated: 0.21911954879760742  GigaBytes
Max Memory Allocated: 10.396082878112793  GigaBytes

----------------------------------------------------------pseudo_mini_loss sum 3.1899728775024414
Convert a graph into a bidirected graph: 0.016 seconds, peak memory: 64.293 GB
Construct multi-constraint weights: 0.000 seconds, peak memory: 64.293 GB
Metis partitioning: 0.159 seconds, peak memory: 64.293 GB
Split the graph: 0.062 seconds
Construct subgraphs: 0.004 seconds
11369
11367
11369
11364
11368
11367
11369
11368
The batched output nid list before graph partition
connection checking time:  4.41310715675354
block generation total time  3.9308245182037354
pure train time  4.346056938171387
-----------------------------------------after optimizer zero grad
 Nvidia-smi: 15.802734375 GB
    Memory Allocated: 0.2189655303955078  GigaBytes
Max Memory Allocated: 10.40130615234375  GigaBytes

----------------------------------------------------------pseudo_mini_loss sum 3.6082406044006348
loading full batch data spends  0.07310295104980469
Convert a graph into a bidirected graph: 0.021 seconds, peak memory: 64.328 GB
Construct multi-constraint weights: 0.000 seconds, peak memory: 64.328 GB
Metis partitioning: 0.164 seconds, peak memory: 64.328 GB
Split the graph: 0.074 seconds
Construct subgraphs: 0.009 seconds
11369
11367
11369
11364
11368
11367
11369
11368
The batched output nid list before graph partition
connection checking time:  4.466864109039307
block generation total time  3.9870150089263916
generate_dataloader_block spend   9.128551959991455
pure train time  4.362364053726196
-----------------------------------------after optimizer zero grad
 Nvidia-smi: 15.802734375 GB
    Memory Allocated: 0.21948719024658203  GigaBytes
Max Memory Allocated: 10.40130615234375  GigaBytes

----------------------------------------------------------pseudo_mini_loss sum 3.0822017192840576
loading full batch data spends  0.06499123573303223
Convert a graph into a bidirected graph: 0.018 seconds, peak memory: 64.361 GB
Construct multi-constraint weights: 0.000 seconds, peak memory: 64.361 GB
Metis partitioning: 0.153 seconds, peak memory: 64.361 GB
Split the graph: 0.083 seconds
Construct subgraphs: 0.011 seconds
11369
11367
11369
11364
11368
11367
11369
11368
The batched output nid list before graph partition
connection checking time:  4.4721550941467285
block generation total time  3.967160940170288
generate_dataloader_block spend   9.110111474990845
pure train time  4.336535215377808
-----------------------------------------after optimizer zero grad
 Nvidia-smi: 15.802734375 GB
    Memory Allocated: 0.21914339065551758  GigaBytes
Max Memory Allocated: 10.40130615234375  GigaBytes

----------------------------------------------------------pseudo_mini_loss sum 3.067549705505371
loading full batch data spends  0.0709075927734375
Convert a graph into a bidirected graph: 0.017 seconds, peak memory: 64.361 GB
Construct multi-constraint weights: 0.000 seconds, peak memory: 64.361 GB
Metis partitioning: 0.166 seconds, peak memory: 64.361 GB
Split the graph: 0.068 seconds
Construct subgraphs: 0.009 seconds
11369
11367
11369
11364
11368
11367
11369
11368
The batched output nid list before graph partition
connection checking time:  4.38619589805603
block generation total time  3.9779274463653564
generate_dataloader_block spend   9.027440786361694
pure train time  4.358846664428711
-----------------------------------------after optimizer zero grad
 Nvidia-smi: 15.802734375 GB
    Memory Allocated: 0.21912765502929688  GigaBytes
Max Memory Allocated: 10.408150672912598  GigaBytes

----------------------------------------------------------pseudo_mini_loss sum 3.0663821697235107
loading full batch data spends  0.0676422119140625
Convert a graph into a bidirected graph: 0.016 seconds, peak memory: 64.362 GB
Construct multi-constraint weights: 0.000 seconds, peak memory: 64.362 GB
Metis partitioning: 0.158 seconds, peak memory: 64.362 GB
Split the graph: 0.076 seconds
Construct subgraphs: 0.008 seconds
11369
11367
11369
11364
11368
11367
11369
11368
The batched output nid list before graph partition
connection checking time:  4.445781230926514
block generation total time  3.9945807456970215
generate_dataloader_block spend   9.09764552116394
pure train time  4.357805252075195
-----------------------------------------after optimizer zero grad
 Nvidia-smi: 15.802734375 GB
    Memory Allocated: 0.21918773651123047  GigaBytes
Max Memory Allocated: 10.40825366973877  GigaBytes

----------------------------------------------------------pseudo_mini_loss sum 3.030186653137207
loading full batch data spends  0.06595325469970703
Convert a graph into a bidirected graph: 0.018 seconds, peak memory: 64.362 GB
Construct multi-constraint weights: 0.000 seconds, peak memory: 64.362 GB
Metis partitioning: 0.164 seconds, peak memory: 64.362 GB
Split the graph: 0.069 seconds
Construct subgraphs: 0.009 seconds
11369
11367
11369
11364
11368
11367
11369
11368
The batched output nid list before graph partition
connection checking time:  4.450948476791382
block generation total time  3.964120388031006
generate_dataloader_block spend   9.07066822052002
pure train time  4.350476503372192
-----------------------------------------after optimizer zero grad
 Nvidia-smi: 15.802734375 GB
    Memory Allocated: 0.2186579704284668  GigaBytes
Max Memory Allocated: 10.40825366973877  GigaBytes

----------------------------------------------------------pseudo_mini_loss sum 2.9605014324188232
loading full batch data spends  0.06947994232177734
Convert a graph into a bidirected graph: 0.017 seconds, peak memory: 64.366 GB
Construct multi-constraint weights: 0.000 seconds, peak memory: 64.366 GB
Metis partitioning: 0.156 seconds, peak memory: 64.366 GB
Split the graph: 0.064 seconds
Construct subgraphs: 0.009 seconds
11369
11367
11369
11364
11368
11367
11369
11368
The batched output nid list before graph partition
connection checking time:  4.413308382034302
block generation total time  4.001890420913696
generate_dataloader_block spend   9.072139739990234
pure train time  4.3367836475372314
-----------------------------------------after optimizer zero grad
 Nvidia-smi: 16.892578125 GB
    Memory Allocated: 0.2193131446838379  GigaBytes
Max Memory Allocated: 10.418373107910156  GigaBytes

----------------------------------------------------------pseudo_mini_loss sum 2.870861053466797
loading full batch data spends  0.0656888484954834
Convert a graph into a bidirected graph: 0.017 seconds, peak memory: 65.496 GB
Construct multi-constraint weights: 0.000 seconds, peak memory: 65.496 GB
Metis partitioning: 0.160 seconds, peak memory: 65.496 GB
Split the graph: 0.092 seconds
Construct subgraphs: 0.006 seconds
11369
11367
11369
11364
11368
11367
11369
11368
The batched output nid list before graph partition
connection checking time:  4.41361665725708
block generation total time  3.972860336303711
generate_dataloader_block spend   9.043588399887085
pure train time  4.357908248901367
-----------------------------------------after optimizer zero grad
 Nvidia-smi: 16.892578125 GB
    Memory Allocated: 0.21964406967163086  GigaBytes
Max Memory Allocated: 10.418373107910156  GigaBytes

----------------------------------------------------------pseudo_mini_loss sum 2.7704601287841797
Total (block generation + training)time/epoch 14.502004521233696
pure train time/epoch 4.3497259219487505

mean number of num_input_list  983544.1
