main start at this time 1691264743.570198
ogbn-arxiv
# Nodes: 169343
# Edges: 2315598
# Train: 90941
# Val: 29799
# Test: 48603
# Classes: 40

in feats:  128
connection checking time:  3.8775367736816406
block generation total time  3.542710781097412
pure train time  5.037702798843384
-----------------------------------------after optimizer zero grad
 Nvidia-smi: 13.45703125 GB
    Memory Allocated: 0.21396350860595703  GigaBytes
Max Memory Allocated: 8.620302200317383  GigaBytes

----------------------------------------------------------pseudo_mini_loss sum 3.7760188579559326
connection checking time:  3.847564697265625
block generation total time  3.550429344177246
pure train time  4.566161870956421
-----------------------------------------after optimizer zero grad
 Nvidia-smi: 13.45703125 GB
    Memory Allocated: 0.2137913703918457  GigaBytes
Max Memory Allocated: 8.620302200317383  GigaBytes

----------------------------------------------------------pseudo_mini_loss sum 3.1911215782165527
connection checking time:  3.739607810974121
block generation total time  3.5316388607025146
pure train time  4.598647594451904
-----------------------------------------after optimizer zero grad
 Nvidia-smi: 13.45703125 GB
    Memory Allocated: 0.21388721466064453  GigaBytes
Max Memory Allocated: 8.620302200317383  GigaBytes

----------------------------------------------------------pseudo_mini_loss sum 3.61228084564209
loading full batch data spends  0.07228684425354004
connection checking time:  3.705911874771118
block generation total time  3.5592074394226074
generate_dataloader_block spend   9.045803308486938
pure train time  4.648911476135254
-----------------------------------------after optimizer zero grad
 Nvidia-smi: 13.466796875 GB
    Memory Allocated: 0.2142777442932129  GigaBytes
Max Memory Allocated: 8.673006057739258  GigaBytes

----------------------------------------------------------pseudo_mini_loss sum 3.0811750888824463
loading full batch data spends  0.0763387680053711
connection checking time:  3.819790840148926
block generation total time  3.6581292152404785
generate_dataloader_block spend   9.208158016204834
pure train time  4.610439300537109
-----------------------------------------after optimizer zero grad
 Nvidia-smi: 13.466796875 GB
    Memory Allocated: 0.21355438232421875  GigaBytes
Max Memory Allocated: 8.673006057739258  GigaBytes

----------------------------------------------------------pseudo_mini_loss sum 3.067793846130371
loading full batch data spends  0.06266474723815918
connection checking time:  3.9095184803009033
block generation total time  3.542479991912842
generate_dataloader_block spend   9.203070878982544
pure train time  4.6076295375823975
-----------------------------------------after optimizer zero grad
 Nvidia-smi: 13.466796875 GB
    Memory Allocated: 0.21380329132080078  GigaBytes
Max Memory Allocated: 8.673006057739258  GigaBytes

----------------------------------------------------------pseudo_mini_loss sum 3.0679171085357666
loading full batch data spends  0.07857275009155273
connection checking time:  3.906829833984375
block generation total time  3.5426950454711914
generate_dataloader_block spend   9.162280797958374
pure train time  4.654760837554932
-----------------------------------------after optimizer zero grad
 Nvidia-smi: 13.509765625 GB
    Memory Allocated: 0.21410369873046875  GigaBytes
Max Memory Allocated: 8.673006057739258  GigaBytes

----------------------------------------------------------pseudo_mini_loss sum 3.0307459831237793
loading full batch data spends  0.06873321533203125
connection checking time:  3.906672716140747
block generation total time  3.521465301513672
generate_dataloader_block spend   9.14154052734375
pure train time  4.620239973068237
-----------------------------------------after optimizer zero grad
 Nvidia-smi: 13.509765625 GB
    Memory Allocated: 0.2139596939086914  GigaBytes
Max Memory Allocated: 8.673006057739258  GigaBytes

----------------------------------------------------------pseudo_mini_loss sum 2.9619266986846924
loading full batch data spends  0.05226731300354004
connection checking time:  4.06938910484314
block generation total time  3.538396120071411
generate_dataloader_block spend   9.398736000061035
pure train time  4.631326675415039
-----------------------------------------after optimizer zero grad
 Nvidia-smi: 13.509765625 GB
    Memory Allocated: 0.2140030860900879  GigaBytes
Max Memory Allocated: 8.673006057739258  GigaBytes

----------------------------------------------------------pseudo_mini_loss sum 2.870739698410034
loading full batch data spends  0.07445597648620605
connection checking time:  3.684924364089966
block generation total time  3.5295286178588867
generate_dataloader_block spend   8.858514547348022
pure train time  4.608272075653076
-----------------------------------------after optimizer zero grad
 Nvidia-smi: 13.509765625 GB
    Memory Allocated: 0.21444988250732422  GigaBytes
Max Memory Allocated: 8.673006057739258  GigaBytes

----------------------------------------------------------pseudo_mini_loss sum 2.769695520401001
Total (block generation + training)time/epoch 14.926856756210327
pure train time/epoch 4.622111399968465

mean number of num_input_list  1151671.8
