cora dataset
  NumNodes: 2708
  NumEdges: 10556
  NumFeats: 1433
  NumClasses: 7
  NumTrainingSamples: 140
  NumValidationSamples: 500
  NumTestSamples: 1000
Done loading data from cached files.
infeat  1433
Epoch 00000 | Step 00000 | Loss 1.9400 | Train Acc 0.1500 | Speed (samples/sec) nan | GPU 1780.8 MiB
Epoch Time(s): 1.1111
----------------------------------------start of run function 
 Nvidia-smi: 3.533203125 GB
    Memory Allocated: 1.471043586730957  GigaBytes
Max Memory Allocated: 1.6585431098937988  GigaBytes

Epoch 00001 | Step 00000 | Loss 1.9342 | Train Acc 0.1714 | Speed (samples/sec) nan | GPU 2580.6 MiB
Epoch Time(s): 0.6896
----------------------------------------start of run function 
 Nvidia-smi: 4.212890625 GB
    Memory Allocated: 1.4710702896118164  GigaBytes
Max Memory Allocated: 2.4034018516540527  GigaBytes

Epoch 00002 | Step 00000 | Loss 2.1058 | Train Acc 0.2500 | Speed (samples/sec) nan | GPU 2581.0 MiB
Epoch Time(s): 0.6973
----------------------------------------start of run function 
 Nvidia-smi: 4.212890625 GB
    Memory Allocated: 1.471043586730957  GigaBytes
Max Memory Allocated: 2.403707504272461  GigaBytes

Epoch 00003 | Step 00000 | Loss 1.8719 | Train Acc 0.2786 | Speed (samples/sec) 253.4941 | GPU 2583.4 MiB
Epoch Time(s): 0.6828
----------------------------------------start of run function 
 Nvidia-smi: 4.21484375 GB
    Memory Allocated: 1.470947265625  GigaBytes
Max Memory Allocated: 2.406010150909424  GigaBytes

Epoch 00004 | Step 00000 | Loss 1.8320 | Train Acc 0.2857 | Speed (samples/sec) 256.8212 | GPU 2583.7 MiB
Epoch Time(s): 0.6787
----------------------------------------start of run function 
 Nvidia-smi: 4.21484375 GB
    Memory Allocated: 1.471043586730957  GigaBytes
Max Memory Allocated: 2.4063000679016113  GigaBytes

Epoch 00005 | Step 00000 | Loss 1.7891 | Train Acc 0.2357 | Speed (samples/sec) 255.2573 | GPU 2583.7 MiB
Epoch Time(s): 0.6829
----------------------------------------start of run function 
 Nvidia-smi: 4.34375 GB
    Memory Allocated: 1.471086025238037  GigaBytes
Max Memory Allocated: 2.4063000679016113  GigaBytes

Epoch 00006 | Step 00000 | Loss 1.6819 | Train Acc 0.5786 | Speed (samples/sec) 252.1018 | GPU 2583.7 MiB
Epoch Time(s): 0.6941
----------------------------------------start of run function 
 Nvidia-smi: 4.34375 GB
    Memory Allocated: 1.471043586730957  GigaBytes
Max Memory Allocated: 2.4063000679016113  GigaBytes

Epoch 00007 | Step 00000 | Loss 1.5062 | Train Acc 0.8214 | Speed (samples/sec) 248.7310 | GPU 2583.7 MiB
Epoch Time(s): 0.7430
----------------------------------------start of run function 
 Nvidia-smi: 4.34375 GB
    Memory Allocated: 1.470984935760498  GigaBytes
Max Memory Allocated: 2.4063000679016113  GigaBytes

Epoch 00008 | Step 00000 | Loss 1.3062 | Train Acc 0.7286 | Speed (samples/sec) 248.2892 | GPU 2583.7 MiB
Epoch Time(s): 0.6982
----------------------------------------start of run function 
 Nvidia-smi: 4.34375 GB
    Memory Allocated: 1.471043586730957  GigaBytes
Max Memory Allocated: 2.4063000679016113  GigaBytes

Epoch 00009 | Step 00000 | Loss 3.1491 | Train Acc 0.2714 | Speed (samples/sec) 248.9980 | GPU 2583.7 MiB
Epoch Time(s): 0.6756
----------------------------------------start of run function 
 Nvidia-smi: 4.34375 GB
    Memory Allocated: 1.47090482711792  GigaBytes
Max Memory Allocated: 2.4063000679016113  GigaBytes

Avg epoch time: 0.6987440109252929
