main start at this time 1688415221.9966636
-----------------------------------------before load data 
 Nvidia-smi: 0.166015625 GB
    Memory Allocated: 0.0  GigaBytes
Max Memory Allocated: 0.0  GigaBytes

#nodes: 2449029
#edges: 123718024
#classes: 47
success----------------------------------------
196571
39255
2164782
# Nodes: 2400608
# Edges: 123718024
# Train: 196571
# Val: 39255
# Test: 2164782
# Classes: 47

----------------------------------------start of run function 
 Nvidia-smi: 0.166015625 GB
    Memory Allocated: 0.0  GigaBytes
Max Memory Allocated: 0.0  GigaBytes

in feats:  100
Epoch:  0
REG start----................................
Convert a graph into a bidirected graph: 3.175 seconds, peak memory: 34.201 GB
Construct multi-constraint weights: 0.000 seconds, peak memory: 34.201 GB
Metis partitioning: 14.365 seconds, peak memory: 35.318 GB
Split the graph: 2.271 seconds
Construct subgraphs: 0.023 seconds
REG metis partition end ----................................
connection checking time:  18.924030303955078
block generation total time  15.827603578567505
average batch blocks generation time:  2.2610862255096436
----------------------------------------before batch input features to device
 Nvidia-smi: 1.34375 GB
    Memory Allocated: 0.000934600830078125  GigaBytes
Max Memory Allocated: 0.000934600830078125  GigaBytes

----------------------------------------after batch input features to device
 Nvidia-smi: 1.49609375 GB
    Memory Allocated: 0.15194225311279297  GigaBytes
Max Memory Allocated: 0.15194225311279297  GigaBytes

----------------------------------------after  batch labels to device
 Nvidia-smi: 1.49609375 GB
    Memory Allocated: 0.1521458625793457  GigaBytes
Max Memory Allocated: 0.1521458625793457  GigaBytes

----------------------------------------before batch input features to device
 Nvidia-smi: 17.560546875 GB
    Memory Allocated: 0.17454767227172852  GigaBytes
Max Memory Allocated: 15.480639934539795  GigaBytes

----------------------------------------after batch input features to device
 Nvidia-smi: 17.560546875 GB
    Memory Allocated: 0.3754153251647949  GigaBytes
Max Memory Allocated: 15.480639934539795  GigaBytes

----------------------------------------after  batch labels to device
 Nvidia-smi: 17.560546875 GB
    Memory Allocated: 0.37561893463134766  GigaBytes
Max Memory Allocated: 15.480639934539795  GigaBytes

----------------------------------------before batch input features to device
 Nvidia-smi: 19.498046875 GB
    Memory Allocated: 0.24276399612426758  GigaBytes
Max Memory Allocated: 17.412572860717773  GigaBytes

----------------------------------------after batch input features to device
 Nvidia-smi: 19.498046875 GB
    Memory Allocated: 0.4309048652648926  GigaBytes
Max Memory Allocated: 17.412572860717773  GigaBytes

----------------------------------------after  batch labels to device
 Nvidia-smi: 19.498046875 GB
    Memory Allocated: 0.4311203956604004  GigaBytes
Max Memory Allocated: 17.412572860717773  GigaBytes

----------------------------------------before batch input features to device
 Nvidia-smi: 20.244140625 GB
    Memory Allocated: 0.24880218505859375  GigaBytes
Max Memory Allocated: 18.133599281311035  GigaBytes

----------------------------------------after batch input features to device
 Nvidia-smi: 20.244140625 GB
    Memory Allocated: 0.4801945686340332  GigaBytes
Max Memory Allocated: 18.133599281311035  GigaBytes

----------------------------------------after  batch labels to device
 Nvidia-smi: 20.244140625 GB
    Memory Allocated: 0.48040008544921875  GigaBytes
Max Memory Allocated: 18.133599281311035  GigaBytes

----------------------------------------before batch input features to device
 Nvidia-smi: 20.126953125 GB
    Memory Allocated: 0.30791711807250977  GigaBytes
Max Memory Allocated: 18.384817123413086  GigaBytes

----------------------------------------after batch input features to device
 Nvidia-smi: 20.126953125 GB
    Memory Allocated: 0.5218219757080078  GigaBytes
Max Memory Allocated: 18.384817123413086  GigaBytes

----------------------------------------after  batch labels to device
 Nvidia-smi: 20.126953125 GB
    Memory Allocated: 0.5220303535461426  GigaBytes
Max Memory Allocated: 18.384817123413086  GigaBytes

----------------------------------------before batch input features to device
 Nvidia-smi: 22.6328125 GB
    Memory Allocated: 0.3111138343811035  GigaBytes
Max Memory Allocated: 18.8395938873291  GigaBytes

----------------------------------------after batch input features to device
 Nvidia-smi: 22.6328125 GB
    Memory Allocated: 0.527073860168457  GigaBytes
Max Memory Allocated: 18.8395938873291  GigaBytes

----------------------------------------after  batch labels to device
 Nvidia-smi: 22.6328125 GB
    Memory Allocated: 0.5272889137268066  GigaBytes
Max Memory Allocated: 18.8395938873291  GigaBytes

----------------------------------------before batch input features to device
 Nvidia-smi: 22.814453125 GB
    Memory Allocated: 0.32944726943969727  GigaBytes
Max Memory Allocated: 20.779338359832764  GigaBytes

----------------------------------------after batch input features to device
 Nvidia-smi: 22.814453125 GB
    Memory Allocated: 0.5451650619506836  GigaBytes
Max Memory Allocated: 20.779338359832764  GigaBytes

----------------------------------------after  batch labels to device
 Nvidia-smi: 22.814453125 GB
    Memory Allocated: 0.5453801155090332  GigaBytes
Max Memory Allocated: 20.779338359832764  GigaBytes

times | data loading | block to device | model prediction | loss calculation | loss backward |  optimizer step |
      |0.14791383062090194 |0.08667002405439105 |0.4332731451307024 |0.00013899803161621094 |0.1257525852748326 |0.009832143783569336 |
----------------------------------------------------------pseudo_mini_loss sum 5.203740119934082
Epoch:  1
REG start----................................
Convert a graph into a bidirected graph: 3.268 seconds, peak memory: 73.078 GB
Construct multi-constraint weights: 0.000 seconds, peak memory: 73.078 GB
Metis partitioning: 13.897 seconds, peak memory: 74.261 GB
Split the graph: 1.908 seconds
Construct subgraphs: 0.018 seconds
REG metis partition end ----................................
connection checking time:  20.638789415359497
block generation total time  20.970426321029663
average batch blocks generation time:  2.995775188718523
----------------------------------------before batch input features to device
 Nvidia-smi: 22.923828125 GB
    Memory Allocated: 0.24258947372436523  GigaBytes
Max Memory Allocated: 20.937904357910156  GigaBytes

----------------------------------------after batch input features to device
 Nvidia-smi: 22.923828125 GB
    Memory Allocated: 0.38843727111816406  GigaBytes
Max Memory Allocated: 20.937904357910156  GigaBytes

----------------------------------------after  batch labels to device
 Nvidia-smi: 22.923828125 GB
    Memory Allocated: 0.3886404037475586  GigaBytes
Max Memory Allocated: 20.937904357910156  GigaBytes

----------------------------------------before batch input features to device
 Nvidia-smi: 23.125 GB
    Memory Allocated: 0.17214727401733398  GigaBytes
Max Memory Allocated: 20.937904357910156  GigaBytes

----------------------------------------after batch input features to device
 Nvidia-smi: 23.125 GB
    Memory Allocated: 0.3948979377746582  GigaBytes
Max Memory Allocated: 20.937904357910156  GigaBytes

----------------------------------------after  batch labels to device
 Nvidia-smi: 23.125 GB
    Memory Allocated: 0.39510154724121094  GigaBytes
Max Memory Allocated: 20.937904357910156  GigaBytes

----------------------------------------before batch input features to device
 Nvidia-smi: 23.125 GB
    Memory Allocated: 0.26598453521728516  GigaBytes
Max Memory Allocated: 20.937904357910156  GigaBytes

----------------------------------------after batch input features to device
 Nvidia-smi: 23.125 GB
    Memory Allocated: 0.4406576156616211  GigaBytes
Max Memory Allocated: 20.937904357910156  GigaBytes

----------------------------------------after  batch labels to device
 Nvidia-smi: 23.125 GB
    Memory Allocated: 0.44086647033691406  GigaBytes
Max Memory Allocated: 20.937904357910156  GigaBytes

----------------------------------------before batch input features to device
 Nvidia-smi: 23.125 GB
    Memory Allocated: 0.23574304580688477  GigaBytes
Max Memory Allocated: 20.937904357910156  GigaBytes

----------------------------------------after batch input features to device
 Nvidia-smi: 23.125 GB
    Memory Allocated: 0.4514322280883789  GigaBytes
Max Memory Allocated: 20.937904357910156  GigaBytes

----------------------------------------after  batch labels to device
 Nvidia-smi: 23.125 GB
    Memory Allocated: 0.4516477584838867  GigaBytes
Max Memory Allocated: 20.937904357910156  GigaBytes

----------------------------------------before batch input features to device
 Nvidia-smi: 23.125 GB
    Memory Allocated: 0.2958040237426758  GigaBytes
Max Memory Allocated: 20.937904357910156  GigaBytes

----------------------------------------after batch input features to device
 Nvidia-smi: 23.125 GB
    Memory Allocated: 0.519047737121582  GigaBytes
Max Memory Allocated: 20.937904357910156  GigaBytes

----------------------------------------after  batch labels to device
 Nvidia-smi: 23.125 GB
    Memory Allocated: 0.519256591796875  GigaBytes
Max Memory Allocated: 20.937904357910156  GigaBytes

----------------------------------------before batch input features to device
 Nvidia-smi: 23.21875 GB
    Memory Allocated: 0.32027482986450195  GigaBytes
Max Memory Allocated: 20.937904357910156  GigaBytes

----------------------------------------after batch input features to device
 Nvidia-smi: 23.21875 GB
    Memory Allocated: 0.5418243408203125  GigaBytes
Max Memory Allocated: 20.937904357910156  GigaBytes

----------------------------------------after  batch labels to device
 Nvidia-smi: 23.21875 GB
    Memory Allocated: 0.5420351028442383  GigaBytes
Max Memory Allocated: 20.937904357910156  GigaBytes

----------------------------------------before batch input features to device
 Nvidia-smi: 23.21875 GB
    Memory Allocated: 0.33625030517578125  GigaBytes
Max Memory Allocated: 20.937904357910156  GigaBytes

----------------------------------------after batch input features to device
 Nvidia-smi: 23.21875 GB
    Memory Allocated: 0.5209426879882812  GigaBytes
Max Memory Allocated: 20.937904357910156  GigaBytes

----------------------------------------after  batch labels to device
 Nvidia-smi: 23.21875 GB
    Memory Allocated: 0.5211582183837891  GigaBytes
Max Memory Allocated: 20.937904357910156  GigaBytes

times | data loading | block to device | model prediction | loss calculation | loss backward |  optimizer step |
      |0.14580706187656947 |0.027623789651053294 |0.14900197301592147 |0.00010473387581961495 |0.14023096220833914 |0.0037293434143066406 |
----------------------------------------------------------pseudo_mini_loss sum 3.475074529647827
Epoch:  2
REG start----................................
Convert a graph into a bidirected graph: 3.282 seconds, peak memory: 82.436 GB
Construct multi-constraint weights: 0.000 seconds, peak memory: 82.436 GB
Metis partitioning: 14.511 seconds, peak memory: 83.603 GB
Split the graph: 2.072 seconds
Construct subgraphs: 0.028 seconds
REG metis partition end ----................................
connection checking time:  20.90323519706726
block generation total time  20.28488850593567
average batch blocks generation time:  2.897841215133667
----------------------------------------before batch input features to device
 Nvidia-smi: 23.21875 GB
    Memory Allocated: 0.21199941635131836  GigaBytes
Max Memory Allocated: 20.937904357910156  GigaBytes

----------------------------------------after batch input features to device
 Nvidia-smi: 23.21875 GB
    Memory Allocated: 0.3574557304382324  GigaBytes
Max Memory Allocated: 20.937904357910156  GigaBytes

----------------------------------------after  batch labels to device
 Nvidia-smi: 23.21875 GB
    Memory Allocated: 0.35766172409057617  GigaBytes
Max Memory Allocated: 20.937904357910156  GigaBytes

----------------------------------------before batch input features to device
 Nvidia-smi: 23.21875 GB
    Memory Allocated: 0.17303228378295898  GigaBytes
Max Memory Allocated: 20.937904357910156  GigaBytes

----------------------------------------after batch input features to device
 Nvidia-smi: 23.21875 GB
    Memory Allocated: 0.3988795280456543  GigaBytes
Max Memory Allocated: 20.937904357910156  GigaBytes

----------------------------------------after  batch labels to device
 Nvidia-smi: 23.21875 GB
    Memory Allocated: 0.39908313751220703  GigaBytes
Max Memory Allocated: 20.937904357910156  GigaBytes

----------------------------------------before batch input features to device
 Nvidia-smi: 23.21875 GB
    Memory Allocated: 0.26970767974853516  GigaBytes
Max Memory Allocated: 20.937904357910156  GigaBytes

----------------------------------------after batch input features to device
 Nvidia-smi: 23.21875 GB
    Memory Allocated: 0.4314384460449219  GigaBytes
Max Memory Allocated: 20.937904357910156  GigaBytes

----------------------------------------after  batch labels to device
 Nvidia-smi: 23.21875 GB
    Memory Allocated: 0.4316530227661133  GigaBytes
Max Memory Allocated: 20.937904357910156  GigaBytes

----------------------------------------before batch input features to device
 Nvidia-smi: 23.21875 GB
    Memory Allocated: 0.224517822265625  GigaBytes
Max Memory Allocated: 20.937904357910156  GigaBytes

----------------------------------------after batch input features to device
 Nvidia-smi: 23.21875 GB
    Memory Allocated: 0.4801640510559082  GigaBytes
Max Memory Allocated: 20.937904357910156  GigaBytes

----------------------------------------after  batch labels to device
 Nvidia-smi: 23.21875 GB
    Memory Allocated: 0.48036766052246094  GigaBytes
Max Memory Allocated: 20.937904357910156  GigaBytes

----------------------------------------before batch input features to device
 Nvidia-smi: 23.2265625 GB
    Memory Allocated: 0.33341217041015625  GigaBytes
Max Memory Allocated: 20.937904357910156  GigaBytes

----------------------------------------after batch input features to device
 Nvidia-smi: 23.2265625 GB
    Memory Allocated: 0.5425338745117188  GigaBytes
Max Memory Allocated: 20.937904357910156  GigaBytes

----------------------------------------after  batch labels to device
 Nvidia-smi: 23.2265625 GB
    Memory Allocated: 0.5427460670471191  GigaBytes
Max Memory Allocated: 20.937904357910156  GigaBytes

----------------------------------------before batch input features to device
 Nvidia-smi: 23.2265625 GB
    Memory Allocated: 0.30503177642822266  GigaBytes
Max Memory Allocated: 20.937904357910156  GigaBytes

----------------------------------------after batch input features to device
 Nvidia-smi: 23.2265625 GB
    Memory Allocated: 0.528472900390625  GigaBytes
Max Memory Allocated: 20.937904357910156  GigaBytes

----------------------------------------after  batch labels to device
 Nvidia-smi: 23.2265625 GB
    Memory Allocated: 0.5286884307861328  GigaBytes
Max Memory Allocated: 20.937904357910156  GigaBytes

----------------------------------------before batch input features to device
 Nvidia-smi: 23.173828125 GB
    Memory Allocated: 0.33650636672973633  GigaBytes
Max Memory Allocated: 21.195347785949707  GigaBytes

----------------------------------------after batch input features to device
 Nvidia-smi: 23.173828125 GB
    Memory Allocated: 0.5248661041259766  GigaBytes
Max Memory Allocated: 21.195347785949707  GigaBytes

----------------------------------------after  batch labels to device
 Nvidia-smi: 23.173828125 GB
    Memory Allocated: 0.5250768661499023  GigaBytes
Max Memory Allocated: 21.195347785949707  GigaBytes

times | data loading | block to device | model prediction | loss calculation | loss backward |  optimizer step |
      |0.15891742706298828 |0.019791466849190847 |0.22480252810886928 |0.00012711116245814731 |0.1266192708696638 |0.004012584686279297 |
----------------------------------------------------------pseudo_mini_loss sum 2.7381489276885986
Epoch:  3
REG start----................................
Convert a graph into a bidirected graph: 2.737 seconds, peak memory: 84.942 GB
Construct multi-constraint weights: 0.000 seconds, peak memory: 84.942 GB
Metis partitioning: 14.453 seconds, peak memory: 84.942 GB
Split the graph: 1.989 seconds
Construct subgraphs: 0.031 seconds
REG metis partition end ----................................
connection checking time:  22.55382800102234
block generation total time  22.322431802749634
average batch blocks generation time:  3.1889188289642334
block dataloader generation time/epoch 82.23633646965027
----------------------------------------before batch input features to device
 Nvidia-smi: 23.173828125 GB
    Memory Allocated: 0.21483373641967773  GigaBytes
Max Memory Allocated: 21.195347785949707  GigaBytes

----------------------------------------after batch input features to device
 Nvidia-smi: 23.173828125 GB
    Memory Allocated: 0.40467119216918945  GigaBytes
Max Memory Allocated: 21.195347785949707  GigaBytes

----------------------------------------after  batch labels to device
 Nvidia-smi: 23.173828125 GB
    Memory Allocated: 0.4048748016357422  GigaBytes
Max Memory Allocated: 21.195347785949707  GigaBytes

----------------------------------------before batch input features to device
 Nvidia-smi: 23.24609375 GB
    Memory Allocated: 0.21490478515625  GigaBytes
Max Memory Allocated: 21.195347785949707  GigaBytes

----------------------------------------after batch input features to device
 Nvidia-smi: 23.24609375 GB
    Memory Allocated: 0.4313926696777344  GigaBytes
Max Memory Allocated: 21.195347785949707  GigaBytes

----------------------------------------after  batch labels to device
 Nvidia-smi: 23.24609375 GB
    Memory Allocated: 0.4315962791442871  GigaBytes
Max Memory Allocated: 21.195347785949707  GigaBytes

----------------------------------------before batch input features to device
 Nvidia-smi: 23.365234375 GB
    Memory Allocated: 0.2578549385070801  GigaBytes
Max Memory Allocated: 21.195347785949707  GigaBytes

----------------------------------------after batch input features to device
 Nvidia-smi: 23.365234375 GB
    Memory Allocated: 0.4205961227416992  GigaBytes
Max Memory Allocated: 21.195347785949707  GigaBytes

----------------------------------------after  batch labels to device
 Nvidia-smi: 23.365234375 GB
    Memory Allocated: 0.4208106994628906  GigaBytes
Max Memory Allocated: 21.195347785949707  GigaBytes

----------------------------------------before batch input features to device
 Nvidia-smi: 23.365234375 GB
    Memory Allocated: 0.22164535522460938  GigaBytes
Max Memory Allocated: 21.195347785949707  GigaBytes

----------------------------------------after batch input features to device
 Nvidia-smi: 23.365234375 GB
    Memory Allocated: 0.4587721824645996  GigaBytes
Max Memory Allocated: 21.195347785949707  GigaBytes

----------------------------------------after  batch labels to device
 Nvidia-smi: 23.365234375 GB
    Memory Allocated: 0.45898008346557617  GigaBytes
Max Memory Allocated: 21.195347785949707  GigaBytes

----------------------------------------before batch input features to device
 Nvidia-smi: 23.484375 GB
    Memory Allocated: 0.312347412109375  GigaBytes
Max Memory Allocated: 21.195347785949707  GigaBytes

----------------------------------------after batch input features to device
 Nvidia-smi: 23.484375 GB
    Memory Allocated: 0.5245304107666016  GigaBytes
Max Memory Allocated: 21.195347785949707  GigaBytes

----------------------------------------after  batch labels to device
 Nvidia-smi: 23.484375 GB
    Memory Allocated: 0.5247364044189453  GigaBytes
Max Memory Allocated: 21.195347785949707  GigaBytes

----------------------------------------before batch input features to device
 Nvidia-smi: 23.484375 GB
    Memory Allocated: 0.30403804779052734  GigaBytes
Max Memory Allocated: 21.195347785949707  GigaBytes

----------------------------------------after batch input features to device
 Nvidia-smi: 23.484375 GB
    Memory Allocated: 0.5393490791320801  GigaBytes
Max Memory Allocated: 21.195347785949707  GigaBytes

----------------------------------------after  batch labels to device
 Nvidia-smi: 23.484375 GB
    Memory Allocated: 0.5395641326904297  GigaBytes
Max Memory Allocated: 21.195347785949707  GigaBytes

----------------------------------------before batch input features to device
 Nvidia-smi: 20.00390625 GB
    Memory Allocated: 0.3461880683898926  GigaBytes
Max Memory Allocated: 21.793651580810547  GigaBytes

----------------------------------------after batch input features to device
 Nvidia-smi: 20.00390625 GB
    Memory Allocated: 0.532498836517334  GigaBytes
Max Memory Allocated: 21.793651580810547  GigaBytes

----------------------------------------after  batch labels to device
 Nvidia-smi: 20.00390625 GB
    Memory Allocated: 0.5327143669128418  GigaBytes
Max Memory Allocated: 21.793651580810547  GigaBytes

times | data loading | block to device | model prediction | loss calculation | loss backward |  optimizer step |
      |0.1606403078351702 |0.0202502863747733 |0.23477373804364884 |0.00012329646519252231 |0.13857555389404297 |0.00438380241394043 |
----------------------------------------------------------pseudo_mini_loss sum 2.2401089668273926
Total (block generation + training)time/epoch 86.22378468513489
Training time/epoch 3.98716402053833
Training time without block to device /epoch 3.845412015914917
Training time without total dataloading part(pure training) /epoch 2.618691921234131
load block tensor time/epoch 1.1244821548461914
block to device time/epoch 0.14175200462341309
input features size transfer per epoch 0.0
blocks size to device per epoch 0.0

Epoch:  4
REG start----................................
Convert a graph into a bidirected graph: 3.147 seconds, peak memory: 84.942 GB
Construct multi-constraint weights: 0.000 seconds, peak memory: 84.942 GB
Metis partitioning: 15.274 seconds, peak memory: 84.942 GB
Split the graph: 2.020 seconds
Construct subgraphs: 0.030 seconds
REG metis partition end ----................................
connection checking time:  20.7307288646698
block generation total time  20.0726101398468
average batch blocks generation time:  2.867515734263829
block dataloader generation time/epoch 80.89166557788849
----------------------------------------before batch input features to device
 Nvidia-smi: 21.326171875 GB
    Memory Allocated: 0.21280860900878906  GigaBytes
Max Memory Allocated: 21.793651580810547  GigaBytes

----------------------------------------after batch input features to device
 Nvidia-smi: 21.326171875 GB
    Memory Allocated: 0.3622713088989258  GigaBytes
Max Memory Allocated: 21.793651580810547  GigaBytes

----------------------------------------after  batch labels to device
 Nvidia-smi: 21.326171875 GB
    Memory Allocated: 0.36248111724853516  GigaBytes
Max Memory Allocated: 21.793651580810547  GigaBytes

----------------------------------------before batch input features to device
 Nvidia-smi: 21.537109375 GB
    Memory Allocated: 0.1753249168395996  GigaBytes
Max Memory Allocated: 21.793651580810547  GigaBytes

----------------------------------------after batch input features to device
 Nvidia-smi: 21.537109375 GB
    Memory Allocated: 0.36704444885253906  GigaBytes
Max Memory Allocated: 21.793651580810547  GigaBytes

----------------------------------------after  batch labels to device
 Nvidia-smi: 21.537109375 GB
    Memory Allocated: 0.36724853515625  GigaBytes
Max Memory Allocated: 21.793651580810547  GigaBytes

----------------------------------------before batch input features to device
 Nvidia-smi: 21.537109375 GB
    Memory Allocated: 0.23494958877563477  GigaBytes
Max Memory Allocated: 21.793651580810547  GigaBytes

----------------------------------------after batch input features to device
 Nvidia-smi: 21.537109375 GB
    Memory Allocated: 0.420290470123291  GigaBytes
Max Memory Allocated: 21.793651580810547  GigaBytes

----------------------------------------after  batch labels to device
 Nvidia-smi: 21.537109375 GB
    Memory Allocated: 0.4205045700073242  GigaBytes
Max Memory Allocated: 21.793651580810547  GigaBytes

----------------------------------------before batch input features to device
 Nvidia-smi: 21.537109375 GB
    Memory Allocated: 0.2462000846862793  GigaBytes
Max Memory Allocated: 21.793651580810547  GigaBytes

----------------------------------------after batch input features to device
 Nvidia-smi: 21.537109375 GB
    Memory Allocated: 0.45946264266967773  GigaBytes
Max Memory Allocated: 21.793651580810547  GigaBytes

----------------------------------------after  batch labels to device
 Nvidia-smi: 21.537109375 GB
    Memory Allocated: 0.4596724510192871  GigaBytes
Max Memory Allocated: 21.793651580810547  GigaBytes

----------------------------------------before batch input features to device
 Nvidia-smi: 21.537109375 GB
    Memory Allocated: 0.29076433181762695  GigaBytes
Max Memory Allocated: 21.793651580810547  GigaBytes

----------------------------------------after batch input features to device
 Nvidia-smi: 21.537109375 GB
    Memory Allocated: 0.5239706039428711  GigaBytes
Max Memory Allocated: 21.793651580810547  GigaBytes

----------------------------------------after  batch labels to device
 Nvidia-smi: 21.537109375 GB
    Memory Allocated: 0.524174690246582  GigaBytes
Max Memory Allocated: 21.793651580810547  GigaBytes

----------------------------------------before batch input features to device
 Nvidia-smi: 21.640625 GB
    Memory Allocated: 0.326235294342041  GigaBytes
Max Memory Allocated: 21.793651580810547  GigaBytes

----------------------------------------after batch input features to device
 Nvidia-smi: 21.640625 GB
    Memory Allocated: 0.5568423271179199  GigaBytes
Max Memory Allocated: 21.793651580810547  GigaBytes

----------------------------------------after  batch labels to device
 Nvidia-smi: 21.640625 GB
    Memory Allocated: 0.5570549964904785  GigaBytes
Max Memory Allocated: 21.793651580810547  GigaBytes

----------------------------------------before batch input features to device
 Nvidia-smi: 23.150390625 GB
    Memory Allocated: 0.34055614471435547  GigaBytes
Max Memory Allocated: 21.793651580810547  GigaBytes

----------------------------------------after batch input features to device
 Nvidia-smi: 23.150390625 GB
    Memory Allocated: 0.5177855491638184  GigaBytes
Max Memory Allocated: 21.793651580810547  GigaBytes

----------------------------------------after  batch labels to device
 Nvidia-smi: 23.150390625 GB
    Memory Allocated: 0.5179977416992188  GigaBytes
Max Memory Allocated: 21.793651580810547  GigaBytes

times | data loading | block to device | model prediction | loss calculation | loss backward |  optimizer step |
      |0.17257778985159739 |0.027522938592093333 |0.16977643966674805 |0.00012959752764020647 |0.12975249971662248 |0.004656791687011719 |
----------------------------------------------------------pseudo_mini_loss sum 1.7807320356369019
Total (block generation + training)time/epoch 84.68337333202362
Training time/epoch 3.595729112625122
Training time without block to device /epoch 3.4030685424804688
Training time without total dataloading part(pure training) /epoch 2.102266550064087
load block tensor time/epoch 1.2080445289611816
block to device time/epoch 0.19266057014465332
input features size transfer per epoch 0.0
blocks size to device per epoch 0.0

Epoch:  5
REG start----................................
Convert a graph into a bidirected graph: 3.130 seconds, peak memory: 84.942 GB
Construct multi-constraint weights: 0.000 seconds, peak memory: 84.942 GB
Metis partitioning: 14.812 seconds, peak memory: 84.942 GB
Split the graph: 2.125 seconds
Construct subgraphs: 0.026 seconds
REG metis partition end ----................................
connection checking time:  20.690876245498657
block generation total time  20.83389711380005
average batch blocks generation time:  2.97627101625715
block dataloader generation time/epoch 80.63971892992656
----------------------------------------before batch input features to device
 Nvidia-smi: 23.150390625 GB
    Memory Allocated: 0.2040724754333496  GigaBytes
Max Memory Allocated: 21.793651580810547  GigaBytes

----------------------------------------after batch input features to device
 Nvidia-smi: 23.150390625 GB
    Memory Allocated: 0.34559106826782227  GigaBytes
Max Memory Allocated: 21.793651580810547  GigaBytes

----------------------------------------after  batch labels to device
 Nvidia-smi: 23.150390625 GB
    Memory Allocated: 0.345797061920166  GigaBytes
Max Memory Allocated: 21.793651580810547  GigaBytes

----------------------------------------before batch input features to device
 Nvidia-smi: 23.150390625 GB
    Memory Allocated: 0.16735553741455078  GigaBytes
Max Memory Allocated: 21.793651580810547  GigaBytes

----------------------------------------after batch input features to device
 Nvidia-smi: 23.150390625 GB
    Memory Allocated: 0.3636445999145508  GigaBytes
Max Memory Allocated: 21.793651580810547  GigaBytes

----------------------------------------after  batch labels to device
 Nvidia-smi: 23.150390625 GB
    Memory Allocated: 0.36385154724121094  GigaBytes
Max Memory Allocated: 21.793651580810547  GigaBytes

----------------------------------------before batch input features to device
 Nvidia-smi: 23.150390625 GB
    Memory Allocated: 0.23924827575683594  GigaBytes
Max Memory Allocated: 21.793651580810547  GigaBytes

----------------------------------------after batch input features to device
 Nvidia-smi: 23.150390625 GB
    Memory Allocated: 0.4298520088195801  GigaBytes
Max Memory Allocated: 21.793651580810547  GigaBytes

----------------------------------------after  batch labels to device
 Nvidia-smi: 23.150390625 GB
    Memory Allocated: 0.4300556182861328  GigaBytes
Max Memory Allocated: 21.793651580810547  GigaBytes

----------------------------------------before batch input features to device
 Nvidia-smi: 23.150390625 GB
    Memory Allocated: 0.24972200393676758  GigaBytes
Max Memory Allocated: 21.793651580810547  GigaBytes

----------------------------------------after batch input features to device
 Nvidia-smi: 23.150390625 GB
    Memory Allocated: 0.44257259368896484  GigaBytes
Max Memory Allocated: 21.793651580810547  GigaBytes

----------------------------------------after  batch labels to device
 Nvidia-smi: 23.150390625 GB
    Memory Allocated: 0.442779541015625  GigaBytes
Max Memory Allocated: 21.793651580810547  GigaBytes

----------------------------------------before batch input features to device
 Nvidia-smi: 23.150390625 GB
    Memory Allocated: 0.2684001922607422  GigaBytes
Max Memory Allocated: 21.793651580810547  GigaBytes

----------------------------------------after batch input features to device
 Nvidia-smi: 23.150390625 GB
    Memory Allocated: 0.46542787551879883  GigaBytes
Max Memory Allocated: 21.793651580810547  GigaBytes

----------------------------------------after  batch labels to device
 Nvidia-smi: 23.150390625 GB
    Memory Allocated: 0.46564340591430664  GigaBytes
Max Memory Allocated: 21.793651580810547  GigaBytes

----------------------------------------before batch input features to device
 Nvidia-smi: 23.150390625 GB
    Memory Allocated: 0.2902865409851074  GigaBytes
Max Memory Allocated: 21.793651580810547  GigaBytes

----------------------------------------after batch input features to device
 Nvidia-smi: 23.150390625 GB
    Memory Allocated: 0.5227551460266113  GigaBytes
Max Memory Allocated: 21.793651580810547  GigaBytes

----------------------------------------after  batch labels to device
 Nvidia-smi: 23.150390625 GB
    Memory Allocated: 0.5229697227478027  GigaBytes
Max Memory Allocated: 21.793651580810547  GigaBytes

----------------------------------------before batch input features to device
 Nvidia-smi: 23.150390625 GB
    Memory Allocated: 0.3420591354370117  GigaBytes
Max Memory Allocated: 21.793651580810547  GigaBytes

----------------------------------------after batch input features to device
 Nvidia-smi: 23.150390625 GB
    Memory Allocated: 0.5145926475524902  GigaBytes
Max Memory Allocated: 21.793651580810547  GigaBytes

----------------------------------------after  batch labels to device
 Nvidia-smi: 23.150390625 GB
    Memory Allocated: 0.5148053169250488  GigaBytes
Max Memory Allocated: 21.793651580810547  GigaBytes

times | data loading | block to device | model prediction | loss calculation | loss backward |  optimizer step |
      |0.1478229590824672 |0.016849892480032786 |0.16133427619934082 |0.0001243182591029576 |0.12917750222342356 |0.003790140151977539 |
----------------------------------------------------------pseudo_mini_loss sum 1.5501337051391602
Total (block generation + training)time/epoch 84.2636586825053
Training time/epoch 3.288182258605957
Training time without block to device /epoch 3.1702330112457275
Training time without total dataloading part(pure training) /epoch 2.038242816925049
load block tensor time/epoch 1.0347607135772705
block to device time/epoch 0.11794924736022949
input features size transfer per epoch 0.0
blocks size to device per epoch 0.0

Epoch:  6
REG start----................................
Convert a graph into a bidirected graph: 3.082 seconds, peak memory: 84.942 GB
Construct multi-constraint weights: 0.000 seconds, peak memory: 84.942 GB
Metis partitioning: 14.676 seconds, peak memory: 84.942 GB
Split the graph: 1.910 seconds
Construct subgraphs: 0.024 seconds
REG metis partition end ----................................
connection checking time:  20.80408763885498
block generation total time  20.5365891456604
average batch blocks generation time:  2.933798449380057
block dataloader generation time/epoch 80.39873880147934
----------------------------------------before batch input features to device
 Nvidia-smi: 23.150390625 GB
    Memory Allocated: 0.19865751266479492  GigaBytes
Max Memory Allocated: 21.793651580810547  GigaBytes

----------------------------------------after batch input features to device
 Nvidia-smi: 23.150390625 GB
    Memory Allocated: 0.34318017959594727  GigaBytes
Max Memory Allocated: 21.793651580810547  GigaBytes

----------------------------------------after  batch labels to device
 Nvidia-smi: 23.150390625 GB
    Memory Allocated: 0.3433833122253418  GigaBytes
Max Memory Allocated: 21.793651580810547  GigaBytes

----------------------------------------before batch input features to device
 Nvidia-smi: 23.150390625 GB
    Memory Allocated: 0.1706404685974121  GigaBytes
Max Memory Allocated: 21.793651580810547  GigaBytes

----------------------------------------after batch input features to device
 Nvidia-smi: 23.150390625 GB
    Memory Allocated: 0.3508944511413574  GigaBytes
Max Memory Allocated: 21.793651580810547  GigaBytes

----------------------------------------after  batch labels to device
 Nvidia-smi: 23.150390625 GB
    Memory Allocated: 0.3511042594909668  GigaBytes
Max Memory Allocated: 21.793651580810547  GigaBytes

----------------------------------------before batch input features to device
 Nvidia-smi: 23.150390625 GB
    Memory Allocated: 0.22365427017211914  GigaBytes
Max Memory Allocated: 21.793651580810547  GigaBytes

----------------------------------------after batch input features to device
 Nvidia-smi: 23.150390625 GB
    Memory Allocated: 0.42998409271240234  GigaBytes
Max Memory Allocated: 21.793651580810547  GigaBytes

----------------------------------------after  batch labels to device
 Nvidia-smi: 23.150390625 GB
    Memory Allocated: 0.4301881790161133  GigaBytes
Max Memory Allocated: 21.793651580810547  GigaBytes

----------------------------------------before batch input features to device
 Nvidia-smi: 23.150390625 GB
    Memory Allocated: 0.2666153907775879  GigaBytes
Max Memory Allocated: 21.793651580810547  GigaBytes

----------------------------------------after batch input features to device
 Nvidia-smi: 23.150390625 GB
    Memory Allocated: 0.49023962020874023  GigaBytes
Max Memory Allocated: 21.793651580810547  GigaBytes

----------------------------------------after  batch labels to device
 Nvidia-smi: 23.150390625 GB
    Memory Allocated: 0.4904499053955078  GigaBytes
Max Memory Allocated: 21.793651580810547  GigaBytes

----------------------------------------before batch input features to device
 Nvidia-smi: 23.150390625 GB
    Memory Allocated: 0.30087947845458984  GigaBytes
Max Memory Allocated: 21.793651580810547  GigaBytes

----------------------------------------after batch input features to device
 Nvidia-smi: 23.150390625 GB
    Memory Allocated: 0.5196456909179688  GigaBytes
Max Memory Allocated: 21.793651580810547  GigaBytes

----------------------------------------after  batch labels to device
 Nvidia-smi: 23.150390625 GB
    Memory Allocated: 0.5198569297790527  GigaBytes
Max Memory Allocated: 21.793651580810547  GigaBytes

----------------------------------------before batch input features to device
 Nvidia-smi: 23.150390625 GB
    Memory Allocated: 0.31282472610473633  GigaBytes
Max Memory Allocated: 21.793651580810547  GigaBytes

----------------------------------------after batch input features to device
 Nvidia-smi: 23.150390625 GB
    Memory Allocated: 0.5311541557312012  GigaBytes
Max Memory Allocated: 21.793651580810547  GigaBytes

----------------------------------------after  batch labels to device
 Nvidia-smi: 23.150390625 GB
    Memory Allocated: 0.531367301940918  GigaBytes
Max Memory Allocated: 21.793651580810547  GigaBytes

----------------------------------------before batch input features to device
 Nvidia-smi: 23.150390625 GB
    Memory Allocated: 0.3303990364074707  GigaBytes
Max Memory Allocated: 21.793651580810547  GigaBytes

----------------------------------------after batch input features to device
 Nvidia-smi: 23.150390625 GB
    Memory Allocated: 0.5100193023681641  GigaBytes
Max Memory Allocated: 21.793651580810547  GigaBytes

----------------------------------------after  batch labels to device
 Nvidia-smi: 23.150390625 GB
    Memory Allocated: 0.5102334022521973  GigaBytes
Max Memory Allocated: 21.793651580810547  GigaBytes

times | data loading | block to device | model prediction | loss calculation | loss backward |  optimizer step |
      |0.15213649613516672 |0.020058631896972656 |0.16365415709359304 |0.00012915475027901785 |0.13222541127886092 |0.0032732486724853516 |
----------------------------------------------------------pseudo_mini_loss sum 1.392026424407959
Total (block generation + training)time/epoch 83.95943361520767
Training time/epoch 3.370734691619873
Training time without block to device /epoch 3.2303242683410645
Training time without total dataloading part(pure training) /epoch 2.075334310531616
load block tensor time/epoch 1.064955472946167
block to device time/epoch 0.1404104232788086
input features size transfer per epoch 0.0
blocks size to device per epoch 0.0

Epoch:  7
REG start----................................
Convert a graph into a bidirected graph: 3.166 seconds, peak memory: 85.232 GB
Construct multi-constraint weights: 0.000 seconds, peak memory: 85.232 GB
Metis partitioning: 15.175 seconds, peak memory: 85.232 GB
Split the graph: 2.383 seconds
Construct subgraphs: 0.027 seconds
REG metis partition end ----................................
connection checking time:  20.67628502845764
block generation total time  21.021822452545166
average batch blocks generation time:  3.003117493220738
block dataloader generation time/epoch 80.52009201049805
----------------------------------------before batch input features to device
 Nvidia-smi: 23.150390625 GB
    Memory Allocated: 0.20552825927734375  GigaBytes
Max Memory Allocated: 21.793651580810547  GigaBytes

----------------------------------------after batch input features to device
 Nvidia-smi: 23.150390625 GB
    Memory Allocated: 0.35919713973999023  GigaBytes
Max Memory Allocated: 21.793651580810547  GigaBytes

----------------------------------------after  batch labels to device
 Nvidia-smi: 23.150390625 GB
    Memory Allocated: 0.359403133392334  GigaBytes
Max Memory Allocated: 21.793651580810547  GigaBytes

----------------------------------------before batch input features to device
 Nvidia-smi: 23.150390625 GB
    Memory Allocated: 0.17923259735107422  GigaBytes
Max Memory Allocated: 21.793651580810547  GigaBytes

----------------------------------------after batch input features to device
 Nvidia-smi: 23.150390625 GB
    Memory Allocated: 0.39058923721313477  GigaBytes
Max Memory Allocated: 21.793651580810547  GigaBytes

----------------------------------------after  batch labels to device
 Nvidia-smi: 23.150390625 GB
    Memory Allocated: 0.3907923698425293  GigaBytes
Max Memory Allocated: 21.793651580810547  GigaBytes

----------------------------------------before batch input features to device
 Nvidia-smi: 23.150390625 GB
    Memory Allocated: 0.2541179656982422  GigaBytes
Max Memory Allocated: 21.793651580810547  GigaBytes

----------------------------------------after batch input features to device
 Nvidia-smi: 23.150390625 GB
    Memory Allocated: 0.41887474060058594  GigaBytes
Max Memory Allocated: 21.793651580810547  GigaBytes

----------------------------------------after  batch labels to device
 Nvidia-smi: 23.150390625 GB
    Memory Allocated: 0.41909027099609375  GigaBytes
Max Memory Allocated: 21.793651580810547  GigaBytes

----------------------------------------before batch input features to device
 Nvidia-smi: 23.150390625 GB
    Memory Allocated: 0.2243499755859375  GigaBytes
Max Memory Allocated: 21.793651580810547  GigaBytes

----------------------------------------after batch input features to device
 Nvidia-smi: 23.150390625 GB
    Memory Allocated: 0.45246076583862305  GigaBytes
Max Memory Allocated: 21.793651580810547  GigaBytes

----------------------------------------after  batch labels to device
 Nvidia-smi: 23.150390625 GB
    Memory Allocated: 0.45267629623413086  GigaBytes
Max Memory Allocated: 21.793651580810547  GigaBytes

----------------------------------------before batch input features to device
 Nvidia-smi: 23.490234375 GB
    Memory Allocated: 0.3084249496459961  GigaBytes
Max Memory Allocated: 21.793651580810547  GigaBytes

----------------------------------------after batch input features to device
 Nvidia-smi: 23.490234375 GB
    Memory Allocated: 0.5168814659118652  GigaBytes
Max Memory Allocated: 21.793651580810547  GigaBytes

----------------------------------------after  batch labels to device
 Nvidia-smi: 23.490234375 GB
    Memory Allocated: 0.5170965194702148  GigaBytes
Max Memory Allocated: 21.793651580810547  GigaBytes

----------------------------------------before batch input features to device
 Nvidia-smi: 23.490234375 GB
    Memory Allocated: 0.3066730499267578  GigaBytes
Max Memory Allocated: 21.793651580810547  GigaBytes

----------------------------------------after batch input features to device
 Nvidia-smi: 23.490234375 GB
    Memory Allocated: 0.5269174575805664  GigaBytes
Max Memory Allocated: 21.793651580810547  GigaBytes

----------------------------------------after  batch labels to device
 Nvidia-smi: 23.490234375 GB
    Memory Allocated: 0.5271239280700684  GigaBytes
Max Memory Allocated: 21.793651580810547  GigaBytes

----------------------------------------before batch input features to device
 Nvidia-smi: 23.490234375 GB
    Memory Allocated: 0.33547163009643555  GigaBytes
Max Memory Allocated: 21.793651580810547  GigaBytes

----------------------------------------after batch input features to device
 Nvidia-smi: 23.490234375 GB
    Memory Allocated: 0.5698270797729492  GigaBytes
Max Memory Allocated: 21.793651580810547  GigaBytes

----------------------------------------after  batch labels to device
 Nvidia-smi: 23.490234375 GB
    Memory Allocated: 0.5700321197509766  GigaBytes
Max Memory Allocated: 21.793651580810547  GigaBytes

times | data loading | block to device | model prediction | loss calculation | loss backward |  optimizer step |
      |0.15898346900939941 |0.023629426956176758 |0.16467084203447616 |0.00012275150844029019 |0.12802301134381974 |0.002368450164794922 |
----------------------------------------------------------pseudo_mini_loss sum 1.273414134979248
Total (block generation + training)time/epoch 84.05318021774292
Training time/epoch 3.4223413467407227
Training time without block to device /epoch 3.2569353580474854
Training time without total dataloading part(pure training) /epoch 2.0520846843719482
load block tensor time/epoch 1.112884283065796
block to device time/epoch 0.1654059886932373
input features size transfer per epoch 0.0
blocks size to device per epoch 0.0

Epoch:  8
REG start----................................
Convert a graph into a bidirected graph: 3.361 seconds, peak memory: 85.269 GB
Construct multi-constraint weights: 0.000 seconds, peak memory: 85.269 GB
Metis partitioning: 14.987 seconds, peak memory: 85.269 GB
Split the graph: 2.310 seconds
Construct subgraphs: 0.018 seconds
REG metis partition end ----................................
connection checking time:  20.637612104415894
block generation total time  20.68632745742798
average batch blocks generation time:  2.9551896367754256
block dataloader generation time/epoch 80.46986639499664
----------------------------------------before batch input features to device
 Nvidia-smi: 23.490234375 GB
    Memory Allocated: 0.25980615615844727  GigaBytes
Max Memory Allocated: 21.793651580810547  GigaBytes

----------------------------------------after batch input features to device
 Nvidia-smi: 23.490234375 GB
    Memory Allocated: 0.40782928466796875  GigaBytes
Max Memory Allocated: 21.793651580810547  GigaBytes

----------------------------------------after  batch labels to device
 Nvidia-smi: 23.490234375 GB
    Memory Allocated: 0.4080390930175781  GigaBytes
Max Memory Allocated: 21.793651580810547  GigaBytes

----------------------------------------before batch input features to device
 Nvidia-smi: 23.490234375 GB
    Memory Allocated: 0.1744074821472168  GigaBytes
Max Memory Allocated: 21.793651580810547  GigaBytes

----------------------------------------after batch input features to device
 Nvidia-smi: 23.490234375 GB
    Memory Allocated: 0.3690366744995117  GigaBytes
Max Memory Allocated: 21.793651580810547  GigaBytes

----------------------------------------after  batch labels to device
 Nvidia-smi: 23.490234375 GB
    Memory Allocated: 0.36924076080322266  GigaBytes
Max Memory Allocated: 21.793651580810547  GigaBytes

----------------------------------------before batch input features to device
 Nvidia-smi: 23.490234375 GB
    Memory Allocated: 0.23923015594482422  GigaBytes
Max Memory Allocated: 21.793651580810547  GigaBytes

----------------------------------------after batch input features to device
 Nvidia-smi: 23.490234375 GB
    Memory Allocated: 0.41996002197265625  GigaBytes
Max Memory Allocated: 21.793651580810547  GigaBytes

----------------------------------------after  batch labels to device
 Nvidia-smi: 23.490234375 GB
    Memory Allocated: 0.42017173767089844  GigaBytes
Max Memory Allocated: 21.793651580810547  GigaBytes

----------------------------------------before batch input features to device
 Nvidia-smi: 23.490234375 GB
    Memory Allocated: 0.24112462997436523  GigaBytes
Max Memory Allocated: 21.793651580810547  GigaBytes

----------------------------------------after batch input features to device
 Nvidia-smi: 23.490234375 GB
    Memory Allocated: 0.4523634910583496  GigaBytes
Max Memory Allocated: 21.793651580810547  GigaBytes

----------------------------------------after  batch labels to device
 Nvidia-smi: 23.490234375 GB
    Memory Allocated: 0.45256757736206055  GigaBytes
Max Memory Allocated: 21.793651580810547  GigaBytes

----------------------------------------before batch input features to device
 Nvidia-smi: 23.490234375 GB
    Memory Allocated: 0.2875385284423828  GigaBytes
Max Memory Allocated: 21.793651580810547  GigaBytes

----------------------------------------after batch input features to device
 Nvidia-smi: 23.490234375 GB
    Memory Allocated: 0.5300426483154297  GigaBytes
Max Memory Allocated: 21.793651580810547  GigaBytes

----------------------------------------after  batch labels to device
 Nvidia-smi: 23.490234375 GB
    Memory Allocated: 0.5302495956420898  GigaBytes
Max Memory Allocated: 21.793651580810547  GigaBytes

----------------------------------------before batch input features to device
 Nvidia-smi: 23.490234375 GB
    Memory Allocated: 0.33612918853759766  GigaBytes
Max Memory Allocated: 21.793651580810547  GigaBytes

----------------------------------------after batch input features to device
 Nvidia-smi: 23.490234375 GB
    Memory Allocated: 0.5259871482849121  GigaBytes
Max Memory Allocated: 21.793651580810547  GigaBytes

----------------------------------------after  batch labels to device
 Nvidia-smi: 23.490234375 GB
    Memory Allocated: 0.5262012481689453  GigaBytes
Max Memory Allocated: 21.793651580810547  GigaBytes

----------------------------------------before batch input features to device
 Nvidia-smi: 23.490234375 GB
    Memory Allocated: 0.3002910614013672  GigaBytes
Max Memory Allocated: 21.793651580810547  GigaBytes

----------------------------------------after batch input features to device
 Nvidia-smi: 23.490234375 GB
    Memory Allocated: 0.5235366821289062  GigaBytes
Max Memory Allocated: 21.793651580810547  GigaBytes

----------------------------------------after  batch labels to device
 Nvidia-smi: 23.490234375 GB
    Memory Allocated: 0.5237522125244141  GigaBytes
Max Memory Allocated: 21.793651580810547  GigaBytes

times | data loading | block to device | model prediction | loss calculation | loss backward |  optimizer step |
      |0.1521439552307129 |0.018567630222865512 |0.1623821599142892 |0.00012087821960449219 |0.12976482936314174 |0.0024788379669189453 |
----------------------------------------------------------pseudo_mini_loss sum 1.1792875528335571
Total (block generation + training)time/epoch 83.97331591447194
Training time/epoch 3.355025053024292
Training time without block to device /epoch 3.2250516414642334
Training time without total dataloading part(pure training) /epoch 2.048353910446167
load block tensor time/epoch 1.0650076866149902
block to device time/epoch 0.1299734115600586
input features size transfer per epoch 0.0
blocks size to device per epoch 0.0

Epoch:  9
REG start----................................
Convert a graph into a bidirected graph: 3.073 seconds, peak memory: 85.458 GB
Construct multi-constraint weights: 0.000 seconds, peak memory: 85.458 GB
Metis partitioning: 14.930 seconds, peak memory: 85.458 GB
Split the graph: 1.956 seconds
Construct subgraphs: 0.018 seconds
REG metis partition end ----................................
connection checking time:  20.73903489112854
block generation total time  20.545308351516724
average batch blocks generation time:  2.935044050216675
block dataloader generation time/epoch 80.36204160962787
----------------------------------------before batch input features to device
 Nvidia-smi: 23.490234375 GB
    Memory Allocated: 0.24956083297729492  GigaBytes
Max Memory Allocated: 21.793651580810547  GigaBytes

----------------------------------------after batch input features to device
 Nvidia-smi: 23.490234375 GB
    Memory Allocated: 0.4020724296569824  GigaBytes
Max Memory Allocated: 21.793651580810547  GigaBytes

----------------------------------------after  batch labels to device
 Nvidia-smi: 23.490234375 GB
    Memory Allocated: 0.4022812843322754  GigaBytes
Max Memory Allocated: 21.793651580810547  GigaBytes

----------------------------------------before batch input features to device
 Nvidia-smi: 23.490234375 GB
    Memory Allocated: 0.1784205436706543  GigaBytes
Max Memory Allocated: 21.793651580810547  GigaBytes

----------------------------------------after batch input features to device
 Nvidia-smi: 23.490234375 GB
    Memory Allocated: 0.3836684226989746  GigaBytes
Max Memory Allocated: 21.793651580810547  GigaBytes

----------------------------------------after  batch labels to device
 Nvidia-smi: 23.490234375 GB
    Memory Allocated: 0.38387203216552734  GigaBytes
Max Memory Allocated: 21.793651580810547  GigaBytes

----------------------------------------before batch input features to device
 Nvidia-smi: 23.490234375 GB
    Memory Allocated: 0.24647188186645508  GigaBytes
Max Memory Allocated: 21.793651580810547  GigaBytes

----------------------------------------after batch input features to device
 Nvidia-smi: 23.490234375 GB
    Memory Allocated: 0.43346452713012695  GigaBytes
Max Memory Allocated: 21.793651580810547  GigaBytes

----------------------------------------after  batch labels to device
 Nvidia-smi: 23.490234375 GB
    Memory Allocated: 0.43368005752563477  GigaBytes
Max Memory Allocated: 21.793651580810547  GigaBytes

----------------------------------------before batch input features to device
 Nvidia-smi: 23.490234375 GB
    Memory Allocated: 0.2459578514099121  GigaBytes
Max Memory Allocated: 21.793651580810547  GigaBytes

----------------------------------------after batch input features to device
 Nvidia-smi: 23.490234375 GB
    Memory Allocated: 0.45289182662963867  GigaBytes
Max Memory Allocated: 21.793651580810547  GigaBytes

----------------------------------------after  batch labels to device
 Nvidia-smi: 23.490234375 GB
    Memory Allocated: 0.45310068130493164  GigaBytes
Max Memory Allocated: 21.793651580810547  GigaBytes

----------------------------------------before batch input features to device
 Nvidia-smi: 23.490234375 GB
    Memory Allocated: 0.28441667556762695  GigaBytes
Max Memory Allocated: 21.793651580810547  GigaBytes

----------------------------------------after batch input features to device
 Nvidia-smi: 23.490234375 GB
    Memory Allocated: 0.5196523666381836  GigaBytes
Max Memory Allocated: 21.793651580810547  GigaBytes

----------------------------------------after  batch labels to device
 Nvidia-smi: 23.490234375 GB
    Memory Allocated: 0.5198559761047363  GigaBytes
Max Memory Allocated: 21.793651580810547  GigaBytes

----------------------------------------before batch input features to device
 Nvidia-smi: 23.490234375 GB
    Memory Allocated: 0.32771778106689453  GigaBytes
Max Memory Allocated: 21.793651580810547  GigaBytes

----------------------------------------after batch input features to device
 Nvidia-smi: 23.490234375 GB
    Memory Allocated: 0.5185742378234863  GigaBytes
Max Memory Allocated: 21.793651580810547  GigaBytes

----------------------------------------after  batch labels to device
 Nvidia-smi: 23.490234375 GB
    Memory Allocated: 0.5187854766845703  GigaBytes
Max Memory Allocated: 21.793651580810547  GigaBytes

----------------------------------------before batch input features to device
 Nvidia-smi: 23.490234375 GB
    Memory Allocated: 0.30073070526123047  GigaBytes
Max Memory Allocated: 21.793651580810547  GigaBytes

----------------------------------------after batch input features to device
 Nvidia-smi: 23.490234375 GB
    Memory Allocated: 0.5263276100158691  GigaBytes
Max Memory Allocated: 21.793651580810547  GigaBytes

----------------------------------------after  batch labels to device
 Nvidia-smi: 23.490234375 GB
    Memory Allocated: 0.5265421867370605  GigaBytes
Max Memory Allocated: 21.793651580810547  GigaBytes

times | data loading | block to device | model prediction | loss calculation | loss backward |  optimizer step |
      |0.15507749148777553 |0.017896856580461775 |0.16808230536324636 |0.00012390954153878347 |0.12943267822265625 |0.004055023193359375 |
----------------------------------------------------------pseudo_mini_loss sum 1.0794590711593628
Total (block generation + training)time/epoch 83.85240122250148
Training time/epoch 3.4115793704986572
Training time without block to device /epoch 3.286301374435425
Training time without total dataloading part(pure training) /epoch 2.087527275085449
load block tensor time/epoch 1.0855424404144287
block to device time/epoch 0.12527799606323242
input features size transfer per epoch 0.0
blocks size to device per epoch 0.0

