main start at this time 1688413623.8903928
-----------------------------------------before load data 
 Nvidia-smi: 0.166015625 GB
    Memory Allocated: 0.0  GigaBytes
Max Memory Allocated: 0.0  GigaBytes

#nodes: 2449029
#edges: 123718024
#classes: 47
success----------------------------------------
196571
39255
2164782
# Nodes: 2400608
# Edges: 123718024
# Train: 196571
# Val: 39255
# Test: 2164782
# Classes: 47

----------------------------------------start of run function 
 Nvidia-smi: 0.166015625 GB
    Memory Allocated: 0.0  GigaBytes
Max Memory Allocated: 0.0  GigaBytes

in feats:  100
Epoch:  0
REG start----................................
Convert a graph into a bidirected graph: 3.040 seconds, peak memory: 34.201 GB
Construct multi-constraint weights: 0.000 seconds, peak memory: 34.201 GB
Metis partitioning: 13.429 seconds, peak memory: 35.476 GB
Split the graph: 2.142 seconds
Construct subgraphs: 0.011 seconds
REG metis partition end ----................................
connection checking time:  20.924811124801636
block generation total time  21.00324845314026
average batch blocks generation time:  2.33369427257114
----------------------------------------before batch input features to device
 Nvidia-smi: 1.34375 GB
    Memory Allocated: 0.000934600830078125  GigaBytes
Max Memory Allocated: 0.000934600830078125  GigaBytes

----------------------------------------after batch input features to device
 Nvidia-smi: 1.501953125 GB
    Memory Allocated: 0.15913772583007812  GigaBytes
Max Memory Allocated: 0.15913772583007812  GigaBytes

----------------------------------------after  batch labels to device
 Nvidia-smi: 1.501953125 GB
    Memory Allocated: 0.15929651260375977  GigaBytes
Max Memory Allocated: 0.15929651260375977  GigaBytes

----------------------------------------before batch input features to device
 Nvidia-smi: 15.41015625 GB
    Memory Allocated: 0.17671871185302734  GigaBytes
Max Memory Allocated: 13.581106185913086  GigaBytes

----------------------------------------after batch input features to device
 Nvidia-smi: 15.41015625 GB
    Memory Allocated: 0.3142819404602051  GigaBytes
Max Memory Allocated: 13.581106185913086  GigaBytes

----------------------------------------after  batch labels to device
 Nvidia-smi: 15.41015625 GB
    Memory Allocated: 0.3144402503967285  GigaBytes
Max Memory Allocated: 13.581106185913086  GigaBytes

----------------------------------------before batch input features to device
 Nvidia-smi: 16.068359375 GB
    Memory Allocated: 0.1693105697631836  GigaBytes
Max Memory Allocated: 13.581106185913086  GigaBytes

----------------------------------------after batch input features to device
 Nvidia-smi: 16.068359375 GB
    Memory Allocated: 0.32002782821655273  GigaBytes
Max Memory Allocated: 13.581106185913086  GigaBytes

----------------------------------------after  batch labels to device
 Nvidia-smi: 16.068359375 GB
    Memory Allocated: 0.32019567489624023  GigaBytes
Max Memory Allocated: 13.581106185913086  GigaBytes

----------------------------------------before batch input features to device
 Nvidia-smi: 22.27734375 GB
    Memory Allocated: 0.19753694534301758  GigaBytes
Max Memory Allocated: 14.265823364257812  GigaBytes

----------------------------------------after batch input features to device
 Nvidia-smi: 22.27734375 GB
    Memory Allocated: 0.3511509895324707  GigaBytes
Max Memory Allocated: 14.265823364257812  GigaBytes

----------------------------------------after  batch labels to device
 Nvidia-smi: 22.27734375 GB
    Memory Allocated: 0.35130977630615234  GigaBytes
Max Memory Allocated: 14.265823364257812  GigaBytes

----------------------------------------before batch input features to device
 Nvidia-smi: 22.27734375 GB
    Memory Allocated: 0.21251392364501953  GigaBytes
Max Memory Allocated: 14.265823364257812  GigaBytes

----------------------------------------after batch input features to device
 Nvidia-smi: 22.27734375 GB
    Memory Allocated: 0.3888225555419922  GigaBytes
Max Memory Allocated: 14.265823364257812  GigaBytes

----------------------------------------after  batch labels to device
 Nvidia-smi: 22.27734375 GB
    Memory Allocated: 0.3889894485473633  GigaBytes
Max Memory Allocated: 14.265823364257812  GigaBytes

----------------------------------------before batch input features to device
 Nvidia-smi: 17.7109375 GB
    Memory Allocated: 0.2491140365600586  GigaBytes
Max Memory Allocated: 15.701649188995361  GigaBytes

----------------------------------------after batch input features to device
 Nvidia-smi: 17.7109375 GB
    Memory Allocated: 0.4369163513183594  GigaBytes
Max Memory Allocated: 15.701649188995361  GigaBytes

----------------------------------------after  batch labels to device
 Nvidia-smi: 17.7109375 GB
    Memory Allocated: 0.43707752227783203  GigaBytes
Max Memory Allocated: 15.701649188995361  GigaBytes

----------------------------------------before batch input features to device
 Nvidia-smi: 17.85546875 GB
    Memory Allocated: 0.27532291412353516  GigaBytes
Max Memory Allocated: 15.701649188995361  GigaBytes

----------------------------------------after batch input features to device
 Nvidia-smi: 17.85546875 GB
    Memory Allocated: 0.4783201217651367  GigaBytes
Max Memory Allocated: 15.701649188995361  GigaBytes

----------------------------------------after  batch labels to device
 Nvidia-smi: 17.85546875 GB
    Memory Allocated: 0.4784817695617676  GigaBytes
Max Memory Allocated: 15.701649188995361  GigaBytes

----------------------------------------before batch input features to device
 Nvidia-smi: 18.56640625 GB
    Memory Allocated: 0.3041114807128906  GigaBytes
Max Memory Allocated: 15.701649188995361  GigaBytes

----------------------------------------after batch input features to device
 Nvidia-smi: 18.56640625 GB
    Memory Allocated: 0.4688906669616699  GigaBytes
Max Memory Allocated: 15.701649188995361  GigaBytes

----------------------------------------after  batch labels to device
 Nvidia-smi: 18.56640625 GB
    Memory Allocated: 0.469057559967041  GigaBytes
Max Memory Allocated: 15.701649188995361  GigaBytes

----------------------------------------before batch input features to device
 Nvidia-smi: 18.56640625 GB
    Memory Allocated: 0.2807927131652832  GigaBytes
Max Memory Allocated: 15.701649188995361  GigaBytes

----------------------------------------after batch input features to device
 Nvidia-smi: 18.56640625 GB
    Memory Allocated: 0.4547905921936035  GigaBytes
Max Memory Allocated: 15.701649188995361  GigaBytes

----------------------------------------after  batch labels to device
 Nvidia-smi: 18.56640625 GB
    Memory Allocated: 0.4549565315246582  GigaBytes
Max Memory Allocated: 15.701649188995361  GigaBytes

times | data loading | block to device | model prediction | loss calculation | loss backward |  optimizer step |
      |0.12271324793497722 |0.0680632856157091 |0.2316571076711019 |0.00012723604838053385 |0.11234935124715169 |0.009744882583618164 |
----------------------------------------------------------pseudo_mini_loss sum 5.209972858428955
Epoch:  1
REG start----................................
Convert a graph into a bidirected graph: 3.062 seconds, peak memory: 74.304 GB
Construct multi-constraint weights: 0.000 seconds, peak memory: 74.304 GB
Metis partitioning: 13.996 seconds, peak memory: 75.629 GB
Split the graph: 1.571 seconds
Construct subgraphs: 0.017 seconds
REG metis partition end ----................................
connection checking time:  22.35581064224243
block generation total time  21.729779720306396
average batch blocks generation time:  2.414419968922933
----------------------------------------before batch input features to device
 Nvidia-smi: 18.56640625 GB
    Memory Allocated: 0.1956501007080078  GigaBytes
Max Memory Allocated: 15.701649188995361  GigaBytes

----------------------------------------after batch input features to device
 Nvidia-smi: 18.56640625 GB
    Memory Allocated: 0.3179030418395996  GigaBytes
Max Memory Allocated: 15.701649188995361  GigaBytes

----------------------------------------after  batch labels to device
 Nvidia-smi: 18.56640625 GB
    Memory Allocated: 0.31806135177612305  GigaBytes
Max Memory Allocated: 15.701649188995361  GigaBytes

----------------------------------------before batch input features to device
 Nvidia-smi: 18.56640625 GB
    Memory Allocated: 0.1442408561706543  GigaBytes
Max Memory Allocated: 15.701649188995361  GigaBytes

----------------------------------------after batch input features to device
 Nvidia-smi: 18.56640625 GB
    Memory Allocated: 0.3036227226257324  GigaBytes
Max Memory Allocated: 15.701649188995361  GigaBytes

----------------------------------------after  batch labels to device
 Nvidia-smi: 18.56640625 GB
    Memory Allocated: 0.3037905693054199  GigaBytes
Max Memory Allocated: 15.701649188995361  GigaBytes

----------------------------------------before batch input features to device
 Nvidia-smi: 18.56640625 GB
    Memory Allocated: 0.19635581970214844  GigaBytes
Max Memory Allocated: 15.701649188995361  GigaBytes

----------------------------------------after batch input features to device
 Nvidia-smi: 18.56640625 GB
    Memory Allocated: 0.34526729583740234  GigaBytes
Max Memory Allocated: 15.701649188995361  GigaBytes

----------------------------------------after  batch labels to device
 Nvidia-smi: 18.56640625 GB
    Memory Allocated: 0.34543323516845703  GigaBytes
Max Memory Allocated: 15.701649188995361  GigaBytes

----------------------------------------before batch input features to device
 Nvidia-smi: 18.56640625 GB
    Memory Allocated: 0.1992630958557129  GigaBytes
Max Memory Allocated: 15.701649188995361  GigaBytes

----------------------------------------after batch input features to device
 Nvidia-smi: 18.56640625 GB
    Memory Allocated: 0.3645172119140625  GigaBytes
Max Memory Allocated: 15.701649188995361  GigaBytes

----------------------------------------after  batch labels to device
 Nvidia-smi: 18.56640625 GB
    Memory Allocated: 0.36467552185058594  GigaBytes
Max Memory Allocated: 15.701649188995361  GigaBytes

----------------------------------------before batch input features to device
 Nvidia-smi: 18.56640625 GB
    Memory Allocated: 0.22771883010864258  GigaBytes
Max Memory Allocated: 15.701649188995361  GigaBytes

----------------------------------------after batch input features to device
 Nvidia-smi: 18.56640625 GB
    Memory Allocated: 0.4195899963378906  GigaBytes
Max Memory Allocated: 15.701649188995361  GigaBytes

----------------------------------------after  batch labels to device
 Nvidia-smi: 18.56640625 GB
    Memory Allocated: 0.4197506904602051  GigaBytes
Max Memory Allocated: 15.701649188995361  GigaBytes

----------------------------------------before batch input features to device
 Nvidia-smi: 18.56640625 GB
    Memory Allocated: 0.26746416091918945  GigaBytes
Max Memory Allocated: 15.701649188995361  GigaBytes

----------------------------------------after batch input features to device
 Nvidia-smi: 18.56640625 GB
    Memory Allocated: 0.43475914001464844  GigaBytes
Max Memory Allocated: 15.701649188995361  GigaBytes

----------------------------------------after  batch labels to device
 Nvidia-smi: 18.56640625 GB
    Memory Allocated: 0.4349231719970703  GigaBytes
Max Memory Allocated: 15.701649188995361  GigaBytes

----------------------------------------before batch input features to device
 Nvidia-smi: 18.56640625 GB
    Memory Allocated: 0.2564511299133301  GigaBytes
Max Memory Allocated: 15.701649188995361  GigaBytes

----------------------------------------after batch input features to device
 Nvidia-smi: 18.56640625 GB
    Memory Allocated: 0.46846914291381836  GigaBytes
Max Memory Allocated: 15.701649188995361  GigaBytes

----------------------------------------after  batch labels to device
 Nvidia-smi: 18.56640625 GB
    Memory Allocated: 0.4686274528503418  GigaBytes
Max Memory Allocated: 15.701649188995361  GigaBytes

----------------------------------------before batch input features to device
 Nvidia-smi: 17.62890625 GB
    Memory Allocated: 0.31300830841064453  GigaBytes
Max Memory Allocated: 15.701649188995361  GigaBytes

----------------------------------------after batch input features to device
 Nvidia-smi: 17.62890625 GB
    Memory Allocated: 0.48403024673461914  GigaBytes
Max Memory Allocated: 15.701649188995361  GigaBytes

----------------------------------------after  batch labels to device
 Nvidia-smi: 17.62890625 GB
    Memory Allocated: 0.48419809341430664  GigaBytes
Max Memory Allocated: 15.701649188995361  GigaBytes

----------------------------------------before batch input features to device
 Nvidia-smi: 17.994140625 GB
    Memory Allocated: 0.2869400978088379  GigaBytes
Max Memory Allocated: 16.274639129638672  GigaBytes

----------------------------------------after batch input features to device
 Nvidia-smi: 17.994140625 GB
    Memory Allocated: 0.46914005279541016  GigaBytes
Max Memory Allocated: 16.274639129638672  GigaBytes

----------------------------------------after  batch labels to device
 Nvidia-smi: 17.994140625 GB
    Memory Allocated: 0.46930599212646484  GigaBytes
Max Memory Allocated: 16.274639129638672  GigaBytes

times | data loading | block to device | model prediction | loss calculation | loss backward |  optimizer step |
      |0.11574196815490723 |0.01899009280734592 |0.19495495160420737 |0.00011830859714084202 |0.1132977803548177 |0.006142139434814453 |
----------------------------------------------------------pseudo_mini_loss sum 3.468768835067749
Epoch:  2
REG start----................................
Convert a graph into a bidirected graph: 3.132 seconds, peak memory: 82.610 GB
Construct multi-constraint weights: 0.000 seconds, peak memory: 82.610 GB
Metis partitioning: 14.725 seconds, peak memory: 83.923 GB
Split the graph: 1.923 seconds
Construct subgraphs: 0.026 seconds
REG metis partition end ----................................
connection checking time:  21.09574270248413
block generation total time  19.97345280647278
average batch blocks generation time:  2.2192725340525308
----------------------------------------before batch input features to device
 Nvidia-smi: 19.4375 GB
    Memory Allocated: 0.20363283157348633  GigaBytes
Max Memory Allocated: 16.274639129638672  GigaBytes

----------------------------------------after batch input features to device
 Nvidia-smi: 19.4375 GB
    Memory Allocated: 0.3291468620300293  GigaBytes
Max Memory Allocated: 16.274639129638672  GigaBytes

----------------------------------------after  batch labels to device
 Nvidia-smi: 19.4375 GB
    Memory Allocated: 0.32930517196655273  GigaBytes
Max Memory Allocated: 16.274639129638672  GigaBytes

----------------------------------------before batch input features to device
 Nvidia-smi: 19.59765625 GB
    Memory Allocated: 0.14718055725097656  GigaBytes
Max Memory Allocated: 16.274639129638672  GigaBytes

----------------------------------------after batch input features to device
 Nvidia-smi: 19.59765625 GB
    Memory Allocated: 0.31464719772338867  GigaBytes
Max Memory Allocated: 16.274639129638672  GigaBytes

----------------------------------------after  batch labels to device
 Nvidia-smi: 19.59765625 GB
    Memory Allocated: 0.3148059844970703  GigaBytes
Max Memory Allocated: 16.274639129638672  GigaBytes

----------------------------------------before batch input features to device
 Nvidia-smi: 19.59765625 GB
    Memory Allocated: 0.20185613632202148  GigaBytes
Max Memory Allocated: 16.274639129638672  GigaBytes

----------------------------------------after batch input features to device
 Nvidia-smi: 19.59765625 GB
    Memory Allocated: 0.34964704513549805  GigaBytes
Max Memory Allocated: 16.274639129638672  GigaBytes

----------------------------------------after  batch labels to device
 Nvidia-smi: 19.59765625 GB
    Memory Allocated: 0.3498106002807617  GigaBytes
Max Memory Allocated: 16.274639129638672  GigaBytes

----------------------------------------before batch input features to device
 Nvidia-smi: 19.59765625 GB
    Memory Allocated: 0.1973896026611328  GigaBytes
Max Memory Allocated: 16.274639129638672  GigaBytes

----------------------------------------after batch input features to device
 Nvidia-smi: 19.59765625 GB
    Memory Allocated: 0.35965919494628906  GigaBytes
Max Memory Allocated: 16.274639129638672  GigaBytes

----------------------------------------after  batch labels to device
 Nvidia-smi: 19.59765625 GB
    Memory Allocated: 0.3598194122314453  GigaBytes
Max Memory Allocated: 16.274639129638672  GigaBytes

----------------------------------------before batch input features to device
 Nvidia-smi: 19.59765625 GB
    Memory Allocated: 0.224761962890625  GigaBytes
Max Memory Allocated: 16.274639129638672  GigaBytes

----------------------------------------after batch input features to device
 Nvidia-smi: 19.59765625 GB
    Memory Allocated: 0.3834848403930664  GigaBytes
Max Memory Allocated: 16.274639129638672  GigaBytes

----------------------------------------after  batch labels to device
 Nvidia-smi: 19.59765625 GB
    Memory Allocated: 0.3836479187011719  GigaBytes
Max Memory Allocated: 16.274639129638672  GigaBytes

----------------------------------------before batch input features to device
 Nvidia-smi: 19.611328125 GB
    Memory Allocated: 0.23396015167236328  GigaBytes
Max Memory Allocated: 16.274639129638672  GigaBytes

----------------------------------------after batch input features to device
 Nvidia-smi: 19.611328125 GB
    Memory Allocated: 0.41576480865478516  GigaBytes
Max Memory Allocated: 16.274639129638672  GigaBytes

----------------------------------------after  batch labels to device
 Nvidia-smi: 19.611328125 GB
    Memory Allocated: 0.41593265533447266  GigaBytes
Max Memory Allocated: 16.274639129638672  GigaBytes

----------------------------------------before batch input features to device
 Nvidia-smi: 19.611328125 GB
    Memory Allocated: 0.27092504501342773  GigaBytes
Max Memory Allocated: 16.274639129638672  GigaBytes

----------------------------------------after batch input features to device
 Nvidia-smi: 19.611328125 GB
    Memory Allocated: 0.46921348571777344  GigaBytes
Max Memory Allocated: 16.274639129638672  GigaBytes

----------------------------------------after  batch labels to device
 Nvidia-smi: 19.611328125 GB
    Memory Allocated: 0.4693732261657715  GigaBytes
Max Memory Allocated: 16.274639129638672  GigaBytes

----------------------------------------before batch input features to device
 Nvidia-smi: 19.611328125 GB
    Memory Allocated: 0.29987049102783203  GigaBytes
Max Memory Allocated: 16.274639129638672  GigaBytes

----------------------------------------after batch input features to device
 Nvidia-smi: 19.611328125 GB
    Memory Allocated: 0.4666614532470703  GigaBytes
Max Memory Allocated: 16.274639129638672  GigaBytes

----------------------------------------after  batch labels to device
 Nvidia-smi: 19.611328125 GB
    Memory Allocated: 0.4668292999267578  GigaBytes
Max Memory Allocated: 16.274639129638672  GigaBytes

----------------------------------------before batch input features to device
 Nvidia-smi: 19.611328125 GB
    Memory Allocated: 0.2829437255859375  GigaBytes
Max Memory Allocated: 16.274639129638672  GigaBytes

----------------------------------------after batch input features to device
 Nvidia-smi: 19.611328125 GB
    Memory Allocated: 0.4631977081298828  GigaBytes
Max Memory Allocated: 16.274639129638672  GigaBytes

----------------------------------------after  batch labels to device
 Nvidia-smi: 19.611328125 GB
    Memory Allocated: 0.4633655548095703  GigaBytes
Max Memory Allocated: 16.274639129638672  GigaBytes

times | data loading | block to device | model prediction | loss calculation | loss backward |  optimizer step |
      |0.11755257182651097 |0.024482250213623047 |0.14487867885165745 |0.00012003050910101997 |0.11587754885355632 |0.0059888362884521484 |
----------------------------------------------------------pseudo_mini_loss sum 2.7353765964508057
Epoch:  3
REG start----................................
Convert a graph into a bidirected graph: 3.061 seconds, peak memory: 84.846 GB
Construct multi-constraint weights: 0.000 seconds, peak memory: 84.846 GB
Metis partitioning: 14.692 seconds, peak memory: 84.846 GB
Split the graph: 1.708 seconds
Construct subgraphs: 0.027 seconds
REG metis partition end ----................................
connection checking time:  21.654968738555908
block generation total time  20.500340461730957
average batch blocks generation time:  2.2778156068589954
block dataloader generation time/epoch 79.85359764099121
----------------------------------------before batch input features to device
 Nvidia-smi: 19.611328125 GB
    Memory Allocated: 0.20158815383911133  GigaBytes
Max Memory Allocated: 16.274639129638672  GigaBytes

----------------------------------------after batch input features to device
 Nvidia-smi: 19.611328125 GB
    Memory Allocated: 0.3501124382019043  GigaBytes
Max Memory Allocated: 16.274639129638672  GigaBytes

----------------------------------------after  batch labels to device
 Nvidia-smi: 19.611328125 GB
    Memory Allocated: 0.35027074813842773  GigaBytes
Max Memory Allocated: 16.274639129638672  GigaBytes

----------------------------------------before batch input features to device
 Nvidia-smi: 19.611328125 GB
    Memory Allocated: 0.16981029510498047  GigaBytes
Max Memory Allocated: 16.274639129638672  GigaBytes

----------------------------------------after batch input features to device
 Nvidia-smi: 19.611328125 GB
    Memory Allocated: 0.3446836471557617  GigaBytes
Max Memory Allocated: 16.274639129638672  GigaBytes

----------------------------------------after  batch labels to device
 Nvidia-smi: 19.611328125 GB
    Memory Allocated: 0.34484195709228516  GigaBytes
Max Memory Allocated: 16.274639129638672  GigaBytes

----------------------------------------before batch input features to device
 Nvidia-smi: 19.611328125 GB
    Memory Allocated: 0.20945024490356445  GigaBytes
Max Memory Allocated: 16.274639129638672  GigaBytes

----------------------------------------after batch input features to device
 Nvidia-smi: 19.611328125 GB
    Memory Allocated: 0.3615589141845703  GigaBytes
Max Memory Allocated: 16.274639129638672  GigaBytes

----------------------------------------after  batch labels to device
 Nvidia-smi: 19.611328125 GB
    Memory Allocated: 0.36171770095825195  GigaBytes
Max Memory Allocated: 16.274639129638672  GigaBytes

----------------------------------------before batch input features to device
 Nvidia-smi: 19.611328125 GB
    Memory Allocated: 0.20023536682128906  GigaBytes
Max Memory Allocated: 16.274639129638672  GigaBytes

----------------------------------------after batch input features to device
 Nvidia-smi: 19.611328125 GB
    Memory Allocated: 0.3493204116821289  GigaBytes
Max Memory Allocated: 16.274639129638672  GigaBytes

----------------------------------------after  batch labels to device
 Nvidia-smi: 19.611328125 GB
    Memory Allocated: 0.3494873046875  GigaBytes
Max Memory Allocated: 16.274639129638672  GigaBytes

----------------------------------------before batch input features to device
 Nvidia-smi: 19.611328125 GB
    Memory Allocated: 0.21237850189208984  GigaBytes
Max Memory Allocated: 16.274639129638672  GigaBytes

----------------------------------------after batch input features to device
 Nvidia-smi: 19.611328125 GB
    Memory Allocated: 0.3953065872192383  GigaBytes
Max Memory Allocated: 16.274639129638672  GigaBytes

----------------------------------------after  batch labels to device
 Nvidia-smi: 19.611328125 GB
    Memory Allocated: 0.3954744338989258  GigaBytes
Max Memory Allocated: 16.274639129638672  GigaBytes

----------------------------------------before batch input features to device
 Nvidia-smi: 18.0703125 GB
    Memory Allocated: 0.2595658302307129  GigaBytes
Max Memory Allocated: 16.357807636260986  GigaBytes

----------------------------------------after batch input features to device
 Nvidia-smi: 18.0703125 GB
    Memory Allocated: 0.43387794494628906  GigaBytes
Max Memory Allocated: 16.357807636260986  GigaBytes

----------------------------------------after  batch labels to device
 Nvidia-smi: 18.0703125 GB
    Memory Allocated: 0.43404483795166016  GigaBytes
Max Memory Allocated: 16.357807636260986  GigaBytes

----------------------------------------before batch input features to device
 Nvidia-smi: 18.0703125 GB
    Memory Allocated: 0.26417064666748047  GigaBytes
Max Memory Allocated: 16.357807636260986  GigaBytes

----------------------------------------after batch input features to device
 Nvidia-smi: 18.0703125 GB
    Memory Allocated: 0.43492937088012695  GigaBytes
Max Memory Allocated: 16.357807636260986  GigaBytes

----------------------------------------after  batch labels to device
 Nvidia-smi: 18.0703125 GB
    Memory Allocated: 0.4350924491882324  GigaBytes
Max Memory Allocated: 16.357807636260986  GigaBytes

----------------------------------------before batch input features to device
 Nvidia-smi: 18.263671875 GB
    Memory Allocated: 0.2762875556945801  GigaBytes
Max Memory Allocated: 16.357807636260986  GigaBytes

----------------------------------------after batch input features to device
 Nvidia-smi: 18.263671875 GB
    Memory Allocated: 0.4740629196166992  GigaBytes
Max Memory Allocated: 16.357807636260986  GigaBytes

----------------------------------------after  batch labels to device
 Nvidia-smi: 18.263671875 GB
    Memory Allocated: 0.4742302894592285  GigaBytes
Max Memory Allocated: 16.357807636260986  GigaBytes

----------------------------------------before batch input features to device
 Nvidia-smi: 19.72265625 GB
    Memory Allocated: 0.3163480758666992  GigaBytes
Max Memory Allocated: 16.402487754821777  GigaBytes

----------------------------------------after batch input features to device
 Nvidia-smi: 19.72265625 GB
    Memory Allocated: 0.5348935127258301  GigaBytes
Max Memory Allocated: 16.402487754821777  GigaBytes

----------------------------------------after  batch labels to device
 Nvidia-smi: 19.72265625 GB
    Memory Allocated: 0.5350522994995117  GigaBytes
Max Memory Allocated: 16.402487754821777  GigaBytes

times | data loading | block to device | model prediction | loss calculation | loss backward |  optimizer step |
      |0.12029865052964953 |0.01743475596110026 |0.16828642951117623 |0.00011483828226725261 |0.11430459552341038 |0.00610041618347168 |
----------------------------------------------------------pseudo_mini_loss sum 2.2347359657287598
Total (block generation + training)time/epoch 83.70561075210571
Training time/epoch 3.8517425060272217
Training time without block to device /epoch 3.6948297023773193
Training time without total dataloading part(pure training) /epoch 2.5504531860351562
load block tensor time/epoch 1.0826878547668457
block to device time/epoch 0.15691280364990234
input features size transfer per epoch 0.0
blocks size to device per epoch 0.0

Epoch:  4
REG start----................................
Convert a graph into a bidirected graph: 3.184 seconds, peak memory: 84.846 GB
Construct multi-constraint weights: 0.000 seconds, peak memory: 84.846 GB
Metis partitioning: 14.780 seconds, peak memory: 86.086 GB
Split the graph: 1.665 seconds
Construct subgraphs: 0.044 seconds
REG metis partition end ----................................
connection checking time:  21.559248208999634
block generation total time  20.684065103530884
average batch blocks generation time:  2.298229455947876
block dataloader generation time/epoch 80.05998682975769
----------------------------------------before batch input features to device
 Nvidia-smi: 19.76171875 GB
    Memory Allocated: 0.2388935089111328  GigaBytes
Max Memory Allocated: 16.402487754821777  GigaBytes

----------------------------------------after batch input features to device
 Nvidia-smi: 19.76171875 GB
    Memory Allocated: 0.39879703521728516  GigaBytes
Max Memory Allocated: 16.402487754821777  GigaBytes

----------------------------------------after  batch labels to device
 Nvidia-smi: 19.76171875 GB
    Memory Allocated: 0.3989591598510742  GigaBytes
Max Memory Allocated: 16.402487754821777  GigaBytes

----------------------------------------before batch input features to device
 Nvidia-smi: 19.76171875 GB
    Memory Allocated: 0.18097782135009766  GigaBytes
Max Memory Allocated: 16.402487754821777  GigaBytes

----------------------------------------after batch input features to device
 Nvidia-smi: 19.76171875 GB
    Memory Allocated: 0.2995724678039551  GigaBytes
Max Memory Allocated: 16.402487754821777  GigaBytes

----------------------------------------after  batch labels to device
 Nvidia-smi: 19.76171875 GB
    Memory Allocated: 0.2997307777404785  GigaBytes
Max Memory Allocated: 16.402487754821777  GigaBytes

----------------------------------------before batch input features to device
 Nvidia-smi: 19.76171875 GB
    Memory Allocated: 0.15374517440795898  GigaBytes
Max Memory Allocated: 16.402487754821777  GigaBytes

----------------------------------------after batch input features to device
 Nvidia-smi: 19.76171875 GB
    Memory Allocated: 0.3064446449279785  GigaBytes
Max Memory Allocated: 16.402487754821777  GigaBytes

----------------------------------------after  batch labels to device
 Nvidia-smi: 19.76171875 GB
    Memory Allocated: 0.3066115379333496  GigaBytes
Max Memory Allocated: 16.402487754821777  GigaBytes

----------------------------------------before batch input features to device
 Nvidia-smi: 19.76171875 GB
    Memory Allocated: 0.2010965347290039  GigaBytes
Max Memory Allocated: 16.402487754821777  GigaBytes

----------------------------------------after batch input features to device
 Nvidia-smi: 19.76171875 GB
    Memory Allocated: 0.37380313873291016  GigaBytes
Max Memory Allocated: 16.402487754821777  GigaBytes

----------------------------------------after  batch labels to device
 Nvidia-smi: 19.76171875 GB
    Memory Allocated: 0.3739614486694336  GigaBytes
Max Memory Allocated: 16.402487754821777  GigaBytes

----------------------------------------before batch input features to device
 Nvidia-smi: 19.76171875 GB
    Memory Allocated: 0.23328781127929688  GigaBytes
Max Memory Allocated: 16.402487754821777  GigaBytes

----------------------------------------after batch input features to device
 Nvidia-smi: 19.76171875 GB
    Memory Allocated: 0.3960094451904297  GigaBytes
Max Memory Allocated: 16.402487754821777  GigaBytes

----------------------------------------after  batch labels to device
 Nvidia-smi: 19.76171875 GB
    Memory Allocated: 0.3961677551269531  GigaBytes
Max Memory Allocated: 16.402487754821777  GigaBytes

----------------------------------------before batch input features to device
 Nvidia-smi: 19.76171875 GB
    Memory Allocated: 0.23613500595092773  GigaBytes
Max Memory Allocated: 16.402487754821777  GigaBytes

----------------------------------------after batch input features to device
 Nvidia-smi: 19.76171875 GB
    Memory Allocated: 0.43247127532958984  GigaBytes
Max Memory Allocated: 16.402487754821777  GigaBytes

----------------------------------------after  batch labels to device
 Nvidia-smi: 19.76171875 GB
    Memory Allocated: 0.4326362609863281  GigaBytes
Max Memory Allocated: 16.402487754821777  GigaBytes

----------------------------------------before batch input features to device
 Nvidia-smi: 19.76171875 GB
    Memory Allocated: 0.28288936614990234  GigaBytes
Max Memory Allocated: 16.402487754821777  GigaBytes

----------------------------------------after batch input features to device
 Nvidia-smi: 19.76171875 GB
    Memory Allocated: 0.4605426788330078  GigaBytes
Max Memory Allocated: 16.402487754821777  GigaBytes

----------------------------------------after  batch labels to device
 Nvidia-smi: 19.76171875 GB
    Memory Allocated: 0.4607052803039551  GigaBytes
Max Memory Allocated: 16.402487754821777  GigaBytes

----------------------------------------before batch input features to device
 Nvidia-smi: 19.76171875 GB
    Memory Allocated: 0.2770233154296875  GigaBytes
Max Memory Allocated: 16.402487754821777  GigaBytes

----------------------------------------after batch input features to device
 Nvidia-smi: 19.76171875 GB
    Memory Allocated: 0.4704880714416504  GigaBytes
Max Memory Allocated: 16.402487754821777  GigaBytes

----------------------------------------after  batch labels to device
 Nvidia-smi: 19.76171875 GB
    Memory Allocated: 0.4706549644470215  GigaBytes
Max Memory Allocated: 16.402487754821777  GigaBytes

----------------------------------------before batch input features to device
 Nvidia-smi: 22.12890625 GB
    Memory Allocated: 0.30584192276000977  GigaBytes
Max Memory Allocated: 16.61897897720337  GigaBytes

----------------------------------------after batch input features to device
 Nvidia-smi: 22.12890625 GB
    Memory Allocated: 0.4616384506225586  GigaBytes
Max Memory Allocated: 16.61897897720337  GigaBytes

----------------------------------------after  batch labels to device
 Nvidia-smi: 22.12890625 GB
    Memory Allocated: 0.4618062973022461  GigaBytes
Max Memory Allocated: 16.61897897720337  GigaBytes

times | data loading | block to device | model prediction | loss calculation | loss backward |  optimizer step |
      |0.11408024364047581 |0.014293829600016275 |0.14322845141092935 |0.0001160038842095269 |0.11548288663228352 |0.005978822708129883 |
----------------------------------------------------------pseudo_mini_loss sum 1.777529239654541
Total (block generation + training)time/epoch 83.76474189758301
Training time/epoch 3.5572562217712402
Training time without block to device /epoch 3.4286117553710938
Training time without total dataloading part(pure training) /epoch 2.3354249000549316
load block tensor time/epoch 1.0267221927642822
block to device time/epoch 0.12864446640014648
input features size transfer per epoch 0.0
blocks size to device per epoch 0.0

Epoch:  5
REG start----................................
Convert a graph into a bidirected graph: 3.142 seconds, peak memory: 87.143 GB
Construct multi-constraint weights: 0.000 seconds, peak memory: 87.143 GB
Metis partitioning: 14.799 seconds, peak memory: 88.424 GB
Split the graph: 1.851 seconds
Construct subgraphs: 0.027 seconds
REG metis partition end ----................................
connection checking time:  21.455607414245605
block generation total time  20.28962016105652
average batch blocks generation time:  2.254402240117391
block dataloader generation time/epoch 79.65246550242107
----------------------------------------before batch input features to device
 Nvidia-smi: 22.12890625 GB
    Memory Allocated: 0.17717456817626953  GigaBytes
Max Memory Allocated: 16.61897897720337  GigaBytes

----------------------------------------after batch input features to device
 Nvidia-smi: 22.12890625 GB
    Memory Allocated: 0.3043661117553711  GigaBytes
Max Memory Allocated: 16.61897897720337  GigaBytes

----------------------------------------after  batch labels to device
 Nvidia-smi: 22.12890625 GB
    Memory Allocated: 0.30452442169189453  GigaBytes
Max Memory Allocated: 16.61897897720337  GigaBytes

----------------------------------------before batch input features to device
 Nvidia-smi: 22.12890625 GB
    Memory Allocated: 0.1495060920715332  GigaBytes
Max Memory Allocated: 16.61897897720337  GigaBytes

----------------------------------------after batch input features to device
 Nvidia-smi: 22.12890625 GB
    Memory Allocated: 0.31192922592163086  GigaBytes
Max Memory Allocated: 16.61897897720337  GigaBytes

----------------------------------------after  batch labels to device
 Nvidia-smi: 22.12890625 GB
    Memory Allocated: 0.31209707260131836  GigaBytes
Max Memory Allocated: 16.61897897720337  GigaBytes

----------------------------------------before batch input features to device
 Nvidia-smi: 22.12890625 GB
    Memory Allocated: 0.19980239868164062  GigaBytes
Max Memory Allocated: 16.61897897720337  GigaBytes

----------------------------------------after batch input features to device
 Nvidia-smi: 22.12890625 GB
    Memory Allocated: 0.37581348419189453  GigaBytes
Max Memory Allocated: 16.61897897720337  GigaBytes

----------------------------------------after  batch labels to device
 Nvidia-smi: 22.12890625 GB
    Memory Allocated: 0.37597179412841797  GigaBytes
Max Memory Allocated: 16.61897897720337  GigaBytes

----------------------------------------before batch input features to device
 Nvidia-smi: 22.12890625 GB
    Memory Allocated: 0.22690820693969727  GigaBytes
Max Memory Allocated: 16.61897897720337  GigaBytes

----------------------------------------after batch input features to device
 Nvidia-smi: 22.12890625 GB
    Memory Allocated: 0.38117122650146484  GigaBytes
Max Memory Allocated: 16.61897897720337  GigaBytes

----------------------------------------after  batch labels to device
 Nvidia-smi: 22.12890625 GB
    Memory Allocated: 0.3813357353210449  GigaBytes
Max Memory Allocated: 16.61897897720337  GigaBytes

----------------------------------------before batch input features to device
 Nvidia-smi: 22.12890625 GB
    Memory Allocated: 0.2197737693786621  GigaBytes
Max Memory Allocated: 16.61897897720337  GigaBytes

----------------------------------------after batch input features to device
 Nvidia-smi: 22.12890625 GB
    Memory Allocated: 0.4069390296936035  GigaBytes
Max Memory Allocated: 16.61897897720337  GigaBytes

----------------------------------------after  batch labels to device
 Nvidia-smi: 22.12890625 GB
    Memory Allocated: 0.4071063995361328  GigaBytes
Max Memory Allocated: 16.61897897720337  GigaBytes

----------------------------------------before batch input features to device
 Nvidia-smi: 22.12890625 GB
    Memory Allocated: 0.2673187255859375  GigaBytes
Max Memory Allocated: 16.61897897720337  GigaBytes

----------------------------------------after batch input features to device
 Nvidia-smi: 22.12890625 GB
    Memory Allocated: 0.4267096519470215  GigaBytes
Max Memory Allocated: 16.61897897720337  GigaBytes

----------------------------------------after  batch labels to device
 Nvidia-smi: 22.12890625 GB
    Memory Allocated: 0.42687034606933594  GigaBytes
Max Memory Allocated: 16.61897897720337  GigaBytes

----------------------------------------before batch input features to device
 Nvidia-smi: 22.12890625 GB
    Memory Allocated: 0.2515726089477539  GigaBytes
Max Memory Allocated: 16.61897897720337  GigaBytes

----------------------------------------after batch input features to device
 Nvidia-smi: 22.12890625 GB
    Memory Allocated: 0.4518613815307617  GigaBytes
Max Memory Allocated: 16.61897897720337  GigaBytes

----------------------------------------after  batch labels to device
 Nvidia-smi: 22.12890625 GB
    Memory Allocated: 0.45202016830444336  GigaBytes
Max Memory Allocated: 16.61897897720337  GigaBytes

----------------------------------------before batch input features to device
 Nvidia-smi: 22.16015625 GB
    Memory Allocated: 0.30490922927856445  GigaBytes
Max Memory Allocated: 16.61897897720337  GigaBytes

----------------------------------------after batch input features to device
 Nvidia-smi: 22.16015625 GB
    Memory Allocated: 0.48618650436401367  GigaBytes
Max Memory Allocated: 16.61897897720337  GigaBytes

----------------------------------------after  batch labels to device
 Nvidia-smi: 22.16015625 GB
    Memory Allocated: 0.48635387420654297  GigaBytes
Max Memory Allocated: 16.61897897720337  GigaBytes

----------------------------------------before batch input features to device
 Nvidia-smi: 23.6484375 GB
    Memory Allocated: 0.2996635437011719  GigaBytes
Max Memory Allocated: 16.6836838722229  GigaBytes

----------------------------------------after batch input features to device
 Nvidia-smi: 23.6484375 GB
    Memory Allocated: 0.47737598419189453  GigaBytes
Max Memory Allocated: 16.6836838722229  GigaBytes

----------------------------------------after  batch labels to device
 Nvidia-smi: 23.6484375 GB
    Memory Allocated: 0.4775390625  GigaBytes
Max Memory Allocated: 16.6836838722229  GigaBytes

times | data loading | block to device | model prediction | loss calculation | loss backward |  optimizer step |
      |0.11923540963066949 |0.028687450620863173 |0.14536041683620876 |0.0001155535380045573 |0.11497187614440918 |0.0059549808502197266 |
----------------------------------------------------------pseudo_mini_loss sum 1.5501123666763306
Total (block generation + training)time/epoch 83.37290287017822
Training time/epoch 3.7515547275543213
Training time without block to device /epoch 3.4933676719665527
Training time without total dataloading part(pure training) /epoch 2.3499855995178223
load block tensor time/epoch 1.0731186866760254
block to device time/epoch 0.25818705558776855
input features size transfer per epoch 0.0
blocks size to device per epoch 0.0

Epoch:  6
REG start----................................
Convert a graph into a bidirected graph: 3.025 seconds, peak memory: 89.125 GB
Construct multi-constraint weights: 0.000 seconds, peak memory: 89.125 GB
Metis partitioning: 14.519 seconds, peak memory: 89.991 GB
Split the graph: 1.625 seconds
Construct subgraphs: 0.033 seconds
REG metis partition end ----................................
connection checking time:  21.441879987716675
block generation total time  20.375738859176636
average batch blocks generation time:  2.2639709843529596
block dataloader generation time/epoch 79.52900850772858
----------------------------------------before batch input features to device
 Nvidia-smi: 23.6484375 GB
    Memory Allocated: 0.1992034912109375  GigaBytes
Max Memory Allocated: 16.6836838722229  GigaBytes

----------------------------------------after batch input features to device
 Nvidia-smi: 23.6484375 GB
    Memory Allocated: 0.35664796829223633  GigaBytes
Max Memory Allocated: 16.6836838722229  GigaBytes

----------------------------------------after  batch labels to device
 Nvidia-smi: 23.6484375 GB
    Memory Allocated: 0.35680627822875977  GigaBytes
Max Memory Allocated: 16.6836838722229  GigaBytes

----------------------------------------before batch input features to device
 Nvidia-smi: 23.6484375 GB
    Memory Allocated: 0.17760229110717773  GigaBytes
Max Memory Allocated: 16.6836838722229  GigaBytes

----------------------------------------after batch input features to device
 Nvidia-smi: 23.6484375 GB
    Memory Allocated: 0.34836912155151367  GigaBytes
Max Memory Allocated: 16.6836838722229  GigaBytes

----------------------------------------after  batch labels to device
 Nvidia-smi: 23.6484375 GB
    Memory Allocated: 0.3485274314880371  GigaBytes
Max Memory Allocated: 16.6836838722229  GigaBytes

----------------------------------------before batch input features to device
 Nvidia-smi: 23.6484375 GB
    Memory Allocated: 0.20388174057006836  GigaBytes
Max Memory Allocated: 16.6836838722229  GigaBytes

----------------------------------------after batch input features to device
 Nvidia-smi: 23.6484375 GB
    Memory Allocated: 0.3608822822570801  GigaBytes
Max Memory Allocated: 16.6836838722229  GigaBytes

----------------------------------------after  batch labels to device
 Nvidia-smi: 23.6484375 GB
    Memory Allocated: 0.36104440689086914  GigaBytes
Max Memory Allocated: 16.6836838722229  GigaBytes

----------------------------------------before batch input features to device
 Nvidia-smi: 23.6484375 GB
    Memory Allocated: 0.20484590530395508  GigaBytes
Max Memory Allocated: 16.6836838722229  GigaBytes

----------------------------------------after batch input features to device
 Nvidia-smi: 23.6484375 GB
    Memory Allocated: 0.3514900207519531  GigaBytes
Max Memory Allocated: 16.6836838722229  GigaBytes

----------------------------------------after  batch labels to device
 Nvidia-smi: 23.6484375 GB
    Memory Allocated: 0.3516550064086914  GigaBytes
Max Memory Allocated: 16.6836838722229  GigaBytes

----------------------------------------before batch input features to device
 Nvidia-smi: 23.6484375 GB
    Memory Allocated: 0.2092289924621582  GigaBytes
Max Memory Allocated: 16.6836838722229  GigaBytes

----------------------------------------after batch input features to device
 Nvidia-smi: 23.6484375 GB
    Memory Allocated: 0.39556169509887695  GigaBytes
Max Memory Allocated: 16.6836838722229  GigaBytes

----------------------------------------after  batch labels to device
 Nvidia-smi: 23.6484375 GB
    Memory Allocated: 0.3957228660583496  GigaBytes
Max Memory Allocated: 16.6836838722229  GigaBytes

----------------------------------------before batch input features to device
 Nvidia-smi: 23.6484375 GB
    Memory Allocated: 0.26261281967163086  GigaBytes
Max Memory Allocated: 16.6836838722229  GigaBytes

----------------------------------------after batch input features to device
 Nvidia-smi: 23.6484375 GB
    Memory Allocated: 0.447817325592041  GigaBytes
Max Memory Allocated: 16.6836838722229  GigaBytes

----------------------------------------after  batch labels to device
 Nvidia-smi: 23.6484375 GB
    Memory Allocated: 0.4479846954345703  GigaBytes
Max Memory Allocated: 16.6836838722229  GigaBytes

----------------------------------------before batch input features to device
 Nvidia-smi: 23.6484375 GB
    Memory Allocated: 0.27753543853759766  GigaBytes
Max Memory Allocated: 16.6836838722229  GigaBytes

----------------------------------------after batch input features to device
 Nvidia-smi: 23.6484375 GB
    Memory Allocated: 0.47493791580200195  GigaBytes
Max Memory Allocated: 16.6836838722229  GigaBytes

----------------------------------------after  batch labels to device
 Nvidia-smi: 23.6484375 GB
    Memory Allocated: 0.4750967025756836  GigaBytes
Max Memory Allocated: 16.6836838722229  GigaBytes

----------------------------------------before batch input features to device
 Nvidia-smi: 16.197265625 GB
    Memory Allocated: 0.3003225326538086  GigaBytes
Max Memory Allocated: 16.6836838722229  GigaBytes

----------------------------------------after batch input features to device
 Nvidia-smi: 16.197265625 GB
    Memory Allocated: 0.48833131790161133  GigaBytes
Max Memory Allocated: 16.6836838722229  GigaBytes

----------------------------------------after  batch labels to device
 Nvidia-smi: 16.197265625 GB
    Memory Allocated: 0.4884986877441406  GigaBytes
Max Memory Allocated: 16.6836838722229  GigaBytes

----------------------------------------before batch input features to device
 Nvidia-smi: 21.953125 GB
    Memory Allocated: 0.3054027557373047  GigaBytes
Max Memory Allocated: 16.6836838722229  GigaBytes

----------------------------------------after batch input features to device
 Nvidia-smi: 21.953125 GB
    Memory Allocated: 0.4696769714355469  GigaBytes
Max Memory Allocated: 16.6836838722229  GigaBytes

----------------------------------------after  batch labels to device
 Nvidia-smi: 21.953125 GB
    Memory Allocated: 0.4698448181152344  GigaBytes
Max Memory Allocated: 16.6836838722229  GigaBytes

times | data loading | block to device | model prediction | loss calculation | loss backward |  optimizer step |
      |0.12458917829725477 |0.015175263086954752 |0.15852533446417916 |0.00011475880940755208 |0.11063917477925618 |0.005963802337646484 |
----------------------------------------------------------pseudo_mini_loss sum 1.3977001905441284
Total (block generation + training)time/epoch 83.25847893953323
Training time/epoch 3.7563352584838867
Training time without block to device /epoch 3.619757890701294
Training time without total dataloading part(pure training) /epoch 2.4294772148132324
load block tensor time/epoch 1.121302604675293
block to device time/epoch 0.13657736778259277
input features size transfer per epoch 0.0
blocks size to device per epoch 0.0

Epoch:  7
REG start----................................
Convert a graph into a bidirected graph: 3.079 seconds, peak memory: 91.025 GB
Construct multi-constraint weights: 0.000 seconds, peak memory: 91.025 GB
Metis partitioning: 14.335 seconds, peak memory: 91.025 GB
Split the graph: 1.584 seconds
Construct subgraphs: 0.035 seconds
REG metis partition end ----................................
connection checking time:  20.054499626159668
block generation total time  20.320133686065674
average batch blocks generation time:  2.2577926317850747
block dataloader generation time/epoch 79.17745633125305
----------------------------------------before batch input features to device
 Nvidia-smi: 21.953125 GB
    Memory Allocated: 0.18587923049926758  GigaBytes
Max Memory Allocated: 16.6836838722229  GigaBytes

----------------------------------------after batch input features to device
 Nvidia-smi: 21.953125 GB
    Memory Allocated: 0.3631477355957031  GigaBytes
Max Memory Allocated: 16.6836838722229  GigaBytes

----------------------------------------after  batch labels to device
 Nvidia-smi: 21.953125 GB
    Memory Allocated: 0.3633151054382324  GigaBytes
Max Memory Allocated: 16.6836838722229  GigaBytes

----------------------------------------before batch input features to device
 Nvidia-smi: 21.953125 GB
    Memory Allocated: 0.19955110549926758  GigaBytes
Max Memory Allocated: 16.6836838722229  GigaBytes

----------------------------------------after batch input features to device
 Nvidia-smi: 21.953125 GB
    Memory Allocated: 0.3821134567260742  GigaBytes
Max Memory Allocated: 16.6836838722229  GigaBytes

----------------------------------------after  batch labels to device
 Nvidia-smi: 21.953125 GB
    Memory Allocated: 0.3822803497314453  GigaBytes
Max Memory Allocated: 16.6836838722229  GigaBytes

----------------------------------------before batch input features to device
 Nvidia-smi: 21.953125 GB
    Memory Allocated: 0.22017669677734375  GigaBytes
Max Memory Allocated: 16.6836838722229  GigaBytes

----------------------------------------after batch input features to device
 Nvidia-smi: 21.953125 GB
    Memory Allocated: 0.4297623634338379  GigaBytes
Max Memory Allocated: 16.6836838722229  GigaBytes

----------------------------------------after  batch labels to device
 Nvidia-smi: 21.953125 GB
    Memory Allocated: 0.429929256439209  GigaBytes
Max Memory Allocated: 16.6836838722229  GigaBytes

----------------------------------------before batch input features to device
 Nvidia-smi: 18.24609375 GB
    Memory Allocated: 0.2613525390625  GigaBytes
Max Memory Allocated: 16.6836838722229  GigaBytes

----------------------------------------after batch input features to device
 Nvidia-smi: 18.24609375 GB
    Memory Allocated: 0.478635311126709  GigaBytes
Max Memory Allocated: 16.6836838722229  GigaBytes

----------------------------------------after  batch labels to device
 Nvidia-smi: 18.24609375 GB
    Memory Allocated: 0.4787940979003906  GigaBytes
Max Memory Allocated: 16.6836838722229  GigaBytes

----------------------------------------before batch input features to device
 Nvidia-smi: 18.33203125 GB
    Memory Allocated: 0.28218841552734375  GigaBytes
Max Memory Allocated: 16.6836838722229  GigaBytes

----------------------------------------after batch input features to device
 Nvidia-smi: 18.33203125 GB
    Memory Allocated: 0.422607421875  GigaBytes
Max Memory Allocated: 16.6836838722229  GigaBytes

----------------------------------------after  batch labels to device
 Nvidia-smi: 18.33203125 GB
    Memory Allocated: 0.4227747917175293  GigaBytes
Max Memory Allocated: 16.6836838722229  GigaBytes

----------------------------------------before batch input features to device
 Nvidia-smi: 18.33203125 GB
    Memory Allocated: 0.21951675415039062  GigaBytes
Max Memory Allocated: 16.6836838722229  GigaBytes

----------------------------------------after batch input features to device
 Nvidia-smi: 18.33203125 GB
    Memory Allocated: 0.3688507080078125  GigaBytes
Max Memory Allocated: 16.6836838722229  GigaBytes

----------------------------------------after  batch labels to device
 Nvidia-smi: 18.33203125 GB
    Memory Allocated: 0.36901235580444336  GigaBytes
Max Memory Allocated: 16.6836838722229  GigaBytes

----------------------------------------before batch input features to device
 Nvidia-smi: 18.33203125 GB
    Memory Allocated: 0.24115371704101562  GigaBytes
Max Memory Allocated: 16.6836838722229  GigaBytes

----------------------------------------after batch input features to device
 Nvidia-smi: 18.33203125 GB
    Memory Allocated: 0.41013336181640625  GigaBytes
Max Memory Allocated: 16.6836838722229  GigaBytes

----------------------------------------after  batch labels to device
 Nvidia-smi: 18.33203125 GB
    Memory Allocated: 0.4102916717529297  GigaBytes
Max Memory Allocated: 16.6836838722229  GigaBytes

----------------------------------------before batch input features to device
 Nvidia-smi: 18.33203125 GB
    Memory Allocated: 0.27440690994262695  GigaBytes
Max Memory Allocated: 16.6836838722229  GigaBytes

----------------------------------------after batch input features to device
 Nvidia-smi: 18.33203125 GB
    Memory Allocated: 0.4664344787597656  GigaBytes
Max Memory Allocated: 16.6836838722229  GigaBytes

----------------------------------------after  batch labels to device
 Nvidia-smi: 18.33203125 GB
    Memory Allocated: 0.46659278869628906  GigaBytes
Max Memory Allocated: 16.6836838722229  GigaBytes

----------------------------------------before batch input features to device
 Nvidia-smi: 18.33203125 GB
    Memory Allocated: 0.31079816818237305  GigaBytes
Max Memory Allocated: 16.6836838722229  GigaBytes

----------------------------------------after batch input features to device
 Nvidia-smi: 18.33203125 GB
    Memory Allocated: 0.4860873222351074  GigaBytes
Max Memory Allocated: 16.6836838722229  GigaBytes

----------------------------------------after  batch labels to device
 Nvidia-smi: 18.33203125 GB
    Memory Allocated: 0.4862480163574219  GigaBytes
Max Memory Allocated: 16.6836838722229  GigaBytes

times | data loading | block to device | model prediction | loss calculation | loss backward |  optimizer step |
      |0.12734132342868382 |0.014881769816080729 |0.17348739835951063 |0.00011507670084635417 |0.1149646970960829 |0.005960702896118164 |
----------------------------------------------------------pseudo_mini_loss sum 1.2742167711257935
Total (block generation + training)time/epoch 82.9487488746643
Training time/epoch 3.9383249282836914
Training time without block to device /epoch 3.804388999938965
Training time without total dataloading part(pure training) /epoch 2.603065252304077
load block tensor time/epoch 1.1460719108581543
block to device time/epoch 0.13393592834472656
input features size transfer per epoch 0.0
blocks size to device per epoch 0.0

Epoch:  8
REG start----................................
Convert a graph into a bidirected graph: 3.211 seconds, peak memory: 91.025 GB
Construct multi-constraint weights: 0.000 seconds, peak memory: 91.025 GB
Metis partitioning: 15.223 seconds, peak memory: 91.025 GB
Split the graph: 2.432 seconds
Construct subgraphs: 0.019 seconds
REG metis partition end ----................................
connection checking time:  21.305055856704712
block generation total time  20.342061519622803
average batch blocks generation time:  2.260229057735867
block dataloader generation time/epoch 79.4778220653534
----------------------------------------before batch input features to device
 Nvidia-smi: 18.33203125 GB
    Memory Allocated: 0.19632720947265625  GigaBytes
Max Memory Allocated: 16.6836838722229  GigaBytes

----------------------------------------after batch input features to device
 Nvidia-smi: 18.33203125 GB
    Memory Allocated: 0.3660593032836914  GigaBytes
Max Memory Allocated: 16.6836838722229  GigaBytes

----------------------------------------after  batch labels to device
 Nvidia-smi: 18.33203125 GB
    Memory Allocated: 0.3662242889404297  GigaBytes
Max Memory Allocated: 16.6836838722229  GigaBytes

----------------------------------------before batch input features to device
 Nvidia-smi: 18.33203125 GB
    Memory Allocated: 0.19104719161987305  GigaBytes
Max Memory Allocated: 16.6836838722229  GigaBytes

----------------------------------------after batch input features to device
 Nvidia-smi: 18.33203125 GB
    Memory Allocated: 0.33646297454833984  GigaBytes
Max Memory Allocated: 16.6836838722229  GigaBytes

----------------------------------------after  batch labels to device
 Nvidia-smi: 18.33203125 GB
    Memory Allocated: 0.3366212844848633  GigaBytes
Max Memory Allocated: 16.6836838722229  GigaBytes

----------------------------------------before batch input features to device
 Nvidia-smi: 18.33203125 GB
    Memory Allocated: 0.18079662322998047  GigaBytes
Max Memory Allocated: 16.6836838722229  GigaBytes

----------------------------------------after batch input features to device
 Nvidia-smi: 18.33203125 GB
    Memory Allocated: 0.3430757522583008  GigaBytes
Max Memory Allocated: 16.6836838722229  GigaBytes

----------------------------------------after  batch labels to device
 Nvidia-smi: 18.33203125 GB
    Memory Allocated: 0.3432350158691406  GigaBytes
Max Memory Allocated: 16.6836838722229  GigaBytes

----------------------------------------before batch input features to device
 Nvidia-smi: 18.33203125 GB
    Memory Allocated: 0.21033573150634766  GigaBytes
Max Memory Allocated: 16.6836838722229  GigaBytes

----------------------------------------after batch input features to device
 Nvidia-smi: 18.33203125 GB
    Memory Allocated: 0.3577756881713867  GigaBytes
Max Memory Allocated: 16.6836838722229  GigaBytes

----------------------------------------after  batch labels to device
 Nvidia-smi: 18.33203125 GB
    Memory Allocated: 0.3579397201538086  GigaBytes
Max Memory Allocated: 16.6836838722229  GigaBytes

----------------------------------------before batch input features to device
 Nvidia-smi: 18.33203125 GB
    Memory Allocated: 0.2096095085144043  GigaBytes
Max Memory Allocated: 16.6836838722229  GigaBytes

----------------------------------------after batch input features to device
 Nvidia-smi: 18.33203125 GB
    Memory Allocated: 0.37506580352783203  GigaBytes
Max Memory Allocated: 16.6836838722229  GigaBytes

----------------------------------------after  batch labels to device
 Nvidia-smi: 18.33203125 GB
    Memory Allocated: 0.3752298355102539  GigaBytes
Max Memory Allocated: 16.6836838722229  GigaBytes

----------------------------------------before batch input features to device
 Nvidia-smi: 18.33203125 GB
    Memory Allocated: 0.24225187301635742  GigaBytes
Max Memory Allocated: 16.6836838722229  GigaBytes

----------------------------------------after batch input features to device
 Nvidia-smi: 18.33203125 GB
    Memory Allocated: 0.42322254180908203  GigaBytes
Max Memory Allocated: 16.6836838722229  GigaBytes

----------------------------------------after  batch labels to device
 Nvidia-smi: 18.33203125 GB
    Memory Allocated: 0.42338991165161133  GigaBytes
Max Memory Allocated: 16.6836838722229  GigaBytes

----------------------------------------before batch input features to device
 Nvidia-smi: 18.6796875 GB
    Memory Allocated: 0.27242088317871094  GigaBytes
Max Memory Allocated: 16.6836838722229  GigaBytes

----------------------------------------after batch input features to device
 Nvidia-smi: 18.6796875 GB
    Memory Allocated: 0.4525260925292969  GigaBytes
Max Memory Allocated: 16.6836838722229  GigaBytes

----------------------------------------after  batch labels to device
 Nvidia-smi: 18.6796875 GB
    Memory Allocated: 0.4526848793029785  GigaBytes
Max Memory Allocated: 16.6836838722229  GigaBytes

----------------------------------------before batch input features to device
 Nvidia-smi: 18.763671875 GB
    Memory Allocated: 0.2856898307800293  GigaBytes
Max Memory Allocated: 16.6836838722229  GigaBytes

----------------------------------------after batch input features to device
 Nvidia-smi: 18.763671875 GB
    Memory Allocated: 0.4625096321105957  GigaBytes
Max Memory Allocated: 16.6836838722229  GigaBytes

----------------------------------------after  batch labels to device
 Nvidia-smi: 18.763671875 GB
    Memory Allocated: 0.4626765251159668  GigaBytes
Max Memory Allocated: 16.6836838722229  GigaBytes

----------------------------------------before batch input features to device
 Nvidia-smi: 19.328125 GB
    Memory Allocated: 0.2957744598388672  GigaBytes
Max Memory Allocated: 16.6836838722229  GigaBytes

----------------------------------------after batch input features to device
 Nvidia-smi: 19.328125 GB
    Memory Allocated: 0.462252140045166  GigaBytes
Max Memory Allocated: 16.6836838722229  GigaBytes

----------------------------------------after  batch labels to device
 Nvidia-smi: 19.328125 GB
    Memory Allocated: 0.4624152183532715  GigaBytes
Max Memory Allocated: 16.6836838722229  GigaBytes

times | data loading | block to device | model prediction | loss calculation | loss backward |  optimizer step |
      |0.11857851346333821 |0.019000689188639324 |0.1443494955698649 |0.00011645423041449653 |0.11439005533854167 |0.006009817123413086 |
----------------------------------------------------------pseudo_mini_loss sum 1.1734894514083862
Total (block generation + training)time/epoch 83.22734598318736
Training time/epoch 3.6404478549957275
Training time without block to device /epoch 3.4694416522979736
Training time without total dataloading part(pure training) /epoch 2.3357138633728027
load block tensor time/epoch 1.067206621170044
block to device time/epoch 0.1710062026977539
input features size transfer per epoch 0.0
blocks size to device per epoch 0.0

Epoch:  9
REG start----................................
Convert a graph into a bidirected graph: 3.127 seconds, peak memory: 91.025 GB
Construct multi-constraint weights: 0.000 seconds, peak memory: 91.025 GB
Metis partitioning: 15.618 seconds, peak memory: 91.025 GB
Split the graph: 1.682 seconds
Construct subgraphs: 0.019 seconds
REG metis partition end ----................................
connection checking time:  21.277584314346313
block generation total time  20.084776163101196
average batch blocks generation time:  2.231641795900133
block dataloader generation time/epoch 79.64473502976554
----------------------------------------before batch input features to device
 Nvidia-smi: 19.328125 GB
    Memory Allocated: 0.18771839141845703  GigaBytes
Max Memory Allocated: 16.6836838722229  GigaBytes

----------------------------------------after batch input features to device
 Nvidia-smi: 19.328125 GB
    Memory Allocated: 0.39418840408325195  GigaBytes
Max Memory Allocated: 16.6836838722229  GigaBytes

----------------------------------------after  batch labels to device
 Nvidia-smi: 19.328125 GB
    Memory Allocated: 0.3943467140197754  GigaBytes
Max Memory Allocated: 16.6836838722229  GigaBytes

----------------------------------------before batch input features to device
 Nvidia-smi: 19.349609375 GB
    Memory Allocated: 0.22818422317504883  GigaBytes
Max Memory Allocated: 16.6836838722229  GigaBytes

----------------------------------------after batch input features to device
 Nvidia-smi: 19.349609375 GB
    Memory Allocated: 0.39706897735595703  GigaBytes
Max Memory Allocated: 16.6836838722229  GigaBytes

----------------------------------------after  batch labels to device
 Nvidia-smi: 19.349609375 GB
    Memory Allocated: 0.3972334861755371  GigaBytes
Max Memory Allocated: 16.6836838722229  GigaBytes

----------------------------------------before batch input features to device
 Nvidia-smi: 19.349609375 GB
    Memory Allocated: 0.20389986038208008  GigaBytes
Max Memory Allocated: 16.6836838722229  GigaBytes

----------------------------------------after batch input features to device
 Nvidia-smi: 19.349609375 GB
    Memory Allocated: 0.37780094146728516  GigaBytes
Max Memory Allocated: 16.6836838722229  GigaBytes

----------------------------------------after  batch labels to device
 Nvidia-smi: 19.349609375 GB
    Memory Allocated: 0.37796592712402344  GigaBytes
Max Memory Allocated: 16.6836838722229  GigaBytes

----------------------------------------before batch input features to device
 Nvidia-smi: 19.349609375 GB
    Memory Allocated: 0.22256755828857422  GigaBytes
Max Memory Allocated: 16.6836838722229  GigaBytes

----------------------------------------after batch input features to device
 Nvidia-smi: 19.349609375 GB
    Memory Allocated: 0.38957738876342773  GigaBytes
Max Memory Allocated: 16.6836838722229  GigaBytes

----------------------------------------after  batch labels to device
 Nvidia-smi: 19.349609375 GB
    Memory Allocated: 0.3897428512573242  GigaBytes
Max Memory Allocated: 16.6836838722229  GigaBytes

----------------------------------------before batch input features to device
 Nvidia-smi: 19.349609375 GB
    Memory Allocated: 0.22988510131835938  GigaBytes
Max Memory Allocated: 16.6836838722229  GigaBytes

----------------------------------------after batch input features to device
 Nvidia-smi: 19.349609375 GB
    Memory Allocated: 0.41310977935791016  GigaBytes
Max Memory Allocated: 16.6836838722229  GigaBytes

----------------------------------------after  batch labels to device
 Nvidia-smi: 19.349609375 GB
    Memory Allocated: 0.41327428817749023  GigaBytes
Max Memory Allocated: 16.6836838722229  GigaBytes

----------------------------------------before batch input features to device
 Nvidia-smi: 19.349609375 GB
    Memory Allocated: 0.25983095169067383  GigaBytes
Max Memory Allocated: 16.6836838722229  GigaBytes

----------------------------------------after batch input features to device
 Nvidia-smi: 19.349609375 GB
    Memory Allocated: 0.4301009178161621  GigaBytes
Max Memory Allocated: 16.6836838722229  GigaBytes

----------------------------------------after  batch labels to device
 Nvidia-smi: 19.349609375 GB
    Memory Allocated: 0.430264949798584  GigaBytes
Max Memory Allocated: 16.6836838722229  GigaBytes

----------------------------------------before batch input features to device
 Nvidia-smi: 19.349609375 GB
    Memory Allocated: 0.2602996826171875  GigaBytes
Max Memory Allocated: 16.6836838722229  GigaBytes

----------------------------------------after batch input features to device
 Nvidia-smi: 19.349609375 GB
    Memory Allocated: 0.40429115295410156  GigaBytes
Max Memory Allocated: 16.6836838722229  GigaBytes

----------------------------------------after  batch labels to device
 Nvidia-smi: 19.349609375 GB
    Memory Allocated: 0.404449462890625  GigaBytes
Max Memory Allocated: 16.6836838722229  GigaBytes

----------------------------------------before batch input features to device
 Nvidia-smi: 19.349609375 GB
    Memory Allocated: 0.24648380279541016  GigaBytes
Max Memory Allocated: 16.6836838722229  GigaBytes

----------------------------------------after batch input features to device
 Nvidia-smi: 19.349609375 GB
    Memory Allocated: 0.3950376510620117  GigaBytes
Max Memory Allocated: 16.6836838722229  GigaBytes

----------------------------------------after  batch labels to device
 Nvidia-smi: 19.349609375 GB
    Memory Allocated: 0.3952054977416992  GigaBytes
Max Memory Allocated: 16.6836838722229  GigaBytes

----------------------------------------before batch input features to device
 Nvidia-smi: 19.349609375 GB
    Memory Allocated: 0.26489830017089844  GigaBytes
Max Memory Allocated: 16.6836838722229  GigaBytes

----------------------------------------after batch input features to device
 Nvidia-smi: 19.349609375 GB
    Memory Allocated: 0.42008066177368164  GigaBytes
Max Memory Allocated: 16.6836838722229  GigaBytes

----------------------------------------after  batch labels to device
 Nvidia-smi: 19.349609375 GB
    Memory Allocated: 0.4202389717102051  GigaBytes
Max Memory Allocated: 16.6836838722229  GigaBytes

times | data loading | block to device | model prediction | loss calculation | loss backward |  optimizer step |
      |0.1262060801188151 |0.011911418702867296 |0.1431541707780626 |0.00011618932088216145 |0.11559001604715984 |0.005965232849121094 |
----------------------------------------------------------pseudo_mini_loss sum 1.0814549922943115
Total (block generation + training)time/epoch 83.37718445914132
Training time/epoch 3.6297810077667236
Training time without block to device /epoch 3.522578239440918
Training time without total dataloading part(pure training) /epoch 2.3357086181640625
load block tensor time/epoch 1.135854721069336
block to device time/epoch 0.10720276832580566
input features size transfer per epoch 0.0
blocks size to device per epoch 0.0

