main start at this time 1691280033.9248884
  NumNodes: 2708
  NumEdges: 10556
  NumFeats: 1433
  NumClasses: 7
  NumTrainingSamples: 140
  NumValidationSamples: 500
  NumTestSamples: 1000
Done loading data from cached files.
success----------------------------------------
140
500
2068
# Nodes: 2708
# Edges: 10556
# Train: 140
# Val: 500
# Test: 2068
# Classes: 7

in feats:  1433
connection checking time:  0.024954557418823242
block generation total time  0.03209209442138672
step  0
----------------------------------------after batch_pred = model(blocks, batch_inputs)
 Nvidia-smi: 2.216796875 GB
    Memory Allocated: 0.6759963035583496  GigaBytes
Max Memory Allocated: 0.6771049499511719  GigaBytes

----------------------------------------after loss function
 Nvidia-smi: 2.216796875 GB
    Memory Allocated: 0.6759982109069824  GigaBytes
Max Memory Allocated: 0.6771049499511719  GigaBytes

step  1
----------------------------------------after batch_pred = model(blocks, batch_inputs)
 Nvidia-smi: 2.68359375 GB
    Memory Allocated: 1.0922017097473145  GigaBytes
Max Memory Allocated: 1.0934782028198242  GigaBytes

----------------------------------------after loss function
 Nvidia-smi: 2.68359375 GB
    Memory Allocated: 1.092203140258789  GigaBytes
Max Memory Allocated: 1.0934782028198242  GigaBytes

step  2
----------------------------------------after batch_pred = model(blocks, batch_inputs)
 Nvidia-smi: 2.94921875 GB
    Memory Allocated: 1.0544672012329102  GigaBytes
Max Memory Allocated: 1.3410487174987793  GigaBytes

----------------------------------------after loss function
 Nvidia-smi: 2.94921875 GB
    Memory Allocated: 1.0544686317443848  GigaBytes
Max Memory Allocated: 1.3410487174987793  GigaBytes

step  3
----------------------------------------after batch_pred = model(blocks, batch_inputs)
 Nvidia-smi: 2.94921875 GB
    Memory Allocated: 1.019608974456787  GigaBytes
Max Memory Allocated: 1.3410487174987793  GigaBytes

----------------------------------------after loss function
 Nvidia-smi: 2.94921875 GB
    Memory Allocated: 1.0196104049682617  GigaBytes
Max Memory Allocated: 1.3410487174987793  GigaBytes

step  4
----------------------------------------after batch_pred = model(blocks, batch_inputs)
 Nvidia-smi: 2.94921875 GB
    Memory Allocated: 1.085688591003418  GigaBytes
Max Memory Allocated: 1.3410487174987793  GigaBytes

----------------------------------------after loss function
 Nvidia-smi: 2.94921875 GB
    Memory Allocated: 1.0856900215148926  GigaBytes
Max Memory Allocated: 1.3410487174987793  GigaBytes

step  5
----------------------------------------after batch_pred = model(blocks, batch_inputs)
 Nvidia-smi: 2.94921875 GB
    Memory Allocated: 0.984492301940918  GigaBytes
Max Memory Allocated: 1.3410487174987793  GigaBytes

----------------------------------------after loss function
 Nvidia-smi: 2.94921875 GB
    Memory Allocated: 0.9844937324523926  GigaBytes
Max Memory Allocated: 1.3410487174987793  GigaBytes

pure train time  2.488854169845581
-----------------------------------------after optimizer zero grad
 Nvidia-smi: 3.54296875 GB
    Memory Allocated: 1.4669651985168457  GigaBytes
Max Memory Allocated: 1.6544651985168457  GigaBytes

----------------------------------------------------------pseudo_mini_loss sum 1.9468653202056885
connection checking time:  0.024612903594970703
block generation total time  0.03253459930419922
step  0
----------------------------------------after batch_pred = model(blocks, batch_inputs)
 Nvidia-smi: 3.54296875 GB
    Memory Allocated: 1.705073356628418  GigaBytes
Max Memory Allocated: 1.7062101364135742  GigaBytes

----------------------------------------after loss function
 Nvidia-smi: 3.54296875 GB
    Memory Allocated: 1.7050752639770508  GigaBytes
Max Memory Allocated: 1.7062101364135742  GigaBytes

step  1
----------------------------------------after batch_pred = model(blocks, batch_inputs)
 Nvidia-smi: 3.60546875 GB
    Memory Allocated: 1.8157196044921875  GigaBytes
Max Memory Allocated: 1.9541497230529785  GigaBytes

----------------------------------------after loss function
 Nvidia-smi: 3.60546875 GB
    Memory Allocated: 1.815721035003662  GigaBytes
Max Memory Allocated: 1.9541497230529785  GigaBytes

step  2
----------------------------------------after batch_pred = model(blocks, batch_inputs)
 Nvidia-smi: 3.66796875 GB
    Memory Allocated: 1.8035216331481934  GigaBytes
Max Memory Allocated: 2.0643110275268555  GigaBytes

----------------------------------------after loss function
 Nvidia-smi: 3.66796875 GB
    Memory Allocated: 1.803523063659668  GigaBytes
Max Memory Allocated: 2.0643110275268555  GigaBytes

step  3
----------------------------------------after batch_pred = model(blocks, batch_inputs)
 Nvidia-smi: 3.66796875 GB
    Memory Allocated: 1.7437987327575684  GigaBytes
Max Memory Allocated: 2.0643110275268555  GigaBytes

----------------------------------------after loss function
 Nvidia-smi: 3.66796875 GB
    Memory Allocated: 1.743800163269043  GigaBytes
Max Memory Allocated: 2.0643110275268555  GigaBytes

step  4
----------------------------------------after batch_pred = model(blocks, batch_inputs)
 Nvidia-smi: 3.66796875 GB
    Memory Allocated: 1.7970004081726074  GigaBytes
Max Memory Allocated: 2.0643110275268555  GigaBytes

----------------------------------------after loss function
 Nvidia-smi: 3.66796875 GB
    Memory Allocated: 1.797001838684082  GigaBytes
Max Memory Allocated: 2.0643110275268555  GigaBytes

step  5
----------------------------------------after batch_pred = model(blocks, batch_inputs)
 Nvidia-smi: 3.66796875 GB
    Memory Allocated: 1.7548332214355469  GigaBytes
Max Memory Allocated: 2.0643110275268555  GigaBytes

----------------------------------------after loss function
 Nvidia-smi: 3.66796875 GB
    Memory Allocated: 1.7548346519470215  GigaBytes
Max Memory Allocated: 2.0643110275268555  GigaBytes

pure train time  1.988095998764038
-----------------------------------------after optimizer zero grad
 Nvidia-smi: 3.66796875 GB
    Memory Allocated: 1.4669675827026367  GigaBytes
Max Memory Allocated: 2.0643110275268555  GigaBytes

----------------------------------------------------------pseudo_mini_loss sum 1.954451560974121
connection checking time:  0.025072574615478516
block generation total time  0.032314300537109375
step  0
----------------------------------------after batch_pred = model(blocks, batch_inputs)
 Nvidia-smi: 3.66796875 GB
    Memory Allocated: 1.7833456993103027  GigaBytes
Max Memory Allocated: 2.0643110275268555  GigaBytes

----------------------------------------after loss function
 Nvidia-smi: 3.66796875 GB
    Memory Allocated: 1.7833476066589355  GigaBytes
Max Memory Allocated: 2.0643110275268555  GigaBytes

step  1
----------------------------------------after batch_pred = model(blocks, batch_inputs)
 Nvidia-smi: 3.66796875 GB
    Memory Allocated: 1.7512974739074707  GigaBytes
Max Memory Allocated: 2.0643110275268555  GigaBytes

----------------------------------------after loss function
 Nvidia-smi: 3.66796875 GB
    Memory Allocated: 1.7512989044189453  GigaBytes
Max Memory Allocated: 2.0643110275268555  GigaBytes

step  2
----------------------------------------after batch_pred = model(blocks, batch_inputs)
 Nvidia-smi: 3.66796875 GB
    Memory Allocated: 1.7890520095825195  GigaBytes
Max Memory Allocated: 2.0643110275268555  GigaBytes

----------------------------------------after loss function
 Nvidia-smi: 3.66796875 GB
    Memory Allocated: 1.7890534400939941  GigaBytes
Max Memory Allocated: 2.0643110275268555  GigaBytes

step  3
----------------------------------------after batch_pred = model(blocks, batch_inputs)
 Nvidia-smi: 3.66796875 GB
    Memory Allocated: 1.7851753234863281  GigaBytes
Max Memory Allocated: 2.0643110275268555  GigaBytes

----------------------------------------after loss function
 Nvidia-smi: 3.66796875 GB
    Memory Allocated: 1.7851767539978027  GigaBytes
Max Memory Allocated: 2.0643110275268555  GigaBytes

step  4
----------------------------------------after batch_pred = model(blocks, batch_inputs)
 Nvidia-smi: 3.66796875 GB
    Memory Allocated: 1.8248004913330078  GigaBytes
Max Memory Allocated: 2.0643110275268555  GigaBytes

----------------------------------------after loss function
 Nvidia-smi: 3.66796875 GB
    Memory Allocated: 1.8248019218444824  GigaBytes
Max Memory Allocated: 2.0643110275268555  GigaBytes

step  5
----------------------------------------after batch_pred = model(blocks, batch_inputs)
 Nvidia-smi: 3.66796875 GB
    Memory Allocated: 1.6878409385681152  GigaBytes
Max Memory Allocated: 2.0729475021362305  GigaBytes

----------------------------------------after loss function
 Nvidia-smi: 3.66796875 GB
    Memory Allocated: 1.6878423690795898  GigaBytes
Max Memory Allocated: 2.0729475021362305  GigaBytes

pure train time  1.9476032257080078
-----------------------------------------after optimizer zero grad
 Nvidia-smi: 3.66796875 GB
    Memory Allocated: 1.4669675827026367  GigaBytes
Max Memory Allocated: 2.0729475021362305  GigaBytes

----------------------------------------------------------pseudo_mini_loss sum 2.005565643310547
loading full batch data spends  0.010123729705810547
connection checking time:  0.0248105525970459
block generation total time  0.03250479698181152
generate_dataloader_block spend   0.07403326034545898
step  0
----------------------------------------after batch_pred = model(blocks, batch_inputs)
 Nvidia-smi: 3.66796875 GB
    Memory Allocated: 1.7679901123046875  GigaBytes
Max Memory Allocated: 2.0729475021362305  GigaBytes

----------------------------------------after loss function
 Nvidia-smi: 3.66796875 GB
    Memory Allocated: 1.7679920196533203  GigaBytes
Max Memory Allocated: 2.0729475021362305  GigaBytes

step  1
----------------------------------------after batch_pred = model(blocks, batch_inputs)
 Nvidia-smi: 3.66796875 GB
    Memory Allocated: 1.7619562149047852  GigaBytes
Max Memory Allocated: 2.0729475021362305  GigaBytes

----------------------------------------after loss function
 Nvidia-smi: 3.66796875 GB
    Memory Allocated: 1.7619576454162598  GigaBytes
Max Memory Allocated: 2.0729475021362305  GigaBytes

step  2
----------------------------------------after batch_pred = model(blocks, batch_inputs)
 Nvidia-smi: 3.66796875 GB
    Memory Allocated: 1.8400397300720215  GigaBytes
Max Memory Allocated: 2.0729475021362305  GigaBytes

----------------------------------------after loss function
 Nvidia-smi: 3.66796875 GB
    Memory Allocated: 1.840041160583496  GigaBytes
Max Memory Allocated: 2.0729475021362305  GigaBytes

step  3
----------------------------------------after batch_pred = model(blocks, batch_inputs)
 Nvidia-smi: 3.66796875 GB
    Memory Allocated: 1.7353200912475586  GigaBytes
Max Memory Allocated: 2.088196277618408  GigaBytes

----------------------------------------after loss function
 Nvidia-smi: 3.66796875 GB
    Memory Allocated: 1.7353215217590332  GigaBytes
Max Memory Allocated: 2.088196277618408  GigaBytes

step  4
----------------------------------------after batch_pred = model(blocks, batch_inputs)
 Nvidia-smi: 3.66796875 GB
    Memory Allocated: 1.8196120262145996  GigaBytes
Max Memory Allocated: 2.088196277618408  GigaBytes

----------------------------------------after loss function
 Nvidia-smi: 3.66796875 GB
    Memory Allocated: 1.8196134567260742  GigaBytes
Max Memory Allocated: 2.088196277618408  GigaBytes

step  5
----------------------------------------after batch_pred = model(blocks, batch_inputs)
 Nvidia-smi: 3.66796875 GB
    Memory Allocated: 1.684187412261963  GigaBytes
Max Memory Allocated: 2.088196277618408  GigaBytes

----------------------------------------after loss function
 Nvidia-smi: 3.66796875 GB
    Memory Allocated: 1.6841888427734375  GigaBytes
Max Memory Allocated: 2.088196277618408  GigaBytes

pure train time  1.8767375946044922
-----------------------------------------after optimizer zero grad
 Nvidia-smi: 3.66796875 GB
    Memory Allocated: 1.466087818145752  GigaBytes
Max Memory Allocated: 2.088196277618408  GigaBytes

----------------------------------------------------------pseudo_mini_loss sum 1.851392149925232
loading full batch data spends  0.009161233901977539
connection checking time:  0.025356531143188477
block generation total time  0.03313636779785156
generate_dataloader_block spend   0.07506036758422852
step  0
----------------------------------------after batch_pred = model(blocks, batch_inputs)
 Nvidia-smi: 3.66796875 GB
    Memory Allocated: 1.6947441101074219  GigaBytes
Max Memory Allocated: 2.088196277618408  GigaBytes

----------------------------------------after loss function
 Nvidia-smi: 3.66796875 GB
    Memory Allocated: 1.6947460174560547  GigaBytes
Max Memory Allocated: 2.088196277618408  GigaBytes

step  1
----------------------------------------after batch_pred = model(blocks, batch_inputs)
 Nvidia-smi: 3.6796875 GB
    Memory Allocated: 1.8932404518127441  GigaBytes
Max Memory Allocated: 2.088196277618408  GigaBytes

----------------------------------------after loss function
 Nvidia-smi: 3.6796875 GB
    Memory Allocated: 1.8932418823242188  GigaBytes
Max Memory Allocated: 2.088196277618408  GigaBytes

step  2
----------------------------------------after batch_pred = model(blocks, batch_inputs)
 Nvidia-smi: 3.744140625 GB
    Memory Allocated: 1.772674560546875  GigaBytes
Max Memory Allocated: 2.141843318939209  GigaBytes

----------------------------------------after loss function
 Nvidia-smi: 3.744140625 GB
    Memory Allocated: 1.7726759910583496  GigaBytes
Max Memory Allocated: 2.141843318939209  GigaBytes

step  3
----------------------------------------after batch_pred = model(blocks, batch_inputs)
 Nvidia-smi: 3.744140625 GB
    Memory Allocated: 1.7450919151306152  GigaBytes
Max Memory Allocated: 2.141843318939209  GigaBytes

----------------------------------------after loss function
 Nvidia-smi: 3.744140625 GB
    Memory Allocated: 1.7450933456420898  GigaBytes
Max Memory Allocated: 2.141843318939209  GigaBytes

step  4
----------------------------------------after batch_pred = model(blocks, batch_inputs)
 Nvidia-smi: 3.744140625 GB
    Memory Allocated: 1.8286857604980469  GigaBytes
Max Memory Allocated: 2.141843318939209  GigaBytes

----------------------------------------after loss function
 Nvidia-smi: 3.744140625 GB
    Memory Allocated: 1.8286871910095215  GigaBytes
Max Memory Allocated: 2.141843318939209  GigaBytes

step  5
----------------------------------------after batch_pred = model(blocks, batch_inputs)
 Nvidia-smi: 3.744140625 GB
    Memory Allocated: 1.7366676330566406  GigaBytes
Max Memory Allocated: 2.141843318939209  GigaBytes

----------------------------------------after loss function
 Nvidia-smi: 3.744140625 GB
    Memory Allocated: 1.7366690635681152  GigaBytes
Max Memory Allocated: 2.141843318939209  GigaBytes

pure train time  1.8999953269958496
-----------------------------------------after optimizer zero grad
 Nvidia-smi: 3.744140625 GB
    Memory Allocated: 1.466972827911377  GigaBytes
Max Memory Allocated: 2.141843318939209  GigaBytes

----------------------------------------------------------pseudo_mini_loss sum 1.8117709159851074
Total (block generation + training)time/epoch 2.46463143825531
pure train time/epoch 1.8999953269958496

num_input_list  [6343, 6180, 6325, 6246, 6424]
