main start at this time 1691279957.5918553
  NumNodes: 2708
  NumEdges: 10556
  NumFeats: 1433
  NumClasses: 7
  NumTrainingSamples: 140
  NumValidationSamples: 500
  NumTestSamples: 1000
Done loading data from cached files.
success----------------------------------------
140
500
2068
# Nodes: 2708
# Edges: 10556
# Train: 140
# Val: 500
# Test: 2068
# Classes: 7

in feats:  1433
connection checking time:  0.010056018829345703
block generation total time  0.01451730728149414
step  0
----------------------------------------after batch_pred = model(blocks, batch_inputs)
 Nvidia-smi: 2.470703125 GB
    Memory Allocated: 0.932924747467041  GigaBytes
Max Memory Allocated: 0.9355220794677734  GigaBytes

----------------------------------------after loss function
 Nvidia-smi: 2.470703125 GB
    Memory Allocated: 0.932927131652832  GigaBytes
Max Memory Allocated: 0.9355220794677734  GigaBytes

step  1
----------------------------------------after batch_pred = model(blocks, batch_inputs)
 Nvidia-smi: 2.916015625 GB
    Memory Allocated: 1.2260503768920898  GigaBytes
Max Memory Allocated: 1.3007378578186035  GigaBytes

----------------------------------------after loss function
 Nvidia-smi: 2.916015625 GB
    Memory Allocated: 1.2260522842407227  GigaBytes
Max Memory Allocated: 1.3007378578186035  GigaBytes

step  2
----------------------------------------after batch_pred = model(blocks, batch_inputs)
 Nvidia-smi: 3.103515625 GB
    Memory Allocated: 1.2678298950195312  GigaBytes
Max Memory Allocated: 1.474210262298584  GigaBytes

----------------------------------------after loss function
 Nvidia-smi: 3.103515625 GB
    Memory Allocated: 1.267831802368164  GigaBytes
Max Memory Allocated: 1.474210262298584  GigaBytes

pure train time  1.7287802696228027
-----------------------------------------after optimizer zero grad
 Nvidia-smi: 3.728515625 GB
    Memory Allocated: 1.4714479446411133  GigaBytes
Max Memory Allocated: 1.6589479446411133  GigaBytes

----------------------------------------------------------pseudo_mini_loss sum 1.9527573585510254
connection checking time:  0.010036945343017578
block generation total time  0.014962911605834961
step  0
----------------------------------------after batch_pred = model(blocks, batch_inputs)
 Nvidia-smi: 3.728515625 GB
    Memory Allocated: 1.9748268127441406  GigaBytes
Max Memory Allocated: 1.9774799346923828  GigaBytes

----------------------------------------after loss function
 Nvidia-smi: 3.728515625 GB
    Memory Allocated: 1.9748291969299316  GigaBytes
Max Memory Allocated: 1.9774799346923828  GigaBytes

step  1
----------------------------------------after batch_pred = model(blocks, batch_inputs)
 Nvidia-smi: 3.853515625 GB
    Memory Allocated: 1.980058193206787  GigaBytes
Max Memory Allocated: 2.222842216491699  GigaBytes

----------------------------------------after loss function
 Nvidia-smi: 3.853515625 GB
    Memory Allocated: 1.98006010055542  GigaBytes
Max Memory Allocated: 2.222842216491699  GigaBytes

step  2
----------------------------------------after batch_pred = model(blocks, batch_inputs)
 Nvidia-smi: 3.853515625 GB
    Memory Allocated: 2.0092315673828125  GigaBytes
Max Memory Allocated: 2.228240966796875  GigaBytes

----------------------------------------after loss function
 Nvidia-smi: 3.853515625 GB
    Memory Allocated: 2.0092334747314453  GigaBytes
Max Memory Allocated: 2.228240966796875  GigaBytes

pure train time  1.3354277610778809
-----------------------------------------after optimizer zero grad
 Nvidia-smi: 3.853515625 GB
    Memory Allocated: 1.4721975326538086  GigaBytes
Max Memory Allocated: 2.257345676422119  GigaBytes

----------------------------------------------------------pseudo_mini_loss sum 1.9416242837905884
connection checking time:  0.010146379470825195
block generation total time  0.014730453491210938
step  0
----------------------------------------after batch_pred = model(blocks, batch_inputs)
 Nvidia-smi: 3.853515625 GB
    Memory Allocated: 1.9503278732299805  GigaBytes
Max Memory Allocated: 2.257345676422119  GigaBytes

----------------------------------------after loss function
 Nvidia-smi: 3.853515625 GB
    Memory Allocated: 1.9503302574157715  GigaBytes
Max Memory Allocated: 2.257345676422119  GigaBytes

step  1
----------------------------------------after batch_pred = model(blocks, batch_inputs)
 Nvidia-smi: 3.853515625 GB
    Memory Allocated: 2.0001325607299805  GigaBytes
Max Memory Allocated: 2.257345676422119  GigaBytes

----------------------------------------after loss function
 Nvidia-smi: 3.853515625 GB
    Memory Allocated: 2.0001344680786133  GigaBytes
Max Memory Allocated: 2.257345676422119  GigaBytes

step  2
----------------------------------------after batch_pred = model(blocks, batch_inputs)
 Nvidia-smi: 3.853515625 GB
    Memory Allocated: 2.0220532417297363  GigaBytes
Max Memory Allocated: 2.257345676422119  GigaBytes

----------------------------------------after loss function
 Nvidia-smi: 3.853515625 GB
    Memory Allocated: 2.022055149078369  GigaBytes
Max Memory Allocated: 2.257345676422119  GigaBytes

pure train time  1.327789068222046
-----------------------------------------after optimizer zero grad
 Nvidia-smi: 3.916015625 GB
    Memory Allocated: 1.4721994400024414  GigaBytes
Max Memory Allocated: 2.2700376510620117  GigaBytes

----------------------------------------------------------pseudo_mini_loss sum 1.9819951057434082
loading full batch data spends  0.007634401321411133
connection checking time:  0.011326313018798828
block generation total time  0.01485133171081543
generate_dataloader_block spend   0.04909515380859375
step  0
----------------------------------------after batch_pred = model(blocks, batch_inputs)
 Nvidia-smi: 3.916015625 GB
    Memory Allocated: 1.9848828315734863  GigaBytes
Max Memory Allocated: 2.2700376510620117  GigaBytes

----------------------------------------after loss function
 Nvidia-smi: 3.916015625 GB
    Memory Allocated: 1.9848852157592773  GigaBytes
Max Memory Allocated: 2.2700376510620117  GigaBytes

step  1
----------------------------------------after batch_pred = model(blocks, batch_inputs)
 Nvidia-smi: 3.916015625 GB
    Memory Allocated: 2.0315003395080566  GigaBytes
Max Memory Allocated: 2.2700376510620117  GigaBytes

----------------------------------------after loss function
 Nvidia-smi: 3.916015625 GB
    Memory Allocated: 2.0315022468566895  GigaBytes
Max Memory Allocated: 2.2700376510620117  GigaBytes

step  2
----------------------------------------after batch_pred = model(blocks, batch_inputs)
 Nvidia-smi: 3.916015625 GB
    Memory Allocated: 1.9811267852783203  GigaBytes
Max Memory Allocated: 2.2792558670043945  GigaBytes

----------------------------------------after loss function
 Nvidia-smi: 3.916015625 GB
    Memory Allocated: 1.9811286926269531  GigaBytes
Max Memory Allocated: 2.2792558670043945  GigaBytes

pure train time  1.2679402828216553
-----------------------------------------after optimizer zero grad
 Nvidia-smi: 3.916015625 GB
    Memory Allocated: 1.4721999168395996  GigaBytes
Max Memory Allocated: 2.2792558670043945  GigaBytes

----------------------------------------------------------pseudo_mini_loss sum 1.84044349193573
loading full batch data spends  0.004600048065185547
connection checking time:  0.008291482925415039
block generation total time  0.012385845184326172
generate_dataloader_block spend   0.02786564826965332
step  0
----------------------------------------after batch_pred = model(blocks, batch_inputs)
 Nvidia-smi: 3.916015625 GB
    Memory Allocated: 2.019045829772949  GigaBytes
Max Memory Allocated: 2.2792558670043945  GigaBytes

----------------------------------------after loss function
 Nvidia-smi: 3.916015625 GB
    Memory Allocated: 2.0190482139587402  GigaBytes
Max Memory Allocated: 2.2792558670043945  GigaBytes

step  1
----------------------------------------after batch_pred = model(blocks, batch_inputs)
 Nvidia-smi: 3.916015625 GB
    Memory Allocated: 1.9738636016845703  GigaBytes
Max Memory Allocated: 2.2792558670043945  GigaBytes

----------------------------------------after loss function
 Nvidia-smi: 3.916015625 GB
    Memory Allocated: 1.9738655090332031  GigaBytes
Max Memory Allocated: 2.2792558670043945  GigaBytes

step  2
----------------------------------------after batch_pred = model(blocks, batch_inputs)
 Nvidia-smi: 3.916015625 GB
    Memory Allocated: 1.996394157409668  GigaBytes
Max Memory Allocated: 2.2792558670043945  GigaBytes

----------------------------------------after loss function
 Nvidia-smi: 3.916015625 GB
    Memory Allocated: 1.9963960647583008  GigaBytes
Max Memory Allocated: 2.2792558670043945  GigaBytes

pure train time  1.355614185333252
-----------------------------------------after optimizer zero grad
 Nvidia-smi: 3.916015625 GB
    Memory Allocated: 1.4714455604553223  GigaBytes
Max Memory Allocated: 2.2792558670043945  GigaBytes

----------------------------------------------------------pseudo_mini_loss sum 1.8119255304336548
Total (block generation + training)time/epoch 1.6202499866485596
pure train time/epoch 1.355614185333252

num_input_list  [4412, 4414, 4481, 4562, 4458]
