main start at this time 1699483603.9991531
  NumNodes: 2708
  NumEdges: 10556
  NumFeats: 1433
  NumClasses: 7
  NumTrainingSamples: 140
  NumValidationSamples: 500
  NumTestSamples: 1000
Done loading data from cached files.
success----------------------------------------
140
500
2068
# Nodes: 2708
# Edges: 10556
# Train: 140
# Val: 500
# Test: 2068
# Classes: 7

in feats:  1433
self._in_src_feats,  1433
self._in_dst_feats 1433
Epoch 1, Learning Rate: 0.01
full batch src global  1347
full batch dst global  140
----------------------------------------after load_block_subtensor
 Nvidia-smi: 1.39453125 GB
    Memory Allocated: 0.04398202896118164  GigaBytes
Max Memory Allocated: 0.04398202896118164  GigaBytes

----------------------------------------after block to device
 Nvidia-smi: 1.482421875 GB
    Memory Allocated: 0.044008731842041016  GigaBytes
Max Memory Allocated: 0.044008731842041016  GigaBytes

----------------------------------------after model
 Nvidia-smi: 1.783203125 GB
    Memory Allocated: 0.2380051612854004  GigaBytes
Max Memory Allocated: 0.2504425048828125  GigaBytes

full batch train ------ loss 1.9514644145965576
----------------------------------------after loss
 Nvidia-smi: 1.783203125 GB
    Memory Allocated: 0.23800992965698242  GigaBytes
Max Memory Allocated: 0.2504425048828125  GigaBytes

----------------------------------------after loss backward
 Nvidia-smi: 1.853515625 GB
    Memory Allocated: 0.08086681365966797  GigaBytes
Max Memory Allocated: 0.2891225814819336  GigaBytes


----------------------------------------full batch
 Nvidia-smi: 1.853515625 GB
    Memory Allocated: 0.15444564819335938  GigaBytes
Max Memory Allocated: 0.2891225814819336  GigaBytes

Epoch 2, Learning Rate: 0.01
full batch src global  1356
full batch dst global  140
----------------------------------------after load_block_subtensor
 Nvidia-smi: 1.853515625 GB
    Memory Allocated: 0.1544933319091797  GigaBytes
Max Memory Allocated: 0.2891225814819336  GigaBytes

----------------------------------------after block to device
 Nvidia-smi: 1.853515625 GB
    Memory Allocated: 0.15452003479003906  GigaBytes
Max Memory Allocated: 0.2891225814819336  GigaBytes

----------------------------------------after model
 Nvidia-smi: 1.912109375 GB
    Memory Allocated: 0.35054731369018555  GigaBytes
Max Memory Allocated: 0.3629627227783203  GigaBytes

full batch train ------ loss 1.943576455116272
----------------------------------------after loss
 Nvidia-smi: 1.912109375 GB
    Memory Allocated: 0.3504605293273926  GigaBytes
Max Memory Allocated: 0.3629627227783203  GigaBytes

----------------------------------------after loss backward
 Nvidia-smi: 1.958984375 GB
    Memory Allocated: 0.1544933319091797  GigaBytes
Max Memory Allocated: 0.40190553665161133  GigaBytes


----------------------------------------full batch
 Nvidia-smi: 1.958984375 GB
    Memory Allocated: 0.1544933319091797  GigaBytes
Max Memory Allocated: 0.40190553665161133  GigaBytes

Epoch 3, Learning Rate: 0.01
full batch src global  1371
full batch dst global  140
----------------------------------------after load_block_subtensor
 Nvidia-smi: 1.958984375 GB
    Memory Allocated: 0.1545734405517578  GigaBytes
Max Memory Allocated: 0.40190553665161133  GigaBytes

----------------------------------------after block to device
 Nvidia-smi: 1.958984375 GB
    Memory Allocated: 0.1546001434326172  GigaBytes
Max Memory Allocated: 0.40190553665161133  GigaBytes

----------------------------------------after model
 Nvidia-smi: 1.9609375 GB
    Memory Allocated: 0.3538851737976074  GigaBytes
Max Memory Allocated: 0.40190553665161133  GigaBytes

full batch train ------ loss 1.9503740072250366
----------------------------------------after loss
 Nvidia-smi: 1.9609375 GB
    Memory Allocated: 0.35379838943481445  GigaBytes
Max Memory Allocated: 0.40190553665161133  GigaBytes

----------------------------------------after loss backward
 Nvidia-smi: 1.9765625 GB
    Memory Allocated: 0.1545734405517578  GigaBytes
Max Memory Allocated: 0.40474939346313477  GigaBytes


----------------------------------------full batch
 Nvidia-smi: 1.9765625 GB
    Memory Allocated: 0.1545734405517578  GigaBytes
Max Memory Allocated: 0.40474939346313477  GigaBytes

Epoch 4, Learning Rate: 0.01
full batch src global  1367
full batch dst global  140
----------------------------------------after load_block_subtensor
 Nvidia-smi: 1.9765625 GB
    Memory Allocated: 0.15455198287963867  GigaBytes
Max Memory Allocated: 0.40474939346313477  GigaBytes

----------------------------------------after block to device
 Nvidia-smi: 1.9765625 GB
    Memory Allocated: 0.15457963943481445  GigaBytes
Max Memory Allocated: 0.40474939346313477  GigaBytes

----------------------------------------after model
 Nvidia-smi: 1.9765625 GB
    Memory Allocated: 0.35417652130126953  GigaBytes
Max Memory Allocated: 0.40474939346313477  GigaBytes

full batch train ------ loss 1.9445879459381104
----------------------------------------after loss
 Nvidia-smi: 1.9765625 GB
    Memory Allocated: 0.35408973693847656  GigaBytes
Max Memory Allocated: 0.40474939346313477  GigaBytes

----------------------------------------after loss backward
 Nvidia-smi: 1.9765625 GB
    Memory Allocated: 0.1545548439025879  GigaBytes
Max Memory Allocated: 0.4048728942871094  GigaBytes


----------------------------------------full batch
 Nvidia-smi: 1.9765625 GB
    Memory Allocated: 0.1545548439025879  GigaBytes
Max Memory Allocated: 0.4048728942871094  GigaBytes

