main start at this time 1689053951.247958
ogbn-arxiv
# Nodes: 169343
# Edges: 2315598
# Train: 90941
# Val: 29799
# Test: 48603
# Classes: 40

in feats:  128
loading full batch data spends  0.0542447566986084
REG start----................................
Convert a graph into a bidirected graph: 1.299 seconds, peak memory: 27.373 GB
Construct multi-constraint weights: 0.000 seconds, peak memory: 27.373 GB
Metis partitioning: 5.423 seconds, peak memory: 28.205 GB
Split the graph: 4.190 seconds
Construct subgraphs: 0.131 seconds
REG metis partition end ----................................
REG construction  time spent:  3.701427936553955
pure dgl.metis_partition the time spent:  11.074162244796753
connection checking time:  1.9032926559448242
block generation total time  1.766972541809082
generate_dataloader_block spend   19.05048394203186
