main start at this time 1690862161.5979536
ogbn-arxiv
# Nodes: 169343
# Edges: 2315598
# Train: 90941
# Val: 29799
# Test: 48603
# Classes: 40

in feats:  128
REG start----................................
Convert a graph into a bidirected graph: 1.287 seconds, peak memory: 27.373 GB
Construct multi-constraint weights: 0.000 seconds, peak memory: 27.373 GB
Metis partitioning: 5.731 seconds, peak memory: 27.982 GB
Split the graph: 2.282 seconds
Construct subgraphs: 0.122 seconds
REG metis partition end ----................................
REG construction  time spent:  3.7030794620513916
pure dgl.metis_partition the time spent:  9.43830418586731
connection checking time:  2.2560837268829346
block generation total time  2.0178372859954834
pure train time  4.538341760635376
-----------------------------------------after optimizer zero grad
 Nvidia-smi: 18.6953125 GB
    Memory Allocated: 0.19018888473510742  GigaBytes
Max Memory Allocated: 11.823738098144531  GigaBytes

----------------------------------------------------------pseudo_mini_loss sum 3.775438070297241
REG start----................................
Convert a graph into a bidirected graph: 1.282 seconds, peak memory: 70.836 GB
Construct multi-constraint weights: 0.000 seconds, peak memory: 70.836 GB
Metis partitioning: 5.576 seconds, peak memory: 71.448 GB
Split the graph: 2.250 seconds
Construct subgraphs: 0.017 seconds
REG metis partition end ----................................
REG construction  time spent:  3.7748451232910156
pure dgl.metis_partition the time spent:  9.140053033828735
connection checking time:  2.2264723777770996
block generation total time  2.088820219039917
pure train time  4.134474754333496
-----------------------------------------after optimizer zero grad
 Nvidia-smi: 20.28125 GB
    Memory Allocated: 0.18872547149658203  GigaBytes
Max Memory Allocated: 11.989765167236328  GigaBytes

----------------------------------------------------------pseudo_mini_loss sum 3.1914963722229004
REG start----................................
Convert a graph into a bidirected graph: 1.274 seconds, peak memory: 72.507 GB
Construct multi-constraint weights: 0.000 seconds, peak memory: 72.507 GB
Metis partitioning: 5.719 seconds, peak memory: 73.126 GB
Split the graph: 2.491 seconds
Construct subgraphs: 0.010 seconds
REG metis partition end ----................................
REG construction  time spent:  3.8299877643585205
pure dgl.metis_partition the time spent:  9.509451866149902
connection checking time:  2.236456871032715
block generation total time  2.072418451309204
pure train time  4.148669481277466
-----------------------------------------after optimizer zero grad
 Nvidia-smi: 21.95703125 GB
    Memory Allocated: 0.17790508270263672  GigaBytes
Max Memory Allocated: 12.208215713500977  GigaBytes

----------------------------------------------------------pseudo_mini_loss sum 3.6035256385803223
loading full batch data spends  0.08679676055908203
REG start----................................
Convert a graph into a bidirected graph: 1.346 seconds, peak memory: 74.263 GB
Construct multi-constraint weights: 0.000 seconds, peak memory: 74.263 GB
Metis partitioning: 5.983 seconds, peak memory: 74.876 GB
Split the graph: 2.642 seconds
Construct subgraphs: 0.041 seconds
REG metis partition end ----................................
REG construction  time spent:  3.8997631072998047
pure dgl.metis_partition the time spent:  10.026954174041748
connection checking time:  2.2528419494628906
block generation total time  2.0738189220428467
generate_dataloader_block spend   18.954441785812378
pure train time  4.150180816650391
-----------------------------------------after optimizer zero grad
 Nvidia-smi: 21.95703125 GB
    Memory Allocated: 0.19916677474975586  GigaBytes
Max Memory Allocated: 12.208215713500977  GigaBytes

----------------------------------------------------------pseudo_mini_loss sum 3.0830094814300537
loading full batch data spends  0.07992863655090332
REG start----................................
Convert a graph into a bidirected graph: 1.306 seconds, peak memory: 75.444 GB
Construct multi-constraint weights: 0.000 seconds, peak memory: 75.444 GB
Metis partitioning: 5.909 seconds, peak memory: 75.444 GB
Split the graph: 2.685 seconds
Construct subgraphs: 0.008 seconds
REG metis partition end ----................................
REG construction  time spent:  3.794440507888794
pure dgl.metis_partition the time spent:  9.922924280166626
connection checking time:  2.2859416007995605
block generation total time  2.078207492828369
generate_dataloader_block spend   18.760411500930786
pure train time  4.120105743408203
-----------------------------------------after optimizer zero grad
 Nvidia-smi: 21.95703125 GB
    Memory Allocated: 0.1898202896118164  GigaBytes
Max Memory Allocated: 12.208215713500977  GigaBytes

----------------------------------------------------------pseudo_mini_loss sum 3.0680952072143555
loading full batch data spends  0.06664586067199707
REG start----................................
Convert a graph into a bidirected graph: 1.304 seconds, peak memory: 75.444 GB
Construct multi-constraint weights: 0.000 seconds, peak memory: 75.444 GB
Metis partitioning: 5.755 seconds, peak memory: 75.444 GB
Split the graph: 2.431 seconds
Construct subgraphs: 0.013 seconds
REG metis partition end ----................................
REG construction  time spent:  3.8740851879119873
pure dgl.metis_partition the time spent:  9.518818616867065
connection checking time:  2.2524631023406982
block generation total time  2.09417986869812
generate_dataloader_block spend   18.4203143119812
pure train time  4.181899070739746
-----------------------------------------after optimizer zero grad
 Nvidia-smi: 21.95703125 GB
    Memory Allocated: 0.19020938873291016  GigaBytes
Max Memory Allocated: 12.208215713500977  GigaBytes

----------------------------------------------------------pseudo_mini_loss sum 3.06762957572937
loading full batch data spends  0.08405923843383789
REG start----................................
Convert a graph into a bidirected graph: 1.305 seconds, peak memory: 75.444 GB
Construct multi-constraint weights: 0.000 seconds, peak memory: 75.444 GB
Metis partitioning: 5.782 seconds, peak memory: 75.444 GB
Split the graph: 2.730 seconds
Construct subgraphs: 0.039 seconds
REG metis partition end ----................................
REG construction  time spent:  3.8434760570526123
pure dgl.metis_partition the time spent:  9.871636867523193
connection checking time:  2.244158983230591
block generation total time  2.0742568969726562
generate_dataloader_block spend   18.726805686950684
pure train time  4.140103578567505
-----------------------------------------after optimizer zero grad
 Nvidia-smi: 23.603515625 GB
    Memory Allocated: 0.19769859313964844  GigaBytes
Max Memory Allocated: 12.420029640197754  GigaBytes

----------------------------------------------------------pseudo_mini_loss sum 3.028503656387329
loading full batch data spends  0.0571291446685791
REG start----................................
Convert a graph into a bidirected graph: 1.293 seconds, peak memory: 76.023 GB
Construct multi-constraint weights: 0.000 seconds, peak memory: 76.023 GB
Metis partitioning: 5.937 seconds, peak memory: 76.649 GB
Split the graph: 2.630 seconds
Construct subgraphs: 0.039 seconds
REG metis partition end ----................................
REG construction  time spent:  3.924198627471924
pure dgl.metis_partition the time spent:  9.914114236831665
connection checking time:  2.264678955078125
block generation total time  2.0923352241516113
generate_dataloader_block spend   18.893847703933716
pure train time  4.136085748672485
-----------------------------------------after optimizer zero grad
 Nvidia-smi: 23.603515625 GB
    Memory Allocated: 0.1907639503479004  GigaBytes
Max Memory Allocated: 12.420029640197754  GigaBytes

----------------------------------------------------------pseudo_mini_loss sum 2.959078788757324
loading full batch data spends  0.05644965171813965
REG start----................................
Convert a graph into a bidirected graph: 1.299 seconds, peak memory: 77.190 GB
Construct multi-constraint weights: 0.000 seconds, peak memory: 77.190 GB
Metis partitioning: 5.855 seconds, peak memory: 77.190 GB
Split the graph: 2.209 seconds
Construct subgraphs: 0.031 seconds
REG metis partition end ----................................
REG construction  time spent:  3.9156007766723633
pure dgl.metis_partition the time spent:  9.410994052886963
connection checking time:  1.7115628719329834
block generation total time  1.3977148532867432
generate_dataloader_block spend   17.106644868850708
pure train time  4.12358021736145
-----------------------------------------after optimizer zero grad
 Nvidia-smi: 23.603515625 GB
    Memory Allocated: 0.1898789405822754  GigaBytes
Max Memory Allocated: 12.420029640197754  GigaBytes

----------------------------------------------------------pseudo_mini_loss sum 2.868824005126953
loading full batch data spends  0.04864048957824707
REG start----................................
Convert a graph into a bidirected graph: 1.298 seconds, peak memory: 77.190 GB
Construct multi-constraint weights: 0.000 seconds, peak memory: 77.190 GB
Metis partitioning: 5.926 seconds, peak memory: 77.190 GB
Split the graph: 2.371 seconds
Construct subgraphs: 0.022 seconds
REG metis partition end ----................................
REG construction  time spent:  3.8001151084899902
pure dgl.metis_partition the time spent:  9.633397817611694
connection checking time:  2.289440155029297
block generation total time  2.0806539058685303
generate_dataloader_block spend   18.516889095306396
pure train time  4.145539283752441
-----------------------------------------after optimizer zero grad
 Nvidia-smi: 23.603515625 GB
    Memory Allocated: 0.19089603424072266  GigaBytes
Max Memory Allocated: 12.420029640197754  GigaBytes

----------------------------------------------------------pseudo_mini_loss sum 2.7704861164093018
Total (block generation + training)time/epoch 23.54565848623003
pure train time/epoch 4.141218940416972

num_input_list  [427690, 424083, 427461, 420469, 422528, 429823, 420342, 421122, 430632, 421478]
