main start at this time 1690862600.2077184
ogbn-arxiv
# Nodes: 169343
# Edges: 2315598
# Train: 90941
# Val: 29799
# Test: 48603
# Classes: 40

in feats:  128
REG start----................................
Convert a graph into a bidirected graph: 1.318 seconds, peak memory: 27.373 GB
Construct multi-constraint weights: 0.000 seconds, peak memory: 27.373 GB
Metis partitioning: 5.643 seconds, peak memory: 27.982 GB
Split the graph: 2.075 seconds
Construct subgraphs: 0.114 seconds
REG metis partition end ----................................
REG construction  time spent:  3.6897504329681396
pure dgl.metis_partition the time spent:  9.167317628860474
connection checking time:  2.266040325164795
block generation total time  2.0816593170166016
pure train time  4.679288387298584
-----------------------------------------after optimizer zero grad
 Nvidia-smi: 16.669921875 GB
    Memory Allocated: 0.18782615661621094  GigaBytes
Max Memory Allocated: 10.922404766082764  GigaBytes

----------------------------------------------------------pseudo_mini_loss sum 3.775886058807373
REG start----................................
Convert a graph into a bidirected graph: 1.283 seconds, peak memory: 66.017 GB
Construct multi-constraint weights: 0.000 seconds, peak memory: 66.017 GB
Metis partitioning: 5.659 seconds, peak memory: 66.641 GB
Split the graph: 2.113 seconds
Construct subgraphs: 0.134 seconds
REG metis partition end ----................................
REG construction  time spent:  3.746325969696045
pure dgl.metis_partition the time spent:  9.204386472702026
connection checking time:  2.2110893726348877
block generation total time  2.075505495071411
pure train time  4.2964794635772705
-----------------------------------------after optimizer zero grad
 Nvidia-smi: 16.669921875 GB
    Memory Allocated: 0.1872258186340332  GigaBytes
Max Memory Allocated: 10.922404766082764  GigaBytes

----------------------------------------------------------pseudo_mini_loss sum 3.191157817840576
REG start----................................
Convert a graph into a bidirected graph: 1.302 seconds, peak memory: 68.561 GB
Construct multi-constraint weights: 0.000 seconds, peak memory: 68.561 GB
Metis partitioning: 5.782 seconds, peak memory: 69.177 GB
Split the graph: 2.144 seconds
Construct subgraphs: 0.019 seconds
REG metis partition end ----................................
REG construction  time spent:  3.8756840229034424
pure dgl.metis_partition the time spent:  9.262770891189575
connection checking time:  2.2707011699676514
block generation total time  2.08164119720459
pure train time  4.264703273773193
-----------------------------------------after optimizer zero grad
 Nvidia-smi: 18.1171875 GB
    Memory Allocated: 0.19675874710083008  GigaBytes
Max Memory Allocated: 11.028305530548096  GigaBytes

----------------------------------------------------------pseudo_mini_loss sum 3.6091840267181396
loading full batch data spends  0.0716695785522461
REG start----................................
Convert a graph into a bidirected graph: 1.304 seconds, peak memory: 70.056 GB
Construct multi-constraint weights: 0.000 seconds, peak memory: 70.056 GB
Metis partitioning: 5.736 seconds, peak memory: 70.625 GB
Split the graph: 2.185 seconds
Construct subgraphs: 0.014 seconds
REG metis partition end ----................................
REG construction  time spent:  3.914107084274292
pure dgl.metis_partition the time spent:  9.25404953956604
connection checking time:  2.2601475715637207
block generation total time  2.097921133041382
generate_dataloader_block spend   18.22660803794861
pure train time  4.274643659591675
-----------------------------------------after optimizer zero grad
 Nvidia-smi: 19.576171875 GB
    Memory Allocated: 0.18804454803466797  GigaBytes
Max Memory Allocated: 11.104307651519775  GigaBytes

----------------------------------------------------------pseudo_mini_loss sum 3.0781590938568115
loading full batch data spends  0.08023524284362793
REG start----................................
Convert a graph into a bidirected graph: 1.332 seconds, peak memory: 71.640 GB
Construct multi-constraint weights: 0.000 seconds, peak memory: 71.640 GB
Metis partitioning: 5.983 seconds, peak memory: 72.288 GB
Split the graph: 2.099 seconds
Construct subgraphs: 0.014 seconds
REG metis partition end ----................................
REG construction  time spent:  3.73972749710083
pure dgl.metis_partition the time spent:  9.445091247558594
connection checking time:  2.310148000717163
block generation total time  2.1244804859161377
generate_dataloader_block spend   18.311930179595947
pure train time  4.284459829330444
-----------------------------------------after optimizer zero grad
 Nvidia-smi: 19.576171875 GB
    Memory Allocated: 0.18828248977661133  GigaBytes
Max Memory Allocated: 11.104307651519775  GigaBytes

----------------------------------------------------------pseudo_mini_loss sum 3.067575216293335
loading full batch data spends  0.06835675239562988
REG start----................................
Convert a graph into a bidirected graph: 1.340 seconds, peak memory: 72.639 GB
Construct multi-constraint weights: 0.000 seconds, peak memory: 72.639 GB
Metis partitioning: 5.829 seconds, peak memory: 72.639 GB
Split the graph: 2.130 seconds
Construct subgraphs: 0.037 seconds
REG metis partition end ----................................
REG construction  time spent:  3.8492653369903564
pure dgl.metis_partition the time spent:  9.351977586746216
connection checking time:  2.2431063652038574
block generation total time  2.081749677658081
generate_dataloader_block spend   18.20576548576355
pure train time  4.29210090637207
-----------------------------------------after optimizer zero grad
 Nvidia-smi: 19.576171875 GB
    Memory Allocated: 0.18782424926757812  GigaBytes
Max Memory Allocated: 11.104307651519775  GigaBytes

----------------------------------------------------------pseudo_mini_loss sum 3.066068649291992
loading full batch data spends  0.050042152404785156
REG start----................................
Convert a graph into a bidirected graph: 1.272 seconds, peak memory: 72.639 GB
Construct multi-constraint weights: 0.000 seconds, peak memory: 72.639 GB
Metis partitioning: 5.891 seconds, peak memory: 72.639 GB
Split the graph: 2.198 seconds
Construct subgraphs: 0.019 seconds
REG metis partition end ----................................
REG construction  time spent:  3.7782020568847656
pure dgl.metis_partition the time spent:  9.396225214004517
connection checking time:  2.322282552719116
block generation total time  2.122384548187256
generate_dataloader_block spend   18.298520803451538
pure train time  4.296074628829956
-----------------------------------------after optimizer zero grad
 Nvidia-smi: 19.576171875 GB
    Memory Allocated: 0.19666242599487305  GigaBytes
Max Memory Allocated: 11.104307651519775  GigaBytes

----------------------------------------------------------pseudo_mini_loss sum 3.0297956466674805
loading full batch data spends  0.06895852088928223
REG start----................................
Convert a graph into a bidirected graph: 1.333 seconds, peak memory: 72.639 GB
Construct multi-constraint weights: 0.000 seconds, peak memory: 72.639 GB
Metis partitioning: 5.869 seconds, peak memory: 72.639 GB
Split the graph: 2.207 seconds
Construct subgraphs: 0.022 seconds
REG metis partition end ----................................
REG construction  time spent:  3.5499470233917236
pure dgl.metis_partition the time spent:  9.447726726531982
connection checking time:  2.261631488800049
block generation total time  2.1096673011779785
generate_dataloader_block spend   18.042729377746582
pure train time  4.286116600036621
-----------------------------------------after optimizer zero grad
 Nvidia-smi: 19.576171875 GB
    Memory Allocated: 0.1879425048828125  GigaBytes
Max Memory Allocated: 11.12826156616211  GigaBytes

----------------------------------------------------------pseudo_mini_loss sum 2.959608316421509
loading full batch data spends  0.06998944282531738
REG start----................................
Convert a graph into a bidirected graph: 1.281 seconds, peak memory: 72.639 GB
Construct multi-constraint weights: 0.000 seconds, peak memory: 72.639 GB
Metis partitioning: 6.090 seconds, peak memory: 72.639 GB
Split the graph: 2.501 seconds
Construct subgraphs: 0.021 seconds
REG metis partition end ----................................
REG construction  time spent:  3.839798927307129
pure dgl.metis_partition the time spent:  9.909185409545898
connection checking time:  2.227224111557007
block generation total time  2.089115619659424
generate_dataloader_block spend   18.7390034198761
pure train time  4.285834074020386
-----------------------------------------after optimizer zero grad
 Nvidia-smi: 19.576171875 GB
    Memory Allocated: 0.18897533416748047  GigaBytes
Max Memory Allocated: 11.12826156616211  GigaBytes

----------------------------------------------------------pseudo_mini_loss sum 2.868143320083618
loading full batch data spends  0.08741044998168945
REG start----................................
Convert a graph into a bidirected graph: 1.273 seconds, peak memory: 72.651 GB
Construct multi-constraint weights: 0.000 seconds, peak memory: 72.651 GB
Metis partitioning: 6.036 seconds, peak memory: 72.651 GB
Split the graph: 2.424 seconds
Construct subgraphs: 0.017 seconds
REG metis partition end ----................................
REG construction  time spent:  3.818265199661255
pure dgl.metis_partition the time spent:  9.76447868347168
connection checking time:  2.3230953216552734
block generation total time  2.118767499923706
generate_dataloader_block spend   18.701825618743896
pure train time  4.306503534317017
-----------------------------------------after optimizer zero grad
 Nvidia-smi: 19.58203125 GB
    Memory Allocated: 0.18808555603027344  GigaBytes
Max Memory Allocated: 11.12826156616211  GigaBytes

----------------------------------------------------------pseudo_mini_loss sum 2.767612934112549
Total (block generation + training)time/epoch 23.59805682727269
pure train time/epoch 4.291848262151082

num_input_list  [432412, 437801, 430005, 434584, 446950, 432988, 444833, 433189, 423481, 446928]
