main start at this time 1691270961.4240177
#nodes: 2449029
#edges: 123718024
#classes: 47
success----------------------------------------
196571
39255
2164782
# Nodes: 2400608
# Edges: 123718024
# Train: 196571
# Val: 39255
# Test: 2164782
# Classes: 47

in feats:  100
REG start----................................
Convert a graph into a bidirected graph: 4.185 seconds, peak memory: 37.143 GB
Construct multi-constraint weights: 0.000 seconds, peak memory: 37.143 GB
Metis partitioning: 18.397 seconds, peak memory: 38.653 GB
Split the graph: 2.050 seconds
Construct subgraphs: 0.739 seconds
REG metis partition end ----................................
REG construction  time spent:  17.399149179458618
pure dgl.metis_partition the time spent:  25.405370235443115
connection checking time:  109.28617286682129
block generation total time  110.42188143730164
step  0
