main start at this time 1701290920.429213
-----------------------------------------before load data 
 Nvidia-smi: 0.166015625 GB
    Memory Allocated: 0.0  GigaBytes
Max Memory Allocated: 0.0  GigaBytes

ogbn-arxiv
# Nodes: 169343
# Edges: 2315598
# Train: 90941
# Val: 29799
# Test: 48603
# Classes: 40

----------------------------------------start of run function 
 Nvidia-smi: 0.166015625 GB
    Memory Allocated: 0.0  GigaBytes
Max Memory Allocated: 0.0  GigaBytes

generate_dataloader_bucket_block=======
self.num_batch (get_in_degree_bucketing) 8
---||-----||-----||-----||-----||-----||-----||-----||-----||-----||-----||-----||-----||-----||-----||-----||-----||-----||-----||-----||--
self.num_batch,  8
type of fanout_dst_nids  <class 'torch.Tensor'>
self.K  8
G_BUCKET_ID_list [[6, 14, 17], [8, 9, 23], [11, 1, 16], [4, 12, 20], [7, 2, 21], [3, 13, 18], [5, 10, 22], [15, 0, 19]]
Groups_mem_list  [[1073, 900, 827], [1048, 1042, 710], [995, 948, 855], [1081, 941, 776], [1069, 1020, 706], [1053, 919, 818], [1084, 989, 715], [849, 813, 802]]
G_BUCKET_ID_list length 8
len(g_bucket_nids_list)  8
len(local_split_batches_nid_list)  8
current group_mem  2.801062520084426
current group_mem  2.800653908121482
current group_mem  2.7994691158966747
current group_mem  2.8005230838252926
current group_mem  2.7965283360287825
current group_mem  2.79190895441721
current group_mem  2.7904251046507933
current group_mem  2.4657061515952954
batches output list generation spend  0.0010912418365478516
self.weights_list  [0.08208618774810042, 0.08008489020353855, 0.1743548014646859, 0.1075202603886036, 0.15931208145940776, 0.11846142004156542, 0.09646913933209443, 0.18171121936200393]
bkt_dst_nodes_list = self.get_in_degree_bucketing() spend:  0.015417814254760742
self.gen_batches_seeds_list(bkt_dst_nodes_list_local) spend  0.6149382591247559
num_output  90941
self.output_nids  90941
output nodes length match
global output equals  True
partition total batch output list spend :  0.9300248622894287
self.buckets_partition() spend  sec:  0.6303811073303223
check connections block*********************************

the find indices time spent  0.043187618255615234

in edges time spent  0.16218185424804688
local to global src and eids time spent  0.3770918846130371
time gen tails  0.07874536514282227
res  length 8

block_gen_time in "generate_blocks_for_one_layer_block"  0.35372257232666016

----------------------------------------
check connections block*********************************

the find indices time spent  0.15092921257019043

in edges time spent  0.8241572380065918
local to global src and eids time spent  1.2839715480804443
time gen tails  0.19939541816711426
res  length 8

block_gen_time in "generate_blocks_for_one_layer_block"  1.4394357204437256

block collection to dataloader spend  1.6450881958007812e-05
----------------------------------------------------------pseudo_mini_loss sum 4.019503593444824
pure train time :  1.145695447921753
train time :  1.8999924659729004
end to end time :  8.23076581954956
connection check time:  3.587707281112671
block generation time  1.7931582927703857
generate_dataloader_bucket_block=======
self.num_batch (get_in_degree_bucketing) 8
---||-----||-----||-----||-----||-----||-----||-----||-----||-----||-----||-----||-----||-----||-----||-----||-----||-----||-----||-----||--
self.num_batch,  8
type of fanout_dst_nids  <class 'torch.Tensor'>
self.K  8
G_BUCKET_ID_list [[6, 14, 17], [8, 9, 23], [11, 1, 16], [4, 12, 20], [7, 2, 21], [3, 13, 18], [5, 10, 22], [15, 0, 19]]
Groups_mem_list  [[1073, 900, 827], [1048, 1042, 710], [995, 948, 855], [1081, 941, 776], [1069, 1020, 706], [1053, 919, 818], [1084, 989, 715], [849, 813, 802]]
G_BUCKET_ID_list length 8
len(g_bucket_nids_list)  8
len(local_split_batches_nid_list)  8
current group_mem  2.801062520084426
current group_mem  2.800653908121482
current group_mem  2.7994691158966747
current group_mem  2.8005230838252926
current group_mem  2.7965283360287825
current group_mem  2.79190895441721
current group_mem  2.7904251046507933
current group_mem  2.4657061515952954
batches output list generation spend  0.0006074905395507812
self.weights_list  [0.08208618774810042, 0.08008489020353855, 0.1743548014646859, 0.1075202603886036, 0.15931208145940776, 0.11846142004156542, 0.09646913933209443, 0.18171121936200393]
bkt_dst_nodes_list = self.get_in_degree_bucketing() spend:  0.014855146408081055
self.gen_batches_seeds_list(bkt_dst_nodes_list_local) spend  0.6610598564147949
num_output  90941
self.output_nids  90941
output nodes length match
global output equals  True
partition total batch output list spend :  0.9748849868774414
self.buckets_partition() spend  sec:  0.6759436130523682
check connections block*********************************

the find indices time spent  0.04344439506530762

in edges time spent  0.1607213020324707
local to global src and eids time spent  0.3776428699493408
time gen tails  0.07657194137573242
res  length 8

block_gen_time in "generate_blocks_for_one_layer_block"  0.3521277904510498

----------------------------------------
check connections block*********************************

the find indices time spent  0.15230035781860352

in edges time spent  0.8647403717041016
local to global src and eids time spent  1.3097224235534668
time gen tails  0.20125508308410645
res  length 8

block_gen_time in "generate_blocks_for_one_layer_block"  1.4128797054290771

block collection to dataloader spend  2.0265579223632812e-05
----------------------------------------------------------pseudo_mini_loss sum 3.8336920738220215
pure train time :  0.7663681507110596
train time :  1.025045394897461
end to end time :  7.4501731395721436
connection check time:  3.666912317276001
block generation time  1.765007495880127
generate_dataloader_bucket_block=======
self.num_batch (get_in_degree_bucketing) 8
---||-----||-----||-----||-----||-----||-----||-----||-----||-----||-----||-----||-----||-----||-----||-----||-----||-----||-----||-----||--
self.num_batch,  8
type of fanout_dst_nids  <class 'torch.Tensor'>
self.K  8
G_BUCKET_ID_list [[6, 14, 17], [8, 9, 23], [11, 1, 16], [4, 12, 20], [7, 2, 21], [3, 13, 18], [5, 10, 22], [15, 0, 19]]
Groups_mem_list  [[1073, 900, 827], [1048, 1042, 710], [995, 948, 855], [1081, 941, 776], [1069, 1020, 706], [1053, 919, 818], [1084, 989, 715], [849, 813, 802]]
G_BUCKET_ID_list length 8
len(g_bucket_nids_list)  8
len(local_split_batches_nid_list)  8
current group_mem  2.801062520084426
current group_mem  2.800653908121482
current group_mem  2.7994691158966747
current group_mem  2.8005230838252926
current group_mem  2.7965283360287825
current group_mem  2.79190895441721
current group_mem  2.7904251046507933
current group_mem  2.4657061515952954
batches output list generation spend  0.0004987716674804688
self.weights_list  [0.08208618774810042, 0.08008489020353855, 0.1743548014646859, 0.1075202603886036, 0.15931208145940776, 0.11846142004156542, 0.09646913933209443, 0.18171121936200393]
bkt_dst_nodes_list = self.get_in_degree_bucketing() spend:  0.02127218246459961
self.gen_batches_seeds_list(bkt_dst_nodes_list_local) spend  0.4753758907318115
num_output  90941
self.output_nids  90941
output nodes length match
global output equals  True
partition total batch output list spend :  0.788048267364502
self.buckets_partition() spend  sec:  0.4966754913330078
check connections block*********************************

the find indices time spent  0.04375886917114258

in edges time spent  0.18402457237243652
local to global src and eids time spent  0.3950788974761963
time gen tails  0.08034753799438477
res  length 8

block_gen_time in "generate_blocks_for_one_layer_block"  0.35309314727783203

----------------------------------------
check connections block*********************************

the find indices time spent  0.15040230751037598

in edges time spent  0.8450281620025635
local to global src and eids time spent  1.274799108505249
time gen tails  0.1985936164855957
res  length 8

block_gen_time in "generate_blocks_for_one_layer_block"  1.4143707752227783

block collection to dataloader spend  2.1219253540039062e-05
----------------------------------------------------------pseudo_mini_loss sum 3.6813247203826904
pure train time :  0.6520333290100098
train time :  0.9155256748199463
end to end time :  7.152335166931152
connection check time:  3.6586923599243164
block generation time  1.7674639225006104
generate_dataloader_bucket_block=======
self.num_batch (get_in_degree_bucketing) 8
---||-----||-----||-----||-----||-----||-----||-----||-----||-----||-----||-----||-----||-----||-----||-----||-----||-----||-----||-----||--
self.num_batch,  8
type of fanout_dst_nids  <class 'torch.Tensor'>
self.K  8
G_BUCKET_ID_list [[6, 14, 17], [8, 9, 23], [11, 1, 16], [4, 12, 20], [7, 2, 21], [3, 13, 18], [5, 10, 22], [15, 0, 19]]
Groups_mem_list  [[1073, 900, 827], [1048, 1042, 710], [995, 948, 855], [1081, 941, 776], [1069, 1020, 706], [1053, 919, 818], [1084, 989, 715], [849, 813, 802]]
G_BUCKET_ID_list length 8
len(g_bucket_nids_list)  8
len(local_split_batches_nid_list)  8
current group_mem  2.801062520084426
current group_mem  2.800653908121482
current group_mem  2.7994691158966747
current group_mem  2.8005230838252926
current group_mem  2.7965283360287825
current group_mem  2.79190895441721
current group_mem  2.7904251046507933
current group_mem  2.4657061515952954
batches output list generation spend  0.0005133152008056641
self.weights_list  [0.08208618774810042, 0.08008489020353855, 0.1743548014646859, 0.1075202603886036, 0.15931208145940776, 0.11846142004156542, 0.09646913933209443, 0.18171121936200393]
bkt_dst_nodes_list = self.get_in_degree_bucketing() spend:  0.01708078384399414
self.gen_batches_seeds_list(bkt_dst_nodes_list_local) spend  0.5696554183959961
num_output  90941
self.output_nids  90941
output nodes length match
global output equals  True
partition total batch output list spend :  0.7197341918945312
self.buckets_partition() spend  sec:  0.5867626667022705
check connections block*********************************

the find indices time spent  0.04365897178649902

in edges time spent  0.1639690399169922
local to global src and eids time spent  0.3609964847564697
time gen tails  0.05698108673095703
res  length 8

block_gen_time in "generate_blocks_for_one_layer_block"  0.34244704246520996

----------------------------------------
check connections block*********************************

the find indices time spent  0.15080714225769043

in edges time spent  0.8800604343414307
local to global src and eids time spent  0.9535324573516846
time gen tails  0.1655561923980713
res  length 8

block_gen_time in "generate_blocks_for_one_layer_block"  1.394225835800171

block collection to dataloader spend  1.52587890625e-05
----------------------------------------------------------pseudo_mini_loss sum 3.5466251373291016
pure train time :  0.6974737644195557
train time :  0.9727175235748291
end to end time :  6.698765277862549
connection check time:  3.255528450012207
block generation time  1.7366728782653809
generate_dataloader_bucket_block=======
self.num_batch (get_in_degree_bucketing) 8
---||-----||-----||-----||-----||-----||-----||-----||-----||-----||-----||-----||-----||-----||-----||-----||-----||-----||-----||-----||--
self.num_batch,  8
type of fanout_dst_nids  <class 'torch.Tensor'>
self.K  8
G_BUCKET_ID_list [[6, 14, 17], [8, 9, 23], [11, 1, 16], [4, 12, 20], [7, 2, 21], [3, 13, 18], [5, 10, 22], [15, 0, 19]]
Groups_mem_list  [[1073, 900, 827], [1048, 1042, 710], [995, 948, 855], [1081, 941, 776], [1069, 1020, 706], [1053, 919, 818], [1084, 989, 715], [849, 813, 802]]
G_BUCKET_ID_list length 8
len(g_bucket_nids_list)  8
len(local_split_batches_nid_list)  8
current group_mem  2.801062520084426
current group_mem  2.800653908121482
current group_mem  2.7994691158966747
current group_mem  2.8005230838252926
current group_mem  2.7965283360287825
current group_mem  2.79190895441721
current group_mem  2.7904251046507933
current group_mem  2.4657061515952954
batches output list generation spend  0.0005166530609130859
self.weights_list  [0.08208618774810042, 0.08008489020353855, 0.1743548014646859, 0.1075202603886036, 0.15931208145940776, 0.11846142004156542, 0.09646913933209443, 0.18171121936200393]
bkt_dst_nodes_list = self.get_in_degree_bucketing() spend:  0.016670942306518555
self.gen_batches_seeds_list(bkt_dst_nodes_list_local) spend  0.5768206119537354
num_output  90941
self.output_nids  90941
output nodes length match
global output equals  True
partition total batch output list spend :  0.7297937870025635
self.buckets_partition() spend  sec:  0.5935163497924805
check connections block*********************************

the find indices time spent  0.04147672653198242

in edges time spent  0.15781474113464355
local to global src and eids time spent  0.29239869117736816
time gen tails  0.043579816818237305
res  length 8

block_gen_time in "generate_blocks_for_one_layer_block"  0.35646629333496094

----------------------------------------
check connections block*********************************

the find indices time spent  0.15248966217041016

in edges time spent  0.834115743637085
local to global src and eids time spent  1.0833282470703125
time gen tails  0.16922712326049805
res  length 8

block_gen_time in "generate_blocks_for_one_layer_block"  1.4700062274932861

block collection to dataloader spend  2.574920654296875e-05
----------------------------------------------------------pseudo_mini_loss sum 3.4329614639282227
pure train time :  0.6421186923980713
train time :  0.946000337600708
end to end time :  6.772545576095581
connection check time:  3.249284029006958
block generation time  1.826472520828247
generate_dataloader_bucket_block=======
self.num_batch (get_in_degree_bucketing) 8
---||-----||-----||-----||-----||-----||-----||-----||-----||-----||-----||-----||-----||-----||-----||-----||-----||-----||-----||-----||--
self.num_batch,  8
type of fanout_dst_nids  <class 'torch.Tensor'>
self.K  8
G_BUCKET_ID_list [[6, 14, 17], [8, 9, 23], [11, 1, 16], [4, 12, 20], [7, 2, 21], [3, 13, 18], [5, 10, 22], [15, 0, 19]]
Groups_mem_list  [[1073, 900, 827], [1048, 1042, 710], [995, 948, 855], [1081, 941, 776], [1069, 1020, 706], [1053, 919, 818], [1084, 989, 715], [849, 813, 802]]
G_BUCKET_ID_list length 8
len(g_bucket_nids_list)  8
len(local_split_batches_nid_list)  8
current group_mem  2.801062520084426
current group_mem  2.800653908121482
current group_mem  2.7994691158966747
current group_mem  2.8005230838252926
current group_mem  2.7965283360287825
current group_mem  2.79190895441721
current group_mem  2.7904251046507933
current group_mem  2.4657061515952954
batches output list generation spend  0.00042939186096191406
self.weights_list  [0.08208618774810042, 0.08008489020353855, 0.1743548014646859, 0.1075202603886036, 0.15931208145940776, 0.11846142004156542, 0.09646913933209443, 0.18171121936200393]
bkt_dst_nodes_list = self.get_in_degree_bucketing() spend:  0.014151811599731445
self.gen_batches_seeds_list(bkt_dst_nodes_list_local) spend  0.25508666038513184
num_output  90941
self.output_nids  90941
output nodes length match
global output equals  True
partition total batch output list spend :  0.36177825927734375
self.buckets_partition() spend  sec:  0.2692573070526123
check connections block*********************************

the find indices time spent  0.026575326919555664

in edges time spent  0.1066746711730957
local to global src and eids time spent  0.15525531768798828
time gen tails  0.043662071228027344
res  length 8

block_gen_time in "generate_blocks_for_one_layer_block"  0.24407649040222168

----------------------------------------
check connections block*********************************

the find indices time spent  0.09857940673828125

in edges time spent  0.53928542137146
local to global src and eids time spent  0.49513721466064453
time gen tails  0.10360074043273926
res  length 8

block_gen_time in "generate_blocks_for_one_layer_block"  0.9809181690216064

block collection to dataloader spend  1.1682510375976562e-05
----------------------------------------------------------pseudo_mini_loss sum 3.3359408378601074
pure train time :  0.7250463962554932
train time :  1.0001769065856934
end to end time :  4.393435478210449
connection check time:  1.7911920547485352
block generation time  1.2249946594238281
generate_dataloader_bucket_block=======
self.num_batch (get_in_degree_bucketing) 8
---||-----||-----||-----||-----||-----||-----||-----||-----||-----||-----||-----||-----||-----||-----||-----||-----||-----||-----||-----||--
self.num_batch,  8
type of fanout_dst_nids  <class 'torch.Tensor'>
self.K  8
G_BUCKET_ID_list [[6, 14, 17], [8, 9, 23], [11, 1, 16], [4, 12, 20], [7, 2, 21], [3, 13, 18], [5, 10, 22], [15, 0, 19]]
Groups_mem_list  [[1073, 900, 827], [1048, 1042, 710], [995, 948, 855], [1081, 941, 776], [1069, 1020, 706], [1053, 919, 818], [1084, 989, 715], [849, 813, 802]]
G_BUCKET_ID_list length 8
len(g_bucket_nids_list)  8
len(local_split_batches_nid_list)  8
current group_mem  2.801062520084426
current group_mem  2.800653908121482
current group_mem  2.7994691158966747
current group_mem  2.8005230838252926
current group_mem  2.7965283360287825
current group_mem  2.79190895441721
current group_mem  2.7904251046507933
current group_mem  2.4657061515952954
batches output list generation spend  0.0004265308380126953
self.weights_list  [0.08208618774810042, 0.08008489020353855, 0.1743548014646859, 0.1075202603886036, 0.15931208145940776, 0.11846142004156542, 0.09646913933209443, 0.18171121936200393]
bkt_dst_nodes_list = self.get_in_degree_bucketing() spend:  0.01454019546508789
self.gen_batches_seeds_list(bkt_dst_nodes_list_local) spend  0.21651959419250488
num_output  90941
self.output_nids  90941
output nodes length match
global output equals  True
partition total batch output list spend :  0.428952693939209
self.buckets_partition() spend  sec:  0.23107481002807617
check connections block*********************************

the find indices time spent  0.04396510124206543

in edges time spent  0.16747784614562988
local to global src and eids time spent  0.39060020446777344
time gen tails  0.08102893829345703
res  length 8

block_gen_time in "generate_blocks_for_one_layer_block"  0.3561415672302246

----------------------------------------
check connections block*********************************

the find indices time spent  0.1512160301208496

in edges time spent  0.8280694484710693
local to global src and eids time spent  1.2872142791748047
time gen tails  0.20395159721374512
res  length 8

block_gen_time in "generate_blocks_for_one_layer_block"  1.4133656024932861

block collection to dataloader spend  2.3126602172851562e-05
----------------------------------------------------------pseudo_mini_loss sum 3.2659664154052734
pure train time :  0.7834804058074951
train time :  1.0613431930541992
end to end time :  6.93502950668335
connection check time:  3.6605286598205566
block generation time  1.7695071697235107
generate_dataloader_bucket_block=======
self.num_batch (get_in_degree_bucketing) 8
---||-----||-----||-----||-----||-----||-----||-----||-----||-----||-----||-----||-----||-----||-----||-----||-----||-----||-----||-----||--
self.num_batch,  8
type of fanout_dst_nids  <class 'torch.Tensor'>
self.K  8
G_BUCKET_ID_list [[6, 14, 17], [8, 9, 23], [11, 1, 16], [4, 12, 20], [7, 2, 21], [3, 13, 18], [5, 10, 22], [15, 0, 19]]
Groups_mem_list  [[1073, 900, 827], [1048, 1042, 710], [995, 948, 855], [1081, 941, 776], [1069, 1020, 706], [1053, 919, 818], [1084, 989, 715], [849, 813, 802]]
G_BUCKET_ID_list length 8
len(g_bucket_nids_list)  8
len(local_split_batches_nid_list)  8
current group_mem  2.801062520084426
current group_mem  2.800653908121482
current group_mem  2.7994691158966747
current group_mem  2.8005230838252926
current group_mem  2.7965283360287825
current group_mem  2.79190895441721
current group_mem  2.7904251046507933
current group_mem  2.4657061515952954
batches output list generation spend  0.0005140304565429688
self.weights_list  [0.08208618774810042, 0.08008489020353855, 0.1743548014646859, 0.1075202603886036, 0.15931208145940776, 0.11846142004156542, 0.09646913933209443, 0.18171121936200393]
bkt_dst_nodes_list = self.get_in_degree_bucketing() spend:  0.014781951904296875
self.gen_batches_seeds_list(bkt_dst_nodes_list_local) spend  0.5931258201599121
num_output  90941
self.output_nids  90941
output nodes length match
global output equals  True
partition total batch output list spend :  0.8869249820709229
self.buckets_partition() spend  sec:  0.6079349517822266
check connections block*********************************

the find indices time spent  0.04677939414978027

in edges time spent  0.16851067543029785
local to global src and eids time spent  0.38245630264282227
time gen tails  0.07713961601257324
res  length 8

block_gen_time in "generate_blocks_for_one_layer_block"  0.3408946990966797

----------------------------------------
check connections block*********************************

the find indices time spent  0.15383172035217285

in edges time spent  0.8593134880065918
local to global src and eids time spent  1.2873320579528809
time gen tails  0.19897103309631348
res  length 8

block_gen_time in "generate_blocks_for_one_layer_block"  1.4102489948272705

block collection to dataloader spend  1.9073486328125e-05
----------------------------------------------------------pseudo_mini_loss sum 3.227491855621338
pure train time :  0.7753474712371826
train time :  1.0417754650115967
end to end time :  7.349056720733643
connection check time:  3.646960735321045
block generation time  1.7511436939239502
generate_dataloader_bucket_block=======
self.num_batch (get_in_degree_bucketing) 8
---||-----||-----||-----||-----||-----||-----||-----||-----||-----||-----||-----||-----||-----||-----||-----||-----||-----||-----||-----||--
self.num_batch,  8
type of fanout_dst_nids  <class 'torch.Tensor'>
self.K  8
G_BUCKET_ID_list [[6, 14, 17], [8, 9, 23], [11, 1, 16], [4, 12, 20], [7, 2, 21], [3, 13, 18], [5, 10, 22], [15, 0, 19]]
Groups_mem_list  [[1073, 900, 827], [1048, 1042, 710], [995, 948, 855], [1081, 941, 776], [1069, 1020, 706], [1053, 919, 818], [1084, 989, 715], [849, 813, 802]]
G_BUCKET_ID_list length 8
len(g_bucket_nids_list)  8
len(local_split_batches_nid_list)  8
current group_mem  2.801062520084426
current group_mem  2.800653908121482
current group_mem  2.7994691158966747
current group_mem  2.8005230838252926
current group_mem  2.7965283360287825
current group_mem  2.79190895441721
current group_mem  2.7904251046507933
current group_mem  2.4657061515952954
batches output list generation spend  0.0005652904510498047
self.weights_list  [0.08208618774810042, 0.08008489020353855, 0.1743548014646859, 0.1075202603886036, 0.15931208145940776, 0.11846142004156542, 0.09646913933209443, 0.18171121936200393]
bkt_dst_nodes_list = self.get_in_degree_bucketing() spend:  0.014899253845214844
self.gen_batches_seeds_list(bkt_dst_nodes_list_local) spend  0.5912175178527832
num_output  90941
self.output_nids  90941
output nodes length match
global output equals  True
partition total batch output list spend :  0.8878490924835205
self.buckets_partition() spend  sec:  0.6061429977416992
check connections block*********************************

the find indices time spent  0.04342794418334961

in edges time spent  0.16584062576293945
local to global src and eids time spent  0.3813648223876953
time gen tails  0.07776856422424316
res  length 8

block_gen_time in "generate_blocks_for_one_layer_block"  0.34007906913757324

----------------------------------------
check connections block*********************************

the find indices time spent  0.14943480491638184

in edges time spent  0.8094747066497803
local to global src and eids time spent  1.2920267581939697
time gen tails  0.19996047019958496
res  length 8

block_gen_time in "generate_blocks_for_one_layer_block"  1.4084274768829346

block collection to dataloader spend  1.3589859008789062e-05
----------------------------------------------------------pseudo_mini_loss sum 3.193990707397461
pure train time :  0.7521834373474121
train time :  1.017958402633667
end to end time :  7.267966270446777
connection check time:  3.598529100418091
block generation time  1.7485065460205078
generate_dataloader_bucket_block=======
self.num_batch (get_in_degree_bucketing) 8
---||-----||-----||-----||-----||-----||-----||-----||-----||-----||-----||-----||-----||-----||-----||-----||-----||-----||-----||-----||--
self.num_batch,  8
type of fanout_dst_nids  <class 'torch.Tensor'>
self.K  8
G_BUCKET_ID_list [[6, 14, 17], [8, 9, 23], [11, 1, 16], [4, 12, 20], [7, 2, 21], [3, 13, 18], [5, 10, 22], [15, 0, 19]]
Groups_mem_list  [[1073, 900, 827], [1048, 1042, 710], [995, 948, 855], [1081, 941, 776], [1069, 1020, 706], [1053, 919, 818], [1084, 989, 715], [849, 813, 802]]
G_BUCKET_ID_list length 8
len(g_bucket_nids_list)  8
len(local_split_batches_nid_list)  8
current group_mem  2.801062520084426
current group_mem  2.800653908121482
current group_mem  2.7994691158966747
current group_mem  2.8005230838252926
current group_mem  2.7965283360287825
current group_mem  2.79190895441721
current group_mem  2.7904251046507933
current group_mem  2.4657061515952954
batches output list generation spend  0.000484466552734375
self.weights_list  [0.08208618774810042, 0.08008489020353855, 0.1743548014646859, 0.1075202603886036, 0.15931208145940776, 0.11846142004156542, 0.09646913933209443, 0.18171121936200393]
bkt_dst_nodes_list = self.get_in_degree_bucketing() spend:  0.016084909439086914
self.gen_batches_seeds_list(bkt_dst_nodes_list_local) spend  0.452589750289917
num_output  90941
self.output_nids  90941
output nodes length match
global output equals  True
partition total batch output list spend :  0.6037111282348633
self.buckets_partition() spend  sec:  0.46869897842407227
check connections block*********************************

the find indices time spent  0.041005849838256836

in edges time spent  0.15093493461608887
local to global src and eids time spent  0.3805251121520996
time gen tails  0.08014726638793945
res  length 8

block_gen_time in "generate_blocks_for_one_layer_block"  0.3432657718658447

----------------------------------------
check connections block*********************************

the find indices time spent  0.14939212799072266

in edges time spent  0.8605082035064697
local to global src and eids time spent  1.2830352783203125
time gen tails  0.1975231170654297
res  length 8

block_gen_time in "generate_blocks_for_one_layer_block"  1.4166109561920166

block collection to dataloader spend  1.7404556274414062e-05
----------------------------------------------------------pseudo_mini_loss sum 3.151984214782715
pure train time :  0.772305965423584
train time :  1.033815860748291
end to end time :  7.028640031814575
connection check time:  3.6176652908325195
block generation time  1.7598767280578613
end to end time  7.0946009159088135
Total (block generation + training)time/epoch 7.0946009159088135
pure train time per /epoch  [1.145695447921753, 0.7663681507110596, 0.6520333290100098, 0.6974737644195557, 0.6421186923980713, 0.7250463962554932, 0.7834804058074951, 0.7753474712371826, 0.7521834373474121, 0.772305965423584]
pure train time average  0.7417470614115397
input num  average  975322.1
