main start at this time 1690867092.8120034
#nodes: 2449029
#edges: 123718024
#classes: 47
success----------------------------------------
196571
39255
2164782
# Nodes: 2400608
# Edges: 123718024
# Train: 196571
# Val: 39255
# Test: 2164782
# Classes: 47

in feats:  100
REG start----................................
Convert a graph into a bidirected graph: 3.386 seconds, peak memory: 34.221 GB
Construct multi-constraint weights: 0.000 seconds, peak memory: 34.221 GB
Metis partitioning: 14.582 seconds, peak memory: 35.510 GB
Split the graph: 1.317 seconds
Construct subgraphs: 0.019 seconds
REG metis partition end ----................................
REG construction  time spent:  14.025269508361816
pure dgl.metis_partition the time spent:  19.33308506011963
connection checking time:  22.538430213928223
block generation total time  21.892099142074585
pure train time  3.5202035903930664
-----------------------------------------after optimizer zero grad
 Nvidia-smi: 13.64453125 GB
    Memory Allocated: 0.30413818359375  GigaBytes
Max Memory Allocated: 11.34037446975708  GigaBytes

----------------------------------------------------------pseudo_mini_loss sum 5.206566333770752
REG start----................................
Convert a graph into a bidirected graph: 3.148 seconds, peak memory: 72.856 GB
Construct multi-constraint weights: 0.000 seconds, peak memory: 72.856 GB
Metis partitioning: 15.024 seconds, peak memory: 74.088 GB
Split the graph: 1.348 seconds
Construct subgraphs: 0.707 seconds
REG metis partition end ----................................
REG construction  time spent:  12.596696376800537
pure dgl.metis_partition the time spent:  20.254196643829346
connection checking time:  23.861713409423828
block generation total time  21.40482211112976
pure train time  3.16140079498291
-----------------------------------------after optimizer zero grad
 Nvidia-smi: 13.662109375 GB
    Memory Allocated: 0.29746103286743164  GigaBytes
Max Memory Allocated: 11.34037446975708  GigaBytes

----------------------------------------------------------pseudo_mini_loss sum 4.893729209899902
REG start----................................
Convert a graph into a bidirected graph: 3.200 seconds, peak memory: 75.373 GB
Construct multi-constraint weights: 0.000 seconds, peak memory: 75.373 GB
Metis partitioning: 15.301 seconds, peak memory: 75.373 GB
Split the graph: 1.396 seconds
Construct subgraphs: 0.249 seconds
REG metis partition end ----................................
REG construction  time spent:  13.58521556854248
pure dgl.metis_partition the time spent:  20.172276973724365
connection checking time:  22.865867137908936
block generation total time  20.9116530418396
pure train time  3.1558706760406494
-----------------------------------------after optimizer zero grad
 Nvidia-smi: 13.662109375 GB
    Memory Allocated: 0.2611207962036133  GigaBytes
Max Memory Allocated: 11.34037446975708  GigaBytes

----------------------------------------------------------pseudo_mini_loss sum 4.592128753662109
loading full batch data spends  0.8302254676818848
REG start----................................
Convert a graph into a bidirected graph: 3.338 seconds, peak memory: 75.765 GB
Construct multi-constraint weights: 0.000 seconds, peak memory: 75.765 GB
Metis partitioning: 15.462 seconds, peak memory: 75.765 GB
Split the graph: 1.392 seconds
Construct subgraphs: 0.755 seconds
REG metis partition end ----................................
REG construction  time spent:  13.574196338653564
pure dgl.metis_partition the time spent:  20.9736225605011
connection checking time:  22.15028142929077
block generation total time  21.340843200683594
generate_dataloader_block spend   82.29367876052856
pure train time  3.1269500255584717
-----------------------------------------after optimizer zero grad
 Nvidia-smi: 13.662109375 GB
    Memory Allocated: 0.30882692337036133  GigaBytes
Max Memory Allocated: 11.34037446975708  GigaBytes

----------------------------------------------------------pseudo_mini_loss sum 4.310788154602051
loading full batch data spends  0.8747766017913818
REG start----................................
Convert a graph into a bidirected graph: 3.143 seconds, peak memory: 75.825 GB
Construct multi-constraint weights: 0.000 seconds, peak memory: 75.825 GB
Metis partitioning: 14.958 seconds, peak memory: 75.825 GB
Split the graph: 1.387 seconds
Construct subgraphs: 0.738 seconds
REG metis partition end ----................................
REG construction  time spent:  13.114617347717285
pure dgl.metis_partition the time spent:  20.25274109840393
connection checking time:  22.512431859970093
block generation total time  20.991447925567627
generate_dataloader_block spend   81.03976488113403
pure train time  3.0250539779663086
-----------------------------------------after optimizer zero grad
 Nvidia-smi: 13.662109375 GB
    Memory Allocated: 0.32787275314331055  GigaBytes
Max Memory Allocated: 11.34037446975708  GigaBytes

----------------------------------------------------------pseudo_mini_loss sum 4.044286727905273
loading full batch data spends  0.7337236404418945
REG start----................................
Convert a graph into a bidirected graph: 3.049 seconds, peak memory: 75.904 GB
Construct multi-constraint weights: 0.000 seconds, peak memory: 75.904 GB
Metis partitioning: 15.605 seconds, peak memory: 75.904 GB
Split the graph: 1.397 seconds
Construct subgraphs: 0.466 seconds
REG metis partition end ----................................
REG construction  time spent:  12.955313920974731
pure dgl.metis_partition the time spent:  20.544116258621216
connection checking time:  23.43351697921753
block generation total time  21.689521551132202
generate_dataloader_block spend   82.84679937362671
pure train time  3.0109338760375977
-----------------------------------------after optimizer zero grad
 Nvidia-smi: 13.662109375 GB
    Memory Allocated: 0.3036017417907715  GigaBytes
Max Memory Allocated: 11.34037446975708  GigaBytes

----------------------------------------------------------pseudo_mini_loss sum 3.8061788082122803
loading full batch data spends  0.8857109546661377
REG start----................................
Convert a graph into a bidirected graph: 3.228 seconds, peak memory: 75.904 GB
Construct multi-constraint weights: 0.000 seconds, peak memory: 75.904 GB
Metis partitioning: 15.775 seconds, peak memory: 75.904 GB
Split the graph: 1.301 seconds
Construct subgraphs: 0.681 seconds
REG metis partition end ----................................
REG construction  time spent:  13.219817876815796
pure dgl.metis_partition the time spent:  21.013360500335693
connection checking time:  23.571642875671387
block generation total time  21.260356664657593
generate_dataloader_block spend   83.27023220062256
pure train time  3.0575835704803467
-----------------------------------------after optimizer zero grad
 Nvidia-smi: 13.662109375 GB
    Memory Allocated: 0.2591257095336914  GigaBytes
Max Memory Allocated: 11.34037446975708  GigaBytes

----------------------------------------------------------pseudo_mini_loss sum 3.6158995628356934
loading full batch data spends  0.7370285987854004
REG start----................................
Convert a graph into a bidirected graph: 3.089 seconds, peak memory: 75.957 GB
Construct multi-constraint weights: 0.000 seconds, peak memory: 75.957 GB
Metis partitioning: 15.357 seconds, peak memory: 75.957 GB
Split the graph: 1.459 seconds
Construct subgraphs: 0.724 seconds
REG metis partition end ----................................
REG construction  time spent:  13.85740876197815
pure dgl.metis_partition the time spent:  20.658990144729614
connection checking time:  22.221478700637817
block generation total time  20.593844890594482
generate_dataloader_block spend   81.72627282142639
pure train time  3.012746572494507
-----------------------------------------after optimizer zero grad
 Nvidia-smi: 13.6875 GB
    Memory Allocated: 0.30919981002807617  GigaBytes
Max Memory Allocated: 11.387166023254395  GigaBytes

----------------------------------------------------------pseudo_mini_loss sum 3.484368085861206
loading full batch data spends  0.8793957233428955
REG start----................................
Convert a graph into a bidirected graph: 3.127 seconds, peak memory: 75.967 GB
Construct multi-constraint weights: 0.000 seconds, peak memory: 75.967 GB
Metis partitioning: 16.101 seconds, peak memory: 75.967 GB
Split the graph: 1.237 seconds
Construct subgraphs: 0.704 seconds
REG metis partition end ----................................
REG construction  time spent:  13.319318532943726
pure dgl.metis_partition the time spent:  21.199299335479736
connection checking time:  22.75917339324951
block generation total time  21.28376269340515
generate_dataloader_block spend   82.87871479988098
pure train time  3.028050661087036
-----------------------------------------after optimizer zero grad
 Nvidia-smi: 13.6875 GB
    Memory Allocated: 0.2864398956298828  GigaBytes
Max Memory Allocated: 11.387166023254395  GigaBytes

----------------------------------------------------------pseudo_mini_loss sum 3.3727879524230957
loading full batch data spends  0.8933911323547363
REG start----................................
Convert a graph into a bidirected graph: 3.051 seconds, peak memory: 76.171 GB
Construct multi-constraint weights: 0.000 seconds, peak memory: 76.171 GB
Metis partitioning: 16.408 seconds, peak memory: 76.171 GB
Split the graph: 1.342 seconds
Construct subgraphs: 0.480 seconds
REG metis partition end ----................................
REG construction  time spent:  10.771952867507935
pure dgl.metis_partition the time spent:  21.31053853034973
connection checking time:  23.115291357040405
block generation total time  21.09321403503418
generate_dataloader_block spend   80.18923044204712
pure train time  3.085031509399414
-----------------------------------------after optimizer zero grad
 Nvidia-smi: 13.6875 GB
    Memory Allocated: 0.2777094841003418  GigaBytes
Max Memory Allocated: 11.387166023254395  GigaBytes

----------------------------------------------------------pseudo_mini_loss sum 3.2434442043304443
Total (block generation + training)time/epoch 87.23470486913409
pure train time/epoch 3.036566694577535

num_input_list  [4713573, 4730791, 4764418, 4657031, 4724643, 4844054, 4738528, 4595516, 4721754, 4893431]
