main start at this time 1700861361.6063104
  NumNodes: 2708
  NumEdges: 10556
  NumFeats: 1433
  NumClasses: 7
  NumTrainingSamples: 140
  NumValidationSamples: 500
  NumTestSamples: 1000
Done loading data from cached files.
success----------------------------------------
140
500
2068
# Nodes: 2708
# Edges: 10556
# Train: 140
# Val: 500
# Test: 2068
# Classes: 7

in feats:  1433
self._in_src_feats,  1433
self._in_dst_feats 1433
Epoch 1, Learning Rate: 0.001
full batch src global  1347
full batch dst global  140
----------------------------------------after load_block_subtensor
 Nvidia-smi: 1.88671875 GB
    Memory Allocated: 0.5293374061584473  GigaBytes
Max Memory Allocated: 0.5293374061584473  GigaBytes

----------------------------------------after block to device
 Nvidia-smi: 1.974609375 GB
    Memory Allocated: 0.5293641090393066  GigaBytes
Max Memory Allocated: 0.5293641090393066  GigaBytes

----------------------------------------after model
 Nvidia-smi: 2.876953125 GB
    Memory Allocated: 1.29390287399292  GigaBytes
Max Memory Allocated: 1.3476905822753906  GigaBytes

full batch train ------ loss 1.9525303840637207
----------------------------------------after loss
 Nvidia-smi: 2.876953125 GB
    Memory Allocated: 1.293907642364502  GigaBytes
Max Memory Allocated: 1.3476905822753906  GigaBytes

----------------------------------------after loss backward
 Nvidia-smi: 4.134765625 GB
    Memory Allocated: 1.0515775680541992  GigaBytes
Max Memory Allocated: 2.249403953552246  GigaBytes


----------------------------------------full batch
 Nvidia-smi: 5.408203125 GB
    Memory Allocated: 2.095867156982422  GigaBytes
Max Memory Allocated: 3.095867156982422  GigaBytes

Epoch 2, Learning Rate: 0.001
full batch src global  1356
full batch dst global  140
----------------------------------------after load_block_subtensor
 Nvidia-smi: 5.408203125 GB
    Memory Allocated: 2.095914840698242  GigaBytes
Max Memory Allocated: 3.095867156982422  GigaBytes

----------------------------------------after block to device
 Nvidia-smi: 5.408203125 GB
    Memory Allocated: 2.0959415435791016  GigaBytes
Max Memory Allocated: 3.095867156982422  GigaBytes

----------------------------------------after model
 Nvidia-smi: 5.41015625 GB
    Memory Allocated: 2.850289821624756  GigaBytes
Max Memory Allocated: 3.095867156982422  GigaBytes

full batch train ------ loss 1.9518275260925293
----------------------------------------after loss
 Nvidia-smi: 5.41015625 GB
    Memory Allocated: 2.850203037261963  GigaBytes
Max Memory Allocated: 3.095867156982422  GigaBytes

----------------------------------------after loss backward
 Nvidia-smi: 5.66015625 GB
    Memory Allocated: 2.095914840698242  GigaBytes
Max Memory Allocated: 3.8071370124816895  GigaBytes


----------------------------------------full batch
 Nvidia-smi: 5.66015625 GB
    Memory Allocated: 2.095914840698242  GigaBytes
Max Memory Allocated: 3.8071370124816895  GigaBytes

Epoch 3, Learning Rate: 0.001
full batch src global  1371
full batch dst global  140
----------------------------------------after load_block_subtensor
 Nvidia-smi: 5.66015625 GB
    Memory Allocated: 2.0959949493408203  GigaBytes
Max Memory Allocated: 3.8071370124816895  GigaBytes

----------------------------------------after block to device
 Nvidia-smi: 5.66015625 GB
    Memory Allocated: 2.0960216522216797  GigaBytes
Max Memory Allocated: 3.8071370124816895  GigaBytes

----------------------------------------after model
 Nvidia-smi: 5.66015625 GB
    Memory Allocated: 2.8599419593811035  GigaBytes
Max Memory Allocated: 3.8071370124816895  GigaBytes

full batch train ------ loss 1.951901912689209
----------------------------------------after loss
 Nvidia-smi: 5.66015625 GB
    Memory Allocated: 2.8598551750183105  GigaBytes
Max Memory Allocated: 3.8071370124816895  GigaBytes

----------------------------------------after loss backward
 Nvidia-smi: 5.66015625 GB
    Memory Allocated: 2.0959949493408203  GigaBytes
Max Memory Allocated: 3.815103054046631  GigaBytes


----------------------------------------full batch
 Nvidia-smi: 5.66015625 GB
    Memory Allocated: 2.0959949493408203  GigaBytes
Max Memory Allocated: 3.815103054046631  GigaBytes

epoch time:  0.5218489170074463
Epoch 4, Learning Rate: 0.001
full batch src global  1367
full batch dst global  140
----------------------------------------after load_block_subtensor
 Nvidia-smi: 5.66015625 GB
    Memory Allocated: 2.095973491668701  GigaBytes
Max Memory Allocated: 3.815103054046631  GigaBytes

----------------------------------------after block to device
 Nvidia-smi: 5.66015625 GB
    Memory Allocated: 2.096001148223877  GigaBytes
Max Memory Allocated: 3.815103054046631  GigaBytes

----------------------------------------after model
 Nvidia-smi: 5.66015625 GB
    Memory Allocated: 2.865103244781494  GigaBytes
Max Memory Allocated: 3.815103054046631  GigaBytes

full batch train ------ loss 1.9515080451965332
----------------------------------------after loss
 Nvidia-smi: 5.66015625 GB
    Memory Allocated: 2.865016460418701  GigaBytes
Max Memory Allocated: 3.815103054046631  GigaBytes

----------------------------------------after loss backward
 Nvidia-smi: 5.66015625 GB
    Memory Allocated: 2.0959763526916504  GigaBytes
Max Memory Allocated: 3.8192267417907715  GigaBytes


----------------------------------------full batch
 Nvidia-smi: 5.66015625 GB
    Memory Allocated: 2.0959763526916504  GigaBytes
Max Memory Allocated: 3.8192267417907715  GigaBytes

epoch time:  0.5234043598175049
Epoch 5, Learning Rate: 0.001
full batch src global  1358
full batch dst global  140
----------------------------------------after load_block_subtensor
 Nvidia-smi: 5.66015625 GB
    Memory Allocated: 2.09592866897583  GigaBytes
Max Memory Allocated: 3.8192267417907715  GigaBytes

----------------------------------------after block to device
 Nvidia-smi: 5.66015625 GB
    Memory Allocated: 2.095956325531006  GigaBytes
Max Memory Allocated: 3.8192267417907715  GigaBytes

----------------------------------------after model
 Nvidia-smi: 5.66015625 GB
    Memory Allocated: 2.8640079498291016  GigaBytes
Max Memory Allocated: 3.8192267417907715  GigaBytes

full batch train ------ loss 1.9507274627685547
----------------------------------------after loss
 Nvidia-smi: 5.66015625 GB
    Memory Allocated: 2.8639183044433594  GigaBytes
Max Memory Allocated: 3.8192267417907715  GigaBytes

----------------------------------------after loss backward
 Nvidia-smi: 5.66015625 GB
    Memory Allocated: 2.09592866897583  GigaBytes
Max Memory Allocated: 3.8192267417907715  GigaBytes


----------------------------------------full batch
 Nvidia-smi: 5.66015625 GB
    Memory Allocated: 2.09592866897583  GigaBytes
Max Memory Allocated: 3.8192267417907715  GigaBytes

epoch time:  0.5230696201324463
Epoch 6, Learning Rate: 0.001
full batch src global  1364
full batch dst global  140
----------------------------------------after load_block_subtensor
 Nvidia-smi: 5.66015625 GB
    Memory Allocated: 2.0959606170654297  GigaBytes
Max Memory Allocated: 3.8192267417907715  GigaBytes

----------------------------------------after block to device
 Nvidia-smi: 5.66015625 GB
    Memory Allocated: 2.095987319946289  GigaBytes
Max Memory Allocated: 3.8192267417907715  GigaBytes

----------------------------------------after model
 Nvidia-smi: 5.66015625 GB
    Memory Allocated: 2.866940975189209  GigaBytes
Max Memory Allocated: 3.8192267417907715  GigaBytes

full batch train ------ loss 1.950071930885315
----------------------------------------after loss
 Nvidia-smi: 5.66015625 GB
    Memory Allocated: 2.866851329803467  GigaBytes
Max Memory Allocated: 3.8192267417907715  GigaBytes

----------------------------------------after loss backward
 Nvidia-smi: 5.66015625 GB
    Memory Allocated: 2.0959577560424805  GigaBytes
Max Memory Allocated: 3.8211607933044434  GigaBytes


----------------------------------------full batch
 Nvidia-smi: 5.66015625 GB
    Memory Allocated: 2.0959577560424805  GigaBytes
Max Memory Allocated: 3.8211607933044434  GigaBytes

epoch time:  0.5240581035614014
Epoch 7, Learning Rate: 0.001
full batch src global  1358
full batch dst global  140
----------------------------------------after load_block_subtensor
 Nvidia-smi: 5.66015625 GB
    Memory Allocated: 2.095925807952881  GigaBytes
Max Memory Allocated: 3.8211607933044434  GigaBytes

----------------------------------------after block to device
 Nvidia-smi: 5.66015625 GB
    Memory Allocated: 2.0959525108337402  GigaBytes
Max Memory Allocated: 3.8211607933044434  GigaBytes

----------------------------------------after model
 Nvidia-smi: 5.66015625 GB
    Memory Allocated: 2.861727237701416  GigaBytes
Max Memory Allocated: 3.8211607933044434  GigaBytes

full batch train ------ loss 1.9512056112289429
----------------------------------------after loss
 Nvidia-smi: 5.66015625 GB
    Memory Allocated: 2.861640453338623  GigaBytes
Max Memory Allocated: 3.8211607933044434  GigaBytes

----------------------------------------after loss backward
 Nvidia-smi: 5.66015625 GB
    Memory Allocated: 2.095925807952881  GigaBytes
Max Memory Allocated: 3.8211607933044434  GigaBytes


----------------------------------------full batch
 Nvidia-smi: 5.66015625 GB
    Memory Allocated: 2.095925807952881  GigaBytes
Max Memory Allocated: 3.8211607933044434  GigaBytes

epoch time:  0.507286548614502
Epoch 8, Learning Rate: 0.001
full batch src global  1366
full batch dst global  140
----------------------------------------after load_block_subtensor
 Nvidia-smi: 5.66015625 GB
    Memory Allocated: 2.095968246459961  GigaBytes
Max Memory Allocated: 3.8211607933044434  GigaBytes

----------------------------------------after block to device
 Nvidia-smi: 5.66015625 GB
    Memory Allocated: 2.0959949493408203  GigaBytes
Max Memory Allocated: 3.8211607933044434  GigaBytes

----------------------------------------after model
 Nvidia-smi: 5.66015625 GB
    Memory Allocated: 2.8647985458374023  GigaBytes
Max Memory Allocated: 3.8211607933044434  GigaBytes

full batch train ------ loss 1.9511910676956177
----------------------------------------after loss
 Nvidia-smi: 5.66015625 GB
    Memory Allocated: 2.8647117614746094  GigaBytes
Max Memory Allocated: 3.8211607933044434  GigaBytes

----------------------------------------after loss backward
 Nvidia-smi: 5.66015625 GB
    Memory Allocated: 2.095968246459961  GigaBytes
Max Memory Allocated: 3.8211607933044434  GigaBytes


----------------------------------------full batch
 Nvidia-smi: 5.66015625 GB
    Memory Allocated: 2.095968246459961  GigaBytes
Max Memory Allocated: 3.8211607933044434  GigaBytes

epoch time:  0.5296564102172852
Epoch 9, Learning Rate: 0.001
full batch src global  1349
full batch dst global  140
----------------------------------------after load_block_subtensor
 Nvidia-smi: 5.66015625 GB
    Memory Allocated: 2.0958776473999023  GigaBytes
Max Memory Allocated: 3.8211607933044434  GigaBytes

----------------------------------------after block to device
 Nvidia-smi: 5.66015625 GB
    Memory Allocated: 2.0959043502807617  GigaBytes
Max Memory Allocated: 3.8211607933044434  GigaBytes

----------------------------------------after model
 Nvidia-smi: 5.66015625 GB
    Memory Allocated: 2.8643670082092285  GigaBytes
Max Memory Allocated: 3.8211607933044434  GigaBytes

full batch train ------ loss 1.9488264322280884
----------------------------------------after loss
 Nvidia-smi: 5.66015625 GB
    Memory Allocated: 2.8642802238464355  GigaBytes
Max Memory Allocated: 3.8211607933044434  GigaBytes

----------------------------------------after loss backward
 Nvidia-smi: 5.66015625 GB
    Memory Allocated: 2.0958776473999023  GigaBytes
Max Memory Allocated: 3.8211607933044434  GigaBytes


----------------------------------------full batch
 Nvidia-smi: 5.66015625 GB
    Memory Allocated: 2.0958776473999023  GigaBytes
Max Memory Allocated: 3.8211607933044434  GigaBytes

epoch time:  0.5355968475341797
Epoch 10, Learning Rate: 0.001
full batch src global  1346
full batch dst global  140
----------------------------------------after load_block_subtensor
 Nvidia-smi: 5.66015625 GB
    Memory Allocated: 2.0958614349365234  GigaBytes
Max Memory Allocated: 3.8211607933044434  GigaBytes

----------------------------------------after block to device
 Nvidia-smi: 5.66015625 GB
    Memory Allocated: 2.095888137817383  GigaBytes
Max Memory Allocated: 3.8211607933044434  GigaBytes

----------------------------------------after model
 Nvidia-smi: 5.66015625 GB
    Memory Allocated: 2.854982852935791  GigaBytes
Max Memory Allocated: 3.8211607933044434  GigaBytes

full batch train ------ loss 1.950780987739563
----------------------------------------after loss
 Nvidia-smi: 5.66015625 GB
    Memory Allocated: 2.854896068572998  GigaBytes
Max Memory Allocated: 3.8211607933044434  GigaBytes

----------------------------------------after loss backward
 Nvidia-smi: 5.66015625 GB
    Memory Allocated: 2.0958614349365234  GigaBytes
Max Memory Allocated: 3.8211607933044434  GigaBytes


----------------------------------------full batch
 Nvidia-smi: 5.66015625 GB
    Memory Allocated: 2.0958614349365234  GigaBytes
Max Memory Allocated: 3.8211607933044434  GigaBytes

epoch time:  0.5057408809661865
Total (block generation + training)time/epoch 0.5213310718536377
pure train time/epoch nan

num_input_list  []
