main start at this time 1691465916.0245788
success----------------------------------------
153431
23831
55703
# Nodes: 232965
# Edges: 114615892
# Train: 153431
# Val: 23831
# Test: 55703
# Classes: 41

#nodes: 232965
#edges: 114615892
#classes: 41
in feats:  602
connection checking time:  27.399743795394897
block generation total time  27.08469009399414
pure train time  25.74287438392639
-----------------------------------------after optimizer zero grad
 Nvidia-smi: 22.150390625 GB
    Memory Allocated: 0.47850942611694336  GigaBytes
Max Memory Allocated: 19.110695362091064  GigaBytes

----------------------------------------------------------pseudo_mini_loss sum 3.8298816680908203
connection checking time:  27.051613807678223
block generation total time  28.08014750480652
pure train time  24.973633766174316
-----------------------------------------after optimizer zero grad
 Nvidia-smi: 21.81640625 GB
    Memory Allocated: 0.4794297218322754  GigaBytes
Max Memory Allocated: 19.139026165008545  GigaBytes

----------------------------------------------------------pseudo_mini_loss sum 3.7581591606140137
connection checking time:  28.14202570915222
block generation total time  26.685120105743408
pure train time  24.988513946533203
-----------------------------------------after optimizer zero grad
 Nvidia-smi: 21.81640625 GB
    Memory Allocated: 0.47724246978759766  GigaBytes
Max Memory Allocated: 19.139026165008545  GigaBytes

----------------------------------------------------------pseudo_mini_loss sum 3.7316064834594727
loading full batch data spends  0.3991520404815674
connection checking time:  27.40550184249878
block generation total time  26.692842721939087
generate_dataloader_block spend   63.89421892166138
pure train time  25.19572162628174
-----------------------------------------after optimizer zero grad
 Nvidia-smi: 21.822265625 GB
    Memory Allocated: 0.47872114181518555  GigaBytes
Max Memory Allocated: 19.155700206756592  GigaBytes

----------------------------------------------------------pseudo_mini_loss sum 3.712254524230957
loading full batch data spends  0.41204380989074707
connection checking time:  18.354629516601562
block generation total time  14.647480010986328
generate_dataloader_block spend   41.24941086769104
pure train time  23.448110103607178
-----------------------------------------after optimizer zero grad
 Nvidia-smi: 21.828125 GB
    Memory Allocated: 0.4786691665649414  GigaBytes
Max Memory Allocated: 19.155700206756592  GigaBytes

----------------------------------------------------------pseudo_mini_loss sum 3.6974570751190186
loading full batch data spends  0.34629106521606445
connection checking time:  27.975532293319702
block generation total time  25.428975343704224
generate_dataloader_block spend   61.202143907547
pure train time  24.3172869682312
-----------------------------------------after optimizer zero grad
 Nvidia-smi: 21.828125 GB
    Memory Allocated: 0.476534366607666  GigaBytes
Max Memory Allocated: 19.164180755615234  GigaBytes

----------------------------------------------------------pseudo_mini_loss sum 3.6858372688293457
loading full batch data spends  0.42088890075683594
connection checking time:  28.342246770858765
block generation total time  26.66485023498535
generate_dataloader_block spend   64.1062183380127
pure train time  24.87469792366028
-----------------------------------------after optimizer zero grad
 Nvidia-smi: 21.828125 GB
    Memory Allocated: 0.47722578048706055  GigaBytes
Max Memory Allocated: 19.164180755615234  GigaBytes

----------------------------------------------------------pseudo_mini_loss sum 3.679013252258301
loading full batch data spends  0.39049696922302246
connection checking time:  28.03151774406433
block generation total time  26.795141220092773
generate_dataloader_block spend   63.62489366531372
pure train time  25.626723289489746
-----------------------------------------after optimizer zero grad
 Nvidia-smi: 21.828125 GB
    Memory Allocated: 0.4790515899658203  GigaBytes
Max Memory Allocated: 19.164180755615234  GigaBytes

----------------------------------------------------------pseudo_mini_loss sum 3.6715705394744873
loading full batch data spends  0.4240539073944092
connection checking time:  28.713611364364624
block generation total time  29.27376413345337
generate_dataloader_block spend   68.07419347763062
pure train time  25.575385093688965
-----------------------------------------after optimizer zero grad
 Nvidia-smi: 21.828125 GB
    Memory Allocated: 0.47655344009399414  GigaBytes
Max Memory Allocated: 19.164180755615234  GigaBytes

----------------------------------------------------------pseudo_mini_loss sum 3.664604663848877
loading full batch data spends  0.38112449645996094
connection checking time:  28.22422695159912
block generation total time  29.025246381759644
generate_dataloader_block spend   66.2187077999115
pure train time  25.528064489364624
-----------------------------------------after optimizer zero grad
 Nvidia-smi: 21.828125 GB
    Memory Allocated: 0.47632598876953125  GigaBytes
Max Memory Allocated: 19.164180755615234  GigaBytes

----------------------------------------------------------pseudo_mini_loss sum 3.6560990810394287
Total (block generation + training)time/epoch 110.98940249851772
pure train time/epoch 24.895044644673664

num_input_list  [9035037, 9032044, 9024577, 9028660, 9026995, 9028260, 9032422, 9027100, 9030061, 9027741]
