main start at this time 1691471821.705992
success----------------------------------------
153431
23831
55703
# Nodes: 232965
# Edges: 114615892
# Train: 153431
# Val: 23831
# Test: 55703
# Classes: 41

#nodes: 232965
#edges: 114615892
#classes: 41
in feats:  602
connection checking time:  28.151411533355713
block generation total time  27.951735019683838
pure train time  25.61256194114685
-----------------------------------------after optimizer zero grad
 Nvidia-smi: 22.9140625 GB
    Memory Allocated: 0.4847278594970703  GigaBytes
Max Memory Allocated: 19.818578720092773  GigaBytes

----------------------------------------------------------pseudo_mini_loss sum 3.8294715881347656
connection checking time:  26.237639904022217
block generation total time  27.817588567733765
pure train time  25.523603916168213
-----------------------------------------after optimizer zero grad
 Nvidia-smi: 21.6484375 GB
    Memory Allocated: 0.4856576919555664  GigaBytes
Max Memory Allocated: 19.832618713378906  GigaBytes

----------------------------------------------------------pseudo_mini_loss sum 3.758355140686035
connection checking time:  27.942078113555908
block generation total time  27.6866238117218
pure train time  24.76200795173645
-----------------------------------------after optimizer zero grad
 Nvidia-smi: 21.6484375 GB
    Memory Allocated: 0.4856128692626953  GigaBytes
Max Memory Allocated: 19.852674961090088  GigaBytes

----------------------------------------------------------pseudo_mini_loss sum 3.7304983139038086
loading full batch data spends  0.3565235137939453
connection checking time:  27.85789179801941
block generation total time  27.96925711631775
generate_dataloader_block spend   62.50862002372742
pure train time  25.14612627029419
-----------------------------------------after optimizer zero grad
 Nvidia-smi: 21.962890625 GB
    Memory Allocated: 0.4847679138183594  GigaBytes
Max Memory Allocated: 19.880292892456055  GigaBytes

----------------------------------------------------------pseudo_mini_loss sum 3.710409641265869
loading full batch data spends  0.4016687870025635
connection checking time:  28.286500215530396
block generation total time  27.977261781692505
generate_dataloader_block spend   65.54412126541138
pure train time  25.386342525482178
-----------------------------------------after optimizer zero grad
 Nvidia-smi: 21.970703125 GB
    Memory Allocated: 0.48490238189697266  GigaBytes
Max Memory Allocated: 19.880292892456055  GigaBytes

----------------------------------------------------------pseudo_mini_loss sum 3.696417808532715
loading full batch data spends  0.3831346035003662
connection checking time:  28.13383412361145
block generation total time  27.715299606323242
generate_dataloader_block spend   65.70203256607056
pure train time  25.472217559814453
-----------------------------------------after optimizer zero grad
 Nvidia-smi: 21.970703125 GB
    Memory Allocated: 0.48287105560302734  GigaBytes
Max Memory Allocated: 19.914109230041504  GigaBytes

----------------------------------------------------------pseudo_mini_loss sum 3.6842470169067383
loading full batch data spends  0.3568756580352783
connection checking time:  27.5077121257782
block generation total time  28.535457372665405
generate_dataloader_block spend   65.11069107055664
pure train time  25.19263243675232
-----------------------------------------after optimizer zero grad
 Nvidia-smi: 21.98046875 GB
    Memory Allocated: 0.4832735061645508  GigaBytes
Max Memory Allocated: 19.914109230041504  GigaBytes

----------------------------------------------------------pseudo_mini_loss sum 3.6785662174224854
loading full batch data spends  0.39539599418640137
connection checking time:  27.925307035446167
block generation total time  28.30941104888916
generate_dataloader_block spend   64.78043818473816
pure train time  25.32056713104248
-----------------------------------------after optimizer zero grad
 Nvidia-smi: 21.98046875 GB
    Memory Allocated: 0.4849886894226074  GigaBytes
Max Memory Allocated: 19.914109230041504  GigaBytes

----------------------------------------------------------pseudo_mini_loss sum 3.673067331314087
loading full batch data spends  0.40099668502807617
connection checking time:  27.874778032302856
block generation total time  27.828209400177002
generate_dataloader_block spend   64.7840142250061
pure train time  25.048093795776367
-----------------------------------------after optimizer zero grad
 Nvidia-smi: 21.98046875 GB
    Memory Allocated: 0.48303842544555664  GigaBytes
Max Memory Allocated: 19.914109230041504  GigaBytes

----------------------------------------------------------pseudo_mini_loss sum 3.663038730621338
loading full batch data spends  0.38239526748657227
connection checking time:  27.916207790374756
block generation total time  28.850969552993774
generate_dataloader_block spend   65.84136295318604
pure train time  25.275054454803467
-----------------------------------------after optimizer zero grad
 Nvidia-smi: 21.98046875 GB
    Memory Allocated: 0.48250579833984375  GigaBytes
Max Memory Allocated: 19.914109230041504  GigaBytes

----------------------------------------------------------pseudo_mini_loss sum 3.6543638706207275
Total (block generation + training)time/epoch 114.61568764277867
pure train time/epoch 25.282484650611877

num_input_list  [8703857, 8702464, 8697313, 8698457, 8695987, 8697364, 8700959, 8695395, 8700767, 8695606]
