main start at this time 1701301463.6991265
ogbn-arxiv
# Nodes: 169343
# Edges: 2315598
# Train: 90941
# Val: 29799
# Test: 48603
# Classes: 40

in feats:  128
random partition time  0.016343355178833008

block_gen_time in "generate_blocks_for_one_layer_block"  0.6767513751983643


block_gen_time in "generate_blocks_for_one_layer_block"  2.279353618621826

connection checking time:  2.464480400085449
block generation total time  2.279353618621826
epoch,  0
pure train time  1.2653183937072754
-----------------------------------------after optimizer zero grad
 Nvidia-smi: 9.154296875 GB
    Memory Allocated: 0.10535001754760742  GigaBytes
Max Memory Allocated: 6.800347805023193  GigaBytes

----------------------------------------------------------pseudo_mini_loss sum 4.020245552062988
random partition time  0.014821290969848633

block_gen_time in "generate_blocks_for_one_layer_block"  0.676419734954834


block_gen_time in "generate_blocks_for_one_layer_block"  2.330444574356079

connection checking time:  2.4589998722076416
block generation total time  2.330444574356079
epoch,  1
pure train time  0.8291561603546143
-----------------------------------------after optimizer zero grad
 Nvidia-smi: 11.224609375 GB
    Memory Allocated: 0.1060037612915039  GigaBytes
Max Memory Allocated: 6.801954746246338  GigaBytes

----------------------------------------------------------pseudo_mini_loss sum 3.8352670669555664
random partition time  0.014817953109741211

block_gen_time in "generate_blocks_for_one_layer_block"  0.6637272834777832


block_gen_time in "generate_blocks_for_one_layer_block"  2.293060064315796

connection checking time:  2.415478467941284
block generation total time  2.293060064315796
epoch,  2
pure train time  0.826462984085083
-----------------------------------------after optimizer zero grad
 Nvidia-smi: 11.2265625 GB
    Memory Allocated: 0.10515737533569336  GigaBytes
Max Memory Allocated: 6.801954746246338  GigaBytes

----------------------------------------------------------pseudo_mini_loss sum 3.6813764572143555
loading full batch data spends  0.05526399612426758
random partition time  0.014852523803710938

block_gen_time in "generate_blocks_for_one_layer_block"  0.6696422100067139


block_gen_time in "generate_blocks_for_one_layer_block"  2.2980546951293945

connection checking time:  2.4321396350860596
block generation total time  2.2980546951293945
generate_dataloader_block spend   6.459933042526245
epoch,  3
pure train time  0.8223683834075928
-----------------------------------------after optimizer zero grad
 Nvidia-smi: 11.2265625 GB
    Memory Allocated: 0.10522079467773438  GigaBytes
Max Memory Allocated: 6.801954746246338  GigaBytes

----------------------------------------------------------pseudo_mini_loss sum 3.54801607131958
loading full batch data spends  0.04027271270751953
random partition time  0.015233278274536133

block_gen_time in "generate_blocks_for_one_layer_block"  0.6736652851104736


block_gen_time in "generate_blocks_for_one_layer_block"  2.390437126159668

connection checking time:  2.4989845752716064
block generation total time  2.390437126159668
generate_dataloader_block spend   6.680993318557739
epoch,  4
pure train time  0.8435587882995605
-----------------------------------------after optimizer zero grad
 Nvidia-smi: 11.234375 GB
    Memory Allocated: 0.10540008544921875  GigaBytes
Max Memory Allocated: 6.8084001541137695  GigaBytes

----------------------------------------------------------pseudo_mini_loss sum 3.433107376098633
loading full batch data spends  0.04184079170227051
random partition time  0.014686346054077148

block_gen_time in "generate_blocks_for_one_layer_block"  0.6679751873016357


block_gen_time in "generate_blocks_for_one_layer_block"  2.2867953777313232

connection checking time:  2.39487624168396
block generation total time  2.2867953777313232
generate_dataloader_block spend   6.435351371765137
epoch,  5
pure train time  0.8260593414306641
-----------------------------------------after optimizer zero grad
 Nvidia-smi: 11.251953125 GB
    Memory Allocated: 0.10534858703613281  GigaBytes
Max Memory Allocated: 6.8084001541137695  GigaBytes

----------------------------------------------------------pseudo_mini_loss sum 3.3361220359802246
loading full batch data spends  0.03568410873413086
random partition time  0.015548229217529297

block_gen_time in "generate_blocks_for_one_layer_block"  0.664372444152832


block_gen_time in "generate_blocks_for_one_layer_block"  2.268812894821167

connection checking time:  2.39621639251709
block generation total time  2.268812894821167
generate_dataloader_block spend   6.419055700302124
epoch,  6
pure train time  0.8326399326324463
-----------------------------------------after optimizer zero grad
 Nvidia-smi: 11.251953125 GB
    Memory Allocated: 0.10593891143798828  GigaBytes
Max Memory Allocated: 6.8084001541137695  GigaBytes

----------------------------------------------------------pseudo_mini_loss sum 3.265836477279663
loading full batch data spends  0.06302118301391602
random partition time  0.01507425308227539

block_gen_time in "generate_blocks_for_one_layer_block"  0.6703848838806152


block_gen_time in "generate_blocks_for_one_layer_block"  2.27654767036438

connection checking time:  2.4625766277313232
block generation total time  2.27654767036438
generate_dataloader_block spend   6.51333475112915
epoch,  7
pure train time  0.8180077075958252
-----------------------------------------after optimizer zero grad
 Nvidia-smi: 11.251953125 GB
    Memory Allocated: 0.10611104965209961  GigaBytes
Max Memory Allocated: 6.8084001541137695  GigaBytes

----------------------------------------------------------pseudo_mini_loss sum 3.225728750228882
loading full batch data spends  0.04272127151489258
random partition time  0.01495981216430664

block_gen_time in "generate_blocks_for_one_layer_block"  0.673363447189331


block_gen_time in "generate_blocks_for_one_layer_block"  2.277613401412964

connection checking time:  2.3714377880096436
block generation total time  2.277613401412964
generate_dataloader_block spend   6.4159157276153564
epoch,  8
pure train time  0.8177676200866699
-----------------------------------------after optimizer zero grad
 Nvidia-smi: 11.251953125 GB
    Memory Allocated: 0.10538578033447266  GigaBytes
Max Memory Allocated: 6.812960147857666  GigaBytes

----------------------------------------------------------pseudo_mini_loss sum 3.1924190521240234
loading full batch data spends  0.03573107719421387
random partition time  0.014804363250732422

block_gen_time in "generate_blocks_for_one_layer_block"  0.6692264080047607


block_gen_time in "generate_blocks_for_one_layer_block"  2.267449140548706

connection checking time:  2.3993256092071533
block generation total time  2.267449140548706
generate_dataloader_block spend   6.412315607070923
epoch,  9
pure train time  0.8328118324279785
-----------------------------------------after optimizer zero grad
 Nvidia-smi: 11.251953125 GB
    Memory Allocated: 0.10573768615722656  GigaBytes
Max Memory Allocated: 6.812960147857666  GigaBytes

----------------------------------------------------------pseudo_mini_loss sum 3.151348114013672
Total (block generation + training)time/epoch 7.54012097631182
pure train time/epoch 0.8254572868347168

num_input_list  [572533, 572846, 572265, 572594, 572326, 572390, 572251, 572964, 572508, 572592]
avg num_input_list  572526.9
