main start at this time 1701301925.2281063
ogbn-arxiv
# Nodes: 169343
# Edges: 2315598
# Train: 90941
# Val: 29799
# Test: 48603
# Classes: 40

in feats:  128
random partition time  0.016946792602539062

block_gen_time in "generate_blocks_for_one_layer_block"  0.6859548091888428


block_gen_time in "generate_blocks_for_one_layer_block"  3.886579990386963

connection checking time:  4.521132707595825
block generation total time  3.886579990386963
epoch,  0
pure train time  2.84920072555542
-----------------------------------------after optimizer zero grad
 Nvidia-smi: 4.974609375 GB
    Memory Allocated: 0.07978534698486328  GigaBytes
Max Memory Allocated: 2.992434501647949  GigaBytes

----------------------------------------------------------pseudo_mini_loss sum 4.018248081207275
random partition time  0.015871047973632812

block_gen_time in "generate_blocks_for_one_layer_block"  0.6767034530639648


block_gen_time in "generate_blocks_for_one_layer_block"  3.973066806793213

connection checking time:  4.570978403091431
block generation total time  3.973066806793213
epoch,  1
pure train time  2.453216552734375
-----------------------------------------after optimizer zero grad
 Nvidia-smi: 6.078125 GB
    Memory Allocated: 0.07951974868774414  GigaBytes
Max Memory Allocated: 2.9984540939331055  GigaBytes

----------------------------------------------------------pseudo_mini_loss sum 3.834367513656616
random partition time  0.015338897705078125

block_gen_time in "generate_blocks_for_one_layer_block"  0.6895933151245117


block_gen_time in "generate_blocks_for_one_layer_block"  3.8437390327453613

connection checking time:  4.57645320892334
block generation total time  3.8437390327453613
epoch,  2
pure train time  2.248124361038208
-----------------------------------------after optimizer zero grad
 Nvidia-smi: 6.078125 GB
    Memory Allocated: 0.07861137390136719  GigaBytes
Max Memory Allocated: 3.001770496368408  GigaBytes

----------------------------------------------------------pseudo_mini_loss sum 3.6816563606262207
loading full batch data spends  0.0573580265045166
random partition time  0.005987405776977539

block_gen_time in "generate_blocks_for_one_layer_block"  0.3693063259124756


block_gen_time in "generate_blocks_for_one_layer_block"  2.0678203105926514

connection checking time:  2.6205875873565674
block generation total time  2.0678203105926514
generate_dataloader_block spend   5.662430286407471
epoch,  3
pure train time  2.06550669670105
-----------------------------------------after optimizer zero grad
 Nvidia-smi: 6.078125 GB
    Memory Allocated: 0.07875633239746094  GigaBytes
Max Memory Allocated: 3.001770496368408  GigaBytes

----------------------------------------------------------pseudo_mini_loss sum 3.548515796661377
loading full batch data spends  0.0775449275970459
random partition time  0.005894899368286133

block_gen_time in "generate_blocks_for_one_layer_block"  0.34609436988830566


block_gen_time in "generate_blocks_for_one_layer_block"  2.0229947566986084

connection checking time:  2.5448784828186035
block generation total time  2.0229947566986084
generate_dataloader_block spend   5.518617630004883
epoch,  4
pure train time  2.058173418045044
-----------------------------------------after optimizer zero grad
 Nvidia-smi: 6.09375 GB
    Memory Allocated: 0.07883501052856445  GigaBytes
Max Memory Allocated: 3.002671241760254  GigaBytes

----------------------------------------------------------pseudo_mini_loss sum 3.43211030960083
loading full batch data spends  0.056807518005371094
random partition time  0.005347728729248047

block_gen_time in "generate_blocks_for_one_layer_block"  0.34548449516296387


block_gen_time in "generate_blocks_for_one_layer_block"  2.00595760345459

connection checking time:  2.578240156173706
block generation total time  2.00595760345459
generate_dataloader_block spend   5.798485040664673
epoch,  5
pure train time  2.1015353202819824
-----------------------------------------after optimizer zero grad
 Nvidia-smi: 6.251953125 GB
    Memory Allocated: 0.07935810089111328  GigaBytes
Max Memory Allocated: 3.0207042694091797  GigaBytes

----------------------------------------------------------pseudo_mini_loss sum 3.335711717605591
loading full batch data spends  0.06417012214660645
random partition time  0.007575035095214844

block_gen_time in "generate_blocks_for_one_layer_block"  0.6902379989624023


block_gen_time in "generate_blocks_for_one_layer_block"  3.8751468658447266

connection checking time:  4.572703838348389
block generation total time  3.8751468658447266
generate_dataloader_block spend   10.221697807312012
epoch,  6
pure train time  2.37100887298584
-----------------------------------------after optimizer zero grad
 Nvidia-smi: 6.251953125 GB
    Memory Allocated: 0.07813024520874023  GigaBytes
Max Memory Allocated: 3.0207042694091797  GigaBytes

----------------------------------------------------------pseudo_mini_loss sum 3.2683663368225098
loading full batch data spends  0.06941699981689453
random partition time  0.015313863754272461

block_gen_time in "generate_blocks_for_one_layer_block"  0.6847226619720459


block_gen_time in "generate_blocks_for_one_layer_block"  3.8652617931365967

connection checking time:  4.549299478530884
block generation total time  3.8652617931365967
generate_dataloader_block spend   10.28864598274231
epoch,  7
pure train time  2.2881228923797607
-----------------------------------------after optimizer zero grad
 Nvidia-smi: 6.251953125 GB
    Memory Allocated: 0.0787959098815918  GigaBytes
Max Memory Allocated: 3.0207042694091797  GigaBytes

----------------------------------------------------------pseudo_mini_loss sum 3.2251250743865967
loading full batch data spends  0.06765246391296387
random partition time  0.005952358245849609

block_gen_time in "generate_blocks_for_one_layer_block"  0.6886231899261475


block_gen_time in "generate_blocks_for_one_layer_block"  4.034870624542236

connection checking time:  4.5594682693481445
block generation total time  4.034870624542236
generate_dataloader_block spend   10.11658263206482
epoch,  8
pure train time  2.4046661853790283
-----------------------------------------after optimizer zero grad
 Nvidia-smi: 6.251953125 GB
    Memory Allocated: 0.07886934280395508  GigaBytes
Max Memory Allocated: 3.0231528282165527  GigaBytes

----------------------------------------------------------pseudo_mini_loss sum 3.1940526962280273
loading full batch data spends  0.07915425300598145
random partition time  0.014990091323852539

block_gen_time in "generate_blocks_for_one_layer_block"  0.6837708950042725


block_gen_time in "generate_blocks_for_one_layer_block"  3.8560900688171387

connection checking time:  4.554863929748535
block generation total time  3.8560900688171387
generate_dataloader_block spend   10.275460958480835
epoch,  9
pure train time  2.36700701713562
-----------------------------------------after optimizer zero grad
 Nvidia-smi: 6.251953125 GB
    Memory Allocated: 0.07908201217651367  GigaBytes
Max Memory Allocated: 3.0231528282165527  GigaBytes

----------------------------------------------------------pseudo_mini_loss sum 3.156702756881714
Total (block generation + training)time/epoch 10.91508139882769
pure train time/epoch 2.306468057632446

num_input_list  [1436210, 1437786, 1434934, 1437774, 1436183, 1438157, 1434707, 1438114, 1438361, 1437577]
avg num_input_list  1436980.3
