main start at this time 1701301552.2562733
ogbn-arxiv
# Nodes: 169343
# Edges: 2315598
# Train: 90941
# Val: 29799
# Test: 48603
# Classes: 40

in feats:  128
random partition time  0.01609325408935547

block_gen_time in "generate_blocks_for_one_layer_block"  0.732367753982544


block_gen_time in "generate_blocks_for_one_layer_block"  3.228724718093872

connection checking time:  3.5536227226257324
block generation total time  3.228724718093872
epoch,  0
pure train time  1.963529109954834
-----------------------------------------after optimizer zero grad
 Nvidia-smi: 6.162109375 GB
    Memory Allocated: 0.0916595458984375  GigaBytes
Max Memory Allocated: 4.435835361480713  GigaBytes

----------------------------------------------------------pseudo_mini_loss sum 4.016266822814941
random partition time  0.015773296356201172

block_gen_time in "generate_blocks_for_one_layer_block"  0.7025959491729736


block_gen_time in "generate_blocks_for_one_layer_block"  3.281047821044922

connection checking time:  3.6234235763549805
block generation total time  3.281047821044922
epoch,  1
pure train time  1.4849891662597656
-----------------------------------------after optimizer zero grad
 Nvidia-smi: 6.390625 GB
    Memory Allocated: 0.09167718887329102  GigaBytes
Max Memory Allocated: 4.437765121459961  GigaBytes

----------------------------------------------------------pseudo_mini_loss sum 3.8341915607452393
random partition time  0.014878034591674805

block_gen_time in "generate_blocks_for_one_layer_block"  0.6887633800506592


block_gen_time in "generate_blocks_for_one_layer_block"  3.214400291442871

connection checking time:  3.571728229522705
block generation total time  3.214400291442871
epoch,  2
pure train time  1.5686054229736328
-----------------------------------------after optimizer zero grad
 Nvidia-smi: 6.392578125 GB
    Memory Allocated: 0.09196043014526367  GigaBytes
Max Memory Allocated: 4.443986415863037  GigaBytes

----------------------------------------------------------pseudo_mini_loss sum 3.6791248321533203
loading full batch data spends  0.05873823165893555
random partition time  0.01575922966003418

block_gen_time in "generate_blocks_for_one_layer_block"  0.6901440620422363


block_gen_time in "generate_blocks_for_one_layer_block"  3.189929723739624

connection checking time:  3.5522971153259277
block generation total time  3.189929723739624
generate_dataloader_block spend   8.594266653060913
epoch,  3
pure train time  1.441864252090454
-----------------------------------------after optimizer zero grad
 Nvidia-smi: 6.392578125 GB
    Memory Allocated: 0.09168100357055664  GigaBytes
Max Memory Allocated: 4.443986415863037  GigaBytes

----------------------------------------------------------pseudo_mini_loss sum 3.545799732208252
loading full batch data spends  0.0551912784576416
random partition time  0.015211820602416992

block_gen_time in "generate_blocks_for_one_layer_block"  0.691162109375


block_gen_time in "generate_blocks_for_one_layer_block"  3.1708569526672363

connection checking time:  3.5111756324768066
block generation total time  3.1708569526672363
generate_dataloader_block spend   8.535172939300537
epoch,  4
pure train time  1.4764394760131836
-----------------------------------------after optimizer zero grad
 Nvidia-smi: 6.39453125 GB
    Memory Allocated: 0.09245443344116211  GigaBytes
Max Memory Allocated: 4.443986415863037  GigaBytes

----------------------------------------------------------pseudo_mini_loss sum 3.4325613975524902
loading full batch data spends  0.04676389694213867
random partition time  0.015174627304077148

block_gen_time in "generate_blocks_for_one_layer_block"  0.6914217472076416


block_gen_time in "generate_blocks_for_one_layer_block"  3.2594144344329834

connection checking time:  3.5587615966796875
block generation total time  3.2594144344329834
generate_dataloader_block spend   8.650347232818604
epoch,  5
pure train time  1.444333791732788
-----------------------------------------after optimizer zero grad
 Nvidia-smi: 6.39453125 GB
    Memory Allocated: 0.09207773208618164  GigaBytes
Max Memory Allocated: 4.443986415863037  GigaBytes

----------------------------------------------------------pseudo_mini_loss sum 3.3353652954101562
loading full batch data spends  0.07181334495544434
random partition time  0.01481771469116211

block_gen_time in "generate_blocks_for_one_layer_block"  0.688248872756958


block_gen_time in "generate_blocks_for_one_layer_block"  3.181725263595581

connection checking time:  3.585141181945801
block generation total time  3.181725263595581
generate_dataloader_block spend   8.63346552848816
epoch,  6
pure train time  1.4635124206542969
-----------------------------------------after optimizer zero grad
 Nvidia-smi: 6.39453125 GB
    Memory Allocated: 0.09171390533447266  GigaBytes
Max Memory Allocated: 4.451693534851074  GigaBytes

----------------------------------------------------------pseudo_mini_loss sum 3.2671096324920654
loading full batch data spends  0.06757974624633789
random partition time  0.014738321304321289

block_gen_time in "generate_blocks_for_one_layer_block"  0.6945602893829346


block_gen_time in "generate_blocks_for_one_layer_block"  3.2348833084106445

connection checking time:  3.5466275215148926
block generation total time  3.2348833084106445
generate_dataloader_block spend   8.638561487197876
epoch,  7
pure train time  1.4480853080749512
-----------------------------------------after optimizer zero grad
 Nvidia-smi: 6.39453125 GB
    Memory Allocated: 0.09125137329101562  GigaBytes
Max Memory Allocated: 4.451693534851074  GigaBytes

----------------------------------------------------------pseudo_mini_loss sum 3.223167896270752
loading full batch data spends  0.055528879165649414
random partition time  0.014692068099975586

block_gen_time in "generate_blocks_for_one_layer_block"  0.6893219947814941


block_gen_time in "generate_blocks_for_one_layer_block"  3.2010953426361084

connection checking time:  3.599254608154297
block generation total time  3.2010953426361084
generate_dataloader_block spend   8.665201187133789
epoch,  8
pure train time  1.4754116535186768
-----------------------------------------after optimizer zero grad
 Nvidia-smi: 6.39453125 GB
    Memory Allocated: 0.09228992462158203  GigaBytes
Max Memory Allocated: 4.462661266326904  GigaBytes

----------------------------------------------------------pseudo_mini_loss sum 3.1925859451293945
loading full batch data spends  0.05980420112609863
random partition time  0.014953374862670898

block_gen_time in "generate_blocks_for_one_layer_block"  0.6942009925842285


block_gen_time in "generate_blocks_for_one_layer_block"  3.1912307739257812

connection checking time:  3.529153347015381
block generation total time  3.1912307739257812
generate_dataloader_block spend   8.5493643283844
epoch,  9
pure train time  1.5920603275299072
-----------------------------------------after optimizer zero grad
 Nvidia-smi: 6.39453125 GB
    Memory Allocated: 0.09173202514648438  GigaBytes
Max Memory Allocated: 4.462661266326904  GigaBytes

----------------------------------------------------------pseudo_mini_loss sum 3.1522819995880127
Total (block generation + training)time/epoch 10.416112491062709
pure train time/epoch 1.484680700302124

num_input_list  [982846, 984161, 982793, 984534, 983133, 984419, 982232, 984514, 983788, 983890]
avg num_input_list  983631.0
