main start at this time 1701301669.71838
ogbn-arxiv
# Nodes: 169343
# Edges: 2315598
# Train: 90941
# Val: 29799
# Test: 48603
# Classes: 40

in feats:  128
random partition time  0.016506195068359375

block_gen_time in "generate_blocks_for_one_layer_block"  0.6903619766235352


block_gen_time in "generate_blocks_for_one_layer_block"  3.498995542526245

connection checking time:  3.940258026123047
block generation total time  3.498995542526245
epoch,  0
pure train time  2.300739049911499
-----------------------------------------after optimizer zero grad
 Nvidia-smi: 5.77734375 GB
    Memory Allocated: 0.08682537078857422  GigaBytes
Max Memory Allocated: 3.8076839447021484  GigaBytes

----------------------------------------------------------pseudo_mini_loss sum 4.016885280609131
random partition time  0.01533198356628418

block_gen_time in "generate_blocks_for_one_layer_block"  0.39098072052001953


block_gen_time in "generate_blocks_for_one_layer_block"  3.5363309383392334

connection checking time:  2.6481714248657227
block generation total time  3.5363309383392334
epoch,  1
pure train time  1.8493709564208984
-----------------------------------------after optimizer zero grad
 Nvidia-smi: 5.984375 GB
    Memory Allocated: 0.0863499641418457  GigaBytes
Max Memory Allocated: 3.8076839447021484  GigaBytes

----------------------------------------------------------pseudo_mini_loss sum 3.835381507873535
random partition time  0.014589786529541016

block_gen_time in "generate_blocks_for_one_layer_block"  0.6805019378662109


block_gen_time in "generate_blocks_for_one_layer_block"  3.4934961795806885

connection checking time:  3.785170555114746
block generation total time  3.4934961795806885
epoch,  2
pure train time  1.863915205001831
-----------------------------------------after optimizer zero grad
 Nvidia-smi: 5.984375 GB
    Memory Allocated: 0.08633279800415039  GigaBytes
Max Memory Allocated: 3.8266143798828125  GigaBytes

----------------------------------------------------------pseudo_mini_loss sum 3.681248664855957
loading full batch data spends  0.07211565971374512
random partition time  0.006669759750366211

block_gen_time in "generate_blocks_for_one_layer_block"  0.6867291927337646


block_gen_time in "generate_blocks_for_one_layer_block"  3.606326103210449

connection checking time:  3.9533579349517822
block generation total time  3.606326103210449
generate_dataloader_block spend   9.20747709274292
epoch,  3
pure train time  1.9297709465026855
-----------------------------------------after optimizer zero grad
 Nvidia-smi: 5.984375 GB
    Memory Allocated: 0.08701896667480469  GigaBytes
Max Memory Allocated: 3.8266143798828125  GigaBytes

----------------------------------------------------------pseudo_mini_loss sum 3.549412965774536
loading full batch data spends  0.07121729850769043
random partition time  0.015316963195800781

block_gen_time in "generate_blocks_for_one_layer_block"  0.691605806350708


block_gen_time in "generate_blocks_for_one_layer_block"  3.512226104736328

connection checking time:  3.996835708618164
block generation total time  3.512226104736328
generate_dataloader_block spend   9.40655517578125
epoch,  4
pure train time  1.747117519378662
-----------------------------------------after optimizer zero grad
 Nvidia-smi: 5.984375 GB
    Memory Allocated: 0.08693552017211914  GigaBytes
Max Memory Allocated: 3.8266143798828125  GigaBytes

----------------------------------------------------------pseudo_mini_loss sum 3.430570125579834
loading full batch data spends  0.057769060134887695
random partition time  0.01562047004699707

block_gen_time in "generate_blocks_for_one_layer_block"  0.689157247543335


block_gen_time in "generate_blocks_for_one_layer_block"  3.4783639907836914

connection checking time:  3.9580130577087402
block generation total time  3.4783639907836914
generate_dataloader_block spend   9.1723051071167
epoch,  5
pure train time  1.7827208042144775
-----------------------------------------after optimizer zero grad
 Nvidia-smi: 5.986328125 GB
    Memory Allocated: 0.08656644821166992  GigaBytes
Max Memory Allocated: 3.8266143798828125  GigaBytes

----------------------------------------------------------pseudo_mini_loss sum 3.3364710807800293
loading full batch data spends  0.059220314025878906
random partition time  0.015201568603515625

block_gen_time in "generate_blocks_for_one_layer_block"  0.6819102764129639


block_gen_time in "generate_blocks_for_one_layer_block"  3.4781715869903564

connection checking time:  3.9634878635406494
block generation total time  3.4781715869903564
generate_dataloader_block spend   9.313973426818848
epoch,  6
pure train time  1.624396800994873
-----------------------------------------after optimizer zero grad
 Nvidia-smi: 5.986328125 GB
    Memory Allocated: 0.08662128448486328  GigaBytes
Max Memory Allocated: 3.8266143798828125  GigaBytes

----------------------------------------------------------pseudo_mini_loss sum 3.2667295932769775
loading full batch data spends  0.050718069076538086
random partition time  0.014857292175292969

block_gen_time in "generate_blocks_for_one_layer_block"  0.6877703666687012


block_gen_time in "generate_blocks_for_one_layer_block"  3.491671085357666

connection checking time:  4.0145838260650635
block generation total time  3.491671085357666
generate_dataloader_block spend   9.383908748626709
epoch,  7
pure train time  1.883791208267212
-----------------------------------------after optimizer zero grad
 Nvidia-smi: 5.986328125 GB
    Memory Allocated: 0.08685016632080078  GigaBytes
Max Memory Allocated: 3.8266143798828125  GigaBytes

----------------------------------------------------------pseudo_mini_loss sum 3.2241744995117188
loading full batch data spends  0.060465097427368164
random partition time  0.015041828155517578

block_gen_time in "generate_blocks_for_one_layer_block"  0.6863765716552734


block_gen_time in "generate_blocks_for_one_layer_block"  3.4765400886535645

connection checking time:  4.013717174530029
block generation total time  3.4765400886535645
generate_dataloader_block spend   9.410231113433838
epoch,  8
pure train time  1.8240971565246582
-----------------------------------------after optimizer zero grad
 Nvidia-smi: 5.986328125 GB
    Memory Allocated: 0.08711528778076172  GigaBytes
Max Memory Allocated: 3.8266143798828125  GigaBytes

----------------------------------------------------------pseudo_mini_loss sum 3.190992593765259
loading full batch data spends  0.053797006607055664
random partition time  0.014725685119628906

block_gen_time in "generate_blocks_for_one_layer_block"  0.6865277290344238


block_gen_time in "generate_blocks_for_one_layer_block"  3.5221917629241943

connection checking time:  3.910052537918091
block generation total time  3.5221917629241943
generate_dataloader_block spend   9.303706884384155
epoch,  9
pure train time  1.9633777141571045
-----------------------------------------after optimizer zero grad
 Nvidia-smi: 5.986328125 GB
    Memory Allocated: 0.08696651458740234  GigaBytes
Max Memory Allocated: 3.8266143798828125  GigaBytes

----------------------------------------------------------pseudo_mini_loss sum 3.154226541519165
Total (block generation + training)time/epoch 11.5072295325143
pure train time/epoch 1.815676736831665

num_input_list  [1152006, 1152477, 1151383, 1152189, 1151688, 1151447, 1150171, 1152794, 1151806, 1152028]
avg num_input_list  1151798.9
