main start at this time 1701302206.96359
ogbn-arxiv
# Nodes: 169343
# Edges: 2315598
# Train: 90941
# Val: 29799
# Test: 48603
# Classes: 40

in feats:  128
random partition time  0.017186641693115234

block_gen_time in "generate_blocks_for_one_layer_block"  0.7276678085327148


block_gen_time in "generate_blocks_for_one_layer_block"  4.150388240814209

connection checking time:  5.007697820663452
block generation total time  4.150388240814209
epoch,  0
pure train time  3.346252679824829
-----------------------------------------after optimizer zero grad
 Nvidia-smi: 5.353515625 GB
    Memory Allocated: 0.07381725311279297  GigaBytes
Max Memory Allocated: 2.475407123565674  GigaBytes

----------------------------------------------------------pseudo_mini_loss sum 4.016440391540527
random partition time  0.0061492919921875

block_gen_time in "generate_blocks_for_one_layer_block"  0.3463282585144043


block_gen_time in "generate_blocks_for_one_layer_block"  4.169639825820923

connection checking time:  4.0259904861450195
block generation total time  4.169639825820923
epoch,  1
pure train time  3.029871940612793
-----------------------------------------after optimizer zero grad
 Nvidia-smi: 5.35546875 GB
    Memory Allocated: 0.07279205322265625  GigaBytes
Max Memory Allocated: 2.479397773742676  GigaBytes

----------------------------------------------------------pseudo_mini_loss sum 3.836149215698242
random partition time  0.01568913459777832

block_gen_time in "generate_blocks_for_one_layer_block"  0.69573974609375


block_gen_time in "generate_blocks_for_one_layer_block"  4.286632537841797

connection checking time:  5.0142128467559814
block generation total time  4.286632537841797
epoch,  2
pure train time  3.371009111404419
-----------------------------------------after optimizer zero grad
 Nvidia-smi: 5.361328125 GB
    Memory Allocated: 0.07386970520019531  GigaBytes
Max Memory Allocated: 2.479397773742676  GigaBytes

----------------------------------------------------------pseudo_mini_loss sum 3.681696891784668
loading full batch data spends  0.07410645484924316
random partition time  0.0156404972076416

block_gen_time in "generate_blocks_for_one_layer_block"  0.7265708446502686


block_gen_time in "generate_blocks_for_one_layer_block"  4.134935617446899

connection checking time:  5.026889085769653
block generation total time  4.134935617446899
generate_dataloader_block spend   11.123044729232788
epoch,  3
pure train time  2.9832658767700195
-----------------------------------------after optimizer zero grad
 Nvidia-smi: 5.361328125 GB
    Memory Allocated: 0.07367467880249023  GigaBytes
Max Memory Allocated: 2.48667049407959  GigaBytes

----------------------------------------------------------pseudo_mini_loss sum 3.546999216079712
loading full batch data spends  0.08395648002624512
random partition time  0.01573014259338379

block_gen_time in "generate_blocks_for_one_layer_block"  0.688840389251709


block_gen_time in "generate_blocks_for_one_layer_block"  4.13185453414917

connection checking time:  4.990092039108276
block generation total time  4.13185453414917
generate_dataloader_block spend   11.009179830551147
epoch,  4
pure train time  2.9782304763793945
-----------------------------------------after optimizer zero grad
 Nvidia-smi: 5.361328125 GB
    Memory Allocated: 0.0727229118347168  GigaBytes
Max Memory Allocated: 2.511230945587158  GigaBytes

----------------------------------------------------------pseudo_mini_loss sum 3.4337329864501953
loading full batch data spends  0.09016776084899902
random partition time  0.015572786331176758

block_gen_time in "generate_blocks_for_one_layer_block"  0.6887891292572021


block_gen_time in "generate_blocks_for_one_layer_block"  4.108597040176392

connection checking time:  5.015119791030884
block generation total time  4.108597040176392
generate_dataloader_block spend   11.023815870285034
epoch,  5
pure train time  2.9679458141326904
-----------------------------------------after optimizer zero grad
 Nvidia-smi: 5.36328125 GB
    Memory Allocated: 0.07378482818603516  GigaBytes
Max Memory Allocated: 2.511230945587158  GigaBytes

----------------------------------------------------------pseudo_mini_loss sum 3.3342459201812744
loading full batch data spends  0.08187556266784668
random partition time  0.015546560287475586

block_gen_time in "generate_blocks_for_one_layer_block"  0.7020823955535889


block_gen_time in "generate_blocks_for_one_layer_block"  4.126043796539307

connection checking time:  4.962883949279785
block generation total time  4.126043796539307
generate_dataloader_block spend   10.991268157958984
epoch,  6
pure train time  3.3247010707855225
-----------------------------------------after optimizer zero grad
 Nvidia-smi: 5.369140625 GB
    Memory Allocated: 0.07252979278564453  GigaBytes
Max Memory Allocated: 2.511230945587158  GigaBytes

----------------------------------------------------------pseudo_mini_loss sum 3.266570806503296
loading full batch data spends  0.09064173698425293
random partition time  0.015651941299438477

block_gen_time in "generate_blocks_for_one_layer_block"  0.7269182205200195


block_gen_time in "generate_blocks_for_one_layer_block"  4.114700078964233

connection checking time:  5.0493998527526855
block generation total time  4.114700078964233
generate_dataloader_block spend   11.112621545791626
epoch,  7
pure train time  2.9902098178863525
-----------------------------------------after optimizer zero grad
 Nvidia-smi: 5.369140625 GB
    Memory Allocated: 0.07360076904296875  GigaBytes
Max Memory Allocated: 2.511230945587158  GigaBytes

----------------------------------------------------------pseudo_mini_loss sum 3.229457139968872
loading full batch data spends  0.07336997985839844
random partition time  0.015688657760620117

block_gen_time in "generate_blocks_for_one_layer_block"  0.6944620609283447


block_gen_time in "generate_blocks_for_one_layer_block"  4.121173858642578

connection checking time:  4.967054843902588
block generation total time  4.121173858642578
generate_dataloader_block spend   10.984858274459839
epoch,  8
pure train time  3.0212976932525635
-----------------------------------------after optimizer zero grad
 Nvidia-smi: 5.501953125 GB
    Memory Allocated: 0.07339954376220703  GigaBytes
Max Memory Allocated: 2.5198187828063965  GigaBytes

----------------------------------------------------------pseudo_mini_loss sum 3.1926920413970947
loading full batch data spends  0.07190942764282227
random partition time  0.015192508697509766

block_gen_time in "generate_blocks_for_one_layer_block"  0.6951417922973633


block_gen_time in "generate_blocks_for_one_layer_block"  4.111517667770386

connection checking time:  5.048306465148926
block generation total time  4.111517667770386
generate_dataloader_block spend   11.064125299453735
epoch,  9
pure train time  3.0055580139160156
-----------------------------------------after optimizer zero grad
 Nvidia-smi: 5.501953125 GB
    Memory Allocated: 0.07279777526855469  GigaBytes
Max Memory Allocated: 2.5198187828063965  GigaBytes

----------------------------------------------------------pseudo_mini_loss sum 3.1545472145080566
Total (block generation + training)time/epoch 14.542573690414429
pure train time/epoch 3.061942481994629

num_input_list  [1670291, 1672858, 1669710, 1672276, 1672316, 1672986, 1668961, 1673542, 1672659, 1673220]
avg num_input_list  1671881.9
