main start at this time 1693074803.9945848
ogbn-arxiv
# Nodes: 169343
# Edges: 2315598
# Train: 90941
# Val: 29799
# Test: 48603
# Classes: 40

in feats:  128
range parition 
range partition time  0.04184293746948242
connection checking time:  2.7621817588806152
block generation total time  2.647615671157837
pure train time  4.235891819000244
-----------------------------------------after optimizer zero grad
 Nvidia-smi: 21.984375 GB
    Memory Allocated: 0.23024654388427734  GigaBytes
Max Memory Allocated: 15.237983703613281  GigaBytes

----------------------------------------------------------pseudo_mini_loss sum 3.776123523712158
range parition 
range partition time  0.024634361267089844
connection checking time:  2.717473268508911
block generation total time  2.6061034202575684
pure train time  3.8210957050323486
-----------------------------------------after optimizer zero grad
 Nvidia-smi: 21.986328125 GB
    Memory Allocated: 0.22910785675048828  GigaBytes
Max Memory Allocated: 15.237983703613281  GigaBytes

----------------------------------------------------------pseudo_mini_loss sum 3.191911220550537
range parition 
range partition time  0.024829626083374023
connection checking time:  2.7297558784484863
block generation total time  2.5861735343933105
pure train time  3.8253517150878906
-----------------------------------------after optimizer zero grad
 Nvidia-smi: 21.99609375 GB
    Memory Allocated: 0.23029661178588867  GigaBytes
Max Memory Allocated: 15.237983703613281  GigaBytes

----------------------------------------------------------pseudo_mini_loss sum 3.606472969055176
loading full batch data spends  0.057193756103515625
range parition 
range partition time  0.023431062698364258
connection checking time:  2.7360970973968506
block generation total time  2.5751280784606934
generate_dataloader_block spend   7.090152978897095
pure train time  3.826341390609741
-----------------------------------------after optimizer zero grad
 Nvidia-smi: 22.0 GB
    Memory Allocated: 0.22909784317016602  GigaBytes
Max Memory Allocated: 15.237983703613281  GigaBytes

----------------------------------------------------------pseudo_mini_loss sum 3.0810623168945312
loading full batch data spends  0.05482983589172363
range parition 
range partition time  0.024660587310791016
connection checking time:  2.695114850997925
block generation total time  2.568882942199707
generate_dataloader_block spend   7.041756868362427
pure train time  3.8409883975982666
-----------------------------------------after optimizer zero grad
 Nvidia-smi: 22.0 GB
    Memory Allocated: 0.2299647331237793  GigaBytes
Max Memory Allocated: 15.237983703613281  GigaBytes

----------------------------------------------------------pseudo_mini_loss sum 3.0668740272521973
loading full batch data spends  0.0347895622253418
range parition 
range partition time  0.021464824676513672
connection checking time:  2.7004354000091553
block generation total time  2.576794385910034
generate_dataloader_block spend   7.01544713973999
pure train time  3.8407487869262695
-----------------------------------------after optimizer zero grad
 Nvidia-smi: 22.0 GB
    Memory Allocated: 0.22959566116333008  GigaBytes
Max Memory Allocated: 15.237983703613281  GigaBytes

----------------------------------------------------------pseudo_mini_loss sum 3.067376136779785
loading full batch data spends  0.0606687068939209
range parition 
range partition time  0.0261383056640625
connection checking time:  2.709167242050171
block generation total time  2.5962464809417725
generate_dataloader_block spend   7.06991171836853
pure train time  3.8538806438446045
-----------------------------------------after optimizer zero grad
 Nvidia-smi: 22.0 GB
    Memory Allocated: 0.22964954376220703  GigaBytes
Max Memory Allocated: 15.237983703613281  GigaBytes

----------------------------------------------------------pseudo_mini_loss sum 3.030522108078003
loading full batch data spends  0.051166534423828125
range parition 
range partition time  0.02575850486755371
connection checking time:  2.736699342727661
block generation total time  2.569425344467163
generate_dataloader_block spend   7.086742639541626
pure train time  3.8724167346954346
-----------------------------------------after optimizer zero grad
 Nvidia-smi: 22.0 GB
    Memory Allocated: 0.22924470901489258  GigaBytes
Max Memory Allocated: 15.237983703613281  GigaBytes

----------------------------------------------------------pseudo_mini_loss sum 2.960421323776245
loading full batch data spends  0.05488753318786621
range parition 
range partition time  0.03887486457824707
connection checking time:  2.7948782444000244
block generation total time  2.6060028076171875
generate_dataloader_block spend   7.224092483520508
pure train time  3.8458423614501953
-----------------------------------------after optimizer zero grad
 Nvidia-smi: 22.0 GB
    Memory Allocated: 0.22958993911743164  GigaBytes
Max Memory Allocated: 15.237983703613281  GigaBytes

----------------------------------------------------------pseudo_mini_loss sum 2.870267868041992
loading full batch data spends  0.0639338493347168
range parition 
range partition time  0.027890682220458984
connection checking time:  2.7419795989990234
block generation total time  2.582303047180176
generate_dataloader_block spend   7.116403818130493
pure train time  3.8542699813842773
-----------------------------------------after optimizer zero grad
 Nvidia-smi: 22.0 GB
    Memory Allocated: 0.22879552841186523  GigaBytes
Max Memory Allocated: 15.237983703613281  GigaBytes

----------------------------------------------------------pseudo_mini_loss sum 2.7691872119903564
Total (block generation + training)time/epoch 11.85570696422032
pure train time/epoch 3.8513578176498413

mean number of num_input_list  686642.3
