main start at this time 1693074936.4851792
ogbn-arxiv
# Nodes: 169343
# Edges: 2315598
# Train: 90941
# Val: 29799
# Test: 48603
# Classes: 40

in feats:  128
range parition 
range partition time  0.03954648971557617
connection checking time:  3.059483528137207
block generation total time  2.964329957962036
pure train time  4.388859987258911
-----------------------------------------after optimizer zero grad
 Nvidia-smi: 19.283203125 GB
    Memory Allocated: 0.22551393508911133  GigaBytes
Max Memory Allocated: 13.115330219268799  GigaBytes

----------------------------------------------------------pseudo_mini_loss sum 3.7762396335601807
range parition 
range partition time  0.04012727737426758
connection checking time:  3.019707679748535
block generation total time  2.818192958831787
pure train time  3.9794228076934814
-----------------------------------------after optimizer zero grad
 Nvidia-smi: 19.283203125 GB
    Memory Allocated: 0.22538089752197266  GigaBytes
Max Memory Allocated: 13.115330219268799  GigaBytes

----------------------------------------------------------pseudo_mini_loss sum 3.1912214756011963
range parition 
range partition time  0.0266721248626709
connection checking time:  3.035128593444824
block generation total time  2.8518173694610596
pure train time  3.9690685272216797
-----------------------------------------after optimizer zero grad
 Nvidia-smi: 19.283203125 GB
    Memory Allocated: 0.22528839111328125  GigaBytes
Max Memory Allocated: 13.115330219268799  GigaBytes

----------------------------------------------------------pseudo_mini_loss sum 3.6093454360961914
loading full batch data spends  0.07079505920410156
range parition 
range partition time  0.028949737548828125
connection checking time:  3.005563259124756
block generation total time  2.8668594360351562
generate_dataloader_block spend   7.688488721847534
pure train time  4.008944272994995
-----------------------------------------after optimizer zero grad
 Nvidia-smi: 19.283203125 GB
    Memory Allocated: 0.22504949569702148  GigaBytes
Max Memory Allocated: 13.118371963500977  GigaBytes

----------------------------------------------------------pseudo_mini_loss sum 3.0810701847076416
loading full batch data spends  0.06403779983520508
range parition 
range partition time  0.02463507652282715
connection checking time:  2.9718539714813232
block generation total time  2.808262825012207
generate_dataloader_block spend   7.563479423522949
pure train time  4.0177881717681885
-----------------------------------------after optimizer zero grad
 Nvidia-smi: 19.283203125 GB
    Memory Allocated: 0.2246541976928711  GigaBytes
Max Memory Allocated: 13.118371963500977  GigaBytes

----------------------------------------------------------pseudo_mini_loss sum 3.069155693054199
loading full batch data spends  0.06714367866516113
range parition 
range partition time  0.030955076217651367
connection checking time:  2.4421310424804688
block generation total time  2.8283631801605225
generate_dataloader_block spend   6.4696269035339355
pure train time  4.01272439956665
-----------------------------------------after optimizer zero grad
 Nvidia-smi: 19.283203125 GB
    Memory Allocated: 0.2250967025756836  GigaBytes
Max Memory Allocated: 13.118371963500977  GigaBytes

----------------------------------------------------------pseudo_mini_loss sum 3.0673530101776123
loading full batch data spends  0.05587577819824219
range parition 
range partition time  0.024642467498779297
connection checking time:  3.161511182785034
block generation total time  2.94515061378479
generate_dataloader_block spend   8.00639271736145
pure train time  4.005553245544434
-----------------------------------------after optimizer zero grad
 Nvidia-smi: 19.28515625 GB
    Memory Allocated: 0.22476768493652344  GigaBytes
Max Memory Allocated: 13.118371963500977  GigaBytes

----------------------------------------------------------pseudo_mini_loss sum 3.029860734939575
loading full batch data spends  0.06441450119018555
range parition 
range partition time  0.029001951217651367
connection checking time:  3.072646141052246
block generation total time  2.8830337524414062
generate_dataloader_block spend   7.802032470703125
pure train time  4.005979299545288
-----------------------------------------after optimizer zero grad
 Nvidia-smi: 19.28515625 GB
    Memory Allocated: 0.22559738159179688  GigaBytes
Max Memory Allocated: 13.118371963500977  GigaBytes

----------------------------------------------------------pseudo_mini_loss sum 2.9606287479400635
loading full batch data spends  0.059684038162231445
range parition 
range partition time  0.02422046661376953
connection checking time:  3.037086009979248
block generation total time  2.8633108139038086
generate_dataloader_block spend   7.676253318786621
pure train time  3.9978394508361816
-----------------------------------------after optimizer zero grad
 Nvidia-smi: 19.28515625 GB
    Memory Allocated: 0.22568035125732422  GigaBytes
Max Memory Allocated: 13.118371963500977  GigaBytes

----------------------------------------------------------pseudo_mini_loss sum 2.8703484535217285
loading full batch data spends  0.061667442321777344
range parition 
range partition time  0.027616262435913086
connection checking time:  3.0069308280944824
block generation total time  2.826707363128662
generate_dataloader_block spend   7.632463693618774
pure train time  4.024734258651733
-----------------------------------------after optimizer zero grad
 Nvidia-smi: 19.28515625 GB
    Memory Allocated: 0.22466373443603516  GigaBytes
Max Memory Allocated: 13.118371963500977  GigaBytes

----------------------------------------------------------pseudo_mini_loss sum 2.7680251598358154
Total (block generation + training)time/epoch 12.537494046347481
pure train time/epoch 4.010769804318746

mean number of num_input_list  792350.6
