main start at this time 1700890217.246048
ogbn-arxiv
# Nodes: 169343
# Edges: 2315598
# Train: 90941
# Val: 29799
# Test: 48603
# Classes: 40

in feats:  128
self._in_src_feats,  128
self._in_dst_feats 128
Epoch 1, Learning Rate: 0.001
args.num_batch (main)  10
self.num_batch (get_in_degree_bucketing) 10
---||-----||-----||-----||-----||-----||-----||-----||-----||-----||-----||-----||-----||-----||-----||-----||-----||-----||-----||-----||--
self.num_batch,  10
type of fanout_dst_nids  <class 'torch.Tensor'>
self.K  10
G_BUCKET_ID_list [[16, 18, 20], [12, 19, 21], [13, 0, 22], [14, 17, 23], [5, 4], [6, 7], [3, 8], [9, 2], [11, 10], [1, 15]]
Groups_mem_list  [[855, 818, 776], [941, 802, 706], [919, 813, 715], [900, 827, 710], [1084, 1081], [1073, 1069], [1053, 1048], [1042, 1020], [995, 989], [948, 849]]
G_BUCKET_ID_list length 10
len(g_bucket_nids_list)  10
len(local_split_batches_nid_list)  10
current group_mem  2.4512982815307045
current group_mem  2.450126907824266
current group_mem  2.448856224192549
current group_mem  2.4381625240340083
current group_mem  2.1666318650203413
current group_mem  2.142738994192876
current group_mem  2.101899450980249
current group_mem  2.0631384406048907
current group_mem  1.9852075975855838
current group_mem  1.7982168886544863
batches output list generation spend  0.0013763904571533203
self.weights_list  [0.03880537931186154, 0.04359969650652621, 0.1795339835717663, 0.04077368843535919, 0.13234954530959633, 0.09306033582212643, 0.12361860986793635, 0.14099251162841842, 0.05592636984418469, 0.1513398797022245]
bkt_dst_nodes_list = self.get_in_degree_bucketing() spend:  0.01479649543762207
self.gen_batches_seeds_list(bkt_dst_nodes_list_local) spend  0.4752070903778076
num_output  90941
self.output_nids  90941
output nodes length match
global output equals  True
partition total batch output list spend :  0.8659043312072754
self.buckets_partition() spend  sec:  0.49002552032470703
check connections block*********************************

the find indices time spent  0.04569053649902344

in edges time spent  0.1766042709350586
local to global src and eids time spent  0.39659929275512695
time gen tails  0.08148193359375
res  length 10

block_gen_time in "generate_blocks_for_one_layer_block"  0.34684085845947266

----------------------------------------
check connections block*********************************

the find indices time spent  0.15497422218322754

in edges time spent  0.9102637767791748
local to global src and eids time spent  1.4340450763702393
time gen tails  0.22687745094299316
res  length 10

block_gen_time in "generate_blocks_for_one_layer_block"  1.5191357135772705

block collection to dataloader spend  1.5735626220703125e-05
step  0
step  1
step  2
step  3
step  4
step  5
step  6
step  7
step  8
step  9
-----------------------------------------after optimizer zero grad
 Nvidia-smi: 20.240234375 GB
    Memory Allocated: 0.21463680267333984  GigaBytes
Max Memory Allocated: 14.431966781616211  GigaBytes

----------------------------------------------------------pseudo_mini_loss sum 3.6835713386535645
Epoch 2, Learning Rate: 0.001
args.num_batch (main)  10
self.num_batch (get_in_degree_bucketing) 10
---||-----||-----||-----||-----||-----||-----||-----||-----||-----||-----||-----||-----||-----||-----||-----||-----||-----||-----||-----||--
self.num_batch,  10
type of fanout_dst_nids  <class 'torch.Tensor'>
self.K  10
G_BUCKET_ID_list [[16, 18, 20], [12, 19, 21], [13, 0, 22], [14, 17, 23], [5, 4], [6, 7], [3, 8], [9, 2], [11, 10], [1, 15]]
Groups_mem_list  [[855, 818, 776], [941, 802, 706], [919, 813, 715], [900, 827, 710], [1084, 1081], [1073, 1069], [1053, 1048], [1042, 1020], [995, 989], [948, 849]]
G_BUCKET_ID_list length 10
len(g_bucket_nids_list)  10
len(local_split_batches_nid_list)  10
current group_mem  2.4512982815307045
current group_mem  2.450126907824266
current group_mem  2.448856224192549
current group_mem  2.4381625240340083
current group_mem  2.1666318650203413
current group_mem  2.142738994192876
current group_mem  2.101899450980249
current group_mem  2.0631384406048907
current group_mem  1.9852075975855838
current group_mem  1.7982168886544863
batches output list generation spend  0.0005660057067871094
self.weights_list  [0.03880537931186154, 0.04359969650652621, 0.1795339835717663, 0.04077368843535919, 0.13234954530959633, 0.09306033582212643, 0.12361860986793635, 0.14099251162841842, 0.05592636984418469, 0.1513398797022245]
bkt_dst_nodes_list = self.get_in_degree_bucketing() spend:  0.014052867889404297
self.gen_batches_seeds_list(bkt_dst_nodes_list_local) spend  0.5062909126281738
num_output  90941
self.output_nids  90941
output nodes length match
global output equals  True
partition total batch output list spend :  0.8839764595031738
self.buckets_partition() spend  sec:  0.5203664302825928
check connections block*********************************

the find indices time spent  0.0427861213684082

in edges time spent  0.17180681228637695
local to global src and eids time spent  0.38930416107177734
time gen tails  0.08063912391662598
res  length 10

block_gen_time in "generate_blocks_for_one_layer_block"  0.35444021224975586

----------------------------------------
check connections block*********************************

the find indices time spent  0.1628575325012207

in edges time spent  0.9213886260986328
local to global src and eids time spent  1.3941574096679688
time gen tails  0.2151803970336914
res  length 10

block_gen_time in "generate_blocks_for_one_layer_block"  1.487297534942627

block collection to dataloader spend  1.5735626220703125e-05
step  0
step  1
step  2
step  3
step  4
step  5
step  6
step  7
step  8
step  9
-----------------------------------------after optimizer zero grad
 Nvidia-smi: 21.2421875 GB
    Memory Allocated: 0.21504545211791992  GigaBytes
Max Memory Allocated: 14.455169200897217  GigaBytes

----------------------------------------------------------pseudo_mini_loss sum 3.6775245666503906
Epoch 3, Learning Rate: 0.001
args.num_batch (main)  10
self.num_batch (get_in_degree_bucketing) 10
---||-----||-----||-----||-----||-----||-----||-----||-----||-----||-----||-----||-----||-----||-----||-----||-----||-----||-----||-----||--
self.num_batch,  10
type of fanout_dst_nids  <class 'torch.Tensor'>
self.K  10
G_BUCKET_ID_list [[16, 18, 20], [12, 19, 21], [13, 0, 22], [14, 17, 23], [5, 4], [6, 7], [3, 8], [9, 2], [11, 10], [1, 15]]
Groups_mem_list  [[855, 818, 776], [941, 802, 706], [919, 813, 715], [900, 827, 710], [1084, 1081], [1073, 1069], [1053, 1048], [1042, 1020], [995, 989], [948, 849]]
G_BUCKET_ID_list length 10
len(g_bucket_nids_list)  10
len(local_split_batches_nid_list)  10
current group_mem  2.4512982815307045
current group_mem  2.450126907824266
current group_mem  2.448856224192549
current group_mem  2.4381625240340083
current group_mem  2.1666318650203413
current group_mem  2.142738994192876
current group_mem  2.101899450980249
current group_mem  2.0631384406048907
current group_mem  1.9852075975855838
current group_mem  1.7982168886544863
batches output list generation spend  0.0004839897155761719
self.weights_list  [0.03880537931186154, 0.04359969650652621, 0.1795339835717663, 0.04077368843535919, 0.13234954530959633, 0.09306033582212643, 0.12361860986793635, 0.14099251162841842, 0.05592636984418469, 0.1513398797022245]
bkt_dst_nodes_list = self.get_in_degree_bucketing() spend:  0.01596832275390625
self.gen_batches_seeds_list(bkt_dst_nodes_list_local) spend  0.5817101001739502
num_output  90941
self.output_nids  90941
output nodes length match
global output equals  True
partition total batch output list spend :  0.9431624412536621
self.buckets_partition() spend  sec:  0.5977022647857666
check connections block*********************************

the find indices time spent  0.04405689239501953

in edges time spent  0.17178034782409668
local to global src and eids time spent  0.39119625091552734
time gen tails  0.0799260139465332
res  length 10

block_gen_time in "generate_blocks_for_one_layer_block"  0.3426544666290283

----------------------------------------
check connections block*********************************

the find indices time spent  0.1565086841583252

in edges time spent  0.9462010860443115
local to global src and eids time spent  1.1142146587371826
time gen tails  0.18219852447509766
res  length 10

block_gen_time in "generate_blocks_for_one_layer_block"  1.489039659500122

block collection to dataloader spend  1.5497207641601562e-05
generate_dataloader_block spend   6.365164756774902
step  0
step  1
step  2
step  3
step  4
step  5
step  6
step  7
step  8
step  9
-----------------------------------------after optimizer zero grad
 Nvidia-smi: 21.244140625 GB
    Memory Allocated: 0.21498584747314453  GigaBytes
Max Memory Allocated: 14.455169200897217  GigaBytes

----------------------------------------------------------pseudo_mini_loss sum 3.671812057495117
epoch time:  12.042632818222046
Epoch 4, Learning Rate: 0.001
args.num_batch (main)  10
self.num_batch (get_in_degree_bucketing) 10
---||-----||-----||-----||-----||-----||-----||-----||-----||-----||-----||-----||-----||-----||-----||-----||-----||-----||-----||-----||--
self.num_batch,  10
type of fanout_dst_nids  <class 'torch.Tensor'>
self.K  10
G_BUCKET_ID_list [[16, 18, 20], [12, 19, 21], [13, 0, 22], [14, 17, 23], [5, 4], [6, 7], [3, 8], [9, 2], [11, 10], [1, 15]]
Groups_mem_list  [[855, 818, 776], [941, 802, 706], [919, 813, 715], [900, 827, 710], [1084, 1081], [1073, 1069], [1053, 1048], [1042, 1020], [995, 989], [948, 849]]
G_BUCKET_ID_list length 10
len(g_bucket_nids_list)  10
len(local_split_batches_nid_list)  10
current group_mem  2.4512982815307045
current group_mem  2.450126907824266
current group_mem  2.448856224192549
current group_mem  2.4381625240340083
current group_mem  2.1666318650203413
current group_mem  2.142738994192876
current group_mem  2.101899450980249
current group_mem  2.0631384406048907
current group_mem  1.9852075975855838
current group_mem  1.7982168886544863
batches output list generation spend  0.00035691261291503906
self.weights_list  [0.03880537931186154, 0.04359969650652621, 0.1795339835717663, 0.04077368843535919, 0.13234954530959633, 0.09306033582212643, 0.12361860986793635, 0.14099251162841842, 0.05592636984418469, 0.1513398797022245]
bkt_dst_nodes_list = self.get_in_degree_bucketing() spend:  0.01355290412902832
self.gen_batches_seeds_list(bkt_dst_nodes_list_local) spend  0.2047111988067627
num_output  90941
self.output_nids  90941
output nodes length match
global output equals  True
partition total batch output list spend :  0.32517385482788086
self.buckets_partition() spend  sec:  0.2182788848876953
check connections block*********************************

the find indices time spent  0.025645017623901367

in edges time spent  0.10003423690795898
local to global src and eids time spent  0.14740729331970215
time gen tails  0.041268348693847656
res  length 10

block_gen_time in "generate_blocks_for_one_layer_block"  0.23439455032348633

----------------------------------------
check connections block*********************************

the find indices time spent  0.09933829307556152

in edges time spent  0.617851972579956
local to global src and eids time spent  1.4263579845428467
time gen tails  0.21775460243225098
res  length 10

block_gen_time in "generate_blocks_for_one_layer_block"  1.4839856624603271

block collection to dataloader spend  2.193450927734375e-05
generate_dataloader_block spend   5.161746978759766
step  0
step  1
step  2
step  3
step  4
step  5
step  6
step  7
step  8
step  9
-----------------------------------------after optimizer zero grad
 Nvidia-smi: 21.244140625 GB
    Memory Allocated: 0.21570587158203125  GigaBytes
Max Memory Allocated: 14.455169200897217  GigaBytes

----------------------------------------------------------pseudo_mini_loss sum 3.665996789932251
epoch time:  10.970250606536865
Epoch 5, Learning Rate: 0.001
args.num_batch (main)  10
self.num_batch (get_in_degree_bucketing) 10
---||-----||-----||-----||-----||-----||-----||-----||-----||-----||-----||-----||-----||-----||-----||-----||-----||-----||-----||-----||--
self.num_batch,  10
type of fanout_dst_nids  <class 'torch.Tensor'>
self.K  10
G_BUCKET_ID_list [[16, 18, 20], [12, 19, 21], [13, 0, 22], [14, 17, 23], [5, 4], [6, 7], [3, 8], [9, 2], [11, 10], [1, 15]]
Groups_mem_list  [[855, 818, 776], [941, 802, 706], [919, 813, 715], [900, 827, 710], [1084, 1081], [1073, 1069], [1053, 1048], [1042, 1020], [995, 989], [948, 849]]
G_BUCKET_ID_list length 10
len(g_bucket_nids_list)  10
len(local_split_batches_nid_list)  10
current group_mem  2.4512982815307045
current group_mem  2.450126907824266
current group_mem  2.448856224192549
current group_mem  2.4381625240340083
current group_mem  2.1666318650203413
current group_mem  2.142738994192876
current group_mem  2.101899450980249
current group_mem  2.0631384406048907
current group_mem  1.9852075975855838
current group_mem  1.7982168886544863
batches output list generation spend  0.00048661231994628906
self.weights_list  [0.03880537931186154, 0.04359969650652621, 0.1795339835717663, 0.04077368843535919, 0.13234954530959633, 0.09306033582212643, 0.12361860986793635, 0.14099251162841842, 0.05592636984418469, 0.1513398797022245]
bkt_dst_nodes_list = self.get_in_degree_bucketing() spend:  0.016032934188842773
self.gen_batches_seeds_list(bkt_dst_nodes_list_local) spend  0.5807640552520752
num_output  90941
self.output_nids  90941
output nodes length match
global output equals  True
partition total batch output list spend :  0.9387483596801758
self.buckets_partition() spend  sec:  0.5968203544616699
check connections block*********************************

the find indices time spent  0.04457449913024902

in edges time spent  0.17134356498718262
local to global src and eids time spent  0.38645076751708984
time gen tails  0.08001351356506348
res  length 10

block_gen_time in "generate_blocks_for_one_layer_block"  0.34387946128845215

----------------------------------------
check connections block*********************************

the find indices time spent  0.1543874740600586

in edges time spent  0.8687033653259277
local to global src and eids time spent  1.3965771198272705
time gen tails  0.21634960174560547
res  length 10

block_gen_time in "generate_blocks_for_one_layer_block"  1.4671032428741455

block collection to dataloader spend  1.621246337890625e-05
generate_dataloader_block spend   6.57991361618042
step  0
step  1
step  2
step  3
step  4
step  5
step  6
step  7
step  8
step  9
-----------------------------------------after optimizer zero grad
 Nvidia-smi: 21.244140625 GB
    Memory Allocated: 0.21465587615966797  GigaBytes
Max Memory Allocated: 14.455169200897217  GigaBytes

----------------------------------------------------------pseudo_mini_loss sum 3.6599137783050537
epoch time:  12.35696816444397
Epoch 6, Learning Rate: 0.001
args.num_batch (main)  10
self.num_batch (get_in_degree_bucketing) 10
---||-----||-----||-----||-----||-----||-----||-----||-----||-----||-----||-----||-----||-----||-----||-----||-----||-----||-----||-----||--
self.num_batch,  10
type of fanout_dst_nids  <class 'torch.Tensor'>
self.K  10
G_BUCKET_ID_list [[16, 18, 20], [12, 19, 21], [13, 0, 22], [14, 17, 23], [5, 4], [6, 7], [3, 8], [9, 2], [11, 10], [1, 15]]
Groups_mem_list  [[855, 818, 776], [941, 802, 706], [919, 813, 715], [900, 827, 710], [1084, 1081], [1073, 1069], [1053, 1048], [1042, 1020], [995, 989], [948, 849]]
G_BUCKET_ID_list length 10
len(g_bucket_nids_list)  10
len(local_split_batches_nid_list)  10
current group_mem  2.4512982815307045
current group_mem  2.450126907824266
current group_mem  2.448856224192549
current group_mem  2.4381625240340083
current group_mem  2.1666318650203413
current group_mem  2.142738994192876
current group_mem  2.101899450980249
current group_mem  2.0631384406048907
current group_mem  1.9852075975855838
current group_mem  1.7982168886544863
batches output list generation spend  0.0004954338073730469
self.weights_list  [0.03880537931186154, 0.04359969650652621, 0.1795339835717663, 0.04077368843535919, 0.13234954530959633, 0.09306033582212643, 0.12361860986793635, 0.14099251162841842, 0.05592636984418469, 0.1513398797022245]
bkt_dst_nodes_list = self.get_in_degree_bucketing() spend:  0.015009164810180664
self.gen_batches_seeds_list(bkt_dst_nodes_list_local) spend  0.5358293056488037
num_output  90941
self.output_nids  90941
output nodes length match
global output equals  True
partition total batch output list spend :  0.8952784538269043
self.buckets_partition() spend  sec:  0.5509495735168457
check connections block*********************************

the find indices time spent  0.04330563545227051

in edges time spent  0.1701805591583252
local to global src and eids time spent  0.4063286781311035
time gen tails  0.07886505126953125
res  length 10

block_gen_time in "generate_blocks_for_one_layer_block"  0.352402925491333

----------------------------------------
check connections block*********************************

the find indices time spent  0.1579289436340332

in edges time spent  0.8412482738494873
local to global src and eids time spent  1.3817026615142822
time gen tails  0.21363377571105957
res  length 10

block_gen_time in "generate_blocks_for_one_layer_block"  1.4742889404296875

block collection to dataloader spend  1.6927719116210938e-05
generate_dataloader_block spend   6.523221015930176
step  0
step  1
step  2
step  3
step  4
step  5
step  6
step  7
step  8
step  9
-----------------------------------------after optimizer zero grad
 Nvidia-smi: 21.244140625 GB
    Memory Allocated: 0.21552371978759766  GigaBytes
Max Memory Allocated: 14.455169200897217  GigaBytes

----------------------------------------------------------pseudo_mini_loss sum 3.653144121170044
epoch time:  12.34156584739685
Epoch 7, Learning Rate: 0.001
args.num_batch (main)  10
self.num_batch (get_in_degree_bucketing) 10
---||-----||-----||-----||-----||-----||-----||-----||-----||-----||-----||-----||-----||-----||-----||-----||-----||-----||-----||-----||--
self.num_batch,  10
type of fanout_dst_nids  <class 'torch.Tensor'>
self.K  10
G_BUCKET_ID_list [[16, 18, 20], [12, 19, 21], [13, 0, 22], [14, 17, 23], [5, 4], [6, 7], [3, 8], [9, 2], [11, 10], [1, 15]]
Groups_mem_list  [[855, 818, 776], [941, 802, 706], [919, 813, 715], [900, 827, 710], [1084, 1081], [1073, 1069], [1053, 1048], [1042, 1020], [995, 989], [948, 849]]
G_BUCKET_ID_list length 10
len(g_bucket_nids_list)  10
len(local_split_batches_nid_list)  10
current group_mem  2.4512982815307045
current group_mem  2.450126907824266
current group_mem  2.448856224192549
current group_mem  2.4381625240340083
current group_mem  2.1666318650203413
current group_mem  2.142738994192876
current group_mem  2.101899450980249
current group_mem  2.0631384406048907
current group_mem  1.9852075975855838
current group_mem  1.7982168886544863
batches output list generation spend  0.0004971027374267578
self.weights_list  [0.03880537931186154, 0.04359969650652621, 0.1795339835717663, 0.04077368843535919, 0.13234954530959633, 0.09306033582212643, 0.12361860986793635, 0.14099251162841842, 0.05592636984418469, 0.1513398797022245]
bkt_dst_nodes_list = self.get_in_degree_bucketing() spend:  0.015269994735717773
self.gen_batches_seeds_list(bkt_dst_nodes_list_local) spend  0.5801675319671631
num_output  90941
self.output_nids  90941
output nodes length match
global output equals  True
partition total batch output list spend :  0.9396226406097412
self.buckets_partition() spend  sec:  0.5954618453979492
check connections block*********************************

the find indices time spent  0.04457545280456543

in edges time spent  0.1794881820678711
local to global src and eids time spent  0.40722012519836426
time gen tails  0.07979154586791992
res  length 10

block_gen_time in "generate_blocks_for_one_layer_block"  0.3514537811279297

----------------------------------------
check connections block*********************************

the find indices time spent  0.15600943565368652

in edges time spent  0.8913414478302002
local to global src and eids time spent  1.437272310256958
time gen tails  0.18976283073425293
res  length 10

block_gen_time in "generate_blocks_for_one_layer_block"  1.4944860935211182

block collection to dataloader spend  2.384185791015625e-05
generate_dataloader_block spend   6.6911211013793945
step  0
step  1
step  2
step  3
step  4
step  5
step  6
step  7
step  8
step  9
-----------------------------------------after optimizer zero grad
 Nvidia-smi: 21.244140625 GB
    Memory Allocated: 0.21726655960083008  GigaBytes
Max Memory Allocated: 14.456456661224365  GigaBytes

----------------------------------------------------------pseudo_mini_loss sum 3.6453073024749756
epoch time:  12.45281195640564
Epoch 8, Learning Rate: 0.001
args.num_batch (main)  10
self.num_batch (get_in_degree_bucketing) 10
---||-----||-----||-----||-----||-----||-----||-----||-----||-----||-----||-----||-----||-----||-----||-----||-----||-----||-----||-----||--
self.num_batch,  10
type of fanout_dst_nids  <class 'torch.Tensor'>
self.K  10
G_BUCKET_ID_list [[16, 18, 20], [12, 19, 21], [13, 0, 22], [14, 17, 23], [5, 4], [6, 7], [3, 8], [9, 2], [11, 10], [1, 15]]
Groups_mem_list  [[855, 818, 776], [941, 802, 706], [919, 813, 715], [900, 827, 710], [1084, 1081], [1073, 1069], [1053, 1048], [1042, 1020], [995, 989], [948, 849]]
G_BUCKET_ID_list length 10
len(g_bucket_nids_list)  10
len(local_split_batches_nid_list)  10
current group_mem  2.4512982815307045
current group_mem  2.450126907824266
current group_mem  2.448856224192549
current group_mem  2.4381625240340083
current group_mem  2.1666318650203413
current group_mem  2.142738994192876
current group_mem  2.101899450980249
current group_mem  2.0631384406048907
current group_mem  1.9852075975855838
current group_mem  1.7982168886544863
batches output list generation spend  0.0005452632904052734
self.weights_list  [0.03880537931186154, 0.04359969650652621, 0.1795339835717663, 0.04077368843535919, 0.13234954530959633, 0.09306033582212643, 0.12361860986793635, 0.14099251162841842, 0.05592636984418469, 0.1513398797022245]
bkt_dst_nodes_list = self.get_in_degree_bucketing() spend:  0.014709949493408203
self.gen_batches_seeds_list(bkt_dst_nodes_list_local) spend  0.5724122524261475
num_output  90941
self.output_nids  90941
output nodes length match
global output equals  True
partition total batch output list spend :  0.928999662399292
self.buckets_partition() spend  sec:  0.587151288986206
check connections block*********************************

the find indices time spent  0.04736971855163574

in edges time spent  0.17384791374206543
local to global src and eids time spent  0.3870875835418701
time gen tails  0.0805349349975586
res  length 10

block_gen_time in "generate_blocks_for_one_layer_block"  0.34332823753356934

----------------------------------------
check connections block*********************************

the find indices time spent  0.15752077102661133

in edges time spent  0.8575611114501953
local to global src and eids time spent  1.3894953727722168
time gen tails  0.22008514404296875
res  length 10

block_gen_time in "generate_blocks_for_one_layer_block"  1.4915952682495117

block collection to dataloader spend  1.5974044799804688e-05
generate_dataloader_block spend   6.597606897354126
step  0
step  1
step  2
step  3
step  4
step  5
step  6
step  7
step  8
step  9
-----------------------------------------after optimizer zero grad
 Nvidia-smi: 21.244140625 GB
    Memory Allocated: 0.21604156494140625  GigaBytes
Max Memory Allocated: 14.456456661224365  GigaBytes

----------------------------------------------------------pseudo_mini_loss sum 3.636665105819702
epoch time:  12.409457206726074
Epoch 9, Learning Rate: 0.001
args.num_batch (main)  10
self.num_batch (get_in_degree_bucketing) 10
---||-----||-----||-----||-----||-----||-----||-----||-----||-----||-----||-----||-----||-----||-----||-----||-----||-----||-----||-----||--
self.num_batch,  10
type of fanout_dst_nids  <class 'torch.Tensor'>
self.K  10
G_BUCKET_ID_list [[16, 18, 20], [12, 19, 21], [13, 0, 22], [14, 17, 23], [5, 4], [6, 7], [3, 8], [9, 2], [11, 10], [1, 15]]
Groups_mem_list  [[855, 818, 776], [941, 802, 706], [919, 813, 715], [900, 827, 710], [1084, 1081], [1073, 1069], [1053, 1048], [1042, 1020], [995, 989], [948, 849]]
G_BUCKET_ID_list length 10
len(g_bucket_nids_list)  10
len(local_split_batches_nid_list)  10
current group_mem  2.4512982815307045
current group_mem  2.450126907824266
current group_mem  2.448856224192549
current group_mem  2.4381625240340083
current group_mem  2.1666318650203413
current group_mem  2.142738994192876
current group_mem  2.101899450980249
current group_mem  2.0631384406048907
current group_mem  1.9852075975855838
current group_mem  1.7982168886544863
batches output list generation spend  0.0005729198455810547
self.weights_list  [0.03880537931186154, 0.04359969650652621, 0.1795339835717663, 0.04077368843535919, 0.13234954530959633, 0.09306033582212643, 0.12361860986793635, 0.14099251162841842, 0.05592636984418469, 0.1513398797022245]
bkt_dst_nodes_list = self.get_in_degree_bucketing() spend:  0.015123367309570312
self.gen_batches_seeds_list(bkt_dst_nodes_list_local) spend  0.4626119136810303
num_output  90941
self.output_nids  90941
output nodes length match
global output equals  True
partition total batch output list spend :  0.8185889720916748
self.buckets_partition() spend  sec:  0.47775864601135254
check connections block*********************************

the find indices time spent  0.044725656509399414

in edges time spent  0.17216229438781738
local to global src and eids time spent  0.3862447738647461
time gen tails  0.07917475700378418
res  length 10

block_gen_time in "generate_blocks_for_one_layer_block"  0.3418605327606201

----------------------------------------
check connections block*********************************

the find indices time spent  0.1590428352355957

in edges time spent  0.842379093170166
local to global src and eids time spent  1.4001116752624512
time gen tails  0.21438026428222656
res  length 10

block_gen_time in "generate_blocks_for_one_layer_block"  1.500993251800537

block collection to dataloader spend  1.621246337890625e-05
generate_dataloader_block spend   6.467752933502197
step  0
step  1
step  2
step  3
step  4
step  5
step  6
step  7
step  8
step  9
-----------------------------------------after optimizer zero grad
 Nvidia-smi: 21.244140625 GB
    Memory Allocated: 0.21450281143188477  GigaBytes
Max Memory Allocated: 14.456456661224365  GigaBytes

----------------------------------------------------------pseudo_mini_loss sum 3.626272439956665
epoch time:  12.287124872207642
Epoch 10, Learning Rate: 0.001
args.num_batch (main)  10
self.num_batch (get_in_degree_bucketing) 10
---||-----||-----||-----||-----||-----||-----||-----||-----||-----||-----||-----||-----||-----||-----||-----||-----||-----||-----||-----||--
self.num_batch,  10
type of fanout_dst_nids  <class 'torch.Tensor'>
self.K  10
G_BUCKET_ID_list [[16, 18, 20], [12, 19, 21], [13, 0, 22], [14, 17, 23], [5, 4], [6, 7], [3, 8], [9, 2], [11, 10], [1, 15]]
Groups_mem_list  [[855, 818, 776], [941, 802, 706], [919, 813, 715], [900, 827, 710], [1084, 1081], [1073, 1069], [1053, 1048], [1042, 1020], [995, 989], [948, 849]]
G_BUCKET_ID_list length 10
len(g_bucket_nids_list)  10
len(local_split_batches_nid_list)  10
current group_mem  2.4512982815307045
current group_mem  2.450126907824266
current group_mem  2.448856224192549
current group_mem  2.4381625240340083
current group_mem  2.1666318650203413
current group_mem  2.142738994192876
current group_mem  2.101899450980249
current group_mem  2.0631384406048907
current group_mem  1.9852075975855838
current group_mem  1.7982168886544863
batches output list generation spend  0.0004837512969970703
self.weights_list  [0.03880537931186154, 0.04359969650652621, 0.1795339835717663, 0.04077368843535919, 0.13234954530959633, 0.09306033582212643, 0.12361860986793635, 0.14099251162841842, 0.05592636984418469, 0.1513398797022245]
bkt_dst_nodes_list = self.get_in_degree_bucketing() spend:  0.017739534378051758
self.gen_batches_seeds_list(bkt_dst_nodes_list_local) spend  0.537036657333374
num_output  90941
self.output_nids  90941
output nodes length match
global output equals  True
partition total batch output list spend :  0.8993241786956787
self.buckets_partition() spend  sec:  0.5548000335693359
check connections block*********************************

the find indices time spent  0.043340444564819336

in edges time spent  0.16579818725585938
local to global src and eids time spent  0.3843502998352051
time gen tails  0.07796597480773926
res  length 10

block_gen_time in "generate_blocks_for_one_layer_block"  0.35487985610961914

----------------------------------------
check connections block*********************************

the find indices time spent  0.1576676368713379

in edges time spent  0.8364441394805908
local to global src and eids time spent  1.4185912609100342
time gen tails  0.21870684623718262
res  length 10

block_gen_time in "generate_blocks_for_one_layer_block"  1.4960262775421143

block collection to dataloader spend  1.71661376953125e-05
generate_dataloader_block spend   6.577544450759888
step  0
step  1
step  2
step  3
step  4
step  5
step  6
step  7
step  8
step  9
-----------------------------------------after optimizer zero grad
 Nvidia-smi: 21.244140625 GB
    Memory Allocated: 0.21728849411010742  GigaBytes
Max Memory Allocated: 14.456456661224365  GigaBytes

----------------------------------------------------------pseudo_mini_loss sum 3.61308217048645
epoch time:  12.392806053161621
Total (block generation + training)time/epoch 12.156701534986496
pure train time/epoch 2.400224049886068

num_input_list  [1119262, 1120366, 1119328, 1119936, 1118946, 1119298, 1118196, 1120291, 1119244, 1120652]
