main start at this time 1700891969.715877
ogbn-arxiv
# Nodes: 169343
# Edges: 2315598
# Train: 90941
# Val: 29799
# Test: 48603
# Classes: 40

in feats:  128
self._in_src_feats,  128
self._in_dst_feats 128
Epoch 1, Learning Rate: 0.001
args.num_batch (main)  18
self.num_batch (get_in_degree_bucketing) 18
---||-----||-----||-----||-----||-----||-----||-----||-----||-----||-----||-----||-----||-----||-----||-----||-----||-----||-----||-----||--
self.num_batch,  18
type of fanout_dst_nids  <class 'torch.Tensor'>
self.K  18
G_BUCKET_ID_list [[12, 21], [17, 18], [13, 22], [16, 20], [0, 19], [14, 23], [5], [4], [6], [7], [3], [8], [9], [2], [11], [10], [1], [15]]
Groups_mem_list  [[941, 706], [827, 818], [919, 715], [855, 776], [813, 802], [900, 710], [1084], [1081], [1073], [1069], [1053], [1048], [1042], [1020], [995], [989], [948], [849], [849]]
G_BUCKET_ID_list length 18
len(g_bucket_nids_list)  18
len(local_split_batches_nid_list)  18
current group_mem  1.6480545765871821
current group_mem  1.6456759871666888
current group_mem  1.6351812974347366
current group_mem  1.6326820573428713
current group_mem  1.6157472579948964
current group_mem  1.6111027610551527
current group_mem  1.084757384115296
current group_mem  1.0818744809050456
current group_mem  1.0731104791436792
current group_mem  1.069628515049197
current group_mem  1.0538952284680039
current group_mem  1.0480042225122452
current group_mem  1.0424392025159752
current group_mem  1.0206992380889157
current group_mem  0.9953236727234502
current group_mem  0.9898839248621336
current group_mem  0.9482579950540875
current group_mem  0.8499588936003988
batches output list generation spend  0.0013267993927001953
self.weights_list  [0.030107432291265765, 0.025401084219438978, 0.027259431939389275, 0.024994227026313764, 0.16231402777625054, 0.02573096843008104, 0.05931318107344322, 0.07420195511375507, 0.050263357561495914, 0.04396256913823248, 0.08627571722325464, 0.03850848352228368, 0.0343629386085484, 0.10779516389747199, 0.027083493693713507, 0.030008467028073145, 0.13450478881912448, 0.01791271263786411]
bkt_dst_nodes_list = self.get_in_degree_bucketing() spend:  0.014595985412597656
self.gen_batches_seeds_list(bkt_dst_nodes_list_local) spend  0.4492981433868408
num_output  90941
self.output_nids  90941
output nodes length match
global output equals  True
partition total batch output list spend :  1.1125593185424805
self.buckets_partition() spend  sec:  0.4639153480529785
check connections block*********************************

the find indices time spent  0.0436704158782959

in edges time spent  0.166304349899292
local to global src and eids time spent  0.42261648178100586
time gen tails  0.0903933048248291
res  length 18

block_gen_time in "generate_blocks_for_one_layer_block"  0.35678791999816895

----------------------------------------
check connections block*********************************

the find indices time spent  0.1838076114654541

in edges time spent  1.0340349674224854
local to global src and eids time spent  1.804732322692871
time gen tails  0.2964010238647461
res  length 18

block_gen_time in "generate_blocks_for_one_layer_block"  1.880445957183838

block collection to dataloader spend  3.62396240234375e-05
step  0
step  1
step  2
step  3
step  4
step  5
step  6
step  7
step  8
step  9
step  10
step  11
step  12
step  13
step  14
step  15
step  16
step  17
-----------------------------------------after optimizer zero grad
 Nvidia-smi: 13.216796875 GB
    Memory Allocated: 0.21170616149902344  GigaBytes
Max Memory Allocated: 9.689865112304688  GigaBytes

----------------------------------------------------------pseudo_mini_loss sum 3.6835618019104004
Epoch 2, Learning Rate: 0.001
args.num_batch (main)  18
self.num_batch (get_in_degree_bucketing) 18
---||-----||-----||-----||-----||-----||-----||-----||-----||-----||-----||-----||-----||-----||-----||-----||-----||-----||-----||-----||--
self.num_batch,  18
type of fanout_dst_nids  <class 'torch.Tensor'>
self.K  18
G_BUCKET_ID_list [[12, 21], [17, 18], [13, 22], [16, 20], [0, 19], [14, 23], [5], [4], [6], [7], [3], [8], [9], [2], [11], [10], [1], [15]]
Groups_mem_list  [[941, 706], [827, 818], [919, 715], [855, 776], [813, 802], [900, 710], [1084], [1081], [1073], [1069], [1053], [1048], [1042], [1020], [995], [989], [948], [849], [849]]
G_BUCKET_ID_list length 18
len(g_bucket_nids_list)  18
len(local_split_batches_nid_list)  18
current group_mem  1.6480545765871821
current group_mem  1.6456759871666888
current group_mem  1.6351812974347366
current group_mem  1.6326820573428713
current group_mem  1.6157472579948964
current group_mem  1.6111027610551527
current group_mem  1.084757384115296
current group_mem  1.0818744809050456
current group_mem  1.0731104791436792
current group_mem  1.069628515049197
current group_mem  1.0538952284680039
current group_mem  1.0480042225122452
current group_mem  1.0424392025159752
current group_mem  1.0206992380889157
current group_mem  0.9953236727234502
current group_mem  0.9898839248621336
current group_mem  0.9482579950540875
current group_mem  0.8499588936003988
batches output list generation spend  0.0007646083831787109
self.weights_list  [0.030107432291265765, 0.025401084219438978, 0.027259431939389275, 0.024994227026313764, 0.16231402777625054, 0.02573096843008104, 0.05931318107344322, 0.07420195511375507, 0.050263357561495914, 0.04396256913823248, 0.08627571722325464, 0.03850848352228368, 0.0343629386085484, 0.10779516389747199, 0.027083493693713507, 0.030008467028073145, 0.13450478881912448, 0.01791271263786411]
bkt_dst_nodes_list = self.get_in_degree_bucketing() spend:  0.017427921295166016
self.gen_batches_seeds_list(bkt_dst_nodes_list_local) spend  0.4845867156982422
num_output  90941
self.output_nids  90941
output nodes length match
global output equals  True
partition total batch output list spend :  1.137695550918579
self.buckets_partition() spend  sec:  0.5020370483398438
check connections block*********************************

the find indices time spent  0.04709005355834961

in edges time spent  0.18088626861572266
local to global src and eids time spent  0.4356670379638672
time gen tails  0.09369754791259766
res  length 18

block_gen_time in "generate_blocks_for_one_layer_block"  0.36307215690612793

----------------------------------------
check connections block*********************************

the find indices time spent  0.1762251853942871

in edges time spent  1.070481777191162
local to global src and eids time spent  1.3364343643188477
time gen tails  0.27027392387390137
res  length 18

block_gen_time in "generate_blocks_for_one_layer_block"  1.831758975982666

block collection to dataloader spend  2.5272369384765625e-05
step  0
step  1
step  2
step  3
step  4
step  5
step  6
step  7
step  8
step  9
step  10
step  11
step  12
step  13
step  14
step  15
step  16
step  17
-----------------------------------------after optimizer zero grad
 Nvidia-smi: 13.216796875 GB
    Memory Allocated: 0.21056795120239258  GigaBytes
Max Memory Allocated: 9.696108341217041  GigaBytes

----------------------------------------------------------pseudo_mini_loss sum 3.6775243282318115
Epoch 3, Learning Rate: 0.001
args.num_batch (main)  18
self.num_batch (get_in_degree_bucketing) 18
---||-----||-----||-----||-----||-----||-----||-----||-----||-----||-----||-----||-----||-----||-----||-----||-----||-----||-----||-----||--
self.num_batch,  18
type of fanout_dst_nids  <class 'torch.Tensor'>
self.K  18
G_BUCKET_ID_list [[12, 21], [17, 18], [13, 22], [16, 20], [0, 19], [14, 23], [5], [4], [6], [7], [3], [8], [9], [2], [11], [10], [1], [15]]
Groups_mem_list  [[941, 706], [827, 818], [919, 715], [855, 776], [813, 802], [900, 710], [1084], [1081], [1073], [1069], [1053], [1048], [1042], [1020], [995], [989], [948], [849], [849]]
G_BUCKET_ID_list length 18
len(g_bucket_nids_list)  18
len(local_split_batches_nid_list)  18
current group_mem  1.6480545765871821
current group_mem  1.6456759871666888
current group_mem  1.6351812974347366
current group_mem  1.6326820573428713
current group_mem  1.6157472579948964
current group_mem  1.6111027610551527
current group_mem  1.084757384115296
current group_mem  1.0818744809050456
current group_mem  1.0731104791436792
current group_mem  1.069628515049197
current group_mem  1.0538952284680039
current group_mem  1.0480042225122452
current group_mem  1.0424392025159752
current group_mem  1.0206992380889157
current group_mem  0.9953236727234502
current group_mem  0.9898839248621336
current group_mem  0.9482579950540875
current group_mem  0.8499588936003988
batches output list generation spend  0.0008094310760498047
self.weights_list  [0.030107432291265765, 0.025401084219438978, 0.027259431939389275, 0.024994227026313764, 0.16231402777625054, 0.02573096843008104, 0.05931318107344322, 0.07420195511375507, 0.050263357561495914, 0.04396256913823248, 0.08627571722325464, 0.03850848352228368, 0.0343629386085484, 0.10779516389747199, 0.027083493693713507, 0.030008467028073145, 0.13450478881912448, 0.01791271263786411]
bkt_dst_nodes_list = self.get_in_degree_bucketing() spend:  0.017145872116088867
self.gen_batches_seeds_list(bkt_dst_nodes_list_local) spend  0.5555579662322998
num_output  90941
self.output_nids  90941
output nodes length match
global output equals  True
partition total batch output list spend :  1.1707375049591064
self.buckets_partition() spend  sec:  0.572728157043457
check connections block*********************************

the find indices time spent  0.04452037811279297

in edges time spent  0.17653989791870117
local to global src and eids time spent  0.4305546283721924
time gen tails  0.08898353576660156
res  length 18

block_gen_time in "generate_blocks_for_one_layer_block"  0.35430145263671875

----------------------------------------
check connections block*********************************

the find indices time spent  0.18468594551086426

in edges time spent  1.0619590282440186
local to global src and eids time spent  1.7449886798858643
time gen tails  0.26012611389160156
res  length 18

block_gen_time in "generate_blocks_for_one_layer_block"  1.7945218086242676

block collection to dataloader spend  3.266334533691406e-05
generate_dataloader_block spend   7.925926923751831
step  0
step  1
step  2
step  3
step  4
step  5
step  6
step  7
step  8
step  9
step  10
step  11
step  12
step  13
step  14
step  15
step  16
step  17
-----------------------------------------after optimizer zero grad
 Nvidia-smi: 13.216796875 GB
    Memory Allocated: 0.21336889266967773  GigaBytes
Max Memory Allocated: 9.724350452423096  GigaBytes

----------------------------------------------------------pseudo_mini_loss sum 3.671861410140991
epoch time:  14.760719299316406
Epoch 4, Learning Rate: 0.001
args.num_batch (main)  18
self.num_batch (get_in_degree_bucketing) 18
---||-----||-----||-----||-----||-----||-----||-----||-----||-----||-----||-----||-----||-----||-----||-----||-----||-----||-----||-----||--
self.num_batch,  18
type of fanout_dst_nids  <class 'torch.Tensor'>
self.K  18
G_BUCKET_ID_list [[12, 21], [17, 18], [13, 22], [16, 20], [0, 19], [14, 23], [5], [4], [6], [7], [3], [8], [9], [2], [11], [10], [1], [15]]
Groups_mem_list  [[941, 706], [827, 818], [919, 715], [855, 776], [813, 802], [900, 710], [1084], [1081], [1073], [1069], [1053], [1048], [1042], [1020], [995], [989], [948], [849], [849]]
G_BUCKET_ID_list length 18
len(g_bucket_nids_list)  18
len(local_split_batches_nid_list)  18
current group_mem  1.6480545765871821
current group_mem  1.6456759871666888
current group_mem  1.6351812974347366
current group_mem  1.6326820573428713
current group_mem  1.6157472579948964
current group_mem  1.6111027610551527
current group_mem  1.084757384115296
current group_mem  1.0818744809050456
current group_mem  1.0731104791436792
current group_mem  1.069628515049197
current group_mem  1.0538952284680039
current group_mem  1.0480042225122452
current group_mem  1.0424392025159752
current group_mem  1.0206992380889157
current group_mem  0.9953236727234502
current group_mem  0.9898839248621336
current group_mem  0.9482579950540875
current group_mem  0.8499588936003988
batches output list generation spend  0.0007076263427734375
self.weights_list  [0.030107432291265765, 0.025401084219438978, 0.027259431939389275, 0.024994227026313764, 0.16231402777625054, 0.02573096843008104, 0.05931318107344322, 0.07420195511375507, 0.050263357561495914, 0.04396256913823248, 0.08627571722325464, 0.03850848352228368, 0.0343629386085484, 0.10779516389747199, 0.027083493693713507, 0.030008467028073145, 0.13450478881912448, 0.01791271263786411]
bkt_dst_nodes_list = self.get_in_degree_bucketing() spend:  0.017741918563842773
self.gen_batches_seeds_list(bkt_dst_nodes_list_local) spend  0.5295042991638184
num_output  90941
self.output_nids  90941
output nodes length match
global output equals  True
partition total batch output list spend :  1.0345373153686523
self.buckets_partition() spend  sec:  0.5472726821899414
check connections block*********************************

the find indices time spent  0.046439409255981445

in edges time spent  0.17734169960021973
local to global src and eids time spent  0.42781949043273926
time gen tails  0.09000682830810547
res  length 18

block_gen_time in "generate_blocks_for_one_layer_block"  0.35958266258239746

----------------------------------------
check connections block*********************************

the find indices time spent  0.17499065399169922

in edges time spent  1.0574584007263184
local to global src and eids time spent  1.8231706619262695
time gen tails  0.2984426021575928
res  length 18

block_gen_time in "generate_blocks_for_one_layer_block"  1.7549703121185303

block collection to dataloader spend  3.361701965332031e-05
generate_dataloader_block spend   7.862009525299072
step  0
step  1
step  2
step  3
step  4
step  5
step  6
step  7
step  8
step  9
step  10
step  11
step  12
step  13
step  14
step  15
step  16
step  17
-----------------------------------------after optimizer zero grad
 Nvidia-smi: 13.216796875 GB
    Memory Allocated: 0.21523189544677734  GigaBytes
Max Memory Allocated: 9.724350452423096  GigaBytes

----------------------------------------------------------pseudo_mini_loss sum 3.6660332679748535
epoch time:  14.94968032836914
Epoch 5, Learning Rate: 0.001
args.num_batch (main)  18
self.num_batch (get_in_degree_bucketing) 18
---||-----||-----||-----||-----||-----||-----||-----||-----||-----||-----||-----||-----||-----||-----||-----||-----||-----||-----||-----||--
self.num_batch,  18
type of fanout_dst_nids  <class 'torch.Tensor'>
self.K  18
G_BUCKET_ID_list [[12, 21], [17, 18], [13, 22], [16, 20], [0, 19], [14, 23], [5], [4], [6], [7], [3], [8], [9], [2], [11], [10], [1], [15]]
Groups_mem_list  [[941, 706], [827, 818], [919, 715], [855, 776], [813, 802], [900, 710], [1084], [1081], [1073], [1069], [1053], [1048], [1042], [1020], [995], [989], [948], [849], [849]]
G_BUCKET_ID_list length 18
len(g_bucket_nids_list)  18
len(local_split_batches_nid_list)  18
current group_mem  1.6480545765871821
current group_mem  1.6456759871666888
current group_mem  1.6351812974347366
current group_mem  1.6326820573428713
current group_mem  1.6157472579948964
current group_mem  1.6111027610551527
current group_mem  1.084757384115296
current group_mem  1.0818744809050456
current group_mem  1.0731104791436792
current group_mem  1.069628515049197
current group_mem  1.0538952284680039
current group_mem  1.0480042225122452
current group_mem  1.0424392025159752
current group_mem  1.0206992380889157
current group_mem  0.9953236727234502
current group_mem  0.9898839248621336
current group_mem  0.9482579950540875
current group_mem  0.8499588936003988
batches output list generation spend  0.0006930828094482422
self.weights_list  [0.030107432291265765, 0.025401084219438978, 0.027259431939389275, 0.024994227026313764, 0.16231402777625054, 0.02573096843008104, 0.05931318107344322, 0.07420195511375507, 0.050263357561495914, 0.04396256913823248, 0.08627571722325464, 0.03850848352228368, 0.0343629386085484, 0.10779516389747199, 0.027083493693713507, 0.030008467028073145, 0.13450478881912448, 0.01791271263786411]
bkt_dst_nodes_list = self.get_in_degree_bucketing() spend:  0.014154434204101562
self.gen_batches_seeds_list(bkt_dst_nodes_list_local) spend  0.5515248775482178
num_output  90941
self.output_nids  90941
output nodes length match
global output equals  True
partition total batch output list spend :  1.1703896522521973
self.buckets_partition() spend  sec:  0.5657012462615967
check connections block*********************************

the find indices time spent  0.047020673751831055

in edges time spent  0.14625120162963867
local to global src and eids time spent  0.16347408294677734
time gen tails  0.04943561553955078
res  length 18

block_gen_time in "generate_blocks_for_one_layer_block"  0.22310900688171387

----------------------------------------
check connections block*********************************

the find indices time spent  0.1147613525390625

in edges time spent  0.6434102058410645
local to global src and eids time spent  0.6488282680511475
time gen tails  0.15651559829711914
res  length 18

block_gen_time in "generate_blocks_for_one_layer_block"  1.1870670318603516

block collection to dataloader spend  1.6450881958007812e-05
generate_dataloader_block spend   4.838626146316528
step  0
step  1
step  2
step  3
step  4
step  5
step  6
step  7
step  8
step  9
step  10
step  11
step  12
step  13
step  14
step  15
step  16
step  17
-----------------------------------------after optimizer zero grad
 Nvidia-smi: 13.216796875 GB
    Memory Allocated: 0.21402740478515625  GigaBytes
Max Memory Allocated: 9.724350452423096  GigaBytes

----------------------------------------------------------pseudo_mini_loss sum 3.659867286682129
epoch time:  11.754776000976562
Epoch 6, Learning Rate: 0.001
args.num_batch (main)  18
self.num_batch (get_in_degree_bucketing) 18
---||-----||-----||-----||-----||-----||-----||-----||-----||-----||-----||-----||-----||-----||-----||-----||-----||-----||-----||-----||--
self.num_batch,  18
type of fanout_dst_nids  <class 'torch.Tensor'>
self.K  18
G_BUCKET_ID_list [[12, 21], [17, 18], [13, 22], [16, 20], [0, 19], [14, 23], [5], [4], [6], [7], [3], [8], [9], [2], [11], [10], [1], [15]]
Groups_mem_list  [[941, 706], [827, 818], [919, 715], [855, 776], [813, 802], [900, 710], [1084], [1081], [1073], [1069], [1053], [1048], [1042], [1020], [995], [989], [948], [849], [849]]
G_BUCKET_ID_list length 18
len(g_bucket_nids_list)  18
len(local_split_batches_nid_list)  18
current group_mem  1.6480545765871821
current group_mem  1.6456759871666888
current group_mem  1.6351812974347366
current group_mem  1.6326820573428713
current group_mem  1.6157472579948964
current group_mem  1.6111027610551527
current group_mem  1.084757384115296
current group_mem  1.0818744809050456
current group_mem  1.0731104791436792
current group_mem  1.069628515049197
current group_mem  1.0538952284680039
current group_mem  1.0480042225122452
current group_mem  1.0424392025159752
current group_mem  1.0206992380889157
current group_mem  0.9953236727234502
current group_mem  0.9898839248621336
current group_mem  0.9482579950540875
current group_mem  0.8499588936003988
batches output list generation spend  0.0004627704620361328
self.weights_list  [0.030107432291265765, 0.025401084219438978, 0.027259431939389275, 0.024994227026313764, 0.16231402777625054, 0.02573096843008104, 0.05931318107344322, 0.07420195511375507, 0.050263357561495914, 0.04396256913823248, 0.08627571722325464, 0.03850848352228368, 0.0343629386085484, 0.10779516389747199, 0.027083493693713507, 0.030008467028073145, 0.13450478881912448, 0.01791271263786411]
bkt_dst_nodes_list = self.get_in_degree_bucketing() spend:  0.013406038284301758
self.gen_batches_seeds_list(bkt_dst_nodes_list_local) spend  0.22913169860839844
num_output  90941
self.output_nids  90941
output nodes length match
global output equals  True
partition total batch output list spend :  0.4191019535064697
self.buckets_partition() spend  sec:  0.2425544261932373
check connections block*********************************

the find indices time spent  0.02695322036743164

in edges time spent  0.10707521438598633
local to global src and eids time spent  0.1990678310394287
time gen tails  0.06315922737121582
res  length 18

block_gen_time in "generate_blocks_for_one_layer_block"  0.34969615936279297

----------------------------------------
check connections block*********************************

the find indices time spent  0.17447447776794434

in edges time spent  1.013838529586792
local to global src and eids time spent  0.7740061283111572
time gen tails  0.15103673934936523
res  length 18

block_gen_time in "generate_blocks_for_one_layer_block"  1.1807689666748047

block collection to dataloader spend  1.6689300537109375e-05
generate_dataloader_block spend   4.825780630111694
step  0
step  1
step  2
step  3
step  4
step  5
step  6
step  7
step  8
step  9
step  10
step  11
step  12
step  13
step  14
step  15
step  16
step  17
-----------------------------------------after optimizer zero grad
 Nvidia-smi: 13.216796875 GB
    Memory Allocated: 0.21328496932983398  GigaBytes
Max Memory Allocated: 9.724350452423096  GigaBytes

----------------------------------------------------------pseudo_mini_loss sum 3.6533069610595703
epoch time:  11.796172380447388
Epoch 7, Learning Rate: 0.001
args.num_batch (main)  18
self.num_batch (get_in_degree_bucketing) 18
---||-----||-----||-----||-----||-----||-----||-----||-----||-----||-----||-----||-----||-----||-----||-----||-----||-----||-----||-----||--
self.num_batch,  18
type of fanout_dst_nids  <class 'torch.Tensor'>
self.K  18
G_BUCKET_ID_list [[12, 21], [17, 18], [13, 22], [16, 20], [0, 19], [14, 23], [5], [4], [6], [7], [3], [8], [9], [2], [11], [10], [1], [15]]
Groups_mem_list  [[941, 706], [827, 818], [919, 715], [855, 776], [813, 802], [900, 710], [1084], [1081], [1073], [1069], [1053], [1048], [1042], [1020], [995], [989], [948], [849], [849]]
G_BUCKET_ID_list length 18
len(g_bucket_nids_list)  18
len(local_split_batches_nid_list)  18
current group_mem  1.6480545765871821
current group_mem  1.6456759871666888
current group_mem  1.6351812974347366
current group_mem  1.6326820573428713
current group_mem  1.6157472579948964
current group_mem  1.6111027610551527
current group_mem  1.084757384115296
current group_mem  1.0818744809050456
current group_mem  1.0731104791436792
current group_mem  1.069628515049197
current group_mem  1.0538952284680039
current group_mem  1.0480042225122452
current group_mem  1.0424392025159752
current group_mem  1.0206992380889157
current group_mem  0.9953236727234502
current group_mem  0.9898839248621336
current group_mem  0.9482579950540875
current group_mem  0.8499588936003988
batches output list generation spend  0.0005161762237548828
self.weights_list  [0.030107432291265765, 0.025401084219438978, 0.027259431939389275, 0.024994227026313764, 0.16231402777625054, 0.02573096843008104, 0.05931318107344322, 0.07420195511375507, 0.050263357561495914, 0.04396256913823248, 0.08627571722325464, 0.03850848352228368, 0.0343629386085484, 0.10779516389747199, 0.027083493693713507, 0.030008467028073145, 0.13450478881912448, 0.01791271263786411]
bkt_dst_nodes_list = self.get_in_degree_bucketing() spend:  0.01859259605407715
self.gen_batches_seeds_list(bkt_dst_nodes_list_local) spend  0.19638514518737793
num_output  90941
self.output_nids  90941
output nodes length match
global output equals  True
partition total batch output list spend :  0.3926088809967041
self.buckets_partition() spend  sec:  0.214996337890625
check connections block*********************************

the find indices time spent  0.027765274047851562

in edges time spent  0.11193418502807617
local to global src and eids time spent  0.16185951232910156
time gen tails  0.047676801681518555
res  length 18

block_gen_time in "generate_blocks_for_one_layer_block"  0.22388839721679688

----------------------------------------
check connections block*********************************

the find indices time spent  0.11454367637634277

in edges time spent  0.9044556617736816
local to global src and eids time spent  1.8043644428253174
time gen tails  0.2961878776550293
res  length 18

block_gen_time in "generate_blocks_for_one_layer_block"  1.776592493057251

block collection to dataloader spend  3.147125244140625e-05
generate_dataloader_block spend   6.402136325836182
step  0
step  1
step  2
step  3
step  4
step  5
step  6
step  7
step  8
step  9
step  10
step  11
step  12
step  13
step  14
step  15
step  16
step  17
-----------------------------------------after optimizer zero grad
 Nvidia-smi: 13.21875 GB
    Memory Allocated: 0.21175193786621094  GigaBytes
Max Memory Allocated: 9.724350452423096  GigaBytes

----------------------------------------------------------pseudo_mini_loss sum 3.645780086517334
epoch time:  13.586337804794312
Epoch 8, Learning Rate: 0.001
args.num_batch (main)  18
self.num_batch (get_in_degree_bucketing) 18
---||-----||-----||-----||-----||-----||-----||-----||-----||-----||-----||-----||-----||-----||-----||-----||-----||-----||-----||-----||--
self.num_batch,  18
type of fanout_dst_nids  <class 'torch.Tensor'>
self.K  18
G_BUCKET_ID_list [[12, 21], [17, 18], [13, 22], [16, 20], [0, 19], [14, 23], [5], [4], [6], [7], [3], [8], [9], [2], [11], [10], [1], [15]]
Groups_mem_list  [[941, 706], [827, 818], [919, 715], [855, 776], [813, 802], [900, 710], [1084], [1081], [1073], [1069], [1053], [1048], [1042], [1020], [995], [989], [948], [849], [849]]
G_BUCKET_ID_list length 18
len(g_bucket_nids_list)  18
len(local_split_batches_nid_list)  18
current group_mem  1.6480545765871821
current group_mem  1.6456759871666888
current group_mem  1.6351812974347366
current group_mem  1.6326820573428713
current group_mem  1.6157472579948964
current group_mem  1.6111027610551527
current group_mem  1.084757384115296
current group_mem  1.0818744809050456
current group_mem  1.0731104791436792
current group_mem  1.069628515049197
current group_mem  1.0538952284680039
current group_mem  1.0480042225122452
current group_mem  1.0424392025159752
current group_mem  1.0206992380889157
current group_mem  0.9953236727234502
current group_mem  0.9898839248621336
current group_mem  0.9482579950540875
current group_mem  0.8499588936003988
batches output list generation spend  0.0006999969482421875
self.weights_list  [0.030107432291265765, 0.025401084219438978, 0.027259431939389275, 0.024994227026313764, 0.16231402777625054, 0.02573096843008104, 0.05931318107344322, 0.07420195511375507, 0.050263357561495914, 0.04396256913823248, 0.08627571722325464, 0.03850848352228368, 0.0343629386085484, 0.10779516389747199, 0.027083493693713507, 0.030008467028073145, 0.13450478881912448, 0.01791271263786411]
bkt_dst_nodes_list = self.get_in_degree_bucketing() spend:  0.017906904220581055
self.gen_batches_seeds_list(bkt_dst_nodes_list_local) spend  0.43584585189819336
num_output  90941
self.output_nids  90941
output nodes length match
global output equals  True
partition total batch output list spend :  1.0555980205535889
self.buckets_partition() spend  sec:  0.45377421379089355
check connections block*********************************

the find indices time spent  0.047644853591918945

in edges time spent  0.19488167762756348
local to global src and eids time spent  0.43408823013305664
time gen tails  0.08794689178466797
res  length 18

block_gen_time in "generate_blocks_for_one_layer_block"  0.36689329147338867

----------------------------------------
check connections block*********************************

the find indices time spent  0.17403531074523926

in edges time spent  1.350287675857544
local to global src and eids time spent  1.8381214141845703
time gen tails  0.3014998435974121
res  length 18

block_gen_time in "generate_blocks_for_one_layer_block"  1.7752861976623535

block collection to dataloader spend  2.5987625122070312e-05
generate_dataloader_block spend   8.353760242462158
step  0
step  1
step  2
step  3
step  4
step  5
step  6
step  7
step  8
step  9
step  10
step  11
step  12
step  13
step  14
step  15
step  16
step  17
-----------------------------------------after optimizer zero grad
 Nvidia-smi: 13.21875 GB
    Memory Allocated: 0.21234798431396484  GigaBytes
Max Memory Allocated: 9.724350452423096  GigaBytes

----------------------------------------------------------pseudo_mini_loss sum 3.636784553527832
epoch time:  15.575487852096558
Epoch 9, Learning Rate: 0.001
args.num_batch (main)  18
self.num_batch (get_in_degree_bucketing) 18
---||-----||-----||-----||-----||-----||-----||-----||-----||-----||-----||-----||-----||-----||-----||-----||-----||-----||-----||-----||--
self.num_batch,  18
type of fanout_dst_nids  <class 'torch.Tensor'>
self.K  18
G_BUCKET_ID_list [[12, 21], [17, 18], [13, 22], [16, 20], [0, 19], [14, 23], [5], [4], [6], [7], [3], [8], [9], [2], [11], [10], [1], [15]]
Groups_mem_list  [[941, 706], [827, 818], [919, 715], [855, 776], [813, 802], [900, 710], [1084], [1081], [1073], [1069], [1053], [1048], [1042], [1020], [995], [989], [948], [849], [849]]
G_BUCKET_ID_list length 18
len(g_bucket_nids_list)  18
len(local_split_batches_nid_list)  18
current group_mem  1.6480545765871821
current group_mem  1.6456759871666888
current group_mem  1.6351812974347366
current group_mem  1.6326820573428713
current group_mem  1.6157472579948964
current group_mem  1.6111027610551527
current group_mem  1.084757384115296
current group_mem  1.0818744809050456
current group_mem  1.0731104791436792
current group_mem  1.069628515049197
current group_mem  1.0538952284680039
current group_mem  1.0480042225122452
current group_mem  1.0424392025159752
current group_mem  1.0206992380889157
current group_mem  0.9953236727234502
current group_mem  0.9898839248621336
current group_mem  0.9482579950540875
current group_mem  0.8499588936003988
batches output list generation spend  0.0006947517395019531
self.weights_list  [0.030107432291265765, 0.025401084219438978, 0.027259431939389275, 0.024994227026313764, 0.16231402777625054, 0.02573096843008104, 0.05931318107344322, 0.07420195511375507, 0.050263357561495914, 0.04396256913823248, 0.08627571722325464, 0.03850848352228368, 0.0343629386085484, 0.10779516389747199, 0.027083493693713507, 0.030008467028073145, 0.13450478881912448, 0.01791271263786411]
bkt_dst_nodes_list = self.get_in_degree_bucketing() spend:  0.01794600486755371
self.gen_batches_seeds_list(bkt_dst_nodes_list_local) spend  0.557366132736206
num_output  90941
self.output_nids  90941
output nodes length match
global output equals  True
partition total batch output list spend :  1.182269811630249
self.buckets_partition() spend  sec:  0.5753347873687744
check connections block*********************************

the find indices time spent  0.04524421691894531

in edges time spent  0.172102689743042
local to global src and eids time spent  0.4246833324432373
time gen tails  0.08971858024597168
res  length 18

block_gen_time in "generate_blocks_for_one_layer_block"  0.3602581024169922

----------------------------------------
check connections block*********************************

the find indices time spent  0.17429494857788086

in edges time spent  1.065115213394165
local to global src and eids time spent  1.804539680480957
time gen tails  0.2944047451019287
res  length 18

block_gen_time in "generate_blocks_for_one_layer_block"  1.7737772464752197

block collection to dataloader spend  2.5510787963867188e-05
generate_dataloader_block spend   8.039002180099487
step  0
step  1
step  2
step  3
step  4
step  5
step  6
step  7
step  8
step  9
step  10
step  11
step  12
step  13
step  14
step  15
step  16
step  17
-----------------------------------------after optimizer zero grad
 Nvidia-smi: 13.21875 GB
    Memory Allocated: 0.2154555320739746  GigaBytes
Max Memory Allocated: 9.724350452423096  GigaBytes

----------------------------------------------------------pseudo_mini_loss sum 3.6258580684661865
epoch time:  15.204414129257202
Epoch 10, Learning Rate: 0.001
args.num_batch (main)  18
self.num_batch (get_in_degree_bucketing) 18
---||-----||-----||-----||-----||-----||-----||-----||-----||-----||-----||-----||-----||-----||-----||-----||-----||-----||-----||-----||--
self.num_batch,  18
type of fanout_dst_nids  <class 'torch.Tensor'>
self.K  18
G_BUCKET_ID_list [[12, 21], [17, 18], [13, 22], [16, 20], [0, 19], [14, 23], [5], [4], [6], [7], [3], [8], [9], [2], [11], [10], [1], [15]]
Groups_mem_list  [[941, 706], [827, 818], [919, 715], [855, 776], [813, 802], [900, 710], [1084], [1081], [1073], [1069], [1053], [1048], [1042], [1020], [995], [989], [948], [849], [849]]
G_BUCKET_ID_list length 18
len(g_bucket_nids_list)  18
len(local_split_batches_nid_list)  18
current group_mem  1.6480545765871821
current group_mem  1.6456759871666888
current group_mem  1.6351812974347366
current group_mem  1.6326820573428713
current group_mem  1.6157472579948964
current group_mem  1.6111027610551527
current group_mem  1.084757384115296
current group_mem  1.0818744809050456
current group_mem  1.0731104791436792
current group_mem  1.069628515049197
current group_mem  1.0538952284680039
current group_mem  1.0480042225122452
current group_mem  1.0424392025159752
current group_mem  1.0206992380889157
current group_mem  0.9953236727234502
current group_mem  0.9898839248621336
current group_mem  0.9482579950540875
current group_mem  0.8499588936003988
batches output list generation spend  0.0007300376892089844
self.weights_list  [0.030107432291265765, 0.025401084219438978, 0.027259431939389275, 0.024994227026313764, 0.16231402777625054, 0.02573096843008104, 0.05931318107344322, 0.07420195511375507, 0.050263357561495914, 0.04396256913823248, 0.08627571722325464, 0.03850848352228368, 0.0343629386085484, 0.10779516389747199, 0.027083493693713507, 0.030008467028073145, 0.13450478881912448, 0.01791271263786411]
bkt_dst_nodes_list = self.get_in_degree_bucketing() spend:  0.015145063400268555
self.gen_batches_seeds_list(bkt_dst_nodes_list_local) spend  0.575732946395874
num_output  90941
self.output_nids  90941
output nodes length match
global output equals  True
partition total batch output list spend :  1.1965649127960205
self.buckets_partition() spend  sec:  0.5909013748168945
check connections block*********************************

the find indices time spent  0.04907989501953125

in edges time spent  0.17354536056518555
local to global src and eids time spent  0.42711925506591797
time gen tails  0.08934879302978516
res  length 18

block_gen_time in "generate_blocks_for_one_layer_block"  0.36158037185668945

----------------------------------------
check connections block*********************************

the find indices time spent  0.17713642120361328

in edges time spent  1.0441231727600098
local to global src and eids time spent  1.7852280139923096
time gen tails  0.29156064987182617
res  length 18

block_gen_time in "generate_blocks_for_one_layer_block"  1.7585368156433105

block collection to dataloader spend  2.4318695068359375e-05
generate_dataloader_block spend   7.960272789001465
step  0
step  1
step  2
step  3
step  4
step  5
step  6
step  7
step  8
step  9
step  10
step  11
step  12
step  13
step  14
step  15
step  16
step  17
-----------------------------------------after optimizer zero grad
 Nvidia-smi: 13.21875 GB
    Memory Allocated: 0.2133030891418457  GigaBytes
Max Memory Allocated: 9.724350452423096  GigaBytes

----------------------------------------------------------pseudo_mini_loss sum 3.613062620162964
epoch time:  14.985252141952515
Total (block generation + training)time/epoch 14.076603949069977
pure train time/epoch 3.0669713815053306

num_input_list  [1620738, 1621849, 1618676, 1621233, 1620376, 1622184, 1618624, 1621120, 1619874, 1621908]
