main start at this time 1700889346.939923
ogbn-arxiv
# Nodes: 169343
# Edges: 2315598
# Train: 90941
# Val: 29799
# Test: 48603
# Classes: 40

in feats:  128
self._in_src_feats,  128
self._in_dst_feats 128
Epoch 1, Learning Rate: 0.001
args.num_batch (main)  6
self.num_batch (get_in_degree_bucketing) 6
---||-----||-----||-----||-----||-----||-----||-----||-----||-----||-----||-----||-----||-----||-----||-----||-----||-----||-----||-----||--
self.num_batch,  6
type of fanout_dst_nids  <class 'torch.Tensor'>
self.K  6
G_BUCKET_ID_list [[8, 1, 16, 15], [7, 9, 0, 20], [3, 13, 14, 17], [5, 11, 18, 19], [2, 10, 12, 22], [4, 6, 23, 21]]
Groups_mem_list  [[1048, 948, 855, 849], [1069, 1042, 813, 776], [1053, 919, 900, 827], [1084, 995, 818, 802], [1020, 989, 941, 715], [1081, 1073, 710, 706]]
G_BUCKET_ID_list length 6
len(g_bucket_nids_list)  6
len(local_split_batches_nid_list)  6
current group_mem  3.7021085592858682
current group_mem  3.702537253546719
current group_mem  3.7012447711701233
current group_mem  3.700769612263663
current group_mem  3.668220952320926
current group_mem  3.571396026032656
batches output list generation spend  0.0010197162628173828
self.weights_list  [0.20232898252713297, 0.23963888675075048, 0.1381994919783156, 0.11023630705622327, 0.16749320988333094, 0.1421031218042467]
bkt_dst_nodes_list = self.get_in_degree_bucketing() spend:  0.014994144439697266
self.gen_batches_seeds_list(bkt_dst_nodes_list_local) spend  0.6373035907745361
num_output  90941
self.output_nids  90941
output nodes length match
global output equals  True
partition total batch output list spend :  0.8795878887176514
self.buckets_partition() spend  sec:  0.6523230075836182
check connections block*********************************

the find indices time spent  0.04261517524719238

in edges time spent  0.15917110443115234
local to global src and eids time spent  0.35488009452819824
time gen tails  0.0735626220703125
res  length 6

block_gen_time in "generate_blocks_for_one_layer_block"  0.337357759475708

----------------------------------------
check connections block*********************************

the find indices time spent  0.1396164894104004

in edges time spent  0.7304782867431641
local to global src and eids time spent  1.1009902954101562
time gen tails  0.16467022895812988
res  length 6

block_gen_time in "generate_blocks_for_one_layer_block"  1.2313728332519531

block collection to dataloader spend  1.0967254638671875e-05
step  0
step  1
step  2
step  3
step  4
step  5
-----------------------------------------after optimizer zero grad
 Nvidia-smi: 21.958984375 GB
    Memory Allocated: 0.20142412185668945  GigaBytes
Max Memory Allocated: 18.746485233306885  GigaBytes

----------------------------------------------------------pseudo_mini_loss sum 3.6835522651672363
Epoch 2, Learning Rate: 0.001
args.num_batch (main)  6
self.num_batch (get_in_degree_bucketing) 6
---||-----||-----||-----||-----||-----||-----||-----||-----||-----||-----||-----||-----||-----||-----||-----||-----||-----||-----||-----||--
self.num_batch,  6
type of fanout_dst_nids  <class 'torch.Tensor'>
self.K  6
G_BUCKET_ID_list [[8, 1, 16, 15], [7, 9, 0, 20], [3, 13, 14, 17], [5, 11, 18, 19], [2, 10, 12, 22], [4, 6, 23, 21]]
Groups_mem_list  [[1048, 948, 855, 849], [1069, 1042, 813, 776], [1053, 919, 900, 827], [1084, 995, 818, 802], [1020, 989, 941, 715], [1081, 1073, 710, 706]]
G_BUCKET_ID_list length 6
len(g_bucket_nids_list)  6
len(local_split_batches_nid_list)  6
current group_mem  3.7021085592858682
current group_mem  3.702537253546719
current group_mem  3.7012447711701233
current group_mem  3.700769612263663
current group_mem  3.668220952320926
current group_mem  3.571396026032656
batches output list generation spend  0.0005013942718505859
self.weights_list  [0.20232898252713297, 0.23963888675075048, 0.1381994919783156, 0.11023630705622327, 0.16749320988333094, 0.1421031218042467]
bkt_dst_nodes_list = self.get_in_degree_bucketing() spend:  0.015259265899658203
self.gen_batches_seeds_list(bkt_dst_nodes_list_local) spend  0.5197610855102539
num_output  90941
self.output_nids  90941
output nodes length match
global output equals  True
partition total batch output list spend :  0.6772744655609131
self.buckets_partition() spend  sec:  0.5350470542907715
check connections block*********************************

the find indices time spent  0.04302811622619629

in edges time spent  0.16621160507202148
local to global src and eids time spent  0.354158878326416
time gen tails  0.07144594192504883
res  length 6

block_gen_time in "generate_blocks_for_one_layer_block"  0.3496689796447754

----------------------------------------
check connections block*********************************

the find indices time spent  0.1379561424255371

in edges time spent  0.7063276767730713
local to global src and eids time spent  1.0896422863006592
time gen tails  0.16277647018432617
res  length 6

block_gen_time in "generate_blocks_for_one_layer_block"  1.2306227684020996

block collection to dataloader spend  1.1920928955078125e-05
step  0
step  1
step  2
step  3
step  4
step  5
-----------------------------------------after optimizer zero grad
 Nvidia-smi: 22.09375 GB
    Memory Allocated: 0.19957590103149414  GigaBytes
Max Memory Allocated: 18.75950002670288  GigaBytes

----------------------------------------------------------pseudo_mini_loss sum 3.6775295734405518
Epoch 3, Learning Rate: 0.001
args.num_batch (main)  6
self.num_batch (get_in_degree_bucketing) 6
---||-----||-----||-----||-----||-----||-----||-----||-----||-----||-----||-----||-----||-----||-----||-----||-----||-----||-----||-----||--
self.num_batch,  6
type of fanout_dst_nids  <class 'torch.Tensor'>
self.K  6
G_BUCKET_ID_list [[8, 1, 16, 15], [7, 9, 0, 20], [3, 13, 14, 17], [5, 11, 18, 19], [2, 10, 12, 22], [4, 6, 23, 21]]
Groups_mem_list  [[1048, 948, 855, 849], [1069, 1042, 813, 776], [1053, 919, 900, 827], [1084, 995, 818, 802], [1020, 989, 941, 715], [1081, 1073, 710, 706]]
G_BUCKET_ID_list length 6
len(g_bucket_nids_list)  6
len(local_split_batches_nid_list)  6
current group_mem  3.7021085592858682
current group_mem  3.702537253546719
current group_mem  3.7012447711701233
current group_mem  3.700769612263663
current group_mem  3.668220952320926
current group_mem  3.571396026032656
batches output list generation spend  0.0004115104675292969
self.weights_list  [0.20232898252713297, 0.23963888675075048, 0.1381994919783156, 0.11023630705622327, 0.16749320988333094, 0.1421031218042467]
bkt_dst_nodes_list = self.get_in_degree_bucketing() spend:  0.01465153694152832
self.gen_batches_seeds_list(bkt_dst_nodes_list_local) spend  0.6172218322753906
num_output  90941
self.output_nids  90941
output nodes length match
global output equals  True
partition total batch output list spend :  0.8523714542388916
self.buckets_partition() spend  sec:  0.6318972110748291
check connections block*********************************

the find indices time spent  0.04295015335083008

in edges time spent  0.15992307662963867
local to global src and eids time spent  0.3538634777069092
time gen tails  0.07071828842163086
res  length 6

block_gen_time in "generate_blocks_for_one_layer_block"  0.32866811752319336

----------------------------------------
check connections block*********************************

the find indices time spent  0.13824701309204102

in edges time spent  0.7856929302215576
local to global src and eids time spent  1.1339085102081299
time gen tails  0.16978788375854492
res  length 6

block_gen_time in "generate_blocks_for_one_layer_block"  1.2103073596954346

block collection to dataloader spend  1.0967254638671875e-05
generate_dataloader_block spend   5.689600706100464
step  0
step  1
step  2
step  3
step  4
step  5
-----------------------------------------after optimizer zero grad
 Nvidia-smi: 20.78125 GB
    Memory Allocated: 0.19996881484985352  GigaBytes
Max Memory Allocated: 18.775368690490723  GigaBytes

----------------------------------------------------------pseudo_mini_loss sum 3.6717841625213623
epoch time:  10.665916919708252
Epoch 4, Learning Rate: 0.001
args.num_batch (main)  6
self.num_batch (get_in_degree_bucketing) 6
---||-----||-----||-----||-----||-----||-----||-----||-----||-----||-----||-----||-----||-----||-----||-----||-----||-----||-----||-----||--
self.num_batch,  6
type of fanout_dst_nids  <class 'torch.Tensor'>
self.K  6
G_BUCKET_ID_list [[8, 1, 16, 15], [7, 9, 0, 20], [3, 13, 14, 17], [5, 11, 18, 19], [2, 10, 12, 22], [4, 6, 23, 21]]
Groups_mem_list  [[1048, 948, 855, 849], [1069, 1042, 813, 776], [1053, 919, 900, 827], [1084, 995, 818, 802], [1020, 989, 941, 715], [1081, 1073, 710, 706]]
G_BUCKET_ID_list length 6
len(g_bucket_nids_list)  6
len(local_split_batches_nid_list)  6
current group_mem  3.7021085592858682
current group_mem  3.702537253546719
current group_mem  3.7012447711701233
current group_mem  3.700769612263663
current group_mem  3.668220952320926
current group_mem  3.571396026032656
batches output list generation spend  0.0004451274871826172
self.weights_list  [0.20232898252713297, 0.23963888675075048, 0.1381994919783156, 0.11023630705622327, 0.16749320988333094, 0.1421031218042467]
bkt_dst_nodes_list = self.get_in_degree_bucketing() spend:  0.01630115509033203
self.gen_batches_seeds_list(bkt_dst_nodes_list_local) spend  0.561955451965332
num_output  90941
self.output_nids  90941
output nodes length match
global output equals  True
partition total batch output list spend :  0.6936225891113281
self.buckets_partition() spend  sec:  0.5782821178436279
check connections block*********************************

the find indices time spent  0.0424189567565918

in edges time spent  0.17446017265319824
local to global src and eids time spent  0.36255931854248047
time gen tails  0.0718388557434082
res  length 6

block_gen_time in "generate_blocks_for_one_layer_block"  0.33710408210754395

----------------------------------------
check connections block*********************************

the find indices time spent  0.13947319984436035

in edges time spent  0.7282540798187256
local to global src and eids time spent  1.0954196453094482
time gen tails  0.1654973030090332
res  length 6

block_gen_time in "generate_blocks_for_one_layer_block"  1.210172176361084

block collection to dataloader spend  1.2874603271484375e-05
generate_dataloader_block spend   5.450022459030151
step  0
step  1
step  2
step  3
step  4
step  5
-----------------------------------------after optimizer zero grad
 Nvidia-smi: 21.7578125 GB
    Memory Allocated: 0.20167922973632812  GigaBytes
Max Memory Allocated: 18.789817333221436  GigaBytes

----------------------------------------------------------pseudo_mini_loss sum 3.6658518314361572
epoch time:  10.623483896255493
Epoch 5, Learning Rate: 0.001
args.num_batch (main)  6
self.num_batch (get_in_degree_bucketing) 6
---||-----||-----||-----||-----||-----||-----||-----||-----||-----||-----||-----||-----||-----||-----||-----||-----||-----||-----||-----||--
self.num_batch,  6
type of fanout_dst_nids  <class 'torch.Tensor'>
self.K  6
G_BUCKET_ID_list [[8, 1, 16, 15], [7, 9, 0, 20], [3, 13, 14, 17], [5, 11, 18, 19], [2, 10, 12, 22], [4, 6, 23, 21]]
Groups_mem_list  [[1048, 948, 855, 849], [1069, 1042, 813, 776], [1053, 919, 900, 827], [1084, 995, 818, 802], [1020, 989, 941, 715], [1081, 1073, 710, 706]]
G_BUCKET_ID_list length 6
len(g_bucket_nids_list)  6
len(local_split_batches_nid_list)  6
current group_mem  3.7021085592858682
current group_mem  3.702537253546719
current group_mem  3.7012447711701233
current group_mem  3.700769612263663
current group_mem  3.668220952320926
current group_mem  3.571396026032656
batches output list generation spend  0.0004241466522216797
self.weights_list  [0.20232898252713297, 0.23963888675075048, 0.1381994919783156, 0.11023630705622327, 0.16749320988333094, 0.1421031218042467]
bkt_dst_nodes_list = self.get_in_degree_bucketing() spend:  0.014583826065063477
self.gen_batches_seeds_list(bkt_dst_nodes_list_local) spend  0.6141657829284668
num_output  90941
self.output_nids  90941
output nodes length match
global output equals  True
partition total batch output list spend :  0.846294641494751
self.buckets_partition() spend  sec:  0.6287717819213867
check connections block*********************************

the find indices time spent  0.04337334632873535

in edges time spent  0.18102741241455078
local to global src and eids time spent  0.35565638542175293
time gen tails  0.07114243507385254
res  length 6

block_gen_time in "generate_blocks_for_one_layer_block"  0.32830095291137695

----------------------------------------
check connections block*********************************

the find indices time spent  0.1398777961730957

in edges time spent  0.713677167892456
local to global src and eids time spent  1.0998172760009766
time gen tails  0.16643357276916504
res  length 6

block_gen_time in "generate_blocks_for_one_layer_block"  1.2381172180175781

block collection to dataloader spend  1.2159347534179688e-05
generate_dataloader_block spend   5.622292757034302
step  0
step  1
step  2
step  3
step  4
step  5
-----------------------------------------after optimizer zero grad
 Nvidia-smi: 22.427734375 GB
    Memory Allocated: 0.20047521591186523  GigaBytes
Max Memory Allocated: 18.789817333221436  GigaBytes

----------------------------------------------------------pseudo_mini_loss sum 3.6596908569335938
epoch time:  10.52222752571106
Epoch 6, Learning Rate: 0.001
args.num_batch (main)  6
self.num_batch (get_in_degree_bucketing) 6
---||-----||-----||-----||-----||-----||-----||-----||-----||-----||-----||-----||-----||-----||-----||-----||-----||-----||-----||-----||--
self.num_batch,  6
type of fanout_dst_nids  <class 'torch.Tensor'>
self.K  6
G_BUCKET_ID_list [[8, 1, 16, 15], [7, 9, 0, 20], [3, 13, 14, 17], [5, 11, 18, 19], [2, 10, 12, 22], [4, 6, 23, 21]]
Groups_mem_list  [[1048, 948, 855, 849], [1069, 1042, 813, 776], [1053, 919, 900, 827], [1084, 995, 818, 802], [1020, 989, 941, 715], [1081, 1073, 710, 706]]
G_BUCKET_ID_list length 6
len(g_bucket_nids_list)  6
len(local_split_batches_nid_list)  6
current group_mem  3.7021085592858682
current group_mem  3.702537253546719
current group_mem  3.7012447711701233
current group_mem  3.700769612263663
current group_mem  3.668220952320926
current group_mem  3.571396026032656
batches output list generation spend  0.0004534721374511719
self.weights_list  [0.20232898252713297, 0.23963888675075048, 0.1381994919783156, 0.11023630705622327, 0.16749320988333094, 0.1421031218042467]
bkt_dst_nodes_list = self.get_in_degree_bucketing() spend:  0.014583587646484375
self.gen_batches_seeds_list(bkt_dst_nodes_list_local) spend  0.5764014720916748
num_output  90941
self.output_nids  90941
output nodes length match
global output equals  True
partition total batch output list spend :  0.8093686103820801
self.buckets_partition() spend  sec:  0.5910115242004395
check connections block*********************************

the find indices time spent  0.04304981231689453

in edges time spent  0.14359569549560547
local to global src and eids time spent  0.13863325119018555
time gen tails  0.03809094429016113
res  length 6

block_gen_time in "generate_blocks_for_one_layer_block"  0.2239665985107422

----------------------------------------
check connections block*********************************

the find indices time spent  0.09065771102905273

in edges time spent  0.4509921073913574
local to global src and eids time spent  0.8935585021972656
time gen tails  0.16847586631774902
res  length 6

block_gen_time in "generate_blocks_for_one_layer_block"  1.2174921035766602

block collection to dataloader spend  1.1920928955078125e-05
generate_dataloader_block spend   4.589374303817749
step  0
step  1
step  2
step  3
step  4
step  5
-----------------------------------------after optimizer zero grad
 Nvidia-smi: 22.45703125 GB
    Memory Allocated: 0.2000102996826172  GigaBytes
Max Memory Allocated: 18.789817333221436  GigaBytes

----------------------------------------------------------pseudo_mini_loss sum 3.653130531311035
epoch time:  9.35642123222351
Epoch 7, Learning Rate: 0.001
args.num_batch (main)  6
self.num_batch (get_in_degree_bucketing) 6
---||-----||-----||-----||-----||-----||-----||-----||-----||-----||-----||-----||-----||-----||-----||-----||-----||-----||-----||-----||--
self.num_batch,  6
type of fanout_dst_nids  <class 'torch.Tensor'>
self.K  6
G_BUCKET_ID_list [[8, 1, 16, 15], [7, 9, 0, 20], [3, 13, 14, 17], [5, 11, 18, 19], [2, 10, 12, 22], [4, 6, 23, 21]]
Groups_mem_list  [[1048, 948, 855, 849], [1069, 1042, 813, 776], [1053, 919, 900, 827], [1084, 995, 818, 802], [1020, 989, 941, 715], [1081, 1073, 710, 706]]
G_BUCKET_ID_list length 6
len(g_bucket_nids_list)  6
len(local_split_batches_nid_list)  6
current group_mem  3.7021085592858682
current group_mem  3.702537253546719
current group_mem  3.7012447711701233
current group_mem  3.700769612263663
current group_mem  3.668220952320926
current group_mem  3.571396026032656
batches output list generation spend  0.0004208087921142578
self.weights_list  [0.20232898252713297, 0.23963888675075048, 0.1381994919783156, 0.11023630705622327, 0.16749320988333094, 0.1421031218042467]
bkt_dst_nodes_list = self.get_in_degree_bucketing() spend:  0.015268325805664062
self.gen_batches_seeds_list(bkt_dst_nodes_list_local) spend  0.576563835144043
num_output  90941
self.output_nids  90941
output nodes length match
global output equals  True
partition total batch output list spend :  0.8082520961761475
self.buckets_partition() spend  sec:  0.5918560028076172
check connections block*********************************

the find indices time spent  0.043697357177734375

in edges time spent  0.17213964462280273
local to global src and eids time spent  0.36000943183898926
time gen tails  0.07151103019714355
res  length 6

block_gen_time in "generate_blocks_for_one_layer_block"  0.32898640632629395

----------------------------------------
check connections block*********************************

the find indices time spent  0.13845038414001465

in edges time spent  0.7086820602416992
local to global src and eids time spent  1.1021876335144043
time gen tails  0.16525864601135254
res  length 6

block_gen_time in "generate_blocks_for_one_layer_block"  1.2165372371673584

block collection to dataloader spend  1.1444091796875e-05
generate_dataloader_block spend   5.549783706665039
step  0
step  1
step  2
step  3
step  4
step  5
-----------------------------------------after optimizer zero grad
 Nvidia-smi: 22.458984375 GB
    Memory Allocated: 0.1991119384765625  GigaBytes
Max Memory Allocated: 18.789817333221436  GigaBytes

----------------------------------------------------------pseudo_mini_loss sum 3.6456634998321533
epoch time:  10.297582149505615
Epoch 8, Learning Rate: 0.001
args.num_batch (main)  6
self.num_batch (get_in_degree_bucketing) 6
---||-----||-----||-----||-----||-----||-----||-----||-----||-----||-----||-----||-----||-----||-----||-----||-----||-----||-----||-----||--
self.num_batch,  6
type of fanout_dst_nids  <class 'torch.Tensor'>
self.K  6
G_BUCKET_ID_list [[8, 1, 16, 15], [7, 9, 0, 20], [3, 13, 14, 17], [5, 11, 18, 19], [2, 10, 12, 22], [4, 6, 23, 21]]
Groups_mem_list  [[1048, 948, 855, 849], [1069, 1042, 813, 776], [1053, 919, 900, 827], [1084, 995, 818, 802], [1020, 989, 941, 715], [1081, 1073, 710, 706]]
G_BUCKET_ID_list length 6
len(g_bucket_nids_list)  6
len(local_split_batches_nid_list)  6
current group_mem  3.7021085592858682
current group_mem  3.702537253546719
current group_mem  3.7012447711701233
current group_mem  3.700769612263663
current group_mem  3.668220952320926
current group_mem  3.571396026032656
batches output list generation spend  0.00042939186096191406
self.weights_list  [0.20232898252713297, 0.23963888675075048, 0.1381994919783156, 0.11023630705622327, 0.16749320988333094, 0.1421031218042467]
bkt_dst_nodes_list = self.get_in_degree_bucketing() spend:  0.014414548873901367
self.gen_batches_seeds_list(bkt_dst_nodes_list_local) spend  0.5759806632995605
num_output  90941
self.output_nids  90941
output nodes length match
global output equals  True
partition total batch output list spend :  0.8079776763916016
self.buckets_partition() spend  sec:  0.5904192924499512
check connections block*********************************

the find indices time spent  0.04243755340576172

in edges time spent  0.1626584529876709
local to global src and eids time spent  0.35681676864624023
time gen tails  0.07215404510498047
res  length 6

block_gen_time in "generate_blocks_for_one_layer_block"  0.34439730644226074

----------------------------------------
check connections block*********************************

the find indices time spent  0.1384429931640625

in edges time spent  0.6992249488830566
local to global src and eids time spent  1.0895698070526123
time gen tails  0.16294217109680176
res  length 6

block_gen_time in "generate_blocks_for_one_layer_block"  1.219905138015747

block collection to dataloader spend  1.33514404296875e-05
generate_dataloader_block spend   5.531480073928833
step  0
step  1
step  2
step  3
step  4
step  5
-----------------------------------------after optimizer zero grad
 Nvidia-smi: 21.994140625 GB
    Memory Allocated: 0.2013554573059082  GigaBytes
Max Memory Allocated: 18.87680673599243  GigaBytes

----------------------------------------------------------pseudo_mini_loss sum 3.6365044116973877
epoch time:  10.609915733337402
Epoch 9, Learning Rate: 0.001
args.num_batch (main)  6
self.num_batch (get_in_degree_bucketing) 6
---||-----||-----||-----||-----||-----||-----||-----||-----||-----||-----||-----||-----||-----||-----||-----||-----||-----||-----||-----||--
self.num_batch,  6
type of fanout_dst_nids  <class 'torch.Tensor'>
self.K  6
G_BUCKET_ID_list [[8, 1, 16, 15], [7, 9, 0, 20], [3, 13, 14, 17], [5, 11, 18, 19], [2, 10, 12, 22], [4, 6, 23, 21]]
Groups_mem_list  [[1048, 948, 855, 849], [1069, 1042, 813, 776], [1053, 919, 900, 827], [1084, 995, 818, 802], [1020, 989, 941, 715], [1081, 1073, 710, 706]]
G_BUCKET_ID_list length 6
len(g_bucket_nids_list)  6
len(local_split_batches_nid_list)  6
current group_mem  3.7021085592858682
current group_mem  3.702537253546719
current group_mem  3.7012447711701233
current group_mem  3.700769612263663
current group_mem  3.668220952320926
current group_mem  3.571396026032656
batches output list generation spend  0.0004329681396484375
self.weights_list  [0.20232898252713297, 0.23963888675075048, 0.1381994919783156, 0.11023630705622327, 0.16749320988333094, 0.1421031218042467]
bkt_dst_nodes_list = self.get_in_degree_bucketing() spend:  0.015342473983764648
self.gen_batches_seeds_list(bkt_dst_nodes_list_local) spend  0.5904083251953125
num_output  90941
self.output_nids  90941
output nodes length match
global output equals  True
partition total batch output list spend :  0.7208948135375977
self.buckets_partition() spend  sec:  0.605776309967041
check connections block*********************************

the find indices time spent  0.040483951568603516

in edges time spent  0.16082525253295898
local to global src and eids time spent  0.35494518280029297
time gen tails  0.07071232795715332
res  length 6

block_gen_time in "generate_blocks_for_one_layer_block"  0.32990574836730957

----------------------------------------
check connections block*********************************

the find indices time spent  0.13956117630004883

in edges time spent  0.7318403720855713
local to global src and eids time spent  1.1220669746398926
time gen tails  0.1700456142425537
res  length 6

block_gen_time in "generate_blocks_for_one_layer_block"  1.262714147567749

block collection to dataloader spend  1.2874603271484375e-05
generate_dataloader_block spend   5.562027454376221
step  0
step  1
step  2
step  3
step  4
step  5
-----------------------------------------after optimizer zero grad
 Nvidia-smi: 22.927734375 GB
    Memory Allocated: 0.20068359375  GigaBytes
Max Memory Allocated: 18.87680673599243  GigaBytes

----------------------------------------------------------pseudo_mini_loss sum 3.6258902549743652
epoch time:  10.758857488632202
Epoch 10, Learning Rate: 0.001
args.num_batch (main)  6
self.num_batch (get_in_degree_bucketing) 6
---||-----||-----||-----||-----||-----||-----||-----||-----||-----||-----||-----||-----||-----||-----||-----||-----||-----||-----||-----||--
self.num_batch,  6
type of fanout_dst_nids  <class 'torch.Tensor'>
self.K  6
G_BUCKET_ID_list [[8, 1, 16, 15], [7, 9, 0, 20], [3, 13, 14, 17], [5, 11, 18, 19], [2, 10, 12, 22], [4, 6, 23, 21]]
Groups_mem_list  [[1048, 948, 855, 849], [1069, 1042, 813, 776], [1053, 919, 900, 827], [1084, 995, 818, 802], [1020, 989, 941, 715], [1081, 1073, 710, 706]]
G_BUCKET_ID_list length 6
len(g_bucket_nids_list)  6
len(local_split_batches_nid_list)  6
current group_mem  3.7021085592858682
current group_mem  3.702537253546719
current group_mem  3.7012447711701233
current group_mem  3.700769612263663
current group_mem  3.668220952320926
current group_mem  3.571396026032656
batches output list generation spend  0.0004279613494873047
self.weights_list  [0.20232898252713297, 0.23963888675075048, 0.1381994919783156, 0.11023630705622327, 0.16749320988333094, 0.1421031218042467]
bkt_dst_nodes_list = self.get_in_degree_bucketing() spend:  0.014965295791625977
self.gen_batches_seeds_list(bkt_dst_nodes_list_local) spend  0.4957888126373291
num_output  90941
self.output_nids  90941
output nodes length match
global output equals  True
partition total batch output list spend :  0.7290918827056885
self.buckets_partition() spend  sec:  0.5107781887054443
check connections block*********************************

the find indices time spent  0.04377412796020508

in edges time spent  0.17262601852416992
local to global src and eids time spent  0.29945874214172363
time gen tails  0.05356717109680176
res  length 6

block_gen_time in "generate_blocks_for_one_layer_block"  0.3289060592651367

----------------------------------------
check connections block*********************************

the find indices time spent  0.13868045806884766

in edges time spent  0.7423369884490967
local to global src and eids time spent  1.0986979007720947
time gen tails  0.16585588455200195
res  length 6

block_gen_time in "generate_blocks_for_one_layer_block"  1.2278811931610107

block collection to dataloader spend  1.1920928955078125e-05
generate_dataloader_block spend   5.4366514682769775
step  0
step  1
step  2
step  3
step  4
step  5
-----------------------------------------after optimizer zero grad
 Nvidia-smi: 20.91796875 GB
    Memory Allocated: 0.1986384391784668  GigaBytes
Max Memory Allocated: 18.87680673599243  GigaBytes

----------------------------------------------------------pseudo_mini_loss sum 3.613072395324707
epoch time:  10.420236825942993
Total (block generation + training)time/epoch 10.406829208135605
pure train time/epoch 2.1851534048716226

num_input_list  [790217, 790230, 789505, 790310, 789848, 790285, 789451, 790335, 789635, 790358]
