main start at this time 1700889972.3114927
ogbn-arxiv
# Nodes: 169343
# Edges: 2315598
# Train: 90941
# Val: 29799
# Test: 48603
# Classes: 40

in feats:  128
self._in_src_feats,  128
self._in_dst_feats 128
Epoch 1, Learning Rate: 0.001
args.num_batch (main)  8
self.num_batch (get_in_degree_bucketing) 8
---||-----||-----||-----||-----||-----||-----||-----||-----||-----||-----||-----||-----||-----||-----||-----||-----||-----||-----||-----||--
self.num_batch,  8
type of fanout_dst_nids  <class 'torch.Tensor'>
self.K  8
G_BUCKET_ID_list [[6, 14, 17], [8, 9, 23], [11, 1, 16], [4, 12, 20], [7, 2, 21], [3, 13, 18], [5, 10, 22], [15, 0, 19]]
Groups_mem_list  [[1073, 900, 827], [1048, 1042, 710], [995, 948, 855], [1081, 941, 776], [1069, 1020, 706], [1053, 919, 818], [1084, 989, 715], [849, 813, 802]]
G_BUCKET_ID_list length 8
len(g_bucket_nids_list)  8
len(local_split_batches_nid_list)  8
current group_mem  2.801062520084426
current group_mem  2.800653908121482
current group_mem  2.7994691158966747
current group_mem  2.8005230838252926
current group_mem  2.7965283360287825
current group_mem  2.79190895441721
current group_mem  2.7904251046507933
current group_mem  2.4657061515952954
batches output list generation spend  0.0010268688201904297
self.weights_list  [0.08208618774810042, 0.08008489020353855, 0.1743548014646859, 0.1075202603886036, 0.15931208145940776, 0.11846142004156542, 0.09646913933209443, 0.18171121936200393]
bkt_dst_nodes_list = self.get_in_degree_bucketing() spend:  0.01473093032836914
self.gen_batches_seeds_list(bkt_dst_nodes_list_local) spend  0.5856285095214844
num_output  90941
self.output_nids  90941
output nodes length match
global output equals  True
partition total batch output list spend :  0.8986425399780273
self.buckets_partition() spend  sec:  0.6003861427307129
check connections block*********************************

the find indices time spent  0.04315519332885742

in edges time spent  0.16107559204101562
local to global src and eids time spent  0.3777000904083252
time gen tails  0.07511425018310547
res  length 8

block_gen_time in "generate_blocks_for_one_layer_block"  0.34881162643432617

----------------------------------------
check connections block*********************************

the find indices time spent  0.15809178352355957

in edges time spent  0.8232903480529785
local to global src and eids time spent  1.289247989654541
time gen tails  0.20818758010864258
res  length 8

block_gen_time in "generate_blocks_for_one_layer_block"  1.401602029800415

block collection to dataloader spend  1.4066696166992188e-05
step  0
step  1
step  2
step  3
step  4
step  5
step  6
step  7
-----------------------------------------after optimizer zero grad
 Nvidia-smi: 22.05078125 GB
    Memory Allocated: 0.2086162567138672  GigaBytes
Max Memory Allocated: 16.260040760040283  GigaBytes

----------------------------------------------------------pseudo_mini_loss sum 3.6835994720458984
Epoch 2, Learning Rate: 0.001
args.num_batch (main)  8
self.num_batch (get_in_degree_bucketing) 8
---||-----||-----||-----||-----||-----||-----||-----||-----||-----||-----||-----||-----||-----||-----||-----||-----||-----||-----||-----||--
self.num_batch,  8
type of fanout_dst_nids  <class 'torch.Tensor'>
self.K  8
G_BUCKET_ID_list [[6, 14, 17], [8, 9, 23], [11, 1, 16], [4, 12, 20], [7, 2, 21], [3, 13, 18], [5, 10, 22], [15, 0, 19]]
Groups_mem_list  [[1073, 900, 827], [1048, 1042, 710], [995, 948, 855], [1081, 941, 776], [1069, 1020, 706], [1053, 919, 818], [1084, 989, 715], [849, 813, 802]]
G_BUCKET_ID_list length 8
len(g_bucket_nids_list)  8
len(local_split_batches_nid_list)  8
current group_mem  2.801062520084426
current group_mem  2.800653908121482
current group_mem  2.7994691158966747
current group_mem  2.8005230838252926
current group_mem  2.7965283360287825
current group_mem  2.79190895441721
current group_mem  2.7904251046507933
current group_mem  2.4657061515952954
batches output list generation spend  0.0005834102630615234
self.weights_list  [0.08208618774810042, 0.08008489020353855, 0.1743548014646859, 0.1075202603886036, 0.15931208145940776, 0.11846142004156542, 0.09646913933209443, 0.18171121936200393]
bkt_dst_nodes_list = self.get_in_degree_bucketing() spend:  0.015285491943359375
self.gen_batches_seeds_list(bkt_dst_nodes_list_local) spend  0.5065817832946777
num_output  90941
self.output_nids  90941
output nodes length match
global output equals  True
partition total batch output list spend :  0.6840441226959229
self.buckets_partition() spend  sec:  0.5218937397003174
check connections block*********************************

the find indices time spent  0.04079723358154297

in edges time spent  0.14731788635253906
local to global src and eids time spent  0.3778965473175049
time gen tails  0.07491755485534668
res  length 8

block_gen_time in "generate_blocks_for_one_layer_block"  0.3571431636810303

----------------------------------------
check connections block*********************************

the find indices time spent  0.15535402297973633

in edges time spent  0.8350296020507812
local to global src and eids time spent  1.313460350036621
time gen tails  0.19773006439208984
res  length 8

block_gen_time in "generate_blocks_for_one_layer_block"  1.4054749011993408

block collection to dataloader spend  1.4066696166992188e-05
step  0
step  1
step  2
step  3
step  4
step  5
step  6
step  7
-----------------------------------------after optimizer zero grad
 Nvidia-smi: 20.537109375 GB
    Memory Allocated: 0.20767545700073242  GigaBytes
Max Memory Allocated: 16.260040760040283  GigaBytes

----------------------------------------------------------pseudo_mini_loss sum 3.677511692047119
Epoch 3, Learning Rate: 0.001
args.num_batch (main)  8
self.num_batch (get_in_degree_bucketing) 8
---||-----||-----||-----||-----||-----||-----||-----||-----||-----||-----||-----||-----||-----||-----||-----||-----||-----||-----||-----||--
self.num_batch,  8
type of fanout_dst_nids  <class 'torch.Tensor'>
self.K  8
G_BUCKET_ID_list [[6, 14, 17], [8, 9, 23], [11, 1, 16], [4, 12, 20], [7, 2, 21], [3, 13, 18], [5, 10, 22], [15, 0, 19]]
Groups_mem_list  [[1073, 900, 827], [1048, 1042, 710], [995, 948, 855], [1081, 941, 776], [1069, 1020, 706], [1053, 919, 818], [1084, 989, 715], [849, 813, 802]]
G_BUCKET_ID_list length 8
len(g_bucket_nids_list)  8
len(local_split_batches_nid_list)  8
current group_mem  2.801062520084426
current group_mem  2.800653908121482
current group_mem  2.7994691158966747
current group_mem  2.8005230838252926
current group_mem  2.7965283360287825
current group_mem  2.79190895441721
current group_mem  2.7904251046507933
current group_mem  2.4657061515952954
batches output list generation spend  0.0004341602325439453
self.weights_list  [0.08208618774810042, 0.08008489020353855, 0.1743548014646859, 0.1075202603886036, 0.15931208145940776, 0.11846142004156542, 0.09646913933209443, 0.18171121936200393]
bkt_dst_nodes_list = self.get_in_degree_bucketing() spend:  0.018127918243408203
self.gen_batches_seeds_list(bkt_dst_nodes_list_local) spend  0.5986893177032471
num_output  90941
self.output_nids  90941
output nodes length match
global output equals  True
partition total batch output list spend :  0.8968162536621094
self.buckets_partition() spend  sec:  0.6168415546417236
check connections block*********************************

the find indices time spent  0.04306340217590332

in edges time spent  0.1734762191772461
local to global src and eids time spent  0.38401174545288086
time gen tails  0.07447290420532227
res  length 8

block_gen_time in "generate_blocks_for_one_layer_block"  0.33841419219970703

----------------------------------------
check connections block*********************************

the find indices time spent  0.15212750434875488

in edges time spent  0.8300607204437256
local to global src and eids time spent  1.2743799686431885
time gen tails  0.19376468658447266
res  length 8

block_gen_time in "generate_blocks_for_one_layer_block"  1.3835623264312744

block collection to dataloader spend  1.3113021850585938e-05
generate_dataloader_block spend   6.228588104248047
step  0
step  1
step  2
step  3
step  4
step  5
step  6
step  7
-----------------------------------------after optimizer zero grad
 Nvidia-smi: 23.302734375 GB
    Memory Allocated: 0.20870685577392578  GigaBytes
Max Memory Allocated: 16.296889781951904  GigaBytes

----------------------------------------------------------pseudo_mini_loss sum 3.6718740463256836
epoch time:  11.60225510597229
Epoch 4, Learning Rate: 0.001
args.num_batch (main)  8
self.num_batch (get_in_degree_bucketing) 8
---||-----||-----||-----||-----||-----||-----||-----||-----||-----||-----||-----||-----||-----||-----||-----||-----||-----||-----||-----||--
self.num_batch,  8
type of fanout_dst_nids  <class 'torch.Tensor'>
self.K  8
G_BUCKET_ID_list [[6, 14, 17], [8, 9, 23], [11, 1, 16], [4, 12, 20], [7, 2, 21], [3, 13, 18], [5, 10, 22], [15, 0, 19]]
Groups_mem_list  [[1073, 900, 827], [1048, 1042, 710], [995, 948, 855], [1081, 941, 776], [1069, 1020, 706], [1053, 919, 818], [1084, 989, 715], [849, 813, 802]]
G_BUCKET_ID_list length 8
len(g_bucket_nids_list)  8
len(local_split_batches_nid_list)  8
current group_mem  2.801062520084426
current group_mem  2.800653908121482
current group_mem  2.7994691158966747
current group_mem  2.8005230838252926
current group_mem  2.7965283360287825
current group_mem  2.79190895441721
current group_mem  2.7904251046507933
current group_mem  2.4657061515952954
batches output list generation spend  0.00044345855712890625
self.weights_list  [0.08208618774810042, 0.08008489020353855, 0.1743548014646859, 0.1075202603886036, 0.15931208145940776, 0.11846142004156542, 0.09646913933209443, 0.18171121936200393]
bkt_dst_nodes_list = self.get_in_degree_bucketing() spend:  0.014838695526123047
self.gen_batches_seeds_list(bkt_dst_nodes_list_local) spend  0.5571608543395996
num_output  90941
self.output_nids  90941
output nodes length match
global output equals  True
partition total batch output list spend :  0.8496520519256592
self.buckets_partition() spend  sec:  0.5720248222351074
check connections block*********************************

the find indices time spent  0.042980194091796875

in edges time spent  0.16694378852844238
local to global src and eids time spent  0.3897433280944824
time gen tails  0.07464098930358887
res  length 8

block_gen_time in "generate_blocks_for_one_layer_block"  0.3483157157897949

----------------------------------------
check connections block*********************************

the find indices time spent  0.15014076232910156

in edges time spent  0.7935314178466797
local to global src and eids time spent  1.2753994464874268
time gen tails  0.1958315372467041
res  length 8

block_gen_time in "generate_blocks_for_one_layer_block"  1.3898611068725586

block collection to dataloader spend  2.2411346435546875e-05
generate_dataloader_block spend   6.178233861923218
step  0
step  1
step  2
step  3
step  4
step  5
step  6
step  7
-----------------------------------------after optimizer zero grad
 Nvidia-smi: 23.302734375 GB
    Memory Allocated: 0.20834589004516602  GigaBytes
Max Memory Allocated: 16.296889781951904  GigaBytes

----------------------------------------------------------pseudo_mini_loss sum 3.665996789932251
epoch time:  11.51571774482727
Epoch 5, Learning Rate: 0.001
args.num_batch (main)  8
self.num_batch (get_in_degree_bucketing) 8
---||-----||-----||-----||-----||-----||-----||-----||-----||-----||-----||-----||-----||-----||-----||-----||-----||-----||-----||-----||--
self.num_batch,  8
type of fanout_dst_nids  <class 'torch.Tensor'>
self.K  8
G_BUCKET_ID_list [[6, 14, 17], [8, 9, 23], [11, 1, 16], [4, 12, 20], [7, 2, 21], [3, 13, 18], [5, 10, 22], [15, 0, 19]]
Groups_mem_list  [[1073, 900, 827], [1048, 1042, 710], [995, 948, 855], [1081, 941, 776], [1069, 1020, 706], [1053, 919, 818], [1084, 989, 715], [849, 813, 802]]
G_BUCKET_ID_list length 8
len(g_bucket_nids_list)  8
len(local_split_batches_nid_list)  8
current group_mem  2.801062520084426
current group_mem  2.800653908121482
current group_mem  2.7994691158966747
current group_mem  2.8005230838252926
current group_mem  2.7965283360287825
current group_mem  2.79190895441721
current group_mem  2.7904251046507933
current group_mem  2.4657061515952954
batches output list generation spend  0.0004303455352783203
self.weights_list  [0.08208618774810042, 0.08008489020353855, 0.1743548014646859, 0.1075202603886036, 0.15931208145940776, 0.11846142004156542, 0.09646913933209443, 0.18171121936200393]
bkt_dst_nodes_list = self.get_in_degree_bucketing() spend:  0.014421463012695312
self.gen_batches_seeds_list(bkt_dst_nodes_list_local) spend  0.5954461097717285
num_output  90941
self.output_nids  90941
output nodes length match
global output equals  True
partition total batch output list spend :  0.8921034336090088
self.buckets_partition() spend  sec:  0.6098909378051758
check connections block*********************************

the find indices time spent  0.04713082313537598

in edges time spent  0.1800541877746582
local to global src and eids time spent  0.39829277992248535
time gen tails  0.07717585563659668
res  length 8

block_gen_time in "generate_blocks_for_one_layer_block"  0.337878942489624

----------------------------------------
check connections block*********************************

the find indices time spent  0.1514575481414795

in edges time spent  0.9001379013061523
local to global src and eids time spent  1.2977888584136963
time gen tails  0.19487214088439941
res  length 8

block_gen_time in "generate_blocks_for_one_layer_block"  1.3798418045043945

block collection to dataloader spend  1.33514404296875e-05
generate_dataloader_block spend   6.340696573257446
step  0
step  1
step  2
step  3
step  4
step  5
step  6
step  7
-----------------------------------------after optimizer zero grad
 Nvidia-smi: 23.302734375 GB
    Memory Allocated: 0.2091822624206543  GigaBytes
Max Memory Allocated: 16.296889781951904  GigaBytes

----------------------------------------------------------pseudo_mini_loss sum 3.6598541736602783
epoch time:  11.710477590560913
Epoch 6, Learning Rate: 0.001
args.num_batch (main)  8
self.num_batch (get_in_degree_bucketing) 8
---||-----||-----||-----||-----||-----||-----||-----||-----||-----||-----||-----||-----||-----||-----||-----||-----||-----||-----||-----||--
self.num_batch,  8
type of fanout_dst_nids  <class 'torch.Tensor'>
self.K  8
G_BUCKET_ID_list [[6, 14, 17], [8, 9, 23], [11, 1, 16], [4, 12, 20], [7, 2, 21], [3, 13, 18], [5, 10, 22], [15, 0, 19]]
Groups_mem_list  [[1073, 900, 827], [1048, 1042, 710], [995, 948, 855], [1081, 941, 776], [1069, 1020, 706], [1053, 919, 818], [1084, 989, 715], [849, 813, 802]]
G_BUCKET_ID_list length 8
len(g_bucket_nids_list)  8
len(local_split_batches_nid_list)  8
current group_mem  2.801062520084426
current group_mem  2.800653908121482
current group_mem  2.7994691158966747
current group_mem  2.8005230838252926
current group_mem  2.7965283360287825
current group_mem  2.79190895441721
current group_mem  2.7904251046507933
current group_mem  2.4657061515952954
batches output list generation spend  0.0004341602325439453
self.weights_list  [0.08208618774810042, 0.08008489020353855, 0.1743548014646859, 0.1075202603886036, 0.15931208145940776, 0.11846142004156542, 0.09646913933209443, 0.18171121936200393]
bkt_dst_nodes_list = self.get_in_degree_bucketing() spend:  0.014674663543701172
self.gen_batches_seeds_list(bkt_dst_nodes_list_local) spend  0.5608906745910645
num_output  90941
self.output_nids  90941
output nodes length match
global output equals  True
partition total batch output list spend :  0.853919506072998
self.buckets_partition() spend  sec:  0.5755882263183594
check connections block*********************************

the find indices time spent  0.04401683807373047

in edges time spent  0.17313647270202637
local to global src and eids time spent  0.3799922466278076
time gen tails  0.07564163208007812
res  length 8

block_gen_time in "generate_blocks_for_one_layer_block"  0.33869504928588867

----------------------------------------
check connections block*********************************

the find indices time spent  0.15157008171081543

in edges time spent  0.8466877937316895
local to global src and eids time spent  1.2894823551177979
time gen tails  0.1924266815185547
res  length 8

block_gen_time in "generate_blocks_for_one_layer_block"  1.3921194076538086

block collection to dataloader spend  1.2636184692382812e-05
generate_dataloader_block spend   6.218590021133423
step  0
step  1
step  2
step  3
step  4
step  5
step  6
step  7
-----------------------------------------after optimizer zero grad
 Nvidia-smi: 23.302734375 GB
    Memory Allocated: 0.20894765853881836  GigaBytes
Max Memory Allocated: 16.296889781951904  GigaBytes

----------------------------------------------------------pseudo_mini_loss sum 3.653132438659668
epoch time:  11.596998691558838
Epoch 7, Learning Rate: 0.001
args.num_batch (main)  8
self.num_batch (get_in_degree_bucketing) 8
---||-----||-----||-----||-----||-----||-----||-----||-----||-----||-----||-----||-----||-----||-----||-----||-----||-----||-----||-----||--
self.num_batch,  8
type of fanout_dst_nids  <class 'torch.Tensor'>
self.K  8
G_BUCKET_ID_list [[6, 14, 17], [8, 9, 23], [11, 1, 16], [4, 12, 20], [7, 2, 21], [3, 13, 18], [5, 10, 22], [15, 0, 19]]
Groups_mem_list  [[1073, 900, 827], [1048, 1042, 710], [995, 948, 855], [1081, 941, 776], [1069, 1020, 706], [1053, 919, 818], [1084, 989, 715], [849, 813, 802]]
G_BUCKET_ID_list length 8
len(g_bucket_nids_list)  8
len(local_split_batches_nid_list)  8
current group_mem  2.801062520084426
current group_mem  2.800653908121482
current group_mem  2.7994691158966747
current group_mem  2.8005230838252926
current group_mem  2.7965283360287825
current group_mem  2.79190895441721
current group_mem  2.7904251046507933
current group_mem  2.4657061515952954
batches output list generation spend  0.0004572868347167969
self.weights_list  [0.08208618774810042, 0.08008489020353855, 0.1743548014646859, 0.1075202603886036, 0.15931208145940776, 0.11846142004156542, 0.09646913933209443, 0.18171121936200393]
bkt_dst_nodes_list = self.get_in_degree_bucketing() spend:  0.014181375503540039
self.gen_batches_seeds_list(bkt_dst_nodes_list_local) spend  0.5982484817504883
num_output  90941
self.output_nids  90941
output nodes length match
global output equals  True
partition total batch output list spend :  0.8938131332397461
self.buckets_partition() spend  sec:  0.6124577522277832
check connections block*********************************

the find indices time spent  0.04305291175842285

in edges time spent  0.1747758388519287
local to global src and eids time spent  0.4176669120788574
time gen tails  0.07890176773071289
res  length 8

block_gen_time in "generate_blocks_for_one_layer_block"  0.34937334060668945

----------------------------------------
check connections block*********************************

the find indices time spent  0.15595269203186035

in edges time spent  0.9084093570709229
local to global src and eids time spent  1.3956940174102783
time gen tails  0.20262622833251953
res  length 8

block_gen_time in "generate_blocks_for_one_layer_block"  1.41546630859375

block collection to dataloader spend  2.4080276489257812e-05
generate_dataloader_block spend   6.606188774108887
step  0
step  1
step  2
step  3
step  4
step  5
step  6
step  7
-----------------------------------------after optimizer zero grad
 Nvidia-smi: 23.302734375 GB
    Memory Allocated: 0.2089405059814453  GigaBytes
Max Memory Allocated: 16.296889781951904  GigaBytes

----------------------------------------------------------pseudo_mini_loss sum 3.6455864906311035
epoch time:  11.990386724472046
Epoch 8, Learning Rate: 0.001
args.num_batch (main)  8
self.num_batch (get_in_degree_bucketing) 8
---||-----||-----||-----||-----||-----||-----||-----||-----||-----||-----||-----||-----||-----||-----||-----||-----||-----||-----||-----||--
self.num_batch,  8
type of fanout_dst_nids  <class 'torch.Tensor'>
self.K  8
G_BUCKET_ID_list [[6, 14, 17], [8, 9, 23], [11, 1, 16], [4, 12, 20], [7, 2, 21], [3, 13, 18], [5, 10, 22], [15, 0, 19]]
Groups_mem_list  [[1073, 900, 827], [1048, 1042, 710], [995, 948, 855], [1081, 941, 776], [1069, 1020, 706], [1053, 919, 818], [1084, 989, 715], [849, 813, 802]]
G_BUCKET_ID_list length 8
len(g_bucket_nids_list)  8
len(local_split_batches_nid_list)  8
current group_mem  2.801062520084426
current group_mem  2.800653908121482
current group_mem  2.7994691158966747
current group_mem  2.8005230838252926
current group_mem  2.7965283360287825
current group_mem  2.79190895441721
current group_mem  2.7904251046507933
current group_mem  2.4657061515952954
batches output list generation spend  0.0004899501800537109
self.weights_list  [0.08208618774810042, 0.08008489020353855, 0.1743548014646859, 0.1075202603886036, 0.15931208145940776, 0.11846142004156542, 0.09646913933209443, 0.18171121936200393]
bkt_dst_nodes_list = self.get_in_degree_bucketing() spend:  0.017603397369384766
self.gen_batches_seeds_list(bkt_dst_nodes_list_local) spend  0.5972318649291992
num_output  90941
self.output_nids  90941
output nodes length match
global output equals  True
partition total batch output list spend :  0.8978166580200195
self.buckets_partition() spend  sec:  0.6148619651794434
check connections block*********************************

the find indices time spent  0.045378923416137695

in edges time spent  0.17430472373962402
local to global src and eids time spent  0.38387036323547363
time gen tails  0.07697820663452148
res  length 8

block_gen_time in "generate_blocks_for_one_layer_block"  0.3397395610809326

----------------------------------------
check connections block*********************************

the find indices time spent  0.1530611515045166

in edges time spent  0.8789272308349609
local to global src and eids time spent  1.2985334396362305
time gen tails  0.1999361515045166
res  length 8

block_gen_time in "generate_blocks_for_one_layer_block"  1.4071059226989746

block collection to dataloader spend  2.4318695068359375e-05
generate_dataloader_block spend   6.372306823730469
step  0
step  1
step  2
step  3
step  4
step  5
step  6
step  7
-----------------------------------------after optimizer zero grad
 Nvidia-smi: 23.302734375 GB
    Memory Allocated: 0.2088603973388672  GigaBytes
Max Memory Allocated: 16.296889781951904  GigaBytes

----------------------------------------------------------pseudo_mini_loss sum 3.6364214420318604
epoch time:  11.854380130767822
Epoch 9, Learning Rate: 0.001
args.num_batch (main)  8
self.num_batch (get_in_degree_bucketing) 8
---||-----||-----||-----||-----||-----||-----||-----||-----||-----||-----||-----||-----||-----||-----||-----||-----||-----||-----||-----||--
self.num_batch,  8
type of fanout_dst_nids  <class 'torch.Tensor'>
self.K  8
G_BUCKET_ID_list [[6, 14, 17], [8, 9, 23], [11, 1, 16], [4, 12, 20], [7, 2, 21], [3, 13, 18], [5, 10, 22], [15, 0, 19]]
Groups_mem_list  [[1073, 900, 827], [1048, 1042, 710], [995, 948, 855], [1081, 941, 776], [1069, 1020, 706], [1053, 919, 818], [1084, 989, 715], [849, 813, 802]]
G_BUCKET_ID_list length 8
len(g_bucket_nids_list)  8
len(local_split_batches_nid_list)  8
current group_mem  2.801062520084426
current group_mem  2.800653908121482
current group_mem  2.7994691158966747
current group_mem  2.8005230838252926
current group_mem  2.7965283360287825
current group_mem  2.79190895441721
current group_mem  2.7904251046507933
current group_mem  2.4657061515952954
batches output list generation spend  0.00045013427734375
self.weights_list  [0.08208618774810042, 0.08008489020353855, 0.1743548014646859, 0.1075202603886036, 0.15931208145940776, 0.11846142004156542, 0.09646913933209443, 0.18171121936200393]
bkt_dst_nodes_list = self.get_in_degree_bucketing() spend:  0.01862502098083496
self.gen_batches_seeds_list(bkt_dst_nodes_list_local) spend  0.478348970413208
num_output  90941
self.output_nids  90941
output nodes length match
global output equals  True
partition total batch output list spend :  0.7804455757141113
self.buckets_partition() spend  sec:  0.49701404571533203
check connections block*********************************

the find indices time spent  0.04442334175109863

in edges time spent  0.17132186889648438
local to global src and eids time spent  0.38256406784057617
time gen tails  0.0762627124786377
res  length 8

block_gen_time in "generate_blocks_for_one_layer_block"  0.34220170974731445

----------------------------------------
check connections block*********************************

the find indices time spent  0.15091633796691895

in edges time spent  0.8453009128570557
local to global src and eids time spent  1.1312530040740967
time gen tails  0.19983267784118652
res  length 8

block_gen_time in "generate_blocks_for_one_layer_block"  1.4179880619049072

block collection to dataloader spend  1.6450881958007812e-05
generate_dataloader_block spend   6.0526282787323
step  0
step  1
step  2
step  3
step  4
step  5
step  6
step  7
-----------------------------------------after optimizer zero grad
 Nvidia-smi: 23.302734375 GB
    Memory Allocated: 0.20962142944335938  GigaBytes
Max Memory Allocated: 16.296889781951904  GigaBytes

----------------------------------------------------------pseudo_mini_loss sum 3.6255531311035156
epoch time:  11.490375518798828
Epoch 10, Learning Rate: 0.001
args.num_batch (main)  8
self.num_batch (get_in_degree_bucketing) 8
---||-----||-----||-----||-----||-----||-----||-----||-----||-----||-----||-----||-----||-----||-----||-----||-----||-----||-----||-----||--
self.num_batch,  8
type of fanout_dst_nids  <class 'torch.Tensor'>
self.K  8
G_BUCKET_ID_list [[6, 14, 17], [8, 9, 23], [11, 1, 16], [4, 12, 20], [7, 2, 21], [3, 13, 18], [5, 10, 22], [15, 0, 19]]
Groups_mem_list  [[1073, 900, 827], [1048, 1042, 710], [995, 948, 855], [1081, 941, 776], [1069, 1020, 706], [1053, 919, 818], [1084, 989, 715], [849, 813, 802]]
G_BUCKET_ID_list length 8
len(g_bucket_nids_list)  8
len(local_split_batches_nid_list)  8
current group_mem  2.801062520084426
current group_mem  2.800653908121482
current group_mem  2.7994691158966747
current group_mem  2.8005230838252926
current group_mem  2.7965283360287825
current group_mem  2.79190895441721
current group_mem  2.7904251046507933
current group_mem  2.4657061515952954
batches output list generation spend  0.0004477500915527344
self.weights_list  [0.08208618774810042, 0.08008489020353855, 0.1743548014646859, 0.1075202603886036, 0.15931208145940776, 0.11846142004156542, 0.09646913933209443, 0.18171121936200393]
bkt_dst_nodes_list = self.get_in_degree_bucketing() spend:  0.014411449432373047
self.gen_batches_seeds_list(bkt_dst_nodes_list_local) spend  0.5888876914978027
num_output  90941
self.output_nids  90941
output nodes length match
global output equals  True
partition total batch output list spend :  0.8864142894744873
self.buckets_partition() spend  sec:  0.6033234596252441
check connections block*********************************

the find indices time spent  0.04433894157409668

in edges time spent  0.16625070571899414
local to global src and eids time spent  0.3975038528442383
time gen tails  0.0777440071105957
res  length 8

block_gen_time in "generate_blocks_for_one_layer_block"  0.34015727043151855

----------------------------------------
check connections block*********************************

the find indices time spent  0.15272140502929688

in edges time spent  0.877683162689209
local to global src and eids time spent  1.2980589866638184
time gen tails  0.1966712474822998
res  length 8

block_gen_time in "generate_blocks_for_one_layer_block"  1.397590160369873

block collection to dataloader spend  1.430511474609375e-05
generate_dataloader_block spend   6.328790903091431
step  0
step  1
step  2
step  3
step  4
step  5
step  6
step  7
-----------------------------------------after optimizer zero grad
 Nvidia-smi: 23.302734375 GB
    Memory Allocated: 0.21082401275634766  GigaBytes
Max Memory Allocated: 16.296889781951904  GigaBytes

----------------------------------------------------------pseudo_mini_loss sum 3.61331844329834
epoch time:  11.724964141845703
Total (block generation + training)time/epoch 11.68569365143776
pure train time/epoch 2.213618278503418

num_input_list  [975682, 975972, 974803, 975700, 975474, 974969, 974566, 975439, 974851, 975765]
