main start at this time 1700889667.1018083
ogbn-arxiv
# Nodes: 169343
# Edges: 2315598
# Train: 90941
# Val: 29799
# Test: 48603
# Classes: 40

in feats:  128
self._in_src_feats,  128
self._in_dst_feats 128
Epoch 1, Learning Rate: 0.001
args.num_batch (main)  7
self.num_batch (get_in_degree_bucketing) 7
---||-----||-----||-----||-----||-----||-----||-----||-----||-----||-----||-----||-----||-----||-----||-----||-----||-----||-----||-----||--
self.num_batch,  7
type of fanout_dst_nids  <class 'torch.Tensor'>
self.K  7
G_BUCKET_ID_list [[2, 16, 22, 23], [1, 17, 18, 21], [14, 0, 19, 20], [5, 4, 6], [7, 3, 8], [9, 11, 10], [12, 13, 15]]
Groups_mem_list  [[1020, 855, 715, 710], [948, 827, 818, 706], [900, 813, 802, 776], [1084, 1081, 1073], [1069, 1053, 1048], [1042, 995, 989], [941, 919, 849]]
G_BUCKET_ID_list length 7
len(g_bucket_nids_list)  7
len(local_split_batches_nid_list)  7
current group_mem  3.3025809649746782
current group_mem  3.300134565111446
current group_mem  3.2934341451805222
current group_mem  3.2397423441640205
current group_mem  3.1715279660294464
current group_mem  3.027646800101559
current group_mem  2.7112103890582846
batches output list generation spend  0.0010247230529785156
self.weights_list  [0.1396839709262049, 0.16931856918221705, 0.19345509726086144, 0.181293366028524, 0.16626164216360056, 0.08896977161016484, 0.06101758282842722]
bkt_dst_nodes_list = self.get_in_degree_bucketing() spend:  0.014804363250732422
self.gen_batches_seeds_list(bkt_dst_nodes_list_local) spend  0.5821199417114258
num_output  90941
self.output_nids  90941
output nodes length match
global output equals  True
partition total batch output list spend :  0.8615970611572266
self.buckets_partition() spend  sec:  0.5969498157501221
check connections block*********************************

the find indices time spent  0.042352914810180664

in edges time spent  0.16228723526000977
local to global src and eids time spent  0.36283349990844727
time gen tails  0.07343912124633789
res  length 7

block_gen_time in "generate_blocks_for_one_layer_block"  0.3479623794555664

----------------------------------------
check connections block*********************************

the find indices time spent  0.14449000358581543

in edges time spent  0.7818863391876221
local to global src and eids time spent  1.2216918468475342
time gen tails  0.1785125732421875
res  length 7

block_gen_time in "generate_blocks_for_one_layer_block"  1.3097832202911377

block collection to dataloader spend  1.2636184692382812e-05
step  0
step  1
step  2
step  3
step  4
step  5
step  6
-----------------------------------------after optimizer zero grad
 Nvidia-smi: 19.099609375 GB
    Memory Allocated: 0.19109249114990234  GigaBytes
Max Memory Allocated: 17.96862268447876  GigaBytes

----------------------------------------------------------pseudo_mini_loss sum 3.6836016178131104
Epoch 2, Learning Rate: 0.001
args.num_batch (main)  7
self.num_batch (get_in_degree_bucketing) 7
---||-----||-----||-----||-----||-----||-----||-----||-----||-----||-----||-----||-----||-----||-----||-----||-----||-----||-----||-----||--
self.num_batch,  7
type of fanout_dst_nids  <class 'torch.Tensor'>
self.K  7
G_BUCKET_ID_list [[2, 16, 22, 23], [1, 17, 18, 21], [14, 0, 19, 20], [5, 4, 6], [7, 3, 8], [9, 11, 10], [12, 13, 15]]
Groups_mem_list  [[1020, 855, 715, 710], [948, 827, 818, 706], [900, 813, 802, 776], [1084, 1081, 1073], [1069, 1053, 1048], [1042, 995, 989], [941, 919, 849]]
G_BUCKET_ID_list length 7
len(g_bucket_nids_list)  7
len(local_split_batches_nid_list)  7
current group_mem  3.3025809649746782
current group_mem  3.300134565111446
current group_mem  3.2934341451805222
current group_mem  3.2397423441640205
current group_mem  3.1715279660294464
current group_mem  3.027646800101559
current group_mem  2.7112103890582846
batches output list generation spend  0.0005550384521484375
self.weights_list  [0.1396839709262049, 0.16931856918221705, 0.19345509726086144, 0.181293366028524, 0.16626164216360056, 0.08896977161016484, 0.06101758282842722]
bkt_dst_nodes_list = self.get_in_degree_bucketing() spend:  0.015610694885253906
self.gen_batches_seeds_list(bkt_dst_nodes_list_local) spend  0.5115377902984619
num_output  90941
self.output_nids  90941
output nodes length match
global output equals  True
partition total batch output list spend :  0.6852102279663086
self.buckets_partition() spend  sec:  0.5271804332733154
check connections block*********************************

the find indices time spent  0.04062461853027344

in edges time spent  0.16003966331481934
local to global src and eids time spent  0.3627622127532959
time gen tails  0.07196617126464844
res  length 7

block_gen_time in "generate_blocks_for_one_layer_block"  0.35617709159851074

----------------------------------------
check connections block*********************************

the find indices time spent  0.1482713222503662

in edges time spent  0.7807419300079346
local to global src and eids time spent  1.1758480072021484
time gen tails  0.17574858665466309
res  length 7

block_gen_time in "generate_blocks_for_one_layer_block"  1.3176710605621338

block collection to dataloader spend  1.2636184692382812e-05
step  0
step  1
step  2
step  3
step  4
step  5
step  6
-----------------------------------------after optimizer zero grad
 Nvidia-smi: 21.888671875 GB
    Memory Allocated: 0.19356489181518555  GigaBytes
Max Memory Allocated: 18.022307872772217  GigaBytes

----------------------------------------------------------pseudo_mini_loss sum 3.6776294708251953
Epoch 3, Learning Rate: 0.001
args.num_batch (main)  7
self.num_batch (get_in_degree_bucketing) 7
---||-----||-----||-----||-----||-----||-----||-----||-----||-----||-----||-----||-----||-----||-----||-----||-----||-----||-----||-----||--
self.num_batch,  7
type of fanout_dst_nids  <class 'torch.Tensor'>
self.K  7
G_BUCKET_ID_list [[2, 16, 22, 23], [1, 17, 18, 21], [14, 0, 19, 20], [5, 4, 6], [7, 3, 8], [9, 11, 10], [12, 13, 15]]
Groups_mem_list  [[1020, 855, 715, 710], [948, 827, 818, 706], [900, 813, 802, 776], [1084, 1081, 1073], [1069, 1053, 1048], [1042, 995, 989], [941, 919, 849]]
G_BUCKET_ID_list length 7
len(g_bucket_nids_list)  7
len(local_split_batches_nid_list)  7
current group_mem  3.3025809649746782
current group_mem  3.300134565111446
current group_mem  3.2934341451805222
current group_mem  3.2397423441640205
current group_mem  3.1715279660294464
current group_mem  3.027646800101559
current group_mem  2.7112103890582846
batches output list generation spend  0.00041747093200683594
self.weights_list  [0.1396839709262049, 0.16931856918221705, 0.19345509726086144, 0.181293366028524, 0.16626164216360056, 0.08896977161016484, 0.06101758282842722]
bkt_dst_nodes_list = self.get_in_degree_bucketing() spend:  0.01445627212524414
self.gen_batches_seeds_list(bkt_dst_nodes_list_local) spend  0.5994818210601807
num_output  90941
self.output_nids  90941
output nodes length match
global output equals  True
partition total batch output list spend :  0.8640003204345703
self.buckets_partition() spend  sec:  0.6139612197875977
check connections block*********************************

the find indices time spent  0.04263758659362793

in edges time spent  0.16106367111206055
local to global src and eids time spent  0.3628270626068115
time gen tails  0.07148385047912598
res  length 7

block_gen_time in "generate_blocks_for_one_layer_block"  0.3378920555114746

----------------------------------------
check connections block*********************************

the find indices time spent  0.1436607837677002

in edges time spent  0.8349580764770508
local to global src and eids time spent  1.1934278011322021
time gen tails  0.17499613761901855
res  length 7

block_gen_time in "generate_blocks_for_one_layer_block"  1.3098828792572021

block collection to dataloader spend  1.239776611328125e-05
generate_dataloader_block spend   6.179947376251221
step  0
step  1
step  2
step  3
step  4
step  5
step  6
-----------------------------------------after optimizer zero grad
 Nvidia-smi: 19.21875 GB
    Memory Allocated: 0.1938791275024414  GigaBytes
Max Memory Allocated: 18.04741668701172  GigaBytes

----------------------------------------------------------pseudo_mini_loss sum 3.6718392372131348
epoch time:  11.504396200180054
Epoch 4, Learning Rate: 0.001
args.num_batch (main)  7
self.num_batch (get_in_degree_bucketing) 7
---||-----||-----||-----||-----||-----||-----||-----||-----||-----||-----||-----||-----||-----||-----||-----||-----||-----||-----||-----||--
self.num_batch,  7
type of fanout_dst_nids  <class 'torch.Tensor'>
self.K  7
G_BUCKET_ID_list [[2, 16, 22, 23], [1, 17, 18, 21], [14, 0, 19, 20], [5, 4, 6], [7, 3, 8], [9, 11, 10], [12, 13, 15]]
Groups_mem_list  [[1020, 855, 715, 710], [948, 827, 818, 706], [900, 813, 802, 776], [1084, 1081, 1073], [1069, 1053, 1048], [1042, 995, 989], [941, 919, 849]]
G_BUCKET_ID_list length 7
len(g_bucket_nids_list)  7
len(local_split_batches_nid_list)  7
current group_mem  3.3025809649746782
current group_mem  3.300134565111446
current group_mem  3.2934341451805222
current group_mem  3.2397423441640205
current group_mem  3.1715279660294464
current group_mem  3.027646800101559
current group_mem  2.7112103890582846
batches output list generation spend  0.0004315376281738281
self.weights_list  [0.1396839709262049, 0.16931856918221705, 0.19345509726086144, 0.181293366028524, 0.16626164216360056, 0.08896977161016484, 0.06101758282842722]
bkt_dst_nodes_list = self.get_in_degree_bucketing() spend:  0.018314361572265625
self.gen_batches_seeds_list(bkt_dst_nodes_list_local) spend  0.5642104148864746
num_output  90941
self.output_nids  90941
output nodes length match
global output equals  True
partition total batch output list spend :  0.8333573341369629
self.buckets_partition() spend  sec:  0.5825490951538086
check connections block*********************************

the find indices time spent  0.044167280197143555

in edges time spent  0.17186903953552246
local to global src and eids time spent  0.37706780433654785
time gen tails  0.07342219352722168
res  length 7

block_gen_time in "generate_blocks_for_one_layer_block"  0.3352367877960205

----------------------------------------
check connections block*********************************

the find indices time spent  0.14521145820617676

in edges time spent  0.7726089954376221
local to global src and eids time spent  1.1865639686584473
time gen tails  0.17880010604858398
res  length 7

block_gen_time in "generate_blocks_for_one_layer_block"  1.2949798107147217

block collection to dataloader spend  1.1920928955078125e-05
generate_dataloader_block spend   6.105289697647095
step  0
step  1
step  2
step  3
step  4
step  5
step  6
-----------------------------------------after optimizer zero grad
 Nvidia-smi: 20.7578125 GB
    Memory Allocated: 0.19229793548583984  GigaBytes
Max Memory Allocated: 18.04741668701172  GigaBytes

----------------------------------------------------------pseudo_mini_loss sum 3.6660547256469727
epoch time:  11.11043643951416
Epoch 5, Learning Rate: 0.001
args.num_batch (main)  7
self.num_batch (get_in_degree_bucketing) 7
---||-----||-----||-----||-----||-----||-----||-----||-----||-----||-----||-----||-----||-----||-----||-----||-----||-----||-----||-----||--
self.num_batch,  7
type of fanout_dst_nids  <class 'torch.Tensor'>
self.K  7
G_BUCKET_ID_list [[2, 16, 22, 23], [1, 17, 18, 21], [14, 0, 19, 20], [5, 4, 6], [7, 3, 8], [9, 11, 10], [12, 13, 15]]
Groups_mem_list  [[1020, 855, 715, 710], [948, 827, 818, 706], [900, 813, 802, 776], [1084, 1081, 1073], [1069, 1053, 1048], [1042, 995, 989], [941, 919, 849]]
G_BUCKET_ID_list length 7
len(g_bucket_nids_list)  7
len(local_split_batches_nid_list)  7
current group_mem  3.3025809649746782
current group_mem  3.300134565111446
current group_mem  3.2934341451805222
current group_mem  3.2397423441640205
current group_mem  3.1715279660294464
current group_mem  3.027646800101559
current group_mem  2.7112103890582846
batches output list generation spend  0.0004639625549316406
self.weights_list  [0.1396839709262049, 0.16931856918221705, 0.19345509726086144, 0.181293366028524, 0.16626164216360056, 0.08896977161016484, 0.06101758282842722]
bkt_dst_nodes_list = self.get_in_degree_bucketing() spend:  0.013969659805297852
self.gen_batches_seeds_list(bkt_dst_nodes_list_local) spend  0.5645556449890137
num_output  90941
self.output_nids  90941
output nodes length match
global output equals  True
partition total batch output list spend :  0.8274412155151367
self.buckets_partition() spend  sec:  0.5785529613494873
check connections block*********************************

the find indices time spent  0.04280233383178711

in edges time spent  0.16617465019226074
local to global src and eids time spent  0.36786460876464844
time gen tails  0.0718538761138916
res  length 7

block_gen_time in "generate_blocks_for_one_layer_block"  0.3451955318450928

----------------------------------------
check connections block*********************************

the find indices time spent  0.14384818077087402

in edges time spent  0.730522632598877
local to global src and eids time spent  1.1792373657226562
time gen tails  0.18042254447937012
res  length 7

block_gen_time in "generate_blocks_for_one_layer_block"  1.2977185249328613

block collection to dataloader spend  1.4066696166992188e-05
generate_dataloader_block spend   6.053838491439819
step  0
step  1
step  2
step  3
step  4
step  5
step  6
-----------------------------------------after optimizer zero grad
 Nvidia-smi: 20.88671875 GB
    Memory Allocated: 0.19336271286010742  GigaBytes
Max Memory Allocated: 18.04741668701172  GigaBytes

----------------------------------------------------------pseudo_mini_loss sum 3.6599719524383545
epoch time:  11.038549661636353
Epoch 6, Learning Rate: 0.001
args.num_batch (main)  7
self.num_batch (get_in_degree_bucketing) 7
---||-----||-----||-----||-----||-----||-----||-----||-----||-----||-----||-----||-----||-----||-----||-----||-----||-----||-----||-----||--
self.num_batch,  7
type of fanout_dst_nids  <class 'torch.Tensor'>
self.K  7
G_BUCKET_ID_list [[2, 16, 22, 23], [1, 17, 18, 21], [14, 0, 19, 20], [5, 4, 6], [7, 3, 8], [9, 11, 10], [12, 13, 15]]
Groups_mem_list  [[1020, 855, 715, 710], [948, 827, 818, 706], [900, 813, 802, 776], [1084, 1081, 1073], [1069, 1053, 1048], [1042, 995, 989], [941, 919, 849]]
G_BUCKET_ID_list length 7
len(g_bucket_nids_list)  7
len(local_split_batches_nid_list)  7
current group_mem  3.3025809649746782
current group_mem  3.300134565111446
current group_mem  3.2934341451805222
current group_mem  3.2397423441640205
current group_mem  3.1715279660294464
current group_mem  3.027646800101559
current group_mem  2.7112103890582846
batches output list generation spend  0.0004317760467529297
self.weights_list  [0.1396839709262049, 0.16931856918221705, 0.19345509726086144, 0.181293366028524, 0.16626164216360056, 0.08896977161016484, 0.06101758282842722]
bkt_dst_nodes_list = self.get_in_degree_bucketing() spend:  0.01557016372680664
self.gen_batches_seeds_list(bkt_dst_nodes_list_local) spend  0.5738470554351807
num_output  90941
self.output_nids  90941
output nodes length match
global output equals  True
partition total batch output list spend :  0.71425461769104
self.buckets_partition() spend  sec:  0.5894432067871094
check connections block*********************************

the find indices time spent  0.04088115692138672

in edges time spent  0.16315507888793945
local to global src and eids time spent  0.36301755905151367
time gen tails  0.07172226905822754
res  length 7

block_gen_time in "generate_blocks_for_one_layer_block"  0.3346426486968994

----------------------------------------
check connections block*********************************

the find indices time spent  0.14545941352844238

in edges time spent  0.7503201961517334
local to global src and eids time spent  1.1646177768707275
time gen tails  0.1784512996673584
res  length 7

block_gen_time in "generate_blocks_for_one_layer_block"  1.3049557209014893

block collection to dataloader spend  1.1920928955078125e-05
generate_dataloader_block spend   5.917134761810303
step  0
step  1
step  2
step  3
step  4
step  5
step  6
-----------------------------------------after optimizer zero grad
 Nvidia-smi: 20.88671875 GB
    Memory Allocated: 0.1928424835205078  GigaBytes
Max Memory Allocated: 18.04741668701172  GigaBytes

----------------------------------------------------------pseudo_mini_loss sum 3.6533608436584473
epoch time:  10.901849031448364
Epoch 7, Learning Rate: 0.001
args.num_batch (main)  7
self.num_batch (get_in_degree_bucketing) 7
---||-----||-----||-----||-----||-----||-----||-----||-----||-----||-----||-----||-----||-----||-----||-----||-----||-----||-----||-----||--
self.num_batch,  7
type of fanout_dst_nids  <class 'torch.Tensor'>
self.K  7
G_BUCKET_ID_list [[2, 16, 22, 23], [1, 17, 18, 21], [14, 0, 19, 20], [5, 4, 6], [7, 3, 8], [9, 11, 10], [12, 13, 15]]
Groups_mem_list  [[1020, 855, 715, 710], [948, 827, 818, 706], [900, 813, 802, 776], [1084, 1081, 1073], [1069, 1053, 1048], [1042, 995, 989], [941, 919, 849]]
G_BUCKET_ID_list length 7
len(g_bucket_nids_list)  7
len(local_split_batches_nid_list)  7
current group_mem  3.3025809649746782
current group_mem  3.300134565111446
current group_mem  3.2934341451805222
current group_mem  3.2397423441640205
current group_mem  3.1715279660294464
current group_mem  3.027646800101559
current group_mem  2.7112103890582846
batches output list generation spend  0.0004794597625732422
self.weights_list  [0.1396839709262049, 0.16931856918221705, 0.19345509726086144, 0.181293366028524, 0.16626164216360056, 0.08896977161016484, 0.06101758282842722]
bkt_dst_nodes_list = self.get_in_degree_bucketing() spend:  0.014393329620361328
self.gen_batches_seeds_list(bkt_dst_nodes_list_local) spend  0.5757343769073486
num_output  90941
self.output_nids  90941
output nodes length match
global output equals  True
partition total batch output list spend :  0.8386621475219727
self.buckets_partition() spend  sec:  0.590153694152832
check connections block*********************************

the find indices time spent  0.04610562324523926

in edges time spent  0.17634129524230957
local to global src and eids time spent  0.3692653179168701
time gen tails  0.07376432418823242
res  length 7

block_gen_time in "generate_blocks_for_one_layer_block"  0.33441877365112305

----------------------------------------
check connections block*********************************

the find indices time spent  0.14688944816589355

in edges time spent  0.8018331527709961
local to global src and eids time spent  1.1831865310668945
time gen tails  0.1770641803741455
res  length 7

block_gen_time in "generate_blocks_for_one_layer_block"  1.298473834991455

block collection to dataloader spend  1.1920928955078125e-05
generate_dataloader_block spend   6.129319190979004
step  0
step  1
step  2
step  3
step  4
step  5
step  6
-----------------------------------------after optimizer zero grad
 Nvidia-smi: 20.88671875 GB
    Memory Allocated: 0.19241952896118164  GigaBytes
Max Memory Allocated: 18.04741668701172  GigaBytes

----------------------------------------------------------pseudo_mini_loss sum 3.645756244659424
epoch time:  11.162609100341797
Epoch 8, Learning Rate: 0.001
args.num_batch (main)  7
self.num_batch (get_in_degree_bucketing) 7
---||-----||-----||-----||-----||-----||-----||-----||-----||-----||-----||-----||-----||-----||-----||-----||-----||-----||-----||-----||--
self.num_batch,  7
type of fanout_dst_nids  <class 'torch.Tensor'>
self.K  7
G_BUCKET_ID_list [[2, 16, 22, 23], [1, 17, 18, 21], [14, 0, 19, 20], [5, 4, 6], [7, 3, 8], [9, 11, 10], [12, 13, 15]]
Groups_mem_list  [[1020, 855, 715, 710], [948, 827, 818, 706], [900, 813, 802, 776], [1084, 1081, 1073], [1069, 1053, 1048], [1042, 995, 989], [941, 919, 849]]
G_BUCKET_ID_list length 7
len(g_bucket_nids_list)  7
len(local_split_batches_nid_list)  7
current group_mem  3.3025809649746782
current group_mem  3.300134565111446
current group_mem  3.2934341451805222
current group_mem  3.2397423441640205
current group_mem  3.1715279660294464
current group_mem  3.027646800101559
current group_mem  2.7112103890582846
batches output list generation spend  0.00043392181396484375
self.weights_list  [0.1396839709262049, 0.16931856918221705, 0.19345509726086144, 0.181293366028524, 0.16626164216360056, 0.08896977161016484, 0.06101758282842722]
bkt_dst_nodes_list = self.get_in_degree_bucketing() spend:  0.01546335220336914
self.gen_batches_seeds_list(bkt_dst_nodes_list_local) spend  0.5657627582550049
num_output  90941
self.output_nids  90941
output nodes length match
global output equals  True
partition total batch output list spend :  0.8319165706634521
self.buckets_partition() spend  sec:  0.5812540054321289
check connections block*********************************

the find indices time spent  0.042963504791259766

in edges time spent  0.17315030097961426
local to global src and eids time spent  0.366762638092041
time gen tails  0.07201528549194336
res  length 7

block_gen_time in "generate_blocks_for_one_layer_block"  0.34731030464172363

----------------------------------------
check connections block*********************************

the find indices time spent  0.14545726776123047

in edges time spent  0.741675615310669
local to global src and eids time spent  1.1894605159759521
time gen tails  0.1802535057067871
res  length 7

block_gen_time in "generate_blocks_for_one_layer_block"  1.2941572666168213

block collection to dataloader spend  1.3589859008789062e-05
generate_dataloader_block spend   6.081697225570679
step  0
step  1
step  2
step  3
step  4
step  5
step  6
-----------------------------------------after optimizer zero grad
 Nvidia-smi: 20.88671875 GB
    Memory Allocated: 0.1970968246459961  GigaBytes
Max Memory Allocated: 18.04741668701172  GigaBytes

----------------------------------------------------------pseudo_mini_loss sum 3.6369738578796387
epoch time:  11.131153345108032
Epoch 9, Learning Rate: 0.001
args.num_batch (main)  7
self.num_batch (get_in_degree_bucketing) 7
---||-----||-----||-----||-----||-----||-----||-----||-----||-----||-----||-----||-----||-----||-----||-----||-----||-----||-----||-----||--
self.num_batch,  7
type of fanout_dst_nids  <class 'torch.Tensor'>
self.K  7
G_BUCKET_ID_list [[2, 16, 22, 23], [1, 17, 18, 21], [14, 0, 19, 20], [5, 4, 6], [7, 3, 8], [9, 11, 10], [12, 13, 15]]
Groups_mem_list  [[1020, 855, 715, 710], [948, 827, 818, 706], [900, 813, 802, 776], [1084, 1081, 1073], [1069, 1053, 1048], [1042, 995, 989], [941, 919, 849]]
G_BUCKET_ID_list length 7
len(g_bucket_nids_list)  7
len(local_split_batches_nid_list)  7
current group_mem  3.3025809649746782
current group_mem  3.300134565111446
current group_mem  3.2934341451805222
current group_mem  3.2397423441640205
current group_mem  3.1715279660294464
current group_mem  3.027646800101559
current group_mem  2.7112103890582846
batches output list generation spend  0.0004608631134033203
self.weights_list  [0.1396839709262049, 0.16931856918221705, 0.19345509726086144, 0.181293366028524, 0.16626164216360056, 0.08896977161016484, 0.06101758282842722]
bkt_dst_nodes_list = self.get_in_degree_bucketing() spend:  0.01602792739868164
self.gen_batches_seeds_list(bkt_dst_nodes_list_local) spend  0.5989744663238525
num_output  90941
self.output_nids  90941
output nodes length match
global output equals  True
partition total batch output list spend :  0.8653404712677002
self.buckets_partition() spend  sec:  0.6150295734405518
check connections block*********************************

the find indices time spent  0.043915748596191406

in edges time spent  0.17586135864257812
local to global src and eids time spent  0.26575279235839844
time gen tails  0.05296659469604492
res  length 7

block_gen_time in "generate_blocks_for_one_layer_block"  0.33369922637939453

----------------------------------------
check connections block*********************************

the find indices time spent  0.14487099647521973

in edges time spent  0.8329615592956543
local to global src and eids time spent  1.197620153427124
time gen tails  0.18087267875671387
res  length 7

block_gen_time in "generate_blocks_for_one_layer_block"  1.3006525039672852

block collection to dataloader spend  1.3828277587890625e-05
generate_dataloader_block spend   6.102384567260742
step  0
step  1
step  2
step  3
step  4
step  5
step  6
-----------------------------------------after optimizer zero grad
 Nvidia-smi: 21.015625 GB
    Memory Allocated: 0.19305801391601562  GigaBytes
Max Memory Allocated: 18.04741668701172  GigaBytes

----------------------------------------------------------pseudo_mini_loss sum 3.6263036727905273
epoch time:  11.133153915405273
Epoch 10, Learning Rate: 0.001
args.num_batch (main)  7
self.num_batch (get_in_degree_bucketing) 7
---||-----||-----||-----||-----||-----||-----||-----||-----||-----||-----||-----||-----||-----||-----||-----||-----||-----||-----||-----||--
self.num_batch,  7
type of fanout_dst_nids  <class 'torch.Tensor'>
self.K  7
G_BUCKET_ID_list [[2, 16, 22, 23], [1, 17, 18, 21], [14, 0, 19, 20], [5, 4, 6], [7, 3, 8], [9, 11, 10], [12, 13, 15]]
Groups_mem_list  [[1020, 855, 715, 710], [948, 827, 818, 706], [900, 813, 802, 776], [1084, 1081, 1073], [1069, 1053, 1048], [1042, 995, 989], [941, 919, 849]]
G_BUCKET_ID_list length 7
len(g_bucket_nids_list)  7
len(local_split_batches_nid_list)  7
current group_mem  3.3025809649746782
current group_mem  3.300134565111446
current group_mem  3.2934341451805222
current group_mem  3.2397423441640205
current group_mem  3.1715279660294464
current group_mem  3.027646800101559
current group_mem  2.7112103890582846
batches output list generation spend  0.00043487548828125
self.weights_list  [0.1396839709262049, 0.16931856918221705, 0.19345509726086144, 0.181293366028524, 0.16626164216360056, 0.08896977161016484, 0.06101758282842722]
bkt_dst_nodes_list = self.get_in_degree_bucketing() spend:  0.014453887939453125
self.gen_batches_seeds_list(bkt_dst_nodes_list_local) spend  0.48212599754333496
num_output  90941
self.output_nids  90941
output nodes length match
global output equals  True
partition total batch output list spend :  0.7476217746734619
self.buckets_partition() spend  sec:  0.49660658836364746
check connections block*********************************

the find indices time spent  0.044020652770996094

in edges time spent  0.17077088356018066
local to global src and eids time spent  0.36390209197998047
time gen tails  0.07186388969421387
res  length 7

block_gen_time in "generate_blocks_for_one_layer_block"  0.33507585525512695

----------------------------------------
check connections block*********************************

the find indices time spent  0.14487695693969727

in edges time spent  0.7790157794952393
local to global src and eids time spent  1.1739869117736816
time gen tails  0.17719006538391113
res  length 7

block_gen_time in "generate_blocks_for_one_layer_block"  1.3089148998260498

block collection to dataloader spend  1.2636184692382812e-05
generate_dataloader_block spend   5.774658679962158
step  0
step  1
step  2
step  3
step  4
step  5
step  6
-----------------------------------------after optimizer zero grad
 Nvidia-smi: 21.080078125 GB
    Memory Allocated: 0.19379901885986328  GigaBytes
Max Memory Allocated: 18.04741668701172  GigaBytes

----------------------------------------------------------pseudo_mini_loss sum 3.613649606704712
epoch time:  10.809325218200684
Total (block generation + training)time/epoch 11.098933279514313
pure train time/epoch 2.056076685587565

num_input_list  [874690, 875140, 874070, 874644, 874671, 874590, 874209, 874980, 874253, 874786]
